[0.036s] Invoking command in '/home/ineogi2/ros2_ws/build/micro_ros_msgs': CMAKE_PREFIX_PATH=/opt/ros/foxy /usr/bin/cmake /home/ineogi2/ros2_ws/microros_ws/src/uros/micro_ros_msgs -DCMAKE_INSTALL_PREFIX=/home/ineogi2/ros2_ws/install/micro_ros_msgs
[0.348s] -- The C compiler identification is GNU 9.3.0
[0.348s] -- The CXX compiler identification is GNU 9.3.0
[0.349s] -- Check for working C compiler: /usr/bin/cc
[0.351s] -- Check for working C compiler: /usr/bin/cc -- works
[0.351s] -- Detecting C compiler ABI info
[0.376s] -- Detecting C compiler ABI info - done
[0.391s] -- Detecting C compile features
[0.391s] -- Detecting C compile features - done
[0.395s] -- Check for working CXX compiler: /usr/bin/c++
[0.481s] -- Check for working CXX compiler: /usr/bin/c++ -- works
[0.483s] -- Detecting CXX compiler ABI info
[0.569s] -- Detecting CXX compiler ABI info - done
[0.584s] -- Detecting CXX compile features
[0.584s] -- Detecting CXX compile features - done
[0.587s] -- Found ament_cmake: 0.9.9 (/opt/ros/foxy/share/ament_cmake/cmake)
[0.614s] -- Found PythonInterp: /usr/bin/python3 (found suitable version "3.8.10", minimum required is "3") 
[0.614s] -- Using PYTHON_EXECUTABLE: /usr/bin/python3
[0.849s] -- Found rosidl_default_generators: 1.0.1 (/opt/ros/foxy/share/rosidl_default_generators/cmake)
[0.852s] -- Using all available rosidl_typesupport_c: rosidl_typesupport_fastrtps_c;rosidl_typesupport_introspection_c
[0.860s] -- Found rosidl_adapter: 1.2.1 (/opt/ros/foxy/share/rosidl_adapter/cmake)
[0.958s] -- Found OpenSSL: /usr/lib/x86_64-linux-gnu/libcrypto.so (found version "1.1.1f")  
[0.990s] -- Found FastRTPS: /opt/ros/foxy/include  
[1.083s] -- Using all available rosidl_typesupport_cpp: rosidl_typesupport_fastrtps_cpp;rosidl_typesupport_introspection_cpp
[1.116s] -- Found ament_lint_auto: 0.9.6 (/opt/ros/foxy/share/ament_lint_auto/cmake)
[1.222s] -- Found PythonInterp: /usr/bin/python3 (found version "3.8.10") 
[1.307s] -- Found ament_cmake_ros: 0.9.2 (/opt/ros/foxy/share/ament_cmake_ros/cmake)
[1.418s] -- Using all available rosidl_typesupport_c: rosidl_typesupport_fastrtps_c;rosidl_typesupport_introspection_c
[1.427s] -- Using all available rosidl_typesupport_cpp: rosidl_typesupport_fastrtps_cpp;rosidl_typesupport_introspection_cpp
[1.454s] -- Found PythonInterp: /usr/bin/python3 (found suitable version "3.8.10", minimum required is "3.5") 
[1.456s] -- Found python_cmake_module: 0.8.1 (/opt/ros/foxy/share/python_cmake_module/cmake)
[1.487s] -- Found PythonLibs: /usr/lib/x86_64-linux-gnu/libpython3.8.so (found suitable version "3.8.10", minimum required is "3.5") 
[1.487s] -- Using PYTHON_EXECUTABLE: /usr/bin/python3
[1.487s] -- Using PYTHON_INCLUDE_DIRS: /usr/include/python3.8
[1.487s] -- Using PYTHON_LIBRARIES: /usr/lib/x86_64-linux-gnu/libpython3.8.so
[1.512s] -- Found PythonExtra: .so  
[1.561s] -- Added test 'copyright' to check source files copyright and LICENSE
[1.572s] -- Added test 'lint_cmake' to check CMake code style
[1.578s] -- Added test 'xmllint' to check XML markup files
[1.587s] -- Configuring done
[1.622s] -- Generating done
[1.625s] -- Build files have been written to: /home/ineogi2/ros2_ws/build/micro_ros_msgs
[1.633s] Invoked command in '/home/ineogi2/ros2_ws/build/micro_ros_msgs' returned '0': CMAKE_PREFIX_PATH=/opt/ros/foxy /usr/bin/cmake /home/ineogi2/ros2_ws/microros_ws/src/uros/micro_ros_msgs -DCMAKE_INSTALL_PREFIX=/home/ineogi2/ros2_ws/install/micro_ros_msgs
[1.636s] Invoking command in '/home/ineogi2/ros2_ws/build/micro_ros_msgs': CMAKE_PREFIX_PATH=/opt/ros/foxy /usr/bin/cmake --build /home/ineogi2/ros2_ws/build/micro_ros_msgs -- -j12 -l12
[1.678s] [  2%] [34m[1mGenerating C code for ROS interfaces[0m
[1.679s] [35m[1mScanning dependencies of target micro_ros_msgs__cpp[0m
[1.690s] [  4%] [34m[1mGenerating C++ code for ROS interfaces[0m
[2.103s] [  4%] Built target micro_ros_msgs__cpp
[2.110s] [35m[1mScanning dependencies of target micro_ros_msgs__rosidl_generator_c[0m
[2.114s] [  8%] [34m[1mGenerating C++ type support for eProsima Fast-RTPS[0m
[2.114s] [ 10%] [34m[1mGenerating C++ type support dispatch for ROS interfaces[0m
[2.114s] [ 10%] [34m[1mGenerating C++ introspection for ROS interfaces[0m
[2.124s] [ 12%] [32mBuilding C object CMakeFiles/micro_ros_msgs__rosidl_generator_c.dir/rosidl_generator_c/micro_ros_msgs/msg/detail/entity__functions.c.o[0m
[2.128s] [ 17%] [32mBuilding C object CMakeFiles/micro_ros_msgs__rosidl_generator_c.dir/rosidl_generator_c/micro_ros_msgs/msg/detail/node__functions.c.o[0m
[2.128s] [ 17%] [32mBuilding C object CMakeFiles/micro_ros_msgs__rosidl_generator_c.dir/rosidl_generator_c/micro_ros_msgs/msg/detail/graph__functions.c.o[0m
[2.189s] [ 19%] [32m[1mLinking C shared library libmicro_ros_msgs__rosidl_generator_c.so[0m
[2.226s] [ 19%] Built target micro_ros_msgs__rosidl_generator_c
[2.237s] [ 21%] [34m[1mGenerating C type support dispatch for ROS interfaces[0m
[2.242s] [ 23%] [34m[1mGenerating C introspection for ROS interfaces[0m
[2.445s] [35m[1mScanning dependencies of target micro_ros_msgs__rosidl_typesupport_cpp[0m
[2.461s] [ 25%] [32mBuilding CXX object CMakeFiles/micro_ros_msgs__rosidl_typesupport_cpp.dir/rosidl_typesupport_cpp/micro_ros_msgs/msg/node__type_support.cpp.o[0m
[2.462s] [ 27%] [32mBuilding CXX object CMakeFiles/micro_ros_msgs__rosidl_typesupport_cpp.dir/rosidl_typesupport_cpp/micro_ros_msgs/msg/graph__type_support.cpp.o[0m
[2.463s] [ 29%] [32mBuilding CXX object CMakeFiles/micro_ros_msgs__rosidl_typesupport_cpp.dir/rosidl_typesupport_cpp/micro_ros_msgs/msg/entity__type_support.cpp.o[0m
[2.486s] [35m[1mScanning dependencies of target micro_ros_msgs__rosidl_typesupport_introspection_cpp[0m
[2.510s] [ 31%] [32mBuilding CXX object CMakeFiles/micro_ros_msgs__rosidl_typesupport_introspection_cpp.dir/rosidl_typesupport_introspection_cpp/micro_ros_msgs/msg/detail/graph__type_support.cpp.o[0m
[2.514s] [ 36%] [32mBuilding CXX object CMakeFiles/micro_ros_msgs__rosidl_typesupport_introspection_cpp.dir/rosidl_typesupport_introspection_cpp/micro_ros_msgs/msg/detail/node__type_support.cpp.o[0m
[2.514s] [ 36%] [32mBuilding CXX object CMakeFiles/micro_ros_msgs__rosidl_typesupport_introspection_cpp.dir/rosidl_typesupport_introspection_cpp/micro_ros_msgs/msg/detail/entity__type_support.cpp.o[0m
[2.514s] [35m[1mScanning dependencies of target micro_ros_msgs__rosidl_typesupport_fastrtps_cpp[0m
[2.535s] [ 38%] [32mBuilding CXX object CMakeFiles/micro_ros_msgs__rosidl_typesupport_fastrtps_cpp.dir/rosidl_typesupport_fastrtps_cpp/micro_ros_msgs/msg/detail/dds_fastrtps/graph__type_support.cpp.o[0m
[2.546s] [ 40%] [32mBuilding CXX object CMakeFiles/micro_ros_msgs__rosidl_typesupport_fastrtps_cpp.dir/rosidl_typesupport_fastrtps_cpp/micro_ros_msgs/msg/detail/dds_fastrtps/node__type_support.cpp.o[0m
[2.561s] [ 42%] [32mBuilding CXX object CMakeFiles/micro_ros_msgs__rosidl_typesupport_fastrtps_cpp.dir/rosidl_typesupport_fastrtps_cpp/micro_ros_msgs/msg/detail/dds_fastrtps/entity__type_support.cpp.o[0m
[2.859s] [35m[1mScanning dependencies of target micro_ros_msgs__rosidl_typesupport_c[0m
[2.926s] [ 44%] [32mBuilding CXX object CMakeFiles/micro_ros_msgs__rosidl_typesupport_c.dir/rosidl_typesupport_c/micro_ros_msgs/msg/graph__type_support.cpp.o[0m
[2.939s] [ 46%] [32mBuilding CXX object CMakeFiles/micro_ros_msgs__rosidl_typesupport_c.dir/rosidl_typesupport_c/micro_ros_msgs/msg/node__type_support.cpp.o[0m
[3.020s] [ 48%] [32mBuilding CXX object CMakeFiles/micro_ros_msgs__rosidl_typesupport_c.dir/rosidl_typesupport_c/micro_ros_msgs/msg/entity__type_support.cpp.o[0m
[3.066s] [35m[1mScanning dependencies of target micro_ros_msgs__rosidl_typesupport_introspection_c[0m
[3.082s] [ 51%] [32m[1mLinking CXX shared library libmicro_ros_msgs__rosidl_typesupport_cpp.so[0m
[3.094s] [ 53%] [32mBuilding C object CMakeFiles/micro_ros_msgs__rosidl_typesupport_introspection_c.dir/rosidl_typesupport_introspection_c/micro_ros_msgs/msg/detail/node__type_support.c.o[0m
[3.095s] [ 55%] [32mBuilding C object CMakeFiles/micro_ros_msgs__rosidl_typesupport_introspection_c.dir/rosidl_typesupport_introspection_c/micro_ros_msgs/msg/detail/graph__type_support.c.o[0m
[3.099s] [ 57%] [32m[1mLinking CXX shared library libmicro_ros_msgs__rosidl_typesupport_c.so[0m
[3.108s] [ 59%] [32mBuilding C object CMakeFiles/micro_ros_msgs__rosidl_typesupport_introspection_c.dir/rosidl_typesupport_introspection_c/micro_ros_msgs/msg/detail/entity__type_support.c.o[0m
[3.167s] [ 59%] Built target micro_ros_msgs__rosidl_typesupport_cpp
[3.179s] [ 59%] Built target micro_ros_msgs__rosidl_typesupport_c
[3.201s] [ 61%] [32m[1mLinking C shared library libmicro_ros_msgs__rosidl_typesupport_introspection_c.so[0m
[3.258s] [ 61%] Built target micro_ros_msgs__rosidl_typesupport_introspection_c
[3.305s] [ 63%] [32m[1mLinking CXX shared library libmicro_ros_msgs__rosidl_typesupport_introspection_cpp.so[0m
[3.398s] [ 63%] Built target micro_ros_msgs__rosidl_typesupport_introspection_cpp
[3.526s] [ 65%] [32m[1mLinking CXX shared library libmicro_ros_msgs__rosidl_typesupport_fastrtps_cpp.so[0m
[3.624s] [ 65%] Built target micro_ros_msgs__rosidl_typesupport_fastrtps_cpp
[3.634s] [ 68%] [34m[1mGenerating C type support for eProsima Fast-RTPS[0m
[4.187s] [35m[1mScanning dependencies of target micro_ros_msgs__rosidl_typesupport_fastrtps_c[0m
[4.220s] [ 70%] [32mBuilding CXX object CMakeFiles/micro_ros_msgs__rosidl_typesupport_fastrtps_c.dir/rosidl_typesupport_fastrtps_c/micro_ros_msgs/msg/detail/graph__type_support_c.cpp.o[0m
[4.243s] [ 72%] [32mBuilding CXX object CMakeFiles/micro_ros_msgs__rosidl_typesupport_fastrtps_c.dir/rosidl_typesupport_fastrtps_c/micro_ros_msgs/msg/detail/node__type_support_c.cpp.o[0m
[4.275s] [ 74%] [32mBuilding CXX object CMakeFiles/micro_ros_msgs__rosidl_typesupport_fastrtps_c.dir/rosidl_typesupport_fastrtps_c/micro_ros_msgs/msg/detail/entity__type_support_c.cpp.o[0m
[5.017s] [ 76%] [32m[1mLinking CXX shared library libmicro_ros_msgs__rosidl_typesupport_fastrtps_c.so[0m
[5.106s] [ 76%] Built target micro_ros_msgs__rosidl_typesupport_fastrtps_c
[5.117s] [35m[1mScanning dependencies of target micro_ros_msgs[0m
[5.128s] [ 76%] Built target micro_ros_msgs
[5.139s] [35m[1mScanning dependencies of target micro_ros_msgs__py[0m
[5.150s] [ 78%] [34m[1mGenerating Python code for ROS interfaces[0m
[5.850s] [ 78%] Built target micro_ros_msgs__py
[5.860s] [35m[1mScanning dependencies of target micro_ros_msgs__python[0m
[5.884s] [ 85%] [32mBuilding C object CMakeFiles/micro_ros_msgs__python.dir/rosidl_generator_py/micro_ros_msgs/msg/_graph_s.c.o[0m
[5.884s] [ 85%] [32mBuilding C object CMakeFiles/micro_ros_msgs__python.dir/rosidl_generator_py/micro_ros_msgs/msg/_node_s.c.o[0m
[5.884s] [ 85%] [32mBuilding C object CMakeFiles/micro_ros_msgs__python.dir/rosidl_generator_py/micro_ros_msgs/msg/_entity_s.c.o[0m
[5.992s] [ 87%] [32m[1mLinking C shared library rosidl_generator_py/micro_ros_msgs/libmicro_ros_msgs__python.so[0m
[6.035s] [ 87%] Built target micro_ros_msgs__python
[6.046s] [35m[1mScanning dependencies of target micro_ros_msgs__rosidl_typesupport_c__pyext[0m
[6.046s] [35m[1mScanning dependencies of target micro_ros_msgs__rosidl_typesupport_fastrtps_c__pyext[0m
[6.049s] [35m[1mScanning dependencies of target micro_ros_msgs__rosidl_typesupport_introspection_c__pyext[0m
[6.067s] [ 89%] [32mBuilding C object CMakeFiles/micro_ros_msgs__rosidl_typesupport_fastrtps_c__pyext.dir/rosidl_generator_py/micro_ros_msgs/_micro_ros_msgs_s.ep.rosidl_typesupport_fastrtps_c.c.o[0m
[6.068s] [ 91%] [32mBuilding C object CMakeFiles/micro_ros_msgs__rosidl_typesupport_c__pyext.dir/rosidl_generator_py/micro_ros_msgs/_micro_ros_msgs_s.ep.rosidl_typesupport_c.c.o[0m
[6.077s] [ 93%] [32mBuilding C object CMakeFiles/micro_ros_msgs__rosidl_typesupport_introspection_c__pyext.dir/rosidl_generator_py/micro_ros_msgs/_micro_ros_msgs_s.ep.rosidl_typesupport_introspection_c.c.o[0m
[6.164s] [ 95%] [32m[1mLinking C shared library rosidl_generator_py/micro_ros_msgs/micro_ros_msgs_s__rosidl_typesupport_c.cpython-38-x86_64-linux-gnu.so[0m
[6.167s] [ 97%] [32m[1mLinking CXX shared library rosidl_generator_py/micro_ros_msgs/micro_ros_msgs_s__rosidl_typesupport_fastrtps_c.cpython-38-x86_64-linux-gnu.so[0m
[6.201s] [ 97%] Built target micro_ros_msgs__rosidl_typesupport_c__pyext
[6.237s] [100%] [32m[1mLinking C shared library rosidl_generator_py/micro_ros_msgs/micro_ros_msgs_s__rosidl_typesupport_introspection_c.cpython-38-x86_64-linux-gnu.so[0m
[6.239s] [100%] Built target micro_ros_msgs__rosidl_typesupport_fastrtps_c__pyext
[6.274s] [100%] Built target micro_ros_msgs__rosidl_typesupport_introspection_c__pyext
[6.288s] Invoked command in '/home/ineogi2/ros2_ws/build/micro_ros_msgs' returned '0': CMAKE_PREFIX_PATH=/opt/ros/foxy /usr/bin/cmake --build /home/ineogi2/ros2_ws/build/micro_ros_msgs -- -j12 -l12
[6.365s] Invoking command in '/home/ineogi2/ros2_ws/build/micro_ros_msgs': CMAKE_PREFIX_PATH=/opt/ros/foxy /usr/bin/cmake --install /home/ineogi2/ros2_ws/build/micro_ros_msgs
[6.375s] -- Install configuration: ""
[6.375s] -- Installing: /home/ineogi2/ros2_ws/install/micro_ros_msgs/share/ament_index/resource_index/rosidl_interfaces/micro_ros_msgs
[6.376s] -- Installing: /home/ineogi2/ros2_ws/install/micro_ros_msgs/include/micro_ros_msgs
[6.376s] -- Installing: /home/ineogi2/ros2_ws/install/micro_ros_msgs/include/micro_ros_msgs/msg
[6.376s] -- Installing: /home/ineogi2/ros2_ws/install/micro_ros_msgs/include/micro_ros_msgs/msg/detail
[6.376s] -- Installing: /home/ineogi2/ros2_ws/install/micro_ros_msgs/include/micro_ros_msgs/msg/detail/node__functions.h
[6.376s] -- Installing: /home/ineogi2/ros2_ws/install/micro_ros_msgs/include/micro_ros_msgs/msg/detail/graph__functions.c
[6.376s] -- Installing: /home/ineogi2/ros2_ws/install/micro_ros_msgs/include/micro_ros_msgs/msg/detail/entity__functions.c
[6.376s] -- Installing: /home/ineogi2/ros2_ws/install/micro_ros_msgs/include/micro_ros_msgs/msg/detail/graph__type_support.h
[6.377s] -- Installing: /home/ineogi2/ros2_ws/install/micro_ros_msgs/include/micro_ros_msgs/msg/detail/entity__functions.h
[6.377s] -- Installing: /home/ineogi2/ros2_ws/install/micro_ros_msgs/include/micro_ros_msgs/msg/detail/node__type_support.h
[6.377s] -- Installing: /home/ineogi2/ros2_ws/install/micro_ros_msgs/include/micro_ros_msgs/msg/detail/graph__struct.h
[6.377s] -- Installing: /home/ineogi2/ros2_ws/install/micro_ros_msgs/include/micro_ros_msgs/msg/detail/graph__functions.h
[6.377s] -- Installing: /home/ineogi2/ros2_ws/install/micro_ros_msgs/include/micro_ros_msgs/msg/detail/node__struct.h
[6.377s] -- Installing: /home/ineogi2/ros2_ws/install/micro_ros_msgs/include/micro_ros_msgs/msg/detail/node__functions.c
[6.377s] -- Installing: /home/ineogi2/ros2_ws/install/micro_ros_msgs/include/micro_ros_msgs/msg/detail/entity__type_support.h
[6.377s] -- Installing: /home/ineogi2/ros2_ws/install/micro_ros_msgs/include/micro_ros_msgs/msg/detail/entity__struct.h
[6.377s] -- Installing: /home/ineogi2/ros2_ws/install/micro_ros_msgs/include/micro_ros_msgs/msg/entity.h
[6.378s] -- Installing: /home/ineogi2/ros2_ws/install/micro_ros_msgs/include/micro_ros_msgs/msg/node.h
[6.378s] -- Installing: /home/ineogi2/ros2_ws/install/micro_ros_msgs/include/micro_ros_msgs/msg/rosidl_generator_c__visibility_control.h
[6.378s] -- Installing: /home/ineogi2/ros2_ws/install/micro_ros_msgs/include/micro_ros_msgs/msg/graph.h
[6.378s] -- Installing: /home/ineogi2/ros2_ws/install/micro_ros_msgs/share/micro_ros_msgs/environment/library_path.sh
[6.378s] -- Installing: /home/ineogi2/ros2_ws/install/micro_ros_msgs/share/micro_ros_msgs/environment/library_path.dsv
[6.378s] -- Installing: /home/ineogi2/ros2_ws/install/micro_ros_msgs/lib/libmicro_ros_msgs__rosidl_generator_c.so
[6.378s] -- Set runtime path of "/home/ineogi2/ros2_ws/install/micro_ros_msgs/lib/libmicro_ros_msgs__rosidl_generator_c.so" to ""
[6.378s] -- Up-to-date: /home/ineogi2/ros2_ws/install/micro_ros_msgs/include/micro_ros_msgs
[6.378s] -- Up-to-date: /home/ineogi2/ros2_ws/install/micro_ros_msgs/include/micro_ros_msgs/msg
[6.379s] -- Installing: /home/ineogi2/ros2_ws/install/micro_ros_msgs/include/micro_ros_msgs/msg/rosidl_typesupport_fastrtps_c__visibility_control.h
[6.379s] -- Up-to-date: /home/ineogi2/ros2_ws/install/micro_ros_msgs/include/micro_ros_msgs/msg/detail
[6.379s] -- Installing: /home/ineogi2/ros2_ws/install/micro_ros_msgs/include/micro_ros_msgs/msg/detail/entity__rosidl_typesupport_fastrtps_c.h
[6.379s] -- Installing: /home/ineogi2/ros2_ws/install/micro_ros_msgs/include/micro_ros_msgs/msg/detail/node__rosidl_typesupport_fastrtps_c.h
[6.379s] -- Installing: /home/ineogi2/ros2_ws/install/micro_ros_msgs/include/micro_ros_msgs/msg/detail/graph__rosidl_typesupport_fastrtps_c.h
[6.379s] -- Installing: /home/ineogi2/ros2_ws/install/micro_ros_msgs/lib/libmicro_ros_msgs__rosidl_typesupport_fastrtps_c.so
[6.379s] -- Set runtime path of "/home/ineogi2/ros2_ws/install/micro_ros_msgs/lib/libmicro_ros_msgs__rosidl_typesupport_fastrtps_c.so" to ""
[6.379s] -- Up-to-date: /home/ineogi2/ros2_ws/install/micro_ros_msgs/include/micro_ros_msgs
[6.380s] -- Up-to-date: /home/ineogi2/ros2_ws/install/micro_ros_msgs/include/micro_ros_msgs/msg
[6.380s] -- Up-to-date: /home/ineogi2/ros2_ws/install/micro_ros_msgs/include/micro_ros_msgs/msg/detail
[6.380s] -- Installing: /home/ineogi2/ros2_ws/install/micro_ros_msgs/include/micro_ros_msgs/msg/detail/dds_fastrtps
[6.380s] -- Installing: /home/ineogi2/ros2_ws/install/micro_ros_msgs/include/micro_ros_msgs/msg/detail/graph__rosidl_typesupport_fastrtps_cpp.hpp
[6.380s] -- Installing: /home/ineogi2/ros2_ws/install/micro_ros_msgs/include/micro_ros_msgs/msg/detail/node__rosidl_typesupport_fastrtps_cpp.hpp
[6.380s] -- Installing: /home/ineogi2/ros2_ws/install/micro_ros_msgs/include/micro_ros_msgs/msg/detail/entity__rosidl_typesupport_fastrtps_cpp.hpp
[6.380s] -- Installing: /home/ineogi2/ros2_ws/install/micro_ros_msgs/include/micro_ros_msgs/msg/rosidl_typesupport_fastrtps_cpp__visibility_control.h
[6.380s] -- Installing: /home/ineogi2/ros2_ws/install/micro_ros_msgs/lib/libmicro_ros_msgs__rosidl_typesupport_fastrtps_cpp.so
[6.380s] -- Set runtime path of "/home/ineogi2/ros2_ws/install/micro_ros_msgs/lib/libmicro_ros_msgs__rosidl_typesupport_fastrtps_cpp.so" to ""
[6.381s] -- Up-to-date: /home/ineogi2/ros2_ws/install/micro_ros_msgs/include/micro_ros_msgs
[6.381s] -- Up-to-date: /home/ineogi2/ros2_ws/install/micro_ros_msgs/include/micro_ros_msgs/msg
[6.381s] -- Installing: /home/ineogi2/ros2_ws/install/micro_ros_msgs/include/micro_ros_msgs/msg/rosidl_typesupport_introspection_c__visibility_control.h
[6.381s] -- Up-to-date: /home/ineogi2/ros2_ws/install/micro_ros_msgs/include/micro_ros_msgs/msg/detail
[6.381s] -- Installing: /home/ineogi2/ros2_ws/install/micro_ros_msgs/include/micro_ros_msgs/msg/detail/node__type_support.c
[6.381s] -- Installing: /home/ineogi2/ros2_ws/install/micro_ros_msgs/include/micro_ros_msgs/msg/detail/entity__rosidl_typesupport_introspection_c.h
[6.381s] -- Installing: /home/ineogi2/ros2_ws/install/micro_ros_msgs/include/micro_ros_msgs/msg/detail/entity__type_support.c
[6.381s] -- Installing: /home/ineogi2/ros2_ws/install/micro_ros_msgs/include/micro_ros_msgs/msg/detail/graph__rosidl_typesupport_introspection_c.h
[6.381s] -- Installing: /home/ineogi2/ros2_ws/install/micro_ros_msgs/include/micro_ros_msgs/msg/detail/node__rosidl_typesupport_introspection_c.h
[6.381s] -- Installing: /home/ineogi2/ros2_ws/install/micro_ros_msgs/include/micro_ros_msgs/msg/detail/graph__type_support.c
[6.382s] -- Installing: /home/ineogi2/ros2_ws/install/micro_ros_msgs/lib/libmicro_ros_msgs__rosidl_typesupport_introspection_c.so
[6.382s] -- Set runtime path of "/home/ineogi2/ros2_ws/install/micro_ros_msgs/lib/libmicro_ros_msgs__rosidl_typesupport_introspection_c.so" to ""
[6.382s] -- Installing: /home/ineogi2/ros2_ws/install/micro_ros_msgs/lib/libmicro_ros_msgs__rosidl_typesupport_c.so
[6.382s] -- Set runtime path of "/home/ineogi2/ros2_ws/install/micro_ros_msgs/lib/libmicro_ros_msgs__rosidl_typesupport_c.so" to ""
[6.382s] -- Up-to-date: /home/ineogi2/ros2_ws/install/micro_ros_msgs/include/micro_ros_msgs
[6.382s] -- Up-to-date: /home/ineogi2/ros2_ws/install/micro_ros_msgs/include/micro_ros_msgs/msg
[6.382s] -- Installing: /home/ineogi2/ros2_ws/install/micro_ros_msgs/include/micro_ros_msgs/msg/node.hpp
[6.382s] -- Installing: /home/ineogi2/ros2_ws/install/micro_ros_msgs/include/micro_ros_msgs/msg/graph.hpp
[6.383s] -- Up-to-date: /home/ineogi2/ros2_ws/install/micro_ros_msgs/include/micro_ros_msgs/msg/detail
[6.383s] -- Installing: /home/ineogi2/ros2_ws/install/micro_ros_msgs/include/micro_ros_msgs/msg/detail/node__struct.hpp
[6.383s] -- Installing: /home/ineogi2/ros2_ws/install/micro_ros_msgs/include/micro_ros_msgs/msg/detail/node__traits.hpp
[6.383s] -- Installing: /home/ineogi2/ros2_ws/install/micro_ros_msgs/include/micro_ros_msgs/msg/detail/entity__struct.hpp
[6.383s] -- Installing: /home/ineogi2/ros2_ws/install/micro_ros_msgs/include/micro_ros_msgs/msg/detail/graph__builder.hpp
[6.383s] -- Installing: /home/ineogi2/ros2_ws/install/micro_ros_msgs/include/micro_ros_msgs/msg/detail/entity__builder.hpp
[6.383s] -- Installing: /home/ineogi2/ros2_ws/install/micro_ros_msgs/include/micro_ros_msgs/msg/detail/entity__traits.hpp
[6.383s] -- Installing: /home/ineogi2/ros2_ws/install/micro_ros_msgs/include/micro_ros_msgs/msg/detail/graph__traits.hpp
[6.383s] -- Installing: /home/ineogi2/ros2_ws/install/micro_ros_msgs/include/micro_ros_msgs/msg/detail/node__builder.hpp
[6.383s] -- Installing: /home/ineogi2/ros2_ws/install/micro_ros_msgs/include/micro_ros_msgs/msg/detail/graph__struct.hpp
[6.384s] -- Installing: /home/ineogi2/ros2_ws/install/micro_ros_msgs/include/micro_ros_msgs/msg/entity.hpp
[6.384s] -- Up-to-date: /home/ineogi2/ros2_ws/install/micro_ros_msgs/include/micro_ros_msgs
[6.384s] -- Up-to-date: /home/ineogi2/ros2_ws/install/micro_ros_msgs/include/micro_ros_msgs/msg
[6.384s] -- Up-to-date: /home/ineogi2/ros2_ws/install/micro_ros_msgs/include/micro_ros_msgs/msg/detail
[6.384s] -- Installing: /home/ineogi2/ros2_ws/install/micro_ros_msgs/include/micro_ros_msgs/msg/detail/entity__rosidl_typesupport_introspection_cpp.hpp
[6.384s] -- Installing: /home/ineogi2/ros2_ws/install/micro_ros_msgs/include/micro_ros_msgs/msg/detail/node__rosidl_typesupport_introspection_cpp.hpp
[6.384s] -- Installing: /home/ineogi2/ros2_ws/install/micro_ros_msgs/include/micro_ros_msgs/msg/detail/entity__type_support.cpp
[6.384s] -- Installing: /home/ineogi2/ros2_ws/install/micro_ros_msgs/include/micro_ros_msgs/msg/detail/node__type_support.cpp
[6.384s] -- Installing: /home/ineogi2/ros2_ws/install/micro_ros_msgs/include/micro_ros_msgs/msg/detail/graph__type_support.cpp
[6.385s] -- Installing: /home/ineogi2/ros2_ws/install/micro_ros_msgs/include/micro_ros_msgs/msg/detail/graph__rosidl_typesupport_introspection_cpp.hpp
[6.385s] -- Installing: /home/ineogi2/ros2_ws/install/micro_ros_msgs/lib/libmicro_ros_msgs__rosidl_typesupport_introspection_cpp.so
[6.385s] -- Set runtime path of "/home/ineogi2/ros2_ws/install/micro_ros_msgs/lib/libmicro_ros_msgs__rosidl_typesupport_introspection_cpp.so" to ""
[6.385s] -- Installing: /home/ineogi2/ros2_ws/install/micro_ros_msgs/lib/libmicro_ros_msgs__rosidl_typesupport_cpp.so
[6.385s] -- Set runtime path of "/home/ineogi2/ros2_ws/install/micro_ros_msgs/lib/libmicro_ros_msgs__rosidl_typesupport_cpp.so" to ""
[6.385s] -- Installing: /home/ineogi2/ros2_ws/install/micro_ros_msgs/share/micro_ros_msgs/environment/pythonpath.sh
[6.385s] -- Installing: /home/ineogi2/ros2_ws/install/micro_ros_msgs/share/micro_ros_msgs/environment/pythonpath.dsv
[6.385s] -- Installing: /home/ineogi2/ros2_ws/install/micro_ros_msgs/lib/python3.8/site-packages/micro_ros_msgs/__init__.py
[6.421s] Compiling '/home/ineogi2/ros2_ws/install/micro_ros_msgs/lib/python3.8/site-packages/micro_ros_msgs/__init__.py'...
[6.426s] -- Installing: /home/ineogi2/ros2_ws/install/micro_ros_msgs/lib/python3.8/site-packages/micro_ros_msgs/msg
[6.426s] -- Installing: /home/ineogi2/ros2_ws/install/micro_ros_msgs/lib/python3.8/site-packages/micro_ros_msgs/msg/_graph.py
[6.426s] -- Installing: /home/ineogi2/ros2_ws/install/micro_ros_msgs/lib/python3.8/site-packages/micro_ros_msgs/msg/_graph_s.c
[6.427s] -- Installing: /home/ineogi2/ros2_ws/install/micro_ros_msgs/lib/python3.8/site-packages/micro_ros_msgs/msg/_node_s.c
[6.427s] -- Installing: /home/ineogi2/ros2_ws/install/micro_ros_msgs/lib/python3.8/site-packages/micro_ros_msgs/msg/_entity.py
[6.427s] -- Installing: /home/ineogi2/ros2_ws/install/micro_ros_msgs/lib/python3.8/site-packages/micro_ros_msgs/msg/_node.py
[6.427s] -- Installing: /home/ineogi2/ros2_ws/install/micro_ros_msgs/lib/python3.8/site-packages/micro_ros_msgs/msg/_entity_s.c
[6.427s] -- Installing: /home/ineogi2/ros2_ws/install/micro_ros_msgs/lib/python3.8/site-packages/micro_ros_msgs/msg/__init__.py
[6.427s] -- Installing: /home/ineogi2/ros2_ws/install/micro_ros_msgs/lib/python3.8/site-packages/micro_ros_msgs/micro_ros_msgs_s__rosidl_typesupport_fastrtps_c.cpython-38-x86_64-linux-gnu.so
[6.428s] -- Set runtime path of "/home/ineogi2/ros2_ws/install/micro_ros_msgs/lib/python3.8/site-packages/micro_ros_msgs/micro_ros_msgs_s__rosidl_typesupport_fastrtps_c.cpython-38-x86_64-linux-gnu.so" to ""
[6.428s] -- Installing: /home/ineogi2/ros2_ws/install/micro_ros_msgs/lib/python3.8/site-packages/micro_ros_msgs/micro_ros_msgs_s__rosidl_typesupport_introspection_c.cpython-38-x86_64-linux-gnu.so
[6.429s] -- Set runtime path of "/home/ineogi2/ros2_ws/install/micro_ros_msgs/lib/python3.8/site-packages/micro_ros_msgs/micro_ros_msgs_s__rosidl_typesupport_introspection_c.cpython-38-x86_64-linux-gnu.so" to ""
[6.429s] -- Installing: /home/ineogi2/ros2_ws/install/micro_ros_msgs/lib/python3.8/site-packages/micro_ros_msgs/micro_ros_msgs_s__rosidl_typesupport_c.cpython-38-x86_64-linux-gnu.so
[6.430s] -- Set runtime path of "/home/ineogi2/ros2_ws/install/micro_ros_msgs/lib/python3.8/site-packages/micro_ros_msgs/micro_ros_msgs_s__rosidl_typesupport_c.cpython-38-x86_64-linux-gnu.so" to ""
[6.430s] -- Installing: /home/ineogi2/ros2_ws/install/micro_ros_msgs/lib/libmicro_ros_msgs__python.so
[6.430s] -- Set runtime path of "/home/ineogi2/ros2_ws/install/micro_ros_msgs/lib/libmicro_ros_msgs__python.so" to ""
[6.430s] -- Installing: /home/ineogi2/ros2_ws/install/micro_ros_msgs/share/micro_ros_msgs/msg/Graph.idl
[6.431s] -- Installing: /home/ineogi2/ros2_ws/install/micro_ros_msgs/share/micro_ros_msgs/msg/Node.idl
[6.431s] -- Installing: /home/ineogi2/ros2_ws/install/micro_ros_msgs/share/micro_ros_msgs/msg/Entity.idl
[6.431s] -- Installing: /home/ineogi2/ros2_ws/install/micro_ros_msgs/share/micro_ros_msgs/msg/Graph.msg
[6.431s] -- Installing: /home/ineogi2/ros2_ws/install/micro_ros_msgs/share/micro_ros_msgs/msg/Node.msg
[6.431s] -- Installing: /home/ineogi2/ros2_ws/install/micro_ros_msgs/share/micro_ros_msgs/msg/Entity.msg
[6.432s] -- Installing: /home/ineogi2/ros2_ws/install/micro_ros_msgs/share/ament_index/resource_index/package_run_dependencies/micro_ros_msgs
[6.432s] -- Installing: /home/ineogi2/ros2_ws/install/micro_ros_msgs/share/ament_index/resource_index/parent_prefix_path/micro_ros_msgs
[6.432s] -- Installing: /home/ineogi2/ros2_ws/install/micro_ros_msgs/share/micro_ros_msgs/environment/ament_prefix_path.sh
[6.432s] -- Installing: /home/ineogi2/ros2_ws/install/micro_ros_msgs/share/micro_ros_msgs/environment/ament_prefix_path.dsv
[6.433s] -- Installing: /home/ineogi2/ros2_ws/install/micro_ros_msgs/share/micro_ros_msgs/environment/path.sh
[6.433s] -- Installing: /home/ineogi2/ros2_ws/install/micro_ros_msgs/share/micro_ros_msgs/environment/path.dsv
[6.433s] -- Installing: /home/ineogi2/ros2_ws/install/micro_ros_msgs/share/micro_ros_msgs/local_setup.bash
[6.433s] -- Installing: /home/ineogi2/ros2_ws/install/micro_ros_msgs/share/micro_ros_msgs/local_setup.sh
[6.434s] -- Installing: /home/ineogi2/ros2_ws/install/micro_ros_msgs/share/micro_ros_msgs/local_setup.zsh
[6.434s] -- Installing: /home/ineogi2/ros2_ws/install/micro_ros_msgs/share/micro_ros_msgs/local_setup.dsv
[6.434s] -- Installing: /home/ineogi2/ros2_ws/install/micro_ros_msgs/share/micro_ros_msgs/package.dsv
[6.434s] -- Installing: /home/ineogi2/ros2_ws/install/micro_ros_msgs/share/ament_index/resource_index/packages/micro_ros_msgs
[6.434s] -- Installing: /home/ineogi2/ros2_ws/install/micro_ros_msgs/share/micro_ros_msgs/cmake/micro_ros_msgs__rosidl_generator_cExport.cmake
[6.435s] -- Installing: /home/ineogi2/ros2_ws/install/micro_ros_msgs/share/micro_ros_msgs/cmake/micro_ros_msgs__rosidl_generator_cExport-noconfig.cmake
[6.435s] -- Installing: /home/ineogi2/ros2_ws/install/micro_ros_msgs/share/micro_ros_msgs/cmake/micro_ros_msgs__rosidl_typesupport_introspection_cExport.cmake
[6.435s] -- Installing: /home/ineogi2/ros2_ws/install/micro_ros_msgs/share/micro_ros_msgs/cmake/micro_ros_msgs__rosidl_typesupport_introspection_cExport-noconfig.cmake
[6.435s] -- Installing: /home/ineogi2/ros2_ws/install/micro_ros_msgs/share/micro_ros_msgs/cmake/micro_ros_msgs__rosidl_typesupport_cExport.cmake
[6.436s] -- Installing: /home/ineogi2/ros2_ws/install/micro_ros_msgs/share/micro_ros_msgs/cmake/micro_ros_msgs__rosidl_typesupport_cExport-noconfig.cmake
[6.436s] -- Installing: /home/ineogi2/ros2_ws/install/micro_ros_msgs/share/micro_ros_msgs/cmake/micro_ros_msgs__rosidl_generator_cppExport.cmake
[6.436s] -- Installing: /home/ineogi2/ros2_ws/install/micro_ros_msgs/share/micro_ros_msgs/cmake/micro_ros_msgs__rosidl_typesupport_introspection_cppExport.cmake
[6.436s] -- Installing: /home/ineogi2/ros2_ws/install/micro_ros_msgs/share/micro_ros_msgs/cmake/micro_ros_msgs__rosidl_typesupport_introspection_cppExport-noconfig.cmake
[6.437s] -- Installing: /home/ineogi2/ros2_ws/install/micro_ros_msgs/share/micro_ros_msgs/cmake/micro_ros_msgs__rosidl_typesupport_cppExport.cmake
[6.437s] -- Installing: /home/ineogi2/ros2_ws/install/micro_ros_msgs/share/micro_ros_msgs/cmake/micro_ros_msgs__rosidl_typesupport_cppExport-noconfig.cmake
[6.437s] -- Installing: /home/ineogi2/ros2_ws/install/micro_ros_msgs/share/micro_ros_msgs/cmake/rosidl_cmake-extras.cmake
[6.437s] -- Installing: /home/ineogi2/ros2_ws/install/micro_ros_msgs/share/micro_ros_msgs/cmake/ament_cmake_export_dependencies-extras.cmake
[6.438s] -- Installing: /home/ineogi2/ros2_ws/install/micro_ros_msgs/share/micro_ros_msgs/cmake/ament_cmake_export_libraries-extras.cmake
[6.438s] -- Installing: /home/ineogi2/ros2_ws/install/micro_ros_msgs/share/micro_ros_msgs/cmake/ament_cmake_export_targets-extras.cmake
[6.438s] -- Installing: /home/ineogi2/ros2_ws/install/micro_ros_msgs/share/micro_ros_msgs/cmake/ament_cmake_export_include_directories-extras.cmake
[6.438s] -- Installing: /home/ineogi2/ros2_ws/install/micro_ros_msgs/share/micro_ros_msgs/cmake/rosidl_cmake_export_typesupport_libraries-extras.cmake
[6.438s] -- Installing: /home/ineogi2/ros2_ws/install/micro_ros_msgs/share/micro_ros_msgs/cmake/rosidl_cmake_export_typesupport_targets-extras.cmake
[6.439s] -- Installing: /home/ineogi2/ros2_ws/install/micro_ros_msgs/share/micro_ros_msgs/cmake/micro_ros_msgsConfig.cmake
[6.439s] -- Installing: /home/ineogi2/ros2_ws/install/micro_ros_msgs/share/micro_ros_msgs/cmake/micro_ros_msgsConfig-version.cmake
[6.439s] -- Installing: /home/ineogi2/ros2_ws/install/micro_ros_msgs/share/micro_ros_msgs/package.xml
[6.443s] Invoked command in '/home/ineogi2/ros2_ws/build/micro_ros_msgs' returned '0': CMAKE_PREFIX_PATH=/opt/ros/foxy /usr/bin/cmake --install /home/ineogi2/ros2_ws/build/micro_ros_msgs
