[0.109s] DEBUG:colcon:Command line arguments: ['/usr/bin/colcon', 'build', '--symlink-install']
[0.109s] DEBUG:colcon:Parsed command line arguments: Namespace(allow_overriding=[], ament_cmake_args=None, base_paths=['.'], build_base='build', catkin_cmake_args=None, catkin_skip_building_tests=False, cmake_args=None, cmake_clean_cache=False, cmake_clean_first=False, cmake_force_configure=False, cmake_target=None, cmake_target_skip_unavailable=False, continue_on_error=False, event_handlers=None, executor='parallel', ignore_user_meta=False, install_base='install', log_base=None, log_level=None, main=<bound method BuildVerb.main of <colcon_core.verb.build.BuildVerb object at 0x7f08ffca4730>>, merge_install=False, metas=['./colcon.meta'], packages_above=None, packages_above_and_dependencies=None, packages_above_depth=None, packages_end=None, packages_ignore=None, packages_ignore_regex=None, packages_select=None, packages_select_build_failed=False, packages_select_by_dep=None, packages_select_regex=None, packages_select_test_failures=False, packages_skip=None, packages_skip_build_finished=False, packages_skip_by_dep=None, packages_skip_regex=None, packages_skip_test_passed=False, packages_skip_up_to=None, packages_start=None, packages_up_to=None, packages_up_to_regex=None, parallel_workers=12, paths=None, symlink_install=True, test_result_base=None, verb_extension=<colcon_core.verb.build.BuildVerb object at 0x7f08ffca4730>, verb_name='build', verb_parser=<colcon_defaults.argument_parser.defaults.DefaultArgumentsDecorator object at 0x7f08ffca4c70>)
[0.127s] Level 1:colcon.colcon_core.package_discovery:discover_packages(colcon_meta) check parameters
[0.127s] Level 1:colcon.colcon_core.package_discovery:discover_packages(recursive) check parameters
[0.127s] Level 1:colcon.colcon_core.package_discovery:discover_packages(ignore) check parameters
[0.127s] Level 1:colcon.colcon_core.package_discovery:discover_packages(path) check parameters
[0.128s] Level 1:colcon.colcon_core.package_discovery:discover_packages(colcon_meta) discover
[0.128s] Level 1:colcon.colcon_core.package_discovery:discover_packages(recursive) discover
[0.128s] INFO:colcon.colcon_core.package_discovery:Crawling recursively for packages in '/home/ineogi2/ros2_ws'
[0.128s] Level 1:colcon.colcon_core.package_identification:_identify(.) by extensions ['ignore', 'ignore_ament_install']
[0.128s] Level 1:colcon.colcon_core.package_identification:_identify(.) by extension 'ignore'
[0.128s] Level 1:colcon.colcon_core.package_identification:_identify(.) by extension 'ignore_ament_install'
[0.128s] Level 1:colcon.colcon_core.package_identification:_identify(.) by extensions ['colcon_pkg']
[0.128s] Level 1:colcon.colcon_core.package_identification:_identify(.) by extension 'colcon_pkg'
[0.128s] Level 1:colcon.colcon_core.package_identification:_identify(.) by extensions ['colcon_meta']
[0.128s] Level 1:colcon.colcon_core.package_identification:_identify(.) by extension 'colcon_meta'
[0.129s] Level 1:colcon.colcon_core.package_identification:_identify(.) by extensions ['ros']
[0.129s] Level 1:colcon.colcon_core.package_identification:_identify(.) by extension 'ros'
[0.138s] Level 1:colcon.colcon_core.package_identification:_identify(.) by extensions ['cmake', 'python']
[0.138s] Level 1:colcon.colcon_core.package_identification:_identify(.) by extension 'cmake'
[0.138s] Level 1:colcon.colcon_core.package_identification:_identify(.) by extension 'python'
[0.138s] Level 1:colcon.colcon_core.package_identification:_identify(.) by extensions ['python_setup_py']
[0.138s] Level 1:colcon.colcon_core.package_identification:_identify(.) by extension 'python_setup_py'
[0.138s] Level 1:colcon.colcon_core.package_identification:_identify(build) by extensions ['ignore', 'ignore_ament_install']
[0.138s] Level 1:colcon.colcon_core.package_identification:_identify(build) by extension 'ignore'
[0.138s] Level 1:colcon.colcon_core.package_identification:_identify(build) ignored
[0.139s] Level 1:colcon.colcon_core.package_identification:_identify(install) by extensions ['ignore', 'ignore_ament_install']
[0.139s] Level 1:colcon.colcon_core.package_identification:_identify(install) by extension 'ignore'
[0.139s] Level 1:colcon.colcon_core.package_identification:_identify(install) ignored
[0.139s] Level 1:colcon.colcon_core.package_identification:_identify(log) by extensions ['ignore', 'ignore_ament_install']
[0.139s] Level 1:colcon.colcon_core.package_identification:_identify(log) by extension 'ignore'
[0.139s] Level 1:colcon.colcon_core.package_identification:_identify(log) ignored
[0.139s] Level 1:colcon.colcon_core.package_identification:_identify(src) by extensions ['ignore', 'ignore_ament_install']
[0.140s] Level 1:colcon.colcon_core.package_identification:_identify(src) by extension 'ignore'
[0.140s] Level 1:colcon.colcon_core.package_identification:_identify(src) by extension 'ignore_ament_install'
[0.140s] Level 1:colcon.colcon_core.package_identification:_identify(src) by extensions ['colcon_pkg']
[0.140s] Level 1:colcon.colcon_core.package_identification:_identify(src) by extension 'colcon_pkg'
[0.140s] Level 1:colcon.colcon_core.package_identification:_identify(src) by extensions ['colcon_meta']
[0.140s] Level 1:colcon.colcon_core.package_identification:_identify(src) by extension 'colcon_meta'
[0.140s] Level 1:colcon.colcon_core.package_identification:_identify(src) by extensions ['ros']
[0.140s] Level 1:colcon.colcon_core.package_identification:_identify(src) by extension 'ros'
[0.140s] Level 1:colcon.colcon_core.package_identification:_identify(src) by extensions ['cmake', 'python']
[0.140s] Level 1:colcon.colcon_core.package_identification:_identify(src) by extension 'cmake'
[0.140s] Level 1:colcon.colcon_core.package_identification:_identify(src) by extension 'python'
[0.140s] Level 1:colcon.colcon_core.package_identification:_identify(src) by extensions ['python_setup_py']
[0.140s] Level 1:colcon.colcon_core.package_identification:_identify(src) by extension 'python_setup_py'
[0.140s] Level 1:colcon.colcon_core.package_identification:_identify(src/ros_image) by extensions ['ignore', 'ignore_ament_install']
[0.140s] Level 1:colcon.colcon_core.package_identification:_identify(src/ros_image) by extension 'ignore'
[0.140s] Level 1:colcon.colcon_core.package_identification:_identify(src/ros_image) by extension 'ignore_ament_install'
[0.140s] Level 1:colcon.colcon_core.package_identification:_identify(src/ros_image) by extensions ['colcon_pkg']
[0.140s] Level 1:colcon.colcon_core.package_identification:_identify(src/ros_image) by extension 'colcon_pkg'
[0.140s] Level 1:colcon.colcon_core.package_identification:_identify(src/ros_image) by extensions ['colcon_meta']
[0.140s] Level 1:colcon.colcon_core.package_identification:_identify(src/ros_image) by extension 'colcon_meta'
[0.140s] Level 1:colcon.colcon_core.package_identification:_identify(src/ros_image) by extensions ['ros']
[0.140s] Level 1:colcon.colcon_core.package_identification:_identify(src/ros_image) by extension 'ros'
[0.143s] DEBUG:colcon.colcon_core.package_identification:Package 'src/ros_image' with type 'ros.ament_python' and name 'ros_image'
[0.143s] Level 1:colcon.colcon_core.package_identification:_identify(src/ros_teensy) by extensions ['ignore', 'ignore_ament_install']
[0.143s] Level 1:colcon.colcon_core.package_identification:_identify(src/ros_teensy) by extension 'ignore'
[0.143s] Level 1:colcon.colcon_core.package_identification:_identify(src/ros_teensy) by extension 'ignore_ament_install'
[0.143s] Level 1:colcon.colcon_core.package_identification:_identify(src/ros_teensy) by extensions ['colcon_pkg']
[0.143s] Level 1:colcon.colcon_core.package_identification:_identify(src/ros_teensy) by extension 'colcon_pkg'
[0.143s] Level 1:colcon.colcon_core.package_identification:_identify(src/ros_teensy) by extensions ['colcon_meta']
[0.143s] Level 1:colcon.colcon_core.package_identification:_identify(src/ros_teensy) by extension 'colcon_meta'
[0.143s] Level 1:colcon.colcon_core.package_identification:_identify(src/ros_teensy) by extensions ['ros']
[0.143s] Level 1:colcon.colcon_core.package_identification:_identify(src/ros_teensy) by extension 'ros'
[0.144s] DEBUG:colcon.colcon_core.package_identification:Package 'src/ros_teensy' with type 'ros.ament_python' and name 'ros_teensy'
[0.144s] Level 1:colcon.colcon_core.package_discovery:discover_packages(recursive) using defaults
[0.144s] Level 1:colcon.colcon_core.package_discovery:discover_packages(ignore) discover
[0.144s] Level 1:colcon.colcon_core.package_discovery:discover_packages(ignore) using defaults
[0.144s] Level 1:colcon.colcon_core.package_discovery:discover_packages(path) discover
[0.144s] Level 1:colcon.colcon_core.package_discovery:discover_packages(path) using defaults
[0.160s] Level 1:colcon.colcon_core.package_discovery:discover_packages(prefix_path) check parameters
[0.160s] Level 1:colcon.colcon_core.package_discovery:discover_packages(prefix_path) discover
[0.161s] DEBUG:colcon.colcon_installed_package_information.package_discovery:Found 4 installed packages in /home/ineogi2/microros_ws/install
[0.162s] DEBUG:colcon.colcon_installed_package_information.package_discovery:Found 2 installed packages in /home/ineogi2/ros2_ws/install
[0.163s] DEBUG:colcon.colcon_installed_package_information.package_discovery:Found 260 installed packages in /opt/ros/foxy
[0.164s] Level 1:colcon.colcon_core.package_discovery:discover_packages(prefix_path) using defaults
[0.227s] Level 5:colcon.colcon_core.verb:set package 'ros_image' build argument 'cmake_args' from command line to 'None'
[0.227s] Level 5:colcon.colcon_core.verb:set package 'ros_image' build argument 'cmake_target' from command line to 'None'
[0.227s] Level 5:colcon.colcon_core.verb:set package 'ros_image' build argument 'cmake_target_skip_unavailable' from command line to 'False'
[0.227s] Level 5:colcon.colcon_core.verb:set package 'ros_image' build argument 'cmake_clean_cache' from command line to 'False'
[0.227s] Level 5:colcon.colcon_core.verb:set package 'ros_image' build argument 'cmake_clean_first' from command line to 'False'
[0.227s] Level 5:colcon.colcon_core.verb:set package 'ros_image' build argument 'cmake_force_configure' from command line to 'False'
[0.227s] Level 5:colcon.colcon_core.verb:set package 'ros_image' build argument 'ament_cmake_args' from command line to 'None'
[0.227s] Level 5:colcon.colcon_core.verb:set package 'ros_image' build argument 'catkin_cmake_args' from command line to 'None'
[0.227s] Level 5:colcon.colcon_core.verb:set package 'ros_image' build argument 'catkin_skip_building_tests' from command line to 'False'
[0.227s] DEBUG:colcon.colcon_core.verb:Building package 'ros_image' with the following arguments: {'ament_cmake_args': None, 'build_base': '/home/ineogi2/ros2_ws/build/ros_image', 'catkin_cmake_args': None, 'catkin_skip_building_tests': False, 'cmake_args': None, 'cmake_clean_cache': False, 'cmake_clean_first': False, 'cmake_force_configure': False, 'cmake_target': None, 'cmake_target_skip_unavailable': False, 'install_base': '/home/ineogi2/ros2_ws/install/ros_image', 'merge_install': False, 'path': '/home/ineogi2/ros2_ws/src/ros_image', 'symlink_install': True, 'test_result_base': None}
[0.228s] Level 5:colcon.colcon_core.verb:set package 'ros_teensy' build argument 'cmake_args' from command line to 'None'
[0.228s] Level 5:colcon.colcon_core.verb:set package 'ros_teensy' build argument 'cmake_target' from command line to 'None'
[0.228s] Level 5:colcon.colcon_core.verb:set package 'ros_teensy' build argument 'cmake_target_skip_unavailable' from command line to 'False'
[0.228s] Level 5:colcon.colcon_core.verb:set package 'ros_teensy' build argument 'cmake_clean_cache' from command line to 'False'
[0.228s] Level 5:colcon.colcon_core.verb:set package 'ros_teensy' build argument 'cmake_clean_first' from command line to 'False'
[0.228s] Level 5:colcon.colcon_core.verb:set package 'ros_teensy' build argument 'cmake_force_configure' from command line to 'False'
[0.228s] Level 5:colcon.colcon_core.verb:set package 'ros_teensy' build argument 'ament_cmake_args' from command line to 'None'
[0.228s] Level 5:colcon.colcon_core.verb:set package 'ros_teensy' build argument 'catkin_cmake_args' from command line to 'None'
[0.228s] Level 5:colcon.colcon_core.verb:set package 'ros_teensy' build argument 'catkin_skip_building_tests' from command line to 'False'
[0.228s] DEBUG:colcon.colcon_core.verb:Building package 'ros_teensy' with the following arguments: {'ament_cmake_args': None, 'build_base': '/home/ineogi2/ros2_ws/build/ros_teensy', 'catkin_cmake_args': None, 'catkin_skip_building_tests': False, 'cmake_args': None, 'cmake_clean_cache': False, 'cmake_clean_first': False, 'cmake_force_configure': False, 'cmake_target': None, 'cmake_target_skip_unavailable': False, 'install_base': '/home/ineogi2/ros2_ws/install/ros_teensy', 'merge_install': False, 'path': '/home/ineogi2/ros2_ws/src/ros_teensy', 'symlink_install': True, 'test_result_base': None}
[0.228s] INFO:colcon.colcon_core.executor:Executing jobs using 'parallel' executor
[0.230s] DEBUG:colcon.colcon_parallel_executor.executor.parallel:run_until_complete
[0.230s] INFO:colcon.colcon_ros.task.ament_python.build:Building ROS package in '/home/ineogi2/ros2_ws/src/ros_image' with build type 'ament_python'
[0.230s] Level 1:colcon.colcon_core.shell:create_environment_hook('ros_image', 'ament_prefix_path')
[0.235s] INFO:colcon.colcon_core.plugin_system:Skipping extension 'colcon_core.shell.bat': Not used on non-Windows systems
[0.235s] INFO:colcon.colcon_core.shell:Creating environment hook '/home/ineogi2/ros2_ws/install/ros_image/share/ros_image/hook/ament_prefix_path.ps1'
[0.236s] INFO:colcon.colcon_core.shell:Creating environment descriptor '/home/ineogi2/ros2_ws/install/ros_image/share/ros_image/hook/ament_prefix_path.dsv'
[0.236s] INFO:colcon.colcon_core.shell:Creating environment hook '/home/ineogi2/ros2_ws/install/ros_image/share/ros_image/hook/ament_prefix_path.sh'
[0.237s] INFO:colcon.colcon_core.shell:Skip shell extension 'powershell' for command environment: Not usable outside of PowerShell
[0.237s] DEBUG:colcon.colcon_core.shell:Skip shell extension 'dsv' for command environment
[0.242s] INFO:colcon.colcon_ros.task.ament_python.build:Building ROS package in '/home/ineogi2/ros2_ws/src/ros_teensy' with build type 'ament_python'
[0.242s] Level 1:colcon.colcon_core.shell:create_environment_hook('ros_teensy', 'ament_prefix_path')
[0.243s] INFO:colcon.colcon_core.shell:Creating environment hook '/home/ineogi2/ros2_ws/install/ros_teensy/share/ros_teensy/hook/ament_prefix_path.ps1'
[0.244s] INFO:colcon.colcon_core.shell:Creating environment descriptor '/home/ineogi2/ros2_ws/install/ros_teensy/share/ros_teensy/hook/ament_prefix_path.dsv'
[0.244s] INFO:colcon.colcon_core.shell:Creating environment hook '/home/ineogi2/ros2_ws/install/ros_teensy/share/ros_teensy/hook/ament_prefix_path.sh'
[0.245s] INFO:colcon.colcon_core.shell:Skip shell extension 'powershell' for command environment: Not usable outside of PowerShell
[0.245s] DEBUG:colcon.colcon_core.shell:Skip shell extension 'dsv' for command environment
[0.432s] INFO:colcon.colcon_core.task.python.build:Building Python package in '/home/ineogi2/ros2_ws/src/ros_image'
[0.433s] INFO:colcon.colcon_core.shell:Skip shell extension 'powershell' for command environment: Not usable outside of PowerShell
[0.433s] DEBUG:colcon.colcon_core.shell:Skip shell extension 'dsv' for command environment
[0.622s] INFO:colcon.colcon_core.task.python.build:Building Python package in '/home/ineogi2/ros2_ws/src/ros_teensy'
[0.623s] INFO:colcon.colcon_core.shell:Skip shell extension 'powershell' for command environment: Not usable outside of PowerShell
[0.623s] DEBUG:colcon.colcon_core.shell:Skip shell extension 'dsv' for command environment
[0.957s] DEBUG:colcon.colcon_core.event_handler.log_command:Invoking command in '/home/ineogi2/ros2_ws/build/ros_image': PYTHONPATH=/home/ineogi2/ros2_ws/install/ros_image/lib/python3.8/site-packages:${PYTHONPATH} /usr/bin/python3 setup.py develop --prefix /home/ineogi2/ros2_ws/install/ros_image --editable --build-directory /home/ineogi2/ros2_ws/build/ros_image/build --no-deps install_data --install-dir /home/ineogi2/ros2_ws/install/ros_image
[0.973s] DEBUG:colcon.colcon_core.event_handler.log_command:Invoking command in '/home/ineogi2/ros2_ws/build/ros_teensy': PYTHONPATH=/home/ineogi2/ros2_ws/install/ros_teensy/lib/python3.8/site-packages:${PYTHONPATH} /usr/bin/python3 setup.py develop --prefix /home/ineogi2/ros2_ws/install/ros_teensy --editable --build-directory /home/ineogi2/ros2_ws/build/ros_teensy/build --no-deps install_data --install-dir /home/ineogi2/ros2_ws/install/ros_teensy
[1.346s] Level 1:colcon.colcon_core.shell:create_environment_hook('ros_image', 'pythonpath_develop')
[1.347s] INFO:colcon.colcon_core.shell:Creating environment hook '/home/ineogi2/ros2_ws/build/ros_image/share/ros_image/hook/pythonpath_develop.ps1'
[1.347s] DEBUG:colcon.colcon_core.event_handler.log_command:Invoked command in '/home/ineogi2/ros2_ws/build/ros_image' returned '0': PYTHONPATH=/home/ineogi2/ros2_ws/install/ros_image/lib/python3.8/site-packages:${PYTHONPATH} /usr/bin/python3 setup.py develop --prefix /home/ineogi2/ros2_ws/install/ros_image --editable --build-directory /home/ineogi2/ros2_ws/build/ros_image/build --no-deps install_data --install-dir /home/ineogi2/ros2_ws/install/ros_image
[1.348s] INFO:colcon.colcon_core.shell:Creating environment descriptor '/home/ineogi2/ros2_ws/build/ros_image/share/ros_image/hook/pythonpath_develop.dsv'
[1.348s] INFO:colcon.colcon_core.shell:Creating environment hook '/home/ineogi2/ros2_ws/build/ros_image/share/ros_image/hook/pythonpath_develop.sh'
[1.352s] Level 1:colcon.colcon_core.environment:checking '/home/ineogi2/ros2_ws/install/ros_image' for CMake module files
[1.352s] Level 1:colcon.colcon_core.environment:checking '/home/ineogi2/ros2_ws/install/ros_image' for CMake config files
[1.352s] Level 1:colcon.colcon_core.environment:checking '/home/ineogi2/ros2_ws/install/ros_image/lib'
[1.353s] Level 1:colcon.colcon_core.environment:checking '/home/ineogi2/ros2_ws/install/ros_image/bin'
[1.353s] Level 1:colcon.colcon_core.environment:checking '/home/ineogi2/ros2_ws/install/ros_image/lib/pkgconfig/ros_image.pc'
[1.353s] Level 1:colcon.colcon_core.environment:checking '/home/ineogi2/ros2_ws/install/ros_image/lib/python3.8/site-packages'
[1.353s] Level 1:colcon.colcon_core.shell:create_environment_hook('ros_image', 'pythonpath')
[1.353s] INFO:colcon.colcon_core.shell:Creating environment hook '/home/ineogi2/ros2_ws/install/ros_image/share/ros_image/hook/pythonpath.ps1'
[1.354s] INFO:colcon.colcon_core.shell:Creating environment descriptor '/home/ineogi2/ros2_ws/install/ros_image/share/ros_image/hook/pythonpath.dsv'
[1.354s] INFO:colcon.colcon_core.shell:Creating environment hook '/home/ineogi2/ros2_ws/install/ros_image/share/ros_image/hook/pythonpath.sh'
[1.354s] Level 1:colcon.colcon_core.environment:checking '/home/ineogi2/ros2_ws/install/ros_image/bin'
[1.354s] Level 1:colcon.colcon_core.environment:create_environment_scripts_only(ros_image)
[1.355s] INFO:colcon.colcon_core.shell:Creating package script '/home/ineogi2/ros2_ws/install/ros_image/share/ros_image/package.ps1'
[1.356s] INFO:colcon.colcon_core.shell:Creating package descriptor '/home/ineogi2/ros2_ws/install/ros_image/share/ros_image/package.dsv'
[1.356s] INFO:colcon.colcon_core.shell:Creating package script '/home/ineogi2/ros2_ws/install/ros_image/share/ros_image/package.sh'
[1.357s] INFO:colcon.colcon_core.shell:Creating package script '/home/ineogi2/ros2_ws/install/ros_image/share/ros_image/package.bash'
[1.357s] INFO:colcon.colcon_core.shell:Creating package script '/home/ineogi2/ros2_ws/install/ros_image/share/ros_image/package.zsh'
[1.358s] Level 1:colcon.colcon_core.environment:create_file_with_runtime_dependencies(/home/ineogi2/ros2_ws/install/ros_image/share/colcon-core/packages/ros_image)
[1.363s] Level 1:colcon.colcon_core.shell:create_environment_hook('ros_teensy', 'pythonpath_develop')
[1.364s] INFO:colcon.colcon_core.shell:Creating environment hook '/home/ineogi2/ros2_ws/build/ros_teensy/share/ros_teensy/hook/pythonpath_develop.ps1'
[1.364s] DEBUG:colcon.colcon_core.event_handler.log_command:Invoked command in '/home/ineogi2/ros2_ws/build/ros_teensy' returned '0': PYTHONPATH=/home/ineogi2/ros2_ws/install/ros_teensy/lib/python3.8/site-packages:${PYTHONPATH} /usr/bin/python3 setup.py develop --prefix /home/ineogi2/ros2_ws/install/ros_teensy --editable --build-directory /home/ineogi2/ros2_ws/build/ros_teensy/build --no-deps install_data --install-dir /home/ineogi2/ros2_ws/install/ros_teensy
[1.365s] INFO:colcon.colcon_core.shell:Creating environment descriptor '/home/ineogi2/ros2_ws/build/ros_teensy/share/ros_teensy/hook/pythonpath_develop.dsv'
[1.365s] INFO:colcon.colcon_core.shell:Creating environment hook '/home/ineogi2/ros2_ws/build/ros_teensy/share/ros_teensy/hook/pythonpath_develop.sh'
[1.367s] Level 1:colcon.colcon_core.environment:checking '/home/ineogi2/ros2_ws/install/ros_teensy' for CMake module files
[1.368s] Level 1:colcon.colcon_core.environment:checking '/home/ineogi2/ros2_ws/install/ros_teensy' for CMake config files
[1.369s] Level 1:colcon.colcon_core.environment:checking '/home/ineogi2/ros2_ws/install/ros_teensy/lib'
[1.369s] Level 1:colcon.colcon_core.environment:checking '/home/ineogi2/ros2_ws/install/ros_teensy/bin'
[1.369s] Level 1:colcon.colcon_core.environment:checking '/home/ineogi2/ros2_ws/install/ros_teensy/lib/pkgconfig/ros_teensy.pc'
[1.369s] Level 1:colcon.colcon_core.environment:checking '/home/ineogi2/ros2_ws/install/ros_teensy/lib/python3.8/site-packages'
[1.369s] Level 1:colcon.colcon_core.shell:create_environment_hook('ros_teensy', 'pythonpath')
[1.370s] INFO:colcon.colcon_core.shell:Creating environment hook '/home/ineogi2/ros2_ws/install/ros_teensy/share/ros_teensy/hook/pythonpath.ps1'
[1.370s] INFO:colcon.colcon_core.shell:Creating environment descriptor '/home/ineogi2/ros2_ws/install/ros_teensy/share/ros_teensy/hook/pythonpath.dsv'
[1.370s] INFO:colcon.colcon_core.shell:Creating environment hook '/home/ineogi2/ros2_ws/install/ros_teensy/share/ros_teensy/hook/pythonpath.sh'
[1.371s] Level 1:colcon.colcon_core.environment:checking '/home/ineogi2/ros2_ws/install/ros_teensy/bin'
[1.371s] Level 1:colcon.colcon_core.environment:create_environment_scripts_only(ros_teensy)
[1.371s] INFO:colcon.colcon_core.shell:Creating package script '/home/ineogi2/ros2_ws/install/ros_teensy/share/ros_teensy/package.ps1'
[1.372s] INFO:colcon.colcon_core.shell:Creating package descriptor '/home/ineogi2/ros2_ws/install/ros_teensy/share/ros_teensy/package.dsv'
[1.372s] INFO:colcon.colcon_core.shell:Creating package script '/home/ineogi2/ros2_ws/install/ros_teensy/share/ros_teensy/package.sh'
[1.372s] INFO:colcon.colcon_core.shell:Creating package script '/home/ineogi2/ros2_ws/install/ros_teensy/share/ros_teensy/package.bash'
[1.372s] INFO:colcon.colcon_core.shell:Creating package script '/home/ineogi2/ros2_ws/install/ros_teensy/share/ros_teensy/package.zsh'
[1.373s] Level 1:colcon.colcon_core.environment:create_file_with_runtime_dependencies(/home/ineogi2/ros2_ws/install/ros_teensy/share/colcon-core/packages/ros_teensy)
[1.373s] DEBUG:colcon.colcon_parallel_executor.executor.parallel:closing loop
[1.373s] DEBUG:colcon.colcon_parallel_executor.executor.parallel:loop closed
[1.373s] DEBUG:colcon.colcon_parallel_executor.executor.parallel:run_until_complete finished with '0'
[1.373s] DEBUG:colcon.colcon_core.event_reactor:joining thread
[1.378s] INFO:colcon.colcon_core.plugin_system:Skipping extension 'colcon_notification.desktop_notification.terminal_notifier': Not used on non-Darwin systems
[1.378s] INFO:colcon.colcon_core.plugin_system:Skipping extension 'colcon_notification.desktop_notification.win32': Not used on non-Windows systems
[1.378s] INFO:colcon.colcon_notification.desktop_notification:Sending desktop notification using 'notify2'
[1.390s] DEBUG:colcon.colcon_core.event_reactor:joined thread
[1.390s] INFO:colcon.colcon_core.shell:Creating prefix script '/home/ineogi2/ros2_ws/install/local_setup.ps1'
[1.391s] INFO:colcon.colcon_core.shell:Creating prefix util module '/home/ineogi2/ros2_ws/install/_local_setup_util_ps1.py'
[1.392s] INFO:colcon.colcon_core.shell:Creating prefix chain script '/home/ineogi2/ros2_ws/install/setup.ps1'
[1.394s] INFO:colcon.colcon_core.shell:Creating prefix script '/home/ineogi2/ros2_ws/install/local_setup.sh'
[1.394s] INFO:colcon.colcon_core.shell:Creating prefix util module '/home/ineogi2/ros2_ws/install/_local_setup_util_sh.py'
[1.395s] INFO:colcon.colcon_core.shell:Creating prefix chain script '/home/ineogi2/ros2_ws/install/setup.sh'
[1.396s] INFO:colcon.colcon_core.shell:Creating prefix script '/home/ineogi2/ros2_ws/install/local_setup.bash'
[1.397s] INFO:colcon.colcon_core.shell:Creating prefix chain script '/home/ineogi2/ros2_ws/install/setup.bash'
[1.398s] INFO:colcon.colcon_core.shell:Creating prefix script '/home/ineogi2/ros2_ws/install/local_setup.zsh'
[1.402s] INFO:colcon.colcon_core.shell:Creating prefix chain script '/home/ineogi2/ros2_ws/install/setup.zsh'
