[0.106s] DEBUG:colcon:Command line arguments: ['/usr/bin/colcon', 'build', '--symlink-install']
[0.106s] DEBUG:colcon:Parsed command line arguments: Namespace(allow_overriding=[], ament_cmake_args=None, base_paths=['.'], build_base='build', catkin_cmake_args=None, catkin_skip_building_tests=False, cmake_args=None, cmake_clean_cache=False, cmake_clean_first=False, cmake_force_configure=False, cmake_target=None, cmake_target_skip_unavailable=False, continue_on_error=False, event_handlers=None, executor='parallel', ignore_user_meta=False, install_base='install', log_base=None, log_level=None, main=<bound method BuildVerb.main of <colcon_core.verb.build.BuildVerb object at 0x7f38b6436790>>, merge_install=False, metas=['./colcon.meta'], packages_above=None, packages_above_and_dependencies=None, packages_above_depth=None, packages_end=None, packages_ignore=None, packages_ignore_regex=None, packages_select=None, packages_select_build_failed=False, packages_select_by_dep=None, packages_select_regex=None, packages_select_test_failures=False, packages_skip=None, packages_skip_build_finished=False, packages_skip_by_dep=None, packages_skip_regex=None, packages_skip_test_passed=False, packages_skip_up_to=None, packages_start=None, packages_up_to=None, packages_up_to_regex=None, parallel_workers=12, paths=None, symlink_install=True, test_result_base=None, verb_extension=<colcon_core.verb.build.BuildVerb object at 0x7f38b6436790>, verb_name='build', verb_parser=<colcon_defaults.argument_parser.defaults.DefaultArgumentsDecorator object at 0x7f38b6436d00>)
[0.125s] Level 1:colcon.colcon_core.package_discovery:discover_packages(colcon_meta) check parameters
[0.125s] Level 1:colcon.colcon_core.package_discovery:discover_packages(recursive) check parameters
[0.125s] Level 1:colcon.colcon_core.package_discovery:discover_packages(ignore) check parameters
[0.125s] Level 1:colcon.colcon_core.package_discovery:discover_packages(path) check parameters
[0.125s] Level 1:colcon.colcon_core.package_discovery:discover_packages(colcon_meta) discover
[0.125s] Level 1:colcon.colcon_core.package_discovery:discover_packages(recursive) discover
[0.125s] INFO:colcon.colcon_core.package_discovery:Crawling recursively for packages in '/home/ineogi2/Biorobotics/ros2_ws'
[0.125s] Level 1:colcon.colcon_core.package_identification:_identify(.) by extensions ['ignore', 'ignore_ament_install']
[0.125s] Level 1:colcon.colcon_core.package_identification:_identify(.) by extension 'ignore'
[0.125s] Level 1:colcon.colcon_core.package_identification:_identify(.) by extension 'ignore_ament_install'
[0.125s] Level 1:colcon.colcon_core.package_identification:_identify(.) by extensions ['colcon_pkg']
[0.125s] Level 1:colcon.colcon_core.package_identification:_identify(.) by extension 'colcon_pkg'
[0.125s] Level 1:colcon.colcon_core.package_identification:_identify(.) by extensions ['colcon_meta']
[0.125s] Level 1:colcon.colcon_core.package_identification:_identify(.) by extension 'colcon_meta'
[0.126s] Level 1:colcon.colcon_core.package_identification:_identify(.) by extensions ['ros']
[0.126s] Level 1:colcon.colcon_core.package_identification:_identify(.) by extension 'ros'
[0.134s] Level 1:colcon.colcon_core.package_identification:_identify(.) by extensions ['cmake', 'python']
[0.135s] Level 1:colcon.colcon_core.package_identification:_identify(.) by extension 'cmake'
[0.135s] Level 1:colcon.colcon_core.package_identification:_identify(.) by extension 'python'
[0.135s] Level 1:colcon.colcon_core.package_identification:_identify(.) by extensions ['python_setup_py']
[0.135s] Level 1:colcon.colcon_core.package_identification:_identify(.) by extension 'python_setup_py'
[0.135s] Level 1:colcon.colcon_core.package_identification:_identify(build) by extensions ['ignore', 'ignore_ament_install']
[0.135s] Level 1:colcon.colcon_core.package_identification:_identify(build) by extension 'ignore'
[0.135s] Level 1:colcon.colcon_core.package_identification:_identify(build) ignored
[0.135s] Level 1:colcon.colcon_core.package_identification:_identify(install) by extensions ['ignore', 'ignore_ament_install']
[0.135s] Level 1:colcon.colcon_core.package_identification:_identify(install) by extension 'ignore'
[0.135s] Level 1:colcon.colcon_core.package_identification:_identify(install) ignored
[0.135s] Level 1:colcon.colcon_core.package_identification:_identify(log) by extensions ['ignore', 'ignore_ament_install']
[0.135s] Level 1:colcon.colcon_core.package_identification:_identify(log) by extension 'ignore'
[0.135s] Level 1:colcon.colcon_core.package_identification:_identify(log) ignored
[0.135s] Level 1:colcon.colcon_core.package_identification:_identify(src) by extensions ['ignore', 'ignore_ament_install']
[0.136s] Level 1:colcon.colcon_core.package_identification:_identify(src) by extension 'ignore'
[0.136s] Level 1:colcon.colcon_core.package_identification:_identify(src) by extension 'ignore_ament_install'
[0.136s] Level 1:colcon.colcon_core.package_identification:_identify(src) by extensions ['colcon_pkg']
[0.136s] Level 1:colcon.colcon_core.package_identification:_identify(src) by extension 'colcon_pkg'
[0.136s] Level 1:colcon.colcon_core.package_identification:_identify(src) by extensions ['colcon_meta']
[0.136s] Level 1:colcon.colcon_core.package_identification:_identify(src) by extension 'colcon_meta'
[0.136s] Level 1:colcon.colcon_core.package_identification:_identify(src) by extensions ['ros']
[0.136s] Level 1:colcon.colcon_core.package_identification:_identify(src) by extension 'ros'
[0.136s] Level 1:colcon.colcon_core.package_identification:_identify(src) by extensions ['cmake', 'python']
[0.136s] Level 1:colcon.colcon_core.package_identification:_identify(src) by extension 'cmake'
[0.136s] Level 1:colcon.colcon_core.package_identification:_identify(src) by extension 'python'
[0.136s] Level 1:colcon.colcon_core.package_identification:_identify(src) by extensions ['python_setup_py']
[0.136s] Level 1:colcon.colcon_core.package_identification:_identify(src) by extension 'python_setup_py'
[0.136s] Level 1:colcon.colcon_core.package_identification:_identify(src/realsense-ros) by extensions ['ignore', 'ignore_ament_install']
[0.136s] Level 1:colcon.colcon_core.package_identification:_identify(src/realsense-ros) by extension 'ignore'
[0.136s] Level 1:colcon.colcon_core.package_identification:_identify(src/realsense-ros) by extension 'ignore_ament_install'
[0.136s] Level 1:colcon.colcon_core.package_identification:_identify(src/realsense-ros) by extensions ['colcon_pkg']
[0.136s] Level 1:colcon.colcon_core.package_identification:_identify(src/realsense-ros) by extension 'colcon_pkg'
[0.136s] Level 1:colcon.colcon_core.package_identification:_identify(src/realsense-ros) by extensions ['colcon_meta']
[0.136s] Level 1:colcon.colcon_core.package_identification:_identify(src/realsense-ros) by extension 'colcon_meta'
[0.136s] Level 1:colcon.colcon_core.package_identification:_identify(src/realsense-ros) by extensions ['ros']
[0.136s] Level 1:colcon.colcon_core.package_identification:_identify(src/realsense-ros) by extension 'ros'
[0.136s] Level 1:colcon.colcon_core.package_identification:_identify(src/realsense-ros) by extensions ['cmake', 'python']
[0.136s] Level 1:colcon.colcon_core.package_identification:_identify(src/realsense-ros) by extension 'cmake'
[0.137s] Level 1:colcon.colcon_core.package_identification:_identify(src/realsense-ros) by extension 'python'
[0.137s] Level 1:colcon.colcon_core.package_identification:_identify(src/realsense-ros) by extensions ['python_setup_py']
[0.137s] Level 1:colcon.colcon_core.package_identification:_identify(src/realsense-ros) by extension 'python_setup_py'
[0.137s] Level 1:colcon.colcon_core.package_identification:_identify(src/realsense-ros/realsense2_camera) by extensions ['ignore', 'ignore_ament_install']
[0.137s] Level 1:colcon.colcon_core.package_identification:_identify(src/realsense-ros/realsense2_camera) by extension 'ignore'
[0.137s] Level 1:colcon.colcon_core.package_identification:_identify(src/realsense-ros/realsense2_camera) by extension 'ignore_ament_install'
[0.137s] Level 1:colcon.colcon_core.package_identification:_identify(src/realsense-ros/realsense2_camera) by extensions ['colcon_pkg']
[0.137s] Level 1:colcon.colcon_core.package_identification:_identify(src/realsense-ros/realsense2_camera) by extension 'colcon_pkg'
[0.137s] Level 1:colcon.colcon_core.package_identification:_identify(src/realsense-ros/realsense2_camera) by extensions ['colcon_meta']
[0.137s] Level 1:colcon.colcon_core.package_identification:_identify(src/realsense-ros/realsense2_camera) by extension 'colcon_meta'
[0.137s] Level 1:colcon.colcon_core.package_identification:_identify(src/realsense-ros/realsense2_camera) by extensions ['ros']
[0.137s] Level 1:colcon.colcon_core.package_identification:_identify(src/realsense-ros/realsense2_camera) by extension 'ros'
[0.140s] DEBUG:colcon.colcon_core.package_identification:Package 'src/realsense-ros/realsense2_camera' with type 'ros.ament_cmake' and name 'realsense2_camera'
[0.140s] Level 1:colcon.colcon_core.package_identification:_identify(src/realsense-ros/realsense2_camera_msgs) by extensions ['ignore', 'ignore_ament_install']
[0.140s] Level 1:colcon.colcon_core.package_identification:_identify(src/realsense-ros/realsense2_camera_msgs) by extension 'ignore'
[0.140s] Level 1:colcon.colcon_core.package_identification:_identify(src/realsense-ros/realsense2_camera_msgs) by extension 'ignore_ament_install'
[0.140s] Level 1:colcon.colcon_core.package_identification:_identify(src/realsense-ros/realsense2_camera_msgs) by extensions ['colcon_pkg']
[0.140s] Level 1:colcon.colcon_core.package_identification:_identify(src/realsense-ros/realsense2_camera_msgs) by extension 'colcon_pkg'
[0.140s] Level 1:colcon.colcon_core.package_identification:_identify(src/realsense-ros/realsense2_camera_msgs) by extensions ['colcon_meta']
[0.140s] Level 1:colcon.colcon_core.package_identification:_identify(src/realsense-ros/realsense2_camera_msgs) by extension 'colcon_meta'
[0.140s] Level 1:colcon.colcon_core.package_identification:_identify(src/realsense-ros/realsense2_camera_msgs) by extensions ['ros']
[0.140s] Level 1:colcon.colcon_core.package_identification:_identify(src/realsense-ros/realsense2_camera_msgs) by extension 'ros'
[0.141s] DEBUG:colcon.colcon_core.package_identification:Package 'src/realsense-ros/realsense2_camera_msgs' with type 'ros.ament_cmake' and name 'realsense2_camera_msgs'
[0.141s] Level 1:colcon.colcon_core.package_identification:_identify(src/realsense-ros/realsense2_description) by extensions ['ignore', 'ignore_ament_install']
[0.141s] Level 1:colcon.colcon_core.package_identification:_identify(src/realsense-ros/realsense2_description) by extension 'ignore'
[0.141s] Level 1:colcon.colcon_core.package_identification:_identify(src/realsense-ros/realsense2_description) by extension 'ignore_ament_install'
[0.141s] Level 1:colcon.colcon_core.package_identification:_identify(src/realsense-ros/realsense2_description) by extensions ['colcon_pkg']
[0.141s] Level 1:colcon.colcon_core.package_identification:_identify(src/realsense-ros/realsense2_description) by extension 'colcon_pkg'
[0.141s] Level 1:colcon.colcon_core.package_identification:_identify(src/realsense-ros/realsense2_description) by extensions ['colcon_meta']
[0.141s] Level 1:colcon.colcon_core.package_identification:_identify(src/realsense-ros/realsense2_description) by extension 'colcon_meta'
[0.141s] Level 1:colcon.colcon_core.package_identification:_identify(src/realsense-ros/realsense2_description) by extensions ['ros']
[0.141s] Level 1:colcon.colcon_core.package_identification:_identify(src/realsense-ros/realsense2_description) by extension 'ros'
[0.142s] DEBUG:colcon.colcon_core.package_identification:Package 'src/realsense-ros/realsense2_description' with type 'ros.ament_cmake' and name 'realsense2_description'
[0.142s] Level 1:colcon.colcon_core.package_identification:_identify(src/realsense-ros/scripts) by extensions ['ignore', 'ignore_ament_install']
[0.142s] Level 1:colcon.colcon_core.package_identification:_identify(src/realsense-ros/scripts) by extension 'ignore'
[0.142s] Level 1:colcon.colcon_core.package_identification:_identify(src/realsense-ros/scripts) by extension 'ignore_ament_install'
[0.142s] Level 1:colcon.colcon_core.package_identification:_identify(src/realsense-ros/scripts) by extensions ['colcon_pkg']
[0.142s] Level 1:colcon.colcon_core.package_identification:_identify(src/realsense-ros/scripts) by extension 'colcon_pkg'
[0.142s] Level 1:colcon.colcon_core.package_identification:_identify(src/realsense-ros/scripts) by extensions ['colcon_meta']
[0.142s] Level 1:colcon.colcon_core.package_identification:_identify(src/realsense-ros/scripts) by extension 'colcon_meta'
[0.142s] Level 1:colcon.colcon_core.package_identification:_identify(src/realsense-ros/scripts) by extensions ['ros']
[0.142s] Level 1:colcon.colcon_core.package_identification:_identify(src/realsense-ros/scripts) by extension 'ros'
[0.142s] Level 1:colcon.colcon_core.package_identification:_identify(src/realsense-ros/scripts) by extensions ['cmake', 'python']
[0.142s] Level 1:colcon.colcon_core.package_identification:_identify(src/realsense-ros/scripts) by extension 'cmake'
[0.143s] Level 1:colcon.colcon_core.package_identification:_identify(src/realsense-ros/scripts) by extension 'python'
[0.143s] Level 1:colcon.colcon_core.package_identification:_identify(src/realsense-ros/scripts) by extensions ['python_setup_py']
[0.143s] Level 1:colcon.colcon_core.package_identification:_identify(src/realsense-ros/scripts) by extension 'python_setup_py'
[0.143s] Level 1:colcon.colcon_core.package_identification:_identify(src/ros_image) by extensions ['ignore', 'ignore_ament_install']
[0.143s] Level 1:colcon.colcon_core.package_identification:_identify(src/ros_image) by extension 'ignore'
[0.143s] Level 1:colcon.colcon_core.package_identification:_identify(src/ros_image) by extension 'ignore_ament_install'
[0.143s] Level 1:colcon.colcon_core.package_identification:_identify(src/ros_image) by extensions ['colcon_pkg']
[0.143s] Level 1:colcon.colcon_core.package_identification:_identify(src/ros_image) by extension 'colcon_pkg'
[0.143s] Level 1:colcon.colcon_core.package_identification:_identify(src/ros_image) by extensions ['colcon_meta']
[0.143s] Level 1:colcon.colcon_core.package_identification:_identify(src/ros_image) by extension 'colcon_meta'
[0.143s] Level 1:colcon.colcon_core.package_identification:_identify(src/ros_image) by extensions ['ros']
[0.143s] Level 1:colcon.colcon_core.package_identification:_identify(src/ros_image) by extension 'ros'
[0.143s] DEBUG:colcon.colcon_core.package_identification:Package 'src/ros_image' with type 'ros.ament_python' and name 'ros_image'
[0.143s] Level 1:colcon.colcon_core.package_discovery:discover_packages(recursive) using defaults
[0.144s] Level 1:colcon.colcon_core.package_discovery:discover_packages(ignore) discover
[0.144s] Level 1:colcon.colcon_core.package_discovery:discover_packages(ignore) using defaults
[0.144s] Level 1:colcon.colcon_core.package_discovery:discover_packages(path) discover
[0.144s] Level 1:colcon.colcon_core.package_discovery:discover_packages(path) using defaults
[0.158s] Level 1:colcon.colcon_core.package_discovery:discover_packages(prefix_path) check parameters
[0.158s] Level 1:colcon.colcon_core.package_discovery:discover_packages(prefix_path) discover
[0.160s] DEBUG:colcon.colcon_installed_package_information.package_discovery:Found 3 installed packages in /home/ineogi2/micro_ws/install
[0.160s] DEBUG:colcon.colcon_installed_package_information.package_discovery:Found 4 installed packages in /home/ineogi2/Biorobotics/ros2_ws/install
[0.161s] DEBUG:colcon.colcon_installed_package_information.package_discovery:Found 258 installed packages in /opt/ros/foxy
[0.163s] Level 1:colcon.colcon_core.package_discovery:discover_packages(prefix_path) using defaults
[0.227s] Level 5:colcon.colcon_core.verb:set package 'realsense2_camera_msgs' build argument 'cmake_args' from command line to 'None'
[0.227s] Level 5:colcon.colcon_core.verb:set package 'realsense2_camera_msgs' build argument 'cmake_target' from command line to 'None'
[0.227s] Level 5:colcon.colcon_core.verb:set package 'realsense2_camera_msgs' build argument 'cmake_target_skip_unavailable' from command line to 'False'
[0.227s] Level 5:colcon.colcon_core.verb:set package 'realsense2_camera_msgs' build argument 'cmake_clean_cache' from command line to 'False'
[0.227s] Level 5:colcon.colcon_core.verb:set package 'realsense2_camera_msgs' build argument 'cmake_clean_first' from command line to 'False'
[0.227s] Level 5:colcon.colcon_core.verb:set package 'realsense2_camera_msgs' build argument 'cmake_force_configure' from command line to 'False'
[0.227s] Level 5:colcon.colcon_core.verb:set package 'realsense2_camera_msgs' build argument 'ament_cmake_args' from command line to 'None'
[0.227s] Level 5:colcon.colcon_core.verb:set package 'realsense2_camera_msgs' build argument 'catkin_cmake_args' from command line to 'None'
[0.228s] Level 5:colcon.colcon_core.verb:set package 'realsense2_camera_msgs' build argument 'catkin_skip_building_tests' from command line to 'False'
[0.228s] DEBUG:colcon.colcon_core.verb:Building package 'realsense2_camera_msgs' with the following arguments: {'ament_cmake_args': None, 'build_base': '/home/ineogi2/Biorobotics/ros2_ws/build/realsense2_camera_msgs', 'catkin_cmake_args': None, 'catkin_skip_building_tests': False, 'cmake_args': None, 'cmake_clean_cache': False, 'cmake_clean_first': False, 'cmake_force_configure': False, 'cmake_target': None, 'cmake_target_skip_unavailable': False, 'install_base': '/home/ineogi2/Biorobotics/ros2_ws/install/realsense2_camera_msgs', 'merge_install': False, 'path': '/home/ineogi2/Biorobotics/ros2_ws/src/realsense-ros/realsense2_camera_msgs', 'symlink_install': True, 'test_result_base': None}
[0.228s] Level 5:colcon.colcon_core.verb:set package 'ros_image' build argument 'cmake_args' from command line to 'None'
[0.228s] Level 5:colcon.colcon_core.verb:set package 'ros_image' build argument 'cmake_target' from command line to 'None'
[0.228s] Level 5:colcon.colcon_core.verb:set package 'ros_image' build argument 'cmake_target_skip_unavailable' from command line to 'False'
[0.228s] Level 5:colcon.colcon_core.verb:set package 'ros_image' build argument 'cmake_clean_cache' from command line to 'False'
[0.228s] Level 5:colcon.colcon_core.verb:set package 'ros_image' build argument 'cmake_clean_first' from command line to 'False'
[0.228s] Level 5:colcon.colcon_core.verb:set package 'ros_image' build argument 'cmake_force_configure' from command line to 'False'
[0.228s] Level 5:colcon.colcon_core.verb:set package 'ros_image' build argument 'ament_cmake_args' from command line to 'None'
[0.228s] Level 5:colcon.colcon_core.verb:set package 'ros_image' build argument 'catkin_cmake_args' from command line to 'None'
[0.228s] Level 5:colcon.colcon_core.verb:set package 'ros_image' build argument 'catkin_skip_building_tests' from command line to 'False'
[0.228s] DEBUG:colcon.colcon_core.verb:Building package 'ros_image' with the following arguments: {'ament_cmake_args': None, 'build_base': '/home/ineogi2/Biorobotics/ros2_ws/build/ros_image', 'catkin_cmake_args': None, 'catkin_skip_building_tests': False, 'cmake_args': None, 'cmake_clean_cache': False, 'cmake_clean_first': False, 'cmake_force_configure': False, 'cmake_target': None, 'cmake_target_skip_unavailable': False, 'install_base': '/home/ineogi2/Biorobotics/ros2_ws/install/ros_image', 'merge_install': False, 'path': '/home/ineogi2/Biorobotics/ros2_ws/src/ros_image', 'symlink_install': True, 'test_result_base': None}
[0.229s] Level 5:colcon.colcon_core.verb:set package 'realsense2_camera' build argument 'cmake_args' from command line to 'None'
[0.229s] Level 5:colcon.colcon_core.verb:set package 'realsense2_camera' build argument 'cmake_target' from command line to 'None'
[0.229s] Level 5:colcon.colcon_core.verb:set package 'realsense2_camera' build argument 'cmake_target_skip_unavailable' from command line to 'False'
[0.229s] Level 5:colcon.colcon_core.verb:set package 'realsense2_camera' build argument 'cmake_clean_cache' from command line to 'False'
[0.229s] Level 5:colcon.colcon_core.verb:set package 'realsense2_camera' build argument 'cmake_clean_first' from command line to 'False'
[0.229s] Level 5:colcon.colcon_core.verb:set package 'realsense2_camera' build argument 'cmake_force_configure' from command line to 'False'
[0.229s] Level 5:colcon.colcon_core.verb:set package 'realsense2_camera' build argument 'ament_cmake_args' from command line to 'None'
[0.229s] Level 5:colcon.colcon_core.verb:set package 'realsense2_camera' build argument 'catkin_cmake_args' from command line to 'None'
[0.229s] Level 5:colcon.colcon_core.verb:set package 'realsense2_camera' build argument 'catkin_skip_building_tests' from command line to 'False'
[0.229s] DEBUG:colcon.colcon_core.verb:Building package 'realsense2_camera' with the following arguments: {'ament_cmake_args': None, 'build_base': '/home/ineogi2/Biorobotics/ros2_ws/build/realsense2_camera', 'catkin_cmake_args': None, 'catkin_skip_building_tests': False, 'cmake_args': None, 'cmake_clean_cache': False, 'cmake_clean_first': False, 'cmake_force_configure': False, 'cmake_target': None, 'cmake_target_skip_unavailable': False, 'install_base': '/home/ineogi2/Biorobotics/ros2_ws/install/realsense2_camera', 'merge_install': False, 'path': '/home/ineogi2/Biorobotics/ros2_ws/src/realsense-ros/realsense2_camera', 'symlink_install': True, 'test_result_base': None}
[0.230s] Level 5:colcon.colcon_core.verb:set package 'realsense2_description' build argument 'cmake_args' from command line to 'None'
[0.230s] Level 5:colcon.colcon_core.verb:set package 'realsense2_description' build argument 'cmake_target' from command line to 'None'
[0.230s] Level 5:colcon.colcon_core.verb:set package 'realsense2_description' build argument 'cmake_target_skip_unavailable' from command line to 'False'
[0.230s] Level 5:colcon.colcon_core.verb:set package 'realsense2_description' build argument 'cmake_clean_cache' from command line to 'False'
[0.230s] Level 5:colcon.colcon_core.verb:set package 'realsense2_description' build argument 'cmake_clean_first' from command line to 'False'
[0.230s] Level 5:colcon.colcon_core.verb:set package 'realsense2_description' build argument 'cmake_force_configure' from command line to 'False'
[0.230s] Level 5:colcon.colcon_core.verb:set package 'realsense2_description' build argument 'ament_cmake_args' from command line to 'None'
[0.230s] Level 5:colcon.colcon_core.verb:set package 'realsense2_description' build argument 'catkin_cmake_args' from command line to 'None'
[0.230s] Level 5:colcon.colcon_core.verb:set package 'realsense2_description' build argument 'catkin_skip_building_tests' from command line to 'False'
[0.230s] DEBUG:colcon.colcon_core.verb:Building package 'realsense2_description' with the following arguments: {'ament_cmake_args': None, 'build_base': '/home/ineogi2/Biorobotics/ros2_ws/build/realsense2_description', 'catkin_cmake_args': None, 'catkin_skip_building_tests': False, 'cmake_args': None, 'cmake_clean_cache': False, 'cmake_clean_first': False, 'cmake_force_configure': False, 'cmake_target': None, 'cmake_target_skip_unavailable': False, 'install_base': '/home/ineogi2/Biorobotics/ros2_ws/install/realsense2_description', 'merge_install': False, 'path': '/home/ineogi2/Biorobotics/ros2_ws/src/realsense-ros/realsense2_description', 'symlink_install': True, 'test_result_base': None}
[0.230s] INFO:colcon.colcon_core.executor:Executing jobs using 'parallel' executor
[0.232s] DEBUG:colcon.colcon_parallel_executor.executor.parallel:run_until_complete
[0.232s] INFO:colcon.colcon_ros.task.ament_cmake.build:Building ROS package in '/home/ineogi2/Biorobotics/ros2_ws/src/realsense-ros/realsense2_camera_msgs' with build type 'ament_cmake'
[0.232s] INFO:colcon.colcon_cmake.task.cmake.build:Building CMake package in '/home/ineogi2/Biorobotics/ros2_ws/src/realsense-ros/realsense2_camera_msgs'
[0.235s] INFO:colcon.colcon_core.plugin_system:Skipping extension 'colcon_core.shell.bat': Not used on non-Windows systems
[0.235s] INFO:colcon.colcon_core.shell:Skip shell extension 'powershell' for command environment: Not usable outside of PowerShell
[0.235s] DEBUG:colcon.colcon_core.shell:Skip shell extension 'dsv' for command environment
[0.239s] INFO:colcon.colcon_ros.task.ament_python.build:Building ROS package in '/home/ineogi2/Biorobotics/ros2_ws/src/ros_image' with build type 'ament_python'
[0.239s] Level 1:colcon.colcon_core.shell:create_environment_hook('ros_image', 'ament_prefix_path')
[0.240s] INFO:colcon.colcon_core.shell:Creating environment hook '/home/ineogi2/Biorobotics/ros2_ws/install/ros_image/share/ros_image/hook/ament_prefix_path.ps1'
[0.240s] INFO:colcon.colcon_core.shell:Creating environment descriptor '/home/ineogi2/Biorobotics/ros2_ws/install/ros_image/share/ros_image/hook/ament_prefix_path.dsv'
[0.241s] INFO:colcon.colcon_core.shell:Creating environment hook '/home/ineogi2/Biorobotics/ros2_ws/install/ros_image/share/ros_image/hook/ament_prefix_path.sh'
[0.242s] INFO:colcon.colcon_core.shell:Skip shell extension 'powershell' for command environment: Not usable outside of PowerShell
[0.242s] DEBUG:colcon.colcon_core.shell:Skip shell extension 'dsv' for command environment
[0.250s] DEBUG:colcon.colcon_core.event_handler.log_command:Invoking command in '/home/ineogi2/Biorobotics/ros2_ws/build/realsense2_camera_msgs': CMAKE_PREFIX_PATH=${CMAKE_PREFIX_PATH}:/home/ineogi2/Biorobotics/ros2_ws/install/ros_image:/opt/ros/foxy /usr/bin/cmake --build /home/ineogi2/Biorobotics/ros2_ws/build/realsense2_camera_msgs -- -j12 -l12
[0.467s] INFO:colcon.colcon_core.task.python.build:Building Python package in '/home/ineogi2/Biorobotics/ros2_ws/src/ros_image'
[0.468s] INFO:colcon.colcon_core.shell:Skip shell extension 'powershell' for command environment: Not usable outside of PowerShell
[0.468s] DEBUG:colcon.colcon_core.shell:Skip shell extension 'dsv' for command environment
[0.479s] DEBUG:colcon.colcon_core.event_handler.log_command:Invoked command in '/home/ineogi2/Biorobotics/ros2_ws/build/realsense2_camera_msgs' returned '0': CMAKE_PREFIX_PATH=${CMAKE_PREFIX_PATH}:/home/ineogi2/Biorobotics/ros2_ws/install/ros_image:/opt/ros/foxy /usr/bin/cmake --build /home/ineogi2/Biorobotics/ros2_ws/build/realsense2_camera_msgs -- -j12 -l12
[0.557s] DEBUG:colcon.colcon_core.event_handler.log_command:Invoking command in '/home/ineogi2/Biorobotics/ros2_ws/build/realsense2_camera_msgs': CMAKE_PREFIX_PATH=${CMAKE_PREFIX_PATH}:/home/ineogi2/Biorobotics/ros2_ws/install/ros_image:/opt/ros/foxy /usr/bin/cmake --install /home/ineogi2/Biorobotics/ros2_ws/build/realsense2_camera_msgs
[0.635s] Level 1:colcon.colcon_core.environment:create_environment_scripts_only(realsense2_camera_msgs)
[0.636s] DEBUG:colcon.colcon_core.event_handler.log_command:Invoked command in '/home/ineogi2/Biorobotics/ros2_ws/build/realsense2_camera_msgs' returned '0': CMAKE_PREFIX_PATH=${CMAKE_PREFIX_PATH}:/home/ineogi2/Biorobotics/ros2_ws/install/ros_image:/opt/ros/foxy /usr/bin/cmake --install /home/ineogi2/Biorobotics/ros2_ws/build/realsense2_camera_msgs
[0.640s] Level 1:colcon.colcon_core.environment:checking '/home/ineogi2/Biorobotics/ros2_ws/install/realsense2_camera_msgs' for CMake module files
[0.640s] Level 1:colcon.colcon_core.environment:checking '/home/ineogi2/Biorobotics/ros2_ws/install/realsense2_camera_msgs' for CMake config files
[0.641s] Level 1:colcon.colcon_core.shell:create_environment_hook('realsense2_camera_msgs', 'cmake_prefix_path')
[0.642s] INFO:colcon.colcon_core.shell:Creating environment hook '/home/ineogi2/Biorobotics/ros2_ws/install/realsense2_camera_msgs/share/realsense2_camera_msgs/hook/cmake_prefix_path.ps1'
[0.642s] INFO:colcon.colcon_core.shell:Creating environment descriptor '/home/ineogi2/Biorobotics/ros2_ws/install/realsense2_camera_msgs/share/realsense2_camera_msgs/hook/cmake_prefix_path.dsv'
[0.642s] INFO:colcon.colcon_core.shell:Creating environment hook '/home/ineogi2/Biorobotics/ros2_ws/install/realsense2_camera_msgs/share/realsense2_camera_msgs/hook/cmake_prefix_path.sh'
[0.643s] Level 1:colcon.colcon_core.environment:checking '/home/ineogi2/Biorobotics/ros2_ws/install/realsense2_camera_msgs/lib'
[0.643s] Level 1:colcon.colcon_core.shell:create_environment_hook('realsense2_camera_msgs', 'ld_library_path_lib')
[0.644s] INFO:colcon.colcon_core.shell:Creating environment hook '/home/ineogi2/Biorobotics/ros2_ws/install/realsense2_camera_msgs/share/realsense2_camera_msgs/hook/ld_library_path_lib.ps1'
[0.644s] INFO:colcon.colcon_core.shell:Creating environment descriptor '/home/ineogi2/Biorobotics/ros2_ws/install/realsense2_camera_msgs/share/realsense2_camera_msgs/hook/ld_library_path_lib.dsv'
[0.644s] INFO:colcon.colcon_core.shell:Creating environment hook '/home/ineogi2/Biorobotics/ros2_ws/install/realsense2_camera_msgs/share/realsense2_camera_msgs/hook/ld_library_path_lib.sh'
[0.644s] Level 1:colcon.colcon_core.environment:checking '/home/ineogi2/Biorobotics/ros2_ws/install/realsense2_camera_msgs/bin'
[0.645s] Level 1:colcon.colcon_core.environment:checking '/home/ineogi2/Biorobotics/ros2_ws/install/realsense2_camera_msgs/lib/pkgconfig/realsense2_camera_msgs.pc'
[0.645s] Level 1:colcon.colcon_core.environment:checking '/home/ineogi2/Biorobotics/ros2_ws/install/realsense2_camera_msgs/lib/python3.8/site-packages'
[0.645s] Level 1:colcon.colcon_core.shell:create_environment_hook('realsense2_camera_msgs', 'pythonpath')
[0.645s] INFO:colcon.colcon_core.shell:Creating environment hook '/home/ineogi2/Biorobotics/ros2_ws/install/realsense2_camera_msgs/share/realsense2_camera_msgs/hook/pythonpath.ps1'
[0.646s] INFO:colcon.colcon_core.shell:Creating environment descriptor '/home/ineogi2/Biorobotics/ros2_ws/install/realsense2_camera_msgs/share/realsense2_camera_msgs/hook/pythonpath.dsv'
[0.646s] INFO:colcon.colcon_core.shell:Creating environment hook '/home/ineogi2/Biorobotics/ros2_ws/install/realsense2_camera_msgs/share/realsense2_camera_msgs/hook/pythonpath.sh'
[0.646s] Level 1:colcon.colcon_core.environment:checking '/home/ineogi2/Biorobotics/ros2_ws/install/realsense2_camera_msgs/bin'
[0.647s] INFO:colcon.colcon_core.shell:Creating package script '/home/ineogi2/Biorobotics/ros2_ws/install/realsense2_camera_msgs/share/realsense2_camera_msgs/package.ps1'
[0.648s] INFO:colcon.colcon_core.shell:Creating package descriptor '/home/ineogi2/Biorobotics/ros2_ws/install/realsense2_camera_msgs/share/realsense2_camera_msgs/package.dsv'
[0.648s] INFO:colcon.colcon_core.shell:Creating package script '/home/ineogi2/Biorobotics/ros2_ws/install/realsense2_camera_msgs/share/realsense2_camera_msgs/package.sh'
[0.649s] INFO:colcon.colcon_core.shell:Creating package script '/home/ineogi2/Biorobotics/ros2_ws/install/realsense2_camera_msgs/share/realsense2_camera_msgs/package.bash'
[0.649s] INFO:colcon.colcon_core.shell:Creating package script '/home/ineogi2/Biorobotics/ros2_ws/install/realsense2_camera_msgs/share/realsense2_camera_msgs/package.zsh'
[0.650s] Level 1:colcon.colcon_core.environment:create_file_with_runtime_dependencies(/home/ineogi2/Biorobotics/ros2_ws/install/realsense2_camera_msgs/share/colcon-core/packages/realsense2_camera_msgs)
[0.723s] Level 1:colcon.colcon_core.environment:create_environment_scripts_only(realsense2_camera_msgs)
[0.724s] Level 1:colcon.colcon_core.environment:checking '/home/ineogi2/Biorobotics/ros2_ws/install/realsense2_camera_msgs' for CMake module files
[0.725s] Level 1:colcon.colcon_core.environment:checking '/home/ineogi2/Biorobotics/ros2_ws/install/realsense2_camera_msgs' for CMake config files
[0.726s] Level 1:colcon.colcon_core.shell:create_environment_hook('realsense2_camera_msgs', 'cmake_prefix_path')
[0.726s] INFO:colcon.colcon_core.shell:Creating environment hook '/home/ineogi2/Biorobotics/ros2_ws/install/realsense2_camera_msgs/share/realsense2_camera_msgs/hook/cmake_prefix_path.ps1'
[0.727s] INFO:colcon.colcon_core.shell:Creating environment descriptor '/home/ineogi2/Biorobotics/ros2_ws/install/realsense2_camera_msgs/share/realsense2_camera_msgs/hook/cmake_prefix_path.dsv'
[0.727s] INFO:colcon.colcon_core.shell:Creating environment hook '/home/ineogi2/Biorobotics/ros2_ws/install/realsense2_camera_msgs/share/realsense2_camera_msgs/hook/cmake_prefix_path.sh'
[0.728s] Level 1:colcon.colcon_core.environment:checking '/home/ineogi2/Biorobotics/ros2_ws/install/realsense2_camera_msgs/lib'
[0.728s] Level 1:colcon.colcon_core.shell:create_environment_hook('realsense2_camera_msgs', 'ld_library_path_lib')
[0.728s] INFO:colcon.colcon_core.shell:Creating environment hook '/home/ineogi2/Biorobotics/ros2_ws/install/realsense2_camera_msgs/share/realsense2_camera_msgs/hook/ld_library_path_lib.ps1'
[0.729s] INFO:colcon.colcon_core.shell:Creating environment descriptor '/home/ineogi2/Biorobotics/ros2_ws/install/realsense2_camera_msgs/share/realsense2_camera_msgs/hook/ld_library_path_lib.dsv'
[0.729s] INFO:colcon.colcon_core.shell:Creating environment hook '/home/ineogi2/Biorobotics/ros2_ws/install/realsense2_camera_msgs/share/realsense2_camera_msgs/hook/ld_library_path_lib.sh'
[0.729s] Level 1:colcon.colcon_core.environment:checking '/home/ineogi2/Biorobotics/ros2_ws/install/realsense2_camera_msgs/bin'
[0.729s] Level 1:colcon.colcon_core.environment:checking '/home/ineogi2/Biorobotics/ros2_ws/install/realsense2_camera_msgs/lib/pkgconfig/realsense2_camera_msgs.pc'
[0.729s] Level 1:colcon.colcon_core.environment:checking '/home/ineogi2/Biorobotics/ros2_ws/install/realsense2_camera_msgs/lib/python3.8/site-packages'
[0.729s] Level 1:colcon.colcon_core.shell:create_environment_hook('realsense2_camera_msgs', 'pythonpath')
[0.730s] INFO:colcon.colcon_core.shell:Creating environment hook '/home/ineogi2/Biorobotics/ros2_ws/install/realsense2_camera_msgs/share/realsense2_camera_msgs/hook/pythonpath.ps1'
[0.730s] INFO:colcon.colcon_core.shell:Creating environment descriptor '/home/ineogi2/Biorobotics/ros2_ws/install/realsense2_camera_msgs/share/realsense2_camera_msgs/hook/pythonpath.dsv'
[0.730s] INFO:colcon.colcon_core.shell:Creating environment hook '/home/ineogi2/Biorobotics/ros2_ws/install/realsense2_camera_msgs/share/realsense2_camera_msgs/hook/pythonpath.sh'
[0.731s] Level 1:colcon.colcon_core.environment:checking '/home/ineogi2/Biorobotics/ros2_ws/install/realsense2_camera_msgs/bin'
[0.731s] INFO:colcon.colcon_core.shell:Creating package script '/home/ineogi2/Biorobotics/ros2_ws/install/realsense2_camera_msgs/share/realsense2_camera_msgs/package.ps1'
[0.732s] INFO:colcon.colcon_core.shell:Creating package descriptor '/home/ineogi2/Biorobotics/ros2_ws/install/realsense2_camera_msgs/share/realsense2_camera_msgs/package.dsv'
[0.733s] INFO:colcon.colcon_core.shell:Creating package script '/home/ineogi2/Biorobotics/ros2_ws/install/realsense2_camera_msgs/share/realsense2_camera_msgs/package.sh'
[0.733s] INFO:colcon.colcon_core.shell:Creating package script '/home/ineogi2/Biorobotics/ros2_ws/install/realsense2_camera_msgs/share/realsense2_camera_msgs/package.bash'
[0.734s] INFO:colcon.colcon_core.shell:Creating package script '/home/ineogi2/Biorobotics/ros2_ws/install/realsense2_camera_msgs/share/realsense2_camera_msgs/package.zsh'
[0.734s] Level 1:colcon.colcon_core.environment:create_file_with_runtime_dependencies(/home/ineogi2/Biorobotics/ros2_ws/install/realsense2_camera_msgs/share/colcon-core/packages/realsense2_camera_msgs)
[0.734s] INFO:colcon.colcon_ros.task.ament_cmake.build:Building ROS package in '/home/ineogi2/Biorobotics/ros2_ws/src/realsense-ros/realsense2_camera' with build type 'ament_cmake'
[0.734s] INFO:colcon.colcon_cmake.task.cmake.build:Building CMake package in '/home/ineogi2/Biorobotics/ros2_ws/src/realsense-ros/realsense2_camera'
[0.735s] INFO:colcon.colcon_core.shell:Skip shell extension 'powershell' for command environment: Not usable outside of PowerShell
[0.735s] DEBUG:colcon.colcon_core.shell:Skip shell extension 'dsv' for command environment
[0.740s] INFO:colcon.colcon_ros.task.ament_cmake.build:Building ROS package in '/home/ineogi2/Biorobotics/ros2_ws/src/realsense-ros/realsense2_description' with build type 'ament_cmake'
[0.740s] INFO:colcon.colcon_cmake.task.cmake.build:Building CMake package in '/home/ineogi2/Biorobotics/ros2_ws/src/realsense-ros/realsense2_description'
[0.741s] INFO:colcon.colcon_core.shell:Skip shell extension 'powershell' for command environment: Not usable outside of PowerShell
[0.741s] DEBUG:colcon.colcon_core.shell:Skip shell extension 'dsv' for command environment
[0.753s] DEBUG:colcon.colcon_core.event_handler.log_command:Invoking command in '/home/ineogi2/Biorobotics/ros2_ws/build/realsense2_camera': CMAKE_PREFIX_PATH=/home/ineogi2/Biorobotics/ros2_ws/install/realsense2_camera_msgs:/home/ineogi2/micro_ws/install/micro_ros_setup:/home/ineogi2/micro_ws/install/micro_ros_agent:/home/ineogi2/micro_ws/install/micro_ros_msgs:/home/ineogi2/Biorobotics/ros2_ws/install/realsense2_description:/home/ineogi2/Biorobotics/ros2_ws/install/realsense2_camera:/home/ineogi2/Biorobotics/ros2_ws/install/ros_image:/opt/ros/foxy LD_LIBRARY_PATH=/home/ineogi2/Biorobotics/ros2_ws/install/realsense2_camera_msgs/lib:/home/ineogi2/micro_ws/install/micro_ros_agent/lib:/home/ineogi2/micro_ws/install/micro_ros_msgs/lib:/home/ineogi2/Biorobotics/ros2_ws/install/realsense2_camera/lib:/opt/ros/foxy/opt/yaml_cpp_vendor/lib:/opt/ros/foxy/opt/rviz_ogre_vendor/lib:/opt/ros/foxy/lib/x86_64-linux-gnu:/opt/ros/foxy/lib PYTHONPATH=/home/ineogi2/Biorobotics/ros2_ws/install/realsense2_camera_msgs/lib/python3.8/site-packages:/home/ineogi2/micro_ws/install/micro_ros_msgs/lib/python3.8/site-packages:/home/ineogi2/Biorobotics/ros2_ws/build/ros_image:/home/ineogi2/Biorobotics/ros2_ws/install/ros_image/lib/python3.8/site-packages:/opt/ros/foxy/lib/python3.8/site-packages /usr/bin/cmake --build /home/ineogi2/Biorobotics/ros2_ws/build/realsense2_camera -- -j12 -l12
[0.760s] DEBUG:colcon.colcon_core.event_handler.log_command:Invoking command in '/home/ineogi2/Biorobotics/ros2_ws/build/realsense2_description': CMAKE_PREFIX_PATH=/home/ineogi2/Biorobotics/ros2_ws/install/realsense2_camera_msgs:/home/ineogi2/micro_ws/install/micro_ros_setup:/home/ineogi2/micro_ws/install/micro_ros_agent:/home/ineogi2/micro_ws/install/micro_ros_msgs:/home/ineogi2/Biorobotics/ros2_ws/install/realsense2_description:/home/ineogi2/Biorobotics/ros2_ws/install/realsense2_camera:/home/ineogi2/Biorobotics/ros2_ws/install/ros_image:/opt/ros/foxy LD_LIBRARY_PATH=/home/ineogi2/Biorobotics/ros2_ws/install/realsense2_camera_msgs/lib:/home/ineogi2/micro_ws/install/micro_ros_agent/lib:/home/ineogi2/micro_ws/install/micro_ros_msgs/lib:/home/ineogi2/Biorobotics/ros2_ws/install/realsense2_camera/lib:/opt/ros/foxy/opt/yaml_cpp_vendor/lib:/opt/ros/foxy/opt/rviz_ogre_vendor/lib:/opt/ros/foxy/lib/x86_64-linux-gnu:/opt/ros/foxy/lib PYTHONPATH=/home/ineogi2/Biorobotics/ros2_ws/install/realsense2_camera_msgs/lib/python3.8/site-packages:/home/ineogi2/micro_ws/install/micro_ros_msgs/lib/python3.8/site-packages:/home/ineogi2/Biorobotics/ros2_ws/build/ros_image:/home/ineogi2/Biorobotics/ros2_ws/install/ros_image/lib/python3.8/site-packages:/opt/ros/foxy/lib/python3.8/site-packages /usr/bin/cmake --build /home/ineogi2/Biorobotics/ros2_ws/build/realsense2_description -- -j12 -l12
[0.798s] DEBUG:colcon.colcon_core.event_handler.log_command:Invoked command in '/home/ineogi2/Biorobotics/ros2_ws/build/realsense2_description' returned '0': CMAKE_PREFIX_PATH=/home/ineogi2/Biorobotics/ros2_ws/install/realsense2_camera_msgs:/home/ineogi2/micro_ws/install/micro_ros_setup:/home/ineogi2/micro_ws/install/micro_ros_agent:/home/ineogi2/micro_ws/install/micro_ros_msgs:/home/ineogi2/Biorobotics/ros2_ws/install/realsense2_description:/home/ineogi2/Biorobotics/ros2_ws/install/realsense2_camera:/home/ineogi2/Biorobotics/ros2_ws/install/ros_image:/opt/ros/foxy LD_LIBRARY_PATH=/home/ineogi2/Biorobotics/ros2_ws/install/realsense2_camera_msgs/lib:/home/ineogi2/micro_ws/install/micro_ros_agent/lib:/home/ineogi2/micro_ws/install/micro_ros_msgs/lib:/home/ineogi2/Biorobotics/ros2_ws/install/realsense2_camera/lib:/opt/ros/foxy/opt/yaml_cpp_vendor/lib:/opt/ros/foxy/opt/rviz_ogre_vendor/lib:/opt/ros/foxy/lib/x86_64-linux-gnu:/opt/ros/foxy/lib PYTHONPATH=/home/ineogi2/Biorobotics/ros2_ws/install/realsense2_camera_msgs/lib/python3.8/site-packages:/home/ineogi2/micro_ws/install/micro_ros_msgs/lib/python3.8/site-packages:/home/ineogi2/Biorobotics/ros2_ws/build/ros_image:/home/ineogi2/Biorobotics/ros2_ws/install/ros_image/lib/python3.8/site-packages:/opt/ros/foxy/lib/python3.8/site-packages /usr/bin/cmake --build /home/ineogi2/Biorobotics/ros2_ws/build/realsense2_description -- -j12 -l12
[0.820s] DEBUG:colcon.colcon_core.event_handler.log_command:Invoking command in '/home/ineogi2/Biorobotics/ros2_ws/build/realsense2_description': CMAKE_PREFIX_PATH=/home/ineogi2/Biorobotics/ros2_ws/install/realsense2_camera_msgs:/home/ineogi2/micro_ws/install/micro_ros_setup:/home/ineogi2/micro_ws/install/micro_ros_agent:/home/ineogi2/micro_ws/install/micro_ros_msgs:/home/ineogi2/Biorobotics/ros2_ws/install/realsense2_description:/home/ineogi2/Biorobotics/ros2_ws/install/realsense2_camera:/home/ineogi2/Biorobotics/ros2_ws/install/ros_image:/opt/ros/foxy LD_LIBRARY_PATH=/home/ineogi2/Biorobotics/ros2_ws/install/realsense2_camera_msgs/lib:/home/ineogi2/micro_ws/install/micro_ros_agent/lib:/home/ineogi2/micro_ws/install/micro_ros_msgs/lib:/home/ineogi2/Biorobotics/ros2_ws/install/realsense2_camera/lib:/opt/ros/foxy/opt/yaml_cpp_vendor/lib:/opt/ros/foxy/opt/rviz_ogre_vendor/lib:/opt/ros/foxy/lib/x86_64-linux-gnu:/opt/ros/foxy/lib PYTHONPATH=/home/ineogi2/Biorobotics/ros2_ws/install/realsense2_camera_msgs/lib/python3.8/site-packages:/home/ineogi2/micro_ws/install/micro_ros_msgs/lib/python3.8/site-packages:/home/ineogi2/Biorobotics/ros2_ws/build/ros_image:/home/ineogi2/Biorobotics/ros2_ws/install/ros_image/lib/python3.8/site-packages:/opt/ros/foxy/lib/python3.8/site-packages /usr/bin/cmake --install /home/ineogi2/Biorobotics/ros2_ws/build/realsense2_description
[0.851s] Level 1:colcon.colcon_core.environment:create_environment_scripts_only(realsense2_description)
[0.852s] Level 1:colcon.colcon_core.environment:checking '/home/ineogi2/Biorobotics/ros2_ws/install/realsense2_description' for CMake module files
[0.853s] DEBUG:colcon.colcon_core.event_handler.log_command:Invoked command in '/home/ineogi2/Biorobotics/ros2_ws/build/realsense2_description' returned '0': CMAKE_PREFIX_PATH=/home/ineogi2/Biorobotics/ros2_ws/install/realsense2_camera_msgs:/home/ineogi2/micro_ws/install/micro_ros_setup:/home/ineogi2/micro_ws/install/micro_ros_agent:/home/ineogi2/micro_ws/install/micro_ros_msgs:/home/ineogi2/Biorobotics/ros2_ws/install/realsense2_description:/home/ineogi2/Biorobotics/ros2_ws/install/realsense2_camera:/home/ineogi2/Biorobotics/ros2_ws/install/ros_image:/opt/ros/foxy LD_LIBRARY_PATH=/home/ineogi2/Biorobotics/ros2_ws/install/realsense2_camera_msgs/lib:/home/ineogi2/micro_ws/install/micro_ros_agent/lib:/home/ineogi2/micro_ws/install/micro_ros_msgs/lib:/home/ineogi2/Biorobotics/ros2_ws/install/realsense2_camera/lib:/opt/ros/foxy/opt/yaml_cpp_vendor/lib:/opt/ros/foxy/opt/rviz_ogre_vendor/lib:/opt/ros/foxy/lib/x86_64-linux-gnu:/opt/ros/foxy/lib PYTHONPATH=/home/ineogi2/Biorobotics/ros2_ws/install/realsense2_camera_msgs/lib/python3.8/site-packages:/home/ineogi2/micro_ws/install/micro_ros_msgs/lib/python3.8/site-packages:/home/ineogi2/Biorobotics/ros2_ws/build/ros_image:/home/ineogi2/Biorobotics/ros2_ws/install/ros_image/lib/python3.8/site-packages:/opt/ros/foxy/lib/python3.8/site-packages /usr/bin/cmake --install /home/ineogi2/Biorobotics/ros2_ws/build/realsense2_description
[0.853s] Level 1:colcon.colcon_core.environment:checking '/home/ineogi2/Biorobotics/ros2_ws/install/realsense2_description' for CMake config files
[0.854s] Level 1:colcon.colcon_core.shell:create_environment_hook('realsense2_description', 'cmake_prefix_path')
[0.855s] INFO:colcon.colcon_core.shell:Creating environment hook '/home/ineogi2/Biorobotics/ros2_ws/install/realsense2_description/share/realsense2_description/hook/cmake_prefix_path.ps1'
[0.855s] INFO:colcon.colcon_core.shell:Creating environment descriptor '/home/ineogi2/Biorobotics/ros2_ws/install/realsense2_description/share/realsense2_description/hook/cmake_prefix_path.dsv'
[0.856s] INFO:colcon.colcon_core.shell:Creating environment hook '/home/ineogi2/Biorobotics/ros2_ws/install/realsense2_description/share/realsense2_description/hook/cmake_prefix_path.sh'
[0.857s] Level 1:colcon.colcon_core.environment:checking '/home/ineogi2/Biorobotics/ros2_ws/install/realsense2_description/bin'
[0.857s] Level 1:colcon.colcon_core.environment:checking '/home/ineogi2/Biorobotics/ros2_ws/install/realsense2_description/lib/pkgconfig/realsense2_description.pc'
[0.857s] Level 1:colcon.colcon_core.environment:checking '/home/ineogi2/Biorobotics/ros2_ws/install/realsense2_description/lib/python3.8/site-packages'
[0.858s] Level 1:colcon.colcon_core.environment:checking '/home/ineogi2/Biorobotics/ros2_ws/install/realsense2_description/bin'
[0.859s] INFO:colcon.colcon_core.shell:Creating package script '/home/ineogi2/Biorobotics/ros2_ws/install/realsense2_description/share/realsense2_description/package.ps1'
[0.859s] INFO:colcon.colcon_core.shell:Creating package descriptor '/home/ineogi2/Biorobotics/ros2_ws/install/realsense2_description/share/realsense2_description/package.dsv'
[0.860s] INFO:colcon.colcon_core.shell:Creating package script '/home/ineogi2/Biorobotics/ros2_ws/install/realsense2_description/share/realsense2_description/package.sh'
[0.860s] INFO:colcon.colcon_core.shell:Creating package script '/home/ineogi2/Biorobotics/ros2_ws/install/realsense2_description/share/realsense2_description/package.bash'
[0.860s] INFO:colcon.colcon_core.shell:Creating package script '/home/ineogi2/Biorobotics/ros2_ws/install/realsense2_description/share/realsense2_description/package.zsh'
[0.861s] Level 1:colcon.colcon_core.environment:create_file_with_runtime_dependencies(/home/ineogi2/Biorobotics/ros2_ws/install/realsense2_description/share/colcon-core/packages/realsense2_description)
[0.866s] DEBUG:colcon.colcon_core.event_handler.log_command:Invoked command in '/home/ineogi2/Biorobotics/ros2_ws/build/realsense2_camera' returned '0': CMAKE_PREFIX_PATH=/home/ineogi2/Biorobotics/ros2_ws/install/realsense2_camera_msgs:/home/ineogi2/micro_ws/install/micro_ros_setup:/home/ineogi2/micro_ws/install/micro_ros_agent:/home/ineogi2/micro_ws/install/micro_ros_msgs:/home/ineogi2/Biorobotics/ros2_ws/install/realsense2_description:/home/ineogi2/Biorobotics/ros2_ws/install/realsense2_camera:/home/ineogi2/Biorobotics/ros2_ws/install/ros_image:/opt/ros/foxy LD_LIBRARY_PATH=/home/ineogi2/Biorobotics/ros2_ws/install/realsense2_camera_msgs/lib:/home/ineogi2/micro_ws/install/micro_ros_agent/lib:/home/ineogi2/micro_ws/install/micro_ros_msgs/lib:/home/ineogi2/Biorobotics/ros2_ws/install/realsense2_camera/lib:/opt/ros/foxy/opt/yaml_cpp_vendor/lib:/opt/ros/foxy/opt/rviz_ogre_vendor/lib:/opt/ros/foxy/lib/x86_64-linux-gnu:/opt/ros/foxy/lib PYTHONPATH=/home/ineogi2/Biorobotics/ros2_ws/install/realsense2_camera_msgs/lib/python3.8/site-packages:/home/ineogi2/micro_ws/install/micro_ros_msgs/lib/python3.8/site-packages:/home/ineogi2/Biorobotics/ros2_ws/build/ros_image:/home/ineogi2/Biorobotics/ros2_ws/install/ros_image/lib/python3.8/site-packages:/opt/ros/foxy/lib/python3.8/site-packages /usr/bin/cmake --build /home/ineogi2/Biorobotics/ros2_ws/build/realsense2_camera -- -j12 -l12
[0.869s] DEBUG:colcon.colcon_core.event_handler.log_command:Invoking command in '/home/ineogi2/Biorobotics/ros2_ws/build/ros_image': PYTHONPATH=/home/ineogi2/Biorobotics/ros2_ws/build/ros_image/prefix_override:/home/ineogi2/Biorobotics/ros2_ws/install/ros_image/lib/python3.8/site-packages:${PYTHONPATH} /usr/bin/python3 setup.py develop --editable --build-directory /home/ineogi2/Biorobotics/ros2_ws/build/ros_image/build --no-deps install_data
[0.882s] Level 1:colcon.colcon_core.environment:create_environment_scripts_only(realsense2_description)
[0.883s] Level 1:colcon.colcon_core.environment:checking '/home/ineogi2/Biorobotics/ros2_ws/install/realsense2_description' for CMake module files
[0.883s] Level 1:colcon.colcon_core.environment:checking '/home/ineogi2/Biorobotics/ros2_ws/install/realsense2_description' for CMake config files
[0.883s] Level 1:colcon.colcon_core.shell:create_environment_hook('realsense2_description', 'cmake_prefix_path')
[0.884s] INFO:colcon.colcon_core.shell:Creating environment hook '/home/ineogi2/Biorobotics/ros2_ws/install/realsense2_description/share/realsense2_description/hook/cmake_prefix_path.ps1'
[0.884s] INFO:colcon.colcon_core.shell:Creating environment descriptor '/home/ineogi2/Biorobotics/ros2_ws/install/realsense2_description/share/realsense2_description/hook/cmake_prefix_path.dsv'
[0.885s] INFO:colcon.colcon_core.shell:Creating environment hook '/home/ineogi2/Biorobotics/ros2_ws/install/realsense2_description/share/realsense2_description/hook/cmake_prefix_path.sh'
[0.885s] Level 1:colcon.colcon_core.environment:checking '/home/ineogi2/Biorobotics/ros2_ws/install/realsense2_description/bin'
[0.885s] Level 1:colcon.colcon_core.environment:checking '/home/ineogi2/Biorobotics/ros2_ws/install/realsense2_description/lib/pkgconfig/realsense2_description.pc'
[0.885s] Level 1:colcon.colcon_core.environment:checking '/home/ineogi2/Biorobotics/ros2_ws/install/realsense2_description/lib/python3.8/site-packages'
[0.886s] Level 1:colcon.colcon_core.environment:checking '/home/ineogi2/Biorobotics/ros2_ws/install/realsense2_description/bin'
[0.886s] INFO:colcon.colcon_core.shell:Creating package script '/home/ineogi2/Biorobotics/ros2_ws/install/realsense2_description/share/realsense2_description/package.ps1'
[0.887s] INFO:colcon.colcon_core.shell:Creating package descriptor '/home/ineogi2/Biorobotics/ros2_ws/install/realsense2_description/share/realsense2_description/package.dsv'
[0.887s] INFO:colcon.colcon_core.shell:Creating package script '/home/ineogi2/Biorobotics/ros2_ws/install/realsense2_description/share/realsense2_description/package.sh'
[0.888s] INFO:colcon.colcon_core.shell:Creating package script '/home/ineogi2/Biorobotics/ros2_ws/install/realsense2_description/share/realsense2_description/package.bash'
[0.888s] INFO:colcon.colcon_core.shell:Creating package script '/home/ineogi2/Biorobotics/ros2_ws/install/realsense2_description/share/realsense2_description/package.zsh'
[0.888s] Level 1:colcon.colcon_core.environment:create_file_with_runtime_dependencies(/home/ineogi2/Biorobotics/ros2_ws/install/realsense2_description/share/colcon-core/packages/realsense2_description)
[0.907s] DEBUG:colcon.colcon_core.event_handler.log_command:Invoking command in '/home/ineogi2/Biorobotics/ros2_ws/build/realsense2_camera': CMAKE_PREFIX_PATH=/home/ineogi2/Biorobotics/ros2_ws/install/realsense2_camera_msgs:/home/ineogi2/micro_ws/install/micro_ros_setup:/home/ineogi2/micro_ws/install/micro_ros_agent:/home/ineogi2/micro_ws/install/micro_ros_msgs:/home/ineogi2/Biorobotics/ros2_ws/install/realsense2_description:/home/ineogi2/Biorobotics/ros2_ws/install/realsense2_camera:/home/ineogi2/Biorobotics/ros2_ws/install/ros_image:/opt/ros/foxy LD_LIBRARY_PATH=/home/ineogi2/Biorobotics/ros2_ws/install/realsense2_camera_msgs/lib:/home/ineogi2/micro_ws/install/micro_ros_agent/lib:/home/ineogi2/micro_ws/install/micro_ros_msgs/lib:/home/ineogi2/Biorobotics/ros2_ws/install/realsense2_camera/lib:/opt/ros/foxy/opt/yaml_cpp_vendor/lib:/opt/ros/foxy/opt/rviz_ogre_vendor/lib:/opt/ros/foxy/lib/x86_64-linux-gnu:/opt/ros/foxy/lib PYTHONPATH=/home/ineogi2/Biorobotics/ros2_ws/install/realsense2_camera_msgs/lib/python3.8/site-packages:/home/ineogi2/micro_ws/install/micro_ros_msgs/lib/python3.8/site-packages:/home/ineogi2/Biorobotics/ros2_ws/build/ros_image:/home/ineogi2/Biorobotics/ros2_ws/install/ros_image/lib/python3.8/site-packages:/opt/ros/foxy/lib/python3.8/site-packages /usr/bin/cmake --install /home/ineogi2/Biorobotics/ros2_ws/build/realsense2_camera
[0.936s] Level 1:colcon.colcon_core.environment:create_environment_scripts_only(realsense2_camera)
[0.936s] DEBUG:colcon.colcon_core.event_handler.log_command:Invoked command in '/home/ineogi2/Biorobotics/ros2_ws/build/realsense2_camera' returned '0': CMAKE_PREFIX_PATH=/home/ineogi2/Biorobotics/ros2_ws/install/realsense2_camera_msgs:/home/ineogi2/micro_ws/install/micro_ros_setup:/home/ineogi2/micro_ws/install/micro_ros_agent:/home/ineogi2/micro_ws/install/micro_ros_msgs:/home/ineogi2/Biorobotics/ros2_ws/install/realsense2_description:/home/ineogi2/Biorobotics/ros2_ws/install/realsense2_camera:/home/ineogi2/Biorobotics/ros2_ws/install/ros_image:/opt/ros/foxy LD_LIBRARY_PATH=/home/ineogi2/Biorobotics/ros2_ws/install/realsense2_camera_msgs/lib:/home/ineogi2/micro_ws/install/micro_ros_agent/lib:/home/ineogi2/micro_ws/install/micro_ros_msgs/lib:/home/ineogi2/Biorobotics/ros2_ws/install/realsense2_camera/lib:/opt/ros/foxy/opt/yaml_cpp_vendor/lib:/opt/ros/foxy/opt/rviz_ogre_vendor/lib:/opt/ros/foxy/lib/x86_64-linux-gnu:/opt/ros/foxy/lib PYTHONPATH=/home/ineogi2/Biorobotics/ros2_ws/install/realsense2_camera_msgs/lib/python3.8/site-packages:/home/ineogi2/micro_ws/install/micro_ros_msgs/lib/python3.8/site-packages:/home/ineogi2/Biorobotics/ros2_ws/build/ros_image:/home/ineogi2/Biorobotics/ros2_ws/install/ros_image/lib/python3.8/site-packages:/opt/ros/foxy/lib/python3.8/site-packages /usr/bin/cmake --install /home/ineogi2/Biorobotics/ros2_ws/build/realsense2_camera
[0.938s] Level 1:colcon.colcon_core.environment:checking '/home/ineogi2/Biorobotics/ros2_ws/install/realsense2_camera' for CMake module files
[0.938s] Level 1:colcon.colcon_core.environment:checking '/home/ineogi2/Biorobotics/ros2_ws/install/realsense2_camera' for CMake config files
[0.939s] Level 1:colcon.colcon_core.shell:create_environment_hook('realsense2_camera', 'cmake_prefix_path')
[0.939s] INFO:colcon.colcon_core.shell:Creating environment hook '/home/ineogi2/Biorobotics/ros2_ws/install/realsense2_camera/share/realsense2_camera/hook/cmake_prefix_path.ps1'
[0.940s] INFO:colcon.colcon_core.shell:Creating environment descriptor '/home/ineogi2/Biorobotics/ros2_ws/install/realsense2_camera/share/realsense2_camera/hook/cmake_prefix_path.dsv'
[0.940s] INFO:colcon.colcon_core.shell:Creating environment hook '/home/ineogi2/Biorobotics/ros2_ws/install/realsense2_camera/share/realsense2_camera/hook/cmake_prefix_path.sh'
[0.940s] Level 1:colcon.colcon_core.environment:checking '/home/ineogi2/Biorobotics/ros2_ws/install/realsense2_camera/lib'
[0.940s] Level 1:colcon.colcon_core.shell:create_environment_hook('realsense2_camera', 'ld_library_path_lib')
[0.941s] INFO:colcon.colcon_core.shell:Creating environment hook '/home/ineogi2/Biorobotics/ros2_ws/install/realsense2_camera/share/realsense2_camera/hook/ld_library_path_lib.ps1'
[0.941s] INFO:colcon.colcon_core.shell:Creating environment descriptor '/home/ineogi2/Biorobotics/ros2_ws/install/realsense2_camera/share/realsense2_camera/hook/ld_library_path_lib.dsv'
[0.942s] INFO:colcon.colcon_core.shell:Creating environment hook '/home/ineogi2/Biorobotics/ros2_ws/install/realsense2_camera/share/realsense2_camera/hook/ld_library_path_lib.sh'
[0.942s] Level 1:colcon.colcon_core.environment:checking '/home/ineogi2/Biorobotics/ros2_ws/install/realsense2_camera/bin'
[0.942s] Level 1:colcon.colcon_core.environment:checking '/home/ineogi2/Biorobotics/ros2_ws/install/realsense2_camera/lib/pkgconfig/realsense2_camera.pc'
[0.942s] Level 1:colcon.colcon_core.environment:checking '/home/ineogi2/Biorobotics/ros2_ws/install/realsense2_camera/lib/python3.8/site-packages'
[0.943s] Level 1:colcon.colcon_core.environment:checking '/home/ineogi2/Biorobotics/ros2_ws/install/realsense2_camera/bin'
[0.943s] INFO:colcon.colcon_core.shell:Creating package script '/home/ineogi2/Biorobotics/ros2_ws/install/realsense2_camera/share/realsense2_camera/package.ps1'
[0.944s] INFO:colcon.colcon_core.shell:Creating package descriptor '/home/ineogi2/Biorobotics/ros2_ws/install/realsense2_camera/share/realsense2_camera/package.dsv'
[0.944s] INFO:colcon.colcon_core.shell:Creating package script '/home/ineogi2/Biorobotics/ros2_ws/install/realsense2_camera/share/realsense2_camera/package.sh'
[0.944s] INFO:colcon.colcon_core.shell:Creating package script '/home/ineogi2/Biorobotics/ros2_ws/install/realsense2_camera/share/realsense2_camera/package.bash'
[0.945s] INFO:colcon.colcon_core.shell:Creating package script '/home/ineogi2/Biorobotics/ros2_ws/install/realsense2_camera/share/realsense2_camera/package.zsh'
[0.945s] Level 1:colcon.colcon_core.environment:create_file_with_runtime_dependencies(/home/ineogi2/Biorobotics/ros2_ws/install/realsense2_camera/share/colcon-core/packages/realsense2_camera)
[0.990s] Level 1:colcon.colcon_core.environment:create_environment_scripts_only(realsense2_camera)
[0.991s] Level 1:colcon.colcon_core.environment:checking '/home/ineogi2/Biorobotics/ros2_ws/install/realsense2_camera' for CMake module files
[0.991s] Level 1:colcon.colcon_core.environment:checking '/home/ineogi2/Biorobotics/ros2_ws/install/realsense2_camera' for CMake config files
[0.992s] Level 1:colcon.colcon_core.shell:create_environment_hook('realsense2_camera', 'cmake_prefix_path')
[0.992s] INFO:colcon.colcon_core.shell:Creating environment hook '/home/ineogi2/Biorobotics/ros2_ws/install/realsense2_camera/share/realsense2_camera/hook/cmake_prefix_path.ps1'
[0.993s] INFO:colcon.colcon_core.shell:Creating environment descriptor '/home/ineogi2/Biorobotics/ros2_ws/install/realsense2_camera/share/realsense2_camera/hook/cmake_prefix_path.dsv'
[0.993s] INFO:colcon.colcon_core.shell:Creating environment hook '/home/ineogi2/Biorobotics/ros2_ws/install/realsense2_camera/share/realsense2_camera/hook/cmake_prefix_path.sh'
[0.994s] Level 1:colcon.colcon_core.environment:checking '/home/ineogi2/Biorobotics/ros2_ws/install/realsense2_camera/lib'
[0.994s] Level 1:colcon.colcon_core.shell:create_environment_hook('realsense2_camera', 'ld_library_path_lib')
[0.994s] INFO:colcon.colcon_core.shell:Creating environment hook '/home/ineogi2/Biorobotics/ros2_ws/install/realsense2_camera/share/realsense2_camera/hook/ld_library_path_lib.ps1'
[0.994s] INFO:colcon.colcon_core.shell:Creating environment descriptor '/home/ineogi2/Biorobotics/ros2_ws/install/realsense2_camera/share/realsense2_camera/hook/ld_library_path_lib.dsv'
[0.995s] INFO:colcon.colcon_core.shell:Creating environment hook '/home/ineogi2/Biorobotics/ros2_ws/install/realsense2_camera/share/realsense2_camera/hook/ld_library_path_lib.sh'
[0.995s] Level 1:colcon.colcon_core.environment:checking '/home/ineogi2/Biorobotics/ros2_ws/install/realsense2_camera/bin'
[0.995s] Level 1:colcon.colcon_core.environment:checking '/home/ineogi2/Biorobotics/ros2_ws/install/realsense2_camera/lib/pkgconfig/realsense2_camera.pc'
[0.995s] Level 1:colcon.colcon_core.environment:checking '/home/ineogi2/Biorobotics/ros2_ws/install/realsense2_camera/lib/python3.8/site-packages'
[0.996s] Level 1:colcon.colcon_core.environment:checking '/home/ineogi2/Biorobotics/ros2_ws/install/realsense2_camera/bin'
[0.996s] INFO:colcon.colcon_core.shell:Creating package script '/home/ineogi2/Biorobotics/ros2_ws/install/realsense2_camera/share/realsense2_camera/package.ps1'
[0.998s] INFO:colcon.colcon_core.shell:Creating package descriptor '/home/ineogi2/Biorobotics/ros2_ws/install/realsense2_camera/share/realsense2_camera/package.dsv'
[0.998s] INFO:colcon.colcon_core.shell:Creating package script '/home/ineogi2/Biorobotics/ros2_ws/install/realsense2_camera/share/realsense2_camera/package.sh'
[0.999s] INFO:colcon.colcon_core.shell:Creating package script '/home/ineogi2/Biorobotics/ros2_ws/install/realsense2_camera/share/realsense2_camera/package.bash'
[0.999s] INFO:colcon.colcon_core.shell:Creating package script '/home/ineogi2/Biorobotics/ros2_ws/install/realsense2_camera/share/realsense2_camera/package.zsh'
[0.999s] Level 1:colcon.colcon_core.environment:create_file_with_runtime_dependencies(/home/ineogi2/Biorobotics/ros2_ws/install/realsense2_camera/share/colcon-core/packages/realsense2_camera)
[1.309s] Level 1:colcon.colcon_core.shell:create_environment_hook('ros_image', 'pythonpath_develop')
[1.309s] INFO:colcon.colcon_core.shell:Creating environment hook '/home/ineogi2/Biorobotics/ros2_ws/build/ros_image/share/ros_image/hook/pythonpath_develop.ps1'
[1.310s] DEBUG:colcon.colcon_core.event_handler.log_command:Invoked command in '/home/ineogi2/Biorobotics/ros2_ws/build/ros_image' returned '0': PYTHONPATH=/home/ineogi2/Biorobotics/ros2_ws/build/ros_image/prefix_override:/home/ineogi2/Biorobotics/ros2_ws/install/ros_image/lib/python3.8/site-packages:${PYTHONPATH} /usr/bin/python3 setup.py develop --editable --build-directory /home/ineogi2/Biorobotics/ros2_ws/build/ros_image/build --no-deps install_data
[1.310s] INFO:colcon.colcon_core.shell:Creating environment descriptor '/home/ineogi2/Biorobotics/ros2_ws/build/ros_image/share/ros_image/hook/pythonpath_develop.dsv'
[1.311s] INFO:colcon.colcon_core.shell:Creating environment hook '/home/ineogi2/Biorobotics/ros2_ws/build/ros_image/share/ros_image/hook/pythonpath_develop.sh'
[1.312s] Level 1:colcon.colcon_core.environment:checking '/home/ineogi2/Biorobotics/ros2_ws/install/ros_image' for CMake module files
[1.312s] Level 1:colcon.colcon_core.environment:checking '/home/ineogi2/Biorobotics/ros2_ws/install/ros_image' for CMake config files
[1.313s] Level 1:colcon.colcon_core.environment:checking '/home/ineogi2/Biorobotics/ros2_ws/install/ros_image/lib'
[1.313s] Level 1:colcon.colcon_core.environment:checking '/home/ineogi2/Biorobotics/ros2_ws/install/ros_image/bin'
[1.313s] Level 1:colcon.colcon_core.shell:create_environment_hook('ros_image', 'path')
[1.314s] INFO:colcon.colcon_core.shell:Creating environment hook '/home/ineogi2/Biorobotics/ros2_ws/install/ros_image/share/ros_image/hook/path.ps1'
[1.314s] INFO:colcon.colcon_core.shell:Creating environment descriptor '/home/ineogi2/Biorobotics/ros2_ws/install/ros_image/share/ros_image/hook/path.dsv'
[1.314s] INFO:colcon.colcon_core.shell:Creating environment hook '/home/ineogi2/Biorobotics/ros2_ws/install/ros_image/share/ros_image/hook/path.sh'
[1.315s] Level 1:colcon.colcon_core.environment:checking '/home/ineogi2/Biorobotics/ros2_ws/install/ros_image/lib/pkgconfig/ros_image.pc'
[1.315s] Level 1:colcon.colcon_core.environment:checking '/home/ineogi2/Biorobotics/ros2_ws/install/ros_image/lib/python3.8/site-packages'
[1.315s] Level 1:colcon.colcon_core.shell:create_environment_hook('ros_image', 'pythonpath')
[1.316s] INFO:colcon.colcon_core.shell:Creating environment hook '/home/ineogi2/Biorobotics/ros2_ws/install/ros_image/share/ros_image/hook/pythonpath.ps1'
[1.316s] INFO:colcon.colcon_core.shell:Creating environment descriptor '/home/ineogi2/Biorobotics/ros2_ws/install/ros_image/share/ros_image/hook/pythonpath.dsv'
[1.316s] INFO:colcon.colcon_core.shell:Creating environment hook '/home/ineogi2/Biorobotics/ros2_ws/install/ros_image/share/ros_image/hook/pythonpath.sh'
[1.317s] Level 1:colcon.colcon_core.environment:checking '/home/ineogi2/Biorobotics/ros2_ws/install/ros_image/bin'
[1.317s] Level 1:colcon.colcon_core.shell:create_environment_hook('ros_image', 'pythonscriptspath')
[1.318s] INFO:colcon.colcon_core.shell:Creating environment hook '/home/ineogi2/Biorobotics/ros2_ws/install/ros_image/share/ros_image/hook/pythonscriptspath.ps1'
[1.318s] INFO:colcon.colcon_core.shell:Creating environment descriptor '/home/ineogi2/Biorobotics/ros2_ws/install/ros_image/share/ros_image/hook/pythonscriptspath.dsv'
[1.318s] INFO:colcon.colcon_core.shell:Creating environment hook '/home/ineogi2/Biorobotics/ros2_ws/install/ros_image/share/ros_image/hook/pythonscriptspath.sh'
[1.319s] Level 1:colcon.colcon_core.environment:create_environment_scripts_only(ros_image)
[1.320s] INFO:colcon.colcon_core.shell:Creating package script '/home/ineogi2/Biorobotics/ros2_ws/install/ros_image/share/ros_image/package.ps1'
[1.320s] INFO:colcon.colcon_core.shell:Creating package descriptor '/home/ineogi2/Biorobotics/ros2_ws/install/ros_image/share/ros_image/package.dsv'
[1.321s] INFO:colcon.colcon_core.shell:Creating package script '/home/ineogi2/Biorobotics/ros2_ws/install/ros_image/share/ros_image/package.sh'
[1.322s] INFO:colcon.colcon_core.shell:Creating package script '/home/ineogi2/Biorobotics/ros2_ws/install/ros_image/share/ros_image/package.bash'
[1.322s] INFO:colcon.colcon_core.shell:Creating package script '/home/ineogi2/Biorobotics/ros2_ws/install/ros_image/share/ros_image/package.zsh'
[1.322s] Level 1:colcon.colcon_core.environment:create_file_with_runtime_dependencies(/home/ineogi2/Biorobotics/ros2_ws/install/ros_image/share/colcon-core/packages/ros_image)
[1.322s] DEBUG:colcon.colcon_parallel_executor.executor.parallel:closing loop
[1.323s] DEBUG:colcon.colcon_parallel_executor.executor.parallel:loop closed
[1.323s] DEBUG:colcon.colcon_parallel_executor.executor.parallel:run_until_complete finished with '0'
[1.323s] DEBUG:colcon.colcon_core.event_reactor:joining thread
[1.329s] INFO:colcon.colcon_core.plugin_system:Skipping extension 'colcon_notification.desktop_notification.terminal_notifier': Not used on non-Darwin systems
[1.329s] INFO:colcon.colcon_core.plugin_system:Skipping extension 'colcon_notification.desktop_notification.win32': Not used on non-Windows systems
[1.329s] INFO:colcon.colcon_notification.desktop_notification:Sending desktop notification using 'notify2'
[1.347s] DEBUG:colcon.colcon_core.event_reactor:joined thread
[1.348s] INFO:colcon.colcon_core.shell:Creating prefix script '/home/ineogi2/Biorobotics/ros2_ws/install/local_setup.ps1'
[1.349s] INFO:colcon.colcon_core.shell:Creating prefix util module '/home/ineogi2/Biorobotics/ros2_ws/install/_local_setup_util_ps1.py'
[1.351s] INFO:colcon.colcon_core.shell:Creating prefix chain script '/home/ineogi2/Biorobotics/ros2_ws/install/setup.ps1'
[1.353s] INFO:colcon.colcon_core.shell:Creating prefix script '/home/ineogi2/Biorobotics/ros2_ws/install/local_setup.sh'
[1.353s] INFO:colcon.colcon_core.shell:Creating prefix util module '/home/ineogi2/Biorobotics/ros2_ws/install/_local_setup_util_sh.py'
[1.354s] INFO:colcon.colcon_core.shell:Creating prefix chain script '/home/ineogi2/Biorobotics/ros2_ws/install/setup.sh'
[1.356s] INFO:colcon.colcon_core.shell:Creating prefix script '/home/ineogi2/Biorobotics/ros2_ws/install/local_setup.bash'
[1.356s] INFO:colcon.colcon_core.shell:Creating prefix chain script '/home/ineogi2/Biorobotics/ros2_ws/install/setup.bash'
[1.357s] INFO:colcon.colcon_core.shell:Creating prefix script '/home/ineogi2/Biorobotics/ros2_ws/install/local_setup.zsh'
[1.358s] INFO:colcon.colcon_core.shell:Creating prefix chain script '/home/ineogi2/Biorobotics/ros2_ws/install/setup.zsh'
