[0.100s] DEBUG:colcon:Command line arguments: ['/usr/bin/colcon', 'build', '--symlink-install']
[0.100s] DEBUG:colcon:Parsed command line arguments: Namespace(allow_overriding=[], ament_cmake_args=None, base_paths=['.'], build_base='build', catkin_cmake_args=None, catkin_skip_building_tests=False, cmake_args=None, cmake_clean_cache=False, cmake_clean_first=False, cmake_force_configure=False, cmake_target=None, cmake_target_skip_unavailable=False, continue_on_error=False, event_handlers=None, executor='parallel', ignore_user_meta=False, install_base='install', log_base=None, log_level=None, main=<bound method BuildVerb.main of <colcon_core.verb.build.BuildVerb object at 0x7fda92378280>>, merge_install=False, metas=['./colcon.meta'], packages_above=None, packages_above_and_dependencies=None, packages_above_depth=None, packages_end=None, packages_ignore=None, packages_ignore_regex=None, packages_select=None, packages_select_build_failed=False, packages_select_by_dep=None, packages_select_regex=None, packages_select_test_failures=False, packages_skip=None, packages_skip_build_finished=False, packages_skip_by_dep=None, packages_skip_regex=None, packages_skip_test_passed=False, packages_skip_up_to=None, packages_start=None, packages_up_to=None, packages_up_to_regex=None, parallel_workers=12, paths=None, symlink_install=True, test_result_base=None, verb_extension=<colcon_core.verb.build.BuildVerb object at 0x7fda92378280>, verb_name='build', verb_parser=<colcon_defaults.argument_parser.defaults.DefaultArgumentsDecorator object at 0x7fda923787c0>)
[0.118s] Level 1:colcon.colcon_core.package_discovery:discover_packages(colcon_meta) check parameters
[0.118s] Level 1:colcon.colcon_core.package_discovery:discover_packages(recursive) check parameters
[0.118s] Level 1:colcon.colcon_core.package_discovery:discover_packages(ignore) check parameters
[0.118s] Level 1:colcon.colcon_core.package_discovery:discover_packages(path) check parameters
[0.118s] Level 1:colcon.colcon_core.package_discovery:discover_packages(colcon_meta) discover
[0.118s] Level 1:colcon.colcon_core.package_discovery:discover_packages(recursive) discover
[0.118s] INFO:colcon.colcon_core.package_discovery:Crawling recursively for packages in '/home/ineogi2/ros2_ws'
[0.118s] Level 1:colcon.colcon_core.package_identification:_identify(.) by extensions ['ignore', 'ignore_ament_install']
[0.118s] Level 1:colcon.colcon_core.package_identification:_identify(.) by extension 'ignore'
[0.118s] Level 1:colcon.colcon_core.package_identification:_identify(.) by extension 'ignore_ament_install'
[0.118s] Level 1:colcon.colcon_core.package_identification:_identify(.) by extensions ['colcon_pkg']
[0.118s] Level 1:colcon.colcon_core.package_identification:_identify(.) by extension 'colcon_pkg'
[0.118s] Level 1:colcon.colcon_core.package_identification:_identify(.) by extensions ['colcon_meta']
[0.118s] Level 1:colcon.colcon_core.package_identification:_identify(.) by extension 'colcon_meta'
[0.119s] Level 1:colcon.colcon_core.package_identification:_identify(.) by extensions ['ros']
[0.119s] Level 1:colcon.colcon_core.package_identification:_identify(.) by extension 'ros'
[0.126s] Level 1:colcon.colcon_core.package_identification:_identify(.) by extensions ['cmake', 'python']
[0.126s] Level 1:colcon.colcon_core.package_identification:_identify(.) by extension 'cmake'
[0.126s] Level 1:colcon.colcon_core.package_identification:_identify(.) by extension 'python'
[0.127s] Level 1:colcon.colcon_core.package_identification:_identify(.) by extensions ['python_setup_py']
[0.127s] Level 1:colcon.colcon_core.package_identification:_identify(.) by extension 'python_setup_py'
[0.127s] Level 1:colcon.colcon_core.package_identification:_identify(build) by extensions ['ignore', 'ignore_ament_install']
[0.127s] Level 1:colcon.colcon_core.package_identification:_identify(build) by extension 'ignore'
[0.127s] Level 1:colcon.colcon_core.package_identification:_identify(build) ignored
[0.127s] Level 1:colcon.colcon_core.package_identification:_identify(install) by extensions ['ignore', 'ignore_ament_install']
[0.127s] Level 1:colcon.colcon_core.package_identification:_identify(install) by extension 'ignore'
[0.127s] Level 1:colcon.colcon_core.package_identification:_identify(install) ignored
[0.127s] Level 1:colcon.colcon_core.package_identification:_identify(log) by extensions ['ignore', 'ignore_ament_install']
[0.127s] Level 1:colcon.colcon_core.package_identification:_identify(log) by extension 'ignore'
[0.127s] Level 1:colcon.colcon_core.package_identification:_identify(log) ignored
[0.127s] Level 1:colcon.colcon_core.package_identification:_identify(src) by extensions ['ignore', 'ignore_ament_install']
[0.127s] Level 1:colcon.colcon_core.package_identification:_identify(src) by extension 'ignore'
[0.127s] Level 1:colcon.colcon_core.package_identification:_identify(src) by extension 'ignore_ament_install'
[0.127s] Level 1:colcon.colcon_core.package_identification:_identify(src) by extensions ['colcon_pkg']
[0.128s] Level 1:colcon.colcon_core.package_identification:_identify(src) by extension 'colcon_pkg'
[0.128s] Level 1:colcon.colcon_core.package_identification:_identify(src) by extensions ['colcon_meta']
[0.128s] Level 1:colcon.colcon_core.package_identification:_identify(src) by extension 'colcon_meta'
[0.128s] Level 1:colcon.colcon_core.package_identification:_identify(src) by extensions ['ros']
[0.128s] Level 1:colcon.colcon_core.package_identification:_identify(src) by extension 'ros'
[0.128s] Level 1:colcon.colcon_core.package_identification:_identify(src) by extensions ['cmake', 'python']
[0.128s] Level 1:colcon.colcon_core.package_identification:_identify(src) by extension 'cmake'
[0.128s] Level 1:colcon.colcon_core.package_identification:_identify(src) by extension 'python'
[0.128s] Level 1:colcon.colcon_core.package_identification:_identify(src) by extensions ['python_setup_py']
[0.128s] Level 1:colcon.colcon_core.package_identification:_identify(src) by extension 'python_setup_py'
[0.128s] Level 1:colcon.colcon_core.package_identification:_identify(src/realsense-ros) by extensions ['ignore', 'ignore_ament_install']
[0.128s] Level 1:colcon.colcon_core.package_identification:_identify(src/realsense-ros) by extension 'ignore'
[0.128s] Level 1:colcon.colcon_core.package_identification:_identify(src/realsense-ros) by extension 'ignore_ament_install'
[0.128s] Level 1:colcon.colcon_core.package_identification:_identify(src/realsense-ros) by extensions ['colcon_pkg']
[0.128s] Level 1:colcon.colcon_core.package_identification:_identify(src/realsense-ros) by extension 'colcon_pkg'
[0.128s] Level 1:colcon.colcon_core.package_identification:_identify(src/realsense-ros) by extensions ['colcon_meta']
[0.128s] Level 1:colcon.colcon_core.package_identification:_identify(src/realsense-ros) by extension 'colcon_meta'
[0.128s] Level 1:colcon.colcon_core.package_identification:_identify(src/realsense-ros) by extensions ['ros']
[0.128s] Level 1:colcon.colcon_core.package_identification:_identify(src/realsense-ros) by extension 'ros'
[0.128s] Level 1:colcon.colcon_core.package_identification:_identify(src/realsense-ros) by extensions ['cmake', 'python']
[0.128s] Level 1:colcon.colcon_core.package_identification:_identify(src/realsense-ros) by extension 'cmake'
[0.129s] Level 1:colcon.colcon_core.package_identification:_identify(src/realsense-ros) by extension 'python'
[0.129s] Level 1:colcon.colcon_core.package_identification:_identify(src/realsense-ros) by extensions ['python_setup_py']
[0.129s] Level 1:colcon.colcon_core.package_identification:_identify(src/realsense-ros) by extension 'python_setup_py'
[0.129s] Level 1:colcon.colcon_core.package_identification:_identify(src/realsense-ros/realsense2_camera) by extensions ['ignore', 'ignore_ament_install']
[0.129s] Level 1:colcon.colcon_core.package_identification:_identify(src/realsense-ros/realsense2_camera) by extension 'ignore'
[0.129s] Level 1:colcon.colcon_core.package_identification:_identify(src/realsense-ros/realsense2_camera) by extension 'ignore_ament_install'
[0.129s] Level 1:colcon.colcon_core.package_identification:_identify(src/realsense-ros/realsense2_camera) by extensions ['colcon_pkg']
[0.129s] Level 1:colcon.colcon_core.package_identification:_identify(src/realsense-ros/realsense2_camera) by extension 'colcon_pkg'
[0.129s] Level 1:colcon.colcon_core.package_identification:_identify(src/realsense-ros/realsense2_camera) by extensions ['colcon_meta']
[0.129s] Level 1:colcon.colcon_core.package_identification:_identify(src/realsense-ros/realsense2_camera) by extension 'colcon_meta'
[0.129s] Level 1:colcon.colcon_core.package_identification:_identify(src/realsense-ros/realsense2_camera) by extensions ['ros']
[0.129s] Level 1:colcon.colcon_core.package_identification:_identify(src/realsense-ros/realsense2_camera) by extension 'ros'
[0.132s] DEBUG:colcon.colcon_core.package_identification:Package 'src/realsense-ros/realsense2_camera' with type 'ros.ament_cmake' and name 'realsense2_camera'
[0.132s] Level 1:colcon.colcon_core.package_identification:_identify(src/realsense-ros/realsense2_camera_msgs) by extensions ['ignore', 'ignore_ament_install']
[0.132s] Level 1:colcon.colcon_core.package_identification:_identify(src/realsense-ros/realsense2_camera_msgs) by extension 'ignore'
[0.132s] Level 1:colcon.colcon_core.package_identification:_identify(src/realsense-ros/realsense2_camera_msgs) by extension 'ignore_ament_install'
[0.132s] Level 1:colcon.colcon_core.package_identification:_identify(src/realsense-ros/realsense2_camera_msgs) by extensions ['colcon_pkg']
[0.132s] Level 1:colcon.colcon_core.package_identification:_identify(src/realsense-ros/realsense2_camera_msgs) by extension 'colcon_pkg'
[0.132s] Level 1:colcon.colcon_core.package_identification:_identify(src/realsense-ros/realsense2_camera_msgs) by extensions ['colcon_meta']
[0.132s] Level 1:colcon.colcon_core.package_identification:_identify(src/realsense-ros/realsense2_camera_msgs) by extension 'colcon_meta'
[0.132s] Level 1:colcon.colcon_core.package_identification:_identify(src/realsense-ros/realsense2_camera_msgs) by extensions ['ros']
[0.132s] Level 1:colcon.colcon_core.package_identification:_identify(src/realsense-ros/realsense2_camera_msgs) by extension 'ros'
[0.133s] DEBUG:colcon.colcon_core.package_identification:Package 'src/realsense-ros/realsense2_camera_msgs' with type 'ros.ament_cmake' and name 'realsense2_camera_msgs'
[0.133s] Level 1:colcon.colcon_core.package_identification:_identify(src/realsense-ros/realsense2_description) by extensions ['ignore', 'ignore_ament_install']
[0.133s] Level 1:colcon.colcon_core.package_identification:_identify(src/realsense-ros/realsense2_description) by extension 'ignore'
[0.133s] Level 1:colcon.colcon_core.package_identification:_identify(src/realsense-ros/realsense2_description) by extension 'ignore_ament_install'
[0.133s] Level 1:colcon.colcon_core.package_identification:_identify(src/realsense-ros/realsense2_description) by extensions ['colcon_pkg']
[0.133s] Level 1:colcon.colcon_core.package_identification:_identify(src/realsense-ros/realsense2_description) by extension 'colcon_pkg'
[0.133s] Level 1:colcon.colcon_core.package_identification:_identify(src/realsense-ros/realsense2_description) by extensions ['colcon_meta']
[0.133s] Level 1:colcon.colcon_core.package_identification:_identify(src/realsense-ros/realsense2_description) by extension 'colcon_meta'
[0.133s] Level 1:colcon.colcon_core.package_identification:_identify(src/realsense-ros/realsense2_description) by extensions ['ros']
[0.133s] Level 1:colcon.colcon_core.package_identification:_identify(src/realsense-ros/realsense2_description) by extension 'ros'
[0.134s] DEBUG:colcon.colcon_core.package_identification:Package 'src/realsense-ros/realsense2_description' with type 'ros.ament_cmake' and name 'realsense2_description'
[0.134s] Level 1:colcon.colcon_core.package_identification:_identify(src/realsense-ros/scripts) by extensions ['ignore', 'ignore_ament_install']
[0.134s] Level 1:colcon.colcon_core.package_identification:_identify(src/realsense-ros/scripts) by extension 'ignore'
[0.134s] Level 1:colcon.colcon_core.package_identification:_identify(src/realsense-ros/scripts) by extension 'ignore_ament_install'
[0.134s] Level 1:colcon.colcon_core.package_identification:_identify(src/realsense-ros/scripts) by extensions ['colcon_pkg']
[0.134s] Level 1:colcon.colcon_core.package_identification:_identify(src/realsense-ros/scripts) by extension 'colcon_pkg'
[0.134s] Level 1:colcon.colcon_core.package_identification:_identify(src/realsense-ros/scripts) by extensions ['colcon_meta']
[0.134s] Level 1:colcon.colcon_core.package_identification:_identify(src/realsense-ros/scripts) by extension 'colcon_meta'
[0.134s] Level 1:colcon.colcon_core.package_identification:_identify(src/realsense-ros/scripts) by extensions ['ros']
[0.135s] Level 1:colcon.colcon_core.package_identification:_identify(src/realsense-ros/scripts) by extension 'ros'
[0.135s] Level 1:colcon.colcon_core.package_identification:_identify(src/realsense-ros/scripts) by extensions ['cmake', 'python']
[0.135s] Level 1:colcon.colcon_core.package_identification:_identify(src/realsense-ros/scripts) by extension 'cmake'
[0.135s] Level 1:colcon.colcon_core.package_identification:_identify(src/realsense-ros/scripts) by extension 'python'
[0.135s] Level 1:colcon.colcon_core.package_identification:_identify(src/realsense-ros/scripts) by extensions ['python_setup_py']
[0.135s] Level 1:colcon.colcon_core.package_identification:_identify(src/realsense-ros/scripts) by extension 'python_setup_py'
[0.135s] Level 1:colcon.colcon_core.package_identification:_identify(src/ros_image) by extensions ['ignore', 'ignore_ament_install']
[0.135s] Level 1:colcon.colcon_core.package_identification:_identify(src/ros_image) by extension 'ignore'
[0.135s] Level 1:colcon.colcon_core.package_identification:_identify(src/ros_image) by extension 'ignore_ament_install'
[0.135s] Level 1:colcon.colcon_core.package_identification:_identify(src/ros_image) by extensions ['colcon_pkg']
[0.135s] Level 1:colcon.colcon_core.package_identification:_identify(src/ros_image) by extension 'colcon_pkg'
[0.135s] Level 1:colcon.colcon_core.package_identification:_identify(src/ros_image) by extensions ['colcon_meta']
[0.135s] Level 1:colcon.colcon_core.package_identification:_identify(src/ros_image) by extension 'colcon_meta'
[0.135s] Level 1:colcon.colcon_core.package_identification:_identify(src/ros_image) by extensions ['ros']
[0.135s] Level 1:colcon.colcon_core.package_identification:_identify(src/ros_image) by extension 'ros'
[0.136s] DEBUG:colcon.colcon_core.package_identification:Package 'src/ros_image' with type 'ros.ament_python' and name 'ros_image'
[0.136s] Level 1:colcon.colcon_core.package_identification:_identify(src/ros_teensy) by extensions ['ignore', 'ignore_ament_install']
[0.136s] Level 1:colcon.colcon_core.package_identification:_identify(src/ros_teensy) by extension 'ignore'
[0.136s] Level 1:colcon.colcon_core.package_identification:_identify(src/ros_teensy) by extension 'ignore_ament_install'
[0.136s] Level 1:colcon.colcon_core.package_identification:_identify(src/ros_teensy) by extensions ['colcon_pkg']
[0.136s] Level 1:colcon.colcon_core.package_identification:_identify(src/ros_teensy) by extension 'colcon_pkg'
[0.136s] Level 1:colcon.colcon_core.package_identification:_identify(src/ros_teensy) by extensions ['colcon_meta']
[0.136s] Level 1:colcon.colcon_core.package_identification:_identify(src/ros_teensy) by extension 'colcon_meta'
[0.136s] Level 1:colcon.colcon_core.package_identification:_identify(src/ros_teensy) by extensions ['ros']
[0.136s] Level 1:colcon.colcon_core.package_identification:_identify(src/ros_teensy) by extension 'ros'
[0.136s] DEBUG:colcon.colcon_core.package_identification:Package 'src/ros_teensy' with type 'ros.ament_python' and name 'ros_teensy'
[0.136s] Level 1:colcon.colcon_core.package_discovery:discover_packages(recursive) using defaults
[0.136s] Level 1:colcon.colcon_core.package_discovery:discover_packages(ignore) discover
[0.136s] Level 1:colcon.colcon_core.package_discovery:discover_packages(ignore) using defaults
[0.136s] Level 1:colcon.colcon_core.package_discovery:discover_packages(path) discover
[0.136s] Level 1:colcon.colcon_core.package_discovery:discover_packages(path) using defaults
[0.149s] Level 1:colcon.colcon_core.package_discovery:discover_packages(prefix_path) check parameters
[0.149s] Level 1:colcon.colcon_core.package_discovery:discover_packages(prefix_path) discover
[0.151s] DEBUG:colcon.colcon_installed_package_information.package_discovery:Found 3 installed packages in /home/ineogi2/microros_ws/install
[0.151s] DEBUG:colcon.colcon_installed_package_information.package_discovery:Found 5 installed packages in /home/ineogi2/ros2_ws/install
[0.152s] DEBUG:colcon.colcon_installed_package_information.package_discovery:Found 261 installed packages in /opt/ros/foxy
[0.154s] Level 1:colcon.colcon_core.package_discovery:discover_packages(prefix_path) using defaults
[0.213s] Level 5:colcon.colcon_core.verb:set package 'realsense2_camera_msgs' build argument 'cmake_args' from command line to 'None'
[0.213s] Level 5:colcon.colcon_core.verb:set package 'realsense2_camera_msgs' build argument 'cmake_target' from command line to 'None'
[0.213s] Level 5:colcon.colcon_core.verb:set package 'realsense2_camera_msgs' build argument 'cmake_target_skip_unavailable' from command line to 'False'
[0.213s] Level 5:colcon.colcon_core.verb:set package 'realsense2_camera_msgs' build argument 'cmake_clean_cache' from command line to 'False'
[0.213s] Level 5:colcon.colcon_core.verb:set package 'realsense2_camera_msgs' build argument 'cmake_clean_first' from command line to 'False'
[0.213s] Level 5:colcon.colcon_core.verb:set package 'realsense2_camera_msgs' build argument 'cmake_force_configure' from command line to 'False'
[0.213s] Level 5:colcon.colcon_core.verb:set package 'realsense2_camera_msgs' build argument 'ament_cmake_args' from command line to 'None'
[0.213s] Level 5:colcon.colcon_core.verb:set package 'realsense2_camera_msgs' build argument 'catkin_cmake_args' from command line to 'None'
[0.214s] Level 5:colcon.colcon_core.verb:set package 'realsense2_camera_msgs' build argument 'catkin_skip_building_tests' from command line to 'False'
[0.214s] DEBUG:colcon.colcon_core.verb:Building package 'realsense2_camera_msgs' with the following arguments: {'ament_cmake_args': None, 'build_base': '/home/ineogi2/ros2_ws/build/realsense2_camera_msgs', 'catkin_cmake_args': None, 'catkin_skip_building_tests': False, 'cmake_args': None, 'cmake_clean_cache': False, 'cmake_clean_first': False, 'cmake_force_configure': False, 'cmake_target': None, 'cmake_target_skip_unavailable': False, 'install_base': '/home/ineogi2/ros2_ws/install/realsense2_camera_msgs', 'merge_install': False, 'path': '/home/ineogi2/ros2_ws/src/realsense-ros/realsense2_camera_msgs', 'symlink_install': True, 'test_result_base': None}
[0.214s] Level 5:colcon.colcon_core.verb:set package 'ros_image' build argument 'cmake_args' from command line to 'None'
[0.214s] Level 5:colcon.colcon_core.verb:set package 'ros_image' build argument 'cmake_target' from command line to 'None'
[0.214s] Level 5:colcon.colcon_core.verb:set package 'ros_image' build argument 'cmake_target_skip_unavailable' from command line to 'False'
[0.214s] Level 5:colcon.colcon_core.verb:set package 'ros_image' build argument 'cmake_clean_cache' from command line to 'False'
[0.214s] Level 5:colcon.colcon_core.verb:set package 'ros_image' build argument 'cmake_clean_first' from command line to 'False'
[0.214s] Level 5:colcon.colcon_core.verb:set package 'ros_image' build argument 'cmake_force_configure' from command line to 'False'
[0.214s] Level 5:colcon.colcon_core.verb:set package 'ros_image' build argument 'ament_cmake_args' from command line to 'None'
[0.214s] Level 5:colcon.colcon_core.verb:set package 'ros_image' build argument 'catkin_cmake_args' from command line to 'None'
[0.214s] Level 5:colcon.colcon_core.verb:set package 'ros_image' build argument 'catkin_skip_building_tests' from command line to 'False'
[0.214s] DEBUG:colcon.colcon_core.verb:Building package 'ros_image' with the following arguments: {'ament_cmake_args': None, 'build_base': '/home/ineogi2/ros2_ws/build/ros_image', 'catkin_cmake_args': None, 'catkin_skip_building_tests': False, 'cmake_args': None, 'cmake_clean_cache': False, 'cmake_clean_first': False, 'cmake_force_configure': False, 'cmake_target': None, 'cmake_target_skip_unavailable': False, 'install_base': '/home/ineogi2/ros2_ws/install/ros_image', 'merge_install': False, 'path': '/home/ineogi2/ros2_ws/src/ros_image', 'symlink_install': True, 'test_result_base': None}
[0.215s] Level 5:colcon.colcon_core.verb:set package 'ros_teensy' build argument 'cmake_args' from command line to 'None'
[0.215s] Level 5:colcon.colcon_core.verb:set package 'ros_teensy' build argument 'cmake_target' from command line to 'None'
[0.215s] Level 5:colcon.colcon_core.verb:set package 'ros_teensy' build argument 'cmake_target_skip_unavailable' from command line to 'False'
[0.215s] Level 5:colcon.colcon_core.verb:set package 'ros_teensy' build argument 'cmake_clean_cache' from command line to 'False'
[0.215s] Level 5:colcon.colcon_core.verb:set package 'ros_teensy' build argument 'cmake_clean_first' from command line to 'False'
[0.215s] Level 5:colcon.colcon_core.verb:set package 'ros_teensy' build argument 'cmake_force_configure' from command line to 'False'
[0.215s] Level 5:colcon.colcon_core.verb:set package 'ros_teensy' build argument 'ament_cmake_args' from command line to 'None'
[0.215s] Level 5:colcon.colcon_core.verb:set package 'ros_teensy' build argument 'catkin_cmake_args' from command line to 'None'
[0.215s] Level 5:colcon.colcon_core.verb:set package 'ros_teensy' build argument 'catkin_skip_building_tests' from command line to 'False'
[0.215s] DEBUG:colcon.colcon_core.verb:Building package 'ros_teensy' with the following arguments: {'ament_cmake_args': None, 'build_base': '/home/ineogi2/ros2_ws/build/ros_teensy', 'catkin_cmake_args': None, 'catkin_skip_building_tests': False, 'cmake_args': None, 'cmake_clean_cache': False, 'cmake_clean_first': False, 'cmake_force_configure': False, 'cmake_target': None, 'cmake_target_skip_unavailable': False, 'install_base': '/home/ineogi2/ros2_ws/install/ros_teensy', 'merge_install': False, 'path': '/home/ineogi2/ros2_ws/src/ros_teensy', 'symlink_install': True, 'test_result_base': None}
[0.216s] Level 5:colcon.colcon_core.verb:set package 'realsense2_camera' build argument 'cmake_args' from command line to 'None'
[0.216s] Level 5:colcon.colcon_core.verb:set package 'realsense2_camera' build argument 'cmake_target' from command line to 'None'
[0.216s] Level 5:colcon.colcon_core.verb:set package 'realsense2_camera' build argument 'cmake_target_skip_unavailable' from command line to 'False'
[0.216s] Level 5:colcon.colcon_core.verb:set package 'realsense2_camera' build argument 'cmake_clean_cache' from command line to 'False'
[0.216s] Level 5:colcon.colcon_core.verb:set package 'realsense2_camera' build argument 'cmake_clean_first' from command line to 'False'
[0.216s] Level 5:colcon.colcon_core.verb:set package 'realsense2_camera' build argument 'cmake_force_configure' from command line to 'False'
[0.216s] Level 5:colcon.colcon_core.verb:set package 'realsense2_camera' build argument 'ament_cmake_args' from command line to 'None'
[0.216s] Level 5:colcon.colcon_core.verb:set package 'realsense2_camera' build argument 'catkin_cmake_args' from command line to 'None'
[0.216s] Level 5:colcon.colcon_core.verb:set package 'realsense2_camera' build argument 'catkin_skip_building_tests' from command line to 'False'
[0.216s] DEBUG:colcon.colcon_core.verb:Building package 'realsense2_camera' with the following arguments: {'ament_cmake_args': None, 'build_base': '/home/ineogi2/ros2_ws/build/realsense2_camera', 'catkin_cmake_args': None, 'catkin_skip_building_tests': False, 'cmake_args': None, 'cmake_clean_cache': False, 'cmake_clean_first': False, 'cmake_force_configure': False, 'cmake_target': None, 'cmake_target_skip_unavailable': False, 'install_base': '/home/ineogi2/ros2_ws/install/realsense2_camera', 'merge_install': False, 'path': '/home/ineogi2/ros2_ws/src/realsense-ros/realsense2_camera', 'symlink_install': True, 'test_result_base': None}
[0.216s] Level 5:colcon.colcon_core.verb:set package 'realsense2_description' build argument 'cmake_args' from command line to 'None'
[0.216s] Level 5:colcon.colcon_core.verb:set package 'realsense2_description' build argument 'cmake_target' from command line to 'None'
[0.216s] Level 5:colcon.colcon_core.verb:set package 'realsense2_description' build argument 'cmake_target_skip_unavailable' from command line to 'False'
[0.216s] Level 5:colcon.colcon_core.verb:set package 'realsense2_description' build argument 'cmake_clean_cache' from command line to 'False'
[0.216s] Level 5:colcon.colcon_core.verb:set package 'realsense2_description' build argument 'cmake_clean_first' from command line to 'False'
[0.216s] Level 5:colcon.colcon_core.verb:set package 'realsense2_description' build argument 'cmake_force_configure' from command line to 'False'
[0.216s] Level 5:colcon.colcon_core.verb:set package 'realsense2_description' build argument 'ament_cmake_args' from command line to 'None'
[0.216s] Level 5:colcon.colcon_core.verb:set package 'realsense2_description' build argument 'catkin_cmake_args' from command line to 'None'
[0.216s] Level 5:colcon.colcon_core.verb:set package 'realsense2_description' build argument 'catkin_skip_building_tests' from command line to 'False'
[0.216s] DEBUG:colcon.colcon_core.verb:Building package 'realsense2_description' with the following arguments: {'ament_cmake_args': None, 'build_base': '/home/ineogi2/ros2_ws/build/realsense2_description', 'catkin_cmake_args': None, 'catkin_skip_building_tests': False, 'cmake_args': None, 'cmake_clean_cache': False, 'cmake_clean_first': False, 'cmake_force_configure': False, 'cmake_target': None, 'cmake_target_skip_unavailable': False, 'install_base': '/home/ineogi2/ros2_ws/install/realsense2_description', 'merge_install': False, 'path': '/home/ineogi2/ros2_ws/src/realsense-ros/realsense2_description', 'symlink_install': True, 'test_result_base': None}
[0.217s] INFO:colcon.colcon_core.executor:Executing jobs using 'parallel' executor
[0.218s] DEBUG:colcon.colcon_parallel_executor.executor.parallel:run_until_complete
[0.219s] INFO:colcon.colcon_ros.task.ament_cmake.build:Building ROS package in '/home/ineogi2/ros2_ws/src/realsense-ros/realsense2_camera_msgs' with build type 'ament_cmake'
[0.219s] INFO:colcon.colcon_cmake.task.cmake.build:Building CMake package in '/home/ineogi2/ros2_ws/src/realsense-ros/realsense2_camera_msgs'
[0.221s] INFO:colcon.colcon_core.plugin_system:Skipping extension 'colcon_core.shell.bat': Not used on non-Windows systems
[0.221s] INFO:colcon.colcon_core.shell:Skip shell extension 'powershell' for command environment: Not usable outside of PowerShell
[0.221s] DEBUG:colcon.colcon_core.shell:Skip shell extension 'dsv' for command environment
[0.225s] INFO:colcon.colcon_ros.task.ament_python.build:Building ROS package in '/home/ineogi2/ros2_ws/src/ros_image' with build type 'ament_python'
[0.226s] Level 1:colcon.colcon_core.shell:create_environment_hook('ros_image', 'ament_prefix_path')
[0.226s] INFO:colcon.colcon_core.shell:Creating environment hook '/home/ineogi2/ros2_ws/install/ros_image/share/ros_image/hook/ament_prefix_path.ps1'
[0.227s] INFO:colcon.colcon_core.shell:Creating environment descriptor '/home/ineogi2/ros2_ws/install/ros_image/share/ros_image/hook/ament_prefix_path.dsv'
[0.227s] INFO:colcon.colcon_core.shell:Creating environment hook '/home/ineogi2/ros2_ws/install/ros_image/share/ros_image/hook/ament_prefix_path.sh'
[0.228s] INFO:colcon.colcon_core.shell:Skip shell extension 'powershell' for command environment: Not usable outside of PowerShell
[0.228s] DEBUG:colcon.colcon_core.shell:Skip shell extension 'dsv' for command environment
[0.232s] INFO:colcon.colcon_ros.task.ament_python.build:Building ROS package in '/home/ineogi2/ros2_ws/src/ros_teensy' with build type 'ament_python'
[0.232s] Level 1:colcon.colcon_core.shell:create_environment_hook('ros_teensy', 'ament_prefix_path')
[0.233s] INFO:colcon.colcon_core.shell:Creating environment hook '/home/ineogi2/ros2_ws/install/ros_teensy/share/ros_teensy/hook/ament_prefix_path.ps1'
[0.233s] INFO:colcon.colcon_core.shell:Creating environment descriptor '/home/ineogi2/ros2_ws/install/ros_teensy/share/ros_teensy/hook/ament_prefix_path.dsv'
[0.234s] INFO:colcon.colcon_core.shell:Creating environment hook '/home/ineogi2/ros2_ws/install/ros_teensy/share/ros_teensy/hook/ament_prefix_path.sh'
[0.234s] INFO:colcon.colcon_core.shell:Skip shell extension 'powershell' for command environment: Not usable outside of PowerShell
[0.234s] DEBUG:colcon.colcon_core.shell:Skip shell extension 'dsv' for command environment
[0.243s] DEBUG:colcon.colcon_core.event_handler.log_command:Invoking command in '/home/ineogi2/ros2_ws/build/realsense2_camera_msgs': CMAKE_PREFIX_PATH=${CMAKE_PREFIX_PATH}:/home/ineogi2/ros2_ws/install/ros_teensy:/home/ineogi2/ros2_ws/install/ros_image:/opt/ros/foxy /usr/bin/cmake --build /home/ineogi2/ros2_ws/build/realsense2_camera_msgs -- -j12 -l12
[0.421s] INFO:colcon.colcon_core.task.python.build:Building Python package in '/home/ineogi2/ros2_ws/src/ros_image'
[0.422s] INFO:colcon.colcon_core.shell:Skip shell extension 'powershell' for command environment: Not usable outside of PowerShell
[0.422s] DEBUG:colcon.colcon_core.shell:Skip shell extension 'dsv' for command environment
[0.604s] INFO:colcon.colcon_core.task.python.build:Building Python package in '/home/ineogi2/ros2_ws/src/ros_teensy'
[0.605s] INFO:colcon.colcon_core.shell:Skip shell extension 'powershell' for command environment: Not usable outside of PowerShell
[0.605s] DEBUG:colcon.colcon_core.shell:Skip shell extension 'dsv' for command environment
[0.611s] DEBUG:colcon.colcon_core.event_handler.log_command:Invoked command in '/home/ineogi2/ros2_ws/build/realsense2_camera_msgs' returned '0': CMAKE_PREFIX_PATH=${CMAKE_PREFIX_PATH}:/home/ineogi2/ros2_ws/install/ros_teensy:/home/ineogi2/ros2_ws/install/ros_image:/opt/ros/foxy /usr/bin/cmake --build /home/ineogi2/ros2_ws/build/realsense2_camera_msgs -- -j12 -l12
[0.679s] DEBUG:colcon.colcon_core.event_handler.log_command:Invoking command in '/home/ineogi2/ros2_ws/build/realsense2_camera_msgs': CMAKE_PREFIX_PATH=${CMAKE_PREFIX_PATH}:/home/ineogi2/ros2_ws/install/ros_teensy:/home/ineogi2/ros2_ws/install/ros_image:/opt/ros/foxy /usr/bin/cmake --install /home/ineogi2/ros2_ws/build/realsense2_camera_msgs
[0.749s] Level 1:colcon.colcon_core.environment:create_environment_scripts_only(realsense2_camera_msgs)
[0.750s] DEBUG:colcon.colcon_core.event_handler.log_command:Invoked command in '/home/ineogi2/ros2_ws/build/realsense2_camera_msgs' returned '0': CMAKE_PREFIX_PATH=${CMAKE_PREFIX_PATH}:/home/ineogi2/ros2_ws/install/ros_teensy:/home/ineogi2/ros2_ws/install/ros_image:/opt/ros/foxy /usr/bin/cmake --install /home/ineogi2/ros2_ws/build/realsense2_camera_msgs
[0.752s] Level 1:colcon.colcon_core.environment:checking '/home/ineogi2/ros2_ws/install/realsense2_camera_msgs' for CMake module files
[0.753s] Level 1:colcon.colcon_core.environment:checking '/home/ineogi2/ros2_ws/install/realsense2_camera_msgs' for CMake config files
[0.753s] Level 1:colcon.colcon_core.shell:create_environment_hook('realsense2_camera_msgs', 'cmake_prefix_path')
[0.753s] INFO:colcon.colcon_core.shell:Creating environment hook '/home/ineogi2/ros2_ws/install/realsense2_camera_msgs/share/realsense2_camera_msgs/hook/cmake_prefix_path.ps1'
[0.754s] INFO:colcon.colcon_core.shell:Creating environment descriptor '/home/ineogi2/ros2_ws/install/realsense2_camera_msgs/share/realsense2_camera_msgs/hook/cmake_prefix_path.dsv'
[0.754s] INFO:colcon.colcon_core.shell:Creating environment hook '/home/ineogi2/ros2_ws/install/realsense2_camera_msgs/share/realsense2_camera_msgs/hook/cmake_prefix_path.sh'
[0.755s] Level 1:colcon.colcon_core.environment:checking '/home/ineogi2/ros2_ws/install/realsense2_camera_msgs/lib'
[0.755s] Level 1:colcon.colcon_core.shell:create_environment_hook('realsense2_camera_msgs', 'ld_library_path_lib')
[0.755s] INFO:colcon.colcon_core.shell:Creating environment hook '/home/ineogi2/ros2_ws/install/realsense2_camera_msgs/share/realsense2_camera_msgs/hook/ld_library_path_lib.ps1'
[0.755s] INFO:colcon.colcon_core.shell:Creating environment descriptor '/home/ineogi2/ros2_ws/install/realsense2_camera_msgs/share/realsense2_camera_msgs/hook/ld_library_path_lib.dsv'
[0.756s] INFO:colcon.colcon_core.shell:Creating environment hook '/home/ineogi2/ros2_ws/install/realsense2_camera_msgs/share/realsense2_camera_msgs/hook/ld_library_path_lib.sh'
[0.756s] Level 1:colcon.colcon_core.environment:checking '/home/ineogi2/ros2_ws/install/realsense2_camera_msgs/bin'
[0.756s] Level 1:colcon.colcon_core.environment:checking '/home/ineogi2/ros2_ws/install/realsense2_camera_msgs/lib/pkgconfig/realsense2_camera_msgs.pc'
[0.756s] Level 1:colcon.colcon_core.environment:checking '/home/ineogi2/ros2_ws/install/realsense2_camera_msgs/lib/python3.8/site-packages'
[0.756s] Level 1:colcon.colcon_core.shell:create_environment_hook('realsense2_camera_msgs', 'pythonpath')
[0.757s] INFO:colcon.colcon_core.shell:Creating environment hook '/home/ineogi2/ros2_ws/install/realsense2_camera_msgs/share/realsense2_camera_msgs/hook/pythonpath.ps1'
[0.757s] INFO:colcon.colcon_core.shell:Creating environment descriptor '/home/ineogi2/ros2_ws/install/realsense2_camera_msgs/share/realsense2_camera_msgs/hook/pythonpath.dsv'
[0.757s] INFO:colcon.colcon_core.shell:Creating environment hook '/home/ineogi2/ros2_ws/install/realsense2_camera_msgs/share/realsense2_camera_msgs/hook/pythonpath.sh'
[0.757s] Level 1:colcon.colcon_core.environment:checking '/home/ineogi2/ros2_ws/install/realsense2_camera_msgs/bin'
[0.758s] INFO:colcon.colcon_core.shell:Creating package script '/home/ineogi2/ros2_ws/install/realsense2_camera_msgs/share/realsense2_camera_msgs/package.ps1'
[0.758s] INFO:colcon.colcon_core.shell:Creating package descriptor '/home/ineogi2/ros2_ws/install/realsense2_camera_msgs/share/realsense2_camera_msgs/package.dsv'
[0.759s] INFO:colcon.colcon_core.shell:Creating package script '/home/ineogi2/ros2_ws/install/realsense2_camera_msgs/share/realsense2_camera_msgs/package.sh'
[0.759s] INFO:colcon.colcon_core.shell:Creating package script '/home/ineogi2/ros2_ws/install/realsense2_camera_msgs/share/realsense2_camera_msgs/package.bash'
[0.760s] INFO:colcon.colcon_core.shell:Creating package script '/home/ineogi2/ros2_ws/install/realsense2_camera_msgs/share/realsense2_camera_msgs/package.zsh'
[0.760s] Level 1:colcon.colcon_core.environment:create_file_with_runtime_dependencies(/home/ineogi2/ros2_ws/install/realsense2_camera_msgs/share/colcon-core/packages/realsense2_camera_msgs)
[0.821s] Level 1:colcon.colcon_core.environment:create_environment_scripts_only(realsense2_camera_msgs)
[0.822s] Level 1:colcon.colcon_core.environment:checking '/home/ineogi2/ros2_ws/install/realsense2_camera_msgs' for CMake module files
[0.823s] Level 1:colcon.colcon_core.environment:checking '/home/ineogi2/ros2_ws/install/realsense2_camera_msgs' for CMake config files
[0.823s] Level 1:colcon.colcon_core.shell:create_environment_hook('realsense2_camera_msgs', 'cmake_prefix_path')
[0.823s] INFO:colcon.colcon_core.shell:Creating environment hook '/home/ineogi2/ros2_ws/install/realsense2_camera_msgs/share/realsense2_camera_msgs/hook/cmake_prefix_path.ps1'
[0.824s] INFO:colcon.colcon_core.shell:Creating environment descriptor '/home/ineogi2/ros2_ws/install/realsense2_camera_msgs/share/realsense2_camera_msgs/hook/cmake_prefix_path.dsv'
[0.824s] INFO:colcon.colcon_core.shell:Creating environment hook '/home/ineogi2/ros2_ws/install/realsense2_camera_msgs/share/realsense2_camera_msgs/hook/cmake_prefix_path.sh'
[0.824s] Level 1:colcon.colcon_core.environment:checking '/home/ineogi2/ros2_ws/install/realsense2_camera_msgs/lib'
[0.825s] Level 1:colcon.colcon_core.shell:create_environment_hook('realsense2_camera_msgs', 'ld_library_path_lib')
[0.825s] INFO:colcon.colcon_core.shell:Creating environment hook '/home/ineogi2/ros2_ws/install/realsense2_camera_msgs/share/realsense2_camera_msgs/hook/ld_library_path_lib.ps1'
[0.825s] INFO:colcon.colcon_core.shell:Creating environment descriptor '/home/ineogi2/ros2_ws/install/realsense2_camera_msgs/share/realsense2_camera_msgs/hook/ld_library_path_lib.dsv'
[0.825s] INFO:colcon.colcon_core.shell:Creating environment hook '/home/ineogi2/ros2_ws/install/realsense2_camera_msgs/share/realsense2_camera_msgs/hook/ld_library_path_lib.sh'
[0.826s] Level 1:colcon.colcon_core.environment:checking '/home/ineogi2/ros2_ws/install/realsense2_camera_msgs/bin'
[0.826s] Level 1:colcon.colcon_core.environment:checking '/home/ineogi2/ros2_ws/install/realsense2_camera_msgs/lib/pkgconfig/realsense2_camera_msgs.pc'
[0.826s] Level 1:colcon.colcon_core.environment:checking '/home/ineogi2/ros2_ws/install/realsense2_camera_msgs/lib/python3.8/site-packages'
[0.826s] Level 1:colcon.colcon_core.shell:create_environment_hook('realsense2_camera_msgs', 'pythonpath')
[0.826s] INFO:colcon.colcon_core.shell:Creating environment hook '/home/ineogi2/ros2_ws/install/realsense2_camera_msgs/share/realsense2_camera_msgs/hook/pythonpath.ps1'
[0.827s] INFO:colcon.colcon_core.shell:Creating environment descriptor '/home/ineogi2/ros2_ws/install/realsense2_camera_msgs/share/realsense2_camera_msgs/hook/pythonpath.dsv'
[0.827s] INFO:colcon.colcon_core.shell:Creating environment hook '/home/ineogi2/ros2_ws/install/realsense2_camera_msgs/share/realsense2_camera_msgs/hook/pythonpath.sh'
[0.827s] Level 1:colcon.colcon_core.environment:checking '/home/ineogi2/ros2_ws/install/realsense2_camera_msgs/bin'
[0.828s] INFO:colcon.colcon_core.shell:Creating package script '/home/ineogi2/ros2_ws/install/realsense2_camera_msgs/share/realsense2_camera_msgs/package.ps1'
[0.828s] INFO:colcon.colcon_core.shell:Creating package descriptor '/home/ineogi2/ros2_ws/install/realsense2_camera_msgs/share/realsense2_camera_msgs/package.dsv'
[0.828s] INFO:colcon.colcon_core.shell:Creating package script '/home/ineogi2/ros2_ws/install/realsense2_camera_msgs/share/realsense2_camera_msgs/package.sh'
[0.829s] INFO:colcon.colcon_core.shell:Creating package script '/home/ineogi2/ros2_ws/install/realsense2_camera_msgs/share/realsense2_camera_msgs/package.bash'
[0.829s] INFO:colcon.colcon_core.shell:Creating package script '/home/ineogi2/ros2_ws/install/realsense2_camera_msgs/share/realsense2_camera_msgs/package.zsh'
[0.829s] Level 1:colcon.colcon_core.environment:create_file_with_runtime_dependencies(/home/ineogi2/ros2_ws/install/realsense2_camera_msgs/share/colcon-core/packages/realsense2_camera_msgs)
[0.830s] INFO:colcon.colcon_ros.task.ament_cmake.build:Building ROS package in '/home/ineogi2/ros2_ws/src/realsense-ros/realsense2_camera' with build type 'ament_cmake'
[0.830s] INFO:colcon.colcon_cmake.task.cmake.build:Building CMake package in '/home/ineogi2/ros2_ws/src/realsense-ros/realsense2_camera'
[0.830s] INFO:colcon.colcon_core.shell:Skip shell extension 'powershell' for command environment: Not usable outside of PowerShell
[0.830s] DEBUG:colcon.colcon_core.shell:Skip shell extension 'dsv' for command environment
[0.835s] INFO:colcon.colcon_ros.task.ament_cmake.build:Building ROS package in '/home/ineogi2/ros2_ws/src/realsense-ros/realsense2_description' with build type 'ament_cmake'
[0.835s] INFO:colcon.colcon_cmake.task.cmake.build:Building CMake package in '/home/ineogi2/ros2_ws/src/realsense-ros/realsense2_description'
[0.836s] INFO:colcon.colcon_core.shell:Skip shell extension 'powershell' for command environment: Not usable outside of PowerShell
[0.836s] DEBUG:colcon.colcon_core.shell:Skip shell extension 'dsv' for command environment
[0.846s] DEBUG:colcon.colcon_core.event_handler.log_command:Invoking command in '/home/ineogi2/ros2_ws/build/realsense2_camera': CMAKE_PREFIX_PATH=/home/ineogi2/ros2_ws/install/realsense2_camera_msgs:/home/ineogi2/microros_ws/install/micro_ros_setup:/home/ineogi2/microros_ws/install/micro_ros_agent:/home/ineogi2/microros_ws/install/micro_ros_msgs:/home/ineogi2/ros2_ws/install/realsense2_description:/home/ineogi2/ros2_ws/install/realsense2_camera:/home/ineogi2/ros2_ws/install/ros_teensy:/home/ineogi2/ros2_ws/install/ros_image:/opt/ros/foxy LD_LIBRARY_PATH=/home/ineogi2/ros2_ws/install/realsense2_camera_msgs/lib:/usr/local/cuda-11.2/lib64:/home/ineogi2/ros2_ws/install/realsense2_camera/lib:/usr/local/cuda-11.2/lib64:/home/ineogi2/microros_ws/install/micro_ros_agent/lib:/home/ineogi2/microros_ws/install/micro_ros_msgs/lib:/home/ineogi2/microros_ws/install/drive_base_msgs/lib:/opt/ros/foxy/opt/yaml_cpp_vendor/lib:/opt/ros/foxy/opt/rviz_ogre_vendor/lib:/opt/ros/foxy/lib/x86_64-linux-gnu:/opt/ros/foxy/lib:/usr/local/cuda-11.2/lib64:/usr/local/cuda-11.2/lib64 PYTHONPATH=/home/ineogi2/ros2_ws/install/realsense2_camera_msgs/lib/python3.8/site-packages:/home/ineogi2/microros_ws/install/micro_ros_msgs/lib/python3.8/site-packages:/home/ineogi2/ros2_ws/build/ros_teensy:/home/ineogi2/ros2_ws/install/ros_teensy/lib/python3.8/site-packages:/home/ineogi2/ros2_ws/build/ros_image:/home/ineogi2/ros2_ws/install/ros_image/lib/python3.8/site-packages:/opt/ros/foxy/lib/python3.8/site-packages /usr/bin/cmake --build /home/ineogi2/ros2_ws/build/realsense2_camera -- -j12 -l12
[0.850s] DEBUG:colcon.colcon_core.event_handler.log_command:Invoking command in '/home/ineogi2/ros2_ws/build/realsense2_description': CMAKE_PREFIX_PATH=/home/ineogi2/ros2_ws/install/realsense2_camera_msgs:/home/ineogi2/microros_ws/install/micro_ros_setup:/home/ineogi2/microros_ws/install/micro_ros_agent:/home/ineogi2/microros_ws/install/micro_ros_msgs:/home/ineogi2/ros2_ws/install/realsense2_description:/home/ineogi2/ros2_ws/install/realsense2_camera:/home/ineogi2/ros2_ws/install/ros_teensy:/home/ineogi2/ros2_ws/install/ros_image:/opt/ros/foxy LD_LIBRARY_PATH=/home/ineogi2/ros2_ws/install/realsense2_camera_msgs/lib:/usr/local/cuda-11.2/lib64:/home/ineogi2/ros2_ws/install/realsense2_camera/lib:/usr/local/cuda-11.2/lib64:/home/ineogi2/microros_ws/install/micro_ros_agent/lib:/home/ineogi2/microros_ws/install/micro_ros_msgs/lib:/home/ineogi2/microros_ws/install/drive_base_msgs/lib:/opt/ros/foxy/opt/yaml_cpp_vendor/lib:/opt/ros/foxy/opt/rviz_ogre_vendor/lib:/opt/ros/foxy/lib/x86_64-linux-gnu:/opt/ros/foxy/lib:/usr/local/cuda-11.2/lib64:/usr/local/cuda-11.2/lib64 PYTHONPATH=/home/ineogi2/ros2_ws/install/realsense2_camera_msgs/lib/python3.8/site-packages:/home/ineogi2/microros_ws/install/micro_ros_msgs/lib/python3.8/site-packages:/home/ineogi2/ros2_ws/build/ros_teensy:/home/ineogi2/ros2_ws/install/ros_teensy/lib/python3.8/site-packages:/home/ineogi2/ros2_ws/build/ros_image:/home/ineogi2/ros2_ws/install/ros_image/lib/python3.8/site-packages:/opt/ros/foxy/lib/python3.8/site-packages /usr/bin/cmake --build /home/ineogi2/ros2_ws/build/realsense2_description -- -j12 -l12
[0.880s] DEBUG:colcon.colcon_core.event_handler.log_command:Invoked command in '/home/ineogi2/ros2_ws/build/realsense2_description' returned '0': CMAKE_PREFIX_PATH=/home/ineogi2/ros2_ws/install/realsense2_camera_msgs:/home/ineogi2/microros_ws/install/micro_ros_setup:/home/ineogi2/microros_ws/install/micro_ros_agent:/home/ineogi2/microros_ws/install/micro_ros_msgs:/home/ineogi2/ros2_ws/install/realsense2_description:/home/ineogi2/ros2_ws/install/realsense2_camera:/home/ineogi2/ros2_ws/install/ros_teensy:/home/ineogi2/ros2_ws/install/ros_image:/opt/ros/foxy LD_LIBRARY_PATH=/home/ineogi2/ros2_ws/install/realsense2_camera_msgs/lib:/usr/local/cuda-11.2/lib64:/home/ineogi2/ros2_ws/install/realsense2_camera/lib:/usr/local/cuda-11.2/lib64:/home/ineogi2/microros_ws/install/micro_ros_agent/lib:/home/ineogi2/microros_ws/install/micro_ros_msgs/lib:/home/ineogi2/microros_ws/install/drive_base_msgs/lib:/opt/ros/foxy/opt/yaml_cpp_vendor/lib:/opt/ros/foxy/opt/rviz_ogre_vendor/lib:/opt/ros/foxy/lib/x86_64-linux-gnu:/opt/ros/foxy/lib:/usr/local/cuda-11.2/lib64:/usr/local/cuda-11.2/lib64 PYTHONPATH=/home/ineogi2/ros2_ws/install/realsense2_camera_msgs/lib/python3.8/site-packages:/home/ineogi2/microros_ws/install/micro_ros_msgs/lib/python3.8/site-packages:/home/ineogi2/ros2_ws/build/ros_teensy:/home/ineogi2/ros2_ws/install/ros_teensy/lib/python3.8/site-packages:/home/ineogi2/ros2_ws/build/ros_image:/home/ineogi2/ros2_ws/install/ros_image/lib/python3.8/site-packages:/opt/ros/foxy/lib/python3.8/site-packages /usr/bin/cmake --build /home/ineogi2/ros2_ws/build/realsense2_description -- -j12 -l12
[0.899s] DEBUG:colcon.colcon_core.event_handler.log_command:Invoking command in '/home/ineogi2/ros2_ws/build/realsense2_description': CMAKE_PREFIX_PATH=/home/ineogi2/ros2_ws/install/realsense2_camera_msgs:/home/ineogi2/microros_ws/install/micro_ros_setup:/home/ineogi2/microros_ws/install/micro_ros_agent:/home/ineogi2/microros_ws/install/micro_ros_msgs:/home/ineogi2/ros2_ws/install/realsense2_description:/home/ineogi2/ros2_ws/install/realsense2_camera:/home/ineogi2/ros2_ws/install/ros_teensy:/home/ineogi2/ros2_ws/install/ros_image:/opt/ros/foxy LD_LIBRARY_PATH=/home/ineogi2/ros2_ws/install/realsense2_camera_msgs/lib:/usr/local/cuda-11.2/lib64:/home/ineogi2/ros2_ws/install/realsense2_camera/lib:/usr/local/cuda-11.2/lib64:/home/ineogi2/microros_ws/install/micro_ros_agent/lib:/home/ineogi2/microros_ws/install/micro_ros_msgs/lib:/home/ineogi2/microros_ws/install/drive_base_msgs/lib:/opt/ros/foxy/opt/yaml_cpp_vendor/lib:/opt/ros/foxy/opt/rviz_ogre_vendor/lib:/opt/ros/foxy/lib/x86_64-linux-gnu:/opt/ros/foxy/lib:/usr/local/cuda-11.2/lib64:/usr/local/cuda-11.2/lib64 PYTHONPATH=/home/ineogi2/ros2_ws/install/realsense2_camera_msgs/lib/python3.8/site-packages:/home/ineogi2/microros_ws/install/micro_ros_msgs/lib/python3.8/site-packages:/home/ineogi2/ros2_ws/build/ros_teensy:/home/ineogi2/ros2_ws/install/ros_teensy/lib/python3.8/site-packages:/home/ineogi2/ros2_ws/build/ros_image:/home/ineogi2/ros2_ws/install/ros_image/lib/python3.8/site-packages:/opt/ros/foxy/lib/python3.8/site-packages /usr/bin/cmake --install /home/ineogi2/ros2_ws/build/realsense2_description
[0.926s] Level 1:colcon.colcon_core.environment:create_environment_scripts_only(realsense2_description)
[0.927s] Level 1:colcon.colcon_core.environment:checking '/home/ineogi2/ros2_ws/install/realsense2_description' for CMake module files
[0.928s] DEBUG:colcon.colcon_core.event_handler.log_command:Invoked command in '/home/ineogi2/ros2_ws/build/realsense2_description' returned '0': CMAKE_PREFIX_PATH=/home/ineogi2/ros2_ws/install/realsense2_camera_msgs:/home/ineogi2/microros_ws/install/micro_ros_setup:/home/ineogi2/microros_ws/install/micro_ros_agent:/home/ineogi2/microros_ws/install/micro_ros_msgs:/home/ineogi2/ros2_ws/install/realsense2_description:/home/ineogi2/ros2_ws/install/realsense2_camera:/home/ineogi2/ros2_ws/install/ros_teensy:/home/ineogi2/ros2_ws/install/ros_image:/opt/ros/foxy LD_LIBRARY_PATH=/home/ineogi2/ros2_ws/install/realsense2_camera_msgs/lib:/usr/local/cuda-11.2/lib64:/home/ineogi2/ros2_ws/install/realsense2_camera/lib:/usr/local/cuda-11.2/lib64:/home/ineogi2/microros_ws/install/micro_ros_agent/lib:/home/ineogi2/microros_ws/install/micro_ros_msgs/lib:/home/ineogi2/microros_ws/install/drive_base_msgs/lib:/opt/ros/foxy/opt/yaml_cpp_vendor/lib:/opt/ros/foxy/opt/rviz_ogre_vendor/lib:/opt/ros/foxy/lib/x86_64-linux-gnu:/opt/ros/foxy/lib:/usr/local/cuda-11.2/lib64:/usr/local/cuda-11.2/lib64 PYTHONPATH=/home/ineogi2/ros2_ws/install/realsense2_camera_msgs/lib/python3.8/site-packages:/home/ineogi2/microros_ws/install/micro_ros_msgs/lib/python3.8/site-packages:/home/ineogi2/ros2_ws/build/ros_teensy:/home/ineogi2/ros2_ws/install/ros_teensy/lib/python3.8/site-packages:/home/ineogi2/ros2_ws/build/ros_image:/home/ineogi2/ros2_ws/install/ros_image/lib/python3.8/site-packages:/opt/ros/foxy/lib/python3.8/site-packages /usr/bin/cmake --install /home/ineogi2/ros2_ws/build/realsense2_description
[0.928s] Level 1:colcon.colcon_core.environment:checking '/home/ineogi2/ros2_ws/install/realsense2_description' for CMake config files
[0.928s] Level 1:colcon.colcon_core.shell:create_environment_hook('realsense2_description', 'cmake_prefix_path')
[0.929s] INFO:colcon.colcon_core.shell:Creating environment hook '/home/ineogi2/ros2_ws/install/realsense2_description/share/realsense2_description/hook/cmake_prefix_path.ps1'
[0.929s] INFO:colcon.colcon_core.shell:Creating environment descriptor '/home/ineogi2/ros2_ws/install/realsense2_description/share/realsense2_description/hook/cmake_prefix_path.dsv'
[0.929s] INFO:colcon.colcon_core.shell:Creating environment hook '/home/ineogi2/ros2_ws/install/realsense2_description/share/realsense2_description/hook/cmake_prefix_path.sh'
[0.930s] Level 1:colcon.colcon_core.environment:checking '/home/ineogi2/ros2_ws/install/realsense2_description/bin'
[0.930s] Level 1:colcon.colcon_core.environment:checking '/home/ineogi2/ros2_ws/install/realsense2_description/lib/pkgconfig/realsense2_description.pc'
[0.930s] Level 1:colcon.colcon_core.environment:checking '/home/ineogi2/ros2_ws/install/realsense2_description/lib/python3.8/site-packages'
[0.930s] Level 1:colcon.colcon_core.environment:checking '/home/ineogi2/ros2_ws/install/realsense2_description/bin'
[0.931s] INFO:colcon.colcon_core.shell:Creating package script '/home/ineogi2/ros2_ws/install/realsense2_description/share/realsense2_description/package.ps1'
[0.931s] INFO:colcon.colcon_core.shell:Creating package descriptor '/home/ineogi2/ros2_ws/install/realsense2_description/share/realsense2_description/package.dsv'
[0.932s] INFO:colcon.colcon_core.shell:Creating package script '/home/ineogi2/ros2_ws/install/realsense2_description/share/realsense2_description/package.sh'
[0.932s] INFO:colcon.colcon_core.shell:Creating package script '/home/ineogi2/ros2_ws/install/realsense2_description/share/realsense2_description/package.bash'
[0.932s] INFO:colcon.colcon_core.shell:Creating package script '/home/ineogi2/ros2_ws/install/realsense2_description/share/realsense2_description/package.zsh'
[0.932s] Level 1:colcon.colcon_core.environment:create_file_with_runtime_dependencies(/home/ineogi2/ros2_ws/install/realsense2_description/share/colcon-core/packages/realsense2_description)
[0.937s] DEBUG:colcon.colcon_core.event_handler.log_command:Invoking command in '/home/ineogi2/ros2_ws/build/ros_image': PYTHONPATH=/home/ineogi2/ros2_ws/install/ros_image/lib/python3.8/site-packages:${PYTHONPATH} /usr/bin/python3 setup.py develop --prefix /home/ineogi2/ros2_ws/install/ros_image --editable --build-directory /home/ineogi2/ros2_ws/build/ros_image/build --no-deps install_data --install-dir /home/ineogi2/ros2_ws/install/ros_image
[0.948s] DEBUG:colcon.colcon_core.event_handler.log_command:Invoked command in '/home/ineogi2/ros2_ws/build/realsense2_camera' returned '0': CMAKE_PREFIX_PATH=/home/ineogi2/ros2_ws/install/realsense2_camera_msgs:/home/ineogi2/microros_ws/install/micro_ros_setup:/home/ineogi2/microros_ws/install/micro_ros_agent:/home/ineogi2/microros_ws/install/micro_ros_msgs:/home/ineogi2/ros2_ws/install/realsense2_description:/home/ineogi2/ros2_ws/install/realsense2_camera:/home/ineogi2/ros2_ws/install/ros_teensy:/home/ineogi2/ros2_ws/install/ros_image:/opt/ros/foxy LD_LIBRARY_PATH=/home/ineogi2/ros2_ws/install/realsense2_camera_msgs/lib:/usr/local/cuda-11.2/lib64:/home/ineogi2/ros2_ws/install/realsense2_camera/lib:/usr/local/cuda-11.2/lib64:/home/ineogi2/microros_ws/install/micro_ros_agent/lib:/home/ineogi2/microros_ws/install/micro_ros_msgs/lib:/home/ineogi2/microros_ws/install/drive_base_msgs/lib:/opt/ros/foxy/opt/yaml_cpp_vendor/lib:/opt/ros/foxy/opt/rviz_ogre_vendor/lib:/opt/ros/foxy/lib/x86_64-linux-gnu:/opt/ros/foxy/lib:/usr/local/cuda-11.2/lib64:/usr/local/cuda-11.2/lib64 PYTHONPATH=/home/ineogi2/ros2_ws/install/realsense2_camera_msgs/lib/python3.8/site-packages:/home/ineogi2/microros_ws/install/micro_ros_msgs/lib/python3.8/site-packages:/home/ineogi2/ros2_ws/build/ros_teensy:/home/ineogi2/ros2_ws/install/ros_teensy/lib/python3.8/site-packages:/home/ineogi2/ros2_ws/build/ros_image:/home/ineogi2/ros2_ws/install/ros_image/lib/python3.8/site-packages:/opt/ros/foxy/lib/python3.8/site-packages /usr/bin/cmake --build /home/ineogi2/ros2_ws/build/realsense2_camera -- -j12 -l12
[0.952s] Level 1:colcon.colcon_core.environment:create_environment_scripts_only(realsense2_description)
[0.953s] Level 1:colcon.colcon_core.environment:checking '/home/ineogi2/ros2_ws/install/realsense2_description' for CMake module files
[0.953s] Level 1:colcon.colcon_core.environment:checking '/home/ineogi2/ros2_ws/install/realsense2_description' for CMake config files
[0.953s] Level 1:colcon.colcon_core.shell:create_environment_hook('realsense2_description', 'cmake_prefix_path')
[0.954s] INFO:colcon.colcon_core.shell:Creating environment hook '/home/ineogi2/ros2_ws/install/realsense2_description/share/realsense2_description/hook/cmake_prefix_path.ps1'
[0.954s] INFO:colcon.colcon_core.shell:Creating environment descriptor '/home/ineogi2/ros2_ws/install/realsense2_description/share/realsense2_description/hook/cmake_prefix_path.dsv'
[0.954s] INFO:colcon.colcon_core.shell:Creating environment hook '/home/ineogi2/ros2_ws/install/realsense2_description/share/realsense2_description/hook/cmake_prefix_path.sh'
[0.955s] Level 1:colcon.colcon_core.environment:checking '/home/ineogi2/ros2_ws/install/realsense2_description/bin'
[0.955s] Level 1:colcon.colcon_core.environment:checking '/home/ineogi2/ros2_ws/install/realsense2_description/lib/pkgconfig/realsense2_description.pc'
[0.955s] Level 1:colcon.colcon_core.environment:checking '/home/ineogi2/ros2_ws/install/realsense2_description/lib/python3.8/site-packages'
[0.955s] Level 1:colcon.colcon_core.environment:checking '/home/ineogi2/ros2_ws/install/realsense2_description/bin'
[0.956s] INFO:colcon.colcon_core.shell:Creating package script '/home/ineogi2/ros2_ws/install/realsense2_description/share/realsense2_description/package.ps1'
[0.956s] INFO:colcon.colcon_core.shell:Creating package descriptor '/home/ineogi2/ros2_ws/install/realsense2_description/share/realsense2_description/package.dsv'
[0.956s] INFO:colcon.colcon_core.shell:Creating package script '/home/ineogi2/ros2_ws/install/realsense2_description/share/realsense2_description/package.sh'
[0.957s] INFO:colcon.colcon_core.shell:Creating package script '/home/ineogi2/ros2_ws/install/realsense2_description/share/realsense2_description/package.bash'
[0.957s] INFO:colcon.colcon_core.shell:Creating package script '/home/ineogi2/ros2_ws/install/realsense2_description/share/realsense2_description/package.zsh'
[0.957s] Level 1:colcon.colcon_core.environment:create_file_with_runtime_dependencies(/home/ineogi2/ros2_ws/install/realsense2_description/share/colcon-core/packages/realsense2_description)
[0.960s] DEBUG:colcon.colcon_core.event_handler.log_command:Invoking command in '/home/ineogi2/ros2_ws/build/ros_teensy': PYTHONPATH=/home/ineogi2/ros2_ws/install/ros_teensy/lib/python3.8/site-packages:${PYTHONPATH} /usr/bin/python3 setup.py develop --prefix /home/ineogi2/ros2_ws/install/ros_teensy --editable --build-directory /home/ineogi2/ros2_ws/build/ros_teensy/build --no-deps install_data --install-dir /home/ineogi2/ros2_ws/install/ros_teensy
[0.982s] DEBUG:colcon.colcon_core.event_handler.log_command:Invoking command in '/home/ineogi2/ros2_ws/build/realsense2_camera': CMAKE_PREFIX_PATH=/home/ineogi2/ros2_ws/install/realsense2_camera_msgs:/home/ineogi2/microros_ws/install/micro_ros_setup:/home/ineogi2/microros_ws/install/micro_ros_agent:/home/ineogi2/microros_ws/install/micro_ros_msgs:/home/ineogi2/ros2_ws/install/realsense2_description:/home/ineogi2/ros2_ws/install/realsense2_camera:/home/ineogi2/ros2_ws/install/ros_teensy:/home/ineogi2/ros2_ws/install/ros_image:/opt/ros/foxy LD_LIBRARY_PATH=/home/ineogi2/ros2_ws/install/realsense2_camera_msgs/lib:/usr/local/cuda-11.2/lib64:/home/ineogi2/ros2_ws/install/realsense2_camera/lib:/usr/local/cuda-11.2/lib64:/home/ineogi2/microros_ws/install/micro_ros_agent/lib:/home/ineogi2/microros_ws/install/micro_ros_msgs/lib:/home/ineogi2/microros_ws/install/drive_base_msgs/lib:/opt/ros/foxy/opt/yaml_cpp_vendor/lib:/opt/ros/foxy/opt/rviz_ogre_vendor/lib:/opt/ros/foxy/lib/x86_64-linux-gnu:/opt/ros/foxy/lib:/usr/local/cuda-11.2/lib64:/usr/local/cuda-11.2/lib64 PYTHONPATH=/home/ineogi2/ros2_ws/install/realsense2_camera_msgs/lib/python3.8/site-packages:/home/ineogi2/microros_ws/install/micro_ros_msgs/lib/python3.8/site-packages:/home/ineogi2/ros2_ws/build/ros_teensy:/home/ineogi2/ros2_ws/install/ros_teensy/lib/python3.8/site-packages:/home/ineogi2/ros2_ws/build/ros_image:/home/ineogi2/ros2_ws/install/ros_image/lib/python3.8/site-packages:/opt/ros/foxy/lib/python3.8/site-packages /usr/bin/cmake --install /home/ineogi2/ros2_ws/build/realsense2_camera
[1.007s] Level 1:colcon.colcon_core.environment:create_environment_scripts_only(realsense2_camera)
[1.007s] DEBUG:colcon.colcon_core.event_handler.log_command:Invoked command in '/home/ineogi2/ros2_ws/build/realsense2_camera' returned '0': CMAKE_PREFIX_PATH=/home/ineogi2/ros2_ws/install/realsense2_camera_msgs:/home/ineogi2/microros_ws/install/micro_ros_setup:/home/ineogi2/microros_ws/install/micro_ros_agent:/home/ineogi2/microros_ws/install/micro_ros_msgs:/home/ineogi2/ros2_ws/install/realsense2_description:/home/ineogi2/ros2_ws/install/realsense2_camera:/home/ineogi2/ros2_ws/install/ros_teensy:/home/ineogi2/ros2_ws/install/ros_image:/opt/ros/foxy LD_LIBRARY_PATH=/home/ineogi2/ros2_ws/install/realsense2_camera_msgs/lib:/usr/local/cuda-11.2/lib64:/home/ineogi2/ros2_ws/install/realsense2_camera/lib:/usr/local/cuda-11.2/lib64:/home/ineogi2/microros_ws/install/micro_ros_agent/lib:/home/ineogi2/microros_ws/install/micro_ros_msgs/lib:/home/ineogi2/microros_ws/install/drive_base_msgs/lib:/opt/ros/foxy/opt/yaml_cpp_vendor/lib:/opt/ros/foxy/opt/rviz_ogre_vendor/lib:/opt/ros/foxy/lib/x86_64-linux-gnu:/opt/ros/foxy/lib:/usr/local/cuda-11.2/lib64:/usr/local/cuda-11.2/lib64 PYTHONPATH=/home/ineogi2/ros2_ws/install/realsense2_camera_msgs/lib/python3.8/site-packages:/home/ineogi2/microros_ws/install/micro_ros_msgs/lib/python3.8/site-packages:/home/ineogi2/ros2_ws/build/ros_teensy:/home/ineogi2/ros2_ws/install/ros_teensy/lib/python3.8/site-packages:/home/ineogi2/ros2_ws/build/ros_image:/home/ineogi2/ros2_ws/install/ros_image/lib/python3.8/site-packages:/opt/ros/foxy/lib/python3.8/site-packages /usr/bin/cmake --install /home/ineogi2/ros2_ws/build/realsense2_camera
[1.008s] Level 1:colcon.colcon_core.environment:checking '/home/ineogi2/ros2_ws/install/realsense2_camera' for CMake module files
[1.009s] Level 1:colcon.colcon_core.environment:checking '/home/ineogi2/ros2_ws/install/realsense2_camera' for CMake config files
[1.009s] Level 1:colcon.colcon_core.shell:create_environment_hook('realsense2_camera', 'cmake_prefix_path')
[1.010s] INFO:colcon.colcon_core.shell:Creating environment hook '/home/ineogi2/ros2_ws/install/realsense2_camera/share/realsense2_camera/hook/cmake_prefix_path.ps1'
[1.010s] INFO:colcon.colcon_core.shell:Creating environment descriptor '/home/ineogi2/ros2_ws/install/realsense2_camera/share/realsense2_camera/hook/cmake_prefix_path.dsv'
[1.010s] INFO:colcon.colcon_core.shell:Creating environment hook '/home/ineogi2/ros2_ws/install/realsense2_camera/share/realsense2_camera/hook/cmake_prefix_path.sh'
[1.011s] Level 1:colcon.colcon_core.environment:checking '/home/ineogi2/ros2_ws/install/realsense2_camera/lib'
[1.011s] Level 1:colcon.colcon_core.shell:create_environment_hook('realsense2_camera', 'ld_library_path_lib')
[1.011s] INFO:colcon.colcon_core.shell:Creating environment hook '/home/ineogi2/ros2_ws/install/realsense2_camera/share/realsense2_camera/hook/ld_library_path_lib.ps1'
[1.011s] INFO:colcon.colcon_core.shell:Creating environment descriptor '/home/ineogi2/ros2_ws/install/realsense2_camera/share/realsense2_camera/hook/ld_library_path_lib.dsv'
[1.012s] INFO:colcon.colcon_core.shell:Creating environment hook '/home/ineogi2/ros2_ws/install/realsense2_camera/share/realsense2_camera/hook/ld_library_path_lib.sh'
[1.012s] Level 1:colcon.colcon_core.environment:checking '/home/ineogi2/ros2_ws/install/realsense2_camera/bin'
[1.012s] Level 1:colcon.colcon_core.environment:checking '/home/ineogi2/ros2_ws/install/realsense2_camera/lib/pkgconfig/realsense2_camera.pc'
[1.012s] Level 1:colcon.colcon_core.environment:checking '/home/ineogi2/ros2_ws/install/realsense2_camera/lib/python3.8/site-packages'
[1.012s] Level 1:colcon.colcon_core.environment:checking '/home/ineogi2/ros2_ws/install/realsense2_camera/bin'
[1.013s] INFO:colcon.colcon_core.shell:Creating package script '/home/ineogi2/ros2_ws/install/realsense2_camera/share/realsense2_camera/package.ps1'
[1.013s] INFO:colcon.colcon_core.shell:Creating package descriptor '/home/ineogi2/ros2_ws/install/realsense2_camera/share/realsense2_camera/package.dsv'
[1.013s] INFO:colcon.colcon_core.shell:Creating package script '/home/ineogi2/ros2_ws/install/realsense2_camera/share/realsense2_camera/package.sh'
[1.014s] INFO:colcon.colcon_core.shell:Creating package script '/home/ineogi2/ros2_ws/install/realsense2_camera/share/realsense2_camera/package.bash'
[1.014s] INFO:colcon.colcon_core.shell:Creating package script '/home/ineogi2/ros2_ws/install/realsense2_camera/share/realsense2_camera/package.zsh'
[1.014s] Level 1:colcon.colcon_core.environment:create_file_with_runtime_dependencies(/home/ineogi2/ros2_ws/install/realsense2_camera/share/colcon-core/packages/realsense2_camera)
[1.047s] Level 1:colcon.colcon_core.environment:create_environment_scripts_only(realsense2_camera)
[1.048s] Level 1:colcon.colcon_core.environment:checking '/home/ineogi2/ros2_ws/install/realsense2_camera' for CMake module files
[1.048s] Level 1:colcon.colcon_core.environment:checking '/home/ineogi2/ros2_ws/install/realsense2_camera' for CMake config files
[1.048s] Level 1:colcon.colcon_core.shell:create_environment_hook('realsense2_camera', 'cmake_prefix_path')
[1.049s] INFO:colcon.colcon_core.shell:Creating environment hook '/home/ineogi2/ros2_ws/install/realsense2_camera/share/realsense2_camera/hook/cmake_prefix_path.ps1'
[1.049s] INFO:colcon.colcon_core.shell:Creating environment descriptor '/home/ineogi2/ros2_ws/install/realsense2_camera/share/realsense2_camera/hook/cmake_prefix_path.dsv'
[1.050s] INFO:colcon.colcon_core.shell:Creating environment hook '/home/ineogi2/ros2_ws/install/realsense2_camera/share/realsense2_camera/hook/cmake_prefix_path.sh'
[1.050s] Level 1:colcon.colcon_core.environment:checking '/home/ineogi2/ros2_ws/install/realsense2_camera/lib'
[1.050s] Level 1:colcon.colcon_core.shell:create_environment_hook('realsense2_camera', 'ld_library_path_lib')
[1.050s] INFO:colcon.colcon_core.shell:Creating environment hook '/home/ineogi2/ros2_ws/install/realsense2_camera/share/realsense2_camera/hook/ld_library_path_lib.ps1'
[1.051s] INFO:colcon.colcon_core.shell:Creating environment descriptor '/home/ineogi2/ros2_ws/install/realsense2_camera/share/realsense2_camera/hook/ld_library_path_lib.dsv'
[1.051s] INFO:colcon.colcon_core.shell:Creating environment hook '/home/ineogi2/ros2_ws/install/realsense2_camera/share/realsense2_camera/hook/ld_library_path_lib.sh'
[1.051s] Level 1:colcon.colcon_core.environment:checking '/home/ineogi2/ros2_ws/install/realsense2_camera/bin'
[1.051s] Level 1:colcon.colcon_core.environment:checking '/home/ineogi2/ros2_ws/install/realsense2_camera/lib/pkgconfig/realsense2_camera.pc'
[1.051s] Level 1:colcon.colcon_core.environment:checking '/home/ineogi2/ros2_ws/install/realsense2_camera/lib/python3.8/site-packages'
[1.051s] Level 1:colcon.colcon_core.environment:checking '/home/ineogi2/ros2_ws/install/realsense2_camera/bin'
[1.052s] INFO:colcon.colcon_core.shell:Creating package script '/home/ineogi2/ros2_ws/install/realsense2_camera/share/realsense2_camera/package.ps1'
[1.052s] INFO:colcon.colcon_core.shell:Creating package descriptor '/home/ineogi2/ros2_ws/install/realsense2_camera/share/realsense2_camera/package.dsv'
[1.053s] INFO:colcon.colcon_core.shell:Creating package script '/home/ineogi2/ros2_ws/install/realsense2_camera/share/realsense2_camera/package.sh'
[1.053s] INFO:colcon.colcon_core.shell:Creating package script '/home/ineogi2/ros2_ws/install/realsense2_camera/share/realsense2_camera/package.bash'
[1.053s] INFO:colcon.colcon_core.shell:Creating package script '/home/ineogi2/ros2_ws/install/realsense2_camera/share/realsense2_camera/package.zsh'
[1.053s] Level 1:colcon.colcon_core.environment:create_file_with_runtime_dependencies(/home/ineogi2/ros2_ws/install/realsense2_camera/share/colcon-core/packages/realsense2_camera)
[1.321s] Level 1:colcon.colcon_core.shell:create_environment_hook('ros_image', 'pythonpath_develop')
[1.321s] INFO:colcon.colcon_core.shell:Creating environment hook '/home/ineogi2/ros2_ws/build/ros_image/share/ros_image/hook/pythonpath_develop.ps1'
[1.322s] DEBUG:colcon.colcon_core.event_handler.log_command:Invoked command in '/home/ineogi2/ros2_ws/build/ros_image' returned '0': PYTHONPATH=/home/ineogi2/ros2_ws/install/ros_image/lib/python3.8/site-packages:${PYTHONPATH} /usr/bin/python3 setup.py develop --prefix /home/ineogi2/ros2_ws/install/ros_image --editable --build-directory /home/ineogi2/ros2_ws/build/ros_image/build --no-deps install_data --install-dir /home/ineogi2/ros2_ws/install/ros_image
[1.322s] INFO:colcon.colcon_core.shell:Creating environment descriptor '/home/ineogi2/ros2_ws/build/ros_image/share/ros_image/hook/pythonpath_develop.dsv'
[1.322s] INFO:colcon.colcon_core.shell:Creating environment hook '/home/ineogi2/ros2_ws/build/ros_image/share/ros_image/hook/pythonpath_develop.sh'
[1.323s] Level 1:colcon.colcon_core.environment:checking '/home/ineogi2/ros2_ws/install/ros_image' for CMake module files
[1.323s] Level 1:colcon.colcon_core.environment:checking '/home/ineogi2/ros2_ws/install/ros_image' for CMake config files
[1.324s] Level 1:colcon.colcon_core.environment:checking '/home/ineogi2/ros2_ws/install/ros_image/lib'
[1.324s] Level 1:colcon.colcon_core.environment:checking '/home/ineogi2/ros2_ws/install/ros_image/bin'
[1.324s] Level 1:colcon.colcon_core.environment:checking '/home/ineogi2/ros2_ws/install/ros_image/lib/pkgconfig/ros_image.pc'
[1.324s] Level 1:colcon.colcon_core.environment:checking '/home/ineogi2/ros2_ws/install/ros_image/lib/python3.8/site-packages'
[1.324s] Level 1:colcon.colcon_core.shell:create_environment_hook('ros_image', 'pythonpath')
[1.324s] INFO:colcon.colcon_core.shell:Creating environment hook '/home/ineogi2/ros2_ws/install/ros_image/share/ros_image/hook/pythonpath.ps1'
[1.325s] INFO:colcon.colcon_core.shell:Creating environment descriptor '/home/ineogi2/ros2_ws/install/ros_image/share/ros_image/hook/pythonpath.dsv'
[1.325s] INFO:colcon.colcon_core.shell:Creating environment hook '/home/ineogi2/ros2_ws/install/ros_image/share/ros_image/hook/pythonpath.sh'
[1.325s] Level 1:colcon.colcon_core.environment:checking '/home/ineogi2/ros2_ws/install/ros_image/bin'
[1.325s] Level 1:colcon.colcon_core.environment:create_environment_scripts_only(ros_image)
[1.326s] INFO:colcon.colcon_core.shell:Creating package script '/home/ineogi2/ros2_ws/install/ros_image/share/ros_image/package.ps1'
[1.326s] INFO:colcon.colcon_core.shell:Creating package descriptor '/home/ineogi2/ros2_ws/install/ros_image/share/ros_image/package.dsv'
[1.326s] INFO:colcon.colcon_core.shell:Creating package script '/home/ineogi2/ros2_ws/install/ros_image/share/ros_image/package.sh'
[1.327s] INFO:colcon.colcon_core.shell:Creating package script '/home/ineogi2/ros2_ws/install/ros_image/share/ros_image/package.bash'
[1.327s] INFO:colcon.colcon_core.shell:Creating package script '/home/ineogi2/ros2_ws/install/ros_image/share/ros_image/package.zsh'
[1.327s] Level 1:colcon.colcon_core.environment:create_file_with_runtime_dependencies(/home/ineogi2/ros2_ws/install/ros_image/share/colcon-core/packages/ros_image)
[1.334s] Level 1:colcon.colcon_core.shell:create_environment_hook('ros_teensy', 'pythonpath_develop')
[1.334s] INFO:colcon.colcon_core.shell:Creating environment hook '/home/ineogi2/ros2_ws/build/ros_teensy/share/ros_teensy/hook/pythonpath_develop.ps1'
[1.335s] DEBUG:colcon.colcon_core.event_handler.log_command:Invoked command in '/home/ineogi2/ros2_ws/build/ros_teensy' returned '0': PYTHONPATH=/home/ineogi2/ros2_ws/install/ros_teensy/lib/python3.8/site-packages:${PYTHONPATH} /usr/bin/python3 setup.py develop --prefix /home/ineogi2/ros2_ws/install/ros_teensy --editable --build-directory /home/ineogi2/ros2_ws/build/ros_teensy/build --no-deps install_data --install-dir /home/ineogi2/ros2_ws/install/ros_teensy
[1.335s] INFO:colcon.colcon_core.shell:Creating environment descriptor '/home/ineogi2/ros2_ws/build/ros_teensy/share/ros_teensy/hook/pythonpath_develop.dsv'
[1.335s] INFO:colcon.colcon_core.shell:Creating environment hook '/home/ineogi2/ros2_ws/build/ros_teensy/share/ros_teensy/hook/pythonpath_develop.sh'
[1.336s] Level 1:colcon.colcon_core.environment:checking '/home/ineogi2/ros2_ws/install/ros_teensy' for CMake module files
[1.336s] Level 1:colcon.colcon_core.environment:checking '/home/ineogi2/ros2_ws/install/ros_teensy' for CMake config files
[1.336s] Level 1:colcon.colcon_core.environment:checking '/home/ineogi2/ros2_ws/install/ros_teensy/lib'
[1.336s] Level 1:colcon.colcon_core.environment:checking '/home/ineogi2/ros2_ws/install/ros_teensy/bin'
[1.336s] Level 1:colcon.colcon_core.environment:checking '/home/ineogi2/ros2_ws/install/ros_teensy/lib/pkgconfig/ros_teensy.pc'
[1.337s] Level 1:colcon.colcon_core.environment:checking '/home/ineogi2/ros2_ws/install/ros_teensy/lib/python3.8/site-packages'
[1.337s] Level 1:colcon.colcon_core.shell:create_environment_hook('ros_teensy', 'pythonpath')
[1.337s] INFO:colcon.colcon_core.shell:Creating environment hook '/home/ineogi2/ros2_ws/install/ros_teensy/share/ros_teensy/hook/pythonpath.ps1'
[1.337s] INFO:colcon.colcon_core.shell:Creating environment descriptor '/home/ineogi2/ros2_ws/install/ros_teensy/share/ros_teensy/hook/pythonpath.dsv'
[1.337s] INFO:colcon.colcon_core.shell:Creating environment hook '/home/ineogi2/ros2_ws/install/ros_teensy/share/ros_teensy/hook/pythonpath.sh'
[1.338s] Level 1:colcon.colcon_core.environment:checking '/home/ineogi2/ros2_ws/install/ros_teensy/bin'
[1.338s] Level 1:colcon.colcon_core.environment:create_environment_scripts_only(ros_teensy)
[1.338s] INFO:colcon.colcon_core.shell:Creating package script '/home/ineogi2/ros2_ws/install/ros_teensy/share/ros_teensy/package.ps1'
[1.339s] INFO:colcon.colcon_core.shell:Creating package descriptor '/home/ineogi2/ros2_ws/install/ros_teensy/share/ros_teensy/package.dsv'
[1.339s] INFO:colcon.colcon_core.shell:Creating package script '/home/ineogi2/ros2_ws/install/ros_teensy/share/ros_teensy/package.sh'
[1.339s] INFO:colcon.colcon_core.shell:Creating package script '/home/ineogi2/ros2_ws/install/ros_teensy/share/ros_teensy/package.bash'
[1.339s] INFO:colcon.colcon_core.shell:Creating package script '/home/ineogi2/ros2_ws/install/ros_teensy/share/ros_teensy/package.zsh'
[1.340s] Level 1:colcon.colcon_core.environment:create_file_with_runtime_dependencies(/home/ineogi2/ros2_ws/install/ros_teensy/share/colcon-core/packages/ros_teensy)
[1.340s] DEBUG:colcon.colcon_parallel_executor.executor.parallel:closing loop
[1.340s] DEBUG:colcon.colcon_parallel_executor.executor.parallel:loop closed
[1.340s] DEBUG:colcon.colcon_parallel_executor.executor.parallel:run_until_complete finished with '0'
[1.340s] DEBUG:colcon.colcon_core.event_reactor:joining thread
[1.346s] INFO:colcon.colcon_core.plugin_system:Skipping extension 'colcon_notification.desktop_notification.terminal_notifier': Not used on non-Darwin systems
[1.346s] INFO:colcon.colcon_core.plugin_system:Skipping extension 'colcon_notification.desktop_notification.win32': Not used on non-Windows systems
[1.346s] INFO:colcon.colcon_notification.desktop_notification:Sending desktop notification using 'notify2'
[1.355s] DEBUG:colcon.colcon_core.event_reactor:joined thread
[1.356s] INFO:colcon.colcon_core.shell:Creating prefix script '/home/ineogi2/ros2_ws/install/local_setup.ps1'
[1.357s] INFO:colcon.colcon_core.shell:Creating prefix util module '/home/ineogi2/ros2_ws/install/_local_setup_util_ps1.py'
[1.357s] INFO:colcon.colcon_core.shell:Creating prefix chain script '/home/ineogi2/ros2_ws/install/setup.ps1'
[1.358s] INFO:colcon.colcon_core.shell:Creating prefix script '/home/ineogi2/ros2_ws/install/local_setup.sh'
[1.359s] INFO:colcon.colcon_core.shell:Creating prefix util module '/home/ineogi2/ros2_ws/install/_local_setup_util_sh.py'
[1.359s] INFO:colcon.colcon_core.shell:Creating prefix chain script '/home/ineogi2/ros2_ws/install/setup.sh'
[1.360s] INFO:colcon.colcon_core.shell:Creating prefix script '/home/ineogi2/ros2_ws/install/local_setup.bash'
[1.360s] INFO:colcon.colcon_core.shell:Creating prefix chain script '/home/ineogi2/ros2_ws/install/setup.bash'
[1.361s] INFO:colcon.colcon_core.shell:Creating prefix script '/home/ineogi2/ros2_ws/install/local_setup.zsh'
[1.361s] INFO:colcon.colcon_core.shell:Creating prefix chain script '/home/ineogi2/ros2_ws/install/setup.zsh'
