[0.018s] Invoking command in '/home/ineogi2/Biorobotics/ros2_ws/src/build/realsense2_description': AMENT_PREFIX_PATH=/home/ineogi2/Biorobotics/ros2_ws/src/install/realsense2_camera_msgs:${AMENT_PREFIX_PATH} CMAKE_PREFIX_PATH=/home/ineogi2/Biorobotics/ros2_ws/src/install/realsense2_camera_msgs:/home/ineogi2/micro_ws/install/micro_ros_setup:/home/ineogi2/micro_ws/install/micro_ros_agent:/home/ineogi2/micro_ws/install/micro_ros_msgs:/home/ineogi2/Biorobotics/ros2_ws/install/realsense2_description:/home/ineogi2/Biorobotics/ros2_ws/install/realsense2_camera:/home/ineogi2/Biorobotics/ros2_ws/install/realsense2_camera_msgs:/home/ineogi2/Biorobotics/ros2_ws/install/ros_image:/opt/ros/foxy LD_LIBRARY_PATH=/home/ineogi2/Biorobotics/ros2_ws/src/install/realsense2_camera_msgs/lib:${LD_LIBRARY_PATH} PYTHONPATH=/home/ineogi2/Biorobotics/ros2_ws/src/install/realsense2_camera_msgs/lib/python3.8/site-packages:${PYTHONPATH} /usr/bin/cmake /home/ineogi2/Biorobotics/ros2_ws/src/realsense-ros/realsense2_description -DAMENT_CMAKE_SYMLINK_INSTALL=1 -DCMAKE_INSTALL_PREFIX=/home/ineogi2/Biorobotics/ros2_ws/src/install/realsense2_description
[0.077s] -- The C compiler identification is GNU 9.4.0
[0.138s] -- The CXX compiler identification is GNU 9.4.0
[0.144s] -- Check for working C compiler: /usr/bin/cc
[0.217s] -- Check for working C compiler: /usr/bin/cc -- works
[0.218s] -- Detecting C compiler ABI info
[0.291s] -- Detecting C compiler ABI info - done
[0.305s] -- Detecting C compile features
[0.306s] -- Detecting C compile features - done
[0.308s] -- Check for working CXX compiler: /usr/bin/c++
[0.397s] -- Check for working CXX compiler: /usr/bin/c++ -- works
[0.398s] -- Detecting CXX compiler ABI info
[0.486s] -- Detecting CXX compiler ABI info - done
[0.500s] -- Detecting CXX compile features
[0.501s] -- Detecting CXX compile features - done
[0.504s] -- Found ament_cmake: 0.9.9 (/opt/ros/foxy/share/ament_cmake/cmake)
[0.540s] -- Found PythonInterp: /usr/bin/python3 (found suitable version "3.8.10", minimum required is "3") 
[0.541s] -- Using PYTHON_EXECUTABLE: /usr/bin/python3
[0.765s] -- Override CMake install command with custom implementation using symlinks instead of copying resources
[0.870s] -- Configuring done
[0.872s] -- Generating done
[0.873s] -- Build files have been written to: /home/ineogi2/Biorobotics/ros2_ws/src/build/realsense2_description
[0.877s] Invoked command in '/home/ineogi2/Biorobotics/ros2_ws/src/build/realsense2_description' returned '0': AMENT_PREFIX_PATH=/home/ineogi2/Biorobotics/ros2_ws/src/install/realsense2_camera_msgs:${AMENT_PREFIX_PATH} CMAKE_PREFIX_PATH=/home/ineogi2/Biorobotics/ros2_ws/src/install/realsense2_camera_msgs:/home/ineogi2/micro_ws/install/micro_ros_setup:/home/ineogi2/micro_ws/install/micro_ros_agent:/home/ineogi2/micro_ws/install/micro_ros_msgs:/home/ineogi2/Biorobotics/ros2_ws/install/realsense2_description:/home/ineogi2/Biorobotics/ros2_ws/install/realsense2_camera:/home/ineogi2/Biorobotics/ros2_ws/install/realsense2_camera_msgs:/home/ineogi2/Biorobotics/ros2_ws/install/ros_image:/opt/ros/foxy LD_LIBRARY_PATH=/home/ineogi2/Biorobotics/ros2_ws/src/install/realsense2_camera_msgs/lib:${LD_LIBRARY_PATH} PYTHONPATH=/home/ineogi2/Biorobotics/ros2_ws/src/install/realsense2_camera_msgs/lib/python3.8/site-packages:${PYTHONPATH} /usr/bin/cmake /home/ineogi2/Biorobotics/ros2_ws/src/realsense-ros/realsense2_description -DAMENT_CMAKE_SYMLINK_INSTALL=1 -DCMAKE_INSTALL_PREFIX=/home/ineogi2/Biorobotics/ros2_ws/src/install/realsense2_description
[0.879s] Invoking command in '/home/ineogi2/Biorobotics/ros2_ws/src/build/realsense2_description': AMENT_PREFIX_PATH=/home/ineogi2/Biorobotics/ros2_ws/src/install/realsense2_camera_msgs:${AMENT_PREFIX_PATH} CMAKE_PREFIX_PATH=/home/ineogi2/Biorobotics/ros2_ws/src/install/realsense2_camera_msgs:/home/ineogi2/micro_ws/install/micro_ros_setup:/home/ineogi2/micro_ws/install/micro_ros_agent:/home/ineogi2/micro_ws/install/micro_ros_msgs:/home/ineogi2/Biorobotics/ros2_ws/install/realsense2_description:/home/ineogi2/Biorobotics/ros2_ws/install/realsense2_camera:/home/ineogi2/Biorobotics/ros2_ws/install/realsense2_camera_msgs:/home/ineogi2/Biorobotics/ros2_ws/install/ros_image:/opt/ros/foxy LD_LIBRARY_PATH=/home/ineogi2/Biorobotics/ros2_ws/src/install/realsense2_camera_msgs/lib:${LD_LIBRARY_PATH} PYTHONPATH=/home/ineogi2/Biorobotics/ros2_ws/src/install/realsense2_camera_msgs/lib/python3.8/site-packages:${PYTHONPATH} /usr/bin/cmake --build /home/ineogi2/Biorobotics/ros2_ws/src/build/realsense2_description -- -j12 -l12
[0.924s] Invoked command in '/home/ineogi2/Biorobotics/ros2_ws/src/build/realsense2_description' returned '0': AMENT_PREFIX_PATH=/home/ineogi2/Biorobotics/ros2_ws/src/install/realsense2_camera_msgs:${AMENT_PREFIX_PATH} CMAKE_PREFIX_PATH=/home/ineogi2/Biorobotics/ros2_ws/src/install/realsense2_camera_msgs:/home/ineogi2/micro_ws/install/micro_ros_setup:/home/ineogi2/micro_ws/install/micro_ros_agent:/home/ineogi2/micro_ws/install/micro_ros_msgs:/home/ineogi2/Biorobotics/ros2_ws/install/realsense2_description:/home/ineogi2/Biorobotics/ros2_ws/install/realsense2_camera:/home/ineogi2/Biorobotics/ros2_ws/install/realsense2_camera_msgs:/home/ineogi2/Biorobotics/ros2_ws/install/ros_image:/opt/ros/foxy LD_LIBRARY_PATH=/home/ineogi2/Biorobotics/ros2_ws/src/install/realsense2_camera_msgs/lib:${LD_LIBRARY_PATH} PYTHONPATH=/home/ineogi2/Biorobotics/ros2_ws/src/install/realsense2_camera_msgs/lib/python3.8/site-packages:${PYTHONPATH} /usr/bin/cmake --build /home/ineogi2/Biorobotics/ros2_ws/src/build/realsense2_description -- -j12 -l12
[0.945s] Invoking command in '/home/ineogi2/Biorobotics/ros2_ws/src/build/realsense2_description': AMENT_PREFIX_PATH=/home/ineogi2/Biorobotics/ros2_ws/src/install/realsense2_camera_msgs:${AMENT_PREFIX_PATH} CMAKE_PREFIX_PATH=/home/ineogi2/Biorobotics/ros2_ws/src/install/realsense2_camera_msgs:/home/ineogi2/micro_ws/install/micro_ros_setup:/home/ineogi2/micro_ws/install/micro_ros_agent:/home/ineogi2/micro_ws/install/micro_ros_msgs:/home/ineogi2/Biorobotics/ros2_ws/install/realsense2_description:/home/ineogi2/Biorobotics/ros2_ws/install/realsense2_camera:/home/ineogi2/Biorobotics/ros2_ws/install/realsense2_camera_msgs:/home/ineogi2/Biorobotics/ros2_ws/install/ros_image:/opt/ros/foxy LD_LIBRARY_PATH=/home/ineogi2/Biorobotics/ros2_ws/src/install/realsense2_camera_msgs/lib:${LD_LIBRARY_PATH} PYTHONPATH=/home/ineogi2/Biorobotics/ros2_ws/src/install/realsense2_camera_msgs/lib/python3.8/site-packages:${PYTHONPATH} /usr/bin/cmake --install /home/ineogi2/Biorobotics/ros2_ws/src/build/realsense2_description
[0.957s] -- Install configuration: ""
[0.957s] -- Execute custom install script
[0.958s] -- Symlinking: /home/ineogi2/Biorobotics/ros2_ws/src/install/realsense2_description/share/realsense2_description/launch/launch_utils.py
[0.968s] -- Symlinking: /home/ineogi2/Biorobotics/ros2_ws/src/install/realsense2_description/share/realsense2_description/launch/view_model.launch.py
[0.978s] -- Symlinking: /home/ineogi2/Biorobotics/ros2_ws/src/install/realsense2_description/share/realsense2_description/meshes/d415.stl
[0.988s] -- Symlinking: /home/ineogi2/Biorobotics/ros2_ws/src/install/realsense2_description/share/realsense2_description/meshes/d435.dae
[0.998s] -- Symlinking: /home/ineogi2/Biorobotics/ros2_ws/src/install/realsense2_description/share/realsense2_description/meshes/d455.stl
[1.008s] -- Symlinking: /home/ineogi2/Biorobotics/ros2_ws/src/install/realsense2_description/share/realsense2_description/meshes/l515.dae
[1.018s] -- Symlinking: /home/ineogi2/Biorobotics/ros2_ws/src/install/realsense2_description/share/realsense2_description/meshes/plug.stl
[1.028s] -- Symlinking: /home/ineogi2/Biorobotics/ros2_ws/src/install/realsense2_description/share/realsense2_description/meshes/plug_collision.stl
[1.038s] -- Symlinking: /home/ineogi2/Biorobotics/ros2_ws/src/install/realsense2_description/share/realsense2_description/rviz/urdf.rviz
[1.048s] -- Symlinking: /home/ineogi2/Biorobotics/ros2_ws/src/install/realsense2_description/share/realsense2_description/urdf/_d415.urdf.xacro
[1.058s] -- Symlinking: /home/ineogi2/Biorobotics/ros2_ws/src/install/realsense2_description/share/realsense2_description/urdf/_d435.urdf.xacro
[1.067s] -- Symlinking: /home/ineogi2/Biorobotics/ros2_ws/src/install/realsense2_description/share/realsense2_description/urdf/_d435i.urdf.xacro
[1.077s] -- Symlinking: /home/ineogi2/Biorobotics/ros2_ws/src/install/realsense2_description/share/realsense2_description/urdf/_d435i_imu_modules.urdf.xacro
[1.087s] -- Symlinking: /home/ineogi2/Biorobotics/ros2_ws/src/install/realsense2_description/share/realsense2_description/urdf/_d455.urdf.xacro
[1.097s] -- Symlinking: /home/ineogi2/Biorobotics/ros2_ws/src/install/realsense2_description/share/realsense2_description/urdf/_l515.urdf.xacro
[1.107s] -- Symlinking: /home/ineogi2/Biorobotics/ros2_ws/src/install/realsense2_description/share/realsense2_description/urdf/_materials.urdf.xacro
[1.117s] -- Symlinking: /home/ineogi2/Biorobotics/ros2_ws/src/install/realsense2_description/share/realsense2_description/urdf/_r410.urdf.xacro
[1.126s] -- Symlinking: /home/ineogi2/Biorobotics/ros2_ws/src/install/realsense2_description/share/realsense2_description/urdf/_r430.urdf.xacro
[1.136s] -- Symlinking: /home/ineogi2/Biorobotics/ros2_ws/src/install/realsense2_description/share/realsense2_description/urdf/_usb_plug.urdf.xacro
[1.145s] -- Symlinking: /home/ineogi2/Biorobotics/ros2_ws/src/install/realsense2_description/share/realsense2_description/urdf/test_d415_camera.urdf.xacro
[1.155s] -- Symlinking: /home/ineogi2/Biorobotics/ros2_ws/src/install/realsense2_description/share/realsense2_description/urdf/test_d435_camera.urdf.xacro
[1.165s] -- Symlinking: /home/ineogi2/Biorobotics/ros2_ws/src/install/realsense2_description/share/realsense2_description/urdf/test_d435_multiple_cameras.urdf.xacro
[1.175s] -- Symlinking: /home/ineogi2/Biorobotics/ros2_ws/src/install/realsense2_description/share/realsense2_description/urdf/test_d435i_camera.urdf.xacro
[1.185s] -- Symlinking: /home/ineogi2/Biorobotics/ros2_ws/src/install/realsense2_description/share/realsense2_description/urdf/test_d455_camera.urdf.xacro
[1.195s] -- Symlinking: /home/ineogi2/Biorobotics/ros2_ws/src/install/realsense2_description/share/realsense2_description/urdf/test_l515_camera.urdf.xacro
[1.205s] -- Symlinking: /home/ineogi2/Biorobotics/ros2_ws/src/install/realsense2_description/share/realsense2_description/urdf/test_r410_camera.urdf.xacro
[1.215s] -- Symlinking: /home/ineogi2/Biorobotics/ros2_ws/src/install/realsense2_description/share/realsense2_description/urdf/test_r430_camera.urdf.xacro
[1.225s] -- Symlinking: /home/ineogi2/Biorobotics/ros2_ws/src/install/realsense2_description/share/ament_index/resource_index/package_run_dependencies/realsense2_description
[1.236s] -- Symlinking: /home/ineogi2/Biorobotics/ros2_ws/src/install/realsense2_description/share/ament_index/resource_index/parent_prefix_path/realsense2_description
[1.246s] -- Symlinking: /home/ineogi2/Biorobotics/ros2_ws/src/install/realsense2_description/share/realsense2_description/environment/ament_prefix_path.sh
[1.256s] -- Symlinking: /home/ineogi2/Biorobotics/ros2_ws/src/install/realsense2_description/share/realsense2_description/environment/ament_prefix_path.dsv
[1.266s] -- Symlinking: /home/ineogi2/Biorobotics/ros2_ws/src/install/realsense2_description/share/realsense2_description/environment/path.sh
[1.276s] -- Symlinking: /home/ineogi2/Biorobotics/ros2_ws/src/install/realsense2_description/share/realsense2_description/environment/path.dsv
[1.287s] -- Symlinking: /home/ineogi2/Biorobotics/ros2_ws/src/install/realsense2_description/share/realsense2_description/local_setup.bash
[1.297s] -- Symlinking: /home/ineogi2/Biorobotics/ros2_ws/src/install/realsense2_description/share/realsense2_description/local_setup.sh
[1.307s] -- Symlinking: /home/ineogi2/Biorobotics/ros2_ws/src/install/realsense2_description/share/realsense2_description/local_setup.zsh
[1.318s] -- Symlinking: /home/ineogi2/Biorobotics/ros2_ws/src/install/realsense2_description/share/realsense2_description/local_setup.dsv
[1.328s] -- Symlinking: /home/ineogi2/Biorobotics/ros2_ws/src/install/realsense2_description/share/realsense2_description/package.dsv
[1.337s] -- Symlinking: /home/ineogi2/Biorobotics/ros2_ws/src/install/realsense2_description/share/ament_index/resource_index/packages/realsense2_description
[1.348s] -- Symlinking: /home/ineogi2/Biorobotics/ros2_ws/src/install/realsense2_description/share/realsense2_description/cmake/realsense2_descriptionConfig.cmake
[1.357s] -- Symlinking: /home/ineogi2/Biorobotics/ros2_ws/src/install/realsense2_description/share/realsense2_description/cmake/realsense2_descriptionConfig-version.cmake
[1.368s] -- Symlinking: /home/ineogi2/Biorobotics/ros2_ws/src/install/realsense2_description/share/realsense2_description/package.xml
[1.384s] Invoked command in '/home/ineogi2/Biorobotics/ros2_ws/src/build/realsense2_description' returned '0': AMENT_PREFIX_PATH=/home/ineogi2/Biorobotics/ros2_ws/src/install/realsense2_camera_msgs:${AMENT_PREFIX_PATH} CMAKE_PREFIX_PATH=/home/ineogi2/Biorobotics/ros2_ws/src/install/realsense2_camera_msgs:/home/ineogi2/micro_ws/install/micro_ros_setup:/home/ineogi2/micro_ws/install/micro_ros_agent:/home/ineogi2/micro_ws/install/micro_ros_msgs:/home/ineogi2/Biorobotics/ros2_ws/install/realsense2_description:/home/ineogi2/Biorobotics/ros2_ws/install/realsense2_camera:/home/ineogi2/Biorobotics/ros2_ws/install/realsense2_camera_msgs:/home/ineogi2/Biorobotics/ros2_ws/install/ros_image:/opt/ros/foxy LD_LIBRARY_PATH=/home/ineogi2/Biorobotics/ros2_ws/src/install/realsense2_camera_msgs/lib:${LD_LIBRARY_PATH} PYTHONPATH=/home/ineogi2/Biorobotics/ros2_ws/src/install/realsense2_camera_msgs/lib/python3.8/site-packages:${PYTHONPATH} /usr/bin/cmake --install /home/ineogi2/Biorobotics/ros2_ws/src/build/realsense2_description
