-- The C compiler identification is GNU 9.4.0
-- The CXX compiler identification is GNU 9.4.0
-- Check for working C compiler: /usr/bin/cc
-- Check for working C compiler: /usr/bin/cc -- works
-- Detecting C compiler ABI info
-- Detecting C compiler ABI info - done
-- Detecting C compile features
-- Detecting C compile features - done
-- Check for working CXX compiler: /usr/bin/c++
-- Check for working CXX compiler: /usr/bin/c++ -- works
-- Detecting CXX compiler ABI info
-- Detecting CXX compiler ABI info - done
-- Detecting CXX compile features
-- Detecting CXX compile features - done
-- Found ament_cmake: 0.9.9 (/opt/ros/foxy/share/ament_cmake/cmake)
-- Found PythonInterp: /usr/bin/python3 (found suitable version "3.8.10", minimum required is "3") 
-- Using PYTHON_EXECUTABLE: /usr/bin/python3
-- Found rosidl_default_generators: 1.0.1 (/opt/ros/foxy/share/rosidl_default_generators/cmake)
-- Using all available rosidl_typesupport_c: rosidl_typesupport_microxrcedds_c;rosidl_typesupport_fastrtps_c;rosidl_typesupport_introspection_c
-- Found rosidl_adapter: 1.2.1 (/opt/ros/foxy/share/rosidl_adapter/cmake)
-- Found OpenSSL: /usr/lib/x86_64-linux-gnu/libcrypto.so (found version "1.1.1f")  
-- Found FastRTPS: /opt/ros/foxy/include  
-- Using all available rosidl_typesupport_cpp: rosidl_typesupport_microxrcedds_cpp;rosidl_typesupport_fastrtps_cpp;rosidl_typesupport_introspection_cpp
-- Found rcl_interfaces: 1.0.0 (/home/ineogi2/ws/Biorobotics/micro_ros/install/rcl_interfaces/share/rcl_interfaces/cmake)
-- Found PythonInterp: /usr/bin/python3 (found version "3.8.10") 
-- Found ament_cmake_ros: 0.9.2 (/opt/ros/foxy/share/ament_cmake_ros/cmake)
-- Using all available rosidl_typesupport_c: rosidl_typesupport_microxrcedds_c;rosidl_typesupport_fastrtps_c;rosidl_typesupport_introspection_c
-- Using all available rosidl_typesupport_cpp: rosidl_typesupport_microxrcedds_cpp;rosidl_typesupport_fastrtps_cpp;rosidl_typesupport_introspection_cpp
-- Found PythonInterp: /usr/bin/python3 (found suitable version "3.8.10", minimum required is "3.5") 
-- Found python_cmake_module: 0.8.1 (/opt/ros/foxy/share/python_cmake_module/cmake)
-- Found PythonLibs: /usr/lib/x86_64-linux-gnu/libpython3.8.so (found suitable version "3.8.10", minimum required is "3.5") 
-- Using PYTHON_EXECUTABLE: /usr/bin/python3
-- Using PYTHON_INCLUDE_DIRS: /usr/include/python3.8
-- Using PYTHON_LIBRARIES: /usr/lib/x86_64-linux-gnu/libpython3.8.so
-- Found PythonExtra: .so  
-- Configuring done
-- Generating done
-- Build files have been written to: /home/ineogi2/ws/Biorobotics/micro_ros/build/composition_interfaces
[35m[1mScanning dependencies of target composition_interfaces__cpp[0m
[  1%] [34m[1mGenerating C++ code for ROS interfaces[0m
[  1%] Built target composition_interfaces__cpp
[  3%] [34m[1mGenerating C code for ROS interfaces[0m
[35m[1mScanning dependencies of target composition_interfaces__rosidl_generator_c[0m
[  5%] [32mBuilding C object CMakeFiles/composition_interfaces__rosidl_generator_c.dir/rosidl_generator_c/composition_interfaces/srv/detail/load_node__functions.c.o[0m
[  6%] [32mBuilding C object CMakeFiles/composition_interfaces__rosidl_generator_c.dir/rosidl_generator_c/composition_interfaces/srv/detail/unload_node__functions.c.o[0m
[  8%] [32mBuilding C object CMakeFiles/composition_interfaces__rosidl_generator_c.dir/rosidl_generator_c/composition_interfaces/srv/detail/list_nodes__functions.c.o[0m
[ 10%] [32m[1mLinking C shared library libcomposition_interfaces__rosidl_generator_c.so[0m
[ 10%] Built target composition_interfaces__rosidl_generator_c
[ 11%] [34m[1mGenerating C++ introspection for ROS interfaces[0m
[35m[1mScanning dependencies of target composition_interfaces__rosidl_typesupport_introspection_cpp[0m
[ 13%] [32mBuilding CXX object CMakeFiles/composition_interfaces__rosidl_typesupport_introspection_cpp.dir/rosidl_typesupport_introspection_cpp/composition_interfaces/srv/detail/load_node__type_support.cpp.o[0m
[ 15%] [32mBuilding CXX object CMakeFiles/composition_interfaces__rosidl_typesupport_introspection_cpp.dir/rosidl_typesupport_introspection_cpp/composition_interfaces/srv/detail/unload_node__type_support.cpp.o[0m
[ 16%] [32mBuilding CXX object CMakeFiles/composition_interfaces__rosidl_typesupport_introspection_cpp.dir/rosidl_typesupport_introspection_cpp/composition_interfaces/srv/detail/list_nodes__type_support.cpp.o[0m
[ 18%] [32m[1mLinking CXX shared library libcomposition_interfaces__rosidl_typesupport_introspection_cpp.so[0m
[ 18%] Built target composition_interfaces__rosidl_typesupport_introspection_cpp
[ 20%] [34m[1mGenerating C type support dispatch for ROS interfaces[0m
[35m[1mScanning dependencies of target composition_interfaces__rosidl_typesupport_c[0m
[ 22%] [32mBuilding CXX object CMakeFiles/composition_interfaces__rosidl_typesupport_c.dir/rosidl_typesupport_c/composition_interfaces/srv/load_node__type_support.cpp.o[0m
[ 23%] [32mBuilding CXX object CMakeFiles/composition_interfaces__rosidl_typesupport_c.dir/rosidl_typesupport_c/composition_interfaces/srv/unload_node__type_support.cpp.o[0m
[ 25%] [32mBuilding CXX object CMakeFiles/composition_interfaces__rosidl_typesupport_c.dir/rosidl_typesupport_c/composition_interfaces/srv/list_nodes__type_support.cpp.o[0m
[ 27%] [32m[1mLinking CXX shared library libcomposition_interfaces__rosidl_typesupport_c.so[0m
[ 27%] Built target composition_interfaces__rosidl_typesupport_c
[ 28%] [34m[1mGenerating C introspection for ROS interfaces[0m
[35m[1mScanning dependencies of target composition_interfaces__rosidl_typesupport_introspection_c[0m
[ 30%] [32mBuilding C object CMakeFiles/composition_interfaces__rosidl_typesupport_introspection_c.dir/rosidl_typesupport_introspection_c/composition_interfaces/srv/detail/load_node__type_support.c.o[0m
[ 32%] [32mBuilding C object CMakeFiles/composition_interfaces__rosidl_typesupport_introspection_c.dir/rosidl_typesupport_introspection_c/composition_interfaces/srv/detail/unload_node__type_support.c.o[0m
[ 33%] [32mBuilding C object CMakeFiles/composition_interfaces__rosidl_typesupport_introspection_c.dir/rosidl_typesupport_introspection_c/composition_interfaces/srv/detail/list_nodes__type_support.c.o[0m
[ 35%] [32m[1mLinking C shared library libcomposition_interfaces__rosidl_typesupport_introspection_c.so[0m
[ 35%] Built target composition_interfaces__rosidl_typesupport_introspection_c
[ 37%] [34m[1mGenerating C type support for eProsima Micro XRCE-DDS[0m
[35m[1mScanning dependencies of target composition_interfaces__rosidl_typesupport_microxrcedds_c[0m
[ 38%] [32mBuilding C object CMakeFiles/composition_interfaces__rosidl_typesupport_microxrcedds_c.dir/rosidl_typesupport_microxrcedds_c/composition_interfaces/srv/detail/microxrcedds/load_node__type_support_c.c.o[0m
[ 40%] [32mBuilding C object CMakeFiles/composition_interfaces__rosidl_typesupport_microxrcedds_c.dir/rosidl_typesupport_microxrcedds_c/composition_interfaces/srv/detail/microxrcedds/unload_node__type_support_c.c.o[0m
[ 42%] [32mBuilding C object CMakeFiles/composition_interfaces__rosidl_typesupport_microxrcedds_c.dir/rosidl_typesupport_microxrcedds_c/composition_interfaces/srv/detail/microxrcedds/list_nodes__type_support_c.c.o[0m
[ 44%] [32m[1mLinking C shared library libcomposition_interfaces__rosidl_typesupport_microxrcedds_c.so[0m
[ 44%] Built target composition_interfaces__rosidl_typesupport_microxrcedds_c
[ 45%] [34m[1mGenerating C++ type support for eProsima Fast-RTPS[0m
[35m[1mScanning dependencies of target composition_interfaces__rosidl_typesupport_fastrtps_cpp[0m
[ 47%] [32mBuilding CXX object CMakeFiles/composition_interfaces__rosidl_typesupport_fastrtps_cpp.dir/rosidl_typesupport_fastrtps_cpp/composition_interfaces/srv/detail/dds_fastrtps/load_node__type_support.cpp.o[0m
[ 49%] [32mBuilding CXX object CMakeFiles/composition_interfaces__rosidl_typesupport_fastrtps_cpp.dir/rosidl_typesupport_fastrtps_cpp/composition_interfaces/srv/detail/dds_fastrtps/unload_node__type_support.cpp.o[0m
[ 50%] [32mBuilding CXX object CMakeFiles/composition_interfaces__rosidl_typesupport_fastrtps_cpp.dir/rosidl_typesupport_fastrtps_cpp/composition_interfaces/srv/detail/dds_fastrtps/list_nodes__type_support.cpp.o[0m
[ 52%] [32m[1mLinking CXX shared library libcomposition_interfaces__rosidl_typesupport_fastrtps_cpp.so[0m
[ 52%] Built target composition_interfaces__rosidl_typesupport_fastrtps_cpp
[ 54%] [34m[1mGenerating C++ type support dispatch for ROS interfaces[0m
[35m[1mScanning dependencies of target composition_interfaces__rosidl_typesupport_cpp[0m
[ 55%] [32mBuilding CXX object CMakeFiles/composition_interfaces__rosidl_typesupport_cpp.dir/rosidl_typesupport_cpp/composition_interfaces/srv/load_node__type_support.cpp.o[0m
[ 57%] [32mBuilding CXX object CMakeFiles/composition_interfaces__rosidl_typesupport_cpp.dir/rosidl_typesupport_cpp/composition_interfaces/srv/unload_node__type_support.cpp.o[0m
[ 59%] [32mBuilding CXX object CMakeFiles/composition_interfaces__rosidl_typesupport_cpp.dir/rosidl_typesupport_cpp/composition_interfaces/srv/list_nodes__type_support.cpp.o[0m
[ 61%] [32m[1mLinking CXX shared library libcomposition_interfaces__rosidl_typesupport_cpp.so[0m
[ 61%] Built target composition_interfaces__rosidl_typesupport_cpp
[ 62%] [34m[1mGenerating C type support for eProsima Fast-RTPS[0m
[35m[1mScanning dependencies of target composition_interfaces__rosidl_typesupport_fastrtps_c[0m
[ 64%] [32mBuilding CXX object CMakeFiles/composition_interfaces__rosidl_typesupport_fastrtps_c.dir/rosidl_typesupport_fastrtps_c/composition_interfaces/srv/detail/load_node__type_support_c.cpp.o[0m
[ 66%] [32mBuilding CXX object CMakeFiles/composition_interfaces__rosidl_typesupport_fastrtps_c.dir/rosidl_typesupport_fastrtps_c/composition_interfaces/srv/detail/unload_node__type_support_c.cpp.o[0m
[ 67%] [32mBuilding CXX object CMakeFiles/composition_interfaces__rosidl_typesupport_fastrtps_c.dir/rosidl_typesupport_fastrtps_c/composition_interfaces/srv/detail/list_nodes__type_support_c.cpp.o[0m
[ 69%] [32m[1mLinking CXX shared library libcomposition_interfaces__rosidl_typesupport_fastrtps_c.so[0m
[ 69%] Built target composition_interfaces__rosidl_typesupport_fastrtps_c
[ 71%] [34m[1mGenerating C++ type support for eProsima Micro XRCE-DDS[0m
[35m[1mScanning dependencies of target composition_interfaces__rosidl_typesupport_microxrcedds_cpp[0m
[ 72%] [32mBuilding CXX object CMakeFiles/composition_interfaces__rosidl_typesupport_microxrcedds_cpp.dir/rosidl_typesupport_microxrcedds_cpp/composition_interfaces/srv/detail/microxrcedds/load_node__type_support_cpp.cpp.o[0m
[ 74%] [32mBuilding CXX object CMakeFiles/composition_interfaces__rosidl_typesupport_microxrcedds_cpp.dir/rosidl_typesupport_microxrcedds_cpp/composition_interfaces/srv/detail/microxrcedds/unload_node__type_support_cpp.cpp.o[0m
[ 76%] [32mBuilding CXX object CMakeFiles/composition_interfaces__rosidl_typesupport_microxrcedds_cpp.dir/rosidl_typesupport_microxrcedds_cpp/composition_interfaces/srv/detail/microxrcedds/list_nodes__type_support_cpp.cpp.o[0m
[ 77%] [32m[1mLinking CXX shared library libcomposition_interfaces__rosidl_typesupport_microxrcedds_cpp.so[0m
[ 77%] Built target composition_interfaces__rosidl_typesupport_microxrcedds_cpp
[35m[1mScanning dependencies of target composition_interfaces[0m
[ 77%] Built target composition_interfaces
[35m[1mScanning dependencies of target composition_interfaces__py[0m
[ 79%] [34m[1mGenerating Python code for ROS interfaces[0m
[ 79%] Built target composition_interfaces__py
[35m[1mScanning dependencies of target composition_interfaces__python[0m
[ 81%] [32mBuilding C object CMakeFiles/composition_interfaces__python.dir/rosidl_generator_py/composition_interfaces/srv/_load_node_s.c.o[0m
[ 83%] [32mBuilding C object CMakeFiles/composition_interfaces__python.dir/rosidl_generator_py/composition_interfaces/srv/_unload_node_s.c.o[0m
[ 84%] [32mBuilding C object CMakeFiles/composition_interfaces__python.dir/rosidl_generator_py/composition_interfaces/srv/_list_nodes_s.c.o[0m
[ 86%] [32m[1mLinking C shared library rosidl_generator_py/composition_interfaces/libcomposition_interfaces__python.so[0m
[ 86%] Built target composition_interfaces__python
[35m[1mScanning dependencies of target composition_interfaces__rosidl_typesupport_c__pyext[0m
[ 88%] [32mBuilding C object CMakeFiles/composition_interfaces__rosidl_typesupport_c__pyext.dir/rosidl_generator_py/composition_interfaces/_composition_interfaces_s.ep.rosidl_typesupport_c.c.o[0m
[ 89%] [32m[1mLinking C shared library rosidl_generator_py/composition_interfaces/composition_interfaces_s__rosidl_typesupport_c.cpython-38-x86_64-linux-gnu.so[0m
[ 89%] Built target composition_interfaces__rosidl_typesupport_c__pyext
[35m[1mScanning dependencies of target composition_interfaces__rosidl_typesupport_introspection_c__pyext[0m
[ 91%] [32mBuilding C object CMakeFiles/composition_interfaces__rosidl_typesupport_introspection_c__pyext.dir/rosidl_generator_py/composition_interfaces/_composition_interfaces_s.ep.rosidl_typesupport_introspection_c.c.o[0m
[ 93%] [32m[1mLinking C shared library rosidl_generator_py/composition_interfaces/composition_interfaces_s__rosidl_typesupport_introspection_c.cpython-38-x86_64-linux-gnu.so[0m
[ 93%] Built target composition_interfaces__rosidl_typesupport_introspection_c__pyext
[35m[1mScanning dependencies of target composition_interfaces__rosidl_typesupport_microxrcedds_c__pyext[0m
[ 94%] [32mBuilding C object CMakeFiles/composition_interfaces__rosidl_typesupport_microxrcedds_c__pyext.dir/rosidl_generator_py/composition_interfaces/_composition_interfaces_s.ep.rosidl_typesupport_microxrcedds_c.c.o[0m
[ 96%] [32m[1mLinking C shared library rosidl_generator_py/composition_interfaces/composition_interfaces_s__rosidl_typesupport_microxrcedds_c.cpython-38-x86_64-linux-gnu.so[0m
[ 96%] Built target composition_interfaces__rosidl_typesupport_microxrcedds_c__pyext
[35m[1mScanning dependencies of target composition_interfaces__rosidl_typesupport_fastrtps_c__pyext[0m
[ 98%] [32mBuilding C object CMakeFiles/composition_interfaces__rosidl_typesupport_fastrtps_c__pyext.dir/rosidl_generator_py/composition_interfaces/_composition_interfaces_s.ep.rosidl_typesupport_fastrtps_c.c.o[0m
[100%] [32m[1mLinking CXX shared library rosidl_generator_py/composition_interfaces/composition_interfaces_s__rosidl_typesupport_fastrtps_c.cpython-38-x86_64-linux-gnu.so[0m
[100%] Built target composition_interfaces__rosidl_typesupport_fastrtps_c__pyext
-- Install configuration: ""
-- Installing: /home/ineogi2/ws/Biorobotics/micro_ros/install/composition_interfaces/share/ament_index/resource_index/rosidl_interfaces/composition_interfaces
-- Installing: /home/ineogi2/ws/Biorobotics/micro_ros/install/composition_interfaces/include/composition_interfaces
-- Installing: /home/ineogi2/ws/Biorobotics/micro_ros/install/composition_interfaces/include/composition_interfaces/srv
-- Installing: /home/ineogi2/ws/Biorobotics/micro_ros/install/composition_interfaces/include/composition_interfaces/srv/load_node.h
-- Installing: /home/ineogi2/ws/Biorobotics/micro_ros/install/composition_interfaces/include/composition_interfaces/srv/unload_node.h
-- Installing: /home/ineogi2/ws/Biorobotics/micro_ros/install/composition_interfaces/include/composition_interfaces/srv/list_nodes.h
-- Installing: /home/ineogi2/ws/Biorobotics/micro_ros/install/composition_interfaces/include/composition_interfaces/srv/detail
-- Installing: /home/ineogi2/ws/Biorobotics/micro_ros/install/composition_interfaces/include/composition_interfaces/srv/detail/list_nodes__functions.c
-- Installing: /home/ineogi2/ws/Biorobotics/micro_ros/install/composition_interfaces/include/composition_interfaces/srv/detail/unload_node__functions.c
-- Installing: /home/ineogi2/ws/Biorobotics/micro_ros/install/composition_interfaces/include/composition_interfaces/srv/detail/unload_node__functions.h
-- Installing: /home/ineogi2/ws/Biorobotics/micro_ros/install/composition_interfaces/include/composition_interfaces/srv/detail/list_nodes__struct.h
-- Installing: /home/ineogi2/ws/Biorobotics/micro_ros/install/composition_interfaces/include/composition_interfaces/srv/detail/unload_node__struct.h
-- Installing: /home/ineogi2/ws/Biorobotics/micro_ros/install/composition_interfaces/include/composition_interfaces/srv/detail/load_node__type_support.h
-- Installing: /home/ineogi2/ws/Biorobotics/micro_ros/install/composition_interfaces/include/composition_interfaces/srv/detail/list_nodes__functions.h
-- Installing: /home/ineogi2/ws/Biorobotics/micro_ros/install/composition_interfaces/include/composition_interfaces/srv/detail/load_node__struct.h
-- Installing: /home/ineogi2/ws/Biorobotics/micro_ros/install/composition_interfaces/include/composition_interfaces/srv/detail/load_node__functions.h
-- Installing: /home/ineogi2/ws/Biorobotics/micro_ros/install/composition_interfaces/include/composition_interfaces/srv/detail/unload_node__type_support.h
-- Installing: /home/ineogi2/ws/Biorobotics/micro_ros/install/composition_interfaces/include/composition_interfaces/srv/detail/load_node__functions.c
-- Installing: /home/ineogi2/ws/Biorobotics/micro_ros/install/composition_interfaces/include/composition_interfaces/srv/detail/list_nodes__type_support.h
-- Installing: /home/ineogi2/ws/Biorobotics/micro_ros/install/composition_interfaces/include/composition_interfaces/msg
-- Installing: /home/ineogi2/ws/Biorobotics/micro_ros/install/composition_interfaces/include/composition_interfaces/msg/rosidl_generator_c__visibility_control.h
-- Installing: /home/ineogi2/ws/Biorobotics/micro_ros/install/composition_interfaces/share/composition_interfaces/environment/library_path.sh
-- Installing: /home/ineogi2/ws/Biorobotics/micro_ros/install/composition_interfaces/share/composition_interfaces/environment/library_path.dsv
-- Installing: /home/ineogi2/ws/Biorobotics/micro_ros/install/composition_interfaces/lib/libcomposition_interfaces__rosidl_generator_c.so
-- Set runtime path of "/home/ineogi2/ws/Biorobotics/micro_ros/install/composition_interfaces/lib/libcomposition_interfaces__rosidl_generator_c.so" to ""
-- Up-to-date: /home/ineogi2/ws/Biorobotics/micro_ros/install/composition_interfaces/include/composition_interfaces
-- Up-to-date: /home/ineogi2/ws/Biorobotics/micro_ros/install/composition_interfaces/include/composition_interfaces/srv
-- Up-to-date: /home/ineogi2/ws/Biorobotics/micro_ros/install/composition_interfaces/include/composition_interfaces/srv/detail
-- Installing: /home/ineogi2/ws/Biorobotics/micro_ros/install/composition_interfaces/include/composition_interfaces/srv/detail/unload_node__rosidl_typesupport_microxrcedds_c.h
-- Installing: /home/ineogi2/ws/Biorobotics/micro_ros/install/composition_interfaces/include/composition_interfaces/srv/detail/list_nodes__rosidl_typesupport_microxrcedds_c.h
-- Installing: /home/ineogi2/ws/Biorobotics/micro_ros/install/composition_interfaces/include/composition_interfaces/srv/detail/microxrcedds
-- Installing: /home/ineogi2/ws/Biorobotics/micro_ros/install/composition_interfaces/include/composition_interfaces/srv/detail/load_node__rosidl_typesupport_microxrcedds_c.h
-- Up-to-date: /home/ineogi2/ws/Biorobotics/micro_ros/install/composition_interfaces/include/composition_interfaces/msg
-- Installing: /home/ineogi2/ws/Biorobotics/micro_ros/install/composition_interfaces/include/composition_interfaces/msg/rosidl_typesupport_microxrcedds_c__visibility_control.h
-- Installing: /home/ineogi2/ws/Biorobotics/micro_ros/install/composition_interfaces/lib/libcomposition_interfaces__rosidl_typesupport_microxrcedds_c.so
-- Set runtime path of "/home/ineogi2/ws/Biorobotics/micro_ros/install/composition_interfaces/lib/libcomposition_interfaces__rosidl_typesupport_microxrcedds_c.so" to ""
-- Up-to-date: /home/ineogi2/ws/Biorobotics/micro_ros/install/composition_interfaces/include/composition_interfaces
-- Up-to-date: /home/ineogi2/ws/Biorobotics/micro_ros/install/composition_interfaces/include/composition_interfaces/srv
-- Up-to-date: /home/ineogi2/ws/Biorobotics/micro_ros/install/composition_interfaces/include/composition_interfaces/srv/detail
-- Installing: /home/ineogi2/ws/Biorobotics/micro_ros/install/composition_interfaces/include/composition_interfaces/srv/detail/unload_node__rosidl_typesupport_fastrtps_c.h
-- Installing: /home/ineogi2/ws/Biorobotics/micro_ros/install/composition_interfaces/include/composition_interfaces/srv/detail/load_node__rosidl_typesupport_fastrtps_c.h
-- Installing: /home/ineogi2/ws/Biorobotics/micro_ros/install/composition_interfaces/include/composition_interfaces/srv/detail/list_nodes__rosidl_typesupport_fastrtps_c.h
-- Up-to-date: /home/ineogi2/ws/Biorobotics/micro_ros/install/composition_interfaces/include/composition_interfaces/msg
-- Installing: /home/ineogi2/ws/Biorobotics/micro_ros/install/composition_interfaces/include/composition_interfaces/msg/rosidl_typesupport_fastrtps_c__visibility_control.h
-- Installing: /home/ineogi2/ws/Biorobotics/micro_ros/install/composition_interfaces/lib/libcomposition_interfaces__rosidl_typesupport_fastrtps_c.so
-- Set runtime path of "/home/ineogi2/ws/Biorobotics/micro_ros/install/composition_interfaces/lib/libcomposition_interfaces__rosidl_typesupport_fastrtps_c.so" to ""
-- Up-to-date: /home/ineogi2/ws/Biorobotics/micro_ros/install/composition_interfaces/include/composition_interfaces
-- Up-to-date: /home/ineogi2/ws/Biorobotics/micro_ros/install/composition_interfaces/include/composition_interfaces/srv
-- Up-to-date: /home/ineogi2/ws/Biorobotics/micro_ros/install/composition_interfaces/include/composition_interfaces/srv/detail
-- Installing: /home/ineogi2/ws/Biorobotics/micro_ros/install/composition_interfaces/include/composition_interfaces/srv/detail/load_node__rosidl_typesupport_fastrtps_cpp.hpp
-- Installing: /home/ineogi2/ws/Biorobotics/micro_ros/install/composition_interfaces/include/composition_interfaces/srv/detail/dds_fastrtps
-- Installing: /home/ineogi2/ws/Biorobotics/micro_ros/install/composition_interfaces/include/composition_interfaces/srv/detail/list_nodes__rosidl_typesupport_fastrtps_cpp.hpp
-- Installing: /home/ineogi2/ws/Biorobotics/micro_ros/install/composition_interfaces/include/composition_interfaces/srv/detail/unload_node__rosidl_typesupport_fastrtps_cpp.hpp
-- Up-to-date: /home/ineogi2/ws/Biorobotics/micro_ros/install/composition_interfaces/include/composition_interfaces/msg
-- Installing: /home/ineogi2/ws/Biorobotics/micro_ros/install/composition_interfaces/include/composition_interfaces/msg/rosidl_typesupport_fastrtps_cpp__visibility_control.h
-- Installing: /home/ineogi2/ws/Biorobotics/micro_ros/install/composition_interfaces/lib/libcomposition_interfaces__rosidl_typesupport_fastrtps_cpp.so
-- Set runtime path of "/home/ineogi2/ws/Biorobotics/micro_ros/install/composition_interfaces/lib/libcomposition_interfaces__rosidl_typesupport_fastrtps_cpp.so" to ""
-- Up-to-date: /home/ineogi2/ws/Biorobotics/micro_ros/install/composition_interfaces/include/composition_interfaces
-- Up-to-date: /home/ineogi2/ws/Biorobotics/micro_ros/install/composition_interfaces/include/composition_interfaces/srv
-- Up-to-date: /home/ineogi2/ws/Biorobotics/micro_ros/install/composition_interfaces/include/composition_interfaces/srv/detail
-- Installing: /home/ineogi2/ws/Biorobotics/micro_ros/install/composition_interfaces/include/composition_interfaces/srv/detail/load_node__type_support.c
-- Installing: /home/ineogi2/ws/Biorobotics/micro_ros/install/composition_interfaces/include/composition_interfaces/srv/detail/list_nodes__type_support.c
-- Installing: /home/ineogi2/ws/Biorobotics/micro_ros/install/composition_interfaces/include/composition_interfaces/srv/detail/list_nodes__rosidl_typesupport_introspection_c.h
-- Installing: /home/ineogi2/ws/Biorobotics/micro_ros/install/composition_interfaces/include/composition_interfaces/srv/detail/unload_node__rosidl_typesupport_introspection_c.h
-- Installing: /home/ineogi2/ws/Biorobotics/micro_ros/install/composition_interfaces/include/composition_interfaces/srv/detail/unload_node__type_support.c
-- Installing: /home/ineogi2/ws/Biorobotics/micro_ros/install/composition_interfaces/include/composition_interfaces/srv/detail/load_node__rosidl_typesupport_introspection_c.h
-- Up-to-date: /home/ineogi2/ws/Biorobotics/micro_ros/install/composition_interfaces/include/composition_interfaces/msg
-- Installing: /home/ineogi2/ws/Biorobotics/micro_ros/install/composition_interfaces/include/composition_interfaces/msg/rosidl_typesupport_introspection_c__visibility_control.h
-- Installing: /home/ineogi2/ws/Biorobotics/micro_ros/install/composition_interfaces/lib/libcomposition_interfaces__rosidl_typesupport_introspection_c.so
-- Set runtime path of "/home/ineogi2/ws/Biorobotics/micro_ros/install/composition_interfaces/lib/libcomposition_interfaces__rosidl_typesupport_introspection_c.so" to ""
-- Installing: /home/ineogi2/ws/Biorobotics/micro_ros/install/composition_interfaces/lib/libcomposition_interfaces__rosidl_typesupport_c.so
-- Set runtime path of "/home/ineogi2/ws/Biorobotics/micro_ros/install/composition_interfaces/lib/libcomposition_interfaces__rosidl_typesupport_c.so" to ""
-- Up-to-date: /home/ineogi2/ws/Biorobotics/micro_ros/install/composition_interfaces/include/composition_interfaces
-- Up-to-date: /home/ineogi2/ws/Biorobotics/micro_ros/install/composition_interfaces/include/composition_interfaces/srv
-- Installing: /home/ineogi2/ws/Biorobotics/micro_ros/install/composition_interfaces/include/composition_interfaces/srv/list_nodes.hpp
-- Installing: /home/ineogi2/ws/Biorobotics/micro_ros/install/composition_interfaces/include/composition_interfaces/srv/unload_node.hpp
-- Up-to-date: /home/ineogi2/ws/Biorobotics/micro_ros/install/composition_interfaces/include/composition_interfaces/srv/detail
-- Installing: /home/ineogi2/ws/Biorobotics/micro_ros/install/composition_interfaces/include/composition_interfaces/srv/detail/unload_node__struct.hpp
-- Installing: /home/ineogi2/ws/Biorobotics/micro_ros/install/composition_interfaces/include/composition_interfaces/srv/detail/load_node__struct.hpp
-- Installing: /home/ineogi2/ws/Biorobotics/micro_ros/install/composition_interfaces/include/composition_interfaces/srv/detail/list_nodes__struct.hpp
-- Installing: /home/ineogi2/ws/Biorobotics/micro_ros/install/composition_interfaces/include/composition_interfaces/srv/detail/load_node__traits.hpp
-- Installing: /home/ineogi2/ws/Biorobotics/micro_ros/install/composition_interfaces/include/composition_interfaces/srv/detail/unload_node__traits.hpp
-- Installing: /home/ineogi2/ws/Biorobotics/micro_ros/install/composition_interfaces/include/composition_interfaces/srv/detail/unload_node__builder.hpp
-- Installing: /home/ineogi2/ws/Biorobotics/micro_ros/install/composition_interfaces/include/composition_interfaces/srv/detail/list_nodes__traits.hpp
-- Installing: /home/ineogi2/ws/Biorobotics/micro_ros/install/composition_interfaces/include/composition_interfaces/srv/detail/load_node__builder.hpp
-- Installing: /home/ineogi2/ws/Biorobotics/micro_ros/install/composition_interfaces/include/composition_interfaces/srv/detail/list_nodes__builder.hpp
-- Installing: /home/ineogi2/ws/Biorobotics/micro_ros/install/composition_interfaces/include/composition_interfaces/srv/load_node.hpp
-- Up-to-date: /home/ineogi2/ws/Biorobotics/micro_ros/install/composition_interfaces/include/composition_interfaces
-- Up-to-date: /home/ineogi2/ws/Biorobotics/micro_ros/install/composition_interfaces/include/composition_interfaces/srv
-- Up-to-date: /home/ineogi2/ws/Biorobotics/micro_ros/install/composition_interfaces/include/composition_interfaces/srv/detail
-- Installing: /home/ineogi2/ws/Biorobotics/micro_ros/install/composition_interfaces/include/composition_interfaces/srv/detail/list_nodes__rosidl_typesupport_microxrcedds_cpp.hpp
-- Installing: /home/ineogi2/ws/Biorobotics/micro_ros/install/composition_interfaces/include/composition_interfaces/srv/detail/load_node__rosidl_typesupport_microxrcedds_cpp.hpp
-- Up-to-date: /home/ineogi2/ws/Biorobotics/micro_ros/install/composition_interfaces/include/composition_interfaces/srv/detail/microxrcedds
-- Installing: /home/ineogi2/ws/Biorobotics/micro_ros/install/composition_interfaces/include/composition_interfaces/srv/detail/microxrcedds/list_nodes__type_support_cpp.cpp
-- Installing: /home/ineogi2/ws/Biorobotics/micro_ros/install/composition_interfaces/include/composition_interfaces/srv/detail/microxrcedds/unload_node__type_support_cpp.cpp
-- Installing: /home/ineogi2/ws/Biorobotics/micro_ros/install/composition_interfaces/include/composition_interfaces/srv/detail/microxrcedds/load_node__type_support_cpp.cpp
-- Installing: /home/ineogi2/ws/Biorobotics/micro_ros/install/composition_interfaces/include/composition_interfaces/srv/detail/unload_node__rosidl_typesupport_microxrcedds_cpp.hpp
-- Up-to-date: /home/ineogi2/ws/Biorobotics/micro_ros/install/composition_interfaces/include/composition_interfaces/msg
-- Installing: /home/ineogi2/ws/Biorobotics/micro_ros/install/composition_interfaces/include/composition_interfaces/msg/rosidl_typesupport_microxrcedds_cpp__visibility_control.h
-- Installing: /home/ineogi2/ws/Biorobotics/micro_ros/install/composition_interfaces/lib/libcomposition_interfaces__rosidl_typesupport_microxrcedds_cpp.so
-- Set runtime path of "/home/ineogi2/ws/Biorobotics/micro_ros/install/composition_interfaces/lib/libcomposition_interfaces__rosidl_typesupport_microxrcedds_cpp.so" to ""
-- Up-to-date: /home/ineogi2/ws/Biorobotics/micro_ros/install/composition_interfaces/include/composition_interfaces
-- Up-to-date: /home/ineogi2/ws/Biorobotics/micro_ros/install/composition_interfaces/include/composition_interfaces/srv
-- Up-to-date: /home/ineogi2/ws/Biorobotics/micro_ros/install/composition_interfaces/include/composition_interfaces/srv/detail
-- Installing: /home/ineogi2/ws/Biorobotics/micro_ros/install/composition_interfaces/include/composition_interfaces/srv/detail/list_nodes__rosidl_typesupport_introspection_cpp.hpp
-- Installing: /home/ineogi2/ws/Biorobotics/micro_ros/install/composition_interfaces/include/composition_interfaces/srv/detail/load_node__type_support.cpp
-- Installing: /home/ineogi2/ws/Biorobotics/micro_ros/install/composition_interfaces/include/composition_interfaces/srv/detail/unload_node__type_support.cpp
-- Installing: /home/ineogi2/ws/Biorobotics/micro_ros/install/composition_interfaces/include/composition_interfaces/srv/detail/list_nodes__type_support.cpp
-- Installing: /home/ineogi2/ws/Biorobotics/micro_ros/install/composition_interfaces/include/composition_interfaces/srv/detail/unload_node__rosidl_typesupport_introspection_cpp.hpp
-- Installing: /home/ineogi2/ws/Biorobotics/micro_ros/install/composition_interfaces/include/composition_interfaces/srv/detail/load_node__rosidl_typesupport_introspection_cpp.hpp
-- Installing: /home/ineogi2/ws/Biorobotics/micro_ros/install/composition_interfaces/lib/libcomposition_interfaces__rosidl_typesupport_introspection_cpp.so
-- Set runtime path of "/home/ineogi2/ws/Biorobotics/micro_ros/install/composition_interfaces/lib/libcomposition_interfaces__rosidl_typesupport_introspection_cpp.so" to ""
-- Installing: /home/ineogi2/ws/Biorobotics/micro_ros/install/composition_interfaces/lib/libcomposition_interfaces__rosidl_typesupport_cpp.so
-- Set runtime path of "/home/ineogi2/ws/Biorobotics/micro_ros/install/composition_interfaces/lib/libcomposition_interfaces__rosidl_typesupport_cpp.so" to ""
-- Installing: /home/ineogi2/ws/Biorobotics/micro_ros/install/composition_interfaces/share/composition_interfaces/environment/pythonpath.sh
-- Installing: /home/ineogi2/ws/Biorobotics/micro_ros/install/composition_interfaces/share/composition_interfaces/environment/pythonpath.dsv
-- Installing: /home/ineogi2/ws/Biorobotics/micro_ros/install/composition_interfaces/lib/python3.8/site-packages/composition_interfaces/__init__.py
Compiling '/home/ineogi2/ws/Biorobotics/micro_ros/install/composition_interfaces/lib/python3.8/site-packages/composition_interfaces/__init__.py'...
-- Installing: /home/ineogi2/ws/Biorobotics/micro_ros/install/composition_interfaces/lib/python3.8/site-packages/composition_interfaces/srv
-- Installing: /home/ineogi2/ws/Biorobotics/micro_ros/install/composition_interfaces/lib/python3.8/site-packages/composition_interfaces/srv/_list_nodes.py
-- Installing: /home/ineogi2/ws/Biorobotics/micro_ros/install/composition_interfaces/lib/python3.8/site-packages/composition_interfaces/srv/_list_nodes_s.c
-- Installing: /home/ineogi2/ws/Biorobotics/micro_ros/install/composition_interfaces/lib/python3.8/site-packages/composition_interfaces/srv/__init__.py
-- Installing: /home/ineogi2/ws/Biorobotics/micro_ros/install/composition_interfaces/lib/python3.8/site-packages/composition_interfaces/srv/_load_node.py
-- Installing: /home/ineogi2/ws/Biorobotics/micro_ros/install/composition_interfaces/lib/python3.8/site-packages/composition_interfaces/srv/_load_node_s.c
-- Installing: /home/ineogi2/ws/Biorobotics/micro_ros/install/composition_interfaces/lib/python3.8/site-packages/composition_interfaces/srv/_unload_node.py
-- Installing: /home/ineogi2/ws/Biorobotics/micro_ros/install/composition_interfaces/lib/python3.8/site-packages/composition_interfaces/srv/_unload_node_s.c
-- Installing: /home/ineogi2/ws/Biorobotics/micro_ros/install/composition_interfaces/lib/python3.8/site-packages/composition_interfaces/composition_interfaces_s__rosidl_typesupport_microxrcedds_c.cpython-38-x86_64-linux-gnu.so
-- Set runtime path of "/home/ineogi2/ws/Biorobotics/micro_ros/install/composition_interfaces/lib/python3.8/site-packages/composition_interfaces/composition_interfaces_s__rosidl_typesupport_microxrcedds_c.cpython-38-x86_64-linux-gnu.so" to ""
-- Installing: /home/ineogi2/ws/Biorobotics/micro_ros/install/composition_interfaces/lib/python3.8/site-packages/composition_interfaces/composition_interfaces_s__rosidl_typesupport_fastrtps_c.cpython-38-x86_64-linux-gnu.so
-- Set runtime path of "/home/ineogi2/ws/Biorobotics/micro_ros/install/composition_interfaces/lib/python3.8/site-packages/composition_interfaces/composition_interfaces_s__rosidl_typesupport_fastrtps_c.cpython-38-x86_64-linux-gnu.so" to ""
-- Installing: /home/ineogi2/ws/Biorobotics/micro_ros/install/composition_interfaces/lib/python3.8/site-packages/composition_interfaces/composition_interfaces_s__rosidl_typesupport_introspection_c.cpython-38-x86_64-linux-gnu.so
-- Set runtime path of "/home/ineogi2/ws/Biorobotics/micro_ros/install/composition_interfaces/lib/python3.8/site-packages/composition_interfaces/composition_interfaces_s__rosidl_typesupport_introspection_c.cpython-38-x86_64-linux-gnu.so" to ""
-- Installing: /home/ineogi2/ws/Biorobotics/micro_ros/install/composition_interfaces/lib/python3.8/site-packages/composition_interfaces/composition_interfaces_s__rosidl_typesupport_c.cpython-38-x86_64-linux-gnu.so
-- Set runtime path of "/home/ineogi2/ws/Biorobotics/micro_ros/install/composition_interfaces/lib/python3.8/site-packages/composition_interfaces/composition_interfaces_s__rosidl_typesupport_c.cpython-38-x86_64-linux-gnu.so" to ""
-- Installing: /home/ineogi2/ws/Biorobotics/micro_ros/install/composition_interfaces/lib/libcomposition_interfaces__python.so
-- Set runtime path of "/home/ineogi2/ws/Biorobotics/micro_ros/install/composition_interfaces/lib/libcomposition_interfaces__python.so" to ""
-- Installing: /home/ineogi2/ws/Biorobotics/micro_ros/install/composition_interfaces/share/composition_interfaces/srv/LoadNode.idl
-- Installing: /home/ineogi2/ws/Biorobotics/micro_ros/install/composition_interfaces/share/composition_interfaces/srv/ListNodes.idl
-- Installing: /home/ineogi2/ws/Biorobotics/micro_ros/install/composition_interfaces/share/composition_interfaces/srv/UnloadNode.idl
-- Installing: /home/ineogi2/ws/Biorobotics/micro_ros/install/composition_interfaces/share/composition_interfaces/srv/LoadNode.srv
-- Installing: /home/ineogi2/ws/Biorobotics/micro_ros/install/composition_interfaces/share/composition_interfaces/srv/LoadNode_Request.msg
-- Installing: /home/ineogi2/ws/Biorobotics/micro_ros/install/composition_interfaces/share/composition_interfaces/srv/LoadNode_Response.msg
-- Installing: /home/ineogi2/ws/Biorobotics/micro_ros/install/composition_interfaces/share/composition_interfaces/srv/ListNodes.srv
-- Installing: /home/ineogi2/ws/Biorobotics/micro_ros/install/composition_interfaces/share/composition_interfaces/srv/ListNodes_Request.msg
-- Installing: /home/ineogi2/ws/Biorobotics/micro_ros/install/composition_interfaces/share/composition_interfaces/srv/ListNodes_Response.msg
-- Installing: /home/ineogi2/ws/Biorobotics/micro_ros/install/composition_interfaces/share/composition_interfaces/srv/UnloadNode.srv
-- Installing: /home/ineogi2/ws/Biorobotics/micro_ros/install/composition_interfaces/share/composition_interfaces/srv/UnloadNode_Request.msg
-- Installing: /home/ineogi2/ws/Biorobotics/micro_ros/install/composition_interfaces/share/composition_interfaces/srv/UnloadNode_Response.msg
-- Installing: /home/ineogi2/ws/Biorobotics/micro_ros/install/composition_interfaces/share/ament_index/resource_index/package_run_dependencies/composition_interfaces
-- Installing: /home/ineogi2/ws/Biorobotics/micro_ros/install/composition_interfaces/share/ament_index/resource_index/parent_prefix_path/composition_interfaces
-- Installing: /home/ineogi2/ws/Biorobotics/micro_ros/install/composition_interfaces/share/composition_interfaces/environment/ament_prefix_path.sh
-- Installing: /home/ineogi2/ws/Biorobotics/micro_ros/install/composition_interfaces/share/composition_interfaces/environment/ament_prefix_path.dsv
-- Installing: /home/ineogi2/ws/Biorobotics/micro_ros/install/composition_interfaces/share/composition_interfaces/environment/path.sh
-- Installing: /home/ineogi2/ws/Biorobotics/micro_ros/install/composition_interfaces/share/composition_interfaces/environment/path.dsv
-- Installing: /home/ineogi2/ws/Biorobotics/micro_ros/install/composition_interfaces/share/composition_interfaces/local_setup.bash
-- Installing: /home/ineogi2/ws/Biorobotics/micro_ros/install/composition_interfaces/share/composition_interfaces/local_setup.sh
-- Installing: /home/ineogi2/ws/Biorobotics/micro_ros/install/composition_interfaces/share/composition_interfaces/local_setup.zsh
-- Installing: /home/ineogi2/ws/Biorobotics/micro_ros/install/composition_interfaces/share/composition_interfaces/local_setup.dsv
-- Installing: /home/ineogi2/ws/Biorobotics/micro_ros/install/composition_interfaces/share/composition_interfaces/package.dsv
-- Installing: /home/ineogi2/ws/Biorobotics/micro_ros/install/composition_interfaces/share/ament_index/resource_index/packages/composition_interfaces
-- Installing: /home/ineogi2/ws/Biorobotics/micro_ros/install/composition_interfaces/share/composition_interfaces/cmake/composition_interfaces__rosidl_generator_cExport.cmake
-- Installing: /home/ineogi2/ws/Biorobotics/micro_ros/install/composition_interfaces/share/composition_interfaces/cmake/composition_interfaces__rosidl_generator_cExport-noconfig.cmake
-- Installing: /home/ineogi2/ws/Biorobotics/micro_ros/install/composition_interfaces/share/composition_interfaces/cmake/composition_interfaces__rosidl_typesupport_introspection_cExport.cmake
-- Installing: /home/ineogi2/ws/Biorobotics/micro_ros/install/composition_interfaces/share/composition_interfaces/cmake/composition_interfaces__rosidl_typesupport_introspection_cExport-noconfig.cmake
-- Installing: /home/ineogi2/ws/Biorobotics/micro_ros/install/composition_interfaces/share/composition_interfaces/cmake/composition_interfaces__rosidl_typesupport_cExport.cmake
-- Installing: /home/ineogi2/ws/Biorobotics/micro_ros/install/composition_interfaces/share/composition_interfaces/cmake/composition_interfaces__rosidl_typesupport_cExport-noconfig.cmake
-- Installing: /home/ineogi2/ws/Biorobotics/micro_ros/install/composition_interfaces/share/composition_interfaces/cmake/composition_interfaces__rosidl_generator_cppExport.cmake
-- Installing: /home/ineogi2/ws/Biorobotics/micro_ros/install/composition_interfaces/share/composition_interfaces/cmake/composition_interfaces__rosidl_typesupport_introspection_cppExport.cmake
-- Installing: /home/ineogi2/ws/Biorobotics/micro_ros/install/composition_interfaces/share/composition_interfaces/cmake/composition_interfaces__rosidl_typesupport_introspection_cppExport-noconfig.cmake
-- Installing: /home/ineogi2/ws/Biorobotics/micro_ros/install/composition_interfaces/share/composition_interfaces/cmake/composition_interfaces__rosidl_typesupport_cppExport.cmake
-- Installing: /home/ineogi2/ws/Biorobotics/micro_ros/install/composition_interfaces/share/composition_interfaces/cmake/composition_interfaces__rosidl_typesupport_cppExport-noconfig.cmake
-- Installing: /home/ineogi2/ws/Biorobotics/micro_ros/install/composition_interfaces/share/composition_interfaces/cmake/rosidl_cmake-extras.cmake
-- Installing: /home/ineogi2/ws/Biorobotics/micro_ros/install/composition_interfaces/share/composition_interfaces/cmake/ament_cmake_export_dependencies-extras.cmake
-- Installing: /home/ineogi2/ws/Biorobotics/micro_ros/install/composition_interfaces/share/composition_interfaces/cmake/ament_cmake_export_libraries-extras.cmake
-- Installing: /home/ineogi2/ws/Biorobotics/micro_ros/install/composition_interfaces/share/composition_interfaces/cmake/ament_cmake_export_targets-extras.cmake
-- Installing: /home/ineogi2/ws/Biorobotics/micro_ros/install/composition_interfaces/share/composition_interfaces/cmake/ament_cmake_export_include_directories-extras.cmake
-- Installing: /home/ineogi2/ws/Biorobotics/micro_ros/install/composition_interfaces/share/composition_interfaces/cmake/rosidl_cmake_export_typesupport_libraries-extras.cmake
-- Installing: /home/ineogi2/ws/Biorobotics/micro_ros/install/composition_interfaces/share/composition_interfaces/cmake/rosidl_cmake_export_typesupport_targets-extras.cmake
-- Installing: /home/ineogi2/ws/Biorobotics/micro_ros/install/composition_interfaces/share/composition_interfaces/cmake/composition_interfacesConfig.cmake
-- Installing: /home/ineogi2/ws/Biorobotics/micro_ros/install/composition_interfaces/share/composition_interfaces/cmake/composition_interfacesConfig-version.cmake
-- Installing: /home/ineogi2/ws/Biorobotics/micro_ros/install/composition_interfaces/share/composition_interfaces/package.xml
