[0.281s] Invoking command in '/home/ineogi2/ros2_ws/build/ros_teensy': PYTHONPATH=/home/ineogi2/ros2_ws/install/ros_teensy/lib/python3.8/site-packages:${PYTHONPATH} /usr/bin/python3 setup.py develop --prefix /home/ineogi2/ros2_ws/install/ros_teensy --editable --build-directory /home/ineogi2/ros2_ws/build/ros_teensy/build --no-deps install_data --install-dir /home/ineogi2/ros2_ws/install/ros_teensy
[0.565s] running develop
[0.729s] running egg_info
[0.729s] creating ros_teensy.egg-info
[0.729s] writing ros_teensy.egg-info/PKG-INFO
[0.729s] writing dependency_links to ros_teensy.egg-info/dependency_links.txt
[0.730s] writing entry points to ros_teensy.egg-info/entry_points.txt
[0.730s] writing requirements to ros_teensy.egg-info/requires.txt
[0.730s] writing top-level names to ros_teensy.egg-info/top_level.txt
[0.734s] writing manifest file 'ros_teensy.egg-info/SOURCES.txt'
[0.775s] reading manifest file 'ros_teensy.egg-info/SOURCES.txt'
[0.776s] writing manifest file 'ros_teensy.egg-info/SOURCES.txt'
[0.823s] running build_ext
[0.824s] Creating /home/ineogi2/ros2_ws/install/ros_teensy/lib/python3.8/site-packages/site.py
[0.826s] Creating /home/ineogi2/ros2_ws/install/ros_teensy/lib/python3.8/site-packages/ros-teensy.egg-link (link to .)
[0.827s] Installing ros_teensy_publisher script to /home/ineogi2/ros2_ws/install/ros_teensy/lib/ros_teensy
[0.827s] 
[0.827s] Installed /home/ineogi2/ros2_ws/build/ros_teensy
[0.827s] running install_data
[0.827s] creating /home/ineogi2/ros2_ws/install/ros_teensy/share/ament_index
[0.828s] creating /home/ineogi2/ros2_ws/install/ros_teensy/share/ament_index/resource_index
[0.828s] creating /home/ineogi2/ros2_ws/install/ros_teensy/share/ament_index/resource_index/packages
[0.828s] copying resource/ros_teensy -> /home/ineogi2/ros2_ws/install/ros_teensy/share/ament_index/resource_index/packages
[0.828s] copying package.xml -> /home/ineogi2/ros2_ws/install/ros_teensy/share/ros_teensy
[0.854s] Invoked command in '/home/ineogi2/ros2_ws/build/ros_teensy' returned '0': PYTHONPATH=/home/ineogi2/ros2_ws/install/ros_teensy/lib/python3.8/site-packages:${PYTHONPATH} /usr/bin/python3 setup.py develop --prefix /home/ineogi2/ros2_ws/install/ros_teensy --editable --build-directory /home/ineogi2/ros2_ws/build/ros_teensy/build --no-deps install_data --install-dir /home/ineogi2/ros2_ws/install/ros_teensy
