-- Create Release Build.
-- Found ament_cmake: 0.9.11 (/opt/ros/foxy/share/ament_cmake/cmake)
-- Using PYTHON_EXECUTABLE: /usr/bin/python3
-- Override CMake install command with custom implementation using symlinks instead of copying resources
-- Found builtin_interfaces: 1.0.0 (/opt/ros/foxy/share/builtin_interfaces/cmake)
-- Using all available rosidl_typesupport_c: rosidl_typesupport_fastrtps_c;rosidl_typesupport_introspection_c
-- Found rosidl_adapter: 1.3.0 (/opt/ros/foxy/share/rosidl_adapter/cmake)
-- Using all available rosidl_typesupport_cpp: rosidl_typesupport_fastrtps_cpp;rosidl_typesupport_introspection_cpp
-- Found cv_bridge: 3.0.7 (/opt/ros/foxy/share/cv_bridge/cmake)
-- Found image_transport: 2.4.0 (/opt/ros/foxy/share/image_transport/cmake)
-- Found rmw_implementation_cmake: 1.0.3 (/opt/ros/foxy/share/rmw_implementation_cmake/cmake)
-- Using RMW implementation 'rmw_fastrtps_cpp' as default
-- Found rclcpp_components: 2.4.2 (/opt/ros/foxy/share/rclcpp_components/cmake)
-- Found realsense2_camera_msgs: 4.0.4 (/home/ineogi2/Biorobotics/ros2_ws/install/realsense2_camera_msgs/share/realsense2_camera_msgs/cmake)
-- Found nav_msgs: 2.0.5 (/opt/ros/foxy/share/nav_msgs/cmake)
-- Found tf2_ros: 0.13.13 (/opt/ros/foxy/share/tf2_ros/cmake)
-- Found diagnostic_updater: 2.0.8 (/opt/ros/foxy/share/diagnostic_updater/cmake)
-- Build for ROS2 Foxy
-- Configuring done
-- Generating done
-- Build files have been written to: /home/ineogi2/Biorobotics/ros2_ws/build/realsense2_camera
[35m[1mScanning dependencies of target realsense2_camera_node[0m
[35m[1mScanning dependencies of target realsense2_camera[0m
[  6%] [32mBuilding CXX object CMakeFiles/realsense2_camera_node.dir/rclcpp_components/node_main_realsense2_camera_node.cpp.o[0m
[ 12%] [32mBuilding CXX object CMakeFiles/realsense2_camera.dir/src/realsense_node_factory.cpp.o[0m
[ 18%] [32mBuilding CXX object CMakeFiles/realsense2_camera.dir/src/base_realsense_node.cpp.o[0m
[ 25%] [32mBuilding CXX object CMakeFiles/realsense2_camera.dir/src/t265_realsense_node.cpp.o[0m
[ 31%] [32mBuilding CXX object CMakeFiles/realsense2_camera.dir/src/parameters.cpp.o[0m
[ 37%] [32mBuilding CXX object CMakeFiles/realsense2_camera.dir/src/rs_node_setup.cpp.o[0m
[ 43%] [32mBuilding CXX object CMakeFiles/realsense2_camera.dir/src/ros_sensor.cpp.o[0m
[ 50%] [32mBuilding CXX object CMakeFiles/realsense2_camera.dir/src/dynamic_params.cpp.o[0m
[ 62%] [32mBuilding CXX object CMakeFiles/realsense2_camera.dir/src/sensor_params.cpp.o[0m
[ 62%] [32mBuilding CXX object CMakeFiles/realsense2_camera.dir/src/ros_utils.cpp.o[0m
[ 68%] [32mBuilding CXX object CMakeFiles/realsense2_camera.dir/src/named_filter.cpp.o[0m
[ 75%] [32mBuilding CXX object CMakeFiles/realsense2_camera.dir/src/profile_manager.cpp.o[0m
[ 81%] [32m[1mLinking CXX executable realsense2_camera_node[0m
[ 81%] Built target realsense2_camera_node
[ 87%] [32mBuilding CXX object CMakeFiles/realsense2_camera.dir/src/image_publisher.cpp.o[0m
[ 93%] [32mBuilding CXX object CMakeFiles/realsense2_camera.dir/src/ros_param_backend_foxy.cpp.o[0m
[100%] [32m[1mLinking CXX shared library librealsense2_camera.so[0m
[100%] Built target realsense2_camera
-- Install configuration: "Release"
-- Execute custom install script
-- Up-to-date symlink: /home/ineogi2/Biorobotics/ros2_ws/install/realsense2_camera/lib/realsense2_camera/realsense2_camera_node
-- Up-to-date symlink: /home/ineogi2/Biorobotics/ros2_ws/install/realsense2_camera/lib/librealsense2_camera.so
-- Up-to-date symlink: /home/ineogi2/Biorobotics/ros2_ws/install/realsense2_camera/include/base_realsense_node.h
-- Up-to-date symlink: /home/ineogi2/Biorobotics/ros2_ws/install/realsense2_camera/include/constants.h
-- Up-to-date symlink: /home/ineogi2/Biorobotics/ros2_ws/install/realsense2_camera/include/dynamic_params.h
-- Up-to-date symlink: /home/ineogi2/Biorobotics/ros2_ws/install/realsense2_camera/include/image_publisher.h
-- Up-to-date symlink: /home/ineogi2/Biorobotics/ros2_ws/install/realsense2_camera/include/named_filter.h
-- Up-to-date symlink: /home/ineogi2/Biorobotics/ros2_ws/install/realsense2_camera/include/profile_manager.h
-- Up-to-date symlink: /home/ineogi2/Biorobotics/ros2_ws/install/realsense2_camera/include/realsense_node_factory.h
-- Up-to-date symlink: /home/ineogi2/Biorobotics/ros2_ws/install/realsense2_camera/include/ros_param_backend.h
-- Up-to-date symlink: /home/ineogi2/Biorobotics/ros2_ws/install/realsense2_camera/include/ros_sensor.h
-- Up-to-date symlink: /home/ineogi2/Biorobotics/ros2_ws/install/realsense2_camera/include/ros_utils.h
-- Up-to-date symlink: /home/ineogi2/Biorobotics/ros2_ws/install/realsense2_camera/include/sensor_params.h
-- Up-to-date symlink: /home/ineogi2/Biorobotics/ros2_ws/install/realsense2_camera/include/t265_realsense_node.h
-- Up-to-date symlink: /home/ineogi2/Biorobotics/ros2_ws/install/realsense2_camera/share/realsense2_camera/launch/default.rviz
-- Up-to-date symlink: /home/ineogi2/Biorobotics/ros2_ws/install/realsense2_camera/share/realsense2_camera/launch/rs_d400_and_t265_launch.py
-- Up-to-date symlink: /home/ineogi2/Biorobotics/ros2_ws/install/realsense2_camera/share/realsense2_camera/launch/rs_intra_process_demo_launch.py
-- Up-to-date symlink: /home/ineogi2/Biorobotics/ros2_ws/install/realsense2_camera/share/realsense2_camera/launch/rs_launch.py
-- Up-to-date symlink: /home/ineogi2/Biorobotics/ros2_ws/install/realsense2_camera/share/realsense2_camera/launch/rs_multi_camera_launch.py
-- Up-to-date symlink: /home/ineogi2/Biorobotics/ros2_ws/install/realsense2_camera/share/realsense2_camera/environment/library_path.sh
-- Up-to-date symlink: /home/ineogi2/Biorobotics/ros2_ws/install/realsense2_camera/share/realsense2_camera/environment/library_path.dsv
-- Up-to-date symlink: /home/ineogi2/Biorobotics/ros2_ws/install/realsense2_camera/share/ament_index/resource_index/package_run_dependencies/realsense2_camera
-- Up-to-date symlink: /home/ineogi2/Biorobotics/ros2_ws/install/realsense2_camera/share/ament_index/resource_index/parent_prefix_path/realsense2_camera
-- Up-to-date symlink: /home/ineogi2/Biorobotics/ros2_ws/install/realsense2_camera/share/realsense2_camera/environment/ament_prefix_path.sh
-- Up-to-date symlink: /home/ineogi2/Biorobotics/ros2_ws/install/realsense2_camera/share/realsense2_camera/environment/ament_prefix_path.dsv
-- Up-to-date symlink: /home/ineogi2/Biorobotics/ros2_ws/install/realsense2_camera/share/realsense2_camera/environment/path.sh
-- Up-to-date symlink: /home/ineogi2/Biorobotics/ros2_ws/install/realsense2_camera/share/realsense2_camera/environment/path.dsv
-- Up-to-date symlink: /home/ineogi2/Biorobotics/ros2_ws/install/realsense2_camera/share/realsense2_camera/local_setup.bash
-- Up-to-date symlink: /home/ineogi2/Biorobotics/ros2_ws/install/realsense2_camera/share/realsense2_camera/local_setup.sh
-- Up-to-date symlink: /home/ineogi2/Biorobotics/ros2_ws/install/realsense2_camera/share/realsense2_camera/local_setup.zsh
-- Up-to-date symlink: /home/ineogi2/Biorobotics/ros2_ws/install/realsense2_camera/share/realsense2_camera/local_setup.dsv
-- Symlinking: /home/ineogi2/Biorobotics/ros2_ws/install/realsense2_camera/share/realsense2_camera/package.dsv
-- Up-to-date symlink: /home/ineogi2/Biorobotics/ros2_ws/install/realsense2_camera/share/ament_index/resource_index/packages/realsense2_camera
-- Up-to-date symlink: /home/ineogi2/Biorobotics/ros2_ws/install/realsense2_camera/share/ament_index/resource_index/rclcpp_components/realsense2_camera
-- Up-to-date symlink: /home/ineogi2/Biorobotics/ros2_ws/install/realsense2_camera/share/realsense2_camera/cmake/ament_cmake_export_include_directories-extras.cmake
-- Up-to-date symlink: /home/ineogi2/Biorobotics/ros2_ws/install/realsense2_camera/share/realsense2_camera/cmake/ament_cmake_export_libraries-extras.cmake
-- Up-to-date symlink: /home/ineogi2/Biorobotics/ros2_ws/install/realsense2_camera/share/realsense2_camera/cmake/ament_cmake_export_dependencies-extras.cmake
-- Up-to-date symlink: /home/ineogi2/Biorobotics/ros2_ws/install/realsense2_camera/share/realsense2_camera/cmake/realsense2_cameraConfig.cmake
-- Up-to-date symlink: /home/ineogi2/Biorobotics/ros2_ws/install/realsense2_camera/share/realsense2_camera/cmake/realsense2_cameraConfig-version.cmake
-- Up-to-date symlink: /home/ineogi2/Biorobotics/ros2_ws/install/realsense2_camera/share/realsense2_camera/package.xml
