[0.705s] Invoking command in '/home/ineogi2/ros2_ws/src/build/ros_image': PYTHONPATH=/home/ineogi2/ros2_ws/src/install/ros_image/lib/python3.8/site-packages:${PYTHONPATH} /usr/bin/python3 setup.py develop --prefix /home/ineogi2/ros2_ws/src/install/ros_image --editable --build-directory /home/ineogi2/ros2_ws/src/build/ros_image/build --no-deps install_data --install-dir /home/ineogi2/ros2_ws/src/install/ros_image
[0.884s] running develop
[1.008s] running egg_info
[1.008s] creating ros_image.egg-info
[1.008s] writing ros_image.egg-info/PKG-INFO
[1.009s] writing dependency_links to ros_image.egg-info/dependency_links.txt
[1.009s] writing entry points to ros_image.egg-info/entry_points.txt
[1.009s] writing requirements to ros_image.egg-info/requires.txt
[1.009s] writing top-level names to ros_image.egg-info/top_level.txt
[1.013s] writing manifest file 'ros_image.egg-info/SOURCES.txt'
[1.036s] reading manifest file 'ros_image.egg-info/SOURCES.txt'
[1.037s] writing manifest file 'ros_image.egg-info/SOURCES.txt'
[1.061s] running build_ext
[1.061s] Creating /home/ineogi2/ros2_ws/src/install/ros_image/lib/python3.8/site-packages/site.py
[1.063s] Creating /home/ineogi2/ros2_ws/src/install/ros_image/lib/python3.8/site-packages/ros-image.egg-link (link to .)
[1.064s] Installing ros_image script to /home/ineogi2/ros2_ws/src/install/ros_image/lib/ros_image
[1.064s] 
[1.064s] Installed /home/ineogi2/ros2_ws/src/build/ros_image
[1.064s] running install_data
[1.064s] creating /home/ineogi2/ros2_ws/src/install/ros_image/share/ament_index
[1.064s] creating /home/ineogi2/ros2_ws/src/install/ros_image/share/ament_index/resource_index
[1.064s] creating /home/ineogi2/ros2_ws/src/install/ros_image/share/ament_index/resource_index/packages
[1.065s] copying resource/ros_image -> /home/ineogi2/ros2_ws/src/install/ros_image/share/ament_index/resource_index/packages
[1.065s] copying package.xml -> /home/ineogi2/ros2_ws/src/install/ros_image/share/ros_image
[1.099s] Invoked command in '/home/ineogi2/ros2_ws/src/build/ros_image' returned '0': PYTHONPATH=/home/ineogi2/ros2_ws/src/install/ros_image/lib/python3.8/site-packages:${PYTHONPATH} /usr/bin/python3 setup.py develop --prefix /home/ineogi2/ros2_ws/src/install/ros_image --editable --build-directory /home/ineogi2/ros2_ws/src/build/ros_image/build --no-deps install_data --install-dir /home/ineogi2/ros2_ws/src/install/ros_image
