[0.010s] Invoking command in '/home/ineogi2/ws/Biorobotics/ros2_ws/build/realsense2_description': AMENT_PREFIX_PATH=/home/ineogi2/ws/Biorobotics/ros2_ws/install/realsense2_camera_msgs:${AMENT_PREFIX_PATH} CMAKE_PREFIX_PATH=/home/ineogi2/ws/Biorobotics/ros2_ws/install/realsense2_camera_msgs:/opt/ros/foxy LD_LIBRARY_PATH=/home/ineogi2/ws/Biorobotics/ros2_ws/install/realsense2_camera_msgs/lib:${LD_LIBRARY_PATH} PYTHONPATH=/home/ineogi2/ws/Biorobotics/ros2_ws/install/realsense2_camera_msgs/lib/python3.8/site-packages:${PYTHONPATH} /usr/bin/cmake /home/ineogi2/ws/Biorobotics/ros2_ws/src/realsense-ros/realsense2_description -DAMENT_CMAKE_SYMLINK_INSTALL=1 -DCMAKE_INSTALL_PREFIX=/home/ineogi2/ws/Biorobotics/ros2_ws/install/realsense2_description
[0.044s] -- The C compiler identification is GNU 9.4.0
[0.079s] -- The CXX compiler identification is GNU 9.4.0
[0.083s] -- Check for working C compiler: /usr/bin/cc
[0.129s] -- Check for working C compiler: /usr/bin/cc -- works
[0.130s] -- Detecting C compiler ABI info
[0.175s] -- Detecting C compiler ABI info - done
[0.183s] -- Detecting C compile features
[0.184s] -- Detecting C compile features - done
[0.185s] -- Check for working CXX compiler: /usr/bin/c++
[0.238s] -- Check for working CXX compiler: /usr/bin/c++ -- works
[0.238s] -- Detecting CXX compiler ABI info
[0.290s] -- Detecting CXX compiler ABI info - done
[0.299s] -- Detecting CXX compile features
[0.299s] -- Detecting CXX compile features - done
[0.300s] -- Found ament_cmake: 0.9.9 (/opt/ros/foxy/share/ament_cmake/cmake)
[0.316s] -- Found PythonInterp: /usr/bin/python3 (found suitable version "3.8.10", minimum required is "3") 
[0.317s] -- Using PYTHON_EXECUTABLE: /usr/bin/python3
[0.438s] -- Override CMake install command with custom implementation using symlinks instead of copying resources
[0.494s] -- Configuring done
[0.495s] -- Generating done
[0.496s] -- Build files have been written to: /home/ineogi2/ws/Biorobotics/ros2_ws/build/realsense2_description
[0.498s] Invoked command in '/home/ineogi2/ws/Biorobotics/ros2_ws/build/realsense2_description' returned '0': AMENT_PREFIX_PATH=/home/ineogi2/ws/Biorobotics/ros2_ws/install/realsense2_camera_msgs:${AMENT_PREFIX_PATH} CMAKE_PREFIX_PATH=/home/ineogi2/ws/Biorobotics/ros2_ws/install/realsense2_camera_msgs:/opt/ros/foxy LD_LIBRARY_PATH=/home/ineogi2/ws/Biorobotics/ros2_ws/install/realsense2_camera_msgs/lib:${LD_LIBRARY_PATH} PYTHONPATH=/home/ineogi2/ws/Biorobotics/ros2_ws/install/realsense2_camera_msgs/lib/python3.8/site-packages:${PYTHONPATH} /usr/bin/cmake /home/ineogi2/ws/Biorobotics/ros2_ws/src/realsense-ros/realsense2_description -DAMENT_CMAKE_SYMLINK_INSTALL=1 -DCMAKE_INSTALL_PREFIX=/home/ineogi2/ws/Biorobotics/ros2_ws/install/realsense2_description
[0.500s] Invoking command in '/home/ineogi2/ws/Biorobotics/ros2_ws/build/realsense2_description': AMENT_PREFIX_PATH=/home/ineogi2/ws/Biorobotics/ros2_ws/install/realsense2_camera_msgs:${AMENT_PREFIX_PATH} CMAKE_PREFIX_PATH=/home/ineogi2/ws/Biorobotics/ros2_ws/install/realsense2_camera_msgs:/opt/ros/foxy LD_LIBRARY_PATH=/home/ineogi2/ws/Biorobotics/ros2_ws/install/realsense2_camera_msgs/lib:${LD_LIBRARY_PATH} PYTHONPATH=/home/ineogi2/ws/Biorobotics/ros2_ws/install/realsense2_camera_msgs/lib/python3.8/site-packages:${PYTHONPATH} /usr/bin/cmake --build /home/ineogi2/ws/Biorobotics/ros2_ws/build/realsense2_description -- -j12 -l12
[0.525s] Invoked command in '/home/ineogi2/ws/Biorobotics/ros2_ws/build/realsense2_description' returned '0': AMENT_PREFIX_PATH=/home/ineogi2/ws/Biorobotics/ros2_ws/install/realsense2_camera_msgs:${AMENT_PREFIX_PATH} CMAKE_PREFIX_PATH=/home/ineogi2/ws/Biorobotics/ros2_ws/install/realsense2_camera_msgs:/opt/ros/foxy LD_LIBRARY_PATH=/home/ineogi2/ws/Biorobotics/ros2_ws/install/realsense2_camera_msgs/lib:${LD_LIBRARY_PATH} PYTHONPATH=/home/ineogi2/ws/Biorobotics/ros2_ws/install/realsense2_camera_msgs/lib/python3.8/site-packages:${PYTHONPATH} /usr/bin/cmake --build /home/ineogi2/ws/Biorobotics/ros2_ws/build/realsense2_description -- -j12 -l12
[0.540s] Invoking command in '/home/ineogi2/ws/Biorobotics/ros2_ws/build/realsense2_description': AMENT_PREFIX_PATH=/home/ineogi2/ws/Biorobotics/ros2_ws/install/realsense2_camera_msgs:${AMENT_PREFIX_PATH} CMAKE_PREFIX_PATH=/home/ineogi2/ws/Biorobotics/ros2_ws/install/realsense2_camera_msgs:/opt/ros/foxy LD_LIBRARY_PATH=/home/ineogi2/ws/Biorobotics/ros2_ws/install/realsense2_camera_msgs/lib:${LD_LIBRARY_PATH} PYTHONPATH=/home/ineogi2/ws/Biorobotics/ros2_ws/install/realsense2_camera_msgs/lib/python3.8/site-packages:${PYTHONPATH} /usr/bin/cmake --install /home/ineogi2/ws/Biorobotics/ros2_ws/build/realsense2_description
[0.545s] -- Install configuration: ""
[0.546s] -- Execute custom install script
[0.546s] -- Symlinking: /home/ineogi2/ws/Biorobotics/ros2_ws/install/realsense2_description/share/realsense2_description/launch/launch_utils.py
[0.552s] -- Symlinking: /home/ineogi2/ws/Biorobotics/ros2_ws/install/realsense2_description/share/realsense2_description/launch/view_model.launch.py
[0.558s] -- Symlinking: /home/ineogi2/ws/Biorobotics/ros2_ws/install/realsense2_description/share/realsense2_description/meshes/d415.stl
[0.564s] -- Symlinking: /home/ineogi2/ws/Biorobotics/ros2_ws/install/realsense2_description/share/realsense2_description/meshes/d435.dae
[0.569s] -- Symlinking: /home/ineogi2/ws/Biorobotics/ros2_ws/install/realsense2_description/share/realsense2_description/meshes/d455.stl
[0.575s] -- Symlinking: /home/ineogi2/ws/Biorobotics/ros2_ws/install/realsense2_description/share/realsense2_description/meshes/l515.dae
[0.580s] -- Symlinking: /home/ineogi2/ws/Biorobotics/ros2_ws/install/realsense2_description/share/realsense2_description/meshes/plug.stl
[0.586s] -- Symlinking: /home/ineogi2/ws/Biorobotics/ros2_ws/install/realsense2_description/share/realsense2_description/meshes/plug_collision.stl
[0.591s] -- Symlinking: /home/ineogi2/ws/Biorobotics/ros2_ws/install/realsense2_description/share/realsense2_description/rviz/urdf.rviz
[0.597s] -- Symlinking: /home/ineogi2/ws/Biorobotics/ros2_ws/install/realsense2_description/share/realsense2_description/urdf/_d415.urdf.xacro
[0.603s] -- Symlinking: /home/ineogi2/ws/Biorobotics/ros2_ws/install/realsense2_description/share/realsense2_description/urdf/_d435.urdf.xacro
[0.608s] -- Symlinking: /home/ineogi2/ws/Biorobotics/ros2_ws/install/realsense2_description/share/realsense2_description/urdf/_d435i.urdf.xacro
[0.614s] -- Symlinking: /home/ineogi2/ws/Biorobotics/ros2_ws/install/realsense2_description/share/realsense2_description/urdf/_d435i_imu_modules.urdf.xacro
[0.619s] -- Symlinking: /home/ineogi2/ws/Biorobotics/ros2_ws/install/realsense2_description/share/realsense2_description/urdf/_d455.urdf.xacro
[0.625s] -- Symlinking: /home/ineogi2/ws/Biorobotics/ros2_ws/install/realsense2_description/share/realsense2_description/urdf/_l515.urdf.xacro
[0.631s] -- Symlinking: /home/ineogi2/ws/Biorobotics/ros2_ws/install/realsense2_description/share/realsense2_description/urdf/_materials.urdf.xacro
[0.636s] -- Symlinking: /home/ineogi2/ws/Biorobotics/ros2_ws/install/realsense2_description/share/realsense2_description/urdf/_r410.urdf.xacro
[0.642s] -- Symlinking: /home/ineogi2/ws/Biorobotics/ros2_ws/install/realsense2_description/share/realsense2_description/urdf/_r430.urdf.xacro
[0.647s] -- Symlinking: /home/ineogi2/ws/Biorobotics/ros2_ws/install/realsense2_description/share/realsense2_description/urdf/_usb_plug.urdf.xacro
[0.653s] -- Symlinking: /home/ineogi2/ws/Biorobotics/ros2_ws/install/realsense2_description/share/realsense2_description/urdf/test_d415_camera.urdf.xacro
[0.659s] -- Symlinking: /home/ineogi2/ws/Biorobotics/ros2_ws/install/realsense2_description/share/realsense2_description/urdf/test_d435_camera.urdf.xacro
[0.664s] -- Symlinking: /home/ineogi2/ws/Biorobotics/ros2_ws/install/realsense2_description/share/realsense2_description/urdf/test_d435_multiple_cameras.urdf.xacro
[0.669s] -- Symlinking: /home/ineogi2/ws/Biorobotics/ros2_ws/install/realsense2_description/share/realsense2_description/urdf/test_d435i_camera.urdf.xacro
[0.675s] -- Symlinking: /home/ineogi2/ws/Biorobotics/ros2_ws/install/realsense2_description/share/realsense2_description/urdf/test_d455_camera.urdf.xacro
[0.681s] -- Symlinking: /home/ineogi2/ws/Biorobotics/ros2_ws/install/realsense2_description/share/realsense2_description/urdf/test_l515_camera.urdf.xacro
[0.687s] -- Symlinking: /home/ineogi2/ws/Biorobotics/ros2_ws/install/realsense2_description/share/realsense2_description/urdf/test_r410_camera.urdf.xacro
[0.692s] -- Symlinking: /home/ineogi2/ws/Biorobotics/ros2_ws/install/realsense2_description/share/realsense2_description/urdf/test_r430_camera.urdf.xacro
[0.699s] -- Symlinking: /home/ineogi2/ws/Biorobotics/ros2_ws/install/realsense2_description/share/ament_index/resource_index/package_run_dependencies/realsense2_description
[0.704s] -- Symlinking: /home/ineogi2/ws/Biorobotics/ros2_ws/install/realsense2_description/share/ament_index/resource_index/parent_prefix_path/realsense2_description
[0.710s] -- Symlinking: /home/ineogi2/ws/Biorobotics/ros2_ws/install/realsense2_description/share/realsense2_description/environment/ament_prefix_path.sh
[0.716s] -- Symlinking: /home/ineogi2/ws/Biorobotics/ros2_ws/install/realsense2_description/share/realsense2_description/environment/ament_prefix_path.dsv
[0.723s] -- Symlinking: /home/ineogi2/ws/Biorobotics/ros2_ws/install/realsense2_description/share/realsense2_description/environment/path.sh
[0.729s] -- Symlinking: /home/ineogi2/ws/Biorobotics/ros2_ws/install/realsense2_description/share/realsense2_description/environment/path.dsv
[0.735s] -- Symlinking: /home/ineogi2/ws/Biorobotics/ros2_ws/install/realsense2_description/share/realsense2_description/local_setup.bash
[0.741s] -- Symlinking: /home/ineogi2/ws/Biorobotics/ros2_ws/install/realsense2_description/share/realsense2_description/local_setup.sh
[0.747s] -- Symlinking: /home/ineogi2/ws/Biorobotics/ros2_ws/install/realsense2_description/share/realsense2_description/local_setup.zsh
[0.752s] -- Symlinking: /home/ineogi2/ws/Biorobotics/ros2_ws/install/realsense2_description/share/realsense2_description/local_setup.dsv
[0.758s] -- Symlinking: /home/ineogi2/ws/Biorobotics/ros2_ws/install/realsense2_description/share/realsense2_description/package.dsv
[0.765s] -- Symlinking: /home/ineogi2/ws/Biorobotics/ros2_ws/install/realsense2_description/share/ament_index/resource_index/packages/realsense2_description
[0.771s] -- Symlinking: /home/ineogi2/ws/Biorobotics/ros2_ws/install/realsense2_description/share/realsense2_description/cmake/realsense2_descriptionConfig.cmake
[0.777s] -- Symlinking: /home/ineogi2/ws/Biorobotics/ros2_ws/install/realsense2_description/share/realsense2_description/cmake/realsense2_descriptionConfig-version.cmake
[0.783s] -- Symlinking: /home/ineogi2/ws/Biorobotics/ros2_ws/install/realsense2_description/share/realsense2_description/package.xml
[0.791s] Invoked command in '/home/ineogi2/ws/Biorobotics/ros2_ws/build/realsense2_description' returned '0': AMENT_PREFIX_PATH=/home/ineogi2/ws/Biorobotics/ros2_ws/install/realsense2_camera_msgs:${AMENT_PREFIX_PATH} CMAKE_PREFIX_PATH=/home/ineogi2/ws/Biorobotics/ros2_ws/install/realsense2_camera_msgs:/opt/ros/foxy LD_LIBRARY_PATH=/home/ineogi2/ws/Biorobotics/ros2_ws/install/realsense2_camera_msgs/lib:${LD_LIBRARY_PATH} PYTHONPATH=/home/ineogi2/ws/Biorobotics/ros2_ws/install/realsense2_camera_msgs/lib/python3.8/site-packages:${PYTHONPATH} /usr/bin/cmake --install /home/ineogi2/ws/Biorobotics/ros2_ws/build/realsense2_description
