[0.017s] Invoking command in '/home/ineogi2/ws/Biorobotics/micro_ros/build/builtin_interfaces': CMAKE_PREFIX_PATH=${CMAKE_PREFIX_PATH}:/home/ineogi2/ws/Biorobotics/micro_ros/install/sensor_msgs_py:/home/ineogi2/ws/Biorobotics/ros2_ws/install/ros_image:/opt/ros/foxy /usr/bin/cmake /home/ineogi2/ws/Biorobotics/micro_ros/src/ros2/rcl_interfaces/builtin_interfaces -DUAGENT_BUILD_EXECUTABLE=OFF -DUAGENT_P2P_PROFILE=OFF --no-warn-unused-cli -DCMAKE_INSTALL_PREFIX=/home/ineogi2/ws/Biorobotics/micro_ros/install/builtin_interfaces
[0.027s] Not searching for unused variables given on the command line.
[0.031s] -- Found ament_cmake: 0.9.9 (/opt/ros/foxy/share/ament_cmake/cmake)
[0.063s] -- Found PythonInterp: /usr/bin/python3 (found suitable version "3.8.10", minimum required is "3") 
[0.063s] -- Using PYTHON_EXECUTABLE: /usr/bin/python3
[0.224s] -- Found rosidl_default_generators: 1.0.1 (/opt/ros/foxy/share/rosidl_default_generators/cmake)
[0.231s] -- Using all available rosidl_typesupport_c: rosidl_typesupport_microxrcedds_c;rosidl_typesupport_fastrtps_c;rosidl_typesupport_introspection_c
[0.234s] -- Found rosidl_adapter: 1.2.1 (/opt/ros/foxy/share/rosidl_adapter/cmake)
[0.351s] -- Using all available rosidl_typesupport_cpp: rosidl_typesupport_microxrcedds_cpp;rosidl_typesupport_fastrtps_cpp;rosidl_typesupport_introspection_cpp
[0.405s] -- Found PythonInterp: /usr/bin/python3 (found version "3.8.10") 
[0.528s] -- Found ament_cmake_ros: 0.9.2 (/opt/ros/foxy/share/ament_cmake_ros/cmake)
[0.615s] -- Using all available rosidl_typesupport_c: rosidl_typesupport_microxrcedds_c;rosidl_typesupport_fastrtps_c;rosidl_typesupport_introspection_c
[0.630s] -- Using all available rosidl_typesupport_cpp: rosidl_typesupport_microxrcedds_cpp;rosidl_typesupport_fastrtps_cpp;rosidl_typesupport_introspection_cpp
[0.662s] -- Found PythonInterp: /usr/bin/python3 (found suitable version "3.8.10", minimum required is "3.5") 
[0.662s] -- Found python_cmake_module: 0.8.1 (/opt/ros/foxy/share/python_cmake_module/cmake)
[0.693s] -- Using PYTHON_EXECUTABLE: /usr/bin/python3
[0.693s] -- Using PYTHON_INCLUDE_DIRS: /usr/include/python3.8
[0.693s] -- Using PYTHON_LIBRARIES: /usr/lib/x86_64-linux-gnu/libpython3.8.so
[0.722s] -- Configuring done
[0.751s] -- Generating done
[0.753s] -- Build files have been written to: /home/ineogi2/ws/Biorobotics/micro_ros/build/builtin_interfaces
[0.759s] Invoked command in '/home/ineogi2/ws/Biorobotics/micro_ros/build/builtin_interfaces' returned '0': CMAKE_PREFIX_PATH=${CMAKE_PREFIX_PATH}:/home/ineogi2/ws/Biorobotics/micro_ros/install/sensor_msgs_py:/home/ineogi2/ws/Biorobotics/ros2_ws/install/ros_image:/opt/ros/foxy /usr/bin/cmake /home/ineogi2/ws/Biorobotics/micro_ros/src/ros2/rcl_interfaces/builtin_interfaces -DUAGENT_BUILD_EXECUTABLE=OFF -DUAGENT_P2P_PROFILE=OFF --no-warn-unused-cli -DCMAKE_INSTALL_PREFIX=/home/ineogi2/ws/Biorobotics/micro_ros/install/builtin_interfaces
[0.762s] Invoking command in '/home/ineogi2/ws/Biorobotics/micro_ros/build/builtin_interfaces': CMAKE_PREFIX_PATH=${CMAKE_PREFIX_PATH}:/home/ineogi2/ws/Biorobotics/micro_ros/install/sensor_msgs_py:/home/ineogi2/ws/Biorobotics/ros2_ws/install/ros_image:/opt/ros/foxy /usr/bin/cmake --build /home/ineogi2/ws/Biorobotics/micro_ros/build/builtin_interfaces -- -j12 -l12
[0.810s] [  6%] Built target builtin_interfaces__cpp
[0.811s] [ 10%] Built target builtin_interfaces__rosidl_generator_c
[0.846s] [ 18%] Built target builtin_interfaces__rosidl_typesupport_introspection_cpp
[0.848s] [ 26%] Built target builtin_interfaces__rosidl_typesupport_cpp
[0.850s] [ 34%] Built target builtin_interfaces__rosidl_typesupport_c
[0.850s] [ 42%] Built target builtin_interfaces__rosidl_typesupport_fastrtps_cpp
[0.854s] [ 59%] Built target builtin_interfaces__rosidl_typesupport_introspection_c
[0.854s] [ 59%] Built target builtin_interfaces__rosidl_typesupport_microxrcedds_c
[0.854s] [ 67%] Built target builtin_interfaces__rosidl_typesupport_microxrcedds_cpp
[0.875s] [ 75%] Built target builtin_interfaces__rosidl_typesupport_fastrtps_c
[0.894s] [ 75%] Built target builtin_interfaces
[0.914s] [ 77%] Built target builtin_interfaces__py
[0.937s] [ 83%] Built target builtin_interfaces__python
[0.963s] [ 95%] Built target builtin_interfaces__rosidl_typesupport_fastrtps_c__pyext
[0.963s] [ 95%] Built target builtin_interfaces__rosidl_typesupport_c__pyext
[0.963s] [ 95%] Built target builtin_interfaces__rosidl_typesupport_microxrcedds_c__pyext
[0.969s] [100%] Built target builtin_interfaces__rosidl_typesupport_introspection_c__pyext
[0.980s] Invoked command in '/home/ineogi2/ws/Biorobotics/micro_ros/build/builtin_interfaces' returned '0': CMAKE_PREFIX_PATH=${CMAKE_PREFIX_PATH}:/home/ineogi2/ws/Biorobotics/micro_ros/install/sensor_msgs_py:/home/ineogi2/ws/Biorobotics/ros2_ws/install/ros_image:/opt/ros/foxy /usr/bin/cmake --build /home/ineogi2/ws/Biorobotics/micro_ros/build/builtin_interfaces -- -j12 -l12
[1.075s] Invoking command in '/home/ineogi2/ws/Biorobotics/micro_ros/build/builtin_interfaces': CMAKE_PREFIX_PATH=${CMAKE_PREFIX_PATH}:/home/ineogi2/ws/Biorobotics/micro_ros/install/sensor_msgs_py:/home/ineogi2/ws/Biorobotics/ros2_ws/install/ros_image:/opt/ros/foxy /usr/bin/cmake --install /home/ineogi2/ws/Biorobotics/micro_ros/build/builtin_interfaces
[1.083s] -- Install configuration: ""
[1.083s] -- Up-to-date: /home/ineogi2/ws/Biorobotics/micro_ros/install/builtin_interfaces/share/ament_index/resource_index/rosidl_interfaces/builtin_interfaces
[1.083s] -- Up-to-date: /home/ineogi2/ws/Biorobotics/micro_ros/install/builtin_interfaces/include/builtin_interfaces
[1.083s] -- Up-to-date: /home/ineogi2/ws/Biorobotics/micro_ros/install/builtin_interfaces/include/builtin_interfaces/msg
[1.083s] -- Up-to-date: /home/ineogi2/ws/Biorobotics/micro_ros/install/builtin_interfaces/include/builtin_interfaces/msg/duration.h
[1.083s] -- Up-to-date: /home/ineogi2/ws/Biorobotics/micro_ros/install/builtin_interfaces/include/builtin_interfaces/msg/time.h
[1.083s] -- Up-to-date: /home/ineogi2/ws/Biorobotics/micro_ros/install/builtin_interfaces/include/builtin_interfaces/msg/rosidl_generator_c__visibility_control.h
[1.083s] -- Up-to-date: /home/ineogi2/ws/Biorobotics/micro_ros/install/builtin_interfaces/include/builtin_interfaces/msg/detail
[1.084s] -- Up-to-date: /home/ineogi2/ws/Biorobotics/micro_ros/install/builtin_interfaces/include/builtin_interfaces/msg/detail/time__type_support.h
[1.084s] -- Up-to-date: /home/ineogi2/ws/Biorobotics/micro_ros/install/builtin_interfaces/include/builtin_interfaces/msg/detail/duration__functions.c
[1.084s] -- Up-to-date: /home/ineogi2/ws/Biorobotics/micro_ros/install/builtin_interfaces/include/builtin_interfaces/msg/detail/time__functions.h
[1.084s] -- Up-to-date: /home/ineogi2/ws/Biorobotics/micro_ros/install/builtin_interfaces/include/builtin_interfaces/msg/detail/duration__type_support.h
[1.084s] -- Up-to-date: /home/ineogi2/ws/Biorobotics/micro_ros/install/builtin_interfaces/include/builtin_interfaces/msg/detail/time__functions.c
[1.084s] -- Up-to-date: /home/ineogi2/ws/Biorobotics/micro_ros/install/builtin_interfaces/include/builtin_interfaces/msg/detail/duration__functions.h
[1.084s] -- Up-to-date: /home/ineogi2/ws/Biorobotics/micro_ros/install/builtin_interfaces/include/builtin_interfaces/msg/detail/time__struct.h
[1.084s] -- Up-to-date: /home/ineogi2/ws/Biorobotics/micro_ros/install/builtin_interfaces/include/builtin_interfaces/msg/detail/duration__struct.h
[1.084s] -- Up-to-date: /home/ineogi2/ws/Biorobotics/micro_ros/install/builtin_interfaces/share/builtin_interfaces/environment/library_path.sh
[1.084s] -- Installing: /home/ineogi2/ws/Biorobotics/micro_ros/install/builtin_interfaces/share/builtin_interfaces/environment/library_path.dsv
[1.084s] -- Up-to-date: /home/ineogi2/ws/Biorobotics/micro_ros/install/builtin_interfaces/lib/libbuiltin_interfaces__rosidl_generator_c.so
[1.084s] -- Up-to-date: /home/ineogi2/ws/Biorobotics/micro_ros/install/builtin_interfaces/include/builtin_interfaces
[1.085s] -- Up-to-date: /home/ineogi2/ws/Biorobotics/micro_ros/install/builtin_interfaces/include/builtin_interfaces/msg
[1.085s] -- Up-to-date: /home/ineogi2/ws/Biorobotics/micro_ros/install/builtin_interfaces/include/builtin_interfaces/msg/detail
[1.085s] -- Up-to-date: /home/ineogi2/ws/Biorobotics/micro_ros/install/builtin_interfaces/include/builtin_interfaces/msg/detail/duration__rosidl_typesupport_microxrcedds_c.h
[1.085s] -- Up-to-date: /home/ineogi2/ws/Biorobotics/micro_ros/install/builtin_interfaces/include/builtin_interfaces/msg/detail/microxrcedds
[1.085s] -- Up-to-date: /home/ineogi2/ws/Biorobotics/micro_ros/install/builtin_interfaces/include/builtin_interfaces/msg/detail/time__rosidl_typesupport_microxrcedds_c.h
[1.085s] -- Up-to-date: /home/ineogi2/ws/Biorobotics/micro_ros/install/builtin_interfaces/include/builtin_interfaces/msg/rosidl_typesupport_microxrcedds_c__visibility_control.h
[1.085s] -- Up-to-date: /home/ineogi2/ws/Biorobotics/micro_ros/install/builtin_interfaces/lib/libbuiltin_interfaces__rosidl_typesupport_microxrcedds_c.so
[1.085s] -- Up-to-date: /home/ineogi2/ws/Biorobotics/micro_ros/install/builtin_interfaces/include/builtin_interfaces
[1.085s] -- Up-to-date: /home/ineogi2/ws/Biorobotics/micro_ros/install/builtin_interfaces/include/builtin_interfaces/msg
[1.085s] -- Up-to-date: /home/ineogi2/ws/Biorobotics/micro_ros/install/builtin_interfaces/include/builtin_interfaces/msg/rosidl_typesupport_fastrtps_c__visibility_control.h
[1.085s] -- Up-to-date: /home/ineogi2/ws/Biorobotics/micro_ros/install/builtin_interfaces/include/builtin_interfaces/msg/detail
[1.086s] -- Up-to-date: /home/ineogi2/ws/Biorobotics/micro_ros/install/builtin_interfaces/include/builtin_interfaces/msg/detail/time__rosidl_typesupport_fastrtps_c.h
[1.086s] -- Up-to-date: /home/ineogi2/ws/Biorobotics/micro_ros/install/builtin_interfaces/include/builtin_interfaces/msg/detail/duration__rosidl_typesupport_fastrtps_c.h
[1.086s] -- Up-to-date: /home/ineogi2/ws/Biorobotics/micro_ros/install/builtin_interfaces/lib/libbuiltin_interfaces__rosidl_typesupport_fastrtps_c.so
[1.086s] -- Up-to-date: /home/ineogi2/ws/Biorobotics/micro_ros/install/builtin_interfaces/include/builtin_interfaces
[1.086s] -- Up-to-date: /home/ineogi2/ws/Biorobotics/micro_ros/install/builtin_interfaces/include/builtin_interfaces/msg
[1.086s] -- Up-to-date: /home/ineogi2/ws/Biorobotics/micro_ros/install/builtin_interfaces/include/builtin_interfaces/msg/rosidl_typesupport_fastrtps_cpp__visibility_control.h
[1.086s] -- Up-to-date: /home/ineogi2/ws/Biorobotics/micro_ros/install/builtin_interfaces/include/builtin_interfaces/msg/detail
[1.087s] -- Up-to-date: /home/ineogi2/ws/Biorobotics/micro_ros/install/builtin_interfaces/include/builtin_interfaces/msg/detail/duration__rosidl_typesupport_fastrtps_cpp.hpp
[1.088s] -- Up-to-date: /home/ineogi2/ws/Biorobotics/micro_ros/install/builtin_interfaces/include/builtin_interfaces/msg/detail/dds_fastrtps
[1.088s] -- Up-to-date: /home/ineogi2/ws/Biorobotics/micro_ros/install/builtin_interfaces/include/builtin_interfaces/msg/detail/time__rosidl_typesupport_fastrtps_cpp.hpp
[1.089s] -- Up-to-date: /home/ineogi2/ws/Biorobotics/micro_ros/install/builtin_interfaces/lib/libbuiltin_interfaces__rosidl_typesupport_fastrtps_cpp.so
[1.089s] -- Up-to-date: /home/ineogi2/ws/Biorobotics/micro_ros/install/builtin_interfaces/include/builtin_interfaces
[1.089s] -- Up-to-date: /home/ineogi2/ws/Biorobotics/micro_ros/install/builtin_interfaces/include/builtin_interfaces/msg
[1.089s] -- Up-to-date: /home/ineogi2/ws/Biorobotics/micro_ros/install/builtin_interfaces/include/builtin_interfaces/msg/detail
[1.089s] -- Up-to-date: /home/ineogi2/ws/Biorobotics/micro_ros/install/builtin_interfaces/include/builtin_interfaces/msg/detail/time__type_support.c
[1.089s] -- Up-to-date: /home/ineogi2/ws/Biorobotics/micro_ros/install/builtin_interfaces/include/builtin_interfaces/msg/detail/duration__type_support.c
[1.089s] -- Up-to-date: /home/ineogi2/ws/Biorobotics/micro_ros/install/builtin_interfaces/include/builtin_interfaces/msg/detail/duration__rosidl_typesupport_introspection_c.h
[1.090s] -- Up-to-date: /home/ineogi2/ws/Biorobotics/micro_ros/install/builtin_interfaces/include/builtin_interfaces/msg/detail/time__rosidl_typesupport_introspection_c.h
[1.090s] -- Up-to-date: /home/ineogi2/ws/Biorobotics/micro_ros/install/builtin_interfaces/include/builtin_interfaces/msg/rosidl_typesupport_introspection_c__visibility_control.h
[1.090s] -- Up-to-date: /home/ineogi2/ws/Biorobotics/micro_ros/install/builtin_interfaces/lib/libbuiltin_interfaces__rosidl_typesupport_introspection_c.so
[1.090s] -- Up-to-date: /home/ineogi2/ws/Biorobotics/micro_ros/install/builtin_interfaces/lib/libbuiltin_interfaces__rosidl_typesupport_c.so
[1.090s] -- Up-to-date: /home/ineogi2/ws/Biorobotics/micro_ros/install/builtin_interfaces/include/builtin_interfaces
[1.090s] -- Up-to-date: /home/ineogi2/ws/Biorobotics/micro_ros/install/builtin_interfaces/include/builtin_interfaces/msg
[1.090s] -- Up-to-date: /home/ineogi2/ws/Biorobotics/micro_ros/install/builtin_interfaces/include/builtin_interfaces/msg/duration.hpp
[1.090s] -- Up-to-date: /home/ineogi2/ws/Biorobotics/micro_ros/install/builtin_interfaces/include/builtin_interfaces/msg/detail
[1.090s] -- Up-to-date: /home/ineogi2/ws/Biorobotics/micro_ros/install/builtin_interfaces/include/builtin_interfaces/msg/detail/duration__struct.hpp
[1.090s] -- Up-to-date: /home/ineogi2/ws/Biorobotics/micro_ros/install/builtin_interfaces/include/builtin_interfaces/msg/detail/time__builder.hpp
[1.090s] -- Up-to-date: /home/ineogi2/ws/Biorobotics/micro_ros/install/builtin_interfaces/include/builtin_interfaces/msg/detail/duration__builder.hpp
[1.090s] -- Up-to-date: /home/ineogi2/ws/Biorobotics/micro_ros/install/builtin_interfaces/include/builtin_interfaces/msg/detail/time__traits.hpp
[1.090s] -- Up-to-date: /home/ineogi2/ws/Biorobotics/micro_ros/install/builtin_interfaces/include/builtin_interfaces/msg/detail/time__struct.hpp
[1.090s] -- Up-to-date: /home/ineogi2/ws/Biorobotics/micro_ros/install/builtin_interfaces/include/builtin_interfaces/msg/detail/duration__traits.hpp
[1.090s] -- Up-to-date: /home/ineogi2/ws/Biorobotics/micro_ros/install/builtin_interfaces/include/builtin_interfaces/msg/time.hpp
[1.090s] -- Up-to-date: /home/ineogi2/ws/Biorobotics/micro_ros/install/builtin_interfaces/include/builtin_interfaces
[1.090s] -- Up-to-date: /home/ineogi2/ws/Biorobotics/micro_ros/install/builtin_interfaces/include/builtin_interfaces/msg
[1.090s] -- Up-to-date: /home/ineogi2/ws/Biorobotics/micro_ros/install/builtin_interfaces/include/builtin_interfaces/msg/rosidl_typesupport_microxrcedds_cpp__visibility_control.h
[1.091s] -- Up-to-date: /home/ineogi2/ws/Biorobotics/micro_ros/install/builtin_interfaces/include/builtin_interfaces/msg/detail
[1.091s] -- Up-to-date: /home/ineogi2/ws/Biorobotics/micro_ros/install/builtin_interfaces/include/builtin_interfaces/msg/detail/time__rosidl_typesupport_microxrcedds_cpp.hpp
[1.091s] -- Up-to-date: /home/ineogi2/ws/Biorobotics/micro_ros/install/builtin_interfaces/include/builtin_interfaces/msg/detail/duration__rosidl_typesupport_microxrcedds_cpp.hpp
[1.091s] -- Up-to-date: /home/ineogi2/ws/Biorobotics/micro_ros/install/builtin_interfaces/include/builtin_interfaces/msg/detail/microxrcedds
[1.091s] -- Up-to-date: /home/ineogi2/ws/Biorobotics/micro_ros/install/builtin_interfaces/include/builtin_interfaces/msg/detail/microxrcedds/time__type_support_cpp.cpp
[1.091s] -- Up-to-date: /home/ineogi2/ws/Biorobotics/micro_ros/install/builtin_interfaces/include/builtin_interfaces/msg/detail/microxrcedds/duration__type_support_cpp.cpp
[1.091s] -- Up-to-date: /home/ineogi2/ws/Biorobotics/micro_ros/install/builtin_interfaces/lib/libbuiltin_interfaces__rosidl_typesupport_microxrcedds_cpp.so
[1.091s] -- Up-to-date: /home/ineogi2/ws/Biorobotics/micro_ros/install/builtin_interfaces/include/builtin_interfaces
[1.091s] -- Up-to-date: /home/ineogi2/ws/Biorobotics/micro_ros/install/builtin_interfaces/include/builtin_interfaces/msg
[1.091s] -- Up-to-date: /home/ineogi2/ws/Biorobotics/micro_ros/install/builtin_interfaces/include/builtin_interfaces/msg/detail
[1.091s] -- Up-to-date: /home/ineogi2/ws/Biorobotics/micro_ros/install/builtin_interfaces/include/builtin_interfaces/msg/detail/duration__rosidl_typesupport_introspection_cpp.hpp
[1.091s] -- Up-to-date: /home/ineogi2/ws/Biorobotics/micro_ros/install/builtin_interfaces/include/builtin_interfaces/msg/detail/time__rosidl_typesupport_introspection_cpp.hpp
[1.091s] -- Up-to-date: /home/ineogi2/ws/Biorobotics/micro_ros/install/builtin_interfaces/include/builtin_interfaces/msg/detail/duration__type_support.cpp
[1.091s] -- Up-to-date: /home/ineogi2/ws/Biorobotics/micro_ros/install/builtin_interfaces/include/builtin_interfaces/msg/detail/time__type_support.cpp
[1.091s] -- Up-to-date: /home/ineogi2/ws/Biorobotics/micro_ros/install/builtin_interfaces/lib/libbuiltin_interfaces__rosidl_typesupport_introspection_cpp.so
[1.092s] -- Up-to-date: /home/ineogi2/ws/Biorobotics/micro_ros/install/builtin_interfaces/lib/libbuiltin_interfaces__rosidl_typesupport_cpp.so
[1.092s] -- Up-to-date: /home/ineogi2/ws/Biorobotics/micro_ros/install/builtin_interfaces/share/builtin_interfaces/environment/pythonpath.sh
[1.092s] -- Installing: /home/ineogi2/ws/Biorobotics/micro_ros/install/builtin_interfaces/share/builtin_interfaces/environment/pythonpath.dsv
[1.092s] -- Installing: /home/ineogi2/ws/Biorobotics/micro_ros/install/builtin_interfaces/lib/python3.8/site-packages/builtin_interfaces/__init__.py
[1.126s] Compiling '/home/ineogi2/ws/Biorobotics/micro_ros/install/builtin_interfaces/lib/python3.8/site-packages/builtin_interfaces/__init__.py'...
[1.130s] -- Up-to-date: /home/ineogi2/ws/Biorobotics/micro_ros/install/builtin_interfaces/lib/python3.8/site-packages/builtin_interfaces/msg
[1.130s] -- Up-to-date: /home/ineogi2/ws/Biorobotics/micro_ros/install/builtin_interfaces/lib/python3.8/site-packages/builtin_interfaces/msg/_time.py
[1.130s] -- Up-to-date: /home/ineogi2/ws/Biorobotics/micro_ros/install/builtin_interfaces/lib/python3.8/site-packages/builtin_interfaces/msg/__init__.py
[1.130s] -- Up-to-date: /home/ineogi2/ws/Biorobotics/micro_ros/install/builtin_interfaces/lib/python3.8/site-packages/builtin_interfaces/msg/_duration_s.c
[1.130s] -- Up-to-date: /home/ineogi2/ws/Biorobotics/micro_ros/install/builtin_interfaces/lib/python3.8/site-packages/builtin_interfaces/msg/_duration.py
[1.130s] -- Up-to-date: /home/ineogi2/ws/Biorobotics/micro_ros/install/builtin_interfaces/lib/python3.8/site-packages/builtin_interfaces/msg/_time_s.c
[1.130s] -- Up-to-date: /home/ineogi2/ws/Biorobotics/micro_ros/install/builtin_interfaces/lib/python3.8/site-packages/builtin_interfaces/builtin_interfaces_s__rosidl_typesupport_microxrcedds_c.cpython-38-x86_64-linux-gnu.so
[1.131s] -- Up-to-date: /home/ineogi2/ws/Biorobotics/micro_ros/install/builtin_interfaces/lib/python3.8/site-packages/builtin_interfaces/builtin_interfaces_s__rosidl_typesupport_fastrtps_c.cpython-38-x86_64-linux-gnu.so
[1.131s] -- Up-to-date: /home/ineogi2/ws/Biorobotics/micro_ros/install/builtin_interfaces/lib/python3.8/site-packages/builtin_interfaces/builtin_interfaces_s__rosidl_typesupport_introspection_c.cpython-38-x86_64-linux-gnu.so
[1.132s] -- Up-to-date: /home/ineogi2/ws/Biorobotics/micro_ros/install/builtin_interfaces/lib/python3.8/site-packages/builtin_interfaces/builtin_interfaces_s__rosidl_typesupport_c.cpython-38-x86_64-linux-gnu.so
[1.132s] -- Up-to-date: /home/ineogi2/ws/Biorobotics/micro_ros/install/builtin_interfaces/lib/libbuiltin_interfaces__python.so
[1.133s] -- Up-to-date: /home/ineogi2/ws/Biorobotics/micro_ros/install/builtin_interfaces/share/builtin_interfaces/msg/Duration.idl
[1.133s] -- Up-to-date: /home/ineogi2/ws/Biorobotics/micro_ros/install/builtin_interfaces/share/builtin_interfaces/msg/Time.idl
[1.133s] -- Up-to-date: /home/ineogi2/ws/Biorobotics/micro_ros/install/builtin_interfaces/share/builtin_interfaces/msg/Duration.msg
[1.133s] -- Up-to-date: /home/ineogi2/ws/Biorobotics/micro_ros/install/builtin_interfaces/share/builtin_interfaces/msg/Time.msg
[1.133s] -- Up-to-date: /home/ineogi2/ws/Biorobotics/micro_ros/install/builtin_interfaces/share/ament_index/resource_index/package_run_dependencies/builtin_interfaces
[1.133s] -- Installing: /home/ineogi2/ws/Biorobotics/micro_ros/install/builtin_interfaces/share/ament_index/resource_index/parent_prefix_path/builtin_interfaces
[1.133s] -- Up-to-date: /home/ineogi2/ws/Biorobotics/micro_ros/install/builtin_interfaces/share/builtin_interfaces/environment/ament_prefix_path.sh
[1.133s] -- Installing: /home/ineogi2/ws/Biorobotics/micro_ros/install/builtin_interfaces/share/builtin_interfaces/environment/ament_prefix_path.dsv
[1.133s] -- Up-to-date: /home/ineogi2/ws/Biorobotics/micro_ros/install/builtin_interfaces/share/builtin_interfaces/environment/path.sh
[1.133s] -- Installing: /home/ineogi2/ws/Biorobotics/micro_ros/install/builtin_interfaces/share/builtin_interfaces/environment/path.dsv
[1.134s] -- Up-to-date: /home/ineogi2/ws/Biorobotics/micro_ros/install/builtin_interfaces/share/builtin_interfaces/local_setup.bash
[1.134s] -- Up-to-date: /home/ineogi2/ws/Biorobotics/micro_ros/install/builtin_interfaces/share/builtin_interfaces/local_setup.sh
[1.134s] -- Up-to-date: /home/ineogi2/ws/Biorobotics/micro_ros/install/builtin_interfaces/share/builtin_interfaces/local_setup.zsh
[1.134s] -- Installing: /home/ineogi2/ws/Biorobotics/micro_ros/install/builtin_interfaces/share/builtin_interfaces/local_setup.dsv
[1.134s] -- Installing: /home/ineogi2/ws/Biorobotics/micro_ros/install/builtin_interfaces/share/builtin_interfaces/package.dsv
[1.134s] -- Up-to-date: /home/ineogi2/ws/Biorobotics/micro_ros/install/builtin_interfaces/share/ament_index/resource_index/packages/builtin_interfaces
[1.134s] -- Up-to-date: /home/ineogi2/ws/Biorobotics/micro_ros/install/builtin_interfaces/share/builtin_interfaces/cmake/builtin_interfaces__rosidl_generator_cExport.cmake
[1.134s] -- Installing: /home/ineogi2/ws/Biorobotics/micro_ros/install/builtin_interfaces/share/builtin_interfaces/cmake/builtin_interfaces__rosidl_generator_cExport-noconfig.cmake
[1.134s] -- Up-to-date: /home/ineogi2/ws/Biorobotics/micro_ros/install/builtin_interfaces/share/builtin_interfaces/cmake/builtin_interfaces__rosidl_typesupport_introspection_cExport.cmake
[1.135s] -- Installing: /home/ineogi2/ws/Biorobotics/micro_ros/install/builtin_interfaces/share/builtin_interfaces/cmake/builtin_interfaces__rosidl_typesupport_introspection_cExport-noconfig.cmake
[1.135s] -- Up-to-date: /home/ineogi2/ws/Biorobotics/micro_ros/install/builtin_interfaces/share/builtin_interfaces/cmake/builtin_interfaces__rosidl_typesupport_cExport.cmake
[1.135s] -- Installing: /home/ineogi2/ws/Biorobotics/micro_ros/install/builtin_interfaces/share/builtin_interfaces/cmake/builtin_interfaces__rosidl_typesupport_cExport-noconfig.cmake
[1.135s] -- Up-to-date: /home/ineogi2/ws/Biorobotics/micro_ros/install/builtin_interfaces/share/builtin_interfaces/cmake/builtin_interfaces__rosidl_generator_cppExport.cmake
[1.135s] -- Up-to-date: /home/ineogi2/ws/Biorobotics/micro_ros/install/builtin_interfaces/share/builtin_interfaces/cmake/builtin_interfaces__rosidl_typesupport_introspection_cppExport.cmake
[1.135s] -- Installing: /home/ineogi2/ws/Biorobotics/micro_ros/install/builtin_interfaces/share/builtin_interfaces/cmake/builtin_interfaces__rosidl_typesupport_introspection_cppExport-noconfig.cmake
[1.136s] -- Up-to-date: /home/ineogi2/ws/Biorobotics/micro_ros/install/builtin_interfaces/share/builtin_interfaces/cmake/builtin_interfaces__rosidl_typesupport_cppExport.cmake
[1.136s] -- Installing: /home/ineogi2/ws/Biorobotics/micro_ros/install/builtin_interfaces/share/builtin_interfaces/cmake/builtin_interfaces__rosidl_typesupport_cppExport-noconfig.cmake
[1.136s] -- Up-to-date: /home/ineogi2/ws/Biorobotics/micro_ros/install/builtin_interfaces/share/builtin_interfaces/cmake/rosidl_cmake-extras.cmake
[1.136s] -- Up-to-date: /home/ineogi2/ws/Biorobotics/micro_ros/install/builtin_interfaces/share/builtin_interfaces/cmake/ament_cmake_export_dependencies-extras.cmake
[1.136s] -- Up-to-date: /home/ineogi2/ws/Biorobotics/micro_ros/install/builtin_interfaces/share/builtin_interfaces/cmake/ament_cmake_export_libraries-extras.cmake
[1.136s] -- Up-to-date: /home/ineogi2/ws/Biorobotics/micro_ros/install/builtin_interfaces/share/builtin_interfaces/cmake/ament_cmake_export_targets-extras.cmake
[1.136s] -- Up-to-date: /home/ineogi2/ws/Biorobotics/micro_ros/install/builtin_interfaces/share/builtin_interfaces/cmake/ament_cmake_export_include_directories-extras.cmake
[1.136s] -- Up-to-date: /home/ineogi2/ws/Biorobotics/micro_ros/install/builtin_interfaces/share/builtin_interfaces/cmake/rosidl_cmake_export_typesupport_libraries-extras.cmake
[1.136s] -- Up-to-date: /home/ineogi2/ws/Biorobotics/micro_ros/install/builtin_interfaces/share/builtin_interfaces/cmake/rosidl_cmake_export_typesupport_targets-extras.cmake
[1.136s] -- Up-to-date: /home/ineogi2/ws/Biorobotics/micro_ros/install/builtin_interfaces/share/builtin_interfaces/cmake/builtin_interfacesConfig.cmake
[1.136s] -- Up-to-date: /home/ineogi2/ws/Biorobotics/micro_ros/install/builtin_interfaces/share/builtin_interfaces/cmake/builtin_interfacesConfig-version.cmake
[1.136s] -- Up-to-date: /home/ineogi2/ws/Biorobotics/micro_ros/install/builtin_interfaces/share/builtin_interfaces/package.xml
[1.138s] Invoked command in '/home/ineogi2/ws/Biorobotics/micro_ros/build/builtin_interfaces' returned '0': CMAKE_PREFIX_PATH=${CMAKE_PREFIX_PATH}:/home/ineogi2/ws/Biorobotics/micro_ros/install/sensor_msgs_py:/home/ineogi2/ws/Biorobotics/ros2_ws/install/ros_image:/opt/ros/foxy /usr/bin/cmake --install /home/ineogi2/ws/Biorobotics/micro_ros/build/builtin_interfaces
