[0.035s] Invoking command in '/home/ineogi2/ws/Biorobotics/micro_ros/build/actionlib_msgs': AMENT_PREFIX_PATH=/home/ineogi2/ws/Biorobotics/micro_ros/install/std_msgs:/home/ineogi2/ws/Biorobotics/micro_ros/install/builtin_interfaces:${AMENT_PREFIX_PATH} CMAKE_PREFIX_PATH=/home/ineogi2/ws/Biorobotics/micro_ros/install/std_msgs:/home/ineogi2/ws/Biorobotics/micro_ros/install/builtin_interfaces:/home/ineogi2/ws/Biorobotics/micro_ros/install/rosidl_typesupport_microxrcedds_cpp:/home/ineogi2/ws/Biorobotics/micro_ros/install/rosidl_typesupport_microxrcedds_c:/home/ineogi2/ws/Biorobotics/micro_ros/install/microcdr:/home/ineogi2/ws/Biorobotics/micro_ros/install/micro_ros_setup:/home/ineogi2/ws/Biorobotics/ros2_ws/install/realsense2_description:/home/ineogi2/ws/Biorobotics/ros2_ws/install/realsense2_camera:/home/ineogi2/ws/Biorobotics/ros2_ws/install/realsense2_camera_msgs:/home/ineogi2/ws/Biorobotics/ros2_ws/install/ros_image:/opt/ros/foxy LD_LIBRARY_PATH=/home/ineogi2/ws/Biorobotics/micro_ros/install/std_msgs/lib:/home/ineogi2/ws/Biorobotics/micro_ros/install/builtin_interfaces/lib:${LD_LIBRARY_PATH} PYTHONPATH=/home/ineogi2/ws/Biorobotics/micro_ros/install/std_msgs/lib/python3.8/site-packages:/home/ineogi2/ws/Biorobotics/micro_ros/install/builtin_interfaces/lib/python3.8/site-packages:${PYTHONPATH} /usr/bin/cmake /home/ineogi2/ws/Biorobotics/micro_ros/src/ros2/common_interfaces/actionlib_msgs -DBUILD_TESTING=OFF -DBUILD_SHARED_LIBS=ON -DCMAKE_INSTALL_PREFIX=/home/ineogi2/ws/Biorobotics/micro_ros/install/actionlib_msgs
[0.105s] -- The C compiler identification is GNU 9.4.0
[0.163s] -- The CXX compiler identification is GNU 9.4.0
[0.169s] -- Check for working C compiler: /usr/bin/cc
[0.251s] -- Check for working C compiler: /usr/bin/cc -- works
[0.252s] -- Detecting C compiler ABI info
[0.341s] -- Detecting C compiler ABI info - done
[0.356s] -- Detecting C compile features
[0.356s] -- Detecting C compile features - done
[0.359s] -- Check for working CXX compiler: /usr/bin/c++
[0.471s] -- Check for working CXX compiler: /usr/bin/c++ -- works
[0.472s] -- Detecting CXX compiler ABI info
[0.602s] -- Detecting CXX compiler ABI info - done
[0.618s] -- Detecting CXX compile features
[0.618s] -- Detecting CXX compile features - done
[0.622s] -- Found ament_cmake: 0.9.9 (/opt/ros/foxy/share/ament_cmake/cmake)
[0.665s] -- Found PythonInterp: /usr/bin/python3 (found suitable version "3.8.10", minimum required is "3") 
[0.666s] -- Using PYTHON_EXECUTABLE: /usr/bin/python3
[0.953s] -- Found builtin_interfaces: 1.0.0 (/home/ineogi2/ws/Biorobotics/micro_ros/install/builtin_interfaces/share/builtin_interfaces/cmake)
[0.993s] -- Using all available rosidl_typesupport_c: rosidl_typesupport_microxrcedds_c;rosidl_typesupport_fastrtps_c;rosidl_typesupport_introspection_c
[1.005s] -- Found rosidl_adapter: 1.2.1 (/opt/ros/foxy/share/rosidl_adapter/cmake)
[1.142s] -- Found OpenSSL: /usr/lib/x86_64-linux-gnu/libcrypto.so (found version "1.1.1f")  
[1.185s] -- Found FastRTPS: /opt/ros/foxy/include  
[1.283s] -- Using all available rosidl_typesupport_cpp: rosidl_typesupport_microxrcedds_cpp;rosidl_typesupport_fastrtps_cpp;rosidl_typesupport_introspection_cpp
[1.334s] -- Found rosidl_default_generators: 1.0.1 (/opt/ros/foxy/share/rosidl_default_generators/cmake)
[1.351s] -- Found std_msgs: 2.0.5 (/home/ineogi2/ws/Biorobotics/micro_ros/install/std_msgs/share/std_msgs/cmake)
[1.416s] -- Found PythonInterp: /usr/bin/python3 (found version "3.8.10") 
[1.698s] -- Found ament_cmake_ros: 0.9.2 (/opt/ros/foxy/share/ament_cmake_ros/cmake)
[1.984s] -- Using all available rosidl_typesupport_c: rosidl_typesupport_microxrcedds_c;rosidl_typesupport_fastrtps_c;rosidl_typesupport_introspection_c
[2.080s] -- Using all available rosidl_typesupport_cpp: rosidl_typesupport_microxrcedds_cpp;rosidl_typesupport_fastrtps_cpp;rosidl_typesupport_introspection_cpp
[2.112s] -- Found PythonInterp: /usr/bin/python3 (found suitable version "3.8.10", minimum required is "3.5") 
[2.114s] -- Found python_cmake_module: 0.8.1 (/opt/ros/foxy/share/python_cmake_module/cmake)
[2.151s] -- Found PythonLibs: /usr/lib/x86_64-linux-gnu/libpython3.8.so (found suitable version "3.8.10", minimum required is "3.5") 
[2.151s] -- Using PYTHON_EXECUTABLE: /usr/bin/python3
[2.151s] -- Using PYTHON_INCLUDE_DIRS: /usr/include/python3.8
[2.151s] -- Using PYTHON_LIBRARIES: /usr/lib/x86_64-linux-gnu/libpython3.8.so
[2.181s] -- Found PythonExtra: .so  
[2.281s] -- Configuring done
[2.367s] -- Generating done
[2.372s] -- Build files have been written to: /home/ineogi2/ws/Biorobotics/micro_ros/build/actionlib_msgs
[2.384s] Invoked command in '/home/ineogi2/ws/Biorobotics/micro_ros/build/actionlib_msgs' returned '0': AMENT_PREFIX_PATH=/home/ineogi2/ws/Biorobotics/micro_ros/install/std_msgs:/home/ineogi2/ws/Biorobotics/micro_ros/install/builtin_interfaces:${AMENT_PREFIX_PATH} CMAKE_PREFIX_PATH=/home/ineogi2/ws/Biorobotics/micro_ros/install/std_msgs:/home/ineogi2/ws/Biorobotics/micro_ros/install/builtin_interfaces:/home/ineogi2/ws/Biorobotics/micro_ros/install/rosidl_typesupport_microxrcedds_cpp:/home/ineogi2/ws/Biorobotics/micro_ros/install/rosidl_typesupport_microxrcedds_c:/home/ineogi2/ws/Biorobotics/micro_ros/install/microcdr:/home/ineogi2/ws/Biorobotics/micro_ros/install/micro_ros_setup:/home/ineogi2/ws/Biorobotics/ros2_ws/install/realsense2_description:/home/ineogi2/ws/Biorobotics/ros2_ws/install/realsense2_camera:/home/ineogi2/ws/Biorobotics/ros2_ws/install/realsense2_camera_msgs:/home/ineogi2/ws/Biorobotics/ros2_ws/install/ros_image:/opt/ros/foxy LD_LIBRARY_PATH=/home/ineogi2/ws/Biorobotics/micro_ros/install/std_msgs/lib:/home/ineogi2/ws/Biorobotics/micro_ros/install/builtin_interfaces/lib:${LD_LIBRARY_PATH} PYTHONPATH=/home/ineogi2/ws/Biorobotics/micro_ros/install/std_msgs/lib/python3.8/site-packages:/home/ineogi2/ws/Biorobotics/micro_ros/install/builtin_interfaces/lib/python3.8/site-packages:${PYTHONPATH} /usr/bin/cmake /home/ineogi2/ws/Biorobotics/micro_ros/src/ros2/common_interfaces/actionlib_msgs -DBUILD_TESTING=OFF -DBUILD_SHARED_LIBS=ON -DCMAKE_INSTALL_PREFIX=/home/ineogi2/ws/Biorobotics/micro_ros/install/actionlib_msgs
[2.385s] Invoking command in '/home/ineogi2/ws/Biorobotics/micro_ros/build/actionlib_msgs': AMENT_PREFIX_PATH=/home/ineogi2/ws/Biorobotics/micro_ros/install/std_msgs:/home/ineogi2/ws/Biorobotics/micro_ros/install/builtin_interfaces:${AMENT_PREFIX_PATH} CMAKE_PREFIX_PATH=/home/ineogi2/ws/Biorobotics/micro_ros/install/std_msgs:/home/ineogi2/ws/Biorobotics/micro_ros/install/builtin_interfaces:/home/ineogi2/ws/Biorobotics/micro_ros/install/rosidl_typesupport_microxrcedds_cpp:/home/ineogi2/ws/Biorobotics/micro_ros/install/rosidl_typesupport_microxrcedds_c:/home/ineogi2/ws/Biorobotics/micro_ros/install/microcdr:/home/ineogi2/ws/Biorobotics/micro_ros/install/micro_ros_setup:/home/ineogi2/ws/Biorobotics/ros2_ws/install/realsense2_description:/home/ineogi2/ws/Biorobotics/ros2_ws/install/realsense2_camera:/home/ineogi2/ws/Biorobotics/ros2_ws/install/realsense2_camera_msgs:/home/ineogi2/ws/Biorobotics/ros2_ws/install/ros_image:/opt/ros/foxy LD_LIBRARY_PATH=/home/ineogi2/ws/Biorobotics/micro_ros/install/std_msgs/lib:/home/ineogi2/ws/Biorobotics/micro_ros/install/builtin_interfaces/lib:${LD_LIBRARY_PATH} PYTHONPATH=/home/ineogi2/ws/Biorobotics/micro_ros/install/std_msgs/lib/python3.8/site-packages:/home/ineogi2/ws/Biorobotics/micro_ros/install/builtin_interfaces/lib/python3.8/site-packages:${PYTHONPATH} /usr/bin/cmake --build /home/ineogi2/ws/Biorobotics/micro_ros/build/actionlib_msgs -- -j12 -l12
[2.443s] [35m[1mScanning dependencies of target actionlib_msgs__cpp[0m
[2.456s] [  1%] [34m[1mGenerating C++ code for ROS interfaces[0m
[2.919s] [  1%] Built target actionlib_msgs__cpp
[2.931s] [  3%] [34m[1mGenerating C code for ROS interfaces[0m
[3.413s] [35m[1mScanning dependencies of target actionlib_msgs__rosidl_generator_c[0m
[3.429s] [  5%] [32mBuilding C object CMakeFiles/actionlib_msgs__rosidl_generator_c.dir/rosidl_generator_c/actionlib_msgs/msg/detail/goal_id__functions.c.o[0m
[3.478s] [  6%] [32mBuilding C object CMakeFiles/actionlib_msgs__rosidl_generator_c.dir/rosidl_generator_c/actionlib_msgs/msg/detail/goal_status_array__functions.c.o[0m
[3.516s] [  8%] [32mBuilding C object CMakeFiles/actionlib_msgs__rosidl_generator_c.dir/rosidl_generator_c/actionlib_msgs/msg/detail/goal_status__functions.c.o[0m
[3.551s] [ 10%] [32m[1mLinking C shared library libactionlib_msgs__rosidl_generator_c.so[0m
[3.590s] [ 10%] Built target actionlib_msgs__rosidl_generator_c
[3.605s] [ 11%] [34m[1mGenerating C++ type support for eProsima Micro XRCE-DDS[0m
[4.180s] [35m[1mScanning dependencies of target actionlib_msgs__rosidl_typesupport_microxrcedds_cpp[0m
[4.197s] [ 13%] [32mBuilding CXX object CMakeFiles/actionlib_msgs__rosidl_typesupport_microxrcedds_cpp.dir/rosidl_typesupport_microxrcedds_cpp/actionlib_msgs/msg/detail/microxrcedds/goal_id__type_support_cpp.cpp.o[0m
[4.616s] [ 15%] [32mBuilding CXX object CMakeFiles/actionlib_msgs__rosidl_typesupport_microxrcedds_cpp.dir/rosidl_typesupport_microxrcedds_cpp/actionlib_msgs/msg/detail/microxrcedds/goal_status_array__type_support_cpp.cpp.o[0m
[5.101s] [ 16%] [32mBuilding CXX object CMakeFiles/actionlib_msgs__rosidl_typesupport_microxrcedds_cpp.dir/rosidl_typesupport_microxrcedds_cpp/actionlib_msgs/msg/detail/microxrcedds/goal_status__type_support_cpp.cpp.o[0m
[5.388s] [ 18%] [32m[1mLinking CXX shared library libactionlib_msgs__rosidl_typesupport_microxrcedds_cpp.so[0m
[5.463s] [ 18%] Built target actionlib_msgs__rosidl_typesupport_microxrcedds_cpp
[5.472s] [ 20%] [34m[1mGenerating C introspection for ROS interfaces[0m
[5.784s] [35m[1mScanning dependencies of target actionlib_msgs__rosidl_typesupport_introspection_c[0m
[5.798s] [ 22%] [32mBuilding C object CMakeFiles/actionlib_msgs__rosidl_typesupport_introspection_c.dir/rosidl_typesupport_introspection_c/actionlib_msgs/msg/detail/goal_status_array__type_support.c.o[0m
[5.800s] [ 25%] [32mBuilding C object CMakeFiles/actionlib_msgs__rosidl_typesupport_introspection_c.dir/rosidl_typesupport_introspection_c/actionlib_msgs/msg/detail/goal_status__type_support.c.o[0m
[5.800s] [ 25%] [32mBuilding C object CMakeFiles/actionlib_msgs__rosidl_typesupport_introspection_c.dir/rosidl_typesupport_introspection_c/actionlib_msgs/msg/detail/goal_id__type_support.c.o[0m
[5.834s] [ 27%] [32m[1mLinking C shared library libactionlib_msgs__rosidl_typesupport_introspection_c.so[0m
[5.860s] [ 27%] Built target actionlib_msgs__rosidl_typesupport_introspection_c
[5.870s] [ 28%] [34m[1mGenerating C type support dispatch for ROS interfaces[0m
[5.872s] [ 30%] [34m[1mGenerating C type support for eProsima Micro XRCE-DDS[0m
[6.133s] [35m[1mScanning dependencies of target actionlib_msgs__rosidl_typesupport_c[0m
[6.146s] [ 33%] [32mBuilding CXX object CMakeFiles/actionlib_msgs__rosidl_typesupport_c.dir/rosidl_typesupport_c/actionlib_msgs/msg/goal_id__type_support.cpp.o[0m
[6.146s] [ 33%] [32mBuilding CXX object CMakeFiles/actionlib_msgs__rosidl_typesupport_c.dir/rosidl_typesupport_c/actionlib_msgs/msg/goal_status__type_support.cpp.o[0m
[6.147s] [ 35%] [32mBuilding CXX object CMakeFiles/actionlib_msgs__rosidl_typesupport_c.dir/rosidl_typesupport_c/actionlib_msgs/msg/goal_status_array__type_support.cpp.o[0m
[6.179s] [ 37%] [32m[1mLinking CXX shared library libactionlib_msgs__rosidl_typesupport_c.so[0m
[6.214s] [ 37%] Built target actionlib_msgs__rosidl_typesupport_c
[6.223s] [ 40%] [34m[1mGenerating C++ type support dispatch for ROS interfaces[0m
[6.223s] [ 40%] [34m[1mGenerating C++ type support for eProsima Fast-RTPS[0m
[6.391s] [35m[1mScanning dependencies of target actionlib_msgs__rosidl_typesupport_microxrcedds_c[0m
[6.408s] [ 45%] [32mBuilding C object CMakeFiles/actionlib_msgs__rosidl_typesupport_microxrcedds_c.dir/rosidl_typesupport_microxrcedds_c/actionlib_msgs/msg/detail/microxrcedds/goal_id__type_support_c.c.o[0m
[6.409s] [ 45%] [32mBuilding C object CMakeFiles/actionlib_msgs__rosidl_typesupport_microxrcedds_c.dir/rosidl_typesupport_microxrcedds_c/actionlib_msgs/msg/detail/microxrcedds/goal_status__type_support_c.c.o[0m
[6.409s] [ 45%] [32mBuilding C object CMakeFiles/actionlib_msgs__rosidl_typesupport_microxrcedds_c.dir/rosidl_typesupport_microxrcedds_c/actionlib_msgs/msg/detail/microxrcedds/goal_status_array__type_support_c.c.o[0m
[6.460s] [ 47%] [32m[1mLinking C shared library libactionlib_msgs__rosidl_typesupport_microxrcedds_c.so[0m
[6.494s] [35m[1mScanning dependencies of target actionlib_msgs__rosidl_typesupport_cpp[0m
[6.505s] [ 47%] Built target actionlib_msgs__rosidl_typesupport_microxrcedds_c
[6.509s] [ 52%] [32mBuilding CXX object CMakeFiles/actionlib_msgs__rosidl_typesupport_cpp.dir/rosidl_typesupport_cpp/actionlib_msgs/msg/goal_id__type_support.cpp.o[0m
[6.509s] [ 52%] [32mBuilding CXX object CMakeFiles/actionlib_msgs__rosidl_typesupport_cpp.dir/rosidl_typesupport_cpp/actionlib_msgs/msg/goal_status__type_support.cpp.o[0m
[6.509s] [ 52%] [32mBuilding CXX object CMakeFiles/actionlib_msgs__rosidl_typesupport_cpp.dir/rosidl_typesupport_cpp/actionlib_msgs/msg/goal_status_array__type_support.cpp.o[0m
[6.519s] [ 54%] [34m[1mGenerating C++ introspection for ROS interfaces[0m
[6.548s] [35m[1mScanning dependencies of target actionlib_msgs__rosidl_typesupport_fastrtps_cpp[0m
[6.564s] [ 55%] [32mBuilding CXX object CMakeFiles/actionlib_msgs__rosidl_typesupport_fastrtps_cpp.dir/rosidl_typesupport_fastrtps_cpp/actionlib_msgs/msg/detail/dds_fastrtps/goal_status_array__type_support.cpp.o[0m
[6.565s] [ 57%] [32mBuilding CXX object CMakeFiles/actionlib_msgs__rosidl_typesupport_fastrtps_cpp.dir/rosidl_typesupport_fastrtps_cpp/actionlib_msgs/msg/detail/dds_fastrtps/goal_status__type_support.cpp.o[0m
[6.565s] [ 59%] [32mBuilding CXX object CMakeFiles/actionlib_msgs__rosidl_typesupport_fastrtps_cpp.dir/rosidl_typesupport_fastrtps_cpp/actionlib_msgs/msg/detail/dds_fastrtps/goal_id__type_support.cpp.o[0m
[6.897s] [ 61%] [32m[1mLinking CXX shared library libactionlib_msgs__rosidl_typesupport_cpp.so[0m
[6.980s] [ 61%] Built target actionlib_msgs__rosidl_typesupport_cpp
[7.050s] [35m[1mScanning dependencies of target actionlib_msgs__rosidl_typesupport_introspection_cpp[0m
[7.078s] [ 62%] [32mBuilding CXX object CMakeFiles/actionlib_msgs__rosidl_typesupport_introspection_cpp.dir/rosidl_typesupport_introspection_cpp/actionlib_msgs/msg/detail/goal_status__type_support.cpp.o[0m
[7.079s] [ 64%] [32mBuilding CXX object CMakeFiles/actionlib_msgs__rosidl_typesupport_introspection_cpp.dir/rosidl_typesupport_introspection_cpp/actionlib_msgs/msg/detail/goal_status_array__type_support.cpp.o[0m
[7.084s] [ 66%] [32mBuilding CXX object CMakeFiles/actionlib_msgs__rosidl_typesupport_introspection_cpp.dir/rosidl_typesupport_introspection_cpp/actionlib_msgs/msg/detail/goal_id__type_support.cpp.o[0m
[7.192s] [ 67%] [32m[1mLinking CXX shared library libactionlib_msgs__rosidl_typesupport_fastrtps_cpp.so[0m
[7.358s] [ 67%] Built target actionlib_msgs__rosidl_typesupport_fastrtps_cpp
[7.374s] [ 69%] [34m[1mGenerating C type support for eProsima Fast-RTPS[0m
[7.572s] [ 71%] [32m[1mLinking CXX shared library libactionlib_msgs__rosidl_typesupport_introspection_cpp.so[0m
[7.717s] [ 71%] Built target actionlib_msgs__rosidl_typesupport_introspection_cpp
[7.957s] [35m[1mScanning dependencies of target actionlib_msgs__rosidl_typesupport_fastrtps_c[0m
[7.981s] [ 72%] [32mBuilding CXX object CMakeFiles/actionlib_msgs__rosidl_typesupport_fastrtps_c.dir/rosidl_typesupport_fastrtps_c/actionlib_msgs/msg/detail/goal_id__type_support_c.cpp.o[0m
[7.983s] [ 74%] [32mBuilding CXX object CMakeFiles/actionlib_msgs__rosidl_typesupport_fastrtps_c.dir/rosidl_typesupport_fastrtps_c/actionlib_msgs/msg/detail/goal_status_array__type_support_c.cpp.o[0m
[7.990s] [ 76%] [32mBuilding CXX object CMakeFiles/actionlib_msgs__rosidl_typesupport_fastrtps_c.dir/rosidl_typesupport_fastrtps_c/actionlib_msgs/msg/detail/goal_status__type_support_c.cpp.o[0m
[8.537s] [ 77%] [32m[1mLinking CXX shared library libactionlib_msgs__rosidl_typesupport_fastrtps_c.so[0m
[8.701s] [ 77%] Built target actionlib_msgs__rosidl_typesupport_fastrtps_c
[8.719s] [35m[1mScanning dependencies of target actionlib_msgs[0m
[8.738s] [ 77%] Built target actionlib_msgs
[8.770s] [35m[1mScanning dependencies of target actionlib_msgs__py[0m
[8.792s] [ 79%] [34m[1mGenerating Python code for ROS interfaces[0m
[9.888s] [ 79%] Built target actionlib_msgs__py
[9.902s] [35m[1mScanning dependencies of target actionlib_msgs__python[0m
[9.932s] [ 81%] [32mBuilding C object CMakeFiles/actionlib_msgs__python.dir/rosidl_generator_py/actionlib_msgs/msg/_goal_id_s.c.o[0m
[9.932s] [ 83%] [32mBuilding C object CMakeFiles/actionlib_msgs__python.dir/rosidl_generator_py/actionlib_msgs/msg/_goal_status_s.c.o[0m
[9.940s] [ 84%] [32mBuilding C object CMakeFiles/actionlib_msgs__python.dir/rosidl_generator_py/actionlib_msgs/msg/_goal_status_array_s.c.o[0m
[10.070s] [ 86%] [32m[1mLinking C shared library rosidl_generator_py/actionlib_msgs/libactionlib_msgs__python.so[0m
[10.123s] [ 86%] Built target actionlib_msgs__python
[10.136s] [35m[1mScanning dependencies of target actionlib_msgs__rosidl_typesupport_introspection_c__pyext[0m
[10.136s] [35m[1mScanning dependencies of target actionlib_msgs__rosidl_typesupport_microxrcedds_c__pyext[0m
[10.136s] [35m[1mScanning dependencies of target actionlib_msgs__rosidl_typesupport_fastrtps_c__pyext[0m
[10.159s] [ 88%] [32mBuilding C object CMakeFiles/actionlib_msgs__rosidl_typesupport_microxrcedds_c__pyext.dir/rosidl_generator_py/actionlib_msgs/_actionlib_msgs_s.ep.rosidl_typesupport_microxrcedds_c.c.o[0m
[10.165s] [ 91%] [32mBuilding C object CMakeFiles/actionlib_msgs__rosidl_typesupport_fastrtps_c__pyext.dir/rosidl_generator_py/actionlib_msgs/_actionlib_msgs_s.ep.rosidl_typesupport_fastrtps_c.c.o[0m
[10.165s] [ 91%] [32mBuilding C object CMakeFiles/actionlib_msgs__rosidl_typesupport_introspection_c__pyext.dir/rosidl_generator_py/actionlib_msgs/_actionlib_msgs_s.ep.rosidl_typesupport_introspection_c.c.o[0m
[10.284s] [ 93%] [32m[1mLinking C shared library rosidl_generator_py/actionlib_msgs/actionlib_msgs_s__rosidl_typesupport_microxrcedds_c.cpython-38-x86_64-linux-gnu.so[0m
[10.285s] [ 94%] [32m[1mLinking CXX shared library rosidl_generator_py/actionlib_msgs/actionlib_msgs_s__rosidl_typesupport_fastrtps_c.cpython-38-x86_64-linux-gnu.so[0m
[10.286s] [ 96%] [32m[1mLinking C shared library rosidl_generator_py/actionlib_msgs/actionlib_msgs_s__rosidl_typesupport_introspection_c.cpython-38-x86_64-linux-gnu.so[0m
[10.336s] [ 96%] Built target actionlib_msgs__rosidl_typesupport_microxrcedds_c__pyext
[10.343s] [ 96%] Built target actionlib_msgs__rosidl_typesupport_introspection_c__pyext
[10.353s] [35m[1mScanning dependencies of target actionlib_msgs__rosidl_typesupport_c__pyext[0m
[10.378s] [ 96%] Built target actionlib_msgs__rosidl_typesupport_fastrtps_c__pyext
[10.378s] [ 98%] [32mBuilding C object CMakeFiles/actionlib_msgs__rosidl_typesupport_c__pyext.dir/rosidl_generator_py/actionlib_msgs/_actionlib_msgs_s.ep.rosidl_typesupport_c.c.o[0m
[10.494s] [100%] [32m[1mLinking C shared library rosidl_generator_py/actionlib_msgs/actionlib_msgs_s__rosidl_typesupport_c.cpython-38-x86_64-linux-gnu.so[0m
[10.541s] [100%] Built target actionlib_msgs__rosidl_typesupport_c__pyext
[10.577s] Invoked command in '/home/ineogi2/ws/Biorobotics/micro_ros/build/actionlib_msgs' returned '0': AMENT_PREFIX_PATH=/home/ineogi2/ws/Biorobotics/micro_ros/install/std_msgs:/home/ineogi2/ws/Biorobotics/micro_ros/install/builtin_interfaces:${AMENT_PREFIX_PATH} CMAKE_PREFIX_PATH=/home/ineogi2/ws/Biorobotics/micro_ros/install/std_msgs:/home/ineogi2/ws/Biorobotics/micro_ros/install/builtin_interfaces:/home/ineogi2/ws/Biorobotics/micro_ros/install/rosidl_typesupport_microxrcedds_cpp:/home/ineogi2/ws/Biorobotics/micro_ros/install/rosidl_typesupport_microxrcedds_c:/home/ineogi2/ws/Biorobotics/micro_ros/install/microcdr:/home/ineogi2/ws/Biorobotics/micro_ros/install/micro_ros_setup:/home/ineogi2/ws/Biorobotics/ros2_ws/install/realsense2_description:/home/ineogi2/ws/Biorobotics/ros2_ws/install/realsense2_camera:/home/ineogi2/ws/Biorobotics/ros2_ws/install/realsense2_camera_msgs:/home/ineogi2/ws/Biorobotics/ros2_ws/install/ros_image:/opt/ros/foxy LD_LIBRARY_PATH=/home/ineogi2/ws/Biorobotics/micro_ros/install/std_msgs/lib:/home/ineogi2/ws/Biorobotics/micro_ros/install/builtin_interfaces/lib:${LD_LIBRARY_PATH} PYTHONPATH=/home/ineogi2/ws/Biorobotics/micro_ros/install/std_msgs/lib/python3.8/site-packages:/home/ineogi2/ws/Biorobotics/micro_ros/install/builtin_interfaces/lib/python3.8/site-packages:${PYTHONPATH} /usr/bin/cmake --build /home/ineogi2/ws/Biorobotics/micro_ros/build/actionlib_msgs -- -j12 -l12
[10.685s] Invoking command in '/home/ineogi2/ws/Biorobotics/micro_ros/build/actionlib_msgs': AMENT_PREFIX_PATH=/home/ineogi2/ws/Biorobotics/micro_ros/install/std_msgs:/home/ineogi2/ws/Biorobotics/micro_ros/install/builtin_interfaces:${AMENT_PREFIX_PATH} CMAKE_PREFIX_PATH=/home/ineogi2/ws/Biorobotics/micro_ros/install/std_msgs:/home/ineogi2/ws/Biorobotics/micro_ros/install/builtin_interfaces:/home/ineogi2/ws/Biorobotics/micro_ros/install/rosidl_typesupport_microxrcedds_cpp:/home/ineogi2/ws/Biorobotics/micro_ros/install/rosidl_typesupport_microxrcedds_c:/home/ineogi2/ws/Biorobotics/micro_ros/install/microcdr:/home/ineogi2/ws/Biorobotics/micro_ros/install/micro_ros_setup:/home/ineogi2/ws/Biorobotics/ros2_ws/install/realsense2_description:/home/ineogi2/ws/Biorobotics/ros2_ws/install/realsense2_camera:/home/ineogi2/ws/Biorobotics/ros2_ws/install/realsense2_camera_msgs:/home/ineogi2/ws/Biorobotics/ros2_ws/install/ros_image:/opt/ros/foxy LD_LIBRARY_PATH=/home/ineogi2/ws/Biorobotics/micro_ros/install/std_msgs/lib:/home/ineogi2/ws/Biorobotics/micro_ros/install/builtin_interfaces/lib:${LD_LIBRARY_PATH} PYTHONPATH=/home/ineogi2/ws/Biorobotics/micro_ros/install/std_msgs/lib/python3.8/site-packages:/home/ineogi2/ws/Biorobotics/micro_ros/install/builtin_interfaces/lib/python3.8/site-packages:${PYTHONPATH} /usr/bin/cmake --install /home/ineogi2/ws/Biorobotics/micro_ros/build/actionlib_msgs
[10.693s] -- Install configuration: ""
[10.694s] -- Installing: /home/ineogi2/ws/Biorobotics/micro_ros/install/actionlib_msgs/share/ament_index/resource_index/rosidl_interfaces/actionlib_msgs
[10.694s] -- Installing: /home/ineogi2/ws/Biorobotics/micro_ros/install/actionlib_msgs/include/actionlib_msgs
[10.694s] -- Installing: /home/ineogi2/ws/Biorobotics/micro_ros/install/actionlib_msgs/include/actionlib_msgs/msg
[10.694s] -- Installing: /home/ineogi2/ws/Biorobotics/micro_ros/install/actionlib_msgs/include/actionlib_msgs/msg/goal_status.h
[10.694s] -- Installing: /home/ineogi2/ws/Biorobotics/micro_ros/install/actionlib_msgs/include/actionlib_msgs/msg/rosidl_generator_c__visibility_control.h
[10.695s] -- Installing: /home/ineogi2/ws/Biorobotics/micro_ros/install/actionlib_msgs/include/actionlib_msgs/msg/goal_status_array.h
[10.696s] -- Installing: /home/ineogi2/ws/Biorobotics/micro_ros/install/actionlib_msgs/include/actionlib_msgs/msg/detail
[10.696s] -- Installing: /home/ineogi2/ws/Biorobotics/micro_ros/install/actionlib_msgs/include/actionlib_msgs/msg/detail/goal_id__type_support.h
[10.697s] -- Installing: /home/ineogi2/ws/Biorobotics/micro_ros/install/actionlib_msgs/include/actionlib_msgs/msg/detail/goal_status_array__functions.h
[10.697s] -- Installing: /home/ineogi2/ws/Biorobotics/micro_ros/install/actionlib_msgs/include/actionlib_msgs/msg/detail/goal_status__functions.c
[10.697s] -- Installing: /home/ineogi2/ws/Biorobotics/micro_ros/install/actionlib_msgs/include/actionlib_msgs/msg/detail/goal_status__struct.h
[10.698s] -- Installing: /home/ineogi2/ws/Biorobotics/micro_ros/install/actionlib_msgs/include/actionlib_msgs/msg/detail/goal_id__functions.c
[10.698s] -- Installing: /home/ineogi2/ws/Biorobotics/micro_ros/install/actionlib_msgs/include/actionlib_msgs/msg/detail/goal_status_array__struct.h
[10.698s] -- Installing: /home/ineogi2/ws/Biorobotics/micro_ros/install/actionlib_msgs/include/actionlib_msgs/msg/detail/goal_status_array__functions.c
[10.699s] -- Installing: /home/ineogi2/ws/Biorobotics/micro_ros/install/actionlib_msgs/include/actionlib_msgs/msg/detail/goal_status__type_support.h
[10.699s] -- Installing: /home/ineogi2/ws/Biorobotics/micro_ros/install/actionlib_msgs/include/actionlib_msgs/msg/detail/goal_id__struct.h
[10.700s] -- Installing: /home/ineogi2/ws/Biorobotics/micro_ros/install/actionlib_msgs/include/actionlib_msgs/msg/detail/goal_status_array__type_support.h
[10.700s] -- Installing: /home/ineogi2/ws/Biorobotics/micro_ros/install/actionlib_msgs/include/actionlib_msgs/msg/detail/goal_id__functions.h
[10.700s] -- Installing: /home/ineogi2/ws/Biorobotics/micro_ros/install/actionlib_msgs/include/actionlib_msgs/msg/detail/goal_status__functions.h
[10.701s] -- Installing: /home/ineogi2/ws/Biorobotics/micro_ros/install/actionlib_msgs/include/actionlib_msgs/msg/goal_id.h
[10.701s] -- Installing: /home/ineogi2/ws/Biorobotics/micro_ros/install/actionlib_msgs/share/actionlib_msgs/environment/library_path.sh
[10.702s] -- Installing: /home/ineogi2/ws/Biorobotics/micro_ros/install/actionlib_msgs/share/actionlib_msgs/environment/library_path.dsv
[10.702s] -- Installing: /home/ineogi2/ws/Biorobotics/micro_ros/install/actionlib_msgs/lib/libactionlib_msgs__rosidl_generator_c.so
[10.702s] -- Set runtime path of "/home/ineogi2/ws/Biorobotics/micro_ros/install/actionlib_msgs/lib/libactionlib_msgs__rosidl_generator_c.so" to ""
[10.703s] -- Up-to-date: /home/ineogi2/ws/Biorobotics/micro_ros/install/actionlib_msgs/include/actionlib_msgs
[10.703s] -- Up-to-date: /home/ineogi2/ws/Biorobotics/micro_ros/install/actionlib_msgs/include/actionlib_msgs/msg
[10.703s] -- Up-to-date: /home/ineogi2/ws/Biorobotics/micro_ros/install/actionlib_msgs/include/actionlib_msgs/msg/detail
[10.704s] -- Installing: /home/ineogi2/ws/Biorobotics/micro_ros/install/actionlib_msgs/include/actionlib_msgs/msg/detail/goal_id__rosidl_typesupport_microxrcedds_c.h
[10.704s] -- Installing: /home/ineogi2/ws/Biorobotics/micro_ros/install/actionlib_msgs/include/actionlib_msgs/msg/detail/microxrcedds
[10.704s] -- Installing: /home/ineogi2/ws/Biorobotics/micro_ros/install/actionlib_msgs/include/actionlib_msgs/msg/detail/goal_status__rosidl_typesupport_microxrcedds_c.h
[10.705s] -- Installing: /home/ineogi2/ws/Biorobotics/micro_ros/install/actionlib_msgs/include/actionlib_msgs/msg/detail/goal_status_array__rosidl_typesupport_microxrcedds_c.h
[10.705s] -- Installing: /home/ineogi2/ws/Biorobotics/micro_ros/install/actionlib_msgs/include/actionlib_msgs/msg/rosidl_typesupport_microxrcedds_c__visibility_control.h
[10.706s] -- Installing: /home/ineogi2/ws/Biorobotics/micro_ros/install/actionlib_msgs/lib/libactionlib_msgs__rosidl_typesupport_microxrcedds_c.so
[10.706s] -- Set runtime path of "/home/ineogi2/ws/Biorobotics/micro_ros/install/actionlib_msgs/lib/libactionlib_msgs__rosidl_typesupport_microxrcedds_c.so" to ""
[10.707s] -- Up-to-date: /home/ineogi2/ws/Biorobotics/micro_ros/install/actionlib_msgs/include/actionlib_msgs
[10.707s] -- Up-to-date: /home/ineogi2/ws/Biorobotics/micro_ros/install/actionlib_msgs/include/actionlib_msgs/msg
[10.707s] -- Installing: /home/ineogi2/ws/Biorobotics/micro_ros/install/actionlib_msgs/include/actionlib_msgs/msg/rosidl_typesupport_fastrtps_c__visibility_control.h
[10.708s] -- Up-to-date: /home/ineogi2/ws/Biorobotics/micro_ros/install/actionlib_msgs/include/actionlib_msgs/msg/detail
[10.708s] -- Installing: /home/ineogi2/ws/Biorobotics/micro_ros/install/actionlib_msgs/include/actionlib_msgs/msg/detail/goal_id__rosidl_typesupport_fastrtps_c.h
[10.708s] -- Installing: /home/ineogi2/ws/Biorobotics/micro_ros/install/actionlib_msgs/include/actionlib_msgs/msg/detail/goal_status__rosidl_typesupport_fastrtps_c.h
[10.709s] -- Installing: /home/ineogi2/ws/Biorobotics/micro_ros/install/actionlib_msgs/include/actionlib_msgs/msg/detail/goal_status_array__rosidl_typesupport_fastrtps_c.h
[10.709s] -- Installing: /home/ineogi2/ws/Biorobotics/micro_ros/install/actionlib_msgs/lib/libactionlib_msgs__rosidl_typesupport_fastrtps_c.so
[10.709s] -- Set runtime path of "/home/ineogi2/ws/Biorobotics/micro_ros/install/actionlib_msgs/lib/libactionlib_msgs__rosidl_typesupport_fastrtps_c.so" to ""
[10.710s] -- Up-to-date: /home/ineogi2/ws/Biorobotics/micro_ros/install/actionlib_msgs/include/actionlib_msgs
[10.710s] -- Up-to-date: /home/ineogi2/ws/Biorobotics/micro_ros/install/actionlib_msgs/include/actionlib_msgs/msg
[10.711s] -- Installing: /home/ineogi2/ws/Biorobotics/micro_ros/install/actionlib_msgs/include/actionlib_msgs/msg/rosidl_typesupport_fastrtps_cpp__visibility_control.h
[10.711s] -- Up-to-date: /home/ineogi2/ws/Biorobotics/micro_ros/install/actionlib_msgs/include/actionlib_msgs/msg/detail
[10.711s] -- Installing: /home/ineogi2/ws/Biorobotics/micro_ros/install/actionlib_msgs/include/actionlib_msgs/msg/detail/goal_status__rosidl_typesupport_fastrtps_cpp.hpp
[10.711s] -- Installing: /home/ineogi2/ws/Biorobotics/micro_ros/install/actionlib_msgs/include/actionlib_msgs/msg/detail/dds_fastrtps
[10.711s] -- Installing: /home/ineogi2/ws/Biorobotics/micro_ros/install/actionlib_msgs/include/actionlib_msgs/msg/detail/goal_id__rosidl_typesupport_fastrtps_cpp.hpp
[10.712s] -- Installing: /home/ineogi2/ws/Biorobotics/micro_ros/install/actionlib_msgs/include/actionlib_msgs/msg/detail/goal_status_array__rosidl_typesupport_fastrtps_cpp.hpp
[10.712s] -- Installing: /home/ineogi2/ws/Biorobotics/micro_ros/install/actionlib_msgs/lib/libactionlib_msgs__rosidl_typesupport_fastrtps_cpp.so
[10.712s] -- Set runtime path of "/home/ineogi2/ws/Biorobotics/micro_ros/install/actionlib_msgs/lib/libactionlib_msgs__rosidl_typesupport_fastrtps_cpp.so" to ""
[10.712s] -- Up-to-date: /home/ineogi2/ws/Biorobotics/micro_ros/install/actionlib_msgs/include/actionlib_msgs
[10.712s] -- Up-to-date: /home/ineogi2/ws/Biorobotics/micro_ros/install/actionlib_msgs/include/actionlib_msgs/msg
[10.713s] -- Up-to-date: /home/ineogi2/ws/Biorobotics/micro_ros/install/actionlib_msgs/include/actionlib_msgs/msg/detail
[10.713s] -- Installing: /home/ineogi2/ws/Biorobotics/micro_ros/install/actionlib_msgs/include/actionlib_msgs/msg/detail/goal_status__rosidl_typesupport_introspection_c.h
[10.713s] -- Installing: /home/ineogi2/ws/Biorobotics/micro_ros/install/actionlib_msgs/include/actionlib_msgs/msg/detail/goal_id__type_support.c
[10.714s] -- Installing: /home/ineogi2/ws/Biorobotics/micro_ros/install/actionlib_msgs/include/actionlib_msgs/msg/detail/goal_status__type_support.c
[10.714s] -- Installing: /home/ineogi2/ws/Biorobotics/micro_ros/install/actionlib_msgs/include/actionlib_msgs/msg/detail/goal_status_array__rosidl_typesupport_introspection_c.h
[10.714s] -- Installing: /home/ineogi2/ws/Biorobotics/micro_ros/install/actionlib_msgs/include/actionlib_msgs/msg/detail/goal_id__rosidl_typesupport_introspection_c.h
[10.714s] -- Installing: /home/ineogi2/ws/Biorobotics/micro_ros/install/actionlib_msgs/include/actionlib_msgs/msg/detail/goal_status_array__type_support.c
[10.714s] -- Installing: /home/ineogi2/ws/Biorobotics/micro_ros/install/actionlib_msgs/include/actionlib_msgs/msg/rosidl_typesupport_introspection_c__visibility_control.h
[10.714s] -- Installing: /home/ineogi2/ws/Biorobotics/micro_ros/install/actionlib_msgs/lib/libactionlib_msgs__rosidl_typesupport_introspection_c.so
[10.715s] -- Set runtime path of "/home/ineogi2/ws/Biorobotics/micro_ros/install/actionlib_msgs/lib/libactionlib_msgs__rosidl_typesupport_introspection_c.so" to ""
[10.715s] -- Installing: /home/ineogi2/ws/Biorobotics/micro_ros/install/actionlib_msgs/lib/libactionlib_msgs__rosidl_typesupport_c.so
[10.715s] -- Set runtime path of "/home/ineogi2/ws/Biorobotics/micro_ros/install/actionlib_msgs/lib/libactionlib_msgs__rosidl_typesupport_c.so" to ""
[10.715s] -- Up-to-date: /home/ineogi2/ws/Biorobotics/micro_ros/install/actionlib_msgs/include/actionlib_msgs
[10.715s] -- Up-to-date: /home/ineogi2/ws/Biorobotics/micro_ros/install/actionlib_msgs/include/actionlib_msgs/msg
[10.715s] -- Installing: /home/ineogi2/ws/Biorobotics/micro_ros/install/actionlib_msgs/include/actionlib_msgs/msg/goal_status.hpp
[10.716s] -- Installing: /home/ineogi2/ws/Biorobotics/micro_ros/install/actionlib_msgs/include/actionlib_msgs/msg/goal_status_array.hpp
[10.716s] -- Up-to-date: /home/ineogi2/ws/Biorobotics/micro_ros/install/actionlib_msgs/include/actionlib_msgs/msg/detail
[10.716s] -- Installing: /home/ineogi2/ws/Biorobotics/micro_ros/install/actionlib_msgs/include/actionlib_msgs/msg/detail/goal_status__struct.hpp
[10.716s] -- Installing: /home/ineogi2/ws/Biorobotics/micro_ros/install/actionlib_msgs/include/actionlib_msgs/msg/detail/goal_id__struct.hpp
[10.716s] -- Installing: /home/ineogi2/ws/Biorobotics/micro_ros/install/actionlib_msgs/include/actionlib_msgs/msg/detail/goal_status_array__struct.hpp
[10.717s] -- Installing: /home/ineogi2/ws/Biorobotics/micro_ros/install/actionlib_msgs/include/actionlib_msgs/msg/detail/goal_status__builder.hpp
[10.717s] -- Installing: /home/ineogi2/ws/Biorobotics/micro_ros/install/actionlib_msgs/include/actionlib_msgs/msg/detail/goal_status__traits.hpp
[10.717s] -- Installing: /home/ineogi2/ws/Biorobotics/micro_ros/install/actionlib_msgs/include/actionlib_msgs/msg/detail/goal_status_array__builder.hpp
[10.717s] -- Installing: /home/ineogi2/ws/Biorobotics/micro_ros/install/actionlib_msgs/include/actionlib_msgs/msg/detail/goal_id__builder.hpp
[10.717s] -- Installing: /home/ineogi2/ws/Biorobotics/micro_ros/install/actionlib_msgs/include/actionlib_msgs/msg/detail/goal_status_array__traits.hpp
[10.718s] -- Installing: /home/ineogi2/ws/Biorobotics/micro_ros/install/actionlib_msgs/include/actionlib_msgs/msg/detail/goal_id__traits.hpp
[10.718s] -- Installing: /home/ineogi2/ws/Biorobotics/micro_ros/install/actionlib_msgs/include/actionlib_msgs/msg/goal_id.hpp
[10.718s] -- Up-to-date: /home/ineogi2/ws/Biorobotics/micro_ros/install/actionlib_msgs/include/actionlib_msgs
[10.718s] -- Up-to-date: /home/ineogi2/ws/Biorobotics/micro_ros/install/actionlib_msgs/include/actionlib_msgs/msg
[10.718s] -- Installing: /home/ineogi2/ws/Biorobotics/micro_ros/install/actionlib_msgs/include/actionlib_msgs/msg/rosidl_typesupport_microxrcedds_cpp__visibility_control.h
[10.719s] -- Up-to-date: /home/ineogi2/ws/Biorobotics/micro_ros/install/actionlib_msgs/include/actionlib_msgs/msg/detail
[10.719s] -- Installing: /home/ineogi2/ws/Biorobotics/micro_ros/install/actionlib_msgs/include/actionlib_msgs/msg/detail/goal_status_array__rosidl_typesupport_microxrcedds_cpp.hpp
[10.719s] -- Installing: /home/ineogi2/ws/Biorobotics/micro_ros/install/actionlib_msgs/include/actionlib_msgs/msg/detail/goal_status__rosidl_typesupport_microxrcedds_cpp.hpp
[10.719s] -- Installing: /home/ineogi2/ws/Biorobotics/micro_ros/install/actionlib_msgs/include/actionlib_msgs/msg/detail/goal_id__rosidl_typesupport_microxrcedds_cpp.hpp
[10.719s] -- Up-to-date: /home/ineogi2/ws/Biorobotics/micro_ros/install/actionlib_msgs/include/actionlib_msgs/msg/detail/microxrcedds
[10.720s] -- Installing: /home/ineogi2/ws/Biorobotics/micro_ros/install/actionlib_msgs/include/actionlib_msgs/msg/detail/microxrcedds/goal_status_array__type_support_cpp.cpp
[10.720s] -- Installing: /home/ineogi2/ws/Biorobotics/micro_ros/install/actionlib_msgs/include/actionlib_msgs/msg/detail/microxrcedds/goal_status__type_support_cpp.cpp
[10.720s] -- Installing: /home/ineogi2/ws/Biorobotics/micro_ros/install/actionlib_msgs/include/actionlib_msgs/msg/detail/microxrcedds/goal_id__type_support_cpp.cpp
[10.720s] -- Installing: /home/ineogi2/ws/Biorobotics/micro_ros/install/actionlib_msgs/lib/libactionlib_msgs__rosidl_typesupport_microxrcedds_cpp.so
[10.720s] -- Set runtime path of "/home/ineogi2/ws/Biorobotics/micro_ros/install/actionlib_msgs/lib/libactionlib_msgs__rosidl_typesupport_microxrcedds_cpp.so" to ""
[10.721s] -- Up-to-date: /home/ineogi2/ws/Biorobotics/micro_ros/install/actionlib_msgs/include/actionlib_msgs
[10.721s] -- Up-to-date: /home/ineogi2/ws/Biorobotics/micro_ros/install/actionlib_msgs/include/actionlib_msgs/msg
[10.721s] -- Up-to-date: /home/ineogi2/ws/Biorobotics/micro_ros/install/actionlib_msgs/include/actionlib_msgs/msg/detail
[10.721s] -- Installing: /home/ineogi2/ws/Biorobotics/micro_ros/install/actionlib_msgs/include/actionlib_msgs/msg/detail/goal_status__rosidl_typesupport_introspection_cpp.hpp
[10.721s] -- Installing: /home/ineogi2/ws/Biorobotics/micro_ros/install/actionlib_msgs/include/actionlib_msgs/msg/detail/goal_status__type_support.cpp
[10.722s] -- Installing: /home/ineogi2/ws/Biorobotics/micro_ros/install/actionlib_msgs/include/actionlib_msgs/msg/detail/goal_status_array__type_support.cpp
[10.722s] -- Installing: /home/ineogi2/ws/Biorobotics/micro_ros/install/actionlib_msgs/include/actionlib_msgs/msg/detail/goal_id__type_support.cpp
[10.722s] -- Installing: /home/ineogi2/ws/Biorobotics/micro_ros/install/actionlib_msgs/include/actionlib_msgs/msg/detail/goal_id__rosidl_typesupport_introspection_cpp.hpp
[10.722s] -- Installing: /home/ineogi2/ws/Biorobotics/micro_ros/install/actionlib_msgs/include/actionlib_msgs/msg/detail/goal_status_array__rosidl_typesupport_introspection_cpp.hpp
[10.722s] -- Installing: /home/ineogi2/ws/Biorobotics/micro_ros/install/actionlib_msgs/lib/libactionlib_msgs__rosidl_typesupport_introspection_cpp.so
[10.723s] -- Set runtime path of "/home/ineogi2/ws/Biorobotics/micro_ros/install/actionlib_msgs/lib/libactionlib_msgs__rosidl_typesupport_introspection_cpp.so" to ""
[10.723s] -- Installing: /home/ineogi2/ws/Biorobotics/micro_ros/install/actionlib_msgs/lib/libactionlib_msgs__rosidl_typesupport_cpp.so
[10.723s] -- Set runtime path of "/home/ineogi2/ws/Biorobotics/micro_ros/install/actionlib_msgs/lib/libactionlib_msgs__rosidl_typesupport_cpp.so" to ""
[10.723s] -- Installing: /home/ineogi2/ws/Biorobotics/micro_ros/install/actionlib_msgs/share/actionlib_msgs/environment/pythonpath.sh
[10.723s] -- Installing: /home/ineogi2/ws/Biorobotics/micro_ros/install/actionlib_msgs/share/actionlib_msgs/environment/pythonpath.dsv
[10.724s] -- Installing: /home/ineogi2/ws/Biorobotics/micro_ros/install/actionlib_msgs/lib/python3.8/site-packages/actionlib_msgs/__init__.py
[10.748s] Compiling '/home/ineogi2/ws/Biorobotics/micro_ros/install/actionlib_msgs/lib/python3.8/site-packages/actionlib_msgs/__init__.py'...
[10.753s] -- Installing: /home/ineogi2/ws/Biorobotics/micro_ros/install/actionlib_msgs/lib/python3.8/site-packages/actionlib_msgs/msg
[10.753s] -- Installing: /home/ineogi2/ws/Biorobotics/micro_ros/install/actionlib_msgs/lib/python3.8/site-packages/actionlib_msgs/msg/_goal_id_s.c
[10.755s] -- Installing: /home/ineogi2/ws/Biorobotics/micro_ros/install/actionlib_msgs/lib/python3.8/site-packages/actionlib_msgs/msg/__init__.py
[10.755s] -- Installing: /home/ineogi2/ws/Biorobotics/micro_ros/install/actionlib_msgs/lib/python3.8/site-packages/actionlib_msgs/msg/_goal_status_array_s.c
[10.755s] -- Installing: /home/ineogi2/ws/Biorobotics/micro_ros/install/actionlib_msgs/lib/python3.8/site-packages/actionlib_msgs/msg/_goal_id.py
[10.755s] -- Installing: /home/ineogi2/ws/Biorobotics/micro_ros/install/actionlib_msgs/lib/python3.8/site-packages/actionlib_msgs/msg/_goal_status.py
[10.755s] -- Installing: /home/ineogi2/ws/Biorobotics/micro_ros/install/actionlib_msgs/lib/python3.8/site-packages/actionlib_msgs/msg/_goal_status_s.c
[10.756s] -- Installing: /home/ineogi2/ws/Biorobotics/micro_ros/install/actionlib_msgs/lib/python3.8/site-packages/actionlib_msgs/msg/_goal_status_array.py
[10.756s] -- Installing: /home/ineogi2/ws/Biorobotics/micro_ros/install/actionlib_msgs/lib/python3.8/site-packages/actionlib_msgs/actionlib_msgs_s__rosidl_typesupport_microxrcedds_c.cpython-38-x86_64-linux-gnu.so
[10.756s] -- Set runtime path of "/home/ineogi2/ws/Biorobotics/micro_ros/install/actionlib_msgs/lib/python3.8/site-packages/actionlib_msgs/actionlib_msgs_s__rosidl_typesupport_microxrcedds_c.cpython-38-x86_64-linux-gnu.so" to ""
[10.756s] -- Installing: /home/ineogi2/ws/Biorobotics/micro_ros/install/actionlib_msgs/lib/python3.8/site-packages/actionlib_msgs/actionlib_msgs_s__rosidl_typesupport_fastrtps_c.cpython-38-x86_64-linux-gnu.so
[10.757s] -- Set runtime path of "/home/ineogi2/ws/Biorobotics/micro_ros/install/actionlib_msgs/lib/python3.8/site-packages/actionlib_msgs/actionlib_msgs_s__rosidl_typesupport_fastrtps_c.cpython-38-x86_64-linux-gnu.so" to ""
[10.758s] -- Installing: /home/ineogi2/ws/Biorobotics/micro_ros/install/actionlib_msgs/lib/python3.8/site-packages/actionlib_msgs/actionlib_msgs_s__rosidl_typesupport_introspection_c.cpython-38-x86_64-linux-gnu.so
[10.758s] -- Set runtime path of "/home/ineogi2/ws/Biorobotics/micro_ros/install/actionlib_msgs/lib/python3.8/site-packages/actionlib_msgs/actionlib_msgs_s__rosidl_typesupport_introspection_c.cpython-38-x86_64-linux-gnu.so" to ""
[10.758s] -- Installing: /home/ineogi2/ws/Biorobotics/micro_ros/install/actionlib_msgs/lib/python3.8/site-packages/actionlib_msgs/actionlib_msgs_s__rosidl_typesupport_c.cpython-38-x86_64-linux-gnu.so
[10.759s] -- Set runtime path of "/home/ineogi2/ws/Biorobotics/micro_ros/install/actionlib_msgs/lib/python3.8/site-packages/actionlib_msgs/actionlib_msgs_s__rosidl_typesupport_c.cpython-38-x86_64-linux-gnu.so" to ""
[10.759s] -- Installing: /home/ineogi2/ws/Biorobotics/micro_ros/install/actionlib_msgs/lib/libactionlib_msgs__python.so
[10.760s] -- Set runtime path of "/home/ineogi2/ws/Biorobotics/micro_ros/install/actionlib_msgs/lib/libactionlib_msgs__python.so" to ""
[10.760s] -- Installing: /home/ineogi2/ws/Biorobotics/micro_ros/install/actionlib_msgs/share/actionlib_msgs/msg/GoalID.idl
[10.760s] -- Installing: /home/ineogi2/ws/Biorobotics/micro_ros/install/actionlib_msgs/share/actionlib_msgs/msg/GoalStatus.idl
[10.761s] -- Installing: /home/ineogi2/ws/Biorobotics/micro_ros/install/actionlib_msgs/share/actionlib_msgs/msg/GoalStatusArray.idl
[10.761s] -- Installing: /home/ineogi2/ws/Biorobotics/micro_ros/install/actionlib_msgs/share/actionlib_msgs/msg/GoalID.msg
[10.762s] -- Installing: /home/ineogi2/ws/Biorobotics/micro_ros/install/actionlib_msgs/share/actionlib_msgs/msg/GoalStatus.msg
[10.762s] -- Installing: /home/ineogi2/ws/Biorobotics/micro_ros/install/actionlib_msgs/share/actionlib_msgs/msg/GoalStatusArray.msg
[10.762s] -- Installing: /home/ineogi2/ws/Biorobotics/micro_ros/install/actionlib_msgs/share/ament_index/resource_index/package_run_dependencies/actionlib_msgs
[10.762s] -- Installing: /home/ineogi2/ws/Biorobotics/micro_ros/install/actionlib_msgs/share/ament_index/resource_index/parent_prefix_path/actionlib_msgs
[10.763s] -- Installing: /home/ineogi2/ws/Biorobotics/micro_ros/install/actionlib_msgs/share/actionlib_msgs/environment/ament_prefix_path.sh
[10.763s] -- Installing: /home/ineogi2/ws/Biorobotics/micro_ros/install/actionlib_msgs/share/actionlib_msgs/environment/ament_prefix_path.dsv
[10.763s] -- Installing: /home/ineogi2/ws/Biorobotics/micro_ros/install/actionlib_msgs/share/actionlib_msgs/environment/path.sh
[10.764s] -- Installing: /home/ineogi2/ws/Biorobotics/micro_ros/install/actionlib_msgs/share/actionlib_msgs/environment/path.dsv
[10.764s] -- Installing: /home/ineogi2/ws/Biorobotics/micro_ros/install/actionlib_msgs/share/actionlib_msgs/local_setup.bash
[10.764s] -- Installing: /home/ineogi2/ws/Biorobotics/micro_ros/install/actionlib_msgs/share/actionlib_msgs/local_setup.sh
[10.765s] -- Installing: /home/ineogi2/ws/Biorobotics/micro_ros/install/actionlib_msgs/share/actionlib_msgs/local_setup.zsh
[10.765s] -- Installing: /home/ineogi2/ws/Biorobotics/micro_ros/install/actionlib_msgs/share/actionlib_msgs/local_setup.dsv
[10.765s] -- Installing: /home/ineogi2/ws/Biorobotics/micro_ros/install/actionlib_msgs/share/actionlib_msgs/package.dsv
[10.766s] -- Installing: /home/ineogi2/ws/Biorobotics/micro_ros/install/actionlib_msgs/share/ament_index/resource_index/packages/actionlib_msgs
[10.766s] -- Installing: /home/ineogi2/ws/Biorobotics/micro_ros/install/actionlib_msgs/share/actionlib_msgs/cmake/actionlib_msgs__rosidl_generator_cExport.cmake
[10.767s] -- Installing: /home/ineogi2/ws/Biorobotics/micro_ros/install/actionlib_msgs/share/actionlib_msgs/cmake/actionlib_msgs__rosidl_generator_cExport-noconfig.cmake
[10.767s] -- Installing: /home/ineogi2/ws/Biorobotics/micro_ros/install/actionlib_msgs/share/actionlib_msgs/cmake/actionlib_msgs__rosidl_typesupport_introspection_cExport.cmake
[10.767s] -- Installing: /home/ineogi2/ws/Biorobotics/micro_ros/install/actionlib_msgs/share/actionlib_msgs/cmake/actionlib_msgs__rosidl_typesupport_introspection_cExport-noconfig.cmake
[10.767s] -- Installing: /home/ineogi2/ws/Biorobotics/micro_ros/install/actionlib_msgs/share/actionlib_msgs/cmake/actionlib_msgs__rosidl_typesupport_cExport.cmake
[10.767s] -- Installing: /home/ineogi2/ws/Biorobotics/micro_ros/install/actionlib_msgs/share/actionlib_msgs/cmake/actionlib_msgs__rosidl_typesupport_cExport-noconfig.cmake
[10.768s] -- Installing: /home/ineogi2/ws/Biorobotics/micro_ros/install/actionlib_msgs/share/actionlib_msgs/cmake/actionlib_msgs__rosidl_generator_cppExport.cmake
[10.768s] -- Installing: /home/ineogi2/ws/Biorobotics/micro_ros/install/actionlib_msgs/share/actionlib_msgs/cmake/actionlib_msgs__rosidl_typesupport_introspection_cppExport.cmake
[10.768s] -- Installing: /home/ineogi2/ws/Biorobotics/micro_ros/install/actionlib_msgs/share/actionlib_msgs/cmake/actionlib_msgs__rosidl_typesupport_introspection_cppExport-noconfig.cmake
[10.768s] -- Installing: /home/ineogi2/ws/Biorobotics/micro_ros/install/actionlib_msgs/share/actionlib_msgs/cmake/actionlib_msgs__rosidl_typesupport_cppExport.cmake
[10.768s] -- Installing: /home/ineogi2/ws/Biorobotics/micro_ros/install/actionlib_msgs/share/actionlib_msgs/cmake/actionlib_msgs__rosidl_typesupport_cppExport-noconfig.cmake
[10.768s] -- Installing: /home/ineogi2/ws/Biorobotics/micro_ros/install/actionlib_msgs/share/actionlib_msgs/cmake/rosidl_cmake-extras.cmake
[10.771s] -- Installing: /home/ineogi2/ws/Biorobotics/micro_ros/install/actionlib_msgs/share/actionlib_msgs/cmake/ament_cmake_export_dependencies-extras.cmake
[10.771s] -- Installing: /home/ineogi2/ws/Biorobotics/micro_ros/install/actionlib_msgs/share/actionlib_msgs/cmake/ament_cmake_export_libraries-extras.cmake
[10.771s] -- Installing: /home/ineogi2/ws/Biorobotics/micro_ros/install/actionlib_msgs/share/actionlib_msgs/cmake/ament_cmake_export_targets-extras.cmake
[10.771s] -- Installing: /home/ineogi2/ws/Biorobotics/micro_ros/install/actionlib_msgs/share/actionlib_msgs/cmake/ament_cmake_export_include_directories-extras.cmake
[10.772s] -- Installing: /home/ineogi2/ws/Biorobotics/micro_ros/install/actionlib_msgs/share/actionlib_msgs/cmake/rosidl_cmake_export_typesupport_libraries-extras.cmake
[10.772s] -- Installing: /home/ineogi2/ws/Biorobotics/micro_ros/install/actionlib_msgs/share/actionlib_msgs/cmake/rosidl_cmake_export_typesupport_targets-extras.cmake
[10.772s] -- Installing: /home/ineogi2/ws/Biorobotics/micro_ros/install/actionlib_msgs/share/actionlib_msgs/cmake/actionlib_msgsConfig.cmake
[10.772s] -- Installing: /home/ineogi2/ws/Biorobotics/micro_ros/install/actionlib_msgs/share/actionlib_msgs/cmake/actionlib_msgsConfig-version.cmake
[10.783s] -- Installing: /home/ineogi2/ws/Biorobotics/micro_ros/install/actionlib_msgs/share/actionlib_msgs/package.xml
[10.784s] Invoked command in '/home/ineogi2/ws/Biorobotics/micro_ros/build/actionlib_msgs' returned '0': AMENT_PREFIX_PATH=/home/ineogi2/ws/Biorobotics/micro_ros/install/std_msgs:/home/ineogi2/ws/Biorobotics/micro_ros/install/builtin_interfaces:${AMENT_PREFIX_PATH} CMAKE_PREFIX_PATH=/home/ineogi2/ws/Biorobotics/micro_ros/install/std_msgs:/home/ineogi2/ws/Biorobotics/micro_ros/install/builtin_interfaces:/home/ineogi2/ws/Biorobotics/micro_ros/install/rosidl_typesupport_microxrcedds_cpp:/home/ineogi2/ws/Biorobotics/micro_ros/install/rosidl_typesupport_microxrcedds_c:/home/ineogi2/ws/Biorobotics/micro_ros/install/microcdr:/home/ineogi2/ws/Biorobotics/micro_ros/install/micro_ros_setup:/home/ineogi2/ws/Biorobotics/ros2_ws/install/realsense2_description:/home/ineogi2/ws/Biorobotics/ros2_ws/install/realsense2_camera:/home/ineogi2/ws/Biorobotics/ros2_ws/install/realsense2_camera_msgs:/home/ineogi2/ws/Biorobotics/ros2_ws/install/ros_image:/opt/ros/foxy LD_LIBRARY_PATH=/home/ineogi2/ws/Biorobotics/micro_ros/install/std_msgs/lib:/home/ineogi2/ws/Biorobotics/micro_ros/install/builtin_interfaces/lib:${LD_LIBRARY_PATH} PYTHONPATH=/home/ineogi2/ws/Biorobotics/micro_ros/install/std_msgs/lib/python3.8/site-packages:/home/ineogi2/ws/Biorobotics/micro_ros/install/builtin_interfaces/lib/python3.8/site-packages:${PYTHONPATH} /usr/bin/cmake --install /home/ineogi2/ws/Biorobotics/micro_ros/build/actionlib_msgs
