[0.089s] DEBUG:colcon:Command line arguments: ['/usr/bin/colcon', 'build', '--symlink-install']
[0.089s] DEBUG:colcon:Parsed command line arguments: Namespace(allow_overriding=[], ament_cmake_args=None, base_paths=['.'], build_base='build', catkin_cmake_args=None, catkin_skip_building_tests=False, cmake_args=None, cmake_clean_cache=False, cmake_clean_first=False, cmake_force_configure=False, cmake_target=None, cmake_target_skip_unavailable=False, continue_on_error=False, event_handlers=None, executor='parallel', ignore_user_meta=False, install_base='install', log_base=None, log_level=None, main=<bound method BuildVerb.main of <colcon_core.verb.build.BuildVerb object at 0x7f79ca9e4e80>>, merge_install=False, metas=['./colcon.meta'], packages_above=None, packages_above_and_dependencies=None, packages_above_depth=None, packages_end=None, packages_ignore=None, packages_ignore_regex=None, packages_select=None, packages_select_build_failed=False, packages_select_by_dep=None, packages_select_regex=None, packages_select_test_failures=False, packages_skip=None, packages_skip_build_finished=False, packages_skip_by_dep=None, packages_skip_regex=None, packages_skip_test_passed=False, packages_skip_up_to=None, packages_start=None, packages_up_to=None, packages_up_to_regex=None, parallel_workers=12, paths=None, symlink_install=True, test_result_base=None, verb_extension=<colcon_core.verb.build.BuildVerb object at 0x7f79ca9e4e80>, verb_name='build', verb_parser=<colcon_defaults.argument_parser.defaults.DefaultArgumentsDecorator object at 0x7f79ca96e430>)
[0.105s] Level 1:colcon.colcon_core.package_discovery:discover_packages(colcon_meta) check parameters
[0.105s] Level 1:colcon.colcon_core.package_discovery:discover_packages(recursive) check parameters
[0.105s] Level 1:colcon.colcon_core.package_discovery:discover_packages(ignore) check parameters
[0.105s] Level 1:colcon.colcon_core.package_discovery:discover_packages(path) check parameters
[0.105s] Level 1:colcon.colcon_core.package_discovery:discover_packages(colcon_meta) discover
[0.105s] Level 1:colcon.colcon_core.package_discovery:discover_packages(recursive) discover
[0.105s] INFO:colcon.colcon_core.package_discovery:Crawling recursively for packages in '/home/ineogi2/ws/Biorobotics/ros2_ws'
[0.105s] Level 1:colcon.colcon_core.package_identification:_identify(.) by extensions ['ignore', 'ignore_ament_install']
[0.105s] Level 1:colcon.colcon_core.package_identification:_identify(.) by extension 'ignore'
[0.105s] Level 1:colcon.colcon_core.package_identification:_identify(.) by extension 'ignore_ament_install'
[0.105s] Level 1:colcon.colcon_core.package_identification:_identify(.) by extensions ['colcon_pkg']
[0.105s] Level 1:colcon.colcon_core.package_identification:_identify(.) by extension 'colcon_pkg'
[0.105s] Level 1:colcon.colcon_core.package_identification:_identify(.) by extensions ['colcon_meta']
[0.105s] Level 1:colcon.colcon_core.package_identification:_identify(.) by extension 'colcon_meta'
[0.105s] Level 1:colcon.colcon_core.package_identification:_identify(.) by extensions ['ros']
[0.105s] Level 1:colcon.colcon_core.package_identification:_identify(.) by extension 'ros'
[0.113s] Level 1:colcon.colcon_core.package_identification:_identify(.) by extensions ['cmake', 'python']
[0.113s] Level 1:colcon.colcon_core.package_identification:_identify(.) by extension 'cmake'
[0.113s] Level 1:colcon.colcon_core.package_identification:_identify(.) by extension 'python'
[0.113s] Level 1:colcon.colcon_core.package_identification:_identify(.) by extensions ['python_setup_py']
[0.113s] Level 1:colcon.colcon_core.package_identification:_identify(.) by extension 'python_setup_py'
[0.113s] Level 1:colcon.colcon_core.package_identification:_identify(build) by extensions ['ignore', 'ignore_ament_install']
[0.113s] Level 1:colcon.colcon_core.package_identification:_identify(build) by extension 'ignore'
[0.113s] Level 1:colcon.colcon_core.package_identification:_identify(build) ignored
[0.113s] Level 1:colcon.colcon_core.package_identification:_identify(install) by extensions ['ignore', 'ignore_ament_install']
[0.113s] Level 1:colcon.colcon_core.package_identification:_identify(install) by extension 'ignore'
[0.113s] Level 1:colcon.colcon_core.package_identification:_identify(install) ignored
[0.113s] Level 1:colcon.colcon_core.package_identification:_identify(log) by extensions ['ignore', 'ignore_ament_install']
[0.113s] Level 1:colcon.colcon_core.package_identification:_identify(log) by extension 'ignore'
[0.113s] Level 1:colcon.colcon_core.package_identification:_identify(log) ignored
[0.113s] Level 1:colcon.colcon_core.package_identification:_identify(src) by extensions ['ignore', 'ignore_ament_install']
[0.113s] Level 1:colcon.colcon_core.package_identification:_identify(src) by extension 'ignore'
[0.113s] Level 1:colcon.colcon_core.package_identification:_identify(src) by extension 'ignore_ament_install'
[0.113s] Level 1:colcon.colcon_core.package_identification:_identify(src) by extensions ['colcon_pkg']
[0.113s] Level 1:colcon.colcon_core.package_identification:_identify(src) by extension 'colcon_pkg'
[0.113s] Level 1:colcon.colcon_core.package_identification:_identify(src) by extensions ['colcon_meta']
[0.113s] Level 1:colcon.colcon_core.package_identification:_identify(src) by extension 'colcon_meta'
[0.114s] Level 1:colcon.colcon_core.package_identification:_identify(src) by extensions ['ros']
[0.114s] Level 1:colcon.colcon_core.package_identification:_identify(src) by extension 'ros'
[0.114s] Level 1:colcon.colcon_core.package_identification:_identify(src) by extensions ['cmake', 'python']
[0.114s] Level 1:colcon.colcon_core.package_identification:_identify(src) by extension 'cmake'
[0.114s] Level 1:colcon.colcon_core.package_identification:_identify(src) by extension 'python'
[0.114s] Level 1:colcon.colcon_core.package_identification:_identify(src) by extensions ['python_setup_py']
[0.114s] Level 1:colcon.colcon_core.package_identification:_identify(src) by extension 'python_setup_py'
[0.114s] Level 1:colcon.colcon_core.package_identification:_identify(src/realsense-ros) by extensions ['ignore', 'ignore_ament_install']
[0.114s] Level 1:colcon.colcon_core.package_identification:_identify(src/realsense-ros) by extension 'ignore'
[0.114s] Level 1:colcon.colcon_core.package_identification:_identify(src/realsense-ros) by extension 'ignore_ament_install'
[0.114s] Level 1:colcon.colcon_core.package_identification:_identify(src/realsense-ros) by extensions ['colcon_pkg']
[0.114s] Level 1:colcon.colcon_core.package_identification:_identify(src/realsense-ros) by extension 'colcon_pkg'
[0.114s] Level 1:colcon.colcon_core.package_identification:_identify(src/realsense-ros) by extensions ['colcon_meta']
[0.114s] Level 1:colcon.colcon_core.package_identification:_identify(src/realsense-ros) by extension 'colcon_meta'
[0.114s] Level 1:colcon.colcon_core.package_identification:_identify(src/realsense-ros) by extensions ['ros']
[0.114s] Level 1:colcon.colcon_core.package_identification:_identify(src/realsense-ros) by extension 'ros'
[0.114s] Level 1:colcon.colcon_core.package_identification:_identify(src/realsense-ros) by extensions ['cmake', 'python']
[0.114s] Level 1:colcon.colcon_core.package_identification:_identify(src/realsense-ros) by extension 'cmake'
[0.114s] Level 1:colcon.colcon_core.package_identification:_identify(src/realsense-ros) by extension 'python'
[0.114s] Level 1:colcon.colcon_core.package_identification:_identify(src/realsense-ros) by extensions ['python_setup_py']
[0.114s] Level 1:colcon.colcon_core.package_identification:_identify(src/realsense-ros) by extension 'python_setup_py'
[0.114s] Level 1:colcon.colcon_core.package_identification:_identify(src/realsense-ros/realsense2_camera) by extensions ['ignore', 'ignore_ament_install']
[0.114s] Level 1:colcon.colcon_core.package_identification:_identify(src/realsense-ros/realsense2_camera) by extension 'ignore'
[0.114s] Level 1:colcon.colcon_core.package_identification:_identify(src/realsense-ros/realsense2_camera) by extension 'ignore_ament_install'
[0.114s] Level 1:colcon.colcon_core.package_identification:_identify(src/realsense-ros/realsense2_camera) by extensions ['colcon_pkg']
[0.114s] Level 1:colcon.colcon_core.package_identification:_identify(src/realsense-ros/realsense2_camera) by extension 'colcon_pkg'
[0.115s] Level 1:colcon.colcon_core.package_identification:_identify(src/realsense-ros/realsense2_camera) by extensions ['colcon_meta']
[0.115s] Level 1:colcon.colcon_core.package_identification:_identify(src/realsense-ros/realsense2_camera) by extension 'colcon_meta'
[0.115s] Level 1:colcon.colcon_core.package_identification:_identify(src/realsense-ros/realsense2_camera) by extensions ['ros']
[0.115s] Level 1:colcon.colcon_core.package_identification:_identify(src/realsense-ros/realsense2_camera) by extension 'ros'
[0.118s] DEBUG:colcon.colcon_core.package_identification:Package 'src/realsense-ros/realsense2_camera' with type 'ros.ament_cmake' and name 'realsense2_camera'
[0.118s] Level 1:colcon.colcon_core.package_identification:_identify(src/realsense-ros/realsense2_camera_msgs) by extensions ['ignore', 'ignore_ament_install']
[0.118s] Level 1:colcon.colcon_core.package_identification:_identify(src/realsense-ros/realsense2_camera_msgs) by extension 'ignore'
[0.118s] Level 1:colcon.colcon_core.package_identification:_identify(src/realsense-ros/realsense2_camera_msgs) by extension 'ignore_ament_install'
[0.118s] Level 1:colcon.colcon_core.package_identification:_identify(src/realsense-ros/realsense2_camera_msgs) by extensions ['colcon_pkg']
[0.118s] Level 1:colcon.colcon_core.package_identification:_identify(src/realsense-ros/realsense2_camera_msgs) by extension 'colcon_pkg'
[0.118s] Level 1:colcon.colcon_core.package_identification:_identify(src/realsense-ros/realsense2_camera_msgs) by extensions ['colcon_meta']
[0.118s] Level 1:colcon.colcon_core.package_identification:_identify(src/realsense-ros/realsense2_camera_msgs) by extension 'colcon_meta'
[0.118s] Level 1:colcon.colcon_core.package_identification:_identify(src/realsense-ros/realsense2_camera_msgs) by extensions ['ros']
[0.118s] Level 1:colcon.colcon_core.package_identification:_identify(src/realsense-ros/realsense2_camera_msgs) by extension 'ros'
[0.118s] DEBUG:colcon.colcon_core.package_identification:Package 'src/realsense-ros/realsense2_camera_msgs' with type 'ros.ament_cmake' and name 'realsense2_camera_msgs'
[0.118s] Level 1:colcon.colcon_core.package_identification:_identify(src/realsense-ros/realsense2_description) by extensions ['ignore', 'ignore_ament_install']
[0.118s] Level 1:colcon.colcon_core.package_identification:_identify(src/realsense-ros/realsense2_description) by extension 'ignore'
[0.118s] Level 1:colcon.colcon_core.package_identification:_identify(src/realsense-ros/realsense2_description) by extension 'ignore_ament_install'
[0.119s] Level 1:colcon.colcon_core.package_identification:_identify(src/realsense-ros/realsense2_description) by extensions ['colcon_pkg']
[0.119s] Level 1:colcon.colcon_core.package_identification:_identify(src/realsense-ros/realsense2_description) by extension 'colcon_pkg'
[0.119s] Level 1:colcon.colcon_core.package_identification:_identify(src/realsense-ros/realsense2_description) by extensions ['colcon_meta']
[0.119s] Level 1:colcon.colcon_core.package_identification:_identify(src/realsense-ros/realsense2_description) by extension 'colcon_meta'
[0.119s] Level 1:colcon.colcon_core.package_identification:_identify(src/realsense-ros/realsense2_description) by extensions ['ros']
[0.119s] Level 1:colcon.colcon_core.package_identification:_identify(src/realsense-ros/realsense2_description) by extension 'ros'
[0.119s] DEBUG:colcon.colcon_core.package_identification:Package 'src/realsense-ros/realsense2_description' with type 'ros.ament_cmake' and name 'realsense2_description'
[0.119s] Level 1:colcon.colcon_core.package_discovery:discover_packages(recursive) using defaults
[0.119s] Level 1:colcon.colcon_core.package_discovery:discover_packages(ignore) discover
[0.119s] Level 1:colcon.colcon_core.package_discovery:discover_packages(ignore) using defaults
[0.119s] Level 1:colcon.colcon_core.package_discovery:discover_packages(path) discover
[0.119s] Level 1:colcon.colcon_core.package_discovery:discover_packages(path) using defaults
[0.131s] Level 1:colcon.colcon_core.package_discovery:discover_packages(prefix_path) check parameters
[0.131s] Level 1:colcon.colcon_core.package_discovery:discover_packages(prefix_path) discover
[0.132s] DEBUG:colcon.colcon_installed_package_information.package_discovery:Found 3 installed packages in /home/ineogi2/ws/Biorobotics/ros2_ws/install
[0.133s] DEBUG:colcon.colcon_installed_package_information.package_discovery:Found 261 installed packages in /opt/ros/foxy
[0.134s] Level 1:colcon.colcon_core.package_discovery:discover_packages(prefix_path) using defaults
[0.188s] Level 5:colcon.colcon_core.verb:set package 'realsense2_camera_msgs' build argument 'cmake_args' from command line to 'None'
[0.188s] Level 5:colcon.colcon_core.verb:set package 'realsense2_camera_msgs' build argument 'cmake_target' from command line to 'None'
[0.188s] Level 5:colcon.colcon_core.verb:set package 'realsense2_camera_msgs' build argument 'cmake_target_skip_unavailable' from command line to 'False'
[0.188s] Level 5:colcon.colcon_core.verb:set package 'realsense2_camera_msgs' build argument 'cmake_clean_cache' from command line to 'False'
[0.188s] Level 5:colcon.colcon_core.verb:set package 'realsense2_camera_msgs' build argument 'cmake_clean_first' from command line to 'False'
[0.188s] Level 5:colcon.colcon_core.verb:set package 'realsense2_camera_msgs' build argument 'cmake_force_configure' from command line to 'False'
[0.188s] Level 5:colcon.colcon_core.verb:set package 'realsense2_camera_msgs' build argument 'ament_cmake_args' from command line to 'None'
[0.188s] Level 5:colcon.colcon_core.verb:set package 'realsense2_camera_msgs' build argument 'catkin_cmake_args' from command line to 'None'
[0.188s] Level 5:colcon.colcon_core.verb:set package 'realsense2_camera_msgs' build argument 'catkin_skip_building_tests' from command line to 'False'
[0.188s] DEBUG:colcon.colcon_core.verb:Building package 'realsense2_camera_msgs' with the following arguments: {'ament_cmake_args': None, 'build_base': '/home/ineogi2/ws/Biorobotics/ros2_ws/build/realsense2_camera_msgs', 'catkin_cmake_args': None, 'catkin_skip_building_tests': False, 'cmake_args': None, 'cmake_clean_cache': False, 'cmake_clean_first': False, 'cmake_force_configure': False, 'cmake_target': None, 'cmake_target_skip_unavailable': False, 'install_base': '/home/ineogi2/ws/Biorobotics/ros2_ws/install/realsense2_camera_msgs', 'merge_install': False, 'path': '/home/ineogi2/ws/Biorobotics/ros2_ws/src/realsense-ros/realsense2_camera_msgs', 'symlink_install': True, 'test_result_base': None}
[0.188s] Level 5:colcon.colcon_core.verb:set package 'realsense2_camera' build argument 'cmake_args' from command line to 'None'
[0.188s] Level 5:colcon.colcon_core.verb:set package 'realsense2_camera' build argument 'cmake_target' from command line to 'None'
[0.188s] Level 5:colcon.colcon_core.verb:set package 'realsense2_camera' build argument 'cmake_target_skip_unavailable' from command line to 'False'
[0.188s] Level 5:colcon.colcon_core.verb:set package 'realsense2_camera' build argument 'cmake_clean_cache' from command line to 'False'
[0.189s] Level 5:colcon.colcon_core.verb:set package 'realsense2_camera' build argument 'cmake_clean_first' from command line to 'False'
[0.189s] Level 5:colcon.colcon_core.verb:set package 'realsense2_camera' build argument 'cmake_force_configure' from command line to 'False'
[0.189s] Level 5:colcon.colcon_core.verb:set package 'realsense2_camera' build argument 'ament_cmake_args' from command line to 'None'
[0.189s] Level 5:colcon.colcon_core.verb:set package 'realsense2_camera' build argument 'catkin_cmake_args' from command line to 'None'
[0.189s] Level 5:colcon.colcon_core.verb:set package 'realsense2_camera' build argument 'catkin_skip_building_tests' from command line to 'False'
[0.189s] DEBUG:colcon.colcon_core.verb:Building package 'realsense2_camera' with the following arguments: {'ament_cmake_args': None, 'build_base': '/home/ineogi2/ws/Biorobotics/ros2_ws/build/realsense2_camera', 'catkin_cmake_args': None, 'catkin_skip_building_tests': False, 'cmake_args': None, 'cmake_clean_cache': False, 'cmake_clean_first': False, 'cmake_force_configure': False, 'cmake_target': None, 'cmake_target_skip_unavailable': False, 'install_base': '/home/ineogi2/ws/Biorobotics/ros2_ws/install/realsense2_camera', 'merge_install': False, 'path': '/home/ineogi2/ws/Biorobotics/ros2_ws/src/realsense-ros/realsense2_camera', 'symlink_install': True, 'test_result_base': None}
[0.189s] Level 5:colcon.colcon_core.verb:set package 'realsense2_description' build argument 'cmake_args' from command line to 'None'
[0.189s] Level 5:colcon.colcon_core.verb:set package 'realsense2_description' build argument 'cmake_target' from command line to 'None'
[0.189s] Level 5:colcon.colcon_core.verb:set package 'realsense2_description' build argument 'cmake_target_skip_unavailable' from command line to 'False'
[0.189s] Level 5:colcon.colcon_core.verb:set package 'realsense2_description' build argument 'cmake_clean_cache' from command line to 'False'
[0.189s] Level 5:colcon.colcon_core.verb:set package 'realsense2_description' build argument 'cmake_clean_first' from command line to 'False'
[0.189s] Level 5:colcon.colcon_core.verb:set package 'realsense2_description' build argument 'cmake_force_configure' from command line to 'False'
[0.189s] Level 5:colcon.colcon_core.verb:set package 'realsense2_description' build argument 'ament_cmake_args' from command line to 'None'
[0.189s] Level 5:colcon.colcon_core.verb:set package 'realsense2_description' build argument 'catkin_cmake_args' from command line to 'None'
[0.189s] Level 5:colcon.colcon_core.verb:set package 'realsense2_description' build argument 'catkin_skip_building_tests' from command line to 'False'
[0.189s] DEBUG:colcon.colcon_core.verb:Building package 'realsense2_description' with the following arguments: {'ament_cmake_args': None, 'build_base': '/home/ineogi2/ws/Biorobotics/ros2_ws/build/realsense2_description', 'catkin_cmake_args': None, 'catkin_skip_building_tests': False, 'cmake_args': None, 'cmake_clean_cache': False, 'cmake_clean_first': False, 'cmake_force_configure': False, 'cmake_target': None, 'cmake_target_skip_unavailable': False, 'install_base': '/home/ineogi2/ws/Biorobotics/ros2_ws/install/realsense2_description', 'merge_install': False, 'path': '/home/ineogi2/ws/Biorobotics/ros2_ws/src/realsense-ros/realsense2_description', 'symlink_install': True, 'test_result_base': None}
[0.189s] INFO:colcon.colcon_core.executor:Executing jobs using 'parallel' executor
[0.191s] DEBUG:colcon.colcon_parallel_executor.executor.parallel:run_until_complete
[0.191s] INFO:colcon.colcon_ros.task.ament_cmake.build:Building ROS package in '/home/ineogi2/ws/Biorobotics/ros2_ws/src/realsense-ros/realsense2_camera_msgs' with build type 'ament_cmake'
[0.191s] INFO:colcon.colcon_cmake.task.cmake.build:Building CMake package in '/home/ineogi2/ws/Biorobotics/ros2_ws/src/realsense-ros/realsense2_camera_msgs'
[0.194s] INFO:colcon.colcon_core.plugin_system:Skipping extension 'colcon_core.shell.bat': Not used on non-Windows systems
[0.194s] INFO:colcon.colcon_core.shell:Skip shell extension 'powershell' for command environment: Not usable outside of PowerShell
[0.194s] DEBUG:colcon.colcon_core.shell:Skip shell extension 'dsv' for command environment
[0.201s] DEBUG:colcon.colcon_core.event_handler.log_command:Invoking command in '/home/ineogi2/ws/Biorobotics/ros2_ws/build/realsense2_camera_msgs': CMAKE_PREFIX_PATH=/opt/ros/foxy /usr/bin/cmake --build /home/ineogi2/ws/Biorobotics/ros2_ws/build/realsense2_camera_msgs -- -j12 -l12
[0.341s] DEBUG:colcon.colcon_core.event_handler.log_command:Invoked command in '/home/ineogi2/ws/Biorobotics/ros2_ws/build/realsense2_camera_msgs' returned '0': CMAKE_PREFIX_PATH=/opt/ros/foxy /usr/bin/cmake --build /home/ineogi2/ws/Biorobotics/ros2_ws/build/realsense2_camera_msgs -- -j12 -l12
[0.394s] DEBUG:colcon.colcon_core.event_handler.log_command:Invoking command in '/home/ineogi2/ws/Biorobotics/ros2_ws/build/realsense2_camera_msgs': CMAKE_PREFIX_PATH=/opt/ros/foxy /usr/bin/cmake --install /home/ineogi2/ws/Biorobotics/ros2_ws/build/realsense2_camera_msgs
[0.449s] Level 1:colcon.colcon_core.environment:create_environment_scripts_only(realsense2_camera_msgs)
[0.450s] DEBUG:colcon.colcon_core.event_handler.log_command:Invoked command in '/home/ineogi2/ws/Biorobotics/ros2_ws/build/realsense2_camera_msgs' returned '0': CMAKE_PREFIX_PATH=/opt/ros/foxy /usr/bin/cmake --install /home/ineogi2/ws/Biorobotics/ros2_ws/build/realsense2_camera_msgs
[0.452s] Level 1:colcon.colcon_core.environment:checking '/home/ineogi2/ws/Biorobotics/ros2_ws/install/realsense2_camera_msgs' for CMake module files
[0.453s] Level 1:colcon.colcon_core.environment:checking '/home/ineogi2/ws/Biorobotics/ros2_ws/install/realsense2_camera_msgs' for CMake config files
[0.453s] Level 1:colcon.colcon_core.shell:create_environment_hook('realsense2_camera_msgs', 'cmake_prefix_path')
[0.453s] INFO:colcon.colcon_core.shell:Creating environment hook '/home/ineogi2/ws/Biorobotics/ros2_ws/install/realsense2_camera_msgs/share/realsense2_camera_msgs/hook/cmake_prefix_path.ps1'
[0.454s] INFO:colcon.colcon_core.shell:Creating environment descriptor '/home/ineogi2/ws/Biorobotics/ros2_ws/install/realsense2_camera_msgs/share/realsense2_camera_msgs/hook/cmake_prefix_path.dsv'
[0.454s] INFO:colcon.colcon_core.shell:Creating environment hook '/home/ineogi2/ws/Biorobotics/ros2_ws/install/realsense2_camera_msgs/share/realsense2_camera_msgs/hook/cmake_prefix_path.sh'
[0.455s] Level 1:colcon.colcon_core.environment:checking '/home/ineogi2/ws/Biorobotics/ros2_ws/install/realsense2_camera_msgs/lib'
[0.455s] Level 1:colcon.colcon_core.shell:create_environment_hook('realsense2_camera_msgs', 'ld_library_path_lib')
[0.455s] INFO:colcon.colcon_core.shell:Creating environment hook '/home/ineogi2/ws/Biorobotics/ros2_ws/install/realsense2_camera_msgs/share/realsense2_camera_msgs/hook/ld_library_path_lib.ps1'
[0.455s] INFO:colcon.colcon_core.shell:Creating environment descriptor '/home/ineogi2/ws/Biorobotics/ros2_ws/install/realsense2_camera_msgs/share/realsense2_camera_msgs/hook/ld_library_path_lib.dsv'
[0.456s] INFO:colcon.colcon_core.shell:Creating environment hook '/home/ineogi2/ws/Biorobotics/ros2_ws/install/realsense2_camera_msgs/share/realsense2_camera_msgs/hook/ld_library_path_lib.sh'
[0.456s] Level 1:colcon.colcon_core.environment:checking '/home/ineogi2/ws/Biorobotics/ros2_ws/install/realsense2_camera_msgs/bin'
[0.456s] Level 1:colcon.colcon_core.environment:checking '/home/ineogi2/ws/Biorobotics/ros2_ws/install/realsense2_camera_msgs/lib/pkgconfig/realsense2_camera_msgs.pc'
[0.456s] Level 1:colcon.colcon_core.environment:checking '/home/ineogi2/ws/Biorobotics/ros2_ws/install/realsense2_camera_msgs/lib/python3.8/site-packages'
[0.456s] Level 1:colcon.colcon_core.shell:create_environment_hook('realsense2_camera_msgs', 'pythonpath')
[0.456s] INFO:colcon.colcon_core.shell:Creating environment hook '/home/ineogi2/ws/Biorobotics/ros2_ws/install/realsense2_camera_msgs/share/realsense2_camera_msgs/hook/pythonpath.ps1'
[0.457s] INFO:colcon.colcon_core.shell:Creating environment descriptor '/home/ineogi2/ws/Biorobotics/ros2_ws/install/realsense2_camera_msgs/share/realsense2_camera_msgs/hook/pythonpath.dsv'
[0.457s] INFO:colcon.colcon_core.shell:Creating environment hook '/home/ineogi2/ws/Biorobotics/ros2_ws/install/realsense2_camera_msgs/share/realsense2_camera_msgs/hook/pythonpath.sh'
[0.457s] Level 1:colcon.colcon_core.environment:checking '/home/ineogi2/ws/Biorobotics/ros2_ws/install/realsense2_camera_msgs/bin'
[0.458s] INFO:colcon.colcon_core.shell:Creating package script '/home/ineogi2/ws/Biorobotics/ros2_ws/install/realsense2_camera_msgs/share/realsense2_camera_msgs/package.ps1'
[0.458s] INFO:colcon.colcon_core.shell:Creating package descriptor '/home/ineogi2/ws/Biorobotics/ros2_ws/install/realsense2_camera_msgs/share/realsense2_camera_msgs/package.dsv'
[0.459s] INFO:colcon.colcon_core.shell:Creating package script '/home/ineogi2/ws/Biorobotics/ros2_ws/install/realsense2_camera_msgs/share/realsense2_camera_msgs/package.sh'
[0.459s] INFO:colcon.colcon_core.shell:Creating package script '/home/ineogi2/ws/Biorobotics/ros2_ws/install/realsense2_camera_msgs/share/realsense2_camera_msgs/package.bash'
[0.460s] INFO:colcon.colcon_core.shell:Creating package script '/home/ineogi2/ws/Biorobotics/ros2_ws/install/realsense2_camera_msgs/share/realsense2_camera_msgs/package.zsh'
[0.460s] Level 1:colcon.colcon_core.environment:create_file_with_runtime_dependencies(/home/ineogi2/ws/Biorobotics/ros2_ws/install/realsense2_camera_msgs/share/colcon-core/packages/realsense2_camera_msgs)
[0.508s] Level 1:colcon.colcon_core.environment:create_environment_scripts_only(realsense2_camera_msgs)
[0.508s] Level 1:colcon.colcon_core.environment:checking '/home/ineogi2/ws/Biorobotics/ros2_ws/install/realsense2_camera_msgs' for CMake module files
[0.509s] Level 1:colcon.colcon_core.environment:checking '/home/ineogi2/ws/Biorobotics/ros2_ws/install/realsense2_camera_msgs' for CMake config files
[0.509s] Level 1:colcon.colcon_core.shell:create_environment_hook('realsense2_camera_msgs', 'cmake_prefix_path')
[0.509s] INFO:colcon.colcon_core.shell:Creating environment hook '/home/ineogi2/ws/Biorobotics/ros2_ws/install/realsense2_camera_msgs/share/realsense2_camera_msgs/hook/cmake_prefix_path.ps1'
[0.510s] INFO:colcon.colcon_core.shell:Creating environment descriptor '/home/ineogi2/ws/Biorobotics/ros2_ws/install/realsense2_camera_msgs/share/realsense2_camera_msgs/hook/cmake_prefix_path.dsv'
[0.510s] INFO:colcon.colcon_core.shell:Creating environment hook '/home/ineogi2/ws/Biorobotics/ros2_ws/install/realsense2_camera_msgs/share/realsense2_camera_msgs/hook/cmake_prefix_path.sh'
[0.510s] Level 1:colcon.colcon_core.environment:checking '/home/ineogi2/ws/Biorobotics/ros2_ws/install/realsense2_camera_msgs/lib'
[0.510s] Level 1:colcon.colcon_core.shell:create_environment_hook('realsense2_camera_msgs', 'ld_library_path_lib')
[0.511s] INFO:colcon.colcon_core.shell:Creating environment hook '/home/ineogi2/ws/Biorobotics/ros2_ws/install/realsense2_camera_msgs/share/realsense2_camera_msgs/hook/ld_library_path_lib.ps1'
[0.511s] INFO:colcon.colcon_core.shell:Creating environment descriptor '/home/ineogi2/ws/Biorobotics/ros2_ws/install/realsense2_camera_msgs/share/realsense2_camera_msgs/hook/ld_library_path_lib.dsv'
[0.511s] INFO:colcon.colcon_core.shell:Creating environment hook '/home/ineogi2/ws/Biorobotics/ros2_ws/install/realsense2_camera_msgs/share/realsense2_camera_msgs/hook/ld_library_path_lib.sh'
[0.511s] Level 1:colcon.colcon_core.environment:checking '/home/ineogi2/ws/Biorobotics/ros2_ws/install/realsense2_camera_msgs/bin'
[0.511s] Level 1:colcon.colcon_core.environment:checking '/home/ineogi2/ws/Biorobotics/ros2_ws/install/realsense2_camera_msgs/lib/pkgconfig/realsense2_camera_msgs.pc'
[0.512s] Level 1:colcon.colcon_core.environment:checking '/home/ineogi2/ws/Biorobotics/ros2_ws/install/realsense2_camera_msgs/lib/python3.8/site-packages'
[0.512s] Level 1:colcon.colcon_core.shell:create_environment_hook('realsense2_camera_msgs', 'pythonpath')
[0.512s] INFO:colcon.colcon_core.shell:Creating environment hook '/home/ineogi2/ws/Biorobotics/ros2_ws/install/realsense2_camera_msgs/share/realsense2_camera_msgs/hook/pythonpath.ps1'
[0.512s] INFO:colcon.colcon_core.shell:Creating environment descriptor '/home/ineogi2/ws/Biorobotics/ros2_ws/install/realsense2_camera_msgs/share/realsense2_camera_msgs/hook/pythonpath.dsv'
[0.512s] INFO:colcon.colcon_core.shell:Creating environment hook '/home/ineogi2/ws/Biorobotics/ros2_ws/install/realsense2_camera_msgs/share/realsense2_camera_msgs/hook/pythonpath.sh'
[0.513s] Level 1:colcon.colcon_core.environment:checking '/home/ineogi2/ws/Biorobotics/ros2_ws/install/realsense2_camera_msgs/bin'
[0.513s] INFO:colcon.colcon_core.shell:Creating package script '/home/ineogi2/ws/Biorobotics/ros2_ws/install/realsense2_camera_msgs/share/realsense2_camera_msgs/package.ps1'
[0.513s] INFO:colcon.colcon_core.shell:Creating package descriptor '/home/ineogi2/ws/Biorobotics/ros2_ws/install/realsense2_camera_msgs/share/realsense2_camera_msgs/package.dsv'
[0.514s] INFO:colcon.colcon_core.shell:Creating package script '/home/ineogi2/ws/Biorobotics/ros2_ws/install/realsense2_camera_msgs/share/realsense2_camera_msgs/package.sh'
[0.514s] INFO:colcon.colcon_core.shell:Creating package script '/home/ineogi2/ws/Biorobotics/ros2_ws/install/realsense2_camera_msgs/share/realsense2_camera_msgs/package.bash'
[0.514s] INFO:colcon.colcon_core.shell:Creating package script '/home/ineogi2/ws/Biorobotics/ros2_ws/install/realsense2_camera_msgs/share/realsense2_camera_msgs/package.zsh'
[0.515s] Level 1:colcon.colcon_core.environment:create_file_with_runtime_dependencies(/home/ineogi2/ws/Biorobotics/ros2_ws/install/realsense2_camera_msgs/share/colcon-core/packages/realsense2_camera_msgs)
[0.515s] INFO:colcon.colcon_ros.task.ament_cmake.build:Building ROS package in '/home/ineogi2/ws/Biorobotics/ros2_ws/src/realsense-ros/realsense2_camera' with build type 'ament_cmake'
[0.515s] INFO:colcon.colcon_cmake.task.cmake.build:Building CMake package in '/home/ineogi2/ws/Biorobotics/ros2_ws/src/realsense-ros/realsense2_camera'
[0.515s] INFO:colcon.colcon_core.shell:Skip shell extension 'powershell' for command environment: Not usable outside of PowerShell
[0.515s] DEBUG:colcon.colcon_core.shell:Skip shell extension 'dsv' for command environment
[0.519s] INFO:colcon.colcon_ros.task.ament_cmake.build:Building ROS package in '/home/ineogi2/ws/Biorobotics/ros2_ws/src/realsense-ros/realsense2_description' with build type 'ament_cmake'
[0.519s] INFO:colcon.colcon_cmake.task.cmake.build:Building CMake package in '/home/ineogi2/ws/Biorobotics/ros2_ws/src/realsense-ros/realsense2_description'
[0.520s] INFO:colcon.colcon_core.shell:Skip shell extension 'powershell' for command environment: Not usable outside of PowerShell
[0.520s] DEBUG:colcon.colcon_core.shell:Skip shell extension 'dsv' for command environment
[0.527s] DEBUG:colcon.colcon_core.event_handler.log_command:Invoking command in '/home/ineogi2/ws/Biorobotics/ros2_ws/build/realsense2_camera': AMENT_PREFIX_PATH=/home/ineogi2/ws/Biorobotics/ros2_ws/install/realsense2_camera_msgs:${AMENT_PREFIX_PATH} CMAKE_PREFIX_PATH=/home/ineogi2/ws/Biorobotics/ros2_ws/install/realsense2_camera_msgs:/opt/ros/foxy LD_LIBRARY_PATH=/home/ineogi2/ws/Biorobotics/ros2_ws/install/realsense2_camera_msgs/lib:${LD_LIBRARY_PATH} PYTHONPATH=/home/ineogi2/ws/Biorobotics/ros2_ws/install/realsense2_camera_msgs/lib/python3.8/site-packages:${PYTHONPATH} /usr/bin/cmake /home/ineogi2/ws/Biorobotics/ros2_ws/src/realsense-ros/realsense2_camera -DAMENT_CMAKE_SYMLINK_INSTALL=1 -DCMAKE_INSTALL_PREFIX=/home/ineogi2/ws/Biorobotics/ros2_ws/install/realsense2_camera
[0.530s] DEBUG:colcon.colcon_core.event_handler.log_command:Invoking command in '/home/ineogi2/ws/Biorobotics/ros2_ws/build/realsense2_description': AMENT_PREFIX_PATH=/home/ineogi2/ws/Biorobotics/ros2_ws/install/realsense2_camera_msgs:${AMENT_PREFIX_PATH} CMAKE_PREFIX_PATH=/home/ineogi2/ws/Biorobotics/ros2_ws/install/realsense2_camera_msgs:/opt/ros/foxy LD_LIBRARY_PATH=/home/ineogi2/ws/Biorobotics/ros2_ws/install/realsense2_camera_msgs/lib:${LD_LIBRARY_PATH} PYTHONPATH=/home/ineogi2/ws/Biorobotics/ros2_ws/install/realsense2_camera_msgs/lib/python3.8/site-packages:${PYTHONPATH} /usr/bin/cmake --build /home/ineogi2/ws/Biorobotics/ros2_ws/build/realsense2_description -- -j12 -l12
[0.556s] DEBUG:colcon.colcon_core.event_handler.log_command:Invoked command in '/home/ineogi2/ws/Biorobotics/ros2_ws/build/realsense2_description' returned '0': AMENT_PREFIX_PATH=/home/ineogi2/ws/Biorobotics/ros2_ws/install/realsense2_camera_msgs:${AMENT_PREFIX_PATH} CMAKE_PREFIX_PATH=/home/ineogi2/ws/Biorobotics/ros2_ws/install/realsense2_camera_msgs:/opt/ros/foxy LD_LIBRARY_PATH=/home/ineogi2/ws/Biorobotics/ros2_ws/install/realsense2_camera_msgs/lib:${LD_LIBRARY_PATH} PYTHONPATH=/home/ineogi2/ws/Biorobotics/ros2_ws/install/realsense2_camera_msgs/lib/python3.8/site-packages:${PYTHONPATH} /usr/bin/cmake --build /home/ineogi2/ws/Biorobotics/ros2_ws/build/realsense2_description -- -j12 -l12
[0.569s] DEBUG:colcon.colcon_core.event_handler.log_command:Invoking command in '/home/ineogi2/ws/Biorobotics/ros2_ws/build/realsense2_description': AMENT_PREFIX_PATH=/home/ineogi2/ws/Biorobotics/ros2_ws/install/realsense2_camera_msgs:${AMENT_PREFIX_PATH} CMAKE_PREFIX_PATH=/home/ineogi2/ws/Biorobotics/ros2_ws/install/realsense2_camera_msgs:/opt/ros/foxy LD_LIBRARY_PATH=/home/ineogi2/ws/Biorobotics/ros2_ws/install/realsense2_camera_msgs/lib:${LD_LIBRARY_PATH} PYTHONPATH=/home/ineogi2/ws/Biorobotics/ros2_ws/install/realsense2_camera_msgs/lib/python3.8/site-packages:${PYTHONPATH} /usr/bin/cmake --install /home/ineogi2/ws/Biorobotics/ros2_ws/build/realsense2_description
[0.589s] Level 1:colcon.colcon_core.environment:create_environment_scripts_only(realsense2_description)
[0.590s] Level 1:colcon.colcon_core.environment:checking '/home/ineogi2/ws/Biorobotics/ros2_ws/install/realsense2_description' for CMake module files
[0.590s] DEBUG:colcon.colcon_core.event_handler.log_command:Invoked command in '/home/ineogi2/ws/Biorobotics/ros2_ws/build/realsense2_description' returned '0': AMENT_PREFIX_PATH=/home/ineogi2/ws/Biorobotics/ros2_ws/install/realsense2_camera_msgs:${AMENT_PREFIX_PATH} CMAKE_PREFIX_PATH=/home/ineogi2/ws/Biorobotics/ros2_ws/install/realsense2_camera_msgs:/opt/ros/foxy LD_LIBRARY_PATH=/home/ineogi2/ws/Biorobotics/ros2_ws/install/realsense2_camera_msgs/lib:${LD_LIBRARY_PATH} PYTHONPATH=/home/ineogi2/ws/Biorobotics/ros2_ws/install/realsense2_camera_msgs/lib/python3.8/site-packages:${PYTHONPATH} /usr/bin/cmake --install /home/ineogi2/ws/Biorobotics/ros2_ws/build/realsense2_description
[0.590s] Level 1:colcon.colcon_core.environment:checking '/home/ineogi2/ws/Biorobotics/ros2_ws/install/realsense2_description' for CMake config files
[0.590s] Level 1:colcon.colcon_core.shell:create_environment_hook('realsense2_description', 'cmake_prefix_path')
[0.591s] INFO:colcon.colcon_core.shell:Creating environment hook '/home/ineogi2/ws/Biorobotics/ros2_ws/install/realsense2_description/share/realsense2_description/hook/cmake_prefix_path.ps1'
[0.591s] INFO:colcon.colcon_core.shell:Creating environment descriptor '/home/ineogi2/ws/Biorobotics/ros2_ws/install/realsense2_description/share/realsense2_description/hook/cmake_prefix_path.dsv'
[0.591s] INFO:colcon.colcon_core.shell:Creating environment hook '/home/ineogi2/ws/Biorobotics/ros2_ws/install/realsense2_description/share/realsense2_description/hook/cmake_prefix_path.sh'
[0.592s] Level 1:colcon.colcon_core.environment:checking '/home/ineogi2/ws/Biorobotics/ros2_ws/install/realsense2_description/bin'
[0.592s] Level 1:colcon.colcon_core.environment:checking '/home/ineogi2/ws/Biorobotics/ros2_ws/install/realsense2_description/lib/pkgconfig/realsense2_description.pc'
[0.592s] Level 1:colcon.colcon_core.environment:checking '/home/ineogi2/ws/Biorobotics/ros2_ws/install/realsense2_description/lib/python3.8/site-packages'
[0.592s] Level 1:colcon.colcon_core.environment:checking '/home/ineogi2/ws/Biorobotics/ros2_ws/install/realsense2_description/bin'
[0.593s] INFO:colcon.colcon_core.shell:Creating package script '/home/ineogi2/ws/Biorobotics/ros2_ws/install/realsense2_description/share/realsense2_description/package.ps1'
[0.593s] INFO:colcon.colcon_core.shell:Creating package descriptor '/home/ineogi2/ws/Biorobotics/ros2_ws/install/realsense2_description/share/realsense2_description/package.dsv'
[0.593s] INFO:colcon.colcon_core.shell:Creating package script '/home/ineogi2/ws/Biorobotics/ros2_ws/install/realsense2_description/share/realsense2_description/package.sh'
[0.594s] INFO:colcon.colcon_core.shell:Creating package script '/home/ineogi2/ws/Biorobotics/ros2_ws/install/realsense2_description/share/realsense2_description/package.bash'
[0.594s] INFO:colcon.colcon_core.shell:Creating package script '/home/ineogi2/ws/Biorobotics/ros2_ws/install/realsense2_description/share/realsense2_description/package.zsh'
[0.594s] Level 1:colcon.colcon_core.environment:create_file_with_runtime_dependencies(/home/ineogi2/ws/Biorobotics/ros2_ws/install/realsense2_description/share/colcon-core/packages/realsense2_description)
[0.609s] Level 1:colcon.colcon_core.environment:create_environment_scripts_only(realsense2_description)
[0.609s] Level 1:colcon.colcon_core.environment:checking '/home/ineogi2/ws/Biorobotics/ros2_ws/install/realsense2_description' for CMake module files
[0.610s] Level 1:colcon.colcon_core.environment:checking '/home/ineogi2/ws/Biorobotics/ros2_ws/install/realsense2_description' for CMake config files
[0.610s] Level 1:colcon.colcon_core.shell:create_environment_hook('realsense2_description', 'cmake_prefix_path')
[0.610s] INFO:colcon.colcon_core.shell:Creating environment hook '/home/ineogi2/ws/Biorobotics/ros2_ws/install/realsense2_description/share/realsense2_description/hook/cmake_prefix_path.ps1'
[0.611s] INFO:colcon.colcon_core.shell:Creating environment descriptor '/home/ineogi2/ws/Biorobotics/ros2_ws/install/realsense2_description/share/realsense2_description/hook/cmake_prefix_path.dsv'
[0.611s] INFO:colcon.colcon_core.shell:Creating environment hook '/home/ineogi2/ws/Biorobotics/ros2_ws/install/realsense2_description/share/realsense2_description/hook/cmake_prefix_path.sh'
[0.611s] Level 1:colcon.colcon_core.environment:checking '/home/ineogi2/ws/Biorobotics/ros2_ws/install/realsense2_description/bin'
[0.611s] Level 1:colcon.colcon_core.environment:checking '/home/ineogi2/ws/Biorobotics/ros2_ws/install/realsense2_description/lib/pkgconfig/realsense2_description.pc'
[0.612s] Level 1:colcon.colcon_core.environment:checking '/home/ineogi2/ws/Biorobotics/ros2_ws/install/realsense2_description/lib/python3.8/site-packages'
[0.612s] Level 1:colcon.colcon_core.environment:checking '/home/ineogi2/ws/Biorobotics/ros2_ws/install/realsense2_description/bin'
[0.612s] INFO:colcon.colcon_core.shell:Creating package script '/home/ineogi2/ws/Biorobotics/ros2_ws/install/realsense2_description/share/realsense2_description/package.ps1'
[0.612s] INFO:colcon.colcon_core.shell:Creating package descriptor '/home/ineogi2/ws/Biorobotics/ros2_ws/install/realsense2_description/share/realsense2_description/package.dsv'
[0.613s] INFO:colcon.colcon_core.shell:Creating package script '/home/ineogi2/ws/Biorobotics/ros2_ws/install/realsense2_description/share/realsense2_description/package.sh'
[0.613s] INFO:colcon.colcon_core.shell:Creating package script '/home/ineogi2/ws/Biorobotics/ros2_ws/install/realsense2_description/share/realsense2_description/package.bash'
[0.613s] INFO:colcon.colcon_core.shell:Creating package script '/home/ineogi2/ws/Biorobotics/ros2_ws/install/realsense2_description/share/realsense2_description/package.zsh'
[0.613s] Level 1:colcon.colcon_core.environment:create_file_with_runtime_dependencies(/home/ineogi2/ws/Biorobotics/ros2_ws/install/realsense2_description/share/colcon-core/packages/realsense2_description)
[1.536s] DEBUG:colcon.colcon_core.event_handler.log_command:Invoked command in '/home/ineogi2/ws/Biorobotics/ros2_ws/build/realsense2_camera' returned '0': AMENT_PREFIX_PATH=/home/ineogi2/ws/Biorobotics/ros2_ws/install/realsense2_camera_msgs:${AMENT_PREFIX_PATH} CMAKE_PREFIX_PATH=/home/ineogi2/ws/Biorobotics/ros2_ws/install/realsense2_camera_msgs:/opt/ros/foxy LD_LIBRARY_PATH=/home/ineogi2/ws/Biorobotics/ros2_ws/install/realsense2_camera_msgs/lib:${LD_LIBRARY_PATH} PYTHONPATH=/home/ineogi2/ws/Biorobotics/ros2_ws/install/realsense2_camera_msgs/lib/python3.8/site-packages:${PYTHONPATH} /usr/bin/cmake /home/ineogi2/ws/Biorobotics/ros2_ws/src/realsense-ros/realsense2_camera -DAMENT_CMAKE_SYMLINK_INSTALL=1 -DCMAKE_INSTALL_PREFIX=/home/ineogi2/ws/Biorobotics/ros2_ws/install/realsense2_camera
[1.538s] DEBUG:colcon.colcon_core.event_handler.log_command:Invoking command in '/home/ineogi2/ws/Biorobotics/ros2_ws/build/realsense2_camera': AMENT_PREFIX_PATH=/home/ineogi2/ws/Biorobotics/ros2_ws/install/realsense2_camera_msgs:${AMENT_PREFIX_PATH} CMAKE_PREFIX_PATH=/home/ineogi2/ws/Biorobotics/ros2_ws/install/realsense2_camera_msgs:/opt/ros/foxy LD_LIBRARY_PATH=/home/ineogi2/ws/Biorobotics/ros2_ws/install/realsense2_camera_msgs/lib:${LD_LIBRARY_PATH} PYTHONPATH=/home/ineogi2/ws/Biorobotics/ros2_ws/install/realsense2_camera_msgs/lib/python3.8/site-packages:${PYTHONPATH} /usr/bin/cmake --build /home/ineogi2/ws/Biorobotics/ros2_ws/build/realsense2_camera -- -j12 -l12
[20.527s] DEBUG:colcon.colcon_core.event_handler.log_command:Invoked command in '/home/ineogi2/ws/Biorobotics/ros2_ws/build/realsense2_camera' returned '0': AMENT_PREFIX_PATH=/home/ineogi2/ws/Biorobotics/ros2_ws/install/realsense2_camera_msgs:${AMENT_PREFIX_PATH} CMAKE_PREFIX_PATH=/home/ineogi2/ws/Biorobotics/ros2_ws/install/realsense2_camera_msgs:/opt/ros/foxy LD_LIBRARY_PATH=/home/ineogi2/ws/Biorobotics/ros2_ws/install/realsense2_camera_msgs/lib:${LD_LIBRARY_PATH} PYTHONPATH=/home/ineogi2/ws/Biorobotics/ros2_ws/install/realsense2_camera_msgs/lib/python3.8/site-packages:${PYTHONPATH} /usr/bin/cmake --build /home/ineogi2/ws/Biorobotics/ros2_ws/build/realsense2_camera -- -j12 -l12
[20.546s] DEBUG:colcon.colcon_core.event_handler.log_command:Invoking command in '/home/ineogi2/ws/Biorobotics/ros2_ws/build/realsense2_camera': AMENT_PREFIX_PATH=/home/ineogi2/ws/Biorobotics/ros2_ws/install/realsense2_camera_msgs:${AMENT_PREFIX_PATH} CMAKE_PREFIX_PATH=/home/ineogi2/ws/Biorobotics/ros2_ws/install/realsense2_camera_msgs:/opt/ros/foxy LD_LIBRARY_PATH=/home/ineogi2/ws/Biorobotics/ros2_ws/install/realsense2_camera_msgs/lib:${LD_LIBRARY_PATH} PYTHONPATH=/home/ineogi2/ws/Biorobotics/ros2_ws/install/realsense2_camera_msgs/lib/python3.8/site-packages:${PYTHONPATH} /usr/bin/cmake --install /home/ineogi2/ws/Biorobotics/ros2_ws/build/realsense2_camera
[20.764s] Level 1:colcon.colcon_core.environment:create_environment_scripts_only(realsense2_camera)
[20.764s] Level 1:colcon.colcon_core.environment:checking '/home/ineogi2/ws/Biorobotics/ros2_ws/install/realsense2_camera' for CMake module files
[20.765s] DEBUG:colcon.colcon_core.event_handler.log_command:Invoked command in '/home/ineogi2/ws/Biorobotics/ros2_ws/build/realsense2_camera' returned '0': AMENT_PREFIX_PATH=/home/ineogi2/ws/Biorobotics/ros2_ws/install/realsense2_camera_msgs:${AMENT_PREFIX_PATH} CMAKE_PREFIX_PATH=/home/ineogi2/ws/Biorobotics/ros2_ws/install/realsense2_camera_msgs:/opt/ros/foxy LD_LIBRARY_PATH=/home/ineogi2/ws/Biorobotics/ros2_ws/install/realsense2_camera_msgs/lib:${LD_LIBRARY_PATH} PYTHONPATH=/home/ineogi2/ws/Biorobotics/ros2_ws/install/realsense2_camera_msgs/lib/python3.8/site-packages:${PYTHONPATH} /usr/bin/cmake --install /home/ineogi2/ws/Biorobotics/ros2_ws/build/realsense2_camera
[20.765s] Level 1:colcon.colcon_core.environment:checking '/home/ineogi2/ws/Biorobotics/ros2_ws/install/realsense2_camera' for CMake config files
[20.765s] Level 1:colcon.colcon_core.shell:create_environment_hook('realsense2_camera', 'cmake_prefix_path')
[20.766s] INFO:colcon.colcon_core.shell:Creating environment hook '/home/ineogi2/ws/Biorobotics/ros2_ws/install/realsense2_camera/share/realsense2_camera/hook/cmake_prefix_path.ps1'
[20.766s] INFO:colcon.colcon_core.shell:Creating environment descriptor '/home/ineogi2/ws/Biorobotics/ros2_ws/install/realsense2_camera/share/realsense2_camera/hook/cmake_prefix_path.dsv'
[20.766s] INFO:colcon.colcon_core.shell:Creating environment hook '/home/ineogi2/ws/Biorobotics/ros2_ws/install/realsense2_camera/share/realsense2_camera/hook/cmake_prefix_path.sh'
[20.767s] Level 1:colcon.colcon_core.environment:checking '/home/ineogi2/ws/Biorobotics/ros2_ws/install/realsense2_camera/lib'
[20.767s] Level 1:colcon.colcon_core.shell:create_environment_hook('realsense2_camera', 'ld_library_path_lib')
[20.767s] INFO:colcon.colcon_core.shell:Creating environment hook '/home/ineogi2/ws/Biorobotics/ros2_ws/install/realsense2_camera/share/realsense2_camera/hook/ld_library_path_lib.ps1'
[20.767s] INFO:colcon.colcon_core.shell:Creating environment descriptor '/home/ineogi2/ws/Biorobotics/ros2_ws/install/realsense2_camera/share/realsense2_camera/hook/ld_library_path_lib.dsv'
[20.767s] INFO:colcon.colcon_core.shell:Creating environment hook '/home/ineogi2/ws/Biorobotics/ros2_ws/install/realsense2_camera/share/realsense2_camera/hook/ld_library_path_lib.sh'
[20.767s] Level 1:colcon.colcon_core.environment:checking '/home/ineogi2/ws/Biorobotics/ros2_ws/install/realsense2_camera/bin'
[20.768s] Level 1:colcon.colcon_core.environment:checking '/home/ineogi2/ws/Biorobotics/ros2_ws/install/realsense2_camera/lib/pkgconfig/realsense2_camera.pc'
[20.768s] Level 1:colcon.colcon_core.environment:checking '/home/ineogi2/ws/Biorobotics/ros2_ws/install/realsense2_camera/lib/python3.8/site-packages'
[20.768s] Level 1:colcon.colcon_core.environment:checking '/home/ineogi2/ws/Biorobotics/ros2_ws/install/realsense2_camera/bin'
[20.768s] INFO:colcon.colcon_core.shell:Creating package script '/home/ineogi2/ws/Biorobotics/ros2_ws/install/realsense2_camera/share/realsense2_camera/package.ps1'
[20.769s] INFO:colcon.colcon_core.shell:Creating package descriptor '/home/ineogi2/ws/Biorobotics/ros2_ws/install/realsense2_camera/share/realsense2_camera/package.dsv'
[20.769s] INFO:colcon.colcon_core.shell:Creating package script '/home/ineogi2/ws/Biorobotics/ros2_ws/install/realsense2_camera/share/realsense2_camera/package.sh'
[20.769s] INFO:colcon.colcon_core.shell:Creating package script '/home/ineogi2/ws/Biorobotics/ros2_ws/install/realsense2_camera/share/realsense2_camera/package.bash'
[20.769s] INFO:colcon.colcon_core.shell:Creating package script '/home/ineogi2/ws/Biorobotics/ros2_ws/install/realsense2_camera/share/realsense2_camera/package.zsh'
[20.770s] Level 1:colcon.colcon_core.environment:create_file_with_runtime_dependencies(/home/ineogi2/ws/Biorobotics/ros2_ws/install/realsense2_camera/share/colcon-core/packages/realsense2_camera)
[20.789s] Level 1:colcon.colcon_core.environment:create_environment_scripts_only(realsense2_camera)
[20.790s] Level 1:colcon.colcon_core.environment:checking '/home/ineogi2/ws/Biorobotics/ros2_ws/install/realsense2_camera' for CMake module files
[20.790s] Level 1:colcon.colcon_core.environment:checking '/home/ineogi2/ws/Biorobotics/ros2_ws/install/realsense2_camera' for CMake config files
[20.790s] Level 1:colcon.colcon_core.shell:create_environment_hook('realsense2_camera', 'cmake_prefix_path')
[20.790s] INFO:colcon.colcon_core.shell:Creating environment hook '/home/ineogi2/ws/Biorobotics/ros2_ws/install/realsense2_camera/share/realsense2_camera/hook/cmake_prefix_path.ps1'
[20.791s] INFO:colcon.colcon_core.shell:Creating environment descriptor '/home/ineogi2/ws/Biorobotics/ros2_ws/install/realsense2_camera/share/realsense2_camera/hook/cmake_prefix_path.dsv'
[20.791s] INFO:colcon.colcon_core.shell:Creating environment hook '/home/ineogi2/ws/Biorobotics/ros2_ws/install/realsense2_camera/share/realsense2_camera/hook/cmake_prefix_path.sh'
[20.791s] Level 1:colcon.colcon_core.environment:checking '/home/ineogi2/ws/Biorobotics/ros2_ws/install/realsense2_camera/lib'
[20.791s] Level 1:colcon.colcon_core.shell:create_environment_hook('realsense2_camera', 'ld_library_path_lib')
[20.792s] INFO:colcon.colcon_core.shell:Creating environment hook '/home/ineogi2/ws/Biorobotics/ros2_ws/install/realsense2_camera/share/realsense2_camera/hook/ld_library_path_lib.ps1'
[20.792s] INFO:colcon.colcon_core.shell:Creating environment descriptor '/home/ineogi2/ws/Biorobotics/ros2_ws/install/realsense2_camera/share/realsense2_camera/hook/ld_library_path_lib.dsv'
[20.792s] INFO:colcon.colcon_core.shell:Creating environment hook '/home/ineogi2/ws/Biorobotics/ros2_ws/install/realsense2_camera/share/realsense2_camera/hook/ld_library_path_lib.sh'
[20.792s] Level 1:colcon.colcon_core.environment:checking '/home/ineogi2/ws/Biorobotics/ros2_ws/install/realsense2_camera/bin'
[20.792s] Level 1:colcon.colcon_core.environment:checking '/home/ineogi2/ws/Biorobotics/ros2_ws/install/realsense2_camera/lib/pkgconfig/realsense2_camera.pc'
[20.793s] Level 1:colcon.colcon_core.environment:checking '/home/ineogi2/ws/Biorobotics/ros2_ws/install/realsense2_camera/lib/python3.8/site-packages'
[20.793s] Level 1:colcon.colcon_core.environment:checking '/home/ineogi2/ws/Biorobotics/ros2_ws/install/realsense2_camera/bin'
[20.793s] INFO:colcon.colcon_core.shell:Creating package script '/home/ineogi2/ws/Biorobotics/ros2_ws/install/realsense2_camera/share/realsense2_camera/package.ps1'
[20.793s] INFO:colcon.colcon_core.shell:Creating package descriptor '/home/ineogi2/ws/Biorobotics/ros2_ws/install/realsense2_camera/share/realsense2_camera/package.dsv'
[20.794s] INFO:colcon.colcon_core.shell:Creating package script '/home/ineogi2/ws/Biorobotics/ros2_ws/install/realsense2_camera/share/realsense2_camera/package.sh'
[20.794s] INFO:colcon.colcon_core.shell:Creating package script '/home/ineogi2/ws/Biorobotics/ros2_ws/install/realsense2_camera/share/realsense2_camera/package.bash'
[20.794s] INFO:colcon.colcon_core.shell:Creating package script '/home/ineogi2/ws/Biorobotics/ros2_ws/install/realsense2_camera/share/realsense2_camera/package.zsh'
[20.795s] Level 1:colcon.colcon_core.environment:create_file_with_runtime_dependencies(/home/ineogi2/ws/Biorobotics/ros2_ws/install/realsense2_camera/share/colcon-core/packages/realsense2_camera)
[20.795s] DEBUG:colcon.colcon_parallel_executor.executor.parallel:closing loop
[20.795s] DEBUG:colcon.colcon_parallel_executor.executor.parallel:loop closed
[20.795s] DEBUG:colcon.colcon_parallel_executor.executor.parallel:run_until_complete finished with '0'
[20.795s] DEBUG:colcon.colcon_core.event_reactor:joining thread
[20.800s] INFO:colcon.colcon_core.plugin_system:Skipping extension 'colcon_notification.desktop_notification.terminal_notifier': Not used on non-Darwin systems
[20.800s] INFO:colcon.colcon_core.plugin_system:Skipping extension 'colcon_notification.desktop_notification.win32': Not used on non-Windows systems
[20.800s] INFO:colcon.colcon_notification.desktop_notification:Sending desktop notification using 'notify2'
[20.809s] DEBUG:colcon.colcon_core.event_reactor:joined thread
[20.810s] INFO:colcon.colcon_core.shell:Creating prefix script '/home/ineogi2/ws/Biorobotics/ros2_ws/install/local_setup.ps1'
[20.811s] INFO:colcon.colcon_core.shell:Creating prefix util module '/home/ineogi2/ws/Biorobotics/ros2_ws/install/_local_setup_util_ps1.py'
[20.812s] INFO:colcon.colcon_core.shell:Creating prefix chain script '/home/ineogi2/ws/Biorobotics/ros2_ws/install/setup.ps1'
[20.813s] INFO:colcon.colcon_core.shell:Creating prefix script '/home/ineogi2/ws/Biorobotics/ros2_ws/install/local_setup.sh'
[20.814s] INFO:colcon.colcon_core.shell:Creating prefix util module '/home/ineogi2/ws/Biorobotics/ros2_ws/install/_local_setup_util_sh.py'
[20.814s] INFO:colcon.colcon_core.shell:Creating prefix chain script '/home/ineogi2/ws/Biorobotics/ros2_ws/install/setup.sh'
[20.815s] INFO:colcon.colcon_core.shell:Creating prefix script '/home/ineogi2/ws/Biorobotics/ros2_ws/install/local_setup.bash'
[20.815s] INFO:colcon.colcon_core.shell:Creating prefix chain script '/home/ineogi2/ws/Biorobotics/ros2_ws/install/setup.bash'
[20.815s] INFO:colcon.colcon_core.shell:Creating prefix script '/home/ineogi2/ws/Biorobotics/ros2_ws/install/local_setup.zsh'
[20.816s] INFO:colcon.colcon_core.shell:Creating prefix chain script '/home/ineogi2/ws/Biorobotics/ros2_ws/install/setup.zsh'
