[0.042s] Invoking command in '/home/ineogi2/ws/Biorobotics/micro_ros/build/complex_msgs': AMENT_PREFIX_PATH=/home/ineogi2/ws/Biorobotics/micro_ros/install/builtin_interfaces:${AMENT_PREFIX_PATH} CMAKE_PREFIX_PATH=/home/ineogi2/ws/Biorobotics/micro_ros/install/builtin_interfaces:/home/ineogi2/ws/Biorobotics/micro_ros/install/rosidl_typesupport_microxrcedds_cpp:/home/ineogi2/ws/Biorobotics/micro_ros/install/rosidl_typesupport_microxrcedds_c:/home/ineogi2/ws/Biorobotics/micro_ros/install/microcdr:/home/ineogi2/ws/Biorobotics/micro_ros/install/micro_ros_setup:/home/ineogi2/ws/Biorobotics/ros2_ws/install/realsense2_description:/home/ineogi2/ws/Biorobotics/ros2_ws/install/realsense2_camera:/home/ineogi2/ws/Biorobotics/ros2_ws/install/realsense2_camera_msgs:/home/ineogi2/ws/Biorobotics/ros2_ws/install/ros_image:/opt/ros/foxy LD_LIBRARY_PATH=/home/ineogi2/ws/Biorobotics/micro_ros/install/builtin_interfaces/lib:${LD_LIBRARY_PATH} PYTHONPATH=/home/ineogi2/ws/Biorobotics/micro_ros/install/builtin_interfaces/lib/python3.8/site-packages:${PYTHONPATH} /usr/bin/cmake /home/ineogi2/ws/Biorobotics/micro_ros/src/uros/micro-ROS-demos/messages/complex_msg -DBUILD_TESTING=OFF -DBUILD_SHARED_LIBS=ON -DCMAKE_INSTALL_PREFIX=/home/ineogi2/ws/Biorobotics/micro_ros/install/complex_msgs
[0.117s] -- The C compiler identification is GNU 9.4.0
[0.212s] -- The CXX compiler identification is GNU 9.4.0
[0.212s] -- Check for working C compiler: /usr/bin/cc
[0.304s] -- Check for working C compiler: /usr/bin/cc -- works
[0.305s] -- Detecting C compiler ABI info
[0.388s] -- Detecting C compiler ABI info - done
[0.397s] -- Detecting C compile features
[0.398s] -- Detecting C compile features - done
[0.401s] -- Check for working CXX compiler: /usr/bin/c++
[0.505s] -- Check for working CXX compiler: /usr/bin/c++ -- works
[0.506s] -- Detecting CXX compiler ABI info
[0.595s] -- Detecting CXX compiler ABI info - done
[0.605s] -- Detecting CXX compile features
[0.605s] -- Detecting CXX compile features - done
[0.607s] -- Found ament_cmake: 0.9.9 (/opt/ros/foxy/share/ament_cmake/cmake)
[0.636s] -- Found PythonInterp: /usr/bin/python3 (found suitable version "3.8.10", minimum required is "3") 
[0.636s] -- Using PYTHON_EXECUTABLE: /usr/bin/python3
[0.899s] -- Found builtin_interfaces: 1.0.0 (/home/ineogi2/ws/Biorobotics/micro_ros/install/builtin_interfaces/share/builtin_interfaces/cmake)
[0.936s] -- Using all available rosidl_typesupport_c: rosidl_typesupport_microxrcedds_c;rosidl_typesupport_fastrtps_c;rosidl_typesupport_introspection_c
[0.947s] -- Found rosidl_adapter: 1.2.1 (/opt/ros/foxy/share/rosidl_adapter/cmake)
[1.259s] -- Found OpenSSL: /usr/lib/x86_64-linux-gnu/libcrypto.so (found version "1.1.1f")  
[1.377s] -- Found FastRTPS: /opt/ros/foxy/include  
[1.531s] -- Using all available rosidl_typesupport_cpp: rosidl_typesupport_microxrcedds_cpp;rosidl_typesupport_fastrtps_cpp;rosidl_typesupport_introspection_cpp
[1.605s] -- Found rosidl_default_generators: 1.0.1 (/opt/ros/foxy/share/rosidl_default_generators/cmake)
[1.669s] -- Found PythonInterp: /usr/bin/python3 (found version "3.8.10") 
[1.824s] -- Found ament_cmake_ros: 0.9.2 (/opt/ros/foxy/share/ament_cmake_ros/cmake)
[1.942s] -- Using all available rosidl_typesupport_c: rosidl_typesupport_microxrcedds_c;rosidl_typesupport_fastrtps_c;rosidl_typesupport_introspection_c
[1.964s] -- Using all available rosidl_typesupport_cpp: rosidl_typesupport_microxrcedds_cpp;rosidl_typesupport_fastrtps_cpp;rosidl_typesupport_introspection_cpp
[1.994s] -- Found PythonInterp: /usr/bin/python3 (found suitable version "3.8.10", minimum required is "3.5") 
[1.996s] -- Found python_cmake_module: 0.8.1 (/opt/ros/foxy/share/python_cmake_module/cmake)
[2.038s] -- Found PythonLibs: /usr/lib/x86_64-linux-gnu/libpython3.8.so (found suitable version "3.8.10", minimum required is "3.5") 
[2.038s] -- Using PYTHON_EXECUTABLE: /usr/bin/python3
[2.038s] -- Using PYTHON_INCLUDE_DIRS: /usr/include/python3.8
[2.039s] -- Using PYTHON_LIBRARIES: /usr/lib/x86_64-linux-gnu/libpython3.8.so
[2.074s] -- Found PythonExtra: .so  
[2.142s] -- Configuring done
[2.195s] -- Generating done
[2.198s] -- Build files have been written to: /home/ineogi2/ws/Biorobotics/micro_ros/build/complex_msgs
[2.204s] Invoked command in '/home/ineogi2/ws/Biorobotics/micro_ros/build/complex_msgs' returned '0': AMENT_PREFIX_PATH=/home/ineogi2/ws/Biorobotics/micro_ros/install/builtin_interfaces:${AMENT_PREFIX_PATH} CMAKE_PREFIX_PATH=/home/ineogi2/ws/Biorobotics/micro_ros/install/builtin_interfaces:/home/ineogi2/ws/Biorobotics/micro_ros/install/rosidl_typesupport_microxrcedds_cpp:/home/ineogi2/ws/Biorobotics/micro_ros/install/rosidl_typesupport_microxrcedds_c:/home/ineogi2/ws/Biorobotics/micro_ros/install/microcdr:/home/ineogi2/ws/Biorobotics/micro_ros/install/micro_ros_setup:/home/ineogi2/ws/Biorobotics/ros2_ws/install/realsense2_description:/home/ineogi2/ws/Biorobotics/ros2_ws/install/realsense2_camera:/home/ineogi2/ws/Biorobotics/ros2_ws/install/realsense2_camera_msgs:/home/ineogi2/ws/Biorobotics/ros2_ws/install/ros_image:/opt/ros/foxy LD_LIBRARY_PATH=/home/ineogi2/ws/Biorobotics/micro_ros/install/builtin_interfaces/lib:${LD_LIBRARY_PATH} PYTHONPATH=/home/ineogi2/ws/Biorobotics/micro_ros/install/builtin_interfaces/lib/python3.8/site-packages:${PYTHONPATH} /usr/bin/cmake /home/ineogi2/ws/Biorobotics/micro_ros/src/uros/micro-ROS-demos/messages/complex_msg -DBUILD_TESTING=OFF -DBUILD_SHARED_LIBS=ON -DCMAKE_INSTALL_PREFIX=/home/ineogi2/ws/Biorobotics/micro_ros/install/complex_msgs
[2.208s] Invoking command in '/home/ineogi2/ws/Biorobotics/micro_ros/build/complex_msgs': AMENT_PREFIX_PATH=/home/ineogi2/ws/Biorobotics/micro_ros/install/builtin_interfaces:${AMENT_PREFIX_PATH} CMAKE_PREFIX_PATH=/home/ineogi2/ws/Biorobotics/micro_ros/install/builtin_interfaces:/home/ineogi2/ws/Biorobotics/micro_ros/install/rosidl_typesupport_microxrcedds_cpp:/home/ineogi2/ws/Biorobotics/micro_ros/install/rosidl_typesupport_microxrcedds_c:/home/ineogi2/ws/Biorobotics/micro_ros/install/microcdr:/home/ineogi2/ws/Biorobotics/micro_ros/install/micro_ros_setup:/home/ineogi2/ws/Biorobotics/ros2_ws/install/realsense2_description:/home/ineogi2/ws/Biorobotics/ros2_ws/install/realsense2_camera:/home/ineogi2/ws/Biorobotics/ros2_ws/install/realsense2_camera_msgs:/home/ineogi2/ws/Biorobotics/ros2_ws/install/ros_image:/opt/ros/foxy LD_LIBRARY_PATH=/home/ineogi2/ws/Biorobotics/micro_ros/install/builtin_interfaces/lib:${LD_LIBRARY_PATH} PYTHONPATH=/home/ineogi2/ws/Biorobotics/micro_ros/install/builtin_interfaces/lib/python3.8/site-packages:${PYTHONPATH} /usr/bin/cmake --build /home/ineogi2/ws/Biorobotics/micro_ros/build/complex_msgs -- -j12 -l12
[2.267s] [35m[1mScanning dependencies of target complex_msgs__cpp[0m
[2.280s] [  2%] [34m[1mGenerating C code for ROS interfaces[0m
[2.296s] [  4%] [34m[1mGenerating C++ code for ROS interfaces[0m
[2.787s] [35m[1mScanning dependencies of target complex_msgs__rosidl_generator_c[0m
[2.800s] [  4%] Built target complex_msgs__cpp
[2.813s] [  6%] [32mBuilding C object CMakeFiles/complex_msgs__rosidl_generator_c.dir/rosidl_generator_c/complex_msgs/msg/detail/multi_string_test__functions.c.o[0m
[2.822s] [  8%] [34m[1mGenerating C++ introspection for ROS interfaces[0m
[2.831s] [ 10%] [34m[1mGenerating C++ type support dispatch for ROS interfaces[0m
[2.856s] [ 12%] [34m[1mGenerating C++ type support for eProsima Micro XRCE-DDS[0m
[2.864s] [ 14%] [34m[1mGenerating C++ type support for eProsima Fast-RTPS[0m
[2.869s] [ 16%] [32mBuilding C object CMakeFiles/complex_msgs__rosidl_generator_c.dir/rosidl_generator_c/complex_msgs/msg/detail/nested_msg_test__functions.c.o[0m
[3.068s] [ 18%] [32m[1mLinking C shared library libcomplex_msgs__rosidl_generator_c.so[0m
[3.224s] [ 18%] Built target complex_msgs__rosidl_generator_c
[3.278s] [ 20%] [34m[1mGenerating C type support for eProsima Micro XRCE-DDS[0m
[3.287s] [ 22%] [34m[1mGenerating C type support dispatch for ROS interfaces[0m
[3.323s] [ 24%] [34m[1mGenerating C introspection for ROS interfaces[0m
[3.525s] [35m[1mScanning dependencies of target complex_msgs__rosidl_typesupport_fastrtps_cpp[0m
[3.552s] [35m[1mScanning dependencies of target complex_msgs__rosidl_typesupport_cpp[0m
[3.587s] [ 26%] [32mBuilding CXX object CMakeFiles/complex_msgs__rosidl_typesupport_fastrtps_cpp.dir/rosidl_typesupport_fastrtps_cpp/complex_msgs/msg/detail/dds_fastrtps/nested_msg_test__type_support.cpp.o[0m
[3.591s] [ 28%] [32mBuilding CXX object CMakeFiles/complex_msgs__rosidl_typesupport_fastrtps_cpp.dir/rosidl_typesupport_fastrtps_cpp/complex_msgs/msg/detail/dds_fastrtps/multi_string_test__type_support.cpp.o[0m
[3.604s] [ 30%] [32mBuilding CXX object CMakeFiles/complex_msgs__rosidl_typesupport_cpp.dir/rosidl_typesupport_cpp/complex_msgs/msg/multi_string_test__type_support.cpp.o[0m
[3.621s] [ 32%] [32mBuilding CXX object CMakeFiles/complex_msgs__rosidl_typesupport_cpp.dir/rosidl_typesupport_cpp/complex_msgs/msg/nested_msg_test__type_support.cpp.o[0m
[3.825s] [35m[1mScanning dependencies of target complex_msgs__rosidl_typesupport_microxrcedds_cpp[0m
[3.826s] [35m[1mScanning dependencies of target complex_msgs__rosidl_typesupport_introspection_cpp[0m
[3.884s] [ 34%] [32mBuilding CXX object CMakeFiles/complex_msgs__rosidl_typesupport_introspection_cpp.dir/rosidl_typesupport_introspection_cpp/complex_msgs/msg/detail/multi_string_test__type_support.cpp.o[0m
[3.916s] [35m[1mScanning dependencies of target complex_msgs__rosidl_typesupport_microxrcedds_c[0m
[3.916s] [ 36%] [32mBuilding CXX object CMakeFiles/complex_msgs__rosidl_typesupport_introspection_cpp.dir/rosidl_typesupport_introspection_cpp/complex_msgs/msg/detail/nested_msg_test__type_support.cpp.o[0m
[3.928s] [ 38%] [32mBuilding CXX object CMakeFiles/complex_msgs__rosidl_typesupport_microxrcedds_cpp.dir/rosidl_typesupport_microxrcedds_cpp/complex_msgs/msg/detail/microxrcedds/multi_string_test__type_support_cpp.cpp.o[0m
[3.932s] [ 40%] [32mBuilding CXX object CMakeFiles/complex_msgs__rosidl_typesupport_microxrcedds_cpp.dir/rosidl_typesupport_microxrcedds_cpp/complex_msgs/msg/detail/microxrcedds/nested_msg_test__type_support_cpp.cpp.o[0m
[4.004s] [ 42%] [32mBuilding C object CMakeFiles/complex_msgs__rosidl_typesupport_microxrcedds_c.dir/rosidl_typesupport_microxrcedds_c/complex_msgs/msg/detail/microxrcedds/nested_msg_test__type_support_c.c.o[0m
[4.004s] [ 44%] [32mBuilding C object CMakeFiles/complex_msgs__rosidl_typesupport_microxrcedds_c.dir/rosidl_typesupport_microxrcedds_c/complex_msgs/msg/detail/microxrcedds/multi_string_test__type_support_c.c.o[0m
[4.031s] [35m[1mScanning dependencies of target complex_msgs__rosidl_typesupport_introspection_c[0m
[4.136s] [ 46%] [32mBuilding C object CMakeFiles/complex_msgs__rosidl_typesupport_introspection_c.dir/rosidl_typesupport_introspection_c/complex_msgs/msg/detail/multi_string_test__type_support.c.o[0m
[4.170s] [ 48%] [32mBuilding C object CMakeFiles/complex_msgs__rosidl_typesupport_introspection_c.dir/rosidl_typesupport_introspection_c/complex_msgs/msg/detail/nested_msg_test__type_support.c.o[0m
[4.209s] [ 51%] [32m[1mLinking C shared library libcomplex_msgs__rosidl_typesupport_microxrcedds_c.so[0m
[4.389s] [ 53%] [32m[1mLinking C shared library libcomplex_msgs__rosidl_typesupport_introspection_c.so[0m
[4.456s] [ 53%] Built target complex_msgs__rosidl_typesupport_microxrcedds_c
[4.532s] [ 53%] Built target complex_msgs__rosidl_typesupport_introspection_c
[4.577s] [35m[1mScanning dependencies of target complex_msgs__rosidl_typesupport_c[0m
[4.660s] [ 55%] [32mBuilding CXX object CMakeFiles/complex_msgs__rosidl_typesupport_c.dir/rosidl_typesupport_c/complex_msgs/msg/multi_string_test__type_support.cpp.o[0m
[4.666s] [ 57%] [32mBuilding CXX object CMakeFiles/complex_msgs__rosidl_typesupport_c.dir/rosidl_typesupport_c/complex_msgs/msg/nested_msg_test__type_support.cpp.o[0m
[4.875s] [ 59%] [32m[1mLinking CXX shared library libcomplex_msgs__rosidl_typesupport_c.so[0m
[4.914s] [ 61%] [32m[1mLinking CXX shared library libcomplex_msgs__rosidl_typesupport_microxrcedds_cpp.so[0m
[5.036s] [ 63%] [32m[1mLinking CXX shared library libcomplex_msgs__rosidl_typesupport_cpp.so[0m
[5.121s] [ 63%] Built target complex_msgs__rosidl_typesupport_c
[5.134s] [ 65%] [32m[1mLinking CXX shared library libcomplex_msgs__rosidl_typesupport_introspection_cpp.so[0m
[5.198s] [ 65%] Built target complex_msgs__rosidl_typesupport_cpp
[5.282s] [ 67%] [32m[1mLinking CXX shared library libcomplex_msgs__rosidl_typesupport_fastrtps_cpp.so[0m
[5.346s] [ 67%] Built target complex_msgs__rosidl_typesupport_microxrcedds_cpp
[5.406s] [ 67%] Built target complex_msgs__rosidl_typesupport_introspection_cpp
[5.595s] [ 67%] Built target complex_msgs__rosidl_typesupport_fastrtps_cpp
[5.638s] [ 69%] [34m[1mGenerating C type support for eProsima Fast-RTPS[0m
[6.715s] [35m[1mScanning dependencies of target complex_msgs__rosidl_typesupport_fastrtps_c[0m
[6.791s] [ 71%] [32mBuilding CXX object CMakeFiles/complex_msgs__rosidl_typesupport_fastrtps_c.dir/rosidl_typesupport_fastrtps_c/complex_msgs/msg/detail/multi_string_test__type_support_c.cpp.o[0m
[6.850s] [ 73%] [32mBuilding CXX object CMakeFiles/complex_msgs__rosidl_typesupport_fastrtps_c.dir/rosidl_typesupport_fastrtps_c/complex_msgs/msg/detail/nested_msg_test__type_support_c.cpp.o[0m
[7.605s] [ 75%] [32m[1mLinking CXX shared library libcomplex_msgs__rosidl_typesupport_fastrtps_c.so[0m
[7.771s] [ 75%] Built target complex_msgs__rosidl_typesupport_fastrtps_c
[7.798s] [35m[1mScanning dependencies of target complex_msgs[0m
[7.824s] [ 75%] Built target complex_msgs
[7.888s] [35m[1mScanning dependencies of target complex_msgs__py[0m
[7.935s] [ 77%] [34m[1mGenerating Python code for ROS interfaces[0m
[8.955s] [ 77%] Built target complex_msgs__py
[8.976s] [35m[1mScanning dependencies of target complex_msgs__python[0m
[9.050s] [ 79%] [32mBuilding C object CMakeFiles/complex_msgs__python.dir/rosidl_generator_py/complex_msgs/msg/_multi_string_test_s.c.o[0m
[9.058s] [ 81%] [32mBuilding C object CMakeFiles/complex_msgs__python.dir/rosidl_generator_py/complex_msgs/msg/_nested_msg_test_s.c.o[0m
[9.391s] [ 83%] [32m[1mLinking C shared library rosidl_generator_py/complex_msgs/libcomplex_msgs__python.so[0m
[9.471s] [ 83%] Built target complex_msgs__python
[9.508s] [35m[1mScanning dependencies of target complex_msgs__rosidl_typesupport_c__pyext[0m
[9.522s] [35m[1mScanning dependencies of target complex_msgs__rosidl_typesupport_introspection_c__pyext[0m
[9.535s] [35m[1mScanning dependencies of target complex_msgs__rosidl_typesupport_fastrtps_c__pyext[0m
[9.549s] [35m[1mScanning dependencies of target complex_msgs__rosidl_typesupport_microxrcedds_c__pyext[0m
[9.581s] [ 85%] [32mBuilding C object CMakeFiles/complex_msgs__rosidl_typesupport_microxrcedds_c__pyext.dir/rosidl_generator_py/complex_msgs/_complex_msgs_s.ep.rosidl_typesupport_microxrcedds_c.c.o[0m
[9.583s] [ 87%] [32mBuilding C object CMakeFiles/complex_msgs__rosidl_typesupport_fastrtps_c__pyext.dir/rosidl_generator_py/complex_msgs/_complex_msgs_s.ep.rosidl_typesupport_fastrtps_c.c.o[0m
[9.589s] [ 89%] [32mBuilding C object CMakeFiles/complex_msgs__rosidl_typesupport_c__pyext.dir/rosidl_generator_py/complex_msgs/_complex_msgs_s.ep.rosidl_typesupport_c.c.o[0m
[9.593s] [ 91%] [32mBuilding C object CMakeFiles/complex_msgs__rosidl_typesupport_introspection_c__pyext.dir/rosidl_generator_py/complex_msgs/_complex_msgs_s.ep.rosidl_typesupport_introspection_c.c.o[0m
[9.812s] [ 93%] [32m[1mLinking CXX shared library rosidl_generator_py/complex_msgs/complex_msgs_s__rosidl_typesupport_fastrtps_c.cpython-38-x86_64-linux-gnu.so[0m
[9.848s] [ 95%] [32m[1mLinking C shared library rosidl_generator_py/complex_msgs/complex_msgs_s__rosidl_typesupport_microxrcedds_c.cpython-38-x86_64-linux-gnu.so[0m
[9.849s] [ 97%] [32m[1mLinking C shared library rosidl_generator_py/complex_msgs/complex_msgs_s__rosidl_typesupport_c.cpython-38-x86_64-linux-gnu.so[0m
[9.851s] [100%] [32m[1mLinking C shared library rosidl_generator_py/complex_msgs/complex_msgs_s__rosidl_typesupport_introspection_c.cpython-38-x86_64-linux-gnu.so[0m
[9.977s] [100%] Built target complex_msgs__rosidl_typesupport_fastrtps_c__pyext
[9.995s] [100%] Built target complex_msgs__rosidl_typesupport_introspection_c__pyext
[10.001s] [100%] Built target complex_msgs__rosidl_typesupport_microxrcedds_c__pyext
[10.024s] [100%] Built target complex_msgs__rosidl_typesupport_c__pyext
[10.086s] Invoked command in '/home/ineogi2/ws/Biorobotics/micro_ros/build/complex_msgs' returned '0': AMENT_PREFIX_PATH=/home/ineogi2/ws/Biorobotics/micro_ros/install/builtin_interfaces:${AMENT_PREFIX_PATH} CMAKE_PREFIX_PATH=/home/ineogi2/ws/Biorobotics/micro_ros/install/builtin_interfaces:/home/ineogi2/ws/Biorobotics/micro_ros/install/rosidl_typesupport_microxrcedds_cpp:/home/ineogi2/ws/Biorobotics/micro_ros/install/rosidl_typesupport_microxrcedds_c:/home/ineogi2/ws/Biorobotics/micro_ros/install/microcdr:/home/ineogi2/ws/Biorobotics/micro_ros/install/micro_ros_setup:/home/ineogi2/ws/Biorobotics/ros2_ws/install/realsense2_description:/home/ineogi2/ws/Biorobotics/ros2_ws/install/realsense2_camera:/home/ineogi2/ws/Biorobotics/ros2_ws/install/realsense2_camera_msgs:/home/ineogi2/ws/Biorobotics/ros2_ws/install/ros_image:/opt/ros/foxy LD_LIBRARY_PATH=/home/ineogi2/ws/Biorobotics/micro_ros/install/builtin_interfaces/lib:${LD_LIBRARY_PATH} PYTHONPATH=/home/ineogi2/ws/Biorobotics/micro_ros/install/builtin_interfaces/lib/python3.8/site-packages:${PYTHONPATH} /usr/bin/cmake --build /home/ineogi2/ws/Biorobotics/micro_ros/build/complex_msgs -- -j12 -l12
[11.226s] Invoking command in '/home/ineogi2/ws/Biorobotics/micro_ros/build/complex_msgs': AMENT_PREFIX_PATH=/home/ineogi2/ws/Biorobotics/micro_ros/install/builtin_interfaces:${AMENT_PREFIX_PATH} CMAKE_PREFIX_PATH=/home/ineogi2/ws/Biorobotics/micro_ros/install/builtin_interfaces:/home/ineogi2/ws/Biorobotics/micro_ros/install/rosidl_typesupport_microxrcedds_cpp:/home/ineogi2/ws/Biorobotics/micro_ros/install/rosidl_typesupport_microxrcedds_c:/home/ineogi2/ws/Biorobotics/micro_ros/install/microcdr:/home/ineogi2/ws/Biorobotics/micro_ros/install/micro_ros_setup:/home/ineogi2/ws/Biorobotics/ros2_ws/install/realsense2_description:/home/ineogi2/ws/Biorobotics/ros2_ws/install/realsense2_camera:/home/ineogi2/ws/Biorobotics/ros2_ws/install/realsense2_camera_msgs:/home/ineogi2/ws/Biorobotics/ros2_ws/install/ros_image:/opt/ros/foxy LD_LIBRARY_PATH=/home/ineogi2/ws/Biorobotics/micro_ros/install/builtin_interfaces/lib:${LD_LIBRARY_PATH} PYTHONPATH=/home/ineogi2/ws/Biorobotics/micro_ros/install/builtin_interfaces/lib/python3.8/site-packages:${PYTHONPATH} /usr/bin/cmake --install /home/ineogi2/ws/Biorobotics/micro_ros/build/complex_msgs
[11.250s] -- Install configuration: ""
[11.250s] -- Installing: /home/ineogi2/ws/Biorobotics/micro_ros/install/complex_msgs/share/ament_index/resource_index/rosidl_interfaces/complex_msgs
[11.250s] -- Installing: /home/ineogi2/ws/Biorobotics/micro_ros/install/complex_msgs/include/complex_msgs
[11.250s] -- Installing: /home/ineogi2/ws/Biorobotics/micro_ros/install/complex_msgs/include/complex_msgs/msg
[11.250s] -- Installing: /home/ineogi2/ws/Biorobotics/micro_ros/install/complex_msgs/include/complex_msgs/msg/nested_msg_test.h
[11.251s] -- Installing: /home/ineogi2/ws/Biorobotics/micro_ros/install/complex_msgs/include/complex_msgs/msg/rosidl_generator_c__visibility_control.h
[11.251s] -- Installing: /home/ineogi2/ws/Biorobotics/micro_ros/install/complex_msgs/include/complex_msgs/msg/multi_string_test.h
[11.251s] -- Installing: /home/ineogi2/ws/Biorobotics/micro_ros/install/complex_msgs/include/complex_msgs/msg/detail
[11.251s] -- Installing: /home/ineogi2/ws/Biorobotics/micro_ros/install/complex_msgs/include/complex_msgs/msg/detail/nested_msg_test__functions.c
[11.251s] -- Installing: /home/ineogi2/ws/Biorobotics/micro_ros/install/complex_msgs/include/complex_msgs/msg/detail/multi_string_test__functions.h
[11.251s] -- Installing: /home/ineogi2/ws/Biorobotics/micro_ros/install/complex_msgs/include/complex_msgs/msg/detail/multi_string_test__functions.c
[11.251s] -- Installing: /home/ineogi2/ws/Biorobotics/micro_ros/install/complex_msgs/include/complex_msgs/msg/detail/multi_string_test__type_support.h
[11.251s] -- Installing: /home/ineogi2/ws/Biorobotics/micro_ros/install/complex_msgs/include/complex_msgs/msg/detail/multi_string_test__struct.h
[11.252s] -- Installing: /home/ineogi2/ws/Biorobotics/micro_ros/install/complex_msgs/include/complex_msgs/msg/detail/nested_msg_test__type_support.h
[11.252s] -- Installing: /home/ineogi2/ws/Biorobotics/micro_ros/install/complex_msgs/include/complex_msgs/msg/detail/nested_msg_test__functions.h
[11.252s] -- Installing: /home/ineogi2/ws/Biorobotics/micro_ros/install/complex_msgs/include/complex_msgs/msg/detail/nested_msg_test__struct.h
[11.252s] -- Installing: /home/ineogi2/ws/Biorobotics/micro_ros/install/complex_msgs/share/complex_msgs/environment/library_path.sh
[11.252s] -- Installing: /home/ineogi2/ws/Biorobotics/micro_ros/install/complex_msgs/share/complex_msgs/environment/library_path.dsv
[11.252s] -- Installing: /home/ineogi2/ws/Biorobotics/micro_ros/install/complex_msgs/lib/libcomplex_msgs__rosidl_generator_c.so
[11.258s] -- Set runtime path of "/home/ineogi2/ws/Biorobotics/micro_ros/install/complex_msgs/lib/libcomplex_msgs__rosidl_generator_c.so" to ""
[11.258s] -- Up-to-date: /home/ineogi2/ws/Biorobotics/micro_ros/install/complex_msgs/include/complex_msgs
[11.258s] -- Up-to-date: /home/ineogi2/ws/Biorobotics/micro_ros/install/complex_msgs/include/complex_msgs/msg
[11.258s] -- Up-to-date: /home/ineogi2/ws/Biorobotics/micro_ros/install/complex_msgs/include/complex_msgs/msg/detail
[11.258s] -- Installing: /home/ineogi2/ws/Biorobotics/micro_ros/install/complex_msgs/include/complex_msgs/msg/detail/multi_string_test__rosidl_typesupport_microxrcedds_c.h
[11.259s] -- Installing: /home/ineogi2/ws/Biorobotics/micro_ros/install/complex_msgs/include/complex_msgs/msg/detail/nested_msg_test__rosidl_typesupport_microxrcedds_c.h
[11.259s] -- Installing: /home/ineogi2/ws/Biorobotics/micro_ros/install/complex_msgs/include/complex_msgs/msg/detail/microxrcedds
[11.259s] -- Installing: /home/ineogi2/ws/Biorobotics/micro_ros/install/complex_msgs/include/complex_msgs/msg/rosidl_typesupport_microxrcedds_c__visibility_control.h
[11.260s] -- Installing: /home/ineogi2/ws/Biorobotics/micro_ros/install/complex_msgs/lib/libcomplex_msgs__rosidl_typesupport_microxrcedds_c.so
[11.260s] -- Set runtime path of "/home/ineogi2/ws/Biorobotics/micro_ros/install/complex_msgs/lib/libcomplex_msgs__rosidl_typesupport_microxrcedds_c.so" to ""
[11.261s] -- Up-to-date: /home/ineogi2/ws/Biorobotics/micro_ros/install/complex_msgs/include/complex_msgs
[11.261s] -- Up-to-date: /home/ineogi2/ws/Biorobotics/micro_ros/install/complex_msgs/include/complex_msgs/msg
[11.261s] -- Installing: /home/ineogi2/ws/Biorobotics/micro_ros/install/complex_msgs/include/complex_msgs/msg/rosidl_typesupport_fastrtps_c__visibility_control.h
[11.261s] -- Up-to-date: /home/ineogi2/ws/Biorobotics/micro_ros/install/complex_msgs/include/complex_msgs/msg/detail
[11.261s] -- Installing: /home/ineogi2/ws/Biorobotics/micro_ros/install/complex_msgs/include/complex_msgs/msg/detail/nested_msg_test__rosidl_typesupport_fastrtps_c.h
[11.261s] -- Installing: /home/ineogi2/ws/Biorobotics/micro_ros/install/complex_msgs/include/complex_msgs/msg/detail/multi_string_test__rosidl_typesupport_fastrtps_c.h
[11.262s] -- Installing: /home/ineogi2/ws/Biorobotics/micro_ros/install/complex_msgs/lib/libcomplex_msgs__rosidl_typesupport_fastrtps_c.so
[11.262s] -- Set runtime path of "/home/ineogi2/ws/Biorobotics/micro_ros/install/complex_msgs/lib/libcomplex_msgs__rosidl_typesupport_fastrtps_c.so" to ""
[11.262s] -- Up-to-date: /home/ineogi2/ws/Biorobotics/micro_ros/install/complex_msgs/include/complex_msgs
[11.262s] -- Up-to-date: /home/ineogi2/ws/Biorobotics/micro_ros/install/complex_msgs/include/complex_msgs/msg
[11.262s] -- Installing: /home/ineogi2/ws/Biorobotics/micro_ros/install/complex_msgs/include/complex_msgs/msg/rosidl_typesupport_fastrtps_cpp__visibility_control.h
[11.262s] -- Up-to-date: /home/ineogi2/ws/Biorobotics/micro_ros/install/complex_msgs/include/complex_msgs/msg/detail
[11.263s] -- Installing: /home/ineogi2/ws/Biorobotics/micro_ros/install/complex_msgs/include/complex_msgs/msg/detail/nested_msg_test__rosidl_typesupport_fastrtps_cpp.hpp
[11.263s] -- Installing: /home/ineogi2/ws/Biorobotics/micro_ros/install/complex_msgs/include/complex_msgs/msg/detail/multi_string_test__rosidl_typesupport_fastrtps_cpp.hpp
[11.263s] -- Installing: /home/ineogi2/ws/Biorobotics/micro_ros/install/complex_msgs/include/complex_msgs/msg/detail/dds_fastrtps
[11.263s] -- Installing: /home/ineogi2/ws/Biorobotics/micro_ros/install/complex_msgs/lib/libcomplex_msgs__rosidl_typesupport_fastrtps_cpp.so
[11.263s] -- Set runtime path of "/home/ineogi2/ws/Biorobotics/micro_ros/install/complex_msgs/lib/libcomplex_msgs__rosidl_typesupport_fastrtps_cpp.so" to ""
[11.264s] -- Up-to-date: /home/ineogi2/ws/Biorobotics/micro_ros/install/complex_msgs/include/complex_msgs
[11.264s] -- Up-to-date: /home/ineogi2/ws/Biorobotics/micro_ros/install/complex_msgs/include/complex_msgs/msg
[11.264s] -- Up-to-date: /home/ineogi2/ws/Biorobotics/micro_ros/install/complex_msgs/include/complex_msgs/msg/detail
[11.264s] -- Installing: /home/ineogi2/ws/Biorobotics/micro_ros/install/complex_msgs/include/complex_msgs/msg/detail/multi_string_test__type_support.c
[11.264s] -- Installing: /home/ineogi2/ws/Biorobotics/micro_ros/install/complex_msgs/include/complex_msgs/msg/detail/nested_msg_test__type_support.c
[11.264s] -- Installing: /home/ineogi2/ws/Biorobotics/micro_ros/install/complex_msgs/include/complex_msgs/msg/detail/nested_msg_test__rosidl_typesupport_introspection_c.h
[11.264s] -- Installing: /home/ineogi2/ws/Biorobotics/micro_ros/install/complex_msgs/include/complex_msgs/msg/detail/multi_string_test__rosidl_typesupport_introspection_c.h
[11.264s] -- Installing: /home/ineogi2/ws/Biorobotics/micro_ros/install/complex_msgs/include/complex_msgs/msg/rosidl_typesupport_introspection_c__visibility_control.h
[11.265s] -- Installing: /home/ineogi2/ws/Biorobotics/micro_ros/install/complex_msgs/lib/libcomplex_msgs__rosidl_typesupport_introspection_c.so
[11.265s] -- Set runtime path of "/home/ineogi2/ws/Biorobotics/micro_ros/install/complex_msgs/lib/libcomplex_msgs__rosidl_typesupport_introspection_c.so" to ""
[11.265s] -- Installing: /home/ineogi2/ws/Biorobotics/micro_ros/install/complex_msgs/lib/libcomplex_msgs__rosidl_typesupport_c.so
[11.266s] -- Set runtime path of "/home/ineogi2/ws/Biorobotics/micro_ros/install/complex_msgs/lib/libcomplex_msgs__rosidl_typesupport_c.so" to ""
[11.266s] -- Up-to-date: /home/ineogi2/ws/Biorobotics/micro_ros/install/complex_msgs/include/complex_msgs
[11.266s] -- Up-to-date: /home/ineogi2/ws/Biorobotics/micro_ros/install/complex_msgs/include/complex_msgs/msg
[11.266s] -- Installing: /home/ineogi2/ws/Biorobotics/micro_ros/install/complex_msgs/include/complex_msgs/msg/nested_msg_test.hpp
[11.266s] -- Up-to-date: /home/ineogi2/ws/Biorobotics/micro_ros/install/complex_msgs/include/complex_msgs/msg/detail
[11.266s] -- Installing: /home/ineogi2/ws/Biorobotics/micro_ros/install/complex_msgs/include/complex_msgs/msg/detail/multi_string_test__builder.hpp
[11.266s] -- Installing: /home/ineogi2/ws/Biorobotics/micro_ros/install/complex_msgs/include/complex_msgs/msg/detail/multi_string_test__struct.hpp
[11.267s] -- Installing: /home/ineogi2/ws/Biorobotics/micro_ros/install/complex_msgs/include/complex_msgs/msg/detail/multi_string_test__traits.hpp
[11.267s] -- Installing: /home/ineogi2/ws/Biorobotics/micro_ros/install/complex_msgs/include/complex_msgs/msg/detail/nested_msg_test__traits.hpp
[11.267s] -- Installing: /home/ineogi2/ws/Biorobotics/micro_ros/install/complex_msgs/include/complex_msgs/msg/detail/nested_msg_test__builder.hpp
[11.267s] -- Installing: /home/ineogi2/ws/Biorobotics/micro_ros/install/complex_msgs/include/complex_msgs/msg/detail/nested_msg_test__struct.hpp
[11.267s] -- Installing: /home/ineogi2/ws/Biorobotics/micro_ros/install/complex_msgs/include/complex_msgs/msg/multi_string_test.hpp
[11.267s] -- Up-to-date: /home/ineogi2/ws/Biorobotics/micro_ros/install/complex_msgs/include/complex_msgs
[11.268s] -- Up-to-date: /home/ineogi2/ws/Biorobotics/micro_ros/install/complex_msgs/include/complex_msgs/msg
[11.268s] -- Installing: /home/ineogi2/ws/Biorobotics/micro_ros/install/complex_msgs/include/complex_msgs/msg/rosidl_typesupport_microxrcedds_cpp__visibility_control.h
[11.268s] -- Up-to-date: /home/ineogi2/ws/Biorobotics/micro_ros/install/complex_msgs/include/complex_msgs/msg/detail
[11.268s] -- Installing: /home/ineogi2/ws/Biorobotics/micro_ros/install/complex_msgs/include/complex_msgs/msg/detail/nested_msg_test__rosidl_typesupport_microxrcedds_cpp.hpp
[11.268s] -- Up-to-date: /home/ineogi2/ws/Biorobotics/micro_ros/install/complex_msgs/include/complex_msgs/msg/detail/microxrcedds
[11.268s] -- Installing: /home/ineogi2/ws/Biorobotics/micro_ros/install/complex_msgs/include/complex_msgs/msg/detail/microxrcedds/nested_msg_test__type_support_cpp.cpp
[11.268s] -- Installing: /home/ineogi2/ws/Biorobotics/micro_ros/install/complex_msgs/include/complex_msgs/msg/detail/microxrcedds/multi_string_test__type_support_cpp.cpp
[11.268s] -- Installing: /home/ineogi2/ws/Biorobotics/micro_ros/install/complex_msgs/include/complex_msgs/msg/detail/multi_string_test__rosidl_typesupport_microxrcedds_cpp.hpp
[11.269s] -- Installing: /home/ineogi2/ws/Biorobotics/micro_ros/install/complex_msgs/lib/libcomplex_msgs__rosidl_typesupport_microxrcedds_cpp.so
[11.269s] -- Set runtime path of "/home/ineogi2/ws/Biorobotics/micro_ros/install/complex_msgs/lib/libcomplex_msgs__rosidl_typesupport_microxrcedds_cpp.so" to ""
[11.269s] -- Up-to-date: /home/ineogi2/ws/Biorobotics/micro_ros/install/complex_msgs/include/complex_msgs
[11.269s] -- Up-to-date: /home/ineogi2/ws/Biorobotics/micro_ros/install/complex_msgs/include/complex_msgs/msg
[11.269s] -- Up-to-date: /home/ineogi2/ws/Biorobotics/micro_ros/install/complex_msgs/include/complex_msgs/msg/detail
[11.270s] -- Installing: /home/ineogi2/ws/Biorobotics/micro_ros/install/complex_msgs/include/complex_msgs/msg/detail/multi_string_test__type_support.cpp
[11.270s] -- Installing: /home/ineogi2/ws/Biorobotics/micro_ros/install/complex_msgs/include/complex_msgs/msg/detail/nested_msg_test__type_support.cpp
[11.270s] -- Installing: /home/ineogi2/ws/Biorobotics/micro_ros/install/complex_msgs/include/complex_msgs/msg/detail/multi_string_test__rosidl_typesupport_introspection_cpp.hpp
[11.270s] -- Installing: /home/ineogi2/ws/Biorobotics/micro_ros/install/complex_msgs/include/complex_msgs/msg/detail/nested_msg_test__rosidl_typesupport_introspection_cpp.hpp
[11.270s] -- Installing: /home/ineogi2/ws/Biorobotics/micro_ros/install/complex_msgs/lib/libcomplex_msgs__rosidl_typesupport_introspection_cpp.so
[11.271s] -- Set runtime path of "/home/ineogi2/ws/Biorobotics/micro_ros/install/complex_msgs/lib/libcomplex_msgs__rosidl_typesupport_introspection_cpp.so" to ""
[11.271s] -- Installing: /home/ineogi2/ws/Biorobotics/micro_ros/install/complex_msgs/lib/libcomplex_msgs__rosidl_typesupport_cpp.so
[11.271s] -- Set runtime path of "/home/ineogi2/ws/Biorobotics/micro_ros/install/complex_msgs/lib/libcomplex_msgs__rosidl_typesupport_cpp.so" to ""
[11.271s] -- Installing: /home/ineogi2/ws/Biorobotics/micro_ros/install/complex_msgs/share/complex_msgs/environment/pythonpath.sh
[11.271s] -- Installing: /home/ineogi2/ws/Biorobotics/micro_ros/install/complex_msgs/share/complex_msgs/environment/pythonpath.dsv
[11.272s] -- Installing: /home/ineogi2/ws/Biorobotics/micro_ros/install/complex_msgs/lib/python3.8/site-packages/complex_msgs/__init__.py
[11.333s] Compiling '/home/ineogi2/ws/Biorobotics/micro_ros/install/complex_msgs/lib/python3.8/site-packages/complex_msgs/__init__.py'...
[11.346s] -- Installing: /home/ineogi2/ws/Biorobotics/micro_ros/install/complex_msgs/lib/python3.8/site-packages/complex_msgs/msg
[11.347s] -- Installing: /home/ineogi2/ws/Biorobotics/micro_ros/install/complex_msgs/lib/python3.8/site-packages/complex_msgs/msg/_nested_msg_test.py
[11.347s] -- Installing: /home/ineogi2/ws/Biorobotics/micro_ros/install/complex_msgs/lib/python3.8/site-packages/complex_msgs/msg/_nested_msg_test_s.c
[11.347s] -- Installing: /home/ineogi2/ws/Biorobotics/micro_ros/install/complex_msgs/lib/python3.8/site-packages/complex_msgs/msg/__init__.py
[11.347s] -- Installing: /home/ineogi2/ws/Biorobotics/micro_ros/install/complex_msgs/lib/python3.8/site-packages/complex_msgs/msg/_multi_string_test_s.c
[11.347s] -- Installing: /home/ineogi2/ws/Biorobotics/micro_ros/install/complex_msgs/lib/python3.8/site-packages/complex_msgs/msg/_multi_string_test.py
[11.348s] -- Installing: /home/ineogi2/ws/Biorobotics/micro_ros/install/complex_msgs/lib/python3.8/site-packages/complex_msgs/complex_msgs_s__rosidl_typesupport_microxrcedds_c.cpython-38-x86_64-linux-gnu.so
[11.348s] -- Set runtime path of "/home/ineogi2/ws/Biorobotics/micro_ros/install/complex_msgs/lib/python3.8/site-packages/complex_msgs/complex_msgs_s__rosidl_typesupport_microxrcedds_c.cpython-38-x86_64-linux-gnu.so" to ""
[11.349s] -- Installing: /home/ineogi2/ws/Biorobotics/micro_ros/install/complex_msgs/lib/python3.8/site-packages/complex_msgs/complex_msgs_s__rosidl_typesupport_fastrtps_c.cpython-38-x86_64-linux-gnu.so
[11.349s] -- Set runtime path of "/home/ineogi2/ws/Biorobotics/micro_ros/install/complex_msgs/lib/python3.8/site-packages/complex_msgs/complex_msgs_s__rosidl_typesupport_fastrtps_c.cpython-38-x86_64-linux-gnu.so" to ""
[11.350s] -- Installing: /home/ineogi2/ws/Biorobotics/micro_ros/install/complex_msgs/lib/python3.8/site-packages/complex_msgs/complex_msgs_s__rosidl_typesupport_introspection_c.cpython-38-x86_64-linux-gnu.so
[11.350s] -- Set runtime path of "/home/ineogi2/ws/Biorobotics/micro_ros/install/complex_msgs/lib/python3.8/site-packages/complex_msgs/complex_msgs_s__rosidl_typesupport_introspection_c.cpython-38-x86_64-linux-gnu.so" to ""
[11.350s] -- Installing: /home/ineogi2/ws/Biorobotics/micro_ros/install/complex_msgs/lib/python3.8/site-packages/complex_msgs/complex_msgs_s__rosidl_typesupport_c.cpython-38-x86_64-linux-gnu.so
[11.356s] -- Set runtime path of "/home/ineogi2/ws/Biorobotics/micro_ros/install/complex_msgs/lib/python3.8/site-packages/complex_msgs/complex_msgs_s__rosidl_typesupport_c.cpython-38-x86_64-linux-gnu.so" to ""
[11.357s] -- Installing: /home/ineogi2/ws/Biorobotics/micro_ros/install/complex_msgs/lib/libcomplex_msgs__python.so
[11.357s] -- Set runtime path of "/home/ineogi2/ws/Biorobotics/micro_ros/install/complex_msgs/lib/libcomplex_msgs__python.so" to ""
[11.357s] -- Installing: /home/ineogi2/ws/Biorobotics/micro_ros/install/complex_msgs/share/complex_msgs/msg/MultiStringTest.idl
[11.357s] -- Installing: /home/ineogi2/ws/Biorobotics/micro_ros/install/complex_msgs/share/complex_msgs/msg/NestedMsgTest.idl
[11.357s] -- Installing: /home/ineogi2/ws/Biorobotics/micro_ros/install/complex_msgs/share/complex_msgs/msg/MultiStringTest.msg
[11.357s] -- Installing: /home/ineogi2/ws/Biorobotics/micro_ros/install/complex_msgs/share/complex_msgs/msg/NestedMsgTest.msg
[11.357s] -- Installing: /home/ineogi2/ws/Biorobotics/micro_ros/install/complex_msgs/share/ament_index/resource_index/package_run_dependencies/complex_msgs
[11.357s] -- Installing: /home/ineogi2/ws/Biorobotics/micro_ros/install/complex_msgs/share/ament_index/resource_index/parent_prefix_path/complex_msgs
[11.358s] -- Installing: /home/ineogi2/ws/Biorobotics/micro_ros/install/complex_msgs/share/complex_msgs/environment/ament_prefix_path.sh
[11.358s] -- Installing: /home/ineogi2/ws/Biorobotics/micro_ros/install/complex_msgs/share/complex_msgs/environment/ament_prefix_path.dsv
[11.358s] -- Installing: /home/ineogi2/ws/Biorobotics/micro_ros/install/complex_msgs/share/complex_msgs/environment/path.sh
[11.358s] -- Installing: /home/ineogi2/ws/Biorobotics/micro_ros/install/complex_msgs/share/complex_msgs/environment/path.dsv
[11.358s] -- Installing: /home/ineogi2/ws/Biorobotics/micro_ros/install/complex_msgs/share/complex_msgs/local_setup.bash
[11.358s] -- Installing: /home/ineogi2/ws/Biorobotics/micro_ros/install/complex_msgs/share/complex_msgs/local_setup.sh
[11.358s] -- Installing: /home/ineogi2/ws/Biorobotics/micro_ros/install/complex_msgs/share/complex_msgs/local_setup.zsh
[11.358s] -- Installing: /home/ineogi2/ws/Biorobotics/micro_ros/install/complex_msgs/share/complex_msgs/local_setup.dsv
[11.362s] -- Installing: /home/ineogi2/ws/Biorobotics/micro_ros/install/complex_msgs/share/complex_msgs/package.dsv
[11.362s] -- Installing: /home/ineogi2/ws/Biorobotics/micro_ros/install/complex_msgs/share/ament_index/resource_index/packages/complex_msgs
[11.362s] -- Installing: /home/ineogi2/ws/Biorobotics/micro_ros/install/complex_msgs/share/complex_msgs/cmake/complex_msgs__rosidl_generator_cExport.cmake
[11.362s] -- Installing: /home/ineogi2/ws/Biorobotics/micro_ros/install/complex_msgs/share/complex_msgs/cmake/complex_msgs__rosidl_generator_cExport-noconfig.cmake
[11.362s] -- Installing: /home/ineogi2/ws/Biorobotics/micro_ros/install/complex_msgs/share/complex_msgs/cmake/complex_msgs__rosidl_typesupport_introspection_cExport.cmake
[11.362s] -- Installing: /home/ineogi2/ws/Biorobotics/micro_ros/install/complex_msgs/share/complex_msgs/cmake/complex_msgs__rosidl_typesupport_introspection_cExport-noconfig.cmake
[11.362s] -- Installing: /home/ineogi2/ws/Biorobotics/micro_ros/install/complex_msgs/share/complex_msgs/cmake/complex_msgs__rosidl_typesupport_cExport.cmake
[11.363s] -- Installing: /home/ineogi2/ws/Biorobotics/micro_ros/install/complex_msgs/share/complex_msgs/cmake/complex_msgs__rosidl_typesupport_cExport-noconfig.cmake
[11.363s] -- Installing: /home/ineogi2/ws/Biorobotics/micro_ros/install/complex_msgs/share/complex_msgs/cmake/complex_msgs__rosidl_generator_cppExport.cmake
[11.363s] -- Installing: /home/ineogi2/ws/Biorobotics/micro_ros/install/complex_msgs/share/complex_msgs/cmake/complex_msgs__rosidl_typesupport_introspection_cppExport.cmake
[11.363s] -- Installing: /home/ineogi2/ws/Biorobotics/micro_ros/install/complex_msgs/share/complex_msgs/cmake/complex_msgs__rosidl_typesupport_introspection_cppExport-noconfig.cmake
[11.363s] -- Installing: /home/ineogi2/ws/Biorobotics/micro_ros/install/complex_msgs/share/complex_msgs/cmake/complex_msgs__rosidl_typesupport_cppExport.cmake
[11.363s] -- Installing: /home/ineogi2/ws/Biorobotics/micro_ros/install/complex_msgs/share/complex_msgs/cmake/complex_msgs__rosidl_typesupport_cppExport-noconfig.cmake
[11.363s] -- Installing: /home/ineogi2/ws/Biorobotics/micro_ros/install/complex_msgs/share/complex_msgs/cmake/rosidl_cmake-extras.cmake
[11.363s] -- Installing: /home/ineogi2/ws/Biorobotics/micro_ros/install/complex_msgs/share/complex_msgs/cmake/ament_cmake_export_dependencies-extras.cmake
[11.363s] -- Installing: /home/ineogi2/ws/Biorobotics/micro_ros/install/complex_msgs/share/complex_msgs/cmake/ament_cmake_export_libraries-extras.cmake
[11.363s] -- Installing: /home/ineogi2/ws/Biorobotics/micro_ros/install/complex_msgs/share/complex_msgs/cmake/ament_cmake_export_targets-extras.cmake
[11.363s] -- Installing: /home/ineogi2/ws/Biorobotics/micro_ros/install/complex_msgs/share/complex_msgs/cmake/ament_cmake_export_include_directories-extras.cmake
[11.364s] -- Installing: /home/ineogi2/ws/Biorobotics/micro_ros/install/complex_msgs/share/complex_msgs/cmake/rosidl_cmake_export_typesupport_libraries-extras.cmake
[11.364s] -- Installing: /home/ineogi2/ws/Biorobotics/micro_ros/install/complex_msgs/share/complex_msgs/cmake/rosidl_cmake_export_typesupport_targets-extras.cmake
[11.364s] -- Installing: /home/ineogi2/ws/Biorobotics/micro_ros/install/complex_msgs/share/complex_msgs/cmake/complex_msgsConfig.cmake
[11.364s] -- Installing: /home/ineogi2/ws/Biorobotics/micro_ros/install/complex_msgs/share/complex_msgs/cmake/complex_msgsConfig-version.cmake
[11.364s] -- Installing: /home/ineogi2/ws/Biorobotics/micro_ros/install/complex_msgs/share/complex_msgs/package.xml
[11.364s] Invoked command in '/home/ineogi2/ws/Biorobotics/micro_ros/build/complex_msgs' returned '0': AMENT_PREFIX_PATH=/home/ineogi2/ws/Biorobotics/micro_ros/install/builtin_interfaces:${AMENT_PREFIX_PATH} CMAKE_PREFIX_PATH=/home/ineogi2/ws/Biorobotics/micro_ros/install/builtin_interfaces:/home/ineogi2/ws/Biorobotics/micro_ros/install/rosidl_typesupport_microxrcedds_cpp:/home/ineogi2/ws/Biorobotics/micro_ros/install/rosidl_typesupport_microxrcedds_c:/home/ineogi2/ws/Biorobotics/micro_ros/install/microcdr:/home/ineogi2/ws/Biorobotics/micro_ros/install/micro_ros_setup:/home/ineogi2/ws/Biorobotics/ros2_ws/install/realsense2_description:/home/ineogi2/ws/Biorobotics/ros2_ws/install/realsense2_camera:/home/ineogi2/ws/Biorobotics/ros2_ws/install/realsense2_camera_msgs:/home/ineogi2/ws/Biorobotics/ros2_ws/install/ros_image:/opt/ros/foxy LD_LIBRARY_PATH=/home/ineogi2/ws/Biorobotics/micro_ros/install/builtin_interfaces/lib:${LD_LIBRARY_PATH} PYTHONPATH=/home/ineogi2/ws/Biorobotics/micro_ros/install/builtin_interfaces/lib/python3.8/site-packages:${PYTHONPATH} /usr/bin/cmake --install /home/ineogi2/ws/Biorobotics/micro_ros/build/complex_msgs
