[0.071s] Invoking command in '/home/ineogi2/ws/Biorobotics/micro_ros/build/rmw_microxrcedds': AMENT_PREFIX_PATH=/home/ineogi2/ws/Biorobotics/micro_ros/install/micro_ros_msgs:${AMENT_PREFIX_PATH} CMAKE_PREFIX_PATH=/home/ineogi2/ws/Biorobotics/micro_ros/install/rosidl_typesupport_microxrcedds_cpp:/home/ineogi2/ws/Biorobotics/micro_ros/install/rosidl_typesupport_microxrcedds_c:/home/ineogi2/ws/Biorobotics/micro_ros/install/microxrcedds_client:/home/ineogi2/ws/Biorobotics/micro_ros/install/microcdr:/home/ineogi2/ws/Biorobotics/micro_ros/install/micro_ros_msgs:/home/ineogi2/ws/Biorobotics/micro_ros/install/micro_ros_setup:/home/ineogi2/ws/Biorobotics/ros2_ws/install/realsense2_description:/home/ineogi2/ws/Biorobotics/ros2_ws/install/realsense2_camera:/home/ineogi2/ws/Biorobotics/ros2_ws/install/realsense2_camera_msgs:/home/ineogi2/ws/Biorobotics/ros2_ws/install/ros_image:/opt/ros/foxy LD_LIBRARY_PATH=/home/ineogi2/ws/Biorobotics/micro_ros/install/rosidl_typesupport_microxrcedds_cpp/lib:/home/ineogi2/ws/Biorobotics/micro_ros/install/rosidl_typesupport_microxrcedds_c/lib:/home/ineogi2/ws/Biorobotics/micro_ros/install/microxrcedds_client/lib:/home/ineogi2/ws/Biorobotics/micro_ros/install/microcdr/lib:/home/ineogi2/ws/Biorobotics/micro_ros/install/micro_ros_msgs/lib:/home/ineogi2/ws/Biorobotics/ros2_ws/install/realsense2_camera/lib:/home/ineogi2/ws/Biorobotics/ros2_ws/install/realsense2_camera_msgs/lib:/opt/ros/foxy/opt/yaml_cpp_vendor/lib:/opt/ros/foxy/opt/rviz_ogre_vendor/lib:/opt/ros/foxy/lib/x86_64-linux-gnu:/opt/ros/foxy/lib PYTHONPATH=/home/ineogi2/ws/Biorobotics/micro_ros/install/rosidl_typesupport_microxrcedds_cpp/lib/python3.8/site-packages:/home/ineogi2/ws/Biorobotics/micro_ros/install/rosidl_typesupport_microxrcedds_c/lib/python3.8/site-packages:/home/ineogi2/ws/Biorobotics/micro_ros/install/micro_ros_msgs/lib/python3.8/site-packages:/home/ineogi2/ws/Biorobotics/ros2_ws/build/ros_image:/home/ineogi2/ws/Biorobotics/ros2_ws/install/ros_image/lib/python3.8/site-packages:/home/ineogi2/ws/Biorobotics/ros2_ws/install/realsense2_camera_msgs/lib/python3.8/site-packages:/opt/ros/foxy/lib/python3.8/site-packages /usr/bin/cmake /home/ineogi2/ws/Biorobotics/micro_ros/src/uros/rmw_microxrcedds/rmw_microxrcedds_c -DBUILD_TESTING=OFF -DBUILD_SHARED_LIBS=ON -DRMW_UXRCE_TRANSPORT=udp -DRMW_UXRCE_DEFAULT_UDP_IP=127.0.0.1 -DRMW_UXRCE_DEFAULT_UDP_PORT=8888 -DRMW_UXRCE_MAX_NODES=3 -DRMW_UXRCE_MAX_PUBLISHERS=5 -DRMW_UXRCE_MAX_SUBSCRIPTIONS=5 -DRMW_UXRCE_MAX_SERVICES=5 -DRMW_UXRCE_MAX_CLIENTS=5 -DRMW_UXRCE_STREAM_HISTORY=32 -DRMW_UXRCE_MAX_HISTORY=10 -DRMW_UXRCE_XML_BUFFER_LENGTH=1000 -DCMAKE_INSTALL_PREFIX=/home/ineogi2/ws/Biorobotics/micro_ros/install/rmw_microxrcedds
[0.155s] -- The C compiler identification is GNU 9.4.0
[0.164s] -- Check for working C compiler: /usr/bin/cc
[0.293s] -- Check for working C compiler: /usr/bin/cc -- works
[0.293s] -- Detecting C compiler ABI info
[0.365s] -- Detecting C compiler ABI info - done
[0.379s] -- Detecting C compile features
[0.380s] -- Detecting C compile features - done
[0.383s] -- Found ament_cmake_ros: 0.9.2 (/opt/ros/foxy/share/ament_cmake_ros/cmake)
[0.428s] -- Found PythonInterp: /usr/bin/python3 (found suitable version "3.8.10", minimum required is "3") 
[0.428s] -- Using PYTHON_EXECUTABLE: /usr/bin/python3
[0.676s] -- Found rcutils: 1.1.3 (/opt/ros/foxy/share/rcutils/cmake)
[0.691s] -- Found rosidl_runtime_c: 1.2.1 (/opt/ros/foxy/share/rosidl_runtime_c/cmake)
[0.705s] -- Found rmw: 1.0.3 (/opt/ros/foxy/share/rmw/cmake)
[0.710s] -- Found rosidl_typesupport_microxrcedds_c: 1.1.0 (/home/ineogi2/ws/Biorobotics/micro_ros/install/rosidl_typesupport_microxrcedds_c/share/rosidl_typesupport_microxrcedds_c/cmake)
[0.720s] -- Found rosidl_adapter: 1.2.1 (/opt/ros/foxy/share/rosidl_adapter/cmake)
[0.816s] -- Configuring done
[0.828s] -- Generating done
[0.829s] CMake Warning:
[0.830s]   Manually-specified variables were not used by the project:
[0.830s] 
[0.830s]     RMW_UXRCE_XML_BUFFER_LENGTH
[0.830s] 
[0.830s] 
[0.830s] -- Build files have been written to: /home/ineogi2/ws/Biorobotics/micro_ros/build/rmw_microxrcedds
[0.841s] Invoked command in '/home/ineogi2/ws/Biorobotics/micro_ros/build/rmw_microxrcedds' returned '0': AMENT_PREFIX_PATH=/home/ineogi2/ws/Biorobotics/micro_ros/install/micro_ros_msgs:${AMENT_PREFIX_PATH} CMAKE_PREFIX_PATH=/home/ineogi2/ws/Biorobotics/micro_ros/install/rosidl_typesupport_microxrcedds_cpp:/home/ineogi2/ws/Biorobotics/micro_ros/install/rosidl_typesupport_microxrcedds_c:/home/ineogi2/ws/Biorobotics/micro_ros/install/microxrcedds_client:/home/ineogi2/ws/Biorobotics/micro_ros/install/microcdr:/home/ineogi2/ws/Biorobotics/micro_ros/install/micro_ros_msgs:/home/ineogi2/ws/Biorobotics/micro_ros/install/micro_ros_setup:/home/ineogi2/ws/Biorobotics/ros2_ws/install/realsense2_description:/home/ineogi2/ws/Biorobotics/ros2_ws/install/realsense2_camera:/home/ineogi2/ws/Biorobotics/ros2_ws/install/realsense2_camera_msgs:/home/ineogi2/ws/Biorobotics/ros2_ws/install/ros_image:/opt/ros/foxy LD_LIBRARY_PATH=/home/ineogi2/ws/Biorobotics/micro_ros/install/rosidl_typesupport_microxrcedds_cpp/lib:/home/ineogi2/ws/Biorobotics/micro_ros/install/rosidl_typesupport_microxrcedds_c/lib:/home/ineogi2/ws/Biorobotics/micro_ros/install/microxrcedds_client/lib:/home/ineogi2/ws/Biorobotics/micro_ros/install/microcdr/lib:/home/ineogi2/ws/Biorobotics/micro_ros/install/micro_ros_msgs/lib:/home/ineogi2/ws/Biorobotics/ros2_ws/install/realsense2_camera/lib:/home/ineogi2/ws/Biorobotics/ros2_ws/install/realsense2_camera_msgs/lib:/opt/ros/foxy/opt/yaml_cpp_vendor/lib:/opt/ros/foxy/opt/rviz_ogre_vendor/lib:/opt/ros/foxy/lib/x86_64-linux-gnu:/opt/ros/foxy/lib PYTHONPATH=/home/ineogi2/ws/Biorobotics/micro_ros/install/rosidl_typesupport_microxrcedds_cpp/lib/python3.8/site-packages:/home/ineogi2/ws/Biorobotics/micro_ros/install/rosidl_typesupport_microxrcedds_c/lib/python3.8/site-packages:/home/ineogi2/ws/Biorobotics/micro_ros/install/micro_ros_msgs/lib/python3.8/site-packages:/home/ineogi2/ws/Biorobotics/ros2_ws/build/ros_image:/home/ineogi2/ws/Biorobotics/ros2_ws/install/ros_image/lib/python3.8/site-packages:/home/ineogi2/ws/Biorobotics/ros2_ws/install/realsense2_camera_msgs/lib/python3.8/site-packages:/opt/ros/foxy/lib/python3.8/site-packages /usr/bin/cmake /home/ineogi2/ws/Biorobotics/micro_ros/src/uros/rmw_microxrcedds/rmw_microxrcedds_c -DBUILD_TESTING=OFF -DBUILD_SHARED_LIBS=ON -DRMW_UXRCE_TRANSPORT=udp -DRMW_UXRCE_DEFAULT_UDP_IP=127.0.0.1 -DRMW_UXRCE_DEFAULT_UDP_PORT=8888 -DRMW_UXRCE_MAX_NODES=3 -DRMW_UXRCE_MAX_PUBLISHERS=5 -DRMW_UXRCE_MAX_SUBSCRIPTIONS=5 -DRMW_UXRCE_MAX_SERVICES=5 -DRMW_UXRCE_MAX_CLIENTS=5 -DRMW_UXRCE_STREAM_HISTORY=32 -DRMW_UXRCE_MAX_HISTORY=10 -DRMW_UXRCE_XML_BUFFER_LENGTH=1000 -DCMAKE_INSTALL_PREFIX=/home/ineogi2/ws/Biorobotics/micro_ros/install/rmw_microxrcedds
[0.884s] Invoking command in '/home/ineogi2/ws/Biorobotics/micro_ros/build/rmw_microxrcedds': AMENT_PREFIX_PATH=/home/ineogi2/ws/Biorobotics/micro_ros/install/micro_ros_msgs:${AMENT_PREFIX_PATH} CMAKE_PREFIX_PATH=/home/ineogi2/ws/Biorobotics/micro_ros/install/rosidl_typesupport_microxrcedds_cpp:/home/ineogi2/ws/Biorobotics/micro_ros/install/rosidl_typesupport_microxrcedds_c:/home/ineogi2/ws/Biorobotics/micro_ros/install/microxrcedds_client:/home/ineogi2/ws/Biorobotics/micro_ros/install/microcdr:/home/ineogi2/ws/Biorobotics/micro_ros/install/micro_ros_msgs:/home/ineogi2/ws/Biorobotics/micro_ros/install/micro_ros_setup:/home/ineogi2/ws/Biorobotics/ros2_ws/install/realsense2_description:/home/ineogi2/ws/Biorobotics/ros2_ws/install/realsense2_camera:/home/ineogi2/ws/Biorobotics/ros2_ws/install/realsense2_camera_msgs:/home/ineogi2/ws/Biorobotics/ros2_ws/install/ros_image:/opt/ros/foxy LD_LIBRARY_PATH=/home/ineogi2/ws/Biorobotics/micro_ros/install/rosidl_typesupport_microxrcedds_cpp/lib:/home/ineogi2/ws/Biorobotics/micro_ros/install/rosidl_typesupport_microxrcedds_c/lib:/home/ineogi2/ws/Biorobotics/micro_ros/install/microxrcedds_client/lib:/home/ineogi2/ws/Biorobotics/micro_ros/install/microcdr/lib:/home/ineogi2/ws/Biorobotics/micro_ros/install/micro_ros_msgs/lib:/home/ineogi2/ws/Biorobotics/ros2_ws/install/realsense2_camera/lib:/home/ineogi2/ws/Biorobotics/ros2_ws/install/realsense2_camera_msgs/lib:/opt/ros/foxy/opt/yaml_cpp_vendor/lib:/opt/ros/foxy/opt/rviz_ogre_vendor/lib:/opt/ros/foxy/lib/x86_64-linux-gnu:/opt/ros/foxy/lib PYTHONPATH=/home/ineogi2/ws/Biorobotics/micro_ros/install/rosidl_typesupport_microxrcedds_cpp/lib/python3.8/site-packages:/home/ineogi2/ws/Biorobotics/micro_ros/install/rosidl_typesupport_microxrcedds_c/lib/python3.8/site-packages:/home/ineogi2/ws/Biorobotics/micro_ros/install/micro_ros_msgs/lib/python3.8/site-packages:/home/ineogi2/ws/Biorobotics/ros2_ws/build/ros_image:/home/ineogi2/ws/Biorobotics/ros2_ws/install/ros_image/lib/python3.8/site-packages:/home/ineogi2/ws/Biorobotics/ros2_ws/install/realsense2_camera_msgs/lib/python3.8/site-packages:/opt/ros/foxy/lib/python3.8/site-packages /usr/bin/cmake --build /home/ineogi2/ws/Biorobotics/micro_ros/build/rmw_microxrcedds -- -j12 -l12
[0.903s] [35m[1mScanning dependencies of target rmw_microxrcedds[0m
[0.993s] [  2%] [32mBuilding C object CMakeFiles/rmw_microxrcedds.dir/src/identifiers.c.o[0m
[1.003s] [  4%] [32mBuilding C object CMakeFiles/rmw_microxrcedds.dir/src/memory.c.o[0m
[1.025s] [  7%] [32mBuilding C object CMakeFiles/rmw_microxrcedds.dir/src/rmw_client.c.o[0m
[1.043s] [ 11%] [32mBuilding C object CMakeFiles/rmw_microxrcedds.dir/src/rmw_count.c.o[0m
[1.043s] [ 11%] [32mBuilding C object CMakeFiles/rmw_microxrcedds.dir/src/rmw_compare_gids_equal.c.o[0m
[1.047s] [ 14%] [32mBuilding C object CMakeFiles/rmw_microxrcedds.dir/src/rmw_event.c.o[0m
[1.074s] [ 16%] [32mBuilding C object CMakeFiles/rmw_microxrcedds.dir/src/rmw_get_gid_for_publisher.c.o[0m
[1.079s] [ 19%] [32mBuilding C object CMakeFiles/rmw_microxrcedds.dir/src/rmw_get_implementation_identifier.c.o[0m
[1.152s] [ 21%] [32mBuilding C object CMakeFiles/rmw_microxrcedds.dir/src/rmw_get_topic_endpoint_info.c.o[0m
[1.160s] [ 23%] [32mBuilding C object CMakeFiles/rmw_microxrcedds.dir/src/rmw_get_serialization_format.c.o[0m
[1.177s] [ 26%] [32mBuilding C object CMakeFiles/rmw_microxrcedds.dir/src/rmw_guard_condition.c.o[0m
[1.187s] [ 28%] [32mBuilding C object CMakeFiles/rmw_microxrcedds.dir/src/rmw_init.c.o[0m
[1.261s] [ 30%] [32mBuilding C object CMakeFiles/rmw_microxrcedds.dir/src/rmw_logging.c.o[0m
[1.261s] [ 33%] [32mBuilding C object CMakeFiles/rmw_microxrcedds.dir/src/rmw_node.c.o[0m
[1.283s] [ 40%] [32mBuilding C object CMakeFiles/rmw_microxrcedds.dir/src/rmw_node_names.c.o[0m
[1.283s] [ 40%] [32mBuilding C object CMakeFiles/rmw_microxrcedds.dir/src/rmw_publish.c.o[0m
[1.283s] [ 40%] [32mBuilding C object CMakeFiles/rmw_microxrcedds.dir/src/rmw_microxrcedds_topic.c.o[0m
[1.286s] [ 42%] [32mBuilding C object CMakeFiles/rmw_microxrcedds.dir/src/rmw_node_info_and_types.c.o[0m
[1.368s] [ 47%] [32mBuilding C object CMakeFiles/rmw_microxrcedds.dir/src/rmw_publisher.c.o[0m
[1.372s] [ 47%] [32mBuilding C object CMakeFiles/rmw_microxrcedds.dir/src/rmw_request.c.o[0m
[1.408s] [ 50%] [32mBuilding C object CMakeFiles/rmw_microxrcedds.dir/src/rmw_service.c.o[0m
[1.408s] [ 52%] [32mBuilding C object CMakeFiles/rmw_microxrcedds.dir/src/rmw_serialize.c.o[0m
[1.411s] [ 57%] [32mBuilding C object CMakeFiles/rmw_microxrcedds.dir/src/rmw_response.c.o[0m
[1.413s] [ 54%] [32mBuilding C object CMakeFiles/rmw_microxrcedds.dir/src/rmw_service_names_and_types.c.o[0m
[1.511s] [ 59%] [32mBuilding C object CMakeFiles/rmw_microxrcedds.dir/src/rmw_service_server_is_available.c.o[0m
[1.530s] [ 61%] [32mBuilding C object CMakeFiles/rmw_microxrcedds.dir/src/rmw_subscription.c.o[0m
[1.533s] [ 64%] [32mBuilding C object CMakeFiles/rmw_microxrcedds.dir/src/rmw_topic_names_and_types.c.o[0m
[1.541s] [ 66%] [32mBuilding C object CMakeFiles/rmw_microxrcedds.dir/src/rmw_take.c.o[0m
[1.545s] [ 69%] [32mBuilding C object CMakeFiles/rmw_microxrcedds.dir/src/rmw_trigger_guard_condition.c.o[0m
[1.554s] [ 71%] [32mBuilding C object CMakeFiles/rmw_microxrcedds.dir/src/rmw_wait_set.c.o[0m
[1.563s] [ 73%] [32mBuilding C object CMakeFiles/rmw_microxrcedds.dir/src/rmw_wait.c.o[0m
[1.564s] [ 76%] [32mBuilding C object CMakeFiles/rmw_microxrcedds.dir/src/types.c.o[0m
[1.628s] [ 78%] [32mBuilding C object CMakeFiles/rmw_microxrcedds.dir/src/utils.c.o[0m
[1.640s] [ 80%] [32mBuilding C object CMakeFiles/rmw_microxrcedds.dir/src/callbacks.c.o[0m
[1.650s] [ 83%] [32mBuilding C object CMakeFiles/rmw_microxrcedds.dir/src/rmw_microros/continous_serialization.c.o[0m
[1.654s] [ 85%] [32mBuilding C object CMakeFiles/rmw_microxrcedds.dir/src/rmw_microros/init_options.c.o[0m
[1.655s] [ 88%] [32mBuilding C object CMakeFiles/rmw_microxrcedds.dir/src/rmw_uxrce_transports.c.o[0m
[1.679s] [ 90%] [32mBuilding C object CMakeFiles/rmw_microxrcedds.dir/src/rmw_microros/time_sync.c.o[0m
[1.711s] [ 92%] [32mBuilding C object CMakeFiles/rmw_microxrcedds.dir/src/rmw_microros/ping.c.o[0m
[1.714s] [ 95%] [32mBuilding C object CMakeFiles/rmw_microxrcedds.dir/src/rmw_microros/timing.c.o[0m
[1.741s] [ 97%] [32mBuilding C object CMakeFiles/rmw_microxrcedds.dir/src/rmw_microros/discovery.c.o[0m
[1.828s] [100%] [32m[1mLinking C shared library librmw_microxrcedds.so[0m
[1.887s] [100%] Built target rmw_microxrcedds
[1.897s] Invoked command in '/home/ineogi2/ws/Biorobotics/micro_ros/build/rmw_microxrcedds' returned '0': AMENT_PREFIX_PATH=/home/ineogi2/ws/Biorobotics/micro_ros/install/micro_ros_msgs:${AMENT_PREFIX_PATH} CMAKE_PREFIX_PATH=/home/ineogi2/ws/Biorobotics/micro_ros/install/rosidl_typesupport_microxrcedds_cpp:/home/ineogi2/ws/Biorobotics/micro_ros/install/rosidl_typesupport_microxrcedds_c:/home/ineogi2/ws/Biorobotics/micro_ros/install/microxrcedds_client:/home/ineogi2/ws/Biorobotics/micro_ros/install/microcdr:/home/ineogi2/ws/Biorobotics/micro_ros/install/micro_ros_msgs:/home/ineogi2/ws/Biorobotics/micro_ros/install/micro_ros_setup:/home/ineogi2/ws/Biorobotics/ros2_ws/install/realsense2_description:/home/ineogi2/ws/Biorobotics/ros2_ws/install/realsense2_camera:/home/ineogi2/ws/Biorobotics/ros2_ws/install/realsense2_camera_msgs:/home/ineogi2/ws/Biorobotics/ros2_ws/install/ros_image:/opt/ros/foxy LD_LIBRARY_PATH=/home/ineogi2/ws/Biorobotics/micro_ros/install/rosidl_typesupport_microxrcedds_cpp/lib:/home/ineogi2/ws/Biorobotics/micro_ros/install/rosidl_typesupport_microxrcedds_c/lib:/home/ineogi2/ws/Biorobotics/micro_ros/install/microxrcedds_client/lib:/home/ineogi2/ws/Biorobotics/micro_ros/install/microcdr/lib:/home/ineogi2/ws/Biorobotics/micro_ros/install/micro_ros_msgs/lib:/home/ineogi2/ws/Biorobotics/ros2_ws/install/realsense2_camera/lib:/home/ineogi2/ws/Biorobotics/ros2_ws/install/realsense2_camera_msgs/lib:/opt/ros/foxy/opt/yaml_cpp_vendor/lib:/opt/ros/foxy/opt/rviz_ogre_vendor/lib:/opt/ros/foxy/lib/x86_64-linux-gnu:/opt/ros/foxy/lib PYTHONPATH=/home/ineogi2/ws/Biorobotics/micro_ros/install/rosidl_typesupport_microxrcedds_cpp/lib/python3.8/site-packages:/home/ineogi2/ws/Biorobotics/micro_ros/install/rosidl_typesupport_microxrcedds_c/lib/python3.8/site-packages:/home/ineogi2/ws/Biorobotics/micro_ros/install/micro_ros_msgs/lib/python3.8/site-packages:/home/ineogi2/ws/Biorobotics/ros2_ws/build/ros_image:/home/ineogi2/ws/Biorobotics/ros2_ws/install/ros_image/lib/python3.8/site-packages:/home/ineogi2/ws/Biorobotics/ros2_ws/install/realsense2_camera_msgs/lib/python3.8/site-packages:/opt/ros/foxy/lib/python3.8/site-packages /usr/bin/cmake --build /home/ineogi2/ws/Biorobotics/micro_ros/build/rmw_microxrcedds -- -j12 -l12
[1.985s] Invoking command in '/home/ineogi2/ws/Biorobotics/micro_ros/build/rmw_microxrcedds': AMENT_PREFIX_PATH=/home/ineogi2/ws/Biorobotics/micro_ros/install/micro_ros_msgs:${AMENT_PREFIX_PATH} CMAKE_PREFIX_PATH=/home/ineogi2/ws/Biorobotics/micro_ros/install/rosidl_typesupport_microxrcedds_cpp:/home/ineogi2/ws/Biorobotics/micro_ros/install/rosidl_typesupport_microxrcedds_c:/home/ineogi2/ws/Biorobotics/micro_ros/install/microxrcedds_client:/home/ineogi2/ws/Biorobotics/micro_ros/install/microcdr:/home/ineogi2/ws/Biorobotics/micro_ros/install/micro_ros_msgs:/home/ineogi2/ws/Biorobotics/micro_ros/install/micro_ros_setup:/home/ineogi2/ws/Biorobotics/ros2_ws/install/realsense2_description:/home/ineogi2/ws/Biorobotics/ros2_ws/install/realsense2_camera:/home/ineogi2/ws/Biorobotics/ros2_ws/install/realsense2_camera_msgs:/home/ineogi2/ws/Biorobotics/ros2_ws/install/ros_image:/opt/ros/foxy LD_LIBRARY_PATH=/home/ineogi2/ws/Biorobotics/micro_ros/install/rosidl_typesupport_microxrcedds_cpp/lib:/home/ineogi2/ws/Biorobotics/micro_ros/install/rosidl_typesupport_microxrcedds_c/lib:/home/ineogi2/ws/Biorobotics/micro_ros/install/microxrcedds_client/lib:/home/ineogi2/ws/Biorobotics/micro_ros/install/microcdr/lib:/home/ineogi2/ws/Biorobotics/micro_ros/install/micro_ros_msgs/lib:/home/ineogi2/ws/Biorobotics/ros2_ws/install/realsense2_camera/lib:/home/ineogi2/ws/Biorobotics/ros2_ws/install/realsense2_camera_msgs/lib:/opt/ros/foxy/opt/yaml_cpp_vendor/lib:/opt/ros/foxy/opt/rviz_ogre_vendor/lib:/opt/ros/foxy/lib/x86_64-linux-gnu:/opt/ros/foxy/lib PYTHONPATH=/home/ineogi2/ws/Biorobotics/micro_ros/install/rosidl_typesupport_microxrcedds_cpp/lib/python3.8/site-packages:/home/ineogi2/ws/Biorobotics/micro_ros/install/rosidl_typesupport_microxrcedds_c/lib/python3.8/site-packages:/home/ineogi2/ws/Biorobotics/micro_ros/install/micro_ros_msgs/lib/python3.8/site-packages:/home/ineogi2/ws/Biorobotics/ros2_ws/build/ros_image:/home/ineogi2/ws/Biorobotics/ros2_ws/install/ros_image/lib/python3.8/site-packages:/home/ineogi2/ws/Biorobotics/ros2_ws/install/realsense2_camera_msgs/lib/python3.8/site-packages:/opt/ros/foxy/lib/python3.8/site-packages /usr/bin/cmake --install /home/ineogi2/ws/Biorobotics/micro_ros/build/rmw_microxrcedds
[1.993s] -- Install configuration: ""
[1.993s] -- Installing: /home/ineogi2/ws/Biorobotics/micro_ros/install/rmw_microxrcedds/share/rmw_microxrcedds/environment/library_path.sh
[1.994s] -- Installing: /home/ineogi2/ws/Biorobotics/micro_ros/install/rmw_microxrcedds/share/rmw_microxrcedds/environment/library_path.dsv
[1.994s] -- Installing: /home/ineogi2/ws/Biorobotics/micro_ros/install/rmw_microxrcedds/share/ament_index/resource_index/rmw_typesupport_c/rmw_microxrcedds
[1.994s] -- Installing: /home/ineogi2/ws/Biorobotics/micro_ros/install/rmw_microxrcedds/share/ament_index/resource_index/rmw_typesupport/rmw_microxrcedds
[1.994s] -- Installing: /home/ineogi2/ws/Biorobotics/micro_ros/install/rmw_microxrcedds/share/ament_index/resource_index/package_run_dependencies/rmw_microxrcedds
[1.994s] -- Installing: /home/ineogi2/ws/Biorobotics/micro_ros/install/rmw_microxrcedds/share/ament_index/resource_index/parent_prefix_path/rmw_microxrcedds
[1.994s] -- Installing: /home/ineogi2/ws/Biorobotics/micro_ros/install/rmw_microxrcedds/share/rmw_microxrcedds/environment/ament_prefix_path.sh
[1.994s] -- Installing: /home/ineogi2/ws/Biorobotics/micro_ros/install/rmw_microxrcedds/share/rmw_microxrcedds/environment/ament_prefix_path.dsv
[1.995s] -- Installing: /home/ineogi2/ws/Biorobotics/micro_ros/install/rmw_microxrcedds/share/rmw_microxrcedds/environment/path.sh
[1.995s] -- Installing: /home/ineogi2/ws/Biorobotics/micro_ros/install/rmw_microxrcedds/share/rmw_microxrcedds/environment/path.dsv
[1.995s] -- Installing: /home/ineogi2/ws/Biorobotics/micro_ros/install/rmw_microxrcedds/share/rmw_microxrcedds/local_setup.bash
[1.995s] -- Installing: /home/ineogi2/ws/Biorobotics/micro_ros/install/rmw_microxrcedds/share/rmw_microxrcedds/local_setup.sh
[1.995s] -- Installing: /home/ineogi2/ws/Biorobotics/micro_ros/install/rmw_microxrcedds/share/rmw_microxrcedds/local_setup.zsh
[1.995s] -- Installing: /home/ineogi2/ws/Biorobotics/micro_ros/install/rmw_microxrcedds/share/rmw_microxrcedds/local_setup.dsv
[1.995s] -- Installing: /home/ineogi2/ws/Biorobotics/micro_ros/install/rmw_microxrcedds/share/rmw_microxrcedds/package.dsv
[1.995s] -- Installing: /home/ineogi2/ws/Biorobotics/micro_ros/install/rmw_microxrcedds/share/ament_index/resource_index/packages/rmw_microxrcedds
[1.996s] -- Installing: /home/ineogi2/ws/Biorobotics/micro_ros/install/rmw_microxrcedds/share/rmw_microxrcedds/cmake/ament_cmake_export_include_directories-extras.cmake
[1.996s] -- Installing: /home/ineogi2/ws/Biorobotics/micro_ros/install/rmw_microxrcedds/share/rmw_microxrcedds/cmake/ament_cmake_export_libraries-extras.cmake
[1.996s] -- Installing: /home/ineogi2/ws/Biorobotics/micro_ros/install/rmw_microxrcedds/share/rmw_microxrcedds/cmake/ament_cmake_export_dependencies-extras.cmake
[1.996s] -- Installing: /home/ineogi2/ws/Biorobotics/micro_ros/install/rmw_microxrcedds/share/rmw_microxrcedds/cmake/rmw_microxrceddsConfig.cmake
[1.996s] -- Installing: /home/ineogi2/ws/Biorobotics/micro_ros/install/rmw_microxrcedds/share/rmw_microxrcedds/cmake/rmw_microxrceddsConfig-version.cmake
[1.996s] -- Installing: /home/ineogi2/ws/Biorobotics/micro_ros/install/rmw_microxrcedds/share/rmw_microxrcedds/package.xml
[1.997s] -- Up-to-date: /home/ineogi2/ws/Biorobotics/micro_ros/install/rmw_microxrcedds/include
[1.997s] -- Installing: /home/ineogi2/ws/Biorobotics/micro_ros/install/rmw_microxrcedds/include/rmw_microxrcedds_c
[1.997s] -- Installing: /home/ineogi2/ws/Biorobotics/micro_ros/install/rmw_microxrcedds/include/rmw_microxrcedds_c/rmw_c_macros.h
[1.997s] -- Installing: /home/ineogi2/ws/Biorobotics/micro_ros/install/rmw_microxrcedds/include/rmw_microros
[1.997s] -- Installing: /home/ineogi2/ws/Biorobotics/micro_ros/install/rmw_microxrcedds/include/rmw_microros/error_handling.h
[1.997s] -- Installing: /home/ineogi2/ws/Biorobotics/micro_ros/install/rmw_microxrcedds/include/rmw_microros/init_options.h
[1.997s] -- Installing: /home/ineogi2/ws/Biorobotics/micro_ros/install/rmw_microxrcedds/include/rmw_microros/custom_transport.h
[1.997s] -- Installing: /home/ineogi2/ws/Biorobotics/micro_ros/install/rmw_microxrcedds/include/rmw_microros/rmw_microros.h
[1.997s] -- Installing: /home/ineogi2/ws/Biorobotics/micro_ros/install/rmw_microxrcedds/include/rmw_microros/time_sync.h
[1.997s] -- Installing: /home/ineogi2/ws/Biorobotics/micro_ros/install/rmw_microxrcedds/include/rmw_microros/continous_serialization.h
[1.998s] -- Installing: /home/ineogi2/ws/Biorobotics/micro_ros/install/rmw_microxrcedds/include/rmw_microros/ping.h
[1.998s] -- Installing: /home/ineogi2/ws/Biorobotics/micro_ros/install/rmw_microxrcedds/include/rmw_microros/timing.h
[1.998s] -- Installing: /home/ineogi2/ws/Biorobotics/micro_ros/install/rmw_microxrcedds/include/rmw_microros/discovery.h
[1.998s] -- Installing: /home/ineogi2/ws/Biorobotics/micro_ros/install/rmw_microxrcedds/include/rmw_microxrcedds_c/config.h
[1.998s] -- Installing: /home/ineogi2/ws/Biorobotics/micro_ros/install/rmw_microxrcedds/lib/librmw_microxrcedds.so
[1.998s] -- Set runtime path of "/home/ineogi2/ws/Biorobotics/micro_ros/install/rmw_microxrcedds/lib/librmw_microxrcedds.so" to ""
[2.002s] Invoked command in '/home/ineogi2/ws/Biorobotics/micro_ros/build/rmw_microxrcedds' returned '0': AMENT_PREFIX_PATH=/home/ineogi2/ws/Biorobotics/micro_ros/install/micro_ros_msgs:${AMENT_PREFIX_PATH} CMAKE_PREFIX_PATH=/home/ineogi2/ws/Biorobotics/micro_ros/install/rosidl_typesupport_microxrcedds_cpp:/home/ineogi2/ws/Biorobotics/micro_ros/install/rosidl_typesupport_microxrcedds_c:/home/ineogi2/ws/Biorobotics/micro_ros/install/microxrcedds_client:/home/ineogi2/ws/Biorobotics/micro_ros/install/microcdr:/home/ineogi2/ws/Biorobotics/micro_ros/install/micro_ros_msgs:/home/ineogi2/ws/Biorobotics/micro_ros/install/micro_ros_setup:/home/ineogi2/ws/Biorobotics/ros2_ws/install/realsense2_description:/home/ineogi2/ws/Biorobotics/ros2_ws/install/realsense2_camera:/home/ineogi2/ws/Biorobotics/ros2_ws/install/realsense2_camera_msgs:/home/ineogi2/ws/Biorobotics/ros2_ws/install/ros_image:/opt/ros/foxy LD_LIBRARY_PATH=/home/ineogi2/ws/Biorobotics/micro_ros/install/rosidl_typesupport_microxrcedds_cpp/lib:/home/ineogi2/ws/Biorobotics/micro_ros/install/rosidl_typesupport_microxrcedds_c/lib:/home/ineogi2/ws/Biorobotics/micro_ros/install/microxrcedds_client/lib:/home/ineogi2/ws/Biorobotics/micro_ros/install/microcdr/lib:/home/ineogi2/ws/Biorobotics/micro_ros/install/micro_ros_msgs/lib:/home/ineogi2/ws/Biorobotics/ros2_ws/install/realsense2_camera/lib:/home/ineogi2/ws/Biorobotics/ros2_ws/install/realsense2_camera_msgs/lib:/opt/ros/foxy/opt/yaml_cpp_vendor/lib:/opt/ros/foxy/opt/rviz_ogre_vendor/lib:/opt/ros/foxy/lib/x86_64-linux-gnu:/opt/ros/foxy/lib PYTHONPATH=/home/ineogi2/ws/Biorobotics/micro_ros/install/rosidl_typesupport_microxrcedds_cpp/lib/python3.8/site-packages:/home/ineogi2/ws/Biorobotics/micro_ros/install/rosidl_typesupport_microxrcedds_c/lib/python3.8/site-packages:/home/ineogi2/ws/Biorobotics/micro_ros/install/micro_ros_msgs/lib/python3.8/site-packages:/home/ineogi2/ws/Biorobotics/ros2_ws/build/ros_image:/home/ineogi2/ws/Biorobotics/ros2_ws/install/ros_image/lib/python3.8/site-packages:/home/ineogi2/ws/Biorobotics/ros2_ws/install/realsense2_camera_msgs/lib/python3.8/site-packages:/opt/ros/foxy/lib/python3.8/site-packages /usr/bin/cmake --install /home/ineogi2/ws/Biorobotics/micro_ros/build/rmw_microxrcedds
