[0.009s] Invoking command in '/home/ineogi2/ws/Biorobotics/ros2_ws/build/realsense2_camera': AMENT_PREFIX_PATH=/home/ineogi2/ws/Biorobotics/ros2_ws/install/realsense2_camera_msgs:${AMENT_PREFIX_PATH} CMAKE_PREFIX_PATH=/home/ineogi2/ws/Biorobotics/ros2_ws/install/realsense2_camera_msgs:/opt/ros/foxy LD_LIBRARY_PATH=/home/ineogi2/ws/Biorobotics/ros2_ws/install/realsense2_camera_msgs/lib:${LD_LIBRARY_PATH} PYTHONPATH=/home/ineogi2/ws/Biorobotics/ros2_ws/install/realsense2_camera_msgs/lib/python3.8/site-packages:${PYTHONPATH} /usr/bin/cmake /home/ineogi2/ws/Biorobotics/ros2_ws/src/realsense-ros/realsense2_camera -DAMENT_CMAKE_SYMLINK_INSTALL=1 -DCMAKE_INSTALL_PREFIX=/home/ineogi2/ws/Biorobotics/ros2_ws/install/realsense2_camera
[0.018s] -- Create Release Build.
[0.018s] -- Found ament_cmake: 0.9.9 (/opt/ros/foxy/share/ament_cmake/cmake)
[0.035s] -- Using PYTHON_EXECUTABLE: /usr/bin/python3
[0.163s] -- Override CMake install command with custom implementation using symlinks instead of copying resources
[0.169s] -- Found builtin_interfaces: 1.0.0 (/opt/ros/foxy/share/builtin_interfaces/cmake)
[0.182s] -- Using all available rosidl_typesupport_c: rosidl_typesupport_fastrtps_c;rosidl_typesupport_introspection_c
[0.185s] -- Found rosidl_adapter: 1.2.1 (/opt/ros/foxy/share/rosidl_adapter/cmake)
[0.267s] -- Using all available rosidl_typesupport_cpp: rosidl_typesupport_fastrtps_cpp;rosidl_typesupport_introspection_cpp
[0.285s] -- Found cv_bridge: 2.2.1 (/opt/ros/foxy/share/cv_bridge/cmake)
[0.296s] -- Found image_transport: 2.3.0 (/opt/ros/foxy/share/image_transport/cmake)
[0.326s] -- Found rmw_implementation_cmake: 1.0.3 (/opt/ros/foxy/share/rmw_implementation_cmake/cmake)
[0.327s] -- Using RMW implementation 'rmw_fastrtps_cpp' as default
[0.543s] -- Found rclcpp_components: 2.4.1 (/opt/ros/foxy/share/rclcpp_components/cmake)
[0.579s] -- Found realsense2_camera_msgs: 3.2.3 (/home/ineogi2/ws/Biorobotics/ros2_ws/install/realsense2_camera_msgs/share/realsense2_camera_msgs/cmake)
[0.606s] -- Found std_srvs: 2.0.5 (/opt/ros/foxy/share/std_srvs/cmake)
[0.613s] -- Found nav_msgs: 2.0.5 (/opt/ros/foxy/share/nav_msgs/cmake)
[0.663s] -- Found tf2_ros: 0.13.13 (/opt/ros/foxy/share/tf2_ros/cmake)
[0.862s] CMake Error at CMakeLists.txt:100 (find_package):
[0.862s]   By not providing "Finddiagnostic_updater.cmake" in CMAKE_MODULE_PATH this
[0.862s]   project has asked CMake to find a package configuration file provided by
[0.862s]   "diagnostic_updater", but CMake did not find one.
[0.862s] 
[0.862s]   Could not find a package configuration file provided by
[0.863s]   "diagnostic_updater" with any of the following names:
[0.863s] 
[0.863s]     diagnostic_updaterConfig.cmake
[0.863s]     diagnostic_updater-config.cmake
[0.863s] 
[0.863s]   Add the installation prefix of "diagnostic_updater" to CMAKE_PREFIX_PATH or
[0.863s]   set "diagnostic_updater_DIR" to a directory containing one of the above
[0.863s]   files.  If "diagnostic_updater" provides a separate development package or
[0.863s]   SDK, be sure it has been installed.
[0.863s] 
[0.863s] 
[0.864s] -- Configuring incomplete, errors occurred!
[0.864s] See also "/home/ineogi2/ws/Biorobotics/ros2_ws/build/realsense2_camera/CMakeFiles/CMakeOutput.log".
[0.864s] See also "/home/ineogi2/ws/Biorobotics/ros2_ws/build/realsense2_camera/CMakeFiles/CMakeError.log".
[0.868s] Invoked command in '/home/ineogi2/ws/Biorobotics/ros2_ws/build/realsense2_camera' returned '1': AMENT_PREFIX_PATH=/home/ineogi2/ws/Biorobotics/ros2_ws/install/realsense2_camera_msgs:${AMENT_PREFIX_PATH} CMAKE_PREFIX_PATH=/home/ineogi2/ws/Biorobotics/ros2_ws/install/realsense2_camera_msgs:/opt/ros/foxy LD_LIBRARY_PATH=/home/ineogi2/ws/Biorobotics/ros2_ws/install/realsense2_camera_msgs/lib:${LD_LIBRARY_PATH} PYTHONPATH=/home/ineogi2/ws/Biorobotics/ros2_ws/install/realsense2_camera_msgs/lib/python3.8/site-packages:${PYTHONPATH} /usr/bin/cmake /home/ineogi2/ws/Biorobotics/ros2_ws/src/realsense-ros/realsense2_camera -DAMENT_CMAKE_SYMLINK_INSTALL=1 -DCMAKE_INSTALL_PREFIX=/home/ineogi2/ws/Biorobotics/ros2_ws/install/realsense2_camera
