[  2%] Built target micro_ros_msgs__cpp
[ 12%] Built target micro_ros_msgs__rosidl_generator_c
[ 44%] Built target micro_ros_msgs__rosidl_typesupport_introspection_cpp
[ 44%] Built target micro_ros_msgs__rosidl_typesupport_introspection_c
[ 44%] Built target micro_ros_msgs__rosidl_typesupport_c
[ 55%] Built target micro_ros_msgs__rosidl_typesupport_cpp
[ 57%] [32m[1mLinking CXX shared library libmicro_ros_msgs__rosidl_typesupport_fastrtps_cpp.so[0m
[ 65%] Built target micro_ros_msgs__rosidl_typesupport_fastrtps_cpp
[ 68%] [32m[1mLinking CXX shared library libmicro_ros_msgs__rosidl_typesupport_fastrtps_c.so[0m
[ 76%] Built target micro_ros_msgs__rosidl_typesupport_fastrtps_c
[ 76%] Built target micro_ros_msgs
[ 78%] Built target micro_ros_msgs__py
[ 80%] [32m[1mLinking C shared library rosidl_generator_py/micro_ros_msgs/libmicro_ros_msgs__python.so[0m
[ 87%] Built target micro_ros_msgs__python
[ 93%] [32m[1mLinking C shared library rosidl_generator_py/micro_ros_msgs/micro_ros_msgs_s__rosidl_typesupport_introspection_c.cpython-38-x86_64-linux-gnu.so[0m
[ 93%] [32m[1mLinking CXX shared library rosidl_generator_py/micro_ros_msgs/micro_ros_msgs_s__rosidl_typesupport_fastrtps_c.cpython-38-x86_64-linux-gnu.so[0m
[ 93%] [32m[1mLinking C shared library rosidl_generator_py/micro_ros_msgs/micro_ros_msgs_s__rosidl_typesupport_c.cpython-38-x86_64-linux-gnu.so[0m
[ 95%] Built target micro_ros_msgs__rosidl_typesupport_c__pyext
[ 97%] Built target micro_ros_msgs__rosidl_typesupport_introspection_c__pyext
[100%] Built target micro_ros_msgs__rosidl_typesupport_fastrtps_c__pyext
