[0.008s] Invoking command in '/home/ineogi2/ws/Biorobotics/micro_ros/build/rosidl_typesupport_microxrcedds_cpp': AMENT_PREFIX_PATH=/home/ineogi2/ws/Biorobotics/micro_ros/install/rosidl_typesupport_microxrcedds_c:${AMENT_PREFIX_PATH} CMAKE_PREFIX_PATH=/home/ineogi2/ws/Biorobotics/micro_ros/install/rosidl_typesupport_microxrcedds_c:/home/ineogi2/ws/Biorobotics/micro_ros/install/microcdr:/home/ineogi2/ws/Biorobotics/micro_ros/install/micro_ros_setup:/home/ineogi2/ws/Biorobotics/ros2_ws/install/realsense2_description:/home/ineogi2/ws/Biorobotics/ros2_ws/install/realsense2_camera:/home/ineogi2/ws/Biorobotics/ros2_ws/install/realsense2_camera_msgs:/home/ineogi2/ws/Biorobotics/ros2_ws/install/ros_image:/opt/ros/foxy LD_LIBRARY_PATH=/home/ineogi2/ws/Biorobotics/micro_ros/install/rosidl_typesupport_microxrcedds_c/lib:/home/ineogi2/ws/Biorobotics/micro_ros/install/microcdr/lib:${LD_LIBRARY_PATH} PYTHONPATH=/home/ineogi2/ws/Biorobotics/micro_ros/install/rosidl_typesupport_microxrcedds_c/lib/python3.8/site-packages:${PYTHONPATH} /usr/bin/cmake /home/ineogi2/ws/Biorobotics/micro_ros/src/uros/rosidl_typesupport_microxrcedds/rosidl_typesupport_microxrcedds_cpp -DBUILD_TESTING=OFF -DBUILD_SHARED_LIBS=ON -DBUILD_SHARED_LIBS=ON -DCMAKE_INSTALL_PREFIX=/home/ineogi2/ws/Biorobotics/micro_ros/install/rosidl_typesupport_microxrcedds_cpp
[0.053s] -- The CXX compiler identification is GNU 9.4.0
[0.057s] -- Check for working CXX compiler: /usr/bin/c++
[0.110s] -- Check for working CXX compiler: /usr/bin/c++ -- works
[0.111s] -- Detecting CXX compiler ABI info
[0.163s] -- Detecting CXX compiler ABI info - done
[0.172s] -- Detecting CXX compile features
[0.173s] -- Detecting CXX compile features - done
[0.174s] -- Found ament_cmake_python: 0.9.9 (/opt/ros/foxy/share/ament_cmake_python/cmake)
[0.175s] -- Found rosidl_runtime_c: 1.2.1 (/opt/ros/foxy/share/rosidl_runtime_c/cmake)
[0.196s] -- Found PythonInterp: /usr/bin/python3 (found suitable version "3.8.10", minimum required is "3") 
[0.196s] -- Using PYTHON_EXECUTABLE: /usr/bin/python3
[0.354s] -- Found rosidl_typesupport_microxrcedds_c: 1.1.0 (/home/ineogi2/ws/Biorobotics/micro_ros/install/rosidl_typesupport_microxrcedds_c/share/rosidl_typesupport_microxrcedds_c/cmake)
[0.366s] -- Found rosidl_adapter: 1.2.1 (/opt/ros/foxy/share/rosidl_adapter/cmake)
[0.438s] -- Configuring done
[0.440s] -- Generating done
[0.441s] -- Build files have been written to: /home/ineogi2/ws/Biorobotics/micro_ros/build/rosidl_typesupport_microxrcedds_cpp
[0.445s] Invoked command in '/home/ineogi2/ws/Biorobotics/micro_ros/build/rosidl_typesupport_microxrcedds_cpp' returned '0': AMENT_PREFIX_PATH=/home/ineogi2/ws/Biorobotics/micro_ros/install/rosidl_typesupport_microxrcedds_c:${AMENT_PREFIX_PATH} CMAKE_PREFIX_PATH=/home/ineogi2/ws/Biorobotics/micro_ros/install/rosidl_typesupport_microxrcedds_c:/home/ineogi2/ws/Biorobotics/micro_ros/install/microcdr:/home/ineogi2/ws/Biorobotics/micro_ros/install/micro_ros_setup:/home/ineogi2/ws/Biorobotics/ros2_ws/install/realsense2_description:/home/ineogi2/ws/Biorobotics/ros2_ws/install/realsense2_camera:/home/ineogi2/ws/Biorobotics/ros2_ws/install/realsense2_camera_msgs:/home/ineogi2/ws/Biorobotics/ros2_ws/install/ros_image:/opt/ros/foxy LD_LIBRARY_PATH=/home/ineogi2/ws/Biorobotics/micro_ros/install/rosidl_typesupport_microxrcedds_c/lib:/home/ineogi2/ws/Biorobotics/micro_ros/install/microcdr/lib:${LD_LIBRARY_PATH} PYTHONPATH=/home/ineogi2/ws/Biorobotics/micro_ros/install/rosidl_typesupport_microxrcedds_c/lib/python3.8/site-packages:${PYTHONPATH} /usr/bin/cmake /home/ineogi2/ws/Biorobotics/micro_ros/src/uros/rosidl_typesupport_microxrcedds/rosidl_typesupport_microxrcedds_cpp -DBUILD_TESTING=OFF -DBUILD_SHARED_LIBS=ON -DBUILD_SHARED_LIBS=ON -DCMAKE_INSTALL_PREFIX=/home/ineogi2/ws/Biorobotics/micro_ros/install/rosidl_typesupport_microxrcedds_cpp
[0.446s] Invoking command in '/home/ineogi2/ws/Biorobotics/micro_ros/build/rosidl_typesupport_microxrcedds_cpp': AMENT_PREFIX_PATH=/home/ineogi2/ws/Biorobotics/micro_ros/install/rosidl_typesupport_microxrcedds_c:${AMENT_PREFIX_PATH} CMAKE_PREFIX_PATH=/home/ineogi2/ws/Biorobotics/micro_ros/install/rosidl_typesupport_microxrcedds_c:/home/ineogi2/ws/Biorobotics/micro_ros/install/microcdr:/home/ineogi2/ws/Biorobotics/micro_ros/install/micro_ros_setup:/home/ineogi2/ws/Biorobotics/ros2_ws/install/realsense2_description:/home/ineogi2/ws/Biorobotics/ros2_ws/install/realsense2_camera:/home/ineogi2/ws/Biorobotics/ros2_ws/install/realsense2_camera_msgs:/home/ineogi2/ws/Biorobotics/ros2_ws/install/ros_image:/opt/ros/foxy LD_LIBRARY_PATH=/home/ineogi2/ws/Biorobotics/micro_ros/install/rosidl_typesupport_microxrcedds_c/lib:/home/ineogi2/ws/Biorobotics/micro_ros/install/microcdr/lib:${LD_LIBRARY_PATH} PYTHONPATH=/home/ineogi2/ws/Biorobotics/micro_ros/install/rosidl_typesupport_microxrcedds_c/lib/python3.8/site-packages:${PYTHONPATH} /usr/bin/cmake --build /home/ineogi2/ws/Biorobotics/micro_ros/build/rosidl_typesupport_microxrcedds_cpp -- -j12 -l12
[0.473s] [35m[1mScanning dependencies of target rosidl_typesupport_microxrcedds_cpp[0m
[0.481s] [ 50%] [32mBuilding CXX object CMakeFiles/rosidl_typesupport_microxrcedds_cpp.dir/src/identifier.cpp.o[0m
[0.495s] [100%] [32m[1mLinking CXX shared library librosidl_typesupport_microxrcedds_cpp.so[0m
[0.523s] [100%] Built target rosidl_typesupport_microxrcedds_cpp
[0.531s] Invoked command in '/home/ineogi2/ws/Biorobotics/micro_ros/build/rosidl_typesupport_microxrcedds_cpp' returned '0': AMENT_PREFIX_PATH=/home/ineogi2/ws/Biorobotics/micro_ros/install/rosidl_typesupport_microxrcedds_c:${AMENT_PREFIX_PATH} CMAKE_PREFIX_PATH=/home/ineogi2/ws/Biorobotics/micro_ros/install/rosidl_typesupport_microxrcedds_c:/home/ineogi2/ws/Biorobotics/micro_ros/install/microcdr:/home/ineogi2/ws/Biorobotics/micro_ros/install/micro_ros_setup:/home/ineogi2/ws/Biorobotics/ros2_ws/install/realsense2_description:/home/ineogi2/ws/Biorobotics/ros2_ws/install/realsense2_camera:/home/ineogi2/ws/Biorobotics/ros2_ws/install/realsense2_camera_msgs:/home/ineogi2/ws/Biorobotics/ros2_ws/install/ros_image:/opt/ros/foxy LD_LIBRARY_PATH=/home/ineogi2/ws/Biorobotics/micro_ros/install/rosidl_typesupport_microxrcedds_c/lib:/home/ineogi2/ws/Biorobotics/micro_ros/install/microcdr/lib:${LD_LIBRARY_PATH} PYTHONPATH=/home/ineogi2/ws/Biorobotics/micro_ros/install/rosidl_typesupport_microxrcedds_c/lib/python3.8/site-packages:${PYTHONPATH} /usr/bin/cmake --build /home/ineogi2/ws/Biorobotics/micro_ros/build/rosidl_typesupport_microxrcedds_cpp -- -j12 -l12
[0.550s] Invoking command in '/home/ineogi2/ws/Biorobotics/micro_ros/build/rosidl_typesupport_microxrcedds_cpp': AMENT_PREFIX_PATH=/home/ineogi2/ws/Biorobotics/micro_ros/install/rosidl_typesupport_microxrcedds_c:${AMENT_PREFIX_PATH} CMAKE_PREFIX_PATH=/home/ineogi2/ws/Biorobotics/micro_ros/install/rosidl_typesupport_microxrcedds_c:/home/ineogi2/ws/Biorobotics/micro_ros/install/microcdr:/home/ineogi2/ws/Biorobotics/micro_ros/install/micro_ros_setup:/home/ineogi2/ws/Biorobotics/ros2_ws/install/realsense2_description:/home/ineogi2/ws/Biorobotics/ros2_ws/install/realsense2_camera:/home/ineogi2/ws/Biorobotics/ros2_ws/install/realsense2_camera_msgs:/home/ineogi2/ws/Biorobotics/ros2_ws/install/ros_image:/opt/ros/foxy LD_LIBRARY_PATH=/home/ineogi2/ws/Biorobotics/micro_ros/install/rosidl_typesupport_microxrcedds_c/lib:/home/ineogi2/ws/Biorobotics/micro_ros/install/microcdr/lib:${LD_LIBRARY_PATH} PYTHONPATH=/home/ineogi2/ws/Biorobotics/micro_ros/install/rosidl_typesupport_microxrcedds_c/lib/python3.8/site-packages:${PYTHONPATH} /usr/bin/cmake --install /home/ineogi2/ws/Biorobotics/micro_ros/build/rosidl_typesupport_microxrcedds_cpp
[0.556s] -- Install configuration: ""
[0.556s] -- Installing: /home/ineogi2/ws/Biorobotics/micro_ros/install/rosidl_typesupport_microxrcedds_cpp/share/rosidl_typesupport_microxrcedds_cpp/environment/pythonpath.sh
[0.556s] -- Installing: /home/ineogi2/ws/Biorobotics/micro_ros/install/rosidl_typesupport_microxrcedds_cpp/share/rosidl_typesupport_microxrcedds_cpp/environment/pythonpath.dsv
[0.556s] -- Installing: /home/ineogi2/ws/Biorobotics/micro_ros/install/rosidl_typesupport_microxrcedds_cpp/lib/python3.8/site-packages/rosidl_typesupport_microxrcedds_cpp
[0.556s] -- Installing: /home/ineogi2/ws/Biorobotics/micro_ros/install/rosidl_typesupport_microxrcedds_cpp/lib/python3.8/site-packages/rosidl_typesupport_microxrcedds_cpp/__init__.py
[0.579s] Listing '/home/ineogi2/ws/Biorobotics/micro_ros/install/rosidl_typesupport_microxrcedds_cpp/lib/python3.8/site-packages/rosidl_typesupport_microxrcedds_cpp'...
[0.579s] Compiling '/home/ineogi2/ws/Biorobotics/micro_ros/install/rosidl_typesupport_microxrcedds_cpp/lib/python3.8/site-packages/rosidl_typesupport_microxrcedds_cpp/__init__.py'...
[0.582s] -- Installing: /home/ineogi2/ws/Biorobotics/micro_ros/install/rosidl_typesupport_microxrcedds_cpp/share/rosidl_typesupport_microxrcedds_cpp/environment/library_path.sh
[0.583s] -- Installing: /home/ineogi2/ws/Biorobotics/micro_ros/install/rosidl_typesupport_microxrcedds_cpp/share/rosidl_typesupport_microxrcedds_cpp/environment/library_path.dsv
[0.583s] -- Installing: /home/ineogi2/ws/Biorobotics/micro_ros/install/rosidl_typesupport_microxrcedds_cpp/share/ament_index/resource_index/rosidl_typesupport_cpp/rosidl_typesupport_microxrcedds_cpp
[0.583s] -- Installing: /home/ineogi2/ws/Biorobotics/micro_ros/install/rosidl_typesupport_microxrcedds_cpp/share/ament_index/resource_index/package_run_dependencies/rosidl_typesupport_microxrcedds_cpp
[0.583s] -- Installing: /home/ineogi2/ws/Biorobotics/micro_ros/install/rosidl_typesupport_microxrcedds_cpp/share/ament_index/resource_index/parent_prefix_path/rosidl_typesupport_microxrcedds_cpp
[0.583s] -- Installing: /home/ineogi2/ws/Biorobotics/micro_ros/install/rosidl_typesupport_microxrcedds_cpp/share/rosidl_typesupport_microxrcedds_cpp/environment/ament_prefix_path.sh
[0.583s] -- Installing: /home/ineogi2/ws/Biorobotics/micro_ros/install/rosidl_typesupport_microxrcedds_cpp/share/rosidl_typesupport_microxrcedds_cpp/environment/ament_prefix_path.dsv
[0.583s] -- Installing: /home/ineogi2/ws/Biorobotics/micro_ros/install/rosidl_typesupport_microxrcedds_cpp/share/rosidl_typesupport_microxrcedds_cpp/environment/path.sh
[0.583s] -- Installing: /home/ineogi2/ws/Biorobotics/micro_ros/install/rosidl_typesupport_microxrcedds_cpp/share/rosidl_typesupport_microxrcedds_cpp/environment/path.dsv
[0.583s] -- Installing: /home/ineogi2/ws/Biorobotics/micro_ros/install/rosidl_typesupport_microxrcedds_cpp/share/rosidl_typesupport_microxrcedds_cpp/local_setup.bash
[0.583s] -- Installing: /home/ineogi2/ws/Biorobotics/micro_ros/install/rosidl_typesupport_microxrcedds_cpp/share/rosidl_typesupport_microxrcedds_cpp/local_setup.sh
[0.583s] -- Installing: /home/ineogi2/ws/Biorobotics/micro_ros/install/rosidl_typesupport_microxrcedds_cpp/share/rosidl_typesupport_microxrcedds_cpp/local_setup.zsh
[0.583s] -- Installing: /home/ineogi2/ws/Biorobotics/micro_ros/install/rosidl_typesupport_microxrcedds_cpp/share/rosidl_typesupport_microxrcedds_cpp/local_setup.dsv
[0.584s] -- Installing: /home/ineogi2/ws/Biorobotics/micro_ros/install/rosidl_typesupport_microxrcedds_cpp/share/rosidl_typesupport_microxrcedds_cpp/package.dsv
[0.584s] -- Installing: /home/ineogi2/ws/Biorobotics/micro_ros/install/rosidl_typesupport_microxrcedds_cpp/share/ament_index/resource_index/packages/rosidl_typesupport_microxrcedds_cpp
[0.584s] -- Installing: /home/ineogi2/ws/Biorobotics/micro_ros/install/rosidl_typesupport_microxrcedds_cpp/share/rosidl_typesupport_microxrcedds_cpp/cmake/rosidl_typesupport_microxrcedds_cppExport.cmake
[0.584s] -- Installing: /home/ineogi2/ws/Biorobotics/micro_ros/install/rosidl_typesupport_microxrcedds_cpp/share/rosidl_typesupport_microxrcedds_cpp/cmake/rosidl_typesupport_microxrcedds_cppExport-noconfig.cmake
[0.584s] -- Installing: /home/ineogi2/ws/Biorobotics/micro_ros/install/rosidl_typesupport_microxrcedds_cpp/share/rosidl_typesupport_microxrcedds_cpp/cmake/rosidl_typesupport_microxrcedds_cpp-extras.cmake
[0.584s] -- Installing: /home/ineogi2/ws/Biorobotics/micro_ros/install/rosidl_typesupport_microxrcedds_cpp/share/rosidl_typesupport_microxrcedds_cpp/cmake/ament_cmake_export_dependencies-extras.cmake
[0.584s] -- Installing: /home/ineogi2/ws/Biorobotics/micro_ros/install/rosidl_typesupport_microxrcedds_cpp/share/rosidl_typesupport_microxrcedds_cpp/cmake/ament_cmake_export_include_directories-extras.cmake
[0.584s] -- Installing: /home/ineogi2/ws/Biorobotics/micro_ros/install/rosidl_typesupport_microxrcedds_cpp/share/rosidl_typesupport_microxrcedds_cpp/cmake/ament_cmake_export_libraries-extras.cmake
[0.584s] -- Installing: /home/ineogi2/ws/Biorobotics/micro_ros/install/rosidl_typesupport_microxrcedds_cpp/share/rosidl_typesupport_microxrcedds_cpp/cmake/ament_cmake_export_targets-extras.cmake
[0.584s] -- Installing: /home/ineogi2/ws/Biorobotics/micro_ros/install/rosidl_typesupport_microxrcedds_cpp/share/rosidl_typesupport_microxrcedds_cpp/cmake/rosidl_typesupport_microxrcedds_cppConfig.cmake
[0.584s] -- Installing: /home/ineogi2/ws/Biorobotics/micro_ros/install/rosidl_typesupport_microxrcedds_cpp/share/rosidl_typesupport_microxrcedds_cpp/cmake/rosidl_typesupport_microxrcedds_cppConfig-version.cmake
[0.585s] -- Installing: /home/ineogi2/ws/Biorobotics/micro_ros/install/rosidl_typesupport_microxrcedds_cpp/share/rosidl_typesupport_microxrcedds_cpp/package.xml
[0.585s] -- Installing: /home/ineogi2/ws/Biorobotics/micro_ros/install/rosidl_typesupport_microxrcedds_cpp/lib/rosidl_typesupport_microxrcedds_cpp/rosidl_typesupport_microxrcedds_cpp
[0.585s] -- Up-to-date: /home/ineogi2/ws/Biorobotics/micro_ros/install/rosidl_typesupport_microxrcedds_cpp/share/rosidl_typesupport_microxrcedds_cpp/cmake
[0.585s] -- Installing: /home/ineogi2/ws/Biorobotics/micro_ros/install/rosidl_typesupport_microxrcedds_cpp/share/rosidl_typesupport_microxrcedds_cpp/cmake/rosidl_typesupport_microxrcedds_cpp_generate_interfaces.cmake
[0.585s] -- Installing: /home/ineogi2/ws/Biorobotics/micro_ros/install/rosidl_typesupport_microxrcedds_cpp/share/rosidl_typesupport_microxrcedds_cpp/resource
[0.585s] -- Installing: /home/ineogi2/ws/Biorobotics/micro_ros/install/rosidl_typesupport_microxrcedds_cpp/share/rosidl_typesupport_microxrcedds_cpp/resource/msg__type_support_cpp.cpp.em
[0.585s] -- Installing: /home/ineogi2/ws/Biorobotics/micro_ros/install/rosidl_typesupport_microxrcedds_cpp/share/rosidl_typesupport_microxrcedds_cpp/resource/idl__type_support_cpp.cpp.em
[0.585s] -- Installing: /home/ineogi2/ws/Biorobotics/micro_ros/install/rosidl_typesupport_microxrcedds_cpp/share/rosidl_typesupport_microxrcedds_cpp/resource/rosidl_typesupport_microxrcedds_cpp__visibility_control.h.in
[0.585s] -- Installing: /home/ineogi2/ws/Biorobotics/micro_ros/install/rosidl_typesupport_microxrcedds_cpp/share/rosidl_typesupport_microxrcedds_cpp/resource/msg__rosidl_typesupport_microxrcedds_cpp.hpp.em
[0.585s] -- Installing: /home/ineogi2/ws/Biorobotics/micro_ros/install/rosidl_typesupport_microxrcedds_cpp/share/rosidl_typesupport_microxrcedds_cpp/resource/srv__rosidl_typesupport_microxrcedds_cpp.hpp.em
[0.585s] -- Installing: /home/ineogi2/ws/Biorobotics/micro_ros/install/rosidl_typesupport_microxrcedds_cpp/share/rosidl_typesupport_microxrcedds_cpp/resource/idl__rosidl_typesupport_microxrcedds_cpp.hpp.em
[0.585s] -- Installing: /home/ineogi2/ws/Biorobotics/micro_ros/install/rosidl_typesupport_microxrcedds_cpp/share/rosidl_typesupport_microxrcedds_cpp/resource/srv__type_support_cpp.cpp.em
[0.586s] -- Installing: /home/ineogi2/ws/Biorobotics/micro_ros/install/rosidl_typesupport_microxrcedds_cpp/include
[0.586s] -- Installing: /home/ineogi2/ws/Biorobotics/micro_ros/install/rosidl_typesupport_microxrcedds_cpp/include/rosidl_typesupport_microxrcedds_cpp
[0.586s] -- Installing: /home/ineogi2/ws/Biorobotics/micro_ros/install/rosidl_typesupport_microxrcedds_cpp/include/rosidl_typesupport_microxrcedds_cpp/identifier.hpp
[0.586s] -- Installing: /home/ineogi2/ws/Biorobotics/micro_ros/install/rosidl_typesupport_microxrcedds_cpp/include/rosidl_typesupport_microxrcedds_cpp/message_type_support_decl.hpp
[0.586s] -- Installing: /home/ineogi2/ws/Biorobotics/micro_ros/install/rosidl_typesupport_microxrcedds_cpp/include/rosidl_typesupport_microxrcedds_cpp/visibility_control.h
[0.586s] -- Installing: /home/ineogi2/ws/Biorobotics/micro_ros/install/rosidl_typesupport_microxrcedds_cpp/include/rosidl_typesupport_microxrcedds_cpp/service_type_support_decl.hpp
[0.586s] -- Installing: /home/ineogi2/ws/Biorobotics/micro_ros/install/rosidl_typesupport_microxrcedds_cpp/include/rosidl_typesupport_microxrcedds_cpp/identifier.h
[0.586s] -- Installing: /home/ineogi2/ws/Biorobotics/micro_ros/install/rosidl_typesupport_microxrcedds_cpp/lib/librosidl_typesupport_microxrcedds_cpp.so
[0.586s] -- Set runtime path of "/home/ineogi2/ws/Biorobotics/micro_ros/install/rosidl_typesupport_microxrcedds_cpp/lib/librosidl_typesupport_microxrcedds_cpp.so" to ""
[0.588s] Invoked command in '/home/ineogi2/ws/Biorobotics/micro_ros/build/rosidl_typesupport_microxrcedds_cpp' returned '0': AMENT_PREFIX_PATH=/home/ineogi2/ws/Biorobotics/micro_ros/install/rosidl_typesupport_microxrcedds_c:${AMENT_PREFIX_PATH} CMAKE_PREFIX_PATH=/home/ineogi2/ws/Biorobotics/micro_ros/install/rosidl_typesupport_microxrcedds_c:/home/ineogi2/ws/Biorobotics/micro_ros/install/microcdr:/home/ineogi2/ws/Biorobotics/micro_ros/install/micro_ros_setup:/home/ineogi2/ws/Biorobotics/ros2_ws/install/realsense2_description:/home/ineogi2/ws/Biorobotics/ros2_ws/install/realsense2_camera:/home/ineogi2/ws/Biorobotics/ros2_ws/install/realsense2_camera_msgs:/home/ineogi2/ws/Biorobotics/ros2_ws/install/ros_image:/opt/ros/foxy LD_LIBRARY_PATH=/home/ineogi2/ws/Biorobotics/micro_ros/install/rosidl_typesupport_microxrcedds_c/lib:/home/ineogi2/ws/Biorobotics/micro_ros/install/microcdr/lib:${LD_LIBRARY_PATH} PYTHONPATH=/home/ineogi2/ws/Biorobotics/micro_ros/install/rosidl_typesupport_microxrcedds_c/lib/python3.8/site-packages:${PYTHONPATH} /usr/bin/cmake --install /home/ineogi2/ws/Biorobotics/micro_ros/build/rosidl_typesupport_microxrcedds_cpp
