[0.013s] Invoking command in '/home/ineogi2/ros2_ws/build/realsense2_camera': CMAKE_PREFIX_PATH=/home/ineogi2/ros2_ws/install/realsense2_camera_msgs:/home/ineogi2/microros_ws/install/micro_ros_setup:/home/ineogi2/microros_ws/install/micro_ros_agent:/home/ineogi2/microros_ws/install/micro_ros_msgs:/home/ineogi2/ros2_ws/install/realsense2_description:/home/ineogi2/ros2_ws/install/realsense2_camera:/home/ineogi2/ros2_ws/install/ros_teensy:/home/ineogi2/ros2_ws/install/ros_image:/opt/ros/foxy LD_LIBRARY_PATH=/home/ineogi2/ros2_ws/install/realsense2_camera_msgs/lib:/usr/local/cuda-11.2/lib64:/home/ineogi2/ros2_ws/install/realsense2_camera/lib:/usr/local/cuda-11.2/lib64:/home/ineogi2/microros_ws/install/micro_ros_agent/lib:/home/ineogi2/microros_ws/install/micro_ros_msgs/lib:/home/ineogi2/microros_ws/install/drive_base_msgs/lib:/opt/ros/foxy/opt/yaml_cpp_vendor/lib:/opt/ros/foxy/opt/rviz_ogre_vendor/lib:/opt/ros/foxy/lib/x86_64-linux-gnu:/opt/ros/foxy/lib:/usr/local/cuda-11.2/lib64:/usr/local/cuda-11.2/lib64 PYTHONPATH=/home/ineogi2/ros2_ws/install/realsense2_camera_msgs/lib/python3.8/site-packages:/home/ineogi2/microros_ws/install/micro_ros_msgs/lib/python3.8/site-packages:/home/ineogi2/ros2_ws/build/ros_teensy:/home/ineogi2/ros2_ws/install/ros_teensy/lib/python3.8/site-packages:/home/ineogi2/ros2_ws/build/ros_image:/home/ineogi2/ros2_ws/install/ros_image/lib/python3.8/site-packages:/opt/ros/foxy/lib/python3.8/site-packages /usr/bin/cmake --build /home/ineogi2/ros2_ws/build/realsense2_camera -- -j12 -l12
[0.034s] -- Create Release Build.
[0.034s] -- Found ament_cmake: 0.9.9 (/opt/ros/foxy/share/ament_cmake/cmake)
[0.055s] -- Using PYTHON_EXECUTABLE: /usr/bin/python3
[0.195s] -- Override CMake install command with custom implementation using symlinks instead of copying resources
[0.200s] -- Found builtin_interfaces: 1.0.0 (/opt/ros/foxy/share/builtin_interfaces/cmake)
[0.215s] -- Using all available rosidl_typesupport_c: rosidl_typesupport_fastrtps_c;rosidl_typesupport_introspection_c
[0.217s] -- Found rosidl_adapter: 1.2.1 (/opt/ros/foxy/share/rosidl_adapter/cmake)
[0.306s] -- Using all available rosidl_typesupport_cpp: rosidl_typesupport_fastrtps_cpp;rosidl_typesupport_introspection_cpp
[0.325s] -- Found cv_bridge: 2.2.1 (/opt/ros/foxy/share/cv_bridge/cmake)
[0.337s] -- Found image_transport: 2.3.0 (/opt/ros/foxy/share/image_transport/cmake)
[0.376s] -- Found rmw_implementation_cmake: 1.0.3 (/opt/ros/foxy/share/rmw_implementation_cmake/cmake)
[0.377s] -- Using RMW implementation 'rmw_fastrtps_cpp' as default
[0.598s] -- Found rclcpp_components: 2.4.1 (/opt/ros/foxy/share/rclcpp_components/cmake)
[0.635s] -- Found realsense2_camera_msgs: 3.2.3 (/home/ineogi2/ros2_ws/install/realsense2_camera_msgs/share/realsense2_camera_msgs/cmake)
[0.661s] -- Found std_srvs: 2.0.5 (/opt/ros/foxy/share/std_srvs/cmake)
[0.669s] -- Found nav_msgs: 2.0.5 (/opt/ros/foxy/share/nav_msgs/cmake)
[0.720s] -- Found tf2_ros: 0.13.13 (/opt/ros/foxy/share/tf2_ros/cmake)
[0.934s] -- Found diagnostic_updater: 2.0.8 (/opt/ros/foxy/share/diagnostic_updater/cmake)
[0.977s] -- Build for ROS2 Foxy
[1.019s] -- Found ament_lint_auto: 0.9.6 (/opt/ros/foxy/share/ament_lint_auto/cmake)
[1.024s] -- Found OpenCV: /usr/local (found version "4.4.0") 
[1.092s] -- Added test 'copyright' to check source files copyright and LICENSE
[1.093s] -- Added test 'cppcheck' to perform static code analysis on C / C++ code
[1.093s] -- Configured cppcheck include dirs: /home/ineogi2/ros2_ws/src/realsense-ros/realsense2_camera/include
[1.093s] -- Configured cppcheck exclude dirs and/or files: 
[1.095s] -- Added test 'cpplint' to check C / C++ code against the Google style
[1.095s] -- Configured cpplint exclude dirs and/or files: 
[1.095s] -- Added test 'flake8' to check Python code syntax and style conventions
[1.096s] -- Added test 'lint_cmake' to check CMake code style
[1.097s] -- Added test 'pep257' to check Python code against some of the style conventions in PEP 257
[1.098s] -- Added test 'uncrustify' to check C / C++ code style
[1.098s] -- Configured uncrustify additional arguments: 
[1.099s] -- Added test 'xmllint' to check XML markup files
[1.103s] -- Configuring done
[1.134s] -- Generating done
[1.136s] -- Build files have been written to: /home/ineogi2/ros2_ws/build/realsense2_camera
[1.164s] [35m[1mScanning dependencies of target realsense2_camera[0m
[1.165s] [ 25%] Built target realsense2_camera_node
[1.203s] [ 50%] [32mBuilding CXX object CMakeFiles/realsense2_camera.dir/src/realsense_node_factory.cpp.o[0m
[1.203s] [ 50%] [32mBuilding CXX object CMakeFiles/realsense2_camera.dir/src/base_realsense_node.cpp.o[0m
[1.203s] [ 75%] [32mBuilding CXX object CMakeFiles/realsense2_camera.dir/src/dynamic_params.cpp.o[0m
[1.203s] [ 75%] [32mBuilding CXX object CMakeFiles/realsense2_camera.dir/src/t265_realsense_node.cpp.o[0m
[1.203s] [ 87%] [32mBuilding CXX object CMakeFiles/realsense2_camera.dir/src/ros_param_backend_foxy.cpp.o[0m
[19.117s] [100%] [32m[1mLinking CXX shared library librealsense2_camera.so[0m
[19.534s] [100%] Built target realsense2_camera
[19.559s] Invoked command in '/home/ineogi2/ros2_ws/build/realsense2_camera' returned '0': CMAKE_PREFIX_PATH=/home/ineogi2/ros2_ws/install/realsense2_camera_msgs:/home/ineogi2/microros_ws/install/micro_ros_setup:/home/ineogi2/microros_ws/install/micro_ros_agent:/home/ineogi2/microros_ws/install/micro_ros_msgs:/home/ineogi2/ros2_ws/install/realsense2_description:/home/ineogi2/ros2_ws/install/realsense2_camera:/home/ineogi2/ros2_ws/install/ros_teensy:/home/ineogi2/ros2_ws/install/ros_image:/opt/ros/foxy LD_LIBRARY_PATH=/home/ineogi2/ros2_ws/install/realsense2_camera_msgs/lib:/usr/local/cuda-11.2/lib64:/home/ineogi2/ros2_ws/install/realsense2_camera/lib:/usr/local/cuda-11.2/lib64:/home/ineogi2/microros_ws/install/micro_ros_agent/lib:/home/ineogi2/microros_ws/install/micro_ros_msgs/lib:/home/ineogi2/microros_ws/install/drive_base_msgs/lib:/opt/ros/foxy/opt/yaml_cpp_vendor/lib:/opt/ros/foxy/opt/rviz_ogre_vendor/lib:/opt/ros/foxy/lib/x86_64-linux-gnu:/opt/ros/foxy/lib:/usr/local/cuda-11.2/lib64:/usr/local/cuda-11.2/lib64 PYTHONPATH=/home/ineogi2/ros2_ws/install/realsense2_camera_msgs/lib/python3.8/site-packages:/home/ineogi2/microros_ws/install/micro_ros_msgs/lib/python3.8/site-packages:/home/ineogi2/ros2_ws/build/ros_teensy:/home/ineogi2/ros2_ws/install/ros_teensy/lib/python3.8/site-packages:/home/ineogi2/ros2_ws/build/ros_image:/home/ineogi2/ros2_ws/install/ros_image/lib/python3.8/site-packages:/opt/ros/foxy/lib/python3.8/site-packages /usr/bin/cmake --build /home/ineogi2/ros2_ws/build/realsense2_camera -- -j12 -l12
[19.587s] Invoking command in '/home/ineogi2/ros2_ws/build/realsense2_camera': CMAKE_PREFIX_PATH=/home/ineogi2/ros2_ws/install/realsense2_camera_msgs:/home/ineogi2/microros_ws/install/micro_ros_setup:/home/ineogi2/microros_ws/install/micro_ros_agent:/home/ineogi2/microros_ws/install/micro_ros_msgs:/home/ineogi2/ros2_ws/install/realsense2_description:/home/ineogi2/ros2_ws/install/realsense2_camera:/home/ineogi2/ros2_ws/install/ros_teensy:/home/ineogi2/ros2_ws/install/ros_image:/opt/ros/foxy LD_LIBRARY_PATH=/home/ineogi2/ros2_ws/install/realsense2_camera_msgs/lib:/usr/local/cuda-11.2/lib64:/home/ineogi2/ros2_ws/install/realsense2_camera/lib:/usr/local/cuda-11.2/lib64:/home/ineogi2/microros_ws/install/micro_ros_agent/lib:/home/ineogi2/microros_ws/install/micro_ros_msgs/lib:/home/ineogi2/microros_ws/install/drive_base_msgs/lib:/opt/ros/foxy/opt/yaml_cpp_vendor/lib:/opt/ros/foxy/opt/rviz_ogre_vendor/lib:/opt/ros/foxy/lib/x86_64-linux-gnu:/opt/ros/foxy/lib:/usr/local/cuda-11.2/lib64:/usr/local/cuda-11.2/lib64 PYTHONPATH=/home/ineogi2/ros2_ws/install/realsense2_camera_msgs/lib/python3.8/site-packages:/home/ineogi2/microros_ws/install/micro_ros_msgs/lib/python3.8/site-packages:/home/ineogi2/ros2_ws/build/ros_teensy:/home/ineogi2/ros2_ws/install/ros_teensy/lib/python3.8/site-packages:/home/ineogi2/ros2_ws/build/ros_image:/home/ineogi2/ros2_ws/install/ros_image/lib/python3.8/site-packages:/opt/ros/foxy/lib/python3.8/site-packages /usr/bin/cmake --install /home/ineogi2/ros2_ws/build/realsense2_camera
[19.593s] -- Install configuration: "Release"
[19.593s] -- Execute custom install script
[19.594s] -- Up-to-date symlink: /home/ineogi2/ros2_ws/install/realsense2_camera/lib/realsense2_camera/realsense2_camera_node
[19.594s] -- Up-to-date symlink: /home/ineogi2/ros2_ws/install/realsense2_camera/lib/librealsense2_camera.so
[19.594s] -- Up-to-date symlink: /home/ineogi2/ros2_ws/install/realsense2_camera/include/base_realsense_node.h
[19.594s] -- Up-to-date symlink: /home/ineogi2/ros2_ws/install/realsense2_camera/include/constants.h
[19.594s] -- Up-to-date symlink: /home/ineogi2/ros2_ws/install/realsense2_camera/include/dynamic_params.h
[19.595s] -- Up-to-date symlink: /home/ineogi2/ros2_ws/install/realsense2_camera/include/realsense_node_factory.h
[19.595s] -- Up-to-date symlink: /home/ineogi2/ros2_ws/install/realsense2_camera/include/ros_param_backend.h
[19.595s] -- Up-to-date symlink: /home/ineogi2/ros2_ws/install/realsense2_camera/include/t265_realsense_node.h
[19.595s] -- Up-to-date symlink: /home/ineogi2/ros2_ws/install/realsense2_camera/share/realsense2_camera/launch/default.rviz
[19.595s] -- Symlinking: /home/ineogi2/ros2_ws/install/realsense2_camera/share/realsense2_camera/launch/demo_pointcloud_launch.py
[19.601s] -- Symlinking: /home/ineogi2/ros2_ws/install/realsense2_camera/share/realsense2_camera/launch/demo_t265_launch.py
[19.607s] -- Up-to-date symlink: /home/ineogi2/ros2_ws/install/realsense2_camera/share/realsense2_camera/launch/rs_d400_and_t265_launch.py
[19.608s] -- Up-to-date symlink: /home/ineogi2/ros2_ws/install/realsense2_camera/share/realsense2_camera/launch/rs_launch.py
[19.608s] -- Up-to-date symlink: /home/ineogi2/ros2_ws/install/realsense2_camera/share/realsense2_camera/launch/rs_multi_camera_launch.py
[19.608s] -- Symlinking: /home/ineogi2/ros2_ws/install/realsense2_camera/share/realsense2_camera/launch/rs_t265_launch.py
[19.614s] -- Symlinking: /home/ineogi2/ros2_ws/install/realsense2_camera/share/realsense2_camera/config/d435i.yaml
[19.620s] -- Symlinking: /home/ineogi2/ros2_ws/install/realsense2_camera/share/realsense2_camera/rviz/pointcloud.rviz
[19.626s] -- Symlinking: /home/ineogi2/ros2_ws/install/realsense2_camera/share/realsense2_camera/rviz/t265.rviz
[19.632s] -- Up-to-date symlink: /home/ineogi2/ros2_ws/install/realsense2_camera/share/realsense2_camera/environment/library_path.sh
[19.633s] -- Up-to-date symlink: /home/ineogi2/ros2_ws/install/realsense2_camera/share/realsense2_camera/environment/library_path.dsv
[19.633s] -- Up-to-date symlink: /home/ineogi2/ros2_ws/install/realsense2_camera/share/ament_index/resource_index/package_run_dependencies/realsense2_camera
[19.633s] -- Up-to-date symlink: /home/ineogi2/ros2_ws/install/realsense2_camera/share/ament_index/resource_index/parent_prefix_path/realsense2_camera
[19.633s] -- Up-to-date symlink: /home/ineogi2/ros2_ws/install/realsense2_camera/share/realsense2_camera/environment/ament_prefix_path.sh
[19.633s] -- Up-to-date symlink: /home/ineogi2/ros2_ws/install/realsense2_camera/share/realsense2_camera/environment/ament_prefix_path.dsv
[19.633s] -- Up-to-date symlink: /home/ineogi2/ros2_ws/install/realsense2_camera/share/realsense2_camera/environment/path.sh
[19.633s] -- Up-to-date symlink: /home/ineogi2/ros2_ws/install/realsense2_camera/share/realsense2_camera/environment/path.dsv
[19.634s] -- Up-to-date symlink: /home/ineogi2/ros2_ws/install/realsense2_camera/share/realsense2_camera/local_setup.bash
[19.634s] -- Up-to-date symlink: /home/ineogi2/ros2_ws/install/realsense2_camera/share/realsense2_camera/local_setup.sh
[19.634s] -- Up-to-date symlink: /home/ineogi2/ros2_ws/install/realsense2_camera/share/realsense2_camera/local_setup.zsh
[19.634s] -- Up-to-date symlink: /home/ineogi2/ros2_ws/install/realsense2_camera/share/realsense2_camera/local_setup.dsv
[19.634s] -- Symlinking: /home/ineogi2/ros2_ws/install/realsense2_camera/share/realsense2_camera/package.dsv
[19.640s] -- Up-to-date symlink: /home/ineogi2/ros2_ws/install/realsense2_camera/share/ament_index/resource_index/packages/realsense2_camera
[19.641s] -- Up-to-date symlink: /home/ineogi2/ros2_ws/install/realsense2_camera/share/ament_index/resource_index/rclcpp_components/realsense2_camera
[19.641s] -- Up-to-date symlink: /home/ineogi2/ros2_ws/install/realsense2_camera/share/realsense2_camera/cmake/ament_cmake_export_include_directories-extras.cmake
[19.641s] -- Up-to-date symlink: /home/ineogi2/ros2_ws/install/realsense2_camera/share/realsense2_camera/cmake/ament_cmake_export_libraries-extras.cmake
[19.641s] -- Up-to-date symlink: /home/ineogi2/ros2_ws/install/realsense2_camera/share/realsense2_camera/cmake/ament_cmake_export_dependencies-extras.cmake
[19.641s] -- Up-to-date symlink: /home/ineogi2/ros2_ws/install/realsense2_camera/share/realsense2_camera/cmake/realsense2_cameraConfig.cmake
[19.641s] -- Up-to-date symlink: /home/ineogi2/ros2_ws/install/realsense2_camera/share/realsense2_camera/cmake/realsense2_cameraConfig-version.cmake
[19.642s] -- Up-to-date symlink: /home/ineogi2/ros2_ws/install/realsense2_camera/share/realsense2_camera/package.xml
[19.644s] Invoked command in '/home/ineogi2/ros2_ws/build/realsense2_camera' returned '0': CMAKE_PREFIX_PATH=/home/ineogi2/ros2_ws/install/realsense2_camera_msgs:/home/ineogi2/microros_ws/install/micro_ros_setup:/home/ineogi2/microros_ws/install/micro_ros_agent:/home/ineogi2/microros_ws/install/micro_ros_msgs:/home/ineogi2/ros2_ws/install/realsense2_description:/home/ineogi2/ros2_ws/install/realsense2_camera:/home/ineogi2/ros2_ws/install/ros_teensy:/home/ineogi2/ros2_ws/install/ros_image:/opt/ros/foxy LD_LIBRARY_PATH=/home/ineogi2/ros2_ws/install/realsense2_camera_msgs/lib:/usr/local/cuda-11.2/lib64:/home/ineogi2/ros2_ws/install/realsense2_camera/lib:/usr/local/cuda-11.2/lib64:/home/ineogi2/microros_ws/install/micro_ros_agent/lib:/home/ineogi2/microros_ws/install/micro_ros_msgs/lib:/home/ineogi2/microros_ws/install/drive_base_msgs/lib:/opt/ros/foxy/opt/yaml_cpp_vendor/lib:/opt/ros/foxy/opt/rviz_ogre_vendor/lib:/opt/ros/foxy/lib/x86_64-linux-gnu:/opt/ros/foxy/lib:/usr/local/cuda-11.2/lib64:/usr/local/cuda-11.2/lib64 PYTHONPATH=/home/ineogi2/ros2_ws/install/realsense2_camera_msgs/lib/python3.8/site-packages:/home/ineogi2/microros_ws/install/micro_ros_msgs/lib/python3.8/site-packages:/home/ineogi2/ros2_ws/build/ros_teensy:/home/ineogi2/ros2_ws/install/ros_teensy/lib/python3.8/site-packages:/home/ineogi2/ros2_ws/build/ros_image:/home/ineogi2/ros2_ws/install/ros_image/lib/python3.8/site-packages:/opt/ros/foxy/lib/python3.8/site-packages /usr/bin/cmake --install /home/ineogi2/ros2_ws/build/realsense2_camera
