[0.116s] DEBUG:colcon:Command line arguments: ['/usr/bin/colcon', 'build', '--symlink-install']
[0.116s] DEBUG:colcon:Parsed command line arguments: Namespace(allow_overriding=[], ament_cmake_args=None, base_paths=['.'], build_base='build', catkin_cmake_args=None, catkin_skip_building_tests=False, cmake_args=None, cmake_clean_cache=False, cmake_clean_first=False, cmake_force_configure=False, cmake_target=None, cmake_target_skip_unavailable=False, continue_on_error=False, event_handlers=None, executor='parallel', ignore_user_meta=False, install_base='install', log_base=None, log_level=None, main=<bound method BuildVerb.main of <colcon_core.verb.build.BuildVerb object at 0x7f2b54f9ce50>>, merge_install=False, metas=['./colcon.meta'], packages_above=None, packages_above_and_dependencies=None, packages_above_depth=None, packages_end=None, packages_ignore=None, packages_ignore_regex=None, packages_select=None, packages_select_build_failed=False, packages_select_by_dep=None, packages_select_regex=None, packages_select_test_failures=False, packages_skip=None, packages_skip_build_finished=False, packages_skip_by_dep=None, packages_skip_regex=None, packages_skip_test_passed=False, packages_skip_up_to=None, packages_start=None, packages_up_to=None, packages_up_to_regex=None, parallel_workers=12, paths=None, symlink_install=True, test_result_base=None, verb_extension=<colcon_core.verb.build.BuildVerb object at 0x7f2b54f9ce50>, verb_name='build', verb_parser=<colcon_defaults.argument_parser.defaults.DefaultArgumentsDecorator object at 0x7f2b54f27400>)
[0.143s] Level 1:colcon.colcon_core.package_discovery:discover_packages(colcon_meta) check parameters
[0.143s] Level 1:colcon.colcon_core.package_discovery:discover_packages(recursive) check parameters
[0.143s] Level 1:colcon.colcon_core.package_discovery:discover_packages(ignore) check parameters
[0.143s] Level 1:colcon.colcon_core.package_discovery:discover_packages(path) check parameters
[0.143s] Level 1:colcon.colcon_core.package_discovery:discover_packages(colcon_meta) discover
[0.143s] Level 1:colcon.colcon_core.package_discovery:discover_packages(recursive) discover
[0.143s] INFO:colcon.colcon_core.package_discovery:Crawling recursively for packages in '/home/ineogi2/ws/Biorobotics/ros2_ws'
[0.143s] Level 1:colcon.colcon_core.package_identification:_identify(.) by extensions ['ignore', 'ignore_ament_install']
[0.143s] Level 1:colcon.colcon_core.package_identification:_identify(.) by extension 'ignore'
[0.143s] Level 1:colcon.colcon_core.package_identification:_identify(.) by extension 'ignore_ament_install'
[0.143s] Level 1:colcon.colcon_core.package_identification:_identify(.) by extensions ['colcon_pkg']
[0.143s] Level 1:colcon.colcon_core.package_identification:_identify(.) by extension 'colcon_pkg'
[0.143s] Level 1:colcon.colcon_core.package_identification:_identify(.) by extensions ['colcon_meta']
[0.143s] Level 1:colcon.colcon_core.package_identification:_identify(.) by extension 'colcon_meta'
[0.143s] Level 1:colcon.colcon_core.package_identification:_identify(.) by extensions ['ros']
[0.143s] Level 1:colcon.colcon_core.package_identification:_identify(.) by extension 'ros'
[0.152s] Level 1:colcon.colcon_core.package_identification:_identify(.) by extensions ['cmake', 'python']
[0.152s] Level 1:colcon.colcon_core.package_identification:_identify(.) by extension 'cmake'
[0.152s] Level 1:colcon.colcon_core.package_identification:_identify(.) by extension 'python'
[0.152s] Level 1:colcon.colcon_core.package_identification:_identify(.) by extensions ['python_setup_py']
[0.152s] Level 1:colcon.colcon_core.package_identification:_identify(.) by extension 'python_setup_py'
[0.152s] Level 1:colcon.colcon_core.package_identification:_identify(build) by extensions ['ignore', 'ignore_ament_install']
[0.152s] Level 1:colcon.colcon_core.package_identification:_identify(build) by extension 'ignore'
[0.152s] Level 1:colcon.colcon_core.package_identification:_identify(build) ignored
[0.152s] Level 1:colcon.colcon_core.package_identification:_identify(install) by extensions ['ignore', 'ignore_ament_install']
[0.153s] Level 1:colcon.colcon_core.package_identification:_identify(install) by extension 'ignore'
[0.153s] Level 1:colcon.colcon_core.package_identification:_identify(install) ignored
[0.153s] Level 1:colcon.colcon_core.package_identification:_identify(log) by extensions ['ignore', 'ignore_ament_install']
[0.153s] Level 1:colcon.colcon_core.package_identification:_identify(log) by extension 'ignore'
[0.153s] Level 1:colcon.colcon_core.package_identification:_identify(log) ignored
[0.153s] Level 1:colcon.colcon_core.package_identification:_identify(src) by extensions ['ignore', 'ignore_ament_install']
[0.153s] Level 1:colcon.colcon_core.package_identification:_identify(src) by extension 'ignore'
[0.153s] Level 1:colcon.colcon_core.package_identification:_identify(src) by extension 'ignore_ament_install'
[0.153s] Level 1:colcon.colcon_core.package_identification:_identify(src) by extensions ['colcon_pkg']
[0.153s] Level 1:colcon.colcon_core.package_identification:_identify(src) by extension 'colcon_pkg'
[0.153s] Level 1:colcon.colcon_core.package_identification:_identify(src) by extensions ['colcon_meta']
[0.153s] Level 1:colcon.colcon_core.package_identification:_identify(src) by extension 'colcon_meta'
[0.153s] Level 1:colcon.colcon_core.package_identification:_identify(src) by extensions ['ros']
[0.153s] Level 1:colcon.colcon_core.package_identification:_identify(src) by extension 'ros'
[0.153s] Level 1:colcon.colcon_core.package_identification:_identify(src) by extensions ['cmake', 'python']
[0.153s] Level 1:colcon.colcon_core.package_identification:_identify(src) by extension 'cmake'
[0.153s] Level 1:colcon.colcon_core.package_identification:_identify(src) by extension 'python'
[0.153s] Level 1:colcon.colcon_core.package_identification:_identify(src) by extensions ['python_setup_py']
[0.153s] Level 1:colcon.colcon_core.package_identification:_identify(src) by extension 'python_setup_py'
[0.153s] Level 1:colcon.colcon_core.package_identification:_identify(src/realsense-ros) by extensions ['ignore', 'ignore_ament_install']
[0.154s] Level 1:colcon.colcon_core.package_identification:_identify(src/realsense-ros) by extension 'ignore'
[0.154s] Level 1:colcon.colcon_core.package_identification:_identify(src/realsense-ros) by extension 'ignore_ament_install'
[0.154s] Level 1:colcon.colcon_core.package_identification:_identify(src/realsense-ros) by extensions ['colcon_pkg']
[0.154s] Level 1:colcon.colcon_core.package_identification:_identify(src/realsense-ros) by extension 'colcon_pkg'
[0.154s] Level 1:colcon.colcon_core.package_identification:_identify(src/realsense-ros) by extensions ['colcon_meta']
[0.154s] Level 1:colcon.colcon_core.package_identification:_identify(src/realsense-ros) by extension 'colcon_meta'
[0.154s] Level 1:colcon.colcon_core.package_identification:_identify(src/realsense-ros) by extensions ['ros']
[0.154s] Level 1:colcon.colcon_core.package_identification:_identify(src/realsense-ros) by extension 'ros'
[0.154s] Level 1:colcon.colcon_core.package_identification:_identify(src/realsense-ros) by extensions ['cmake', 'python']
[0.154s] Level 1:colcon.colcon_core.package_identification:_identify(src/realsense-ros) by extension 'cmake'
[0.154s] Level 1:colcon.colcon_core.package_identification:_identify(src/realsense-ros) by extension 'python'
[0.154s] Level 1:colcon.colcon_core.package_identification:_identify(src/realsense-ros) by extensions ['python_setup_py']
[0.154s] Level 1:colcon.colcon_core.package_identification:_identify(src/realsense-ros) by extension 'python_setup_py'
[0.154s] Level 1:colcon.colcon_core.package_identification:_identify(src/realsense-ros/realsense2_camera) by extensions ['ignore', 'ignore_ament_install']
[0.154s] Level 1:colcon.colcon_core.package_identification:_identify(src/realsense-ros/realsense2_camera) by extension 'ignore'
[0.154s] Level 1:colcon.colcon_core.package_identification:_identify(src/realsense-ros/realsense2_camera) by extension 'ignore_ament_install'
[0.154s] Level 1:colcon.colcon_core.package_identification:_identify(src/realsense-ros/realsense2_camera) by extensions ['colcon_pkg']
[0.154s] Level 1:colcon.colcon_core.package_identification:_identify(src/realsense-ros/realsense2_camera) by extension 'colcon_pkg'
[0.154s] Level 1:colcon.colcon_core.package_identification:_identify(src/realsense-ros/realsense2_camera) by extensions ['colcon_meta']
[0.154s] Level 1:colcon.colcon_core.package_identification:_identify(src/realsense-ros/realsense2_camera) by extension 'colcon_meta'
[0.154s] Level 1:colcon.colcon_core.package_identification:_identify(src/realsense-ros/realsense2_camera) by extensions ['ros']
[0.154s] Level 1:colcon.colcon_core.package_identification:_identify(src/realsense-ros/realsense2_camera) by extension 'ros'
[0.157s] DEBUG:colcon.colcon_core.package_identification:Package 'src/realsense-ros/realsense2_camera' with type 'ros.ament_cmake' and name 'realsense2_camera'
[0.157s] Level 1:colcon.colcon_core.package_identification:_identify(src/realsense-ros/realsense2_camera_msgs) by extensions ['ignore', 'ignore_ament_install']
[0.158s] Level 1:colcon.colcon_core.package_identification:_identify(src/realsense-ros/realsense2_camera_msgs) by extension 'ignore'
[0.158s] Level 1:colcon.colcon_core.package_identification:_identify(src/realsense-ros/realsense2_camera_msgs) by extension 'ignore_ament_install'
[0.158s] Level 1:colcon.colcon_core.package_identification:_identify(src/realsense-ros/realsense2_camera_msgs) by extensions ['colcon_pkg']
[0.158s] Level 1:colcon.colcon_core.package_identification:_identify(src/realsense-ros/realsense2_camera_msgs) by extension 'colcon_pkg'
[0.158s] Level 1:colcon.colcon_core.package_identification:_identify(src/realsense-ros/realsense2_camera_msgs) by extensions ['colcon_meta']
[0.158s] Level 1:colcon.colcon_core.package_identification:_identify(src/realsense-ros/realsense2_camera_msgs) by extension 'colcon_meta'
[0.158s] Level 1:colcon.colcon_core.package_identification:_identify(src/realsense-ros/realsense2_camera_msgs) by extensions ['ros']
[0.158s] Level 1:colcon.colcon_core.package_identification:_identify(src/realsense-ros/realsense2_camera_msgs) by extension 'ros'
[0.158s] DEBUG:colcon.colcon_core.package_identification:Package 'src/realsense-ros/realsense2_camera_msgs' with type 'ros.ament_cmake' and name 'realsense2_camera_msgs'
[0.158s] Level 1:colcon.colcon_core.package_identification:_identify(src/realsense-ros/realsense2_description) by extensions ['ignore', 'ignore_ament_install']
[0.158s] Level 1:colcon.colcon_core.package_identification:_identify(src/realsense-ros/realsense2_description) by extension 'ignore'
[0.158s] Level 1:colcon.colcon_core.package_identification:_identify(src/realsense-ros/realsense2_description) by extension 'ignore_ament_install'
[0.158s] Level 1:colcon.colcon_core.package_identification:_identify(src/realsense-ros/realsense2_description) by extensions ['colcon_pkg']
[0.158s] Level 1:colcon.colcon_core.package_identification:_identify(src/realsense-ros/realsense2_description) by extension 'colcon_pkg'
[0.159s] Level 1:colcon.colcon_core.package_identification:_identify(src/realsense-ros/realsense2_description) by extensions ['colcon_meta']
[0.159s] Level 1:colcon.colcon_core.package_identification:_identify(src/realsense-ros/realsense2_description) by extension 'colcon_meta'
[0.159s] Level 1:colcon.colcon_core.package_identification:_identify(src/realsense-ros/realsense2_description) by extensions ['ros']
[0.159s] Level 1:colcon.colcon_core.package_identification:_identify(src/realsense-ros/realsense2_description) by extension 'ros'
[0.159s] DEBUG:colcon.colcon_core.package_identification:Package 'src/realsense-ros/realsense2_description' with type 'ros.ament_cmake' and name 'realsense2_description'
[0.159s] Level 1:colcon.colcon_core.package_identification:_identify(src/ros_image) by extensions ['ignore', 'ignore_ament_install']
[0.159s] Level 1:colcon.colcon_core.package_identification:_identify(src/ros_image) by extension 'ignore'
[0.159s] Level 1:colcon.colcon_core.package_identification:_identify(src/ros_image) by extension 'ignore_ament_install'
[0.159s] Level 1:colcon.colcon_core.package_identification:_identify(src/ros_image) by extensions ['colcon_pkg']
[0.159s] Level 1:colcon.colcon_core.package_identification:_identify(src/ros_image) by extension 'colcon_pkg'
[0.160s] Level 1:colcon.colcon_core.package_identification:_identify(src/ros_image) by extensions ['colcon_meta']
[0.160s] Level 1:colcon.colcon_core.package_identification:_identify(src/ros_image) by extension 'colcon_meta'
[0.160s] Level 1:colcon.colcon_core.package_identification:_identify(src/ros_image) by extensions ['ros']
[0.160s] Level 1:colcon.colcon_core.package_identification:_identify(src/ros_image) by extension 'ros'
[0.160s] DEBUG:colcon.colcon_core.package_identification:Package 'src/ros_image' with type 'ros.ament_python' and name 'ros_image'
[0.160s] Level 1:colcon.colcon_core.package_discovery:discover_packages(recursive) using defaults
[0.160s] Level 1:colcon.colcon_core.package_discovery:discover_packages(ignore) discover
[0.160s] Level 1:colcon.colcon_core.package_discovery:discover_packages(ignore) using defaults
[0.160s] Level 1:colcon.colcon_core.package_discovery:discover_packages(path) discover
[0.160s] Level 1:colcon.colcon_core.package_discovery:discover_packages(path) using defaults
[0.175s] Level 1:colcon.colcon_core.package_discovery:discover_packages(prefix_path) check parameters
[0.175s] Level 1:colcon.colcon_core.package_discovery:discover_packages(prefix_path) discover
[0.178s] DEBUG:colcon.colcon_installed_package_information.package_discovery:Found 4 installed packages in /home/ineogi2/ws/micro_ros/install
[0.178s] DEBUG:colcon.colcon_installed_package_information.package_discovery:Found 4 installed packages in /home/ineogi2/ws/Biorobotics/ros2_ws/install
[0.179s] DEBUG:colcon.colcon_installed_package_information.package_discovery:Found 263 installed packages in /opt/ros/foxy
[0.180s] Level 1:colcon.colcon_core.package_discovery:discover_packages(prefix_path) using defaults
[0.239s] Level 5:colcon.colcon_core.verb:set package 'realsense2_camera_msgs' build argument 'cmake_args' from command line to 'None'
[0.240s] Level 5:colcon.colcon_core.verb:set package 'realsense2_camera_msgs' build argument 'cmake_target' from command line to 'None'
[0.240s] Level 5:colcon.colcon_core.verb:set package 'realsense2_camera_msgs' build argument 'cmake_target_skip_unavailable' from command line to 'False'
[0.240s] Level 5:colcon.colcon_core.verb:set package 'realsense2_camera_msgs' build argument 'cmake_clean_cache' from command line to 'False'
[0.240s] Level 5:colcon.colcon_core.verb:set package 'realsense2_camera_msgs' build argument 'cmake_clean_first' from command line to 'False'
[0.240s] Level 5:colcon.colcon_core.verb:set package 'realsense2_camera_msgs' build argument 'cmake_force_configure' from command line to 'False'
[0.240s] Level 5:colcon.colcon_core.verb:set package 'realsense2_camera_msgs' build argument 'ament_cmake_args' from command line to 'None'
[0.240s] Level 5:colcon.colcon_core.verb:set package 'realsense2_camera_msgs' build argument 'catkin_cmake_args' from command line to 'None'
[0.240s] Level 5:colcon.colcon_core.verb:set package 'realsense2_camera_msgs' build argument 'catkin_skip_building_tests' from command line to 'False'
[0.240s] DEBUG:colcon.colcon_core.verb:Building package 'realsense2_camera_msgs' with the following arguments: {'ament_cmake_args': None, 'build_base': '/home/ineogi2/ws/Biorobotics/ros2_ws/build/realsense2_camera_msgs', 'catkin_cmake_args': None, 'catkin_skip_building_tests': False, 'cmake_args': None, 'cmake_clean_cache': False, 'cmake_clean_first': False, 'cmake_force_configure': False, 'cmake_target': None, 'cmake_target_skip_unavailable': False, 'install_base': '/home/ineogi2/ws/Biorobotics/ros2_ws/install/realsense2_camera_msgs', 'merge_install': False, 'path': '/home/ineogi2/ws/Biorobotics/ros2_ws/src/realsense-ros/realsense2_camera_msgs', 'symlink_install': True, 'test_result_base': None}
[0.241s] Level 5:colcon.colcon_core.verb:set package 'ros_image' build argument 'cmake_args' from command line to 'None'
[0.241s] Level 5:colcon.colcon_core.verb:set package 'ros_image' build argument 'cmake_target' from command line to 'None'
[0.241s] Level 5:colcon.colcon_core.verb:set package 'ros_image' build argument 'cmake_target_skip_unavailable' from command line to 'False'
[0.241s] Level 5:colcon.colcon_core.verb:set package 'ros_image' build argument 'cmake_clean_cache' from command line to 'False'
[0.241s] Level 5:colcon.colcon_core.verb:set package 'ros_image' build argument 'cmake_clean_first' from command line to 'False'
[0.241s] Level 5:colcon.colcon_core.verb:set package 'ros_image' build argument 'cmake_force_configure' from command line to 'False'
[0.241s] Level 5:colcon.colcon_core.verb:set package 'ros_image' build argument 'ament_cmake_args' from command line to 'None'
[0.241s] Level 5:colcon.colcon_core.verb:set package 'ros_image' build argument 'catkin_cmake_args' from command line to 'None'
[0.241s] Level 5:colcon.colcon_core.verb:set package 'ros_image' build argument 'catkin_skip_building_tests' from command line to 'False'
[0.241s] DEBUG:colcon.colcon_core.verb:Building package 'ros_image' with the following arguments: {'ament_cmake_args': None, 'build_base': '/home/ineogi2/ws/Biorobotics/ros2_ws/build/ros_image', 'catkin_cmake_args': None, 'catkin_skip_building_tests': False, 'cmake_args': None, 'cmake_clean_cache': False, 'cmake_clean_first': False, 'cmake_force_configure': False, 'cmake_target': None, 'cmake_target_skip_unavailable': False, 'install_base': '/home/ineogi2/ws/Biorobotics/ros2_ws/install/ros_image', 'merge_install': False, 'path': '/home/ineogi2/ws/Biorobotics/ros2_ws/src/ros_image', 'symlink_install': True, 'test_result_base': None}
[0.241s] Level 5:colcon.colcon_core.verb:set package 'realsense2_camera' build argument 'cmake_args' from command line to 'None'
[0.241s] Level 5:colcon.colcon_core.verb:set package 'realsense2_camera' build argument 'cmake_target' from command line to 'None'
[0.241s] Level 5:colcon.colcon_core.verb:set package 'realsense2_camera' build argument 'cmake_target_skip_unavailable' from command line to 'False'
[0.241s] Level 5:colcon.colcon_core.verb:set package 'realsense2_camera' build argument 'cmake_clean_cache' from command line to 'False'
[0.241s] Level 5:colcon.colcon_core.verb:set package 'realsense2_camera' build argument 'cmake_clean_first' from command line to 'False'
[0.241s] Level 5:colcon.colcon_core.verb:set package 'realsense2_camera' build argument 'cmake_force_configure' from command line to 'False'
[0.241s] Level 5:colcon.colcon_core.verb:set package 'realsense2_camera' build argument 'ament_cmake_args' from command line to 'None'
[0.241s] Level 5:colcon.colcon_core.verb:set package 'realsense2_camera' build argument 'catkin_cmake_args' from command line to 'None'
[0.241s] Level 5:colcon.colcon_core.verb:set package 'realsense2_camera' build argument 'catkin_skip_building_tests' from command line to 'False'
[0.241s] DEBUG:colcon.colcon_core.verb:Building package 'realsense2_camera' with the following arguments: {'ament_cmake_args': None, 'build_base': '/home/ineogi2/ws/Biorobotics/ros2_ws/build/realsense2_camera', 'catkin_cmake_args': None, 'catkin_skip_building_tests': False, 'cmake_args': None, 'cmake_clean_cache': False, 'cmake_clean_first': False, 'cmake_force_configure': False, 'cmake_target': None, 'cmake_target_skip_unavailable': False, 'install_base': '/home/ineogi2/ws/Biorobotics/ros2_ws/install/realsense2_camera', 'merge_install': False, 'path': '/home/ineogi2/ws/Biorobotics/ros2_ws/src/realsense-ros/realsense2_camera', 'symlink_install': True, 'test_result_base': None}
[0.242s] Level 5:colcon.colcon_core.verb:set package 'realsense2_description' build argument 'cmake_args' from command line to 'None'
[0.242s] Level 5:colcon.colcon_core.verb:set package 'realsense2_description' build argument 'cmake_target' from command line to 'None'
[0.242s] Level 5:colcon.colcon_core.verb:set package 'realsense2_description' build argument 'cmake_target_skip_unavailable' from command line to 'False'
[0.242s] Level 5:colcon.colcon_core.verb:set package 'realsense2_description' build argument 'cmake_clean_cache' from command line to 'False'
[0.242s] Level 5:colcon.colcon_core.verb:set package 'realsense2_description' build argument 'cmake_clean_first' from command line to 'False'
[0.242s] Level 5:colcon.colcon_core.verb:set package 'realsense2_description' build argument 'cmake_force_configure' from command line to 'False'
[0.242s] Level 5:colcon.colcon_core.verb:set package 'realsense2_description' build argument 'ament_cmake_args' from command line to 'None'
[0.242s] Level 5:colcon.colcon_core.verb:set package 'realsense2_description' build argument 'catkin_cmake_args' from command line to 'None'
[0.242s] Level 5:colcon.colcon_core.verb:set package 'realsense2_description' build argument 'catkin_skip_building_tests' from command line to 'False'
[0.242s] DEBUG:colcon.colcon_core.verb:Building package 'realsense2_description' with the following arguments: {'ament_cmake_args': None, 'build_base': '/home/ineogi2/ws/Biorobotics/ros2_ws/build/realsense2_description', 'catkin_cmake_args': None, 'catkin_skip_building_tests': False, 'cmake_args': None, 'cmake_clean_cache': False, 'cmake_clean_first': False, 'cmake_force_configure': False, 'cmake_target': None, 'cmake_target_skip_unavailable': False, 'install_base': '/home/ineogi2/ws/Biorobotics/ros2_ws/install/realsense2_description', 'merge_install': False, 'path': '/home/ineogi2/ws/Biorobotics/ros2_ws/src/realsense-ros/realsense2_description', 'symlink_install': True, 'test_result_base': None}
[0.242s] INFO:colcon.colcon_core.executor:Executing jobs using 'parallel' executor
[0.244s] DEBUG:colcon.colcon_parallel_executor.executor.parallel:run_until_complete
[0.244s] INFO:colcon.colcon_ros.task.ament_cmake.build:Building ROS package in '/home/ineogi2/ws/Biorobotics/ros2_ws/src/realsense-ros/realsense2_camera_msgs' with build type 'ament_cmake'
[0.244s] INFO:colcon.colcon_cmake.task.cmake.build:Building CMake package in '/home/ineogi2/ws/Biorobotics/ros2_ws/src/realsense-ros/realsense2_camera_msgs'
[0.248s] INFO:colcon.colcon_core.plugin_system:Skipping extension 'colcon_core.shell.bat': Not used on non-Windows systems
[0.249s] INFO:colcon.colcon_core.shell:Skip shell extension 'powershell' for command environment: Not usable outside of PowerShell
[0.249s] DEBUG:colcon.colcon_core.shell:Skip shell extension 'dsv' for command environment
[0.253s] INFO:colcon.colcon_ros.task.ament_python.build:Building ROS package in '/home/ineogi2/ws/Biorobotics/ros2_ws/src/ros_image' with build type 'ament_python'
[0.253s] Level 1:colcon.colcon_core.shell:create_environment_hook('ros_image', 'ament_prefix_path')
[0.254s] INFO:colcon.colcon_core.shell:Creating environment hook '/home/ineogi2/ws/Biorobotics/ros2_ws/install/ros_image/share/ros_image/hook/ament_prefix_path.ps1'
[0.255s] INFO:colcon.colcon_core.shell:Creating environment descriptor '/home/ineogi2/ws/Biorobotics/ros2_ws/install/ros_image/share/ros_image/hook/ament_prefix_path.dsv'
[0.255s] INFO:colcon.colcon_core.shell:Creating environment hook '/home/ineogi2/ws/Biorobotics/ros2_ws/install/ros_image/share/ros_image/hook/ament_prefix_path.sh'
[0.256s] INFO:colcon.colcon_core.shell:Skip shell extension 'powershell' for command environment: Not usable outside of PowerShell
[0.256s] DEBUG:colcon.colcon_core.shell:Skip shell extension 'dsv' for command environment
[0.265s] DEBUG:colcon.colcon_core.event_handler.log_command:Invoking command in '/home/ineogi2/ws/Biorobotics/ros2_ws/build/realsense2_camera_msgs': CMAKE_PREFIX_PATH=${CMAKE_PREFIX_PATH}:/home/ineogi2/ws/Biorobotics/ros2_ws/install/ros_image:/opt/ros/foxy /usr/bin/cmake /home/ineogi2/ws/Biorobotics/ros2_ws/src/realsense-ros/realsense2_camera_msgs -DAMENT_CMAKE_SYMLINK_INSTALL=1 -DCMAKE_INSTALL_PREFIX=/home/ineogi2/ws/Biorobotics/ros2_ws/install/realsense2_camera_msgs
[0.423s] INFO:colcon.colcon_core.task.python.build:Building Python package in '/home/ineogi2/ws/Biorobotics/ros2_ws/src/ros_image'
[0.424s] INFO:colcon.colcon_core.shell:Skip shell extension 'powershell' for command environment: Not usable outside of PowerShell
[0.424s] DEBUG:colcon.colcon_core.shell:Skip shell extension 'dsv' for command environment
[0.721s] DEBUG:colcon.colcon_core.task.python.build:While undoing a previous installation files outside the Python library path are being ignored: /home/ineogi2/ws/Biorobotics/ros2_ws/install/ros_image/share/ament_index/resource_index/packages/ros_image
[0.721s] DEBUG:colcon.colcon_core.task.python.build:While undoing a previous installation files outside the Python library path are being ignored: /home/ineogi2/ws/Biorobotics/ros2_ws/install/ros_image/share/ros_image/package.xml
[0.721s] DEBUG:colcon.colcon_core.task.python.build:While undoing a previous installation files outside the Python library path are being ignored: /home/ineogi2/ws/Biorobotics/ros2_ws/install/ros_image/lib/ros_image/ros_image
[0.724s] DEBUG:colcon.colcon_core.event_handler.log_command:Invoking command in '/home/ineogi2/ws/Biorobotics/ros2_ws/build/ros_image': PYTHONPATH=/home/ineogi2/ws/Biorobotics/ros2_ws/install/ros_image/lib/python3.8/site-packages:${PYTHONPATH} /usr/bin/python3 setup.py develop --prefix /home/ineogi2/ws/Biorobotics/ros2_ws/install/ros_image --editable --build-directory /home/ineogi2/ws/Biorobotics/ros2_ws/build/ros_image/build --no-deps install_data --install-dir /home/ineogi2/ws/Biorobotics/ros2_ws/install/ros_image
[1.055s] Level 1:colcon.colcon_core.shell:create_environment_hook('ros_image', 'pythonpath_develop')
[1.055s] INFO:colcon.colcon_core.shell:Creating environment hook '/home/ineogi2/ws/Biorobotics/ros2_ws/build/ros_image/share/ros_image/hook/pythonpath_develop.ps1'
[1.056s] DEBUG:colcon.colcon_core.event_handler.log_command:Invoked command in '/home/ineogi2/ws/Biorobotics/ros2_ws/build/ros_image' returned '0': PYTHONPATH=/home/ineogi2/ws/Biorobotics/ros2_ws/install/ros_image/lib/python3.8/site-packages:${PYTHONPATH} /usr/bin/python3 setup.py develop --prefix /home/ineogi2/ws/Biorobotics/ros2_ws/install/ros_image --editable --build-directory /home/ineogi2/ws/Biorobotics/ros2_ws/build/ros_image/build --no-deps install_data --install-dir /home/ineogi2/ws/Biorobotics/ros2_ws/install/ros_image
[1.056s] INFO:colcon.colcon_core.shell:Creating environment descriptor '/home/ineogi2/ws/Biorobotics/ros2_ws/build/ros_image/share/ros_image/hook/pythonpath_develop.dsv'
[1.056s] INFO:colcon.colcon_core.shell:Creating environment hook '/home/ineogi2/ws/Biorobotics/ros2_ws/build/ros_image/share/ros_image/hook/pythonpath_develop.sh'
[1.061s] Level 1:colcon.colcon_core.environment:checking '/home/ineogi2/ws/Biorobotics/ros2_ws/install/ros_image' for CMake module files
[1.062s] Level 1:colcon.colcon_core.environment:checking '/home/ineogi2/ws/Biorobotics/ros2_ws/install/ros_image' for CMake config files
[1.062s] Level 1:colcon.colcon_core.environment:checking '/home/ineogi2/ws/Biorobotics/ros2_ws/install/ros_image/lib'
[1.062s] Level 1:colcon.colcon_core.environment:checking '/home/ineogi2/ws/Biorobotics/ros2_ws/install/ros_image/bin'
[1.062s] Level 1:colcon.colcon_core.environment:checking '/home/ineogi2/ws/Biorobotics/ros2_ws/install/ros_image/lib/pkgconfig/ros_image.pc'
[1.063s] Level 1:colcon.colcon_core.environment:checking '/home/ineogi2/ws/Biorobotics/ros2_ws/install/ros_image/lib/python3.8/site-packages'
[1.063s] Level 1:colcon.colcon_core.shell:create_environment_hook('ros_image', 'pythonpath')
[1.063s] INFO:colcon.colcon_core.shell:Creating environment hook '/home/ineogi2/ws/Biorobotics/ros2_ws/install/ros_image/share/ros_image/hook/pythonpath.ps1'
[1.063s] INFO:colcon.colcon_core.shell:Creating environment descriptor '/home/ineogi2/ws/Biorobotics/ros2_ws/install/ros_image/share/ros_image/hook/pythonpath.dsv'
[1.063s] INFO:colcon.colcon_core.shell:Creating environment hook '/home/ineogi2/ws/Biorobotics/ros2_ws/install/ros_image/share/ros_image/hook/pythonpath.sh'
[1.064s] Level 1:colcon.colcon_core.environment:checking '/home/ineogi2/ws/Biorobotics/ros2_ws/install/ros_image/bin'
[1.064s] Level 1:colcon.colcon_core.environment:create_environment_scripts_only(ros_image)
[1.064s] INFO:colcon.colcon_core.shell:Creating package script '/home/ineogi2/ws/Biorobotics/ros2_ws/install/ros_image/share/ros_image/package.ps1'
[1.065s] INFO:colcon.colcon_core.shell:Creating package descriptor '/home/ineogi2/ws/Biorobotics/ros2_ws/install/ros_image/share/ros_image/package.dsv'
[1.066s] INFO:colcon.colcon_core.shell:Creating package script '/home/ineogi2/ws/Biorobotics/ros2_ws/install/ros_image/share/ros_image/package.sh'
[1.066s] INFO:colcon.colcon_core.shell:Creating package script '/home/ineogi2/ws/Biorobotics/ros2_ws/install/ros_image/share/ros_image/package.bash'
[1.067s] INFO:colcon.colcon_core.shell:Creating package script '/home/ineogi2/ws/Biorobotics/ros2_ws/install/ros_image/share/ros_image/package.zsh'
[1.068s] Level 1:colcon.colcon_core.environment:create_file_with_runtime_dependencies(/home/ineogi2/ws/Biorobotics/ros2_ws/install/ros_image/share/colcon-core/packages/ros_image)
[1.103s] DEBUG:colcon.colcon_core.event_handler.log_command:Invoked command in '/home/ineogi2/ws/Biorobotics/ros2_ws/build/realsense2_camera_msgs' returned '0': CMAKE_PREFIX_PATH=${CMAKE_PREFIX_PATH}:/home/ineogi2/ws/Biorobotics/ros2_ws/install/ros_image:/opt/ros/foxy /usr/bin/cmake /home/ineogi2/ws/Biorobotics/ros2_ws/src/realsense-ros/realsense2_camera_msgs -DAMENT_CMAKE_SYMLINK_INSTALL=1 -DCMAKE_INSTALL_PREFIX=/home/ineogi2/ws/Biorobotics/ros2_ws/install/realsense2_camera_msgs
[1.105s] DEBUG:colcon.colcon_core.event_handler.log_command:Invoking command in '/home/ineogi2/ws/Biorobotics/ros2_ws/build/realsense2_camera_msgs': CMAKE_PREFIX_PATH=${CMAKE_PREFIX_PATH}:/home/ineogi2/ws/Biorobotics/ros2_ws/install/ros_image:/opt/ros/foxy /usr/bin/cmake --build /home/ineogi2/ws/Biorobotics/ros2_ws/build/realsense2_camera_msgs -- -j12 -l12
[1.446s] DEBUG:colcon.colcon_core.event_handler.log_command:Invoked command in '/home/ineogi2/ws/Biorobotics/ros2_ws/build/realsense2_camera_msgs' returned '0': CMAKE_PREFIX_PATH=${CMAKE_PREFIX_PATH}:/home/ineogi2/ws/Biorobotics/ros2_ws/install/ros_image:/opt/ros/foxy /usr/bin/cmake --build /home/ineogi2/ws/Biorobotics/ros2_ws/build/realsense2_camera_msgs -- -j12 -l12
[1.511s] DEBUG:colcon.colcon_core.event_handler.log_command:Invoking command in '/home/ineogi2/ws/Biorobotics/ros2_ws/build/realsense2_camera_msgs': CMAKE_PREFIX_PATH=${CMAKE_PREFIX_PATH}:/home/ineogi2/ws/Biorobotics/ros2_ws/install/ros_image:/opt/ros/foxy /usr/bin/cmake --install /home/ineogi2/ws/Biorobotics/ros2_ws/build/realsense2_camera_msgs
[1.584s] Level 1:colcon.colcon_core.environment:create_environment_scripts_only(realsense2_camera_msgs)
[1.585s] Level 1:colcon.colcon_core.environment:checking '/home/ineogi2/ws/Biorobotics/ros2_ws/install/realsense2_camera_msgs' for CMake module files
[1.586s] DEBUG:colcon.colcon_core.event_handler.log_command:Invoked command in '/home/ineogi2/ws/Biorobotics/ros2_ws/build/realsense2_camera_msgs' returned '0': CMAKE_PREFIX_PATH=${CMAKE_PREFIX_PATH}:/home/ineogi2/ws/Biorobotics/ros2_ws/install/ros_image:/opt/ros/foxy /usr/bin/cmake --install /home/ineogi2/ws/Biorobotics/ros2_ws/build/realsense2_camera_msgs
[1.586s] Level 1:colcon.colcon_core.environment:checking '/home/ineogi2/ws/Biorobotics/ros2_ws/install/realsense2_camera_msgs' for CMake config files
[1.586s] Level 1:colcon.colcon_core.shell:create_environment_hook('realsense2_camera_msgs', 'cmake_prefix_path')
[1.587s] INFO:colcon.colcon_core.shell:Creating environment hook '/home/ineogi2/ws/Biorobotics/ros2_ws/install/realsense2_camera_msgs/share/realsense2_camera_msgs/hook/cmake_prefix_path.ps1'
[1.587s] INFO:colcon.colcon_core.shell:Creating environment descriptor '/home/ineogi2/ws/Biorobotics/ros2_ws/install/realsense2_camera_msgs/share/realsense2_camera_msgs/hook/cmake_prefix_path.dsv'
[1.587s] INFO:colcon.colcon_core.shell:Creating environment hook '/home/ineogi2/ws/Biorobotics/ros2_ws/install/realsense2_camera_msgs/share/realsense2_camera_msgs/hook/cmake_prefix_path.sh'
[1.587s] Level 1:colcon.colcon_core.environment:checking '/home/ineogi2/ws/Biorobotics/ros2_ws/install/realsense2_camera_msgs/lib'
[1.588s] Level 1:colcon.colcon_core.shell:create_environment_hook('realsense2_camera_msgs', 'ld_library_path_lib')
[1.588s] INFO:colcon.colcon_core.shell:Creating environment hook '/home/ineogi2/ws/Biorobotics/ros2_ws/install/realsense2_camera_msgs/share/realsense2_camera_msgs/hook/ld_library_path_lib.ps1'
[1.588s] INFO:colcon.colcon_core.shell:Creating environment descriptor '/home/ineogi2/ws/Biorobotics/ros2_ws/install/realsense2_camera_msgs/share/realsense2_camera_msgs/hook/ld_library_path_lib.dsv'
[1.588s] INFO:colcon.colcon_core.shell:Creating environment hook '/home/ineogi2/ws/Biorobotics/ros2_ws/install/realsense2_camera_msgs/share/realsense2_camera_msgs/hook/ld_library_path_lib.sh'
[1.589s] Level 1:colcon.colcon_core.environment:checking '/home/ineogi2/ws/Biorobotics/ros2_ws/install/realsense2_camera_msgs/bin'
[1.589s] Level 1:colcon.colcon_core.environment:checking '/home/ineogi2/ws/Biorobotics/ros2_ws/install/realsense2_camera_msgs/lib/pkgconfig/realsense2_camera_msgs.pc'
[1.589s] Level 1:colcon.colcon_core.environment:checking '/home/ineogi2/ws/Biorobotics/ros2_ws/install/realsense2_camera_msgs/lib/python3.8/site-packages'
[1.589s] Level 1:colcon.colcon_core.shell:create_environment_hook('realsense2_camera_msgs', 'pythonpath')
[1.589s] INFO:colcon.colcon_core.shell:Creating environment hook '/home/ineogi2/ws/Biorobotics/ros2_ws/install/realsense2_camera_msgs/share/realsense2_camera_msgs/hook/pythonpath.ps1'
[1.590s] INFO:colcon.colcon_core.shell:Creating environment descriptor '/home/ineogi2/ws/Biorobotics/ros2_ws/install/realsense2_camera_msgs/share/realsense2_camera_msgs/hook/pythonpath.dsv'
[1.590s] INFO:colcon.colcon_core.shell:Creating environment hook '/home/ineogi2/ws/Biorobotics/ros2_ws/install/realsense2_camera_msgs/share/realsense2_camera_msgs/hook/pythonpath.sh'
[1.590s] Level 1:colcon.colcon_core.environment:checking '/home/ineogi2/ws/Biorobotics/ros2_ws/install/realsense2_camera_msgs/bin'
[1.590s] INFO:colcon.colcon_core.shell:Creating package script '/home/ineogi2/ws/Biorobotics/ros2_ws/install/realsense2_camera_msgs/share/realsense2_camera_msgs/package.ps1'
[1.591s] INFO:colcon.colcon_core.shell:Creating package descriptor '/home/ineogi2/ws/Biorobotics/ros2_ws/install/realsense2_camera_msgs/share/realsense2_camera_msgs/package.dsv'
[1.591s] INFO:colcon.colcon_core.shell:Creating package script '/home/ineogi2/ws/Biorobotics/ros2_ws/install/realsense2_camera_msgs/share/realsense2_camera_msgs/package.sh'
[1.592s] INFO:colcon.colcon_core.shell:Creating package script '/home/ineogi2/ws/Biorobotics/ros2_ws/install/realsense2_camera_msgs/share/realsense2_camera_msgs/package.bash'
[1.592s] INFO:colcon.colcon_core.shell:Creating package script '/home/ineogi2/ws/Biorobotics/ros2_ws/install/realsense2_camera_msgs/share/realsense2_camera_msgs/package.zsh'
[1.592s] Level 1:colcon.colcon_core.environment:create_file_with_runtime_dependencies(/home/ineogi2/ws/Biorobotics/ros2_ws/install/realsense2_camera_msgs/share/colcon-core/packages/realsense2_camera_msgs)
[1.648s] Level 1:colcon.colcon_core.environment:create_environment_scripts_only(realsense2_camera_msgs)
[1.649s] Level 1:colcon.colcon_core.environment:checking '/home/ineogi2/ws/Biorobotics/ros2_ws/install/realsense2_camera_msgs' for CMake module files
[1.649s] Level 1:colcon.colcon_core.environment:checking '/home/ineogi2/ws/Biorobotics/ros2_ws/install/realsense2_camera_msgs' for CMake config files
[1.649s] Level 1:colcon.colcon_core.shell:create_environment_hook('realsense2_camera_msgs', 'cmake_prefix_path')
[1.650s] INFO:colcon.colcon_core.shell:Creating environment hook '/home/ineogi2/ws/Biorobotics/ros2_ws/install/realsense2_camera_msgs/share/realsense2_camera_msgs/hook/cmake_prefix_path.ps1'
[1.650s] INFO:colcon.colcon_core.shell:Creating environment descriptor '/home/ineogi2/ws/Biorobotics/ros2_ws/install/realsense2_camera_msgs/share/realsense2_camera_msgs/hook/cmake_prefix_path.dsv'
[1.650s] INFO:colcon.colcon_core.shell:Creating environment hook '/home/ineogi2/ws/Biorobotics/ros2_ws/install/realsense2_camera_msgs/share/realsense2_camera_msgs/hook/cmake_prefix_path.sh'
[1.651s] Level 1:colcon.colcon_core.environment:checking '/home/ineogi2/ws/Biorobotics/ros2_ws/install/realsense2_camera_msgs/lib'
[1.651s] Level 1:colcon.colcon_core.shell:create_environment_hook('realsense2_camera_msgs', 'ld_library_path_lib')
[1.651s] INFO:colcon.colcon_core.shell:Creating environment hook '/home/ineogi2/ws/Biorobotics/ros2_ws/install/realsense2_camera_msgs/share/realsense2_camera_msgs/hook/ld_library_path_lib.ps1'
[1.651s] INFO:colcon.colcon_core.shell:Creating environment descriptor '/home/ineogi2/ws/Biorobotics/ros2_ws/install/realsense2_camera_msgs/share/realsense2_camera_msgs/hook/ld_library_path_lib.dsv'
[1.652s] INFO:colcon.colcon_core.shell:Creating environment hook '/home/ineogi2/ws/Biorobotics/ros2_ws/install/realsense2_camera_msgs/share/realsense2_camera_msgs/hook/ld_library_path_lib.sh'
[1.652s] Level 1:colcon.colcon_core.environment:checking '/home/ineogi2/ws/Biorobotics/ros2_ws/install/realsense2_camera_msgs/bin'
[1.652s] Level 1:colcon.colcon_core.environment:checking '/home/ineogi2/ws/Biorobotics/ros2_ws/install/realsense2_camera_msgs/lib/pkgconfig/realsense2_camera_msgs.pc'
[1.652s] Level 1:colcon.colcon_core.environment:checking '/home/ineogi2/ws/Biorobotics/ros2_ws/install/realsense2_camera_msgs/lib/python3.8/site-packages'
[1.652s] Level 1:colcon.colcon_core.shell:create_environment_hook('realsense2_camera_msgs', 'pythonpath')
[1.653s] INFO:colcon.colcon_core.shell:Creating environment hook '/home/ineogi2/ws/Biorobotics/ros2_ws/install/realsense2_camera_msgs/share/realsense2_camera_msgs/hook/pythonpath.ps1'
[1.653s] INFO:colcon.colcon_core.shell:Creating environment descriptor '/home/ineogi2/ws/Biorobotics/ros2_ws/install/realsense2_camera_msgs/share/realsense2_camera_msgs/hook/pythonpath.dsv'
[1.653s] INFO:colcon.colcon_core.shell:Creating environment hook '/home/ineogi2/ws/Biorobotics/ros2_ws/install/realsense2_camera_msgs/share/realsense2_camera_msgs/hook/pythonpath.sh'
[1.653s] Level 1:colcon.colcon_core.environment:checking '/home/ineogi2/ws/Biorobotics/ros2_ws/install/realsense2_camera_msgs/bin'
[1.654s] INFO:colcon.colcon_core.shell:Creating package script '/home/ineogi2/ws/Biorobotics/ros2_ws/install/realsense2_camera_msgs/share/realsense2_camera_msgs/package.ps1'
[1.654s] INFO:colcon.colcon_core.shell:Creating package descriptor '/home/ineogi2/ws/Biorobotics/ros2_ws/install/realsense2_camera_msgs/share/realsense2_camera_msgs/package.dsv'
[1.655s] INFO:colcon.colcon_core.shell:Creating package script '/home/ineogi2/ws/Biorobotics/ros2_ws/install/realsense2_camera_msgs/share/realsense2_camera_msgs/package.sh'
[1.655s] INFO:colcon.colcon_core.shell:Creating package script '/home/ineogi2/ws/Biorobotics/ros2_ws/install/realsense2_camera_msgs/share/realsense2_camera_msgs/package.bash'
[1.655s] INFO:colcon.colcon_core.shell:Creating package script '/home/ineogi2/ws/Biorobotics/ros2_ws/install/realsense2_camera_msgs/share/realsense2_camera_msgs/package.zsh'
[1.655s] Level 1:colcon.colcon_core.environment:create_file_with_runtime_dependencies(/home/ineogi2/ws/Biorobotics/ros2_ws/install/realsense2_camera_msgs/share/colcon-core/packages/realsense2_camera_msgs)
[1.656s] INFO:colcon.colcon_ros.task.ament_cmake.build:Building ROS package in '/home/ineogi2/ws/Biorobotics/ros2_ws/src/realsense-ros/realsense2_camera' with build type 'ament_cmake'
[1.656s] INFO:colcon.colcon_cmake.task.cmake.build:Building CMake package in '/home/ineogi2/ws/Biorobotics/ros2_ws/src/realsense-ros/realsense2_camera'
[1.656s] INFO:colcon.colcon_core.shell:Skip shell extension 'powershell' for command environment: Not usable outside of PowerShell
[1.656s] DEBUG:colcon.colcon_core.shell:Skip shell extension 'dsv' for command environment
[1.660s] INFO:colcon.colcon_ros.task.ament_cmake.build:Building ROS package in '/home/ineogi2/ws/Biorobotics/ros2_ws/src/realsense-ros/realsense2_description' with build type 'ament_cmake'
[1.661s] INFO:colcon.colcon_cmake.task.cmake.build:Building CMake package in '/home/ineogi2/ws/Biorobotics/ros2_ws/src/realsense-ros/realsense2_description'
[1.661s] INFO:colcon.colcon_core.shell:Skip shell extension 'powershell' for command environment: Not usable outside of PowerShell
[1.661s] DEBUG:colcon.colcon_core.shell:Skip shell extension 'dsv' for command environment
[1.670s] DEBUG:colcon.colcon_core.event_handler.log_command:Invoking command in '/home/ineogi2/ws/Biorobotics/ros2_ws/build/realsense2_camera': CMAKE_PREFIX_PATH=/home/ineogi2/ws/Biorobotics/ros2_ws/install/realsense2_camera_msgs:/home/ineogi2/ws/micro_ros/install/micro_ros_setup:/home/ineogi2/ws/micro_ros/install/micro_ros_agent:/home/ineogi2/ws/micro_ros/install/micro_ros_msgs:/home/ineogi2/ws/micro_ros/install/drive_base_msgs:/home/ineogi2/ws/Biorobotics/ros2_ws/install/realsense2_description:/home/ineogi2/ws/Biorobotics/ros2_ws/install/realsense2_camera:/home/ineogi2/ws/Biorobotics/ros2_ws/install/ros_image:/opt/ros/foxy LD_LIBRARY_PATH=/home/ineogi2/ws/Biorobotics/ros2_ws/install/realsense2_camera_msgs/lib:/home/ineogi2/ws/micro_ros/install/micro_ros_agent/lib:/home/ineogi2/ws/micro_ros/install/micro_ros_msgs/lib:/home/ineogi2/ws/micro_ros/install/drive_base_msgs/lib:/home/ineogi2/ws/Biorobotics/ros2_ws/install/realsense2_camera/lib:/opt/ros/foxy/opt/yaml_cpp_vendor/lib:/opt/ros/foxy/opt/rviz_ogre_vendor/lib:/opt/ros/foxy/lib/x86_64-linux-gnu:/opt/ros/foxy/lib PYTHONPATH=/home/ineogi2/ws/Biorobotics/ros2_ws/install/realsense2_camera_msgs/lib/python3.8/site-packages:/home/ineogi2/ws/micro_ros/install/micro_ros_msgs/lib/python3.8/site-packages:/home/ineogi2/ws/micro_ros/install/drive_base_msgs/lib/python3.8/site-packages:/home/ineogi2/ws/Biorobotics/ros2_ws/install/ros_image/lib/python3.8/site-packages:/opt/ros/foxy/lib/python3.8/site-packages /usr/bin/cmake /home/ineogi2/ws/Biorobotics/ros2_ws/src/realsense-ros/realsense2_camera -DAMENT_CMAKE_SYMLINK_INSTALL=1 -DCMAKE_INSTALL_PREFIX=/home/ineogi2/ws/Biorobotics/ros2_ws/install/realsense2_camera
[1.673s] DEBUG:colcon.colcon_core.event_handler.log_command:Invoking command in '/home/ineogi2/ws/Biorobotics/ros2_ws/build/realsense2_description': CMAKE_PREFIX_PATH=/home/ineogi2/ws/Biorobotics/ros2_ws/install/realsense2_camera_msgs:/home/ineogi2/ws/micro_ros/install/micro_ros_setup:/home/ineogi2/ws/micro_ros/install/micro_ros_agent:/home/ineogi2/ws/micro_ros/install/micro_ros_msgs:/home/ineogi2/ws/micro_ros/install/drive_base_msgs:/home/ineogi2/ws/Biorobotics/ros2_ws/install/realsense2_description:/home/ineogi2/ws/Biorobotics/ros2_ws/install/realsense2_camera:/home/ineogi2/ws/Biorobotics/ros2_ws/install/ros_image:/opt/ros/foxy LD_LIBRARY_PATH=/home/ineogi2/ws/Biorobotics/ros2_ws/install/realsense2_camera_msgs/lib:/home/ineogi2/ws/micro_ros/install/micro_ros_agent/lib:/home/ineogi2/ws/micro_ros/install/micro_ros_msgs/lib:/home/ineogi2/ws/micro_ros/install/drive_base_msgs/lib:/home/ineogi2/ws/Biorobotics/ros2_ws/install/realsense2_camera/lib:/opt/ros/foxy/opt/yaml_cpp_vendor/lib:/opt/ros/foxy/opt/rviz_ogre_vendor/lib:/opt/ros/foxy/lib/x86_64-linux-gnu:/opt/ros/foxy/lib PYTHONPATH=/home/ineogi2/ws/Biorobotics/ros2_ws/install/realsense2_camera_msgs/lib/python3.8/site-packages:/home/ineogi2/ws/micro_ros/install/micro_ros_msgs/lib/python3.8/site-packages:/home/ineogi2/ws/micro_ros/install/drive_base_msgs/lib/python3.8/site-packages:/home/ineogi2/ws/Biorobotics/ros2_ws/install/ros_image/lib/python3.8/site-packages:/opt/ros/foxy/lib/python3.8/site-packages /usr/bin/cmake /home/ineogi2/ws/Biorobotics/ros2_ws/src/realsense-ros/realsense2_description -DAMENT_CMAKE_SYMLINK_INSTALL=1 -DCMAKE_INSTALL_PREFIX=/home/ineogi2/ws/Biorobotics/ros2_ws/install/realsense2_description
[1.886s] DEBUG:colcon.colcon_core.event_handler.log_command:Invoked command in '/home/ineogi2/ws/Biorobotics/ros2_ws/build/realsense2_description' returned '0': CMAKE_PREFIX_PATH=/home/ineogi2/ws/Biorobotics/ros2_ws/install/realsense2_camera_msgs:/home/ineogi2/ws/micro_ros/install/micro_ros_setup:/home/ineogi2/ws/micro_ros/install/micro_ros_agent:/home/ineogi2/ws/micro_ros/install/micro_ros_msgs:/home/ineogi2/ws/micro_ros/install/drive_base_msgs:/home/ineogi2/ws/Biorobotics/ros2_ws/install/realsense2_description:/home/ineogi2/ws/Biorobotics/ros2_ws/install/realsense2_camera:/home/ineogi2/ws/Biorobotics/ros2_ws/install/ros_image:/opt/ros/foxy LD_LIBRARY_PATH=/home/ineogi2/ws/Biorobotics/ros2_ws/install/realsense2_camera_msgs/lib:/home/ineogi2/ws/micro_ros/install/micro_ros_agent/lib:/home/ineogi2/ws/micro_ros/install/micro_ros_msgs/lib:/home/ineogi2/ws/micro_ros/install/drive_base_msgs/lib:/home/ineogi2/ws/Biorobotics/ros2_ws/install/realsense2_camera/lib:/opt/ros/foxy/opt/yaml_cpp_vendor/lib:/opt/ros/foxy/opt/rviz_ogre_vendor/lib:/opt/ros/foxy/lib/x86_64-linux-gnu:/opt/ros/foxy/lib PYTHONPATH=/home/ineogi2/ws/Biorobotics/ros2_ws/install/realsense2_camera_msgs/lib/python3.8/site-packages:/home/ineogi2/ws/micro_ros/install/micro_ros_msgs/lib/python3.8/site-packages:/home/ineogi2/ws/micro_ros/install/drive_base_msgs/lib/python3.8/site-packages:/home/ineogi2/ws/Biorobotics/ros2_ws/install/ros_image/lib/python3.8/site-packages:/opt/ros/foxy/lib/python3.8/site-packages /usr/bin/cmake /home/ineogi2/ws/Biorobotics/ros2_ws/src/realsense-ros/realsense2_description -DAMENT_CMAKE_SYMLINK_INSTALL=1 -DCMAKE_INSTALL_PREFIX=/home/ineogi2/ws/Biorobotics/ros2_ws/install/realsense2_description
[1.888s] DEBUG:colcon.colcon_core.event_handler.log_command:Invoking command in '/home/ineogi2/ws/Biorobotics/ros2_ws/build/realsense2_description': CMAKE_PREFIX_PATH=/home/ineogi2/ws/Biorobotics/ros2_ws/install/realsense2_camera_msgs:/home/ineogi2/ws/micro_ros/install/micro_ros_setup:/home/ineogi2/ws/micro_ros/install/micro_ros_agent:/home/ineogi2/ws/micro_ros/install/micro_ros_msgs:/home/ineogi2/ws/micro_ros/install/drive_base_msgs:/home/ineogi2/ws/Biorobotics/ros2_ws/install/realsense2_description:/home/ineogi2/ws/Biorobotics/ros2_ws/install/realsense2_camera:/home/ineogi2/ws/Biorobotics/ros2_ws/install/ros_image:/opt/ros/foxy LD_LIBRARY_PATH=/home/ineogi2/ws/Biorobotics/ros2_ws/install/realsense2_camera_msgs/lib:/home/ineogi2/ws/micro_ros/install/micro_ros_agent/lib:/home/ineogi2/ws/micro_ros/install/micro_ros_msgs/lib:/home/ineogi2/ws/micro_ros/install/drive_base_msgs/lib:/home/ineogi2/ws/Biorobotics/ros2_ws/install/realsense2_camera/lib:/opt/ros/foxy/opt/yaml_cpp_vendor/lib:/opt/ros/foxy/opt/rviz_ogre_vendor/lib:/opt/ros/foxy/lib/x86_64-linux-gnu:/opt/ros/foxy/lib PYTHONPATH=/home/ineogi2/ws/Biorobotics/ros2_ws/install/realsense2_camera_msgs/lib/python3.8/site-packages:/home/ineogi2/ws/micro_ros/install/micro_ros_msgs/lib/python3.8/site-packages:/home/ineogi2/ws/micro_ros/install/drive_base_msgs/lib/python3.8/site-packages:/home/ineogi2/ws/Biorobotics/ros2_ws/install/ros_image/lib/python3.8/site-packages:/opt/ros/foxy/lib/python3.8/site-packages /usr/bin/cmake --build /home/ineogi2/ws/Biorobotics/ros2_ws/build/realsense2_description -- -j12 -l12
[1.915s] DEBUG:colcon.colcon_core.event_handler.log_command:Invoked command in '/home/ineogi2/ws/Biorobotics/ros2_ws/build/realsense2_description' returned '0': CMAKE_PREFIX_PATH=/home/ineogi2/ws/Biorobotics/ros2_ws/install/realsense2_camera_msgs:/home/ineogi2/ws/micro_ros/install/micro_ros_setup:/home/ineogi2/ws/micro_ros/install/micro_ros_agent:/home/ineogi2/ws/micro_ros/install/micro_ros_msgs:/home/ineogi2/ws/micro_ros/install/drive_base_msgs:/home/ineogi2/ws/Biorobotics/ros2_ws/install/realsense2_description:/home/ineogi2/ws/Biorobotics/ros2_ws/install/realsense2_camera:/home/ineogi2/ws/Biorobotics/ros2_ws/install/ros_image:/opt/ros/foxy LD_LIBRARY_PATH=/home/ineogi2/ws/Biorobotics/ros2_ws/install/realsense2_camera_msgs/lib:/home/ineogi2/ws/micro_ros/install/micro_ros_agent/lib:/home/ineogi2/ws/micro_ros/install/micro_ros_msgs/lib:/home/ineogi2/ws/micro_ros/install/drive_base_msgs/lib:/home/ineogi2/ws/Biorobotics/ros2_ws/install/realsense2_camera/lib:/opt/ros/foxy/opt/yaml_cpp_vendor/lib:/opt/ros/foxy/opt/rviz_ogre_vendor/lib:/opt/ros/foxy/lib/x86_64-linux-gnu:/opt/ros/foxy/lib PYTHONPATH=/home/ineogi2/ws/Biorobotics/ros2_ws/install/realsense2_camera_msgs/lib/python3.8/site-packages:/home/ineogi2/ws/micro_ros/install/micro_ros_msgs/lib/python3.8/site-packages:/home/ineogi2/ws/micro_ros/install/drive_base_msgs/lib/python3.8/site-packages:/home/ineogi2/ws/Biorobotics/ros2_ws/install/ros_image/lib/python3.8/site-packages:/opt/ros/foxy/lib/python3.8/site-packages /usr/bin/cmake --build /home/ineogi2/ws/Biorobotics/ros2_ws/build/realsense2_description -- -j12 -l12
[1.930s] DEBUG:colcon.colcon_core.event_handler.log_command:Invoking command in '/home/ineogi2/ws/Biorobotics/ros2_ws/build/realsense2_description': CMAKE_PREFIX_PATH=/home/ineogi2/ws/Biorobotics/ros2_ws/install/realsense2_camera_msgs:/home/ineogi2/ws/micro_ros/install/micro_ros_setup:/home/ineogi2/ws/micro_ros/install/micro_ros_agent:/home/ineogi2/ws/micro_ros/install/micro_ros_msgs:/home/ineogi2/ws/micro_ros/install/drive_base_msgs:/home/ineogi2/ws/Biorobotics/ros2_ws/install/realsense2_description:/home/ineogi2/ws/Biorobotics/ros2_ws/install/realsense2_camera:/home/ineogi2/ws/Biorobotics/ros2_ws/install/ros_image:/opt/ros/foxy LD_LIBRARY_PATH=/home/ineogi2/ws/Biorobotics/ros2_ws/install/realsense2_camera_msgs/lib:/home/ineogi2/ws/micro_ros/install/micro_ros_agent/lib:/home/ineogi2/ws/micro_ros/install/micro_ros_msgs/lib:/home/ineogi2/ws/micro_ros/install/drive_base_msgs/lib:/home/ineogi2/ws/Biorobotics/ros2_ws/install/realsense2_camera/lib:/opt/ros/foxy/opt/yaml_cpp_vendor/lib:/opt/ros/foxy/opt/rviz_ogre_vendor/lib:/opt/ros/foxy/lib/x86_64-linux-gnu:/opt/ros/foxy/lib PYTHONPATH=/home/ineogi2/ws/Biorobotics/ros2_ws/install/realsense2_camera_msgs/lib/python3.8/site-packages:/home/ineogi2/ws/micro_ros/install/micro_ros_msgs/lib/python3.8/site-packages:/home/ineogi2/ws/micro_ros/install/drive_base_msgs/lib/python3.8/site-packages:/home/ineogi2/ws/Biorobotics/ros2_ws/install/ros_image/lib/python3.8/site-packages:/opt/ros/foxy/lib/python3.8/site-packages /usr/bin/cmake --install /home/ineogi2/ws/Biorobotics/ros2_ws/build/realsense2_description
[1.953s] Level 1:colcon.colcon_core.environment:create_environment_scripts_only(realsense2_description)
[1.954s] Level 1:colcon.colcon_core.environment:checking '/home/ineogi2/ws/Biorobotics/ros2_ws/install/realsense2_description' for CMake module files
[1.955s] DEBUG:colcon.colcon_core.event_handler.log_command:Invoked command in '/home/ineogi2/ws/Biorobotics/ros2_ws/build/realsense2_description' returned '0': CMAKE_PREFIX_PATH=/home/ineogi2/ws/Biorobotics/ros2_ws/install/realsense2_camera_msgs:/home/ineogi2/ws/micro_ros/install/micro_ros_setup:/home/ineogi2/ws/micro_ros/install/micro_ros_agent:/home/ineogi2/ws/micro_ros/install/micro_ros_msgs:/home/ineogi2/ws/micro_ros/install/drive_base_msgs:/home/ineogi2/ws/Biorobotics/ros2_ws/install/realsense2_description:/home/ineogi2/ws/Biorobotics/ros2_ws/install/realsense2_camera:/home/ineogi2/ws/Biorobotics/ros2_ws/install/ros_image:/opt/ros/foxy LD_LIBRARY_PATH=/home/ineogi2/ws/Biorobotics/ros2_ws/install/realsense2_camera_msgs/lib:/home/ineogi2/ws/micro_ros/install/micro_ros_agent/lib:/home/ineogi2/ws/micro_ros/install/micro_ros_msgs/lib:/home/ineogi2/ws/micro_ros/install/drive_base_msgs/lib:/home/ineogi2/ws/Biorobotics/ros2_ws/install/realsense2_camera/lib:/opt/ros/foxy/opt/yaml_cpp_vendor/lib:/opt/ros/foxy/opt/rviz_ogre_vendor/lib:/opt/ros/foxy/lib/x86_64-linux-gnu:/opt/ros/foxy/lib PYTHONPATH=/home/ineogi2/ws/Biorobotics/ros2_ws/install/realsense2_camera_msgs/lib/python3.8/site-packages:/home/ineogi2/ws/micro_ros/install/micro_ros_msgs/lib/python3.8/site-packages:/home/ineogi2/ws/micro_ros/install/drive_base_msgs/lib/python3.8/site-packages:/home/ineogi2/ws/Biorobotics/ros2_ws/install/ros_image/lib/python3.8/site-packages:/opt/ros/foxy/lib/python3.8/site-packages /usr/bin/cmake --install /home/ineogi2/ws/Biorobotics/ros2_ws/build/realsense2_description
[1.955s] Level 1:colcon.colcon_core.environment:checking '/home/ineogi2/ws/Biorobotics/ros2_ws/install/realsense2_description' for CMake config files
[1.955s] Level 1:colcon.colcon_core.shell:create_environment_hook('realsense2_description', 'cmake_prefix_path')
[1.956s] INFO:colcon.colcon_core.shell:Creating environment hook '/home/ineogi2/ws/Biorobotics/ros2_ws/install/realsense2_description/share/realsense2_description/hook/cmake_prefix_path.ps1'
[1.956s] INFO:colcon.colcon_core.shell:Creating environment descriptor '/home/ineogi2/ws/Biorobotics/ros2_ws/install/realsense2_description/share/realsense2_description/hook/cmake_prefix_path.dsv'
[1.956s] INFO:colcon.colcon_core.shell:Creating environment hook '/home/ineogi2/ws/Biorobotics/ros2_ws/install/realsense2_description/share/realsense2_description/hook/cmake_prefix_path.sh'
[1.957s] Level 1:colcon.colcon_core.environment:checking '/home/ineogi2/ws/Biorobotics/ros2_ws/install/realsense2_description/bin'
[1.957s] Level 1:colcon.colcon_core.environment:checking '/home/ineogi2/ws/Biorobotics/ros2_ws/install/realsense2_description/lib/pkgconfig/realsense2_description.pc'
[1.957s] Level 1:colcon.colcon_core.environment:checking '/home/ineogi2/ws/Biorobotics/ros2_ws/install/realsense2_description/lib/python3.8/site-packages'
[1.957s] Level 1:colcon.colcon_core.environment:checking '/home/ineogi2/ws/Biorobotics/ros2_ws/install/realsense2_description/bin'
[1.958s] INFO:colcon.colcon_core.shell:Creating package script '/home/ineogi2/ws/Biorobotics/ros2_ws/install/realsense2_description/share/realsense2_description/package.ps1'
[1.958s] INFO:colcon.colcon_core.shell:Creating package descriptor '/home/ineogi2/ws/Biorobotics/ros2_ws/install/realsense2_description/share/realsense2_description/package.dsv'
[1.958s] INFO:colcon.colcon_core.shell:Creating package script '/home/ineogi2/ws/Biorobotics/ros2_ws/install/realsense2_description/share/realsense2_description/package.sh'
[1.958s] INFO:colcon.colcon_core.shell:Creating package script '/home/ineogi2/ws/Biorobotics/ros2_ws/install/realsense2_description/share/realsense2_description/package.bash'
[1.959s] INFO:colcon.colcon_core.shell:Creating package script '/home/ineogi2/ws/Biorobotics/ros2_ws/install/realsense2_description/share/realsense2_description/package.zsh'
[1.959s] Level 1:colcon.colcon_core.environment:create_file_with_runtime_dependencies(/home/ineogi2/ws/Biorobotics/ros2_ws/install/realsense2_description/share/colcon-core/packages/realsense2_description)
[1.973s] Level 1:colcon.colcon_core.environment:create_environment_scripts_only(realsense2_description)
[1.974s] Level 1:colcon.colcon_core.environment:checking '/home/ineogi2/ws/Biorobotics/ros2_ws/install/realsense2_description' for CMake module files
[1.974s] Level 1:colcon.colcon_core.environment:checking '/home/ineogi2/ws/Biorobotics/ros2_ws/install/realsense2_description' for CMake config files
[1.974s] Level 1:colcon.colcon_core.shell:create_environment_hook('realsense2_description', 'cmake_prefix_path')
[1.976s] INFO:colcon.colcon_core.shell:Creating environment hook '/home/ineogi2/ws/Biorobotics/ros2_ws/install/realsense2_description/share/realsense2_description/hook/cmake_prefix_path.ps1'
[1.976s] INFO:colcon.colcon_core.shell:Creating environment descriptor '/home/ineogi2/ws/Biorobotics/ros2_ws/install/realsense2_description/share/realsense2_description/hook/cmake_prefix_path.dsv'
[1.976s] INFO:colcon.colcon_core.shell:Creating environment hook '/home/ineogi2/ws/Biorobotics/ros2_ws/install/realsense2_description/share/realsense2_description/hook/cmake_prefix_path.sh'
[1.977s] Level 1:colcon.colcon_core.environment:checking '/home/ineogi2/ws/Biorobotics/ros2_ws/install/realsense2_description/bin'
[1.977s] Level 1:colcon.colcon_core.environment:checking '/home/ineogi2/ws/Biorobotics/ros2_ws/install/realsense2_description/lib/pkgconfig/realsense2_description.pc'
[1.977s] Level 1:colcon.colcon_core.environment:checking '/home/ineogi2/ws/Biorobotics/ros2_ws/install/realsense2_description/lib/python3.8/site-packages'
[1.977s] Level 1:colcon.colcon_core.environment:checking '/home/ineogi2/ws/Biorobotics/ros2_ws/install/realsense2_description/bin'
[1.978s] INFO:colcon.colcon_core.shell:Creating package script '/home/ineogi2/ws/Biorobotics/ros2_ws/install/realsense2_description/share/realsense2_description/package.ps1'
[1.978s] INFO:colcon.colcon_core.shell:Creating package descriptor '/home/ineogi2/ws/Biorobotics/ros2_ws/install/realsense2_description/share/realsense2_description/package.dsv'
[1.979s] INFO:colcon.colcon_core.shell:Creating package script '/home/ineogi2/ws/Biorobotics/ros2_ws/install/realsense2_description/share/realsense2_description/package.sh'
[1.979s] INFO:colcon.colcon_core.shell:Creating package script '/home/ineogi2/ws/Biorobotics/ros2_ws/install/realsense2_description/share/realsense2_description/package.bash'
[1.979s] INFO:colcon.colcon_core.shell:Creating package script '/home/ineogi2/ws/Biorobotics/ros2_ws/install/realsense2_description/share/realsense2_description/package.zsh'
[1.980s] Level 1:colcon.colcon_core.environment:create_file_with_runtime_dependencies(/home/ineogi2/ws/Biorobotics/ros2_ws/install/realsense2_description/share/colcon-core/packages/realsense2_description)
[2.776s] DEBUG:colcon.colcon_core.event_handler.log_command:Invoked command in '/home/ineogi2/ws/Biorobotics/ros2_ws/build/realsense2_camera' returned '0': CMAKE_PREFIX_PATH=/home/ineogi2/ws/Biorobotics/ros2_ws/install/realsense2_camera_msgs:/home/ineogi2/ws/micro_ros/install/micro_ros_setup:/home/ineogi2/ws/micro_ros/install/micro_ros_agent:/home/ineogi2/ws/micro_ros/install/micro_ros_msgs:/home/ineogi2/ws/micro_ros/install/drive_base_msgs:/home/ineogi2/ws/Biorobotics/ros2_ws/install/realsense2_description:/home/ineogi2/ws/Biorobotics/ros2_ws/install/realsense2_camera:/home/ineogi2/ws/Biorobotics/ros2_ws/install/ros_image:/opt/ros/foxy LD_LIBRARY_PATH=/home/ineogi2/ws/Biorobotics/ros2_ws/install/realsense2_camera_msgs/lib:/home/ineogi2/ws/micro_ros/install/micro_ros_agent/lib:/home/ineogi2/ws/micro_ros/install/micro_ros_msgs/lib:/home/ineogi2/ws/micro_ros/install/drive_base_msgs/lib:/home/ineogi2/ws/Biorobotics/ros2_ws/install/realsense2_camera/lib:/opt/ros/foxy/opt/yaml_cpp_vendor/lib:/opt/ros/foxy/opt/rviz_ogre_vendor/lib:/opt/ros/foxy/lib/x86_64-linux-gnu:/opt/ros/foxy/lib PYTHONPATH=/home/ineogi2/ws/Biorobotics/ros2_ws/install/realsense2_camera_msgs/lib/python3.8/site-packages:/home/ineogi2/ws/micro_ros/install/micro_ros_msgs/lib/python3.8/site-packages:/home/ineogi2/ws/micro_ros/install/drive_base_msgs/lib/python3.8/site-packages:/home/ineogi2/ws/Biorobotics/ros2_ws/install/ros_image/lib/python3.8/site-packages:/opt/ros/foxy/lib/python3.8/site-packages /usr/bin/cmake /home/ineogi2/ws/Biorobotics/ros2_ws/src/realsense-ros/realsense2_camera -DAMENT_CMAKE_SYMLINK_INSTALL=1 -DCMAKE_INSTALL_PREFIX=/home/ineogi2/ws/Biorobotics/ros2_ws/install/realsense2_camera
[2.778s] DEBUG:colcon.colcon_core.event_handler.log_command:Invoking command in '/home/ineogi2/ws/Biorobotics/ros2_ws/build/realsense2_camera': CMAKE_PREFIX_PATH=/home/ineogi2/ws/Biorobotics/ros2_ws/install/realsense2_camera_msgs:/home/ineogi2/ws/micro_ros/install/micro_ros_setup:/home/ineogi2/ws/micro_ros/install/micro_ros_agent:/home/ineogi2/ws/micro_ros/install/micro_ros_msgs:/home/ineogi2/ws/micro_ros/install/drive_base_msgs:/home/ineogi2/ws/Biorobotics/ros2_ws/install/realsense2_description:/home/ineogi2/ws/Biorobotics/ros2_ws/install/realsense2_camera:/home/ineogi2/ws/Biorobotics/ros2_ws/install/ros_image:/opt/ros/foxy LD_LIBRARY_PATH=/home/ineogi2/ws/Biorobotics/ros2_ws/install/realsense2_camera_msgs/lib:/home/ineogi2/ws/micro_ros/install/micro_ros_agent/lib:/home/ineogi2/ws/micro_ros/install/micro_ros_msgs/lib:/home/ineogi2/ws/micro_ros/install/drive_base_msgs/lib:/home/ineogi2/ws/Biorobotics/ros2_ws/install/realsense2_camera/lib:/opt/ros/foxy/opt/yaml_cpp_vendor/lib:/opt/ros/foxy/opt/rviz_ogre_vendor/lib:/opt/ros/foxy/lib/x86_64-linux-gnu:/opt/ros/foxy/lib PYTHONPATH=/home/ineogi2/ws/Biorobotics/ros2_ws/install/realsense2_camera_msgs/lib/python3.8/site-packages:/home/ineogi2/ws/micro_ros/install/micro_ros_msgs/lib/python3.8/site-packages:/home/ineogi2/ws/micro_ros/install/drive_base_msgs/lib/python3.8/site-packages:/home/ineogi2/ws/Biorobotics/ros2_ws/install/ros_image/lib/python3.8/site-packages:/opt/ros/foxy/lib/python3.8/site-packages /usr/bin/cmake --build /home/ineogi2/ws/Biorobotics/ros2_ws/build/realsense2_camera -- -j12 -l12
[2.845s] DEBUG:colcon.colcon_core.event_handler.log_command:Invoked command in '/home/ineogi2/ws/Biorobotics/ros2_ws/build/realsense2_camera' returned '0': CMAKE_PREFIX_PATH=/home/ineogi2/ws/Biorobotics/ros2_ws/install/realsense2_camera_msgs:/home/ineogi2/ws/micro_ros/install/micro_ros_setup:/home/ineogi2/ws/micro_ros/install/micro_ros_agent:/home/ineogi2/ws/micro_ros/install/micro_ros_msgs:/home/ineogi2/ws/micro_ros/install/drive_base_msgs:/home/ineogi2/ws/Biorobotics/ros2_ws/install/realsense2_description:/home/ineogi2/ws/Biorobotics/ros2_ws/install/realsense2_camera:/home/ineogi2/ws/Biorobotics/ros2_ws/install/ros_image:/opt/ros/foxy LD_LIBRARY_PATH=/home/ineogi2/ws/Biorobotics/ros2_ws/install/realsense2_camera_msgs/lib:/home/ineogi2/ws/micro_ros/install/micro_ros_agent/lib:/home/ineogi2/ws/micro_ros/install/micro_ros_msgs/lib:/home/ineogi2/ws/micro_ros/install/drive_base_msgs/lib:/home/ineogi2/ws/Biorobotics/ros2_ws/install/realsense2_camera/lib:/opt/ros/foxy/opt/yaml_cpp_vendor/lib:/opt/ros/foxy/opt/rviz_ogre_vendor/lib:/opt/ros/foxy/lib/x86_64-linux-gnu:/opt/ros/foxy/lib PYTHONPATH=/home/ineogi2/ws/Biorobotics/ros2_ws/install/realsense2_camera_msgs/lib/python3.8/site-packages:/home/ineogi2/ws/micro_ros/install/micro_ros_msgs/lib/python3.8/site-packages:/home/ineogi2/ws/micro_ros/install/drive_base_msgs/lib/python3.8/site-packages:/home/ineogi2/ws/Biorobotics/ros2_ws/install/ros_image/lib/python3.8/site-packages:/opt/ros/foxy/lib/python3.8/site-packages /usr/bin/cmake --build /home/ineogi2/ws/Biorobotics/ros2_ws/build/realsense2_camera -- -j12 -l12
[2.868s] DEBUG:colcon.colcon_core.event_handler.log_command:Invoking command in '/home/ineogi2/ws/Biorobotics/ros2_ws/build/realsense2_camera': CMAKE_PREFIX_PATH=/home/ineogi2/ws/Biorobotics/ros2_ws/install/realsense2_camera_msgs:/home/ineogi2/ws/micro_ros/install/micro_ros_setup:/home/ineogi2/ws/micro_ros/install/micro_ros_agent:/home/ineogi2/ws/micro_ros/install/micro_ros_msgs:/home/ineogi2/ws/micro_ros/install/drive_base_msgs:/home/ineogi2/ws/Biorobotics/ros2_ws/install/realsense2_description:/home/ineogi2/ws/Biorobotics/ros2_ws/install/realsense2_camera:/home/ineogi2/ws/Biorobotics/ros2_ws/install/ros_image:/opt/ros/foxy LD_LIBRARY_PATH=/home/ineogi2/ws/Biorobotics/ros2_ws/install/realsense2_camera_msgs/lib:/home/ineogi2/ws/micro_ros/install/micro_ros_agent/lib:/home/ineogi2/ws/micro_ros/install/micro_ros_msgs/lib:/home/ineogi2/ws/micro_ros/install/drive_base_msgs/lib:/home/ineogi2/ws/Biorobotics/ros2_ws/install/realsense2_camera/lib:/opt/ros/foxy/opt/yaml_cpp_vendor/lib:/opt/ros/foxy/opt/rviz_ogre_vendor/lib:/opt/ros/foxy/lib/x86_64-linux-gnu:/opt/ros/foxy/lib PYTHONPATH=/home/ineogi2/ws/Biorobotics/ros2_ws/install/realsense2_camera_msgs/lib/python3.8/site-packages:/home/ineogi2/ws/micro_ros/install/micro_ros_msgs/lib/python3.8/site-packages:/home/ineogi2/ws/micro_ros/install/drive_base_msgs/lib/python3.8/site-packages:/home/ineogi2/ws/Biorobotics/ros2_ws/install/ros_image/lib/python3.8/site-packages:/opt/ros/foxy/lib/python3.8/site-packages /usr/bin/cmake --install /home/ineogi2/ws/Biorobotics/ros2_ws/build/realsense2_camera
[2.892s] Level 1:colcon.colcon_core.environment:create_environment_scripts_only(realsense2_camera)
[2.893s] Level 1:colcon.colcon_core.environment:checking '/home/ineogi2/ws/Biorobotics/ros2_ws/install/realsense2_camera' for CMake module files
[2.893s] DEBUG:colcon.colcon_core.event_handler.log_command:Invoked command in '/home/ineogi2/ws/Biorobotics/ros2_ws/build/realsense2_camera' returned '0': CMAKE_PREFIX_PATH=/home/ineogi2/ws/Biorobotics/ros2_ws/install/realsense2_camera_msgs:/home/ineogi2/ws/micro_ros/install/micro_ros_setup:/home/ineogi2/ws/micro_ros/install/micro_ros_agent:/home/ineogi2/ws/micro_ros/install/micro_ros_msgs:/home/ineogi2/ws/micro_ros/install/drive_base_msgs:/home/ineogi2/ws/Biorobotics/ros2_ws/install/realsense2_description:/home/ineogi2/ws/Biorobotics/ros2_ws/install/realsense2_camera:/home/ineogi2/ws/Biorobotics/ros2_ws/install/ros_image:/opt/ros/foxy LD_LIBRARY_PATH=/home/ineogi2/ws/Biorobotics/ros2_ws/install/realsense2_camera_msgs/lib:/home/ineogi2/ws/micro_ros/install/micro_ros_agent/lib:/home/ineogi2/ws/micro_ros/install/micro_ros_msgs/lib:/home/ineogi2/ws/micro_ros/install/drive_base_msgs/lib:/home/ineogi2/ws/Biorobotics/ros2_ws/install/realsense2_camera/lib:/opt/ros/foxy/opt/yaml_cpp_vendor/lib:/opt/ros/foxy/opt/rviz_ogre_vendor/lib:/opt/ros/foxy/lib/x86_64-linux-gnu:/opt/ros/foxy/lib PYTHONPATH=/home/ineogi2/ws/Biorobotics/ros2_ws/install/realsense2_camera_msgs/lib/python3.8/site-packages:/home/ineogi2/ws/micro_ros/install/micro_ros_msgs/lib/python3.8/site-packages:/home/ineogi2/ws/micro_ros/install/drive_base_msgs/lib/python3.8/site-packages:/home/ineogi2/ws/Biorobotics/ros2_ws/install/ros_image/lib/python3.8/site-packages:/opt/ros/foxy/lib/python3.8/site-packages /usr/bin/cmake --install /home/ineogi2/ws/Biorobotics/ros2_ws/build/realsense2_camera
[2.893s] Level 1:colcon.colcon_core.environment:checking '/home/ineogi2/ws/Biorobotics/ros2_ws/install/realsense2_camera' for CMake config files
[2.894s] Level 1:colcon.colcon_core.shell:create_environment_hook('realsense2_camera', 'cmake_prefix_path')
[2.894s] INFO:colcon.colcon_core.shell:Creating environment hook '/home/ineogi2/ws/Biorobotics/ros2_ws/install/realsense2_camera/share/realsense2_camera/hook/cmake_prefix_path.ps1'
[2.894s] INFO:colcon.colcon_core.shell:Creating environment descriptor '/home/ineogi2/ws/Biorobotics/ros2_ws/install/realsense2_camera/share/realsense2_camera/hook/cmake_prefix_path.dsv'
[2.895s] INFO:colcon.colcon_core.shell:Creating environment hook '/home/ineogi2/ws/Biorobotics/ros2_ws/install/realsense2_camera/share/realsense2_camera/hook/cmake_prefix_path.sh'
[2.895s] Level 1:colcon.colcon_core.environment:checking '/home/ineogi2/ws/Biorobotics/ros2_ws/install/realsense2_camera/lib'
[2.895s] Level 1:colcon.colcon_core.shell:create_environment_hook('realsense2_camera', 'ld_library_path_lib')
[2.895s] INFO:colcon.colcon_core.shell:Creating environment hook '/home/ineogi2/ws/Biorobotics/ros2_ws/install/realsense2_camera/share/realsense2_camera/hook/ld_library_path_lib.ps1'
[2.896s] INFO:colcon.colcon_core.shell:Creating environment descriptor '/home/ineogi2/ws/Biorobotics/ros2_ws/install/realsense2_camera/share/realsense2_camera/hook/ld_library_path_lib.dsv'
[2.896s] INFO:colcon.colcon_core.shell:Creating environment hook '/home/ineogi2/ws/Biorobotics/ros2_ws/install/realsense2_camera/share/realsense2_camera/hook/ld_library_path_lib.sh'
[2.896s] Level 1:colcon.colcon_core.environment:checking '/home/ineogi2/ws/Biorobotics/ros2_ws/install/realsense2_camera/bin'
[2.896s] Level 1:colcon.colcon_core.environment:checking '/home/ineogi2/ws/Biorobotics/ros2_ws/install/realsense2_camera/lib/pkgconfig/realsense2_camera.pc'
[2.896s] Level 1:colcon.colcon_core.environment:checking '/home/ineogi2/ws/Biorobotics/ros2_ws/install/realsense2_camera/lib/python3.8/site-packages'
[2.896s] Level 1:colcon.colcon_core.environment:checking '/home/ineogi2/ws/Biorobotics/ros2_ws/install/realsense2_camera/bin'
[2.897s] INFO:colcon.colcon_core.shell:Creating package script '/home/ineogi2/ws/Biorobotics/ros2_ws/install/realsense2_camera/share/realsense2_camera/package.ps1'
[2.897s] INFO:colcon.colcon_core.shell:Creating package descriptor '/home/ineogi2/ws/Biorobotics/ros2_ws/install/realsense2_camera/share/realsense2_camera/package.dsv'
[2.898s] INFO:colcon.colcon_core.shell:Creating package script '/home/ineogi2/ws/Biorobotics/ros2_ws/install/realsense2_camera/share/realsense2_camera/package.sh'
[2.898s] INFO:colcon.colcon_core.shell:Creating package script '/home/ineogi2/ws/Biorobotics/ros2_ws/install/realsense2_camera/share/realsense2_camera/package.bash'
[2.898s] INFO:colcon.colcon_core.shell:Creating package script '/home/ineogi2/ws/Biorobotics/ros2_ws/install/realsense2_camera/share/realsense2_camera/package.zsh'
[2.898s] Level 1:colcon.colcon_core.environment:create_file_with_runtime_dependencies(/home/ineogi2/ws/Biorobotics/ros2_ws/install/realsense2_camera/share/colcon-core/packages/realsense2_camera)
[2.919s] Level 1:colcon.colcon_core.environment:create_environment_scripts_only(realsense2_camera)
[2.920s] Level 1:colcon.colcon_core.environment:checking '/home/ineogi2/ws/Biorobotics/ros2_ws/install/realsense2_camera' for CMake module files
[2.920s] Level 1:colcon.colcon_core.environment:checking '/home/ineogi2/ws/Biorobotics/ros2_ws/install/realsense2_camera' for CMake config files
[2.920s] Level 1:colcon.colcon_core.shell:create_environment_hook('realsense2_camera', 'cmake_prefix_path')
[2.921s] INFO:colcon.colcon_core.shell:Creating environment hook '/home/ineogi2/ws/Biorobotics/ros2_ws/install/realsense2_camera/share/realsense2_camera/hook/cmake_prefix_path.ps1'
[2.921s] INFO:colcon.colcon_core.shell:Creating environment descriptor '/home/ineogi2/ws/Biorobotics/ros2_ws/install/realsense2_camera/share/realsense2_camera/hook/cmake_prefix_path.dsv'
[2.921s] INFO:colcon.colcon_core.shell:Creating environment hook '/home/ineogi2/ws/Biorobotics/ros2_ws/install/realsense2_camera/share/realsense2_camera/hook/cmake_prefix_path.sh'
[2.922s] Level 1:colcon.colcon_core.environment:checking '/home/ineogi2/ws/Biorobotics/ros2_ws/install/realsense2_camera/lib'
[2.922s] Level 1:colcon.colcon_core.shell:create_environment_hook('realsense2_camera', 'ld_library_path_lib')
[2.922s] INFO:colcon.colcon_core.shell:Creating environment hook '/home/ineogi2/ws/Biorobotics/ros2_ws/install/realsense2_camera/share/realsense2_camera/hook/ld_library_path_lib.ps1'
[2.922s] INFO:colcon.colcon_core.shell:Creating environment descriptor '/home/ineogi2/ws/Biorobotics/ros2_ws/install/realsense2_camera/share/realsense2_camera/hook/ld_library_path_lib.dsv'
[2.922s] INFO:colcon.colcon_core.shell:Creating environment hook '/home/ineogi2/ws/Biorobotics/ros2_ws/install/realsense2_camera/share/realsense2_camera/hook/ld_library_path_lib.sh'
[2.923s] Level 1:colcon.colcon_core.environment:checking '/home/ineogi2/ws/Biorobotics/ros2_ws/install/realsense2_camera/bin'
[2.923s] Level 1:colcon.colcon_core.environment:checking '/home/ineogi2/ws/Biorobotics/ros2_ws/install/realsense2_camera/lib/pkgconfig/realsense2_camera.pc'
[2.923s] Level 1:colcon.colcon_core.environment:checking '/home/ineogi2/ws/Biorobotics/ros2_ws/install/realsense2_camera/lib/python3.8/site-packages'
[2.923s] Level 1:colcon.colcon_core.environment:checking '/home/ineogi2/ws/Biorobotics/ros2_ws/install/realsense2_camera/bin'
[2.923s] INFO:colcon.colcon_core.shell:Creating package script '/home/ineogi2/ws/Biorobotics/ros2_ws/install/realsense2_camera/share/realsense2_camera/package.ps1'
[2.924s] INFO:colcon.colcon_core.shell:Creating package descriptor '/home/ineogi2/ws/Biorobotics/ros2_ws/install/realsense2_camera/share/realsense2_camera/package.dsv'
[2.924s] INFO:colcon.colcon_core.shell:Creating package script '/home/ineogi2/ws/Biorobotics/ros2_ws/install/realsense2_camera/share/realsense2_camera/package.sh'
[2.925s] INFO:colcon.colcon_core.shell:Creating package script '/home/ineogi2/ws/Biorobotics/ros2_ws/install/realsense2_camera/share/realsense2_camera/package.bash'
[2.925s] INFO:colcon.colcon_core.shell:Creating package script '/home/ineogi2/ws/Biorobotics/ros2_ws/install/realsense2_camera/share/realsense2_camera/package.zsh'
[2.925s] Level 1:colcon.colcon_core.environment:create_file_with_runtime_dependencies(/home/ineogi2/ws/Biorobotics/ros2_ws/install/realsense2_camera/share/colcon-core/packages/realsense2_camera)
[2.925s] DEBUG:colcon.colcon_parallel_executor.executor.parallel:closing loop
[2.925s] DEBUG:colcon.colcon_parallel_executor.executor.parallel:loop closed
[2.925s] DEBUG:colcon.colcon_parallel_executor.executor.parallel:run_until_complete finished with '0'
[2.926s] DEBUG:colcon.colcon_core.event_reactor:joining thread
[2.931s] INFO:colcon.colcon_core.plugin_system:Skipping extension 'colcon_notification.desktop_notification.terminal_notifier': Not used on non-Darwin systems
[2.931s] INFO:colcon.colcon_core.plugin_system:Skipping extension 'colcon_notification.desktop_notification.win32': Not used on non-Windows systems
[2.931s] INFO:colcon.colcon_notification.desktop_notification:Sending desktop notification using 'notify2'
[2.945s] DEBUG:colcon.colcon_core.event_reactor:joined thread
[2.945s] INFO:colcon.colcon_core.shell:Creating prefix script '/home/ineogi2/ws/Biorobotics/ros2_ws/install/local_setup.ps1'
[2.946s] INFO:colcon.colcon_core.shell:Creating prefix util module '/home/ineogi2/ws/Biorobotics/ros2_ws/install/_local_setup_util_ps1.py'
[2.947s] INFO:colcon.colcon_core.shell:Creating prefix chain script '/home/ineogi2/ws/Biorobotics/ros2_ws/install/setup.ps1'
[2.948s] INFO:colcon.colcon_core.shell:Creating prefix script '/home/ineogi2/ws/Biorobotics/ros2_ws/install/local_setup.sh'
[2.949s] INFO:colcon.colcon_core.shell:Creating prefix util module '/home/ineogi2/ws/Biorobotics/ros2_ws/install/_local_setup_util_sh.py'
[2.949s] INFO:colcon.colcon_core.shell:Creating prefix chain script '/home/ineogi2/ws/Biorobotics/ros2_ws/install/setup.sh'
[2.950s] INFO:colcon.colcon_core.shell:Creating prefix script '/home/ineogi2/ws/Biorobotics/ros2_ws/install/local_setup.bash'
[2.951s] INFO:colcon.colcon_core.shell:Creating prefix chain script '/home/ineogi2/ws/Biorobotics/ros2_ws/install/setup.bash'
[2.952s] INFO:colcon.colcon_core.shell:Creating prefix script '/home/ineogi2/ws/Biorobotics/ros2_ws/install/local_setup.zsh'
[2.952s] INFO:colcon.colcon_core.shell:Creating prefix chain script '/home/ineogi2/ws/Biorobotics/ros2_ws/install/setup.zsh'
