[0.672s] Invoking command in '/home/ineogi2/ros2_ws/build/ros_image': PYTHONPATH=/home/ineogi2/ros2_ws/install/ros_image/lib/python3.8/site-packages:${PYTHONPATH} /usr/bin/python3 setup.py develop --prefix /home/ineogi2/ros2_ws/install/ros_image --uninstall --editable --build-directory /home/ineogi2/ros2_ws/build/ros_image/build
[0.848s] running develop
[0.968s] Removing /home/ineogi2/ros2_ws/install/ros_image/lib/python3.8/site-packages/ros-image.egg-link (link to .)
[0.988s] Invoked command in '/home/ineogi2/ros2_ws/build/ros_image' returned '0': PYTHONPATH=/home/ineogi2/ros2_ws/install/ros_image/lib/python3.8/site-packages:${PYTHONPATH} /usr/bin/python3 setup.py develop --prefix /home/ineogi2/ros2_ws/install/ros_image --uninstall --editable --build-directory /home/ineogi2/ros2_ws/build/ros_image/build
[0.990s] Invoking command in '/home/ineogi2/ros2_ws/src/ros_image': PYTHONPATH=/home/ineogi2/ros2_ws/install/ros_image/lib/python3.8/site-packages:${PYTHONPATH} /usr/bin/python3 setup.py egg_info --egg-base ../../build/ros_image build --build-base /home/ineogi2/ros2_ws/build/ros_image/build install --prefix /home/ineogi2/ros2_ws/install/ros_image --record /home/ineogi2/ros2_ws/build/ros_image/install.log --single-version-externally-managed
[1.176s] running egg_info
[1.176s] writing ../../build/ros_image/ros_image.egg-info/PKG-INFO
[1.177s] writing dependency_links to ../../build/ros_image/ros_image.egg-info/dependency_links.txt
[1.177s] writing entry points to ../../build/ros_image/ros_image.egg-info/entry_points.txt
[1.177s] writing requirements to ../../build/ros_image/ros_image.egg-info/requires.txt
[1.177s] writing top-level names to ../../build/ros_image/ros_image.egg-info/top_level.txt
[1.204s] reading manifest file '../../build/ros_image/ros_image.egg-info/SOURCES.txt'
[1.204s] writing manifest file '../../build/ros_image/ros_image.egg-info/SOURCES.txt'
[1.204s] running build
[1.204s] running build_py
[1.205s] copying ros_image/ros_image_publisher.py -> /home/ineogi2/ros2_ws/build/ros_image/build/lib/ros_image
[1.205s] running install
[1.205s] running install_lib
[1.206s] creating /home/ineogi2/ros2_ws/install/ros_image/lib/python3.8/site-packages/ros_image
[1.206s] copying /home/ineogi2/ros2_ws/build/ros_image/build/lib/ros_image/ros_image_publisher_0120.py -> /home/ineogi2/ros2_ws/install/ros_image/lib/python3.8/site-packages/ros_image
[1.206s] copying /home/ineogi2/ros2_ws/build/ros_image/build/lib/ros_image/ros_image_publisher.py -> /home/ineogi2/ros2_ws/install/ros_image/lib/python3.8/site-packages/ros_image
[1.207s] copying /home/ineogi2/ros2_ws/build/ros_image/build/lib/ros_image/__init__.py -> /home/ineogi2/ros2_ws/install/ros_image/lib/python3.8/site-packages/ros_image
[1.207s] byte-compiling /home/ineogi2/ros2_ws/install/ros_image/lib/python3.8/site-packages/ros_image/ros_image_publisher_0120.py to ros_image_publisher_0120.cpython-38.pyc
[1.209s] byte-compiling /home/ineogi2/ros2_ws/install/ros_image/lib/python3.8/site-packages/ros_image/ros_image_publisher.py to ros_image_publisher.cpython-38.pyc
[1.210s] byte-compiling /home/ineogi2/ros2_ws/install/ros_image/lib/python3.8/site-packages/ros_image/__init__.py to __init__.cpython-38.pyc
[1.210s] running install_data
[1.210s] running install_egg_info
[1.211s] Copying ../../build/ros_image/ros_image.egg-info to /home/ineogi2/ros2_ws/install/ros_image/lib/python3.8/site-packages/ros_image-0.0.1-py3.8.egg-info
[1.212s] running install_scripts
[1.226s] Installing ros_image script to /home/ineogi2/ros2_ws/install/ros_image/lib/ros_image
[1.226s] writing list of installed files to '/home/ineogi2/ros2_ws/build/ros_image/install.log'
[1.249s] Invoked command in '/home/ineogi2/ros2_ws/src/ros_image' returned '0': PYTHONPATH=/home/ineogi2/ros2_ws/install/ros_image/lib/python3.8/site-packages:${PYTHONPATH} /usr/bin/python3 setup.py egg_info --egg-base ../../build/ros_image build --build-base /home/ineogi2/ros2_ws/build/ros_image/build install --prefix /home/ineogi2/ros2_ws/install/ros_image --record /home/ineogi2/ros2_ws/build/ros_image/install.log --single-version-externally-managed
