[0.737s] Invoking command in '/home/ineogi2/ros2_ws/build/ros_teensy': PYTHONPATH=/home/ineogi2/ros2_ws/install/ros_teensy/lib/python3.8/site-packages:${PYTHONPATH} /usr/bin/python3 setup.py develop --prefix /home/ineogi2/ros2_ws/install/ros_teensy --uninstall --editable --build-directory /home/ineogi2/ros2_ws/build/ros_teensy/build
[0.944s] running develop
[1.055s] Removing /home/ineogi2/ros2_ws/install/ros_teensy/lib/python3.8/site-packages/ros-teensy.egg-link (link to .)
[1.073s] Invoked command in '/home/ineogi2/ros2_ws/build/ros_teensy' returned '0': PYTHONPATH=/home/ineogi2/ros2_ws/install/ros_teensy/lib/python3.8/site-packages:${PYTHONPATH} /usr/bin/python3 setup.py develop --prefix /home/ineogi2/ros2_ws/install/ros_teensy --uninstall --editable --build-directory /home/ineogi2/ros2_ws/build/ros_teensy/build
[1.075s] Invoking command in '/home/ineogi2/ros2_ws/src/ros_teensy': PYTHONPATH=/home/ineogi2/ros2_ws/install/ros_teensy/lib/python3.8/site-packages:${PYTHONPATH} /usr/bin/python3 setup.py egg_info --egg-base ../../build/ros_teensy build --build-base /home/ineogi2/ros2_ws/build/ros_teensy/build install --prefix /home/ineogi2/ros2_ws/install/ros_teensy --record /home/ineogi2/ros2_ws/build/ros_teensy/install.log --single-version-externally-managed
[1.251s] running egg_info
[1.251s] writing ../../build/ros_teensy/ros_teensy.egg-info/PKG-INFO
[1.252s] writing dependency_links to ../../build/ros_teensy/ros_teensy.egg-info/dependency_links.txt
[1.252s] writing entry points to ../../build/ros_teensy/ros_teensy.egg-info/entry_points.txt
[1.252s] writing requirements to ../../build/ros_teensy/ros_teensy.egg-info/requires.txt
[1.252s] writing top-level names to ../../build/ros_teensy/ros_teensy.egg-info/top_level.txt
[1.278s] reading manifest file '../../build/ros_teensy/ros_teensy.egg-info/SOURCES.txt'
[1.280s] writing manifest file '../../build/ros_teensy/ros_teensy.egg-info/SOURCES.txt'
[1.281s] running build
[1.281s] running build_py
[1.281s] creating /home/ineogi2/ros2_ws/build/ros_teensy/build
[1.281s] creating /home/ineogi2/ros2_ws/build/ros_teensy/build/lib
[1.281s] creating /home/ineogi2/ros2_ws/build/ros_teensy/build/lib/ros_teensy
[1.281s] copying ros_teensy/ros_teensy_publisher.py -> /home/ineogi2/ros2_ws/build/ros_teensy/build/lib/ros_teensy
[1.282s] copying ros_teensy/__init__.py -> /home/ineogi2/ros2_ws/build/ros_teensy/build/lib/ros_teensy
[1.282s] running install
[1.282s] running install_lib
[1.282s] creating /home/ineogi2/ros2_ws/install/ros_teensy/lib/python3.8/site-packages/ros_teensy
[1.282s] copying /home/ineogi2/ros2_ws/build/ros_teensy/build/lib/ros_teensy/ros_teensy_publisher.py -> /home/ineogi2/ros2_ws/install/ros_teensy/lib/python3.8/site-packages/ros_teensy
[1.282s] copying /home/ineogi2/ros2_ws/build/ros_teensy/build/lib/ros_teensy/__init__.py -> /home/ineogi2/ros2_ws/install/ros_teensy/lib/python3.8/site-packages/ros_teensy
[1.282s] byte-compiling /home/ineogi2/ros2_ws/install/ros_teensy/lib/python3.8/site-packages/ros_teensy/ros_teensy_publisher.py to ros_teensy_publisher.cpython-38.pyc
[1.283s] byte-compiling /home/ineogi2/ros2_ws/install/ros_teensy/lib/python3.8/site-packages/ros_teensy/__init__.py to __init__.cpython-38.pyc
[1.283s] running install_data
[1.283s] running install_egg_info
[1.284s] Copying ../../build/ros_teensy/ros_teensy.egg-info to /home/ineogi2/ros2_ws/install/ros_teensy/lib/python3.8/site-packages/ros_teensy-0.0.0-py3.8.egg-info
[1.285s] running install_scripts
[1.297s] Installing ros_teensy_publisher script to /home/ineogi2/ros2_ws/install/ros_teensy/lib/ros_teensy
[1.298s] writing list of installed files to '/home/ineogi2/ros2_ws/build/ros_teensy/install.log'
[1.315s] Invoked command in '/home/ineogi2/ros2_ws/src/ros_teensy' returned '0': PYTHONPATH=/home/ineogi2/ros2_ws/install/ros_teensy/lib/python3.8/site-packages:${PYTHONPATH} /usr/bin/python3 setup.py egg_info --egg-base ../../build/ros_teensy build --build-base /home/ineogi2/ros2_ws/build/ros_teensy/build install --prefix /home/ineogi2/ros2_ws/install/ros_teensy --record /home/ineogi2/ros2_ws/build/ros_teensy/install.log --single-version-externally-managed
