[0.279s] DEBUG:colcon:Command line arguments: ['/usr/bin/colcon', 'build', '--symlink-install']
[0.280s] DEBUG:colcon:Parsed command line arguments: Namespace(allow_overriding=[], ament_cmake_args=None, base_paths=['.'], build_base='build', catkin_cmake_args=None, catkin_skip_building_tests=False, cmake_args=None, cmake_clean_cache=False, cmake_clean_first=False, cmake_force_configure=False, cmake_target=None, cmake_target_skip_unavailable=False, continue_on_error=False, event_handlers=None, executor='parallel', ignore_user_meta=False, install_base='install', log_base=None, log_level=None, main=<bound method BuildVerb.main of <colcon_core.verb.build.BuildVerb object at 0x7f63139dafd0>>, merge_install=False, metas=['./colcon.meta'], packages_above=None, packages_above_and_dependencies=None, packages_above_depth=None, packages_end=None, packages_ignore=None, packages_ignore_regex=None, packages_select=None, packages_select_build_failed=False, packages_select_by_dep=None, packages_select_regex=None, packages_select_test_failures=False, packages_skip=None, packages_skip_build_finished=False, packages_skip_by_dep=None, packages_skip_regex=None, packages_skip_test_passed=False, packages_skip_up_to=None, packages_start=None, packages_up_to=None, packages_up_to_regex=None, parallel_workers=12, paths=None, symlink_install=True, test_result_base=None, verb_extension=<colcon_core.verb.build.BuildVerb object at 0x7f63139dafd0>, verb_name='build', verb_parser=<colcon_defaults.argument_parser.defaults.DefaultArgumentsDecorator object at 0x7f63139e4520>)
[0.322s] Level 1:colcon.colcon_core.package_discovery:discover_packages(colcon_meta) check parameters
[0.322s] Level 1:colcon.colcon_core.package_discovery:discover_packages(recursive) check parameters
[0.322s] Level 1:colcon.colcon_core.package_discovery:discover_packages(ignore) check parameters
[0.322s] Level 1:colcon.colcon_core.package_discovery:discover_packages(path) check parameters
[0.322s] Level 1:colcon.colcon_core.package_discovery:discover_packages(colcon_meta) discover
[0.322s] Level 1:colcon.colcon_core.package_discovery:discover_packages(recursive) discover
[0.322s] INFO:colcon.colcon_core.package_discovery:Crawling recursively for packages in '/home/ineogi2/Biorobotics/ros2_ws'
[0.322s] Level 1:colcon.colcon_core.package_identification:_identify(.) by extensions ['ignore', 'ignore_ament_install']
[0.323s] Level 1:colcon.colcon_core.package_identification:_identify(.) by extension 'ignore'
[0.323s] Level 1:colcon.colcon_core.package_identification:_identify(.) by extension 'ignore_ament_install'
[0.323s] Level 1:colcon.colcon_core.package_identification:_identify(.) by extensions ['colcon_pkg']
[0.323s] Level 1:colcon.colcon_core.package_identification:_identify(.) by extension 'colcon_pkg'
[0.323s] Level 1:colcon.colcon_core.package_identification:_identify(.) by extensions ['colcon_meta']
[0.323s] Level 1:colcon.colcon_core.package_identification:_identify(.) by extension 'colcon_meta'
[0.323s] Level 1:colcon.colcon_core.package_identification:_identify(.) by extensions ['ros']
[0.323s] Level 1:colcon.colcon_core.package_identification:_identify(.) by extension 'ros'
[0.345s] Level 1:colcon.colcon_core.package_identification:_identify(.) by extensions ['cmake', 'python']
[0.345s] Level 1:colcon.colcon_core.package_identification:_identify(.) by extension 'cmake'
[0.345s] Level 1:colcon.colcon_core.package_identification:_identify(.) by extension 'python'
[0.345s] Level 1:colcon.colcon_core.package_identification:_identify(.) by extensions ['python_setup_py']
[0.345s] Level 1:colcon.colcon_core.package_identification:_identify(.) by extension 'python_setup_py'
[0.345s] Level 1:colcon.colcon_core.package_identification:_identify(build) by extensions ['ignore', 'ignore_ament_install']
[0.345s] Level 1:colcon.colcon_core.package_identification:_identify(build) by extension 'ignore'
[0.345s] Level 1:colcon.colcon_core.package_identification:_identify(build) ignored
[0.346s] Level 1:colcon.colcon_core.package_identification:_identify(install) by extensions ['ignore', 'ignore_ament_install']
[0.346s] Level 1:colcon.colcon_core.package_identification:_identify(install) by extension 'ignore'
[0.346s] Level 1:colcon.colcon_core.package_identification:_identify(install) ignored
[0.346s] Level 1:colcon.colcon_core.package_identification:_identify(log) by extensions ['ignore', 'ignore_ament_install']
[0.346s] Level 1:colcon.colcon_core.package_identification:_identify(log) by extension 'ignore'
[0.346s] Level 1:colcon.colcon_core.package_identification:_identify(log) ignored
[0.346s] Level 1:colcon.colcon_core.package_identification:_identify(src) by extensions ['ignore', 'ignore_ament_install']
[0.347s] Level 1:colcon.colcon_core.package_identification:_identify(src) by extension 'ignore'
[0.347s] Level 1:colcon.colcon_core.package_identification:_identify(src) by extension 'ignore_ament_install'
[0.347s] Level 1:colcon.colcon_core.package_identification:_identify(src) by extensions ['colcon_pkg']
[0.347s] Level 1:colcon.colcon_core.package_identification:_identify(src) by extension 'colcon_pkg'
[0.347s] Level 1:colcon.colcon_core.package_identification:_identify(src) by extensions ['colcon_meta']
[0.347s] Level 1:colcon.colcon_core.package_identification:_identify(src) by extension 'colcon_meta'
[0.347s] Level 1:colcon.colcon_core.package_identification:_identify(src) by extensions ['ros']
[0.347s] Level 1:colcon.colcon_core.package_identification:_identify(src) by extension 'ros'
[0.347s] Level 1:colcon.colcon_core.package_identification:_identify(src) by extensions ['cmake', 'python']
[0.347s] Level 1:colcon.colcon_core.package_identification:_identify(src) by extension 'cmake'
[0.347s] Level 1:colcon.colcon_core.package_identification:_identify(src) by extension 'python'
[0.347s] Level 1:colcon.colcon_core.package_identification:_identify(src) by extensions ['python_setup_py']
[0.347s] Level 1:colcon.colcon_core.package_identification:_identify(src) by extension 'python_setup_py'
[0.347s] Level 1:colcon.colcon_core.package_identification:_identify(src/build) by extensions ['ignore', 'ignore_ament_install']
[0.348s] Level 1:colcon.colcon_core.package_identification:_identify(src/build) by extension 'ignore'
[0.348s] Level 1:colcon.colcon_core.package_identification:_identify(src/build) ignored
[0.348s] Level 1:colcon.colcon_core.package_identification:_identify(src/install) by extensions ['ignore', 'ignore_ament_install']
[0.348s] Level 1:colcon.colcon_core.package_identification:_identify(src/install) by extension 'ignore'
[0.348s] Level 1:colcon.colcon_core.package_identification:_identify(src/install) ignored
[0.348s] Level 1:colcon.colcon_core.package_identification:_identify(src/log) by extensions ['ignore', 'ignore_ament_install']
[0.348s] Level 1:colcon.colcon_core.package_identification:_identify(src/log) by extension 'ignore'
[0.348s] Level 1:colcon.colcon_core.package_identification:_identify(src/log) ignored
[0.348s] Level 1:colcon.colcon_core.package_identification:_identify(src/realsense-ros) by extensions ['ignore', 'ignore_ament_install']
[0.348s] Level 1:colcon.colcon_core.package_identification:_identify(src/realsense-ros) by extension 'ignore'
[0.349s] Level 1:colcon.colcon_core.package_identification:_identify(src/realsense-ros) by extension 'ignore_ament_install'
[0.349s] Level 1:colcon.colcon_core.package_identification:_identify(src/realsense-ros) by extensions ['colcon_pkg']
[0.349s] Level 1:colcon.colcon_core.package_identification:_identify(src/realsense-ros) by extension 'colcon_pkg'
[0.349s] Level 1:colcon.colcon_core.package_identification:_identify(src/realsense-ros) by extensions ['colcon_meta']
[0.349s] Level 1:colcon.colcon_core.package_identification:_identify(src/realsense-ros) by extension 'colcon_meta'
[0.349s] Level 1:colcon.colcon_core.package_identification:_identify(src/realsense-ros) by extensions ['ros']
[0.349s] Level 1:colcon.colcon_core.package_identification:_identify(src/realsense-ros) by extension 'ros'
[0.349s] Level 1:colcon.colcon_core.package_identification:_identify(src/realsense-ros) by extensions ['cmake', 'python']
[0.349s] Level 1:colcon.colcon_core.package_identification:_identify(src/realsense-ros) by extension 'cmake'
[0.349s] Level 1:colcon.colcon_core.package_identification:_identify(src/realsense-ros) by extension 'python'
[0.349s] Level 1:colcon.colcon_core.package_identification:_identify(src/realsense-ros) by extensions ['python_setup_py']
[0.349s] Level 1:colcon.colcon_core.package_identification:_identify(src/realsense-ros) by extension 'python_setup_py'
[0.349s] Level 1:colcon.colcon_core.package_identification:_identify(src/realsense-ros/realsense2_camera) by extensions ['ignore', 'ignore_ament_install']
[0.350s] Level 1:colcon.colcon_core.package_identification:_identify(src/realsense-ros/realsense2_camera) by extension 'ignore'
[0.350s] Level 1:colcon.colcon_core.package_identification:_identify(src/realsense-ros/realsense2_camera) by extension 'ignore_ament_install'
[0.350s] Level 1:colcon.colcon_core.package_identification:_identify(src/realsense-ros/realsense2_camera) by extensions ['colcon_pkg']
[0.350s] Level 1:colcon.colcon_core.package_identification:_identify(src/realsense-ros/realsense2_camera) by extension 'colcon_pkg'
[0.350s] Level 1:colcon.colcon_core.package_identification:_identify(src/realsense-ros/realsense2_camera) by extensions ['colcon_meta']
[0.350s] Level 1:colcon.colcon_core.package_identification:_identify(src/realsense-ros/realsense2_camera) by extension 'colcon_meta'
[0.350s] Level 1:colcon.colcon_core.package_identification:_identify(src/realsense-ros/realsense2_camera) by extensions ['ros']
[0.350s] Level 1:colcon.colcon_core.package_identification:_identify(src/realsense-ros/realsense2_camera) by extension 'ros'
[0.355s] DEBUG:colcon.colcon_core.package_identification:Package 'src/realsense-ros/realsense2_camera' with type 'ros.ament_cmake' and name 'realsense2_camera'
[0.355s] Level 1:colcon.colcon_core.package_identification:_identify(src/realsense-ros/realsense2_camera_msgs) by extensions ['ignore', 'ignore_ament_install']
[0.355s] Level 1:colcon.colcon_core.package_identification:_identify(src/realsense-ros/realsense2_camera_msgs) by extension 'ignore'
[0.355s] Level 1:colcon.colcon_core.package_identification:_identify(src/realsense-ros/realsense2_camera_msgs) by extension 'ignore_ament_install'
[0.355s] Level 1:colcon.colcon_core.package_identification:_identify(src/realsense-ros/realsense2_camera_msgs) by extensions ['colcon_pkg']
[0.355s] Level 1:colcon.colcon_core.package_identification:_identify(src/realsense-ros/realsense2_camera_msgs) by extension 'colcon_pkg'
[0.356s] Level 1:colcon.colcon_core.package_identification:_identify(src/realsense-ros/realsense2_camera_msgs) by extensions ['colcon_meta']
[0.356s] Level 1:colcon.colcon_core.package_identification:_identify(src/realsense-ros/realsense2_camera_msgs) by extension 'colcon_meta'
[0.356s] Level 1:colcon.colcon_core.package_identification:_identify(src/realsense-ros/realsense2_camera_msgs) by extensions ['ros']
[0.356s] Level 1:colcon.colcon_core.package_identification:_identify(src/realsense-ros/realsense2_camera_msgs) by extension 'ros'
[0.357s] DEBUG:colcon.colcon_core.package_identification:Package 'src/realsense-ros/realsense2_camera_msgs' with type 'ros.ament_cmake' and name 'realsense2_camera_msgs'
[0.357s] Level 1:colcon.colcon_core.package_identification:_identify(src/realsense-ros/realsense2_description) by extensions ['ignore', 'ignore_ament_install']
[0.357s] Level 1:colcon.colcon_core.package_identification:_identify(src/realsense-ros/realsense2_description) by extension 'ignore'
[0.357s] Level 1:colcon.colcon_core.package_identification:_identify(src/realsense-ros/realsense2_description) by extension 'ignore_ament_install'
[0.357s] Level 1:colcon.colcon_core.package_identification:_identify(src/realsense-ros/realsense2_description) by extensions ['colcon_pkg']
[0.357s] Level 1:colcon.colcon_core.package_identification:_identify(src/realsense-ros/realsense2_description) by extension 'colcon_pkg'
[0.357s] Level 1:colcon.colcon_core.package_identification:_identify(src/realsense-ros/realsense2_description) by extensions ['colcon_meta']
[0.357s] Level 1:colcon.colcon_core.package_identification:_identify(src/realsense-ros/realsense2_description) by extension 'colcon_meta'
[0.357s] Level 1:colcon.colcon_core.package_identification:_identify(src/realsense-ros/realsense2_description) by extensions ['ros']
[0.357s] Level 1:colcon.colcon_core.package_identification:_identify(src/realsense-ros/realsense2_description) by extension 'ros'
[0.358s] DEBUG:colcon.colcon_core.package_identification:Package 'src/realsense-ros/realsense2_description' with type 'ros.ament_cmake' and name 'realsense2_description'
[0.359s] Level 1:colcon.colcon_core.package_identification:_identify(src/realsense-ros/scripts) by extensions ['ignore', 'ignore_ament_install']
[0.359s] Level 1:colcon.colcon_core.package_identification:_identify(src/realsense-ros/scripts) by extension 'ignore'
[0.359s] Level 1:colcon.colcon_core.package_identification:_identify(src/realsense-ros/scripts) by extension 'ignore_ament_install'
[0.359s] Level 1:colcon.colcon_core.package_identification:_identify(src/realsense-ros/scripts) by extensions ['colcon_pkg']
[0.359s] Level 1:colcon.colcon_core.package_identification:_identify(src/realsense-ros/scripts) by extension 'colcon_pkg'
[0.359s] Level 1:colcon.colcon_core.package_identification:_identify(src/realsense-ros/scripts) by extensions ['colcon_meta']
[0.359s] Level 1:colcon.colcon_core.package_identification:_identify(src/realsense-ros/scripts) by extension 'colcon_meta'
[0.359s] Level 1:colcon.colcon_core.package_identification:_identify(src/realsense-ros/scripts) by extensions ['ros']
[0.359s] Level 1:colcon.colcon_core.package_identification:_identify(src/realsense-ros/scripts) by extension 'ros'
[0.359s] Level 1:colcon.colcon_core.package_identification:_identify(src/realsense-ros/scripts) by extensions ['cmake', 'python']
[0.359s] Level 1:colcon.colcon_core.package_identification:_identify(src/realsense-ros/scripts) by extension 'cmake'
[0.359s] Level 1:colcon.colcon_core.package_identification:_identify(src/realsense-ros/scripts) by extension 'python'
[0.359s] Level 1:colcon.colcon_core.package_identification:_identify(src/realsense-ros/scripts) by extensions ['python_setup_py']
[0.359s] Level 1:colcon.colcon_core.package_identification:_identify(src/realsense-ros/scripts) by extension 'python_setup_py'
[0.360s] Level 1:colcon.colcon_core.package_identification:_identify(src/ros_image) by extensions ['ignore', 'ignore_ament_install']
[0.360s] Level 1:colcon.colcon_core.package_identification:_identify(src/ros_image) by extension 'ignore'
[0.360s] Level 1:colcon.colcon_core.package_identification:_identify(src/ros_image) by extension 'ignore_ament_install'
[0.360s] Level 1:colcon.colcon_core.package_identification:_identify(src/ros_image) by extensions ['colcon_pkg']
[0.360s] Level 1:colcon.colcon_core.package_identification:_identify(src/ros_image) by extension 'colcon_pkg'
[0.360s] Level 1:colcon.colcon_core.package_identification:_identify(src/ros_image) by extensions ['colcon_meta']
[0.360s] Level 1:colcon.colcon_core.package_identification:_identify(src/ros_image) by extension 'colcon_meta'
[0.360s] Level 1:colcon.colcon_core.package_identification:_identify(src/ros_image) by extensions ['ros']
[0.360s] Level 1:colcon.colcon_core.package_identification:_identify(src/ros_image) by extension 'ros'
[0.361s] DEBUG:colcon.colcon_core.package_identification:Package 'src/ros_image' with type 'ros.ament_python' and name 'ros_image'
[0.361s] Level 1:colcon.colcon_core.package_discovery:discover_packages(recursive) using defaults
[0.361s] Level 1:colcon.colcon_core.package_discovery:discover_packages(ignore) discover
[0.361s] Level 1:colcon.colcon_core.package_discovery:discover_packages(ignore) using defaults
[0.361s] Level 1:colcon.colcon_core.package_discovery:discover_packages(path) discover
[0.361s] Level 1:colcon.colcon_core.package_discovery:discover_packages(path) using defaults
[0.394s] Level 1:colcon.colcon_core.package_discovery:discover_packages(prefix_path) check parameters
[0.394s] Level 1:colcon.colcon_core.package_discovery:discover_packages(prefix_path) discover
[0.400s] DEBUG:colcon.colcon_installed_package_information.package_discovery:Found 3 installed packages in /home/ineogi2/micro_ws/install
[0.402s] DEBUG:colcon.colcon_installed_package_information.package_discovery:Found 4 installed packages in /home/ineogi2/Biorobotics/ros2_ws/install
[0.404s] DEBUG:colcon.colcon_installed_package_information.package_discovery:Found 258 installed packages in /opt/ros/foxy
[0.406s] Level 1:colcon.colcon_core.package_discovery:discover_packages(prefix_path) using defaults
[0.512s] Level 5:colcon.colcon_core.verb:set package 'realsense2_camera_msgs' build argument 'cmake_args' from command line to 'None'
[0.512s] Level 5:colcon.colcon_core.verb:set package 'realsense2_camera_msgs' build argument 'cmake_target' from command line to 'None'
[0.512s] Level 5:colcon.colcon_core.verb:set package 'realsense2_camera_msgs' build argument 'cmake_target_skip_unavailable' from command line to 'False'
[0.512s] Level 5:colcon.colcon_core.verb:set package 'realsense2_camera_msgs' build argument 'cmake_clean_cache' from command line to 'False'
[0.512s] Level 5:colcon.colcon_core.verb:set package 'realsense2_camera_msgs' build argument 'cmake_clean_first' from command line to 'False'
[0.512s] Level 5:colcon.colcon_core.verb:set package 'realsense2_camera_msgs' build argument 'cmake_force_configure' from command line to 'False'
[0.512s] Level 5:colcon.colcon_core.verb:set package 'realsense2_camera_msgs' build argument 'ament_cmake_args' from command line to 'None'
[0.512s] Level 5:colcon.colcon_core.verb:set package 'realsense2_camera_msgs' build argument 'catkin_cmake_args' from command line to 'None'
[0.512s] Level 5:colcon.colcon_core.verb:set package 'realsense2_camera_msgs' build argument 'catkin_skip_building_tests' from command line to 'False'
[0.512s] DEBUG:colcon.colcon_core.verb:Building package 'realsense2_camera_msgs' with the following arguments: {'ament_cmake_args': None, 'build_base': '/home/ineogi2/Biorobotics/ros2_ws/build/realsense2_camera_msgs', 'catkin_cmake_args': None, 'catkin_skip_building_tests': False, 'cmake_args': None, 'cmake_clean_cache': False, 'cmake_clean_first': False, 'cmake_force_configure': False, 'cmake_target': None, 'cmake_target_skip_unavailable': False, 'install_base': '/home/ineogi2/Biorobotics/ros2_ws/install/realsense2_camera_msgs', 'merge_install': False, 'path': '/home/ineogi2/Biorobotics/ros2_ws/src/realsense-ros/realsense2_camera_msgs', 'symlink_install': True, 'test_result_base': None}
[0.514s] Level 5:colcon.colcon_core.verb:set package 'ros_image' build argument 'cmake_args' from command line to 'None'
[0.514s] Level 5:colcon.colcon_core.verb:set package 'ros_image' build argument 'cmake_target' from command line to 'None'
[0.514s] Level 5:colcon.colcon_core.verb:set package 'ros_image' build argument 'cmake_target_skip_unavailable' from command line to 'False'
[0.514s] Level 5:colcon.colcon_core.verb:set package 'ros_image' build argument 'cmake_clean_cache' from command line to 'False'
[0.514s] Level 5:colcon.colcon_core.verb:set package 'ros_image' build argument 'cmake_clean_first' from command line to 'False'
[0.514s] Level 5:colcon.colcon_core.verb:set package 'ros_image' build argument 'cmake_force_configure' from command line to 'False'
[0.514s] Level 5:colcon.colcon_core.verb:set package 'ros_image' build argument 'ament_cmake_args' from command line to 'None'
[0.514s] Level 5:colcon.colcon_core.verb:set package 'ros_image' build argument 'catkin_cmake_args' from command line to 'None'
[0.514s] Level 5:colcon.colcon_core.verb:set package 'ros_image' build argument 'catkin_skip_building_tests' from command line to 'False'
[0.514s] DEBUG:colcon.colcon_core.verb:Building package 'ros_image' with the following arguments: {'ament_cmake_args': None, 'build_base': '/home/ineogi2/Biorobotics/ros2_ws/build/ros_image', 'catkin_cmake_args': None, 'catkin_skip_building_tests': False, 'cmake_args': None, 'cmake_clean_cache': False, 'cmake_clean_first': False, 'cmake_force_configure': False, 'cmake_target': None, 'cmake_target_skip_unavailable': False, 'install_base': '/home/ineogi2/Biorobotics/ros2_ws/install/ros_image', 'merge_install': False, 'path': '/home/ineogi2/Biorobotics/ros2_ws/src/ros_image', 'symlink_install': True, 'test_result_base': None}
[0.516s] Level 5:colcon.colcon_core.verb:set package 'realsense2_camera' build argument 'cmake_args' from command line to 'None'
[0.517s] Level 5:colcon.colcon_core.verb:set package 'realsense2_camera' build argument 'cmake_target' from command line to 'None'
[0.517s] Level 5:colcon.colcon_core.verb:set package 'realsense2_camera' build argument 'cmake_target_skip_unavailable' from command line to 'False'
[0.517s] Level 5:colcon.colcon_core.verb:set package 'realsense2_camera' build argument 'cmake_clean_cache' from command line to 'False'
[0.517s] Level 5:colcon.colcon_core.verb:set package 'realsense2_camera' build argument 'cmake_clean_first' from command line to 'False'
[0.517s] Level 5:colcon.colcon_core.verb:set package 'realsense2_camera' build argument 'cmake_force_configure' from command line to 'False'
[0.517s] Level 5:colcon.colcon_core.verb:set package 'realsense2_camera' build argument 'ament_cmake_args' from command line to 'None'
[0.517s] Level 5:colcon.colcon_core.verb:set package 'realsense2_camera' build argument 'catkin_cmake_args' from command line to 'None'
[0.517s] Level 5:colcon.colcon_core.verb:set package 'realsense2_camera' build argument 'catkin_skip_building_tests' from command line to 'False'
[0.517s] DEBUG:colcon.colcon_core.verb:Building package 'realsense2_camera' with the following arguments: {'ament_cmake_args': None, 'build_base': '/home/ineogi2/Biorobotics/ros2_ws/build/realsense2_camera', 'catkin_cmake_args': None, 'catkin_skip_building_tests': False, 'cmake_args': None, 'cmake_clean_cache': False, 'cmake_clean_first': False, 'cmake_force_configure': False, 'cmake_target': None, 'cmake_target_skip_unavailable': False, 'install_base': '/home/ineogi2/Biorobotics/ros2_ws/install/realsense2_camera', 'merge_install': False, 'path': '/home/ineogi2/Biorobotics/ros2_ws/src/realsense-ros/realsense2_camera', 'symlink_install': True, 'test_result_base': None}
[0.519s] Level 5:colcon.colcon_core.verb:set package 'realsense2_description' build argument 'cmake_args' from command line to 'None'
[0.519s] Level 5:colcon.colcon_core.verb:set package 'realsense2_description' build argument 'cmake_target' from command line to 'None'
[0.519s] Level 5:colcon.colcon_core.verb:set package 'realsense2_description' build argument 'cmake_target_skip_unavailable' from command line to 'False'
[0.519s] Level 5:colcon.colcon_core.verb:set package 'realsense2_description' build argument 'cmake_clean_cache' from command line to 'False'
[0.519s] Level 5:colcon.colcon_core.verb:set package 'realsense2_description' build argument 'cmake_clean_first' from command line to 'False'
[0.519s] Level 5:colcon.colcon_core.verb:set package 'realsense2_description' build argument 'cmake_force_configure' from command line to 'False'
[0.519s] Level 5:colcon.colcon_core.verb:set package 'realsense2_description' build argument 'ament_cmake_args' from command line to 'None'
[0.519s] Level 5:colcon.colcon_core.verb:set package 'realsense2_description' build argument 'catkin_cmake_args' from command line to 'None'
[0.519s] Level 5:colcon.colcon_core.verb:set package 'realsense2_description' build argument 'catkin_skip_building_tests' from command line to 'False'
[0.519s] DEBUG:colcon.colcon_core.verb:Building package 'realsense2_description' with the following arguments: {'ament_cmake_args': None, 'build_base': '/home/ineogi2/Biorobotics/ros2_ws/build/realsense2_description', 'catkin_cmake_args': None, 'catkin_skip_building_tests': False, 'cmake_args': None, 'cmake_clean_cache': False, 'cmake_clean_first': False, 'cmake_force_configure': False, 'cmake_target': None, 'cmake_target_skip_unavailable': False, 'install_base': '/home/ineogi2/Biorobotics/ros2_ws/install/realsense2_description', 'merge_install': False, 'path': '/home/ineogi2/Biorobotics/ros2_ws/src/realsense-ros/realsense2_description', 'symlink_install': True, 'test_result_base': None}
[0.520s] INFO:colcon.colcon_core.executor:Executing jobs using 'parallel' executor
[0.529s] DEBUG:colcon.colcon_parallel_executor.executor.parallel:run_until_complete
[0.530s] INFO:colcon.colcon_ros.task.ament_cmake.build:Building ROS package in '/home/ineogi2/Biorobotics/ros2_ws/src/realsense-ros/realsense2_camera_msgs' with build type 'ament_cmake'
[0.530s] INFO:colcon.colcon_cmake.task.cmake.build:Building CMake package in '/home/ineogi2/Biorobotics/ros2_ws/src/realsense-ros/realsense2_camera_msgs'
[0.539s] INFO:colcon.colcon_core.plugin_system:Skipping extension 'colcon_core.shell.bat': Not used on non-Windows systems
[0.539s] INFO:colcon.colcon_core.shell:Skip shell extension 'powershell' for command environment: Not usable outside of PowerShell
[0.539s] DEBUG:colcon.colcon_core.shell:Skip shell extension 'dsv' for command environment
[0.550s] INFO:colcon.colcon_ros.task.ament_python.build:Building ROS package in '/home/ineogi2/Biorobotics/ros2_ws/src/ros_image' with build type 'ament_python'
[0.550s] Level 1:colcon.colcon_core.shell:create_environment_hook('ros_image', 'ament_prefix_path')
[0.553s] INFO:colcon.colcon_core.shell:Creating environment hook '/home/ineogi2/Biorobotics/ros2_ws/install/ros_image/share/ros_image/hook/ament_prefix_path.ps1'
[0.555s] INFO:colcon.colcon_core.shell:Creating environment descriptor '/home/ineogi2/Biorobotics/ros2_ws/install/ros_image/share/ros_image/hook/ament_prefix_path.dsv'
[0.555s] INFO:colcon.colcon_core.shell:Creating environment hook '/home/ineogi2/Biorobotics/ros2_ws/install/ros_image/share/ros_image/hook/ament_prefix_path.sh'
[0.560s] INFO:colcon.colcon_core.shell:Skip shell extension 'powershell' for command environment: Not usable outside of PowerShell
[0.560s] DEBUG:colcon.colcon_core.shell:Skip shell extension 'dsv' for command environment
[0.576s] DEBUG:colcon.colcon_core.event_handler.log_command:Invoking command in '/home/ineogi2/Biorobotics/ros2_ws/build/realsense2_camera_msgs': CMAKE_PREFIX_PATH=${CMAKE_PREFIX_PATH}:/home/ineogi2/Biorobotics/ros2_ws/install/ros_image:/opt/ros/foxy /usr/bin/cmake --build /home/ineogi2/Biorobotics/ros2_ws/build/realsense2_camera_msgs -- -j12 -l12
[0.883s] INFO:colcon.colcon_core.task.python.build:Building Python package in '/home/ineogi2/Biorobotics/ros2_ws/src/ros_image'
[0.890s] INFO:colcon.colcon_core.shell:Skip shell extension 'powershell' for command environment: Not usable outside of PowerShell
[0.890s] DEBUG:colcon.colcon_core.shell:Skip shell extension 'dsv' for command environment
[1.703s] DEBUG:colcon.colcon_core.event_handler.log_command:Invoking command in '/home/ineogi2/Biorobotics/ros2_ws/build/ros_image': PYTHONPATH=/home/ineogi2/Biorobotics/ros2_ws/build/ros_image/prefix_override:/home/ineogi2/Biorobotics/ros2_ws/install/ros_image/lib/python3.8/site-packages:${PYTHONPATH} /usr/bin/python3 setup.py develop --editable --build-directory /home/ineogi2/Biorobotics/ros2_ws/build/ros_image/build --no-deps install_data
[2.408s] Level 1:colcon.colcon_core.shell:create_environment_hook('ros_image', 'pythonpath_develop')
[2.412s] INFO:colcon.colcon_core.shell:Creating environment hook '/home/ineogi2/Biorobotics/ros2_ws/build/ros_image/share/ros_image/hook/pythonpath_develop.ps1'
[2.412s] DEBUG:colcon.colcon_core.event_handler.log_command:Invoked command in '/home/ineogi2/Biorobotics/ros2_ws/build/ros_image' returned '0': PYTHONPATH=/home/ineogi2/Biorobotics/ros2_ws/build/ros_image/prefix_override:/home/ineogi2/Biorobotics/ros2_ws/install/ros_image/lib/python3.8/site-packages:${PYTHONPATH} /usr/bin/python3 setup.py develop --editable --build-directory /home/ineogi2/Biorobotics/ros2_ws/build/ros_image/build --no-deps install_data
[2.413s] INFO:colcon.colcon_core.shell:Creating environment descriptor '/home/ineogi2/Biorobotics/ros2_ws/build/ros_image/share/ros_image/hook/pythonpath_develop.dsv'
[2.413s] INFO:colcon.colcon_core.shell:Creating environment hook '/home/ineogi2/Biorobotics/ros2_ws/build/ros_image/share/ros_image/hook/pythonpath_develop.sh'
[2.424s] Level 1:colcon.colcon_core.environment:checking '/home/ineogi2/Biorobotics/ros2_ws/install/ros_image' for CMake module files
[2.425s] Level 1:colcon.colcon_core.environment:checking '/home/ineogi2/Biorobotics/ros2_ws/install/ros_image' for CMake config files
[2.426s] Level 1:colcon.colcon_core.environment:checking '/home/ineogi2/Biorobotics/ros2_ws/install/ros_image/lib'
[2.426s] Level 1:colcon.colcon_core.environment:checking '/home/ineogi2/Biorobotics/ros2_ws/install/ros_image/bin'
[2.426s] Level 1:colcon.colcon_core.shell:create_environment_hook('ros_image', 'path')
[2.429s] INFO:colcon.colcon_core.shell:Creating environment hook '/home/ineogi2/Biorobotics/ros2_ws/install/ros_image/share/ros_image/hook/path.ps1'
[2.430s] INFO:colcon.colcon_core.shell:Creating environment descriptor '/home/ineogi2/Biorobotics/ros2_ws/install/ros_image/share/ros_image/hook/path.dsv'
[2.430s] INFO:colcon.colcon_core.shell:Creating environment hook '/home/ineogi2/Biorobotics/ros2_ws/install/ros_image/share/ros_image/hook/path.sh'
[2.431s] Level 1:colcon.colcon_core.environment:checking '/home/ineogi2/Biorobotics/ros2_ws/install/ros_image/lib/pkgconfig/ros_image.pc'
[2.431s] Level 1:colcon.colcon_core.environment:checking '/home/ineogi2/Biorobotics/ros2_ws/install/ros_image/lib/python3.8/site-packages'
[2.431s] Level 1:colcon.colcon_core.shell:create_environment_hook('ros_image', 'pythonpath')
[2.435s] INFO:colcon.colcon_core.shell:Creating environment hook '/home/ineogi2/Biorobotics/ros2_ws/install/ros_image/share/ros_image/hook/pythonpath.ps1'
[2.435s] INFO:colcon.colcon_core.shell:Creating environment descriptor '/home/ineogi2/Biorobotics/ros2_ws/install/ros_image/share/ros_image/hook/pythonpath.dsv'
[2.436s] INFO:colcon.colcon_core.shell:Creating environment hook '/home/ineogi2/Biorobotics/ros2_ws/install/ros_image/share/ros_image/hook/pythonpath.sh'
[2.436s] Level 1:colcon.colcon_core.environment:checking '/home/ineogi2/Biorobotics/ros2_ws/install/ros_image/bin'
[2.436s] Level 1:colcon.colcon_core.shell:create_environment_hook('ros_image', 'pythonscriptspath')
[2.440s] INFO:colcon.colcon_core.shell:Creating environment hook '/home/ineogi2/Biorobotics/ros2_ws/install/ros_image/share/ros_image/hook/pythonscriptspath.ps1'
[2.440s] INFO:colcon.colcon_core.shell:Creating environment descriptor '/home/ineogi2/Biorobotics/ros2_ws/install/ros_image/share/ros_image/hook/pythonscriptspath.dsv'
[2.440s] INFO:colcon.colcon_core.shell:Creating environment hook '/home/ineogi2/Biorobotics/ros2_ws/install/ros_image/share/ros_image/hook/pythonscriptspath.sh'
[2.441s] Level 1:colcon.colcon_core.environment:create_environment_scripts_only(ros_image)
[2.445s] INFO:colcon.colcon_core.shell:Creating package script '/home/ineogi2/Biorobotics/ros2_ws/install/ros_image/share/ros_image/package.ps1'
[2.446s] INFO:colcon.colcon_core.shell:Creating package descriptor '/home/ineogi2/Biorobotics/ros2_ws/install/ros_image/share/ros_image/package.dsv'
[2.447s] INFO:colcon.colcon_core.shell:Creating package script '/home/ineogi2/Biorobotics/ros2_ws/install/ros_image/share/ros_image/package.sh'
[2.448s] INFO:colcon.colcon_core.shell:Creating package script '/home/ineogi2/Biorobotics/ros2_ws/install/ros_image/share/ros_image/package.bash'
[2.449s] INFO:colcon.colcon_core.shell:Creating package script '/home/ineogi2/Biorobotics/ros2_ws/install/ros_image/share/ros_image/package.zsh'
[2.450s] Level 1:colcon.colcon_core.environment:create_file_with_runtime_dependencies(/home/ineogi2/Biorobotics/ros2_ws/install/ros_image/share/colcon-core/packages/ros_image)
[6.794s] DEBUG:colcon.colcon_core.event_handler.log_command:Invoked command in '/home/ineogi2/Biorobotics/ros2_ws/build/realsense2_camera_msgs' returned '0': CMAKE_PREFIX_PATH=${CMAKE_PREFIX_PATH}:/home/ineogi2/Biorobotics/ros2_ws/install/ros_image:/opt/ros/foxy /usr/bin/cmake --build /home/ineogi2/Biorobotics/ros2_ws/build/realsense2_camera_msgs -- -j12 -l12
[6.899s] DEBUG:colcon.colcon_core.event_handler.log_command:Invoking command in '/home/ineogi2/Biorobotics/ros2_ws/build/realsense2_camera_msgs': CMAKE_PREFIX_PATH=${CMAKE_PREFIX_PATH}:/home/ineogi2/Biorobotics/ros2_ws/install/ros_image:/opt/ros/foxy /usr/bin/cmake --install /home/ineogi2/Biorobotics/ros2_ws/build/realsense2_camera_msgs
[7.009s] Level 1:colcon.colcon_core.environment:create_environment_scripts_only(realsense2_camera_msgs)
[7.014s] Level 1:colcon.colcon_core.environment:checking '/home/ineogi2/Biorobotics/ros2_ws/install/realsense2_camera_msgs' for CMake module files
[7.015s] DEBUG:colcon.colcon_core.event_handler.log_command:Invoked command in '/home/ineogi2/Biorobotics/ros2_ws/build/realsense2_camera_msgs' returned '0': CMAKE_PREFIX_PATH=${CMAKE_PREFIX_PATH}:/home/ineogi2/Biorobotics/ros2_ws/install/ros_image:/opt/ros/foxy /usr/bin/cmake --install /home/ineogi2/Biorobotics/ros2_ws/build/realsense2_camera_msgs
[7.016s] Level 1:colcon.colcon_core.environment:checking '/home/ineogi2/Biorobotics/ros2_ws/install/realsense2_camera_msgs' for CMake config files
[7.017s] Level 1:colcon.colcon_core.shell:create_environment_hook('realsense2_camera_msgs', 'cmake_prefix_path')
[7.020s] INFO:colcon.colcon_core.shell:Creating environment hook '/home/ineogi2/Biorobotics/ros2_ws/install/realsense2_camera_msgs/share/realsense2_camera_msgs/hook/cmake_prefix_path.ps1'
[7.020s] INFO:colcon.colcon_core.shell:Creating environment descriptor '/home/ineogi2/Biorobotics/ros2_ws/install/realsense2_camera_msgs/share/realsense2_camera_msgs/hook/cmake_prefix_path.dsv'
[7.021s] INFO:colcon.colcon_core.shell:Creating environment hook '/home/ineogi2/Biorobotics/ros2_ws/install/realsense2_camera_msgs/share/realsense2_camera_msgs/hook/cmake_prefix_path.sh'
[7.021s] Level 1:colcon.colcon_core.environment:checking '/home/ineogi2/Biorobotics/ros2_ws/install/realsense2_camera_msgs/lib'
[7.021s] Level 1:colcon.colcon_core.shell:create_environment_hook('realsense2_camera_msgs', 'ld_library_path_lib')
[7.025s] INFO:colcon.colcon_core.shell:Creating environment hook '/home/ineogi2/Biorobotics/ros2_ws/install/realsense2_camera_msgs/share/realsense2_camera_msgs/hook/ld_library_path_lib.ps1'
[7.025s] INFO:colcon.colcon_core.shell:Creating environment descriptor '/home/ineogi2/Biorobotics/ros2_ws/install/realsense2_camera_msgs/share/realsense2_camera_msgs/hook/ld_library_path_lib.dsv'
[7.025s] INFO:colcon.colcon_core.shell:Creating environment hook '/home/ineogi2/Biorobotics/ros2_ws/install/realsense2_camera_msgs/share/realsense2_camera_msgs/hook/ld_library_path_lib.sh'
[7.026s] Level 1:colcon.colcon_core.environment:checking '/home/ineogi2/Biorobotics/ros2_ws/install/realsense2_camera_msgs/bin'
[7.026s] Level 1:colcon.colcon_core.environment:checking '/home/ineogi2/Biorobotics/ros2_ws/install/realsense2_camera_msgs/lib/pkgconfig/realsense2_camera_msgs.pc'
[7.026s] Level 1:colcon.colcon_core.environment:checking '/home/ineogi2/Biorobotics/ros2_ws/install/realsense2_camera_msgs/lib/python3.8/site-packages'
[7.026s] Level 1:colcon.colcon_core.shell:create_environment_hook('realsense2_camera_msgs', 'pythonpath')
[7.029s] INFO:colcon.colcon_core.shell:Creating environment hook '/home/ineogi2/Biorobotics/ros2_ws/install/realsense2_camera_msgs/share/realsense2_camera_msgs/hook/pythonpath.ps1'
[7.030s] INFO:colcon.colcon_core.shell:Creating environment descriptor '/home/ineogi2/Biorobotics/ros2_ws/install/realsense2_camera_msgs/share/realsense2_camera_msgs/hook/pythonpath.dsv'
[7.030s] INFO:colcon.colcon_core.shell:Creating environment hook '/home/ineogi2/Biorobotics/ros2_ws/install/realsense2_camera_msgs/share/realsense2_camera_msgs/hook/pythonpath.sh'
[7.031s] Level 1:colcon.colcon_core.environment:checking '/home/ineogi2/Biorobotics/ros2_ws/install/realsense2_camera_msgs/bin'
[7.034s] INFO:colcon.colcon_core.shell:Creating package script '/home/ineogi2/Biorobotics/ros2_ws/install/realsense2_camera_msgs/share/realsense2_camera_msgs/package.ps1'
[7.034s] INFO:colcon.colcon_core.shell:Creating package descriptor '/home/ineogi2/Biorobotics/ros2_ws/install/realsense2_camera_msgs/share/realsense2_camera_msgs/package.dsv'
[7.035s] INFO:colcon.colcon_core.shell:Creating package script '/home/ineogi2/Biorobotics/ros2_ws/install/realsense2_camera_msgs/share/realsense2_camera_msgs/package.sh'
[7.036s] INFO:colcon.colcon_core.shell:Creating package script '/home/ineogi2/Biorobotics/ros2_ws/install/realsense2_camera_msgs/share/realsense2_camera_msgs/package.bash'
[7.036s] INFO:colcon.colcon_core.shell:Creating package script '/home/ineogi2/Biorobotics/ros2_ws/install/realsense2_camera_msgs/share/realsense2_camera_msgs/package.zsh'
[7.036s] Level 1:colcon.colcon_core.environment:create_file_with_runtime_dependencies(/home/ineogi2/Biorobotics/ros2_ws/install/realsense2_camera_msgs/share/colcon-core/packages/realsense2_camera_msgs)
[7.133s] Level 1:colcon.colcon_core.environment:create_environment_scripts_only(realsense2_camera_msgs)
[7.138s] Level 1:colcon.colcon_core.environment:checking '/home/ineogi2/Biorobotics/ros2_ws/install/realsense2_camera_msgs' for CMake module files
[7.138s] Level 1:colcon.colcon_core.environment:checking '/home/ineogi2/Biorobotics/ros2_ws/install/realsense2_camera_msgs' for CMake config files
[7.139s] Level 1:colcon.colcon_core.shell:create_environment_hook('realsense2_camera_msgs', 'cmake_prefix_path')
[7.142s] INFO:colcon.colcon_core.shell:Creating environment hook '/home/ineogi2/Biorobotics/ros2_ws/install/realsense2_camera_msgs/share/realsense2_camera_msgs/hook/cmake_prefix_path.ps1'
[7.143s] INFO:colcon.colcon_core.shell:Creating environment descriptor '/home/ineogi2/Biorobotics/ros2_ws/install/realsense2_camera_msgs/share/realsense2_camera_msgs/hook/cmake_prefix_path.dsv'
[7.143s] INFO:colcon.colcon_core.shell:Creating environment hook '/home/ineogi2/Biorobotics/ros2_ws/install/realsense2_camera_msgs/share/realsense2_camera_msgs/hook/cmake_prefix_path.sh'
[7.144s] Level 1:colcon.colcon_core.environment:checking '/home/ineogi2/Biorobotics/ros2_ws/install/realsense2_camera_msgs/lib'
[7.144s] Level 1:colcon.colcon_core.shell:create_environment_hook('realsense2_camera_msgs', 'ld_library_path_lib')
[7.147s] INFO:colcon.colcon_core.shell:Creating environment hook '/home/ineogi2/Biorobotics/ros2_ws/install/realsense2_camera_msgs/share/realsense2_camera_msgs/hook/ld_library_path_lib.ps1'
[7.148s] INFO:colcon.colcon_core.shell:Creating environment descriptor '/home/ineogi2/Biorobotics/ros2_ws/install/realsense2_camera_msgs/share/realsense2_camera_msgs/hook/ld_library_path_lib.dsv'
[7.148s] INFO:colcon.colcon_core.shell:Creating environment hook '/home/ineogi2/Biorobotics/ros2_ws/install/realsense2_camera_msgs/share/realsense2_camera_msgs/hook/ld_library_path_lib.sh'
[7.148s] Level 1:colcon.colcon_core.environment:checking '/home/ineogi2/Biorobotics/ros2_ws/install/realsense2_camera_msgs/bin'
[7.149s] Level 1:colcon.colcon_core.environment:checking '/home/ineogi2/Biorobotics/ros2_ws/install/realsense2_camera_msgs/lib/pkgconfig/realsense2_camera_msgs.pc'
[7.149s] Level 1:colcon.colcon_core.environment:checking '/home/ineogi2/Biorobotics/ros2_ws/install/realsense2_camera_msgs/lib/python3.8/site-packages'
[7.149s] Level 1:colcon.colcon_core.shell:create_environment_hook('realsense2_camera_msgs', 'pythonpath')
[7.152s] INFO:colcon.colcon_core.shell:Creating environment hook '/home/ineogi2/Biorobotics/ros2_ws/install/realsense2_camera_msgs/share/realsense2_camera_msgs/hook/pythonpath.ps1'
[7.152s] INFO:colcon.colcon_core.shell:Creating environment descriptor '/home/ineogi2/Biorobotics/ros2_ws/install/realsense2_camera_msgs/share/realsense2_camera_msgs/hook/pythonpath.dsv'
[7.153s] INFO:colcon.colcon_core.shell:Creating environment hook '/home/ineogi2/Biorobotics/ros2_ws/install/realsense2_camera_msgs/share/realsense2_camera_msgs/hook/pythonpath.sh'
[7.153s] Level 1:colcon.colcon_core.environment:checking '/home/ineogi2/Biorobotics/ros2_ws/install/realsense2_camera_msgs/bin'
[7.156s] INFO:colcon.colcon_core.shell:Creating package script '/home/ineogi2/Biorobotics/ros2_ws/install/realsense2_camera_msgs/share/realsense2_camera_msgs/package.ps1'
[7.157s] INFO:colcon.colcon_core.shell:Creating package descriptor '/home/ineogi2/Biorobotics/ros2_ws/install/realsense2_camera_msgs/share/realsense2_camera_msgs/package.dsv'
[7.158s] INFO:colcon.colcon_core.shell:Creating package script '/home/ineogi2/Biorobotics/ros2_ws/install/realsense2_camera_msgs/share/realsense2_camera_msgs/package.sh'
[7.158s] INFO:colcon.colcon_core.shell:Creating package script '/home/ineogi2/Biorobotics/ros2_ws/install/realsense2_camera_msgs/share/realsense2_camera_msgs/package.bash'
[7.159s] INFO:colcon.colcon_core.shell:Creating package script '/home/ineogi2/Biorobotics/ros2_ws/install/realsense2_camera_msgs/share/realsense2_camera_msgs/package.zsh'
[7.159s] Level 1:colcon.colcon_core.environment:create_file_with_runtime_dependencies(/home/ineogi2/Biorobotics/ros2_ws/install/realsense2_camera_msgs/share/colcon-core/packages/realsense2_camera_msgs)
[7.160s] INFO:colcon.colcon_ros.task.ament_cmake.build:Building ROS package in '/home/ineogi2/Biorobotics/ros2_ws/src/realsense-ros/realsense2_camera' with build type 'ament_cmake'
[7.160s] INFO:colcon.colcon_cmake.task.cmake.build:Building CMake package in '/home/ineogi2/Biorobotics/ros2_ws/src/realsense-ros/realsense2_camera'
[7.163s] INFO:colcon.colcon_core.shell:Skip shell extension 'powershell' for command environment: Not usable outside of PowerShell
[7.163s] DEBUG:colcon.colcon_core.shell:Skip shell extension 'dsv' for command environment
[7.173s] INFO:colcon.colcon_ros.task.ament_cmake.build:Building ROS package in '/home/ineogi2/Biorobotics/ros2_ws/src/realsense-ros/realsense2_description' with build type 'ament_cmake'
[7.174s] INFO:colcon.colcon_cmake.task.cmake.build:Building CMake package in '/home/ineogi2/Biorobotics/ros2_ws/src/realsense-ros/realsense2_description'
[7.177s] INFO:colcon.colcon_core.shell:Skip shell extension 'powershell' for command environment: Not usable outside of PowerShell
[7.177s] DEBUG:colcon.colcon_core.shell:Skip shell extension 'dsv' for command environment
[7.195s] DEBUG:colcon.colcon_core.event_handler.log_command:Invoking command in '/home/ineogi2/Biorobotics/ros2_ws/build/realsense2_camera': CMAKE_PREFIX_PATH=/home/ineogi2/Biorobotics/ros2_ws/install/realsense2_camera_msgs:/home/ineogi2/micro_ws/install/micro_ros_setup:/home/ineogi2/micro_ws/install/micro_ros_agent:/home/ineogi2/micro_ws/install/micro_ros_msgs:/home/ineogi2/Biorobotics/ros2_ws/install/realsense2_description:/home/ineogi2/Biorobotics/ros2_ws/install/realsense2_camera:/home/ineogi2/Biorobotics/ros2_ws/install/ros_image:/opt/ros/foxy LD_LIBRARY_PATH=/home/ineogi2/Biorobotics/ros2_ws/install/realsense2_camera_msgs/lib:/usr/local/cuda-11.3/lib64:/home/ineogi2/micro_ws/install/micro_ros_agent/lib:/home/ineogi2/micro_ws/install/micro_ros_msgs/lib:/home/ineogi2/Biorobotics/ros2_ws/install/realsense2_camera/lib:/opt/ros/foxy/opt/yaml_cpp_vendor/lib:/opt/ros/foxy/opt/rviz_ogre_vendor/lib:/opt/ros/foxy/lib/x86_64-linux-gnu:/opt/ros/foxy/lib PYTHONPATH=/home/ineogi2/Biorobotics/ros2_ws/install/realsense2_camera_msgs/lib/python3.8/site-packages:/home/ineogi2/micro_ws/install/micro_ros_msgs/lib/python3.8/site-packages:/home/ineogi2/Biorobotics/ros2_ws/build/ros_image:/home/ineogi2/Biorobotics/ros2_ws/install/ros_image/lib/python3.8/site-packages:/opt/ros/foxy/lib/python3.8/site-packages /usr/bin/cmake --build /home/ineogi2/Biorobotics/ros2_ws/build/realsense2_camera -- -j12 -l12
[7.199s] DEBUG:colcon.colcon_core.event_handler.log_command:Invoking command in '/home/ineogi2/Biorobotics/ros2_ws/build/realsense2_description': CMAKE_PREFIX_PATH=/home/ineogi2/Biorobotics/ros2_ws/install/realsense2_camera_msgs:/home/ineogi2/micro_ws/install/micro_ros_setup:/home/ineogi2/micro_ws/install/micro_ros_agent:/home/ineogi2/micro_ws/install/micro_ros_msgs:/home/ineogi2/Biorobotics/ros2_ws/install/realsense2_description:/home/ineogi2/Biorobotics/ros2_ws/install/realsense2_camera:/home/ineogi2/Biorobotics/ros2_ws/install/ros_image:/opt/ros/foxy LD_LIBRARY_PATH=/home/ineogi2/Biorobotics/ros2_ws/install/realsense2_camera_msgs/lib:/usr/local/cuda-11.3/lib64:/home/ineogi2/micro_ws/install/micro_ros_agent/lib:/home/ineogi2/micro_ws/install/micro_ros_msgs/lib:/home/ineogi2/Biorobotics/ros2_ws/install/realsense2_camera/lib:/opt/ros/foxy/opt/yaml_cpp_vendor/lib:/opt/ros/foxy/opt/rviz_ogre_vendor/lib:/opt/ros/foxy/lib/x86_64-linux-gnu:/opt/ros/foxy/lib PYTHONPATH=/home/ineogi2/Biorobotics/ros2_ws/install/realsense2_camera_msgs/lib/python3.8/site-packages:/home/ineogi2/micro_ws/install/micro_ros_msgs/lib/python3.8/site-packages:/home/ineogi2/Biorobotics/ros2_ws/build/ros_image:/home/ineogi2/Biorobotics/ros2_ws/install/ros_image/lib/python3.8/site-packages:/opt/ros/foxy/lib/python3.8/site-packages /usr/bin/cmake --build /home/ineogi2/Biorobotics/ros2_ws/build/realsense2_description -- -j12 -l12
[7.630s] DEBUG:colcon.colcon_core.event_handler.log_command:Invoked command in '/home/ineogi2/Biorobotics/ros2_ws/build/realsense2_description' returned '0': CMAKE_PREFIX_PATH=/home/ineogi2/Biorobotics/ros2_ws/install/realsense2_camera_msgs:/home/ineogi2/micro_ws/install/micro_ros_setup:/home/ineogi2/micro_ws/install/micro_ros_agent:/home/ineogi2/micro_ws/install/micro_ros_msgs:/home/ineogi2/Biorobotics/ros2_ws/install/realsense2_description:/home/ineogi2/Biorobotics/ros2_ws/install/realsense2_camera:/home/ineogi2/Biorobotics/ros2_ws/install/ros_image:/opt/ros/foxy LD_LIBRARY_PATH=/home/ineogi2/Biorobotics/ros2_ws/install/realsense2_camera_msgs/lib:/usr/local/cuda-11.3/lib64:/home/ineogi2/micro_ws/install/micro_ros_agent/lib:/home/ineogi2/micro_ws/install/micro_ros_msgs/lib:/home/ineogi2/Biorobotics/ros2_ws/install/realsense2_camera/lib:/opt/ros/foxy/opt/yaml_cpp_vendor/lib:/opt/ros/foxy/opt/rviz_ogre_vendor/lib:/opt/ros/foxy/lib/x86_64-linux-gnu:/opt/ros/foxy/lib PYTHONPATH=/home/ineogi2/Biorobotics/ros2_ws/install/realsense2_camera_msgs/lib/python3.8/site-packages:/home/ineogi2/micro_ws/install/micro_ros_msgs/lib/python3.8/site-packages:/home/ineogi2/Biorobotics/ros2_ws/build/ros_image:/home/ineogi2/Biorobotics/ros2_ws/install/ros_image/lib/python3.8/site-packages:/opt/ros/foxy/lib/python3.8/site-packages /usr/bin/cmake --build /home/ineogi2/Biorobotics/ros2_ws/build/realsense2_description -- -j12 -l12
[7.655s] DEBUG:colcon.colcon_core.event_handler.log_command:Invoking command in '/home/ineogi2/Biorobotics/ros2_ws/build/realsense2_description': CMAKE_PREFIX_PATH=/home/ineogi2/Biorobotics/ros2_ws/install/realsense2_camera_msgs:/home/ineogi2/micro_ws/install/micro_ros_setup:/home/ineogi2/micro_ws/install/micro_ros_agent:/home/ineogi2/micro_ws/install/micro_ros_msgs:/home/ineogi2/Biorobotics/ros2_ws/install/realsense2_description:/home/ineogi2/Biorobotics/ros2_ws/install/realsense2_camera:/home/ineogi2/Biorobotics/ros2_ws/install/ros_image:/opt/ros/foxy LD_LIBRARY_PATH=/home/ineogi2/Biorobotics/ros2_ws/install/realsense2_camera_msgs/lib:/usr/local/cuda-11.3/lib64:/home/ineogi2/micro_ws/install/micro_ros_agent/lib:/home/ineogi2/micro_ws/install/micro_ros_msgs/lib:/home/ineogi2/Biorobotics/ros2_ws/install/realsense2_camera/lib:/opt/ros/foxy/opt/yaml_cpp_vendor/lib:/opt/ros/foxy/opt/rviz_ogre_vendor/lib:/opt/ros/foxy/lib/x86_64-linux-gnu:/opt/ros/foxy/lib PYTHONPATH=/home/ineogi2/Biorobotics/ros2_ws/install/realsense2_camera_msgs/lib/python3.8/site-packages:/home/ineogi2/micro_ws/install/micro_ros_msgs/lib/python3.8/site-packages:/home/ineogi2/Biorobotics/ros2_ws/build/ros_image:/home/ineogi2/Biorobotics/ros2_ws/install/ros_image/lib/python3.8/site-packages:/opt/ros/foxy/lib/python3.8/site-packages /usr/bin/cmake --install /home/ineogi2/Biorobotics/ros2_ws/build/realsense2_description
[7.686s] Level 1:colcon.colcon_core.environment:create_environment_scripts_only(realsense2_description)
[7.691s] Level 1:colcon.colcon_core.environment:checking '/home/ineogi2/Biorobotics/ros2_ws/install/realsense2_description' for CMake module files
[7.692s] DEBUG:colcon.colcon_core.event_handler.log_command:Invoked command in '/home/ineogi2/Biorobotics/ros2_ws/build/realsense2_description' returned '0': CMAKE_PREFIX_PATH=/home/ineogi2/Biorobotics/ros2_ws/install/realsense2_camera_msgs:/home/ineogi2/micro_ws/install/micro_ros_setup:/home/ineogi2/micro_ws/install/micro_ros_agent:/home/ineogi2/micro_ws/install/micro_ros_msgs:/home/ineogi2/Biorobotics/ros2_ws/install/realsense2_description:/home/ineogi2/Biorobotics/ros2_ws/install/realsense2_camera:/home/ineogi2/Biorobotics/ros2_ws/install/ros_image:/opt/ros/foxy LD_LIBRARY_PATH=/home/ineogi2/Biorobotics/ros2_ws/install/realsense2_camera_msgs/lib:/usr/local/cuda-11.3/lib64:/home/ineogi2/micro_ws/install/micro_ros_agent/lib:/home/ineogi2/micro_ws/install/micro_ros_msgs/lib:/home/ineogi2/Biorobotics/ros2_ws/install/realsense2_camera/lib:/opt/ros/foxy/opt/yaml_cpp_vendor/lib:/opt/ros/foxy/opt/rviz_ogre_vendor/lib:/opt/ros/foxy/lib/x86_64-linux-gnu:/opt/ros/foxy/lib PYTHONPATH=/home/ineogi2/Biorobotics/ros2_ws/install/realsense2_camera_msgs/lib/python3.8/site-packages:/home/ineogi2/micro_ws/install/micro_ros_msgs/lib/python3.8/site-packages:/home/ineogi2/Biorobotics/ros2_ws/build/ros_image:/home/ineogi2/Biorobotics/ros2_ws/install/ros_image/lib/python3.8/site-packages:/opt/ros/foxy/lib/python3.8/site-packages /usr/bin/cmake --install /home/ineogi2/Biorobotics/ros2_ws/build/realsense2_description
[7.692s] Level 1:colcon.colcon_core.environment:checking '/home/ineogi2/Biorobotics/ros2_ws/install/realsense2_description' for CMake config files
[7.693s] Level 1:colcon.colcon_core.shell:create_environment_hook('realsense2_description', 'cmake_prefix_path')
[7.696s] INFO:colcon.colcon_core.shell:Creating environment hook '/home/ineogi2/Biorobotics/ros2_ws/install/realsense2_description/share/realsense2_description/hook/cmake_prefix_path.ps1'
[7.696s] INFO:colcon.colcon_core.shell:Creating environment descriptor '/home/ineogi2/Biorobotics/ros2_ws/install/realsense2_description/share/realsense2_description/hook/cmake_prefix_path.dsv'
[7.697s] INFO:colcon.colcon_core.shell:Creating environment hook '/home/ineogi2/Biorobotics/ros2_ws/install/realsense2_description/share/realsense2_description/hook/cmake_prefix_path.sh'
[7.697s] Level 1:colcon.colcon_core.environment:checking '/home/ineogi2/Biorobotics/ros2_ws/install/realsense2_description/bin'
[7.697s] Level 1:colcon.colcon_core.environment:checking '/home/ineogi2/Biorobotics/ros2_ws/install/realsense2_description/lib/pkgconfig/realsense2_description.pc'
[7.698s] Level 1:colcon.colcon_core.environment:checking '/home/ineogi2/Biorobotics/ros2_ws/install/realsense2_description/lib/python3.8/site-packages'
[7.698s] Level 1:colcon.colcon_core.environment:checking '/home/ineogi2/Biorobotics/ros2_ws/install/realsense2_description/bin'
[7.701s] INFO:colcon.colcon_core.shell:Creating package script '/home/ineogi2/Biorobotics/ros2_ws/install/realsense2_description/share/realsense2_description/package.ps1'
[7.702s] INFO:colcon.colcon_core.shell:Creating package descriptor '/home/ineogi2/Biorobotics/ros2_ws/install/realsense2_description/share/realsense2_description/package.dsv'
[7.702s] INFO:colcon.colcon_core.shell:Creating package script '/home/ineogi2/Biorobotics/ros2_ws/install/realsense2_description/share/realsense2_description/package.sh'
[7.703s] INFO:colcon.colcon_core.shell:Creating package script '/home/ineogi2/Biorobotics/ros2_ws/install/realsense2_description/share/realsense2_description/package.bash'
[7.703s] INFO:colcon.colcon_core.shell:Creating package script '/home/ineogi2/Biorobotics/ros2_ws/install/realsense2_description/share/realsense2_description/package.zsh'
[7.703s] Level 1:colcon.colcon_core.environment:create_file_with_runtime_dependencies(/home/ineogi2/Biorobotics/ros2_ws/install/realsense2_description/share/colcon-core/packages/realsense2_description)
[7.729s] Level 1:colcon.colcon_core.environment:create_environment_scripts_only(realsense2_description)
[7.733s] Level 1:colcon.colcon_core.environment:checking '/home/ineogi2/Biorobotics/ros2_ws/install/realsense2_description' for CMake module files
[7.734s] Level 1:colcon.colcon_core.environment:checking '/home/ineogi2/Biorobotics/ros2_ws/install/realsense2_description' for CMake config files
[7.735s] Level 1:colcon.colcon_core.shell:create_environment_hook('realsense2_description', 'cmake_prefix_path')
[7.738s] INFO:colcon.colcon_core.shell:Creating environment hook '/home/ineogi2/Biorobotics/ros2_ws/install/realsense2_description/share/realsense2_description/hook/cmake_prefix_path.ps1'
[7.738s] INFO:colcon.colcon_core.shell:Creating environment descriptor '/home/ineogi2/Biorobotics/ros2_ws/install/realsense2_description/share/realsense2_description/hook/cmake_prefix_path.dsv'
[7.739s] INFO:colcon.colcon_core.shell:Creating environment hook '/home/ineogi2/Biorobotics/ros2_ws/install/realsense2_description/share/realsense2_description/hook/cmake_prefix_path.sh'
[7.739s] Level 1:colcon.colcon_core.environment:checking '/home/ineogi2/Biorobotics/ros2_ws/install/realsense2_description/bin'
[7.740s] Level 1:colcon.colcon_core.environment:checking '/home/ineogi2/Biorobotics/ros2_ws/install/realsense2_description/lib/pkgconfig/realsense2_description.pc'
[7.740s] Level 1:colcon.colcon_core.environment:checking '/home/ineogi2/Biorobotics/ros2_ws/install/realsense2_description/lib/python3.8/site-packages'
[7.740s] Level 1:colcon.colcon_core.environment:checking '/home/ineogi2/Biorobotics/ros2_ws/install/realsense2_description/bin'
[7.743s] INFO:colcon.colcon_core.shell:Creating package script '/home/ineogi2/Biorobotics/ros2_ws/install/realsense2_description/share/realsense2_description/package.ps1'
[7.744s] INFO:colcon.colcon_core.shell:Creating package descriptor '/home/ineogi2/Biorobotics/ros2_ws/install/realsense2_description/share/realsense2_description/package.dsv'
[7.744s] INFO:colcon.colcon_core.shell:Creating package script '/home/ineogi2/Biorobotics/ros2_ws/install/realsense2_description/share/realsense2_description/package.sh'
[7.745s] INFO:colcon.colcon_core.shell:Creating package script '/home/ineogi2/Biorobotics/ros2_ws/install/realsense2_description/share/realsense2_description/package.bash'
[7.745s] INFO:colcon.colcon_core.shell:Creating package script '/home/ineogi2/Biorobotics/ros2_ws/install/realsense2_description/share/realsense2_description/package.zsh'
[7.746s] Level 1:colcon.colcon_core.environment:create_file_with_runtime_dependencies(/home/ineogi2/Biorobotics/ros2_ws/install/realsense2_description/share/colcon-core/packages/realsense2_description)
[34.065s] DEBUG:colcon.colcon_core.event_handler.log_command:Invoked command in '/home/ineogi2/Biorobotics/ros2_ws/build/realsense2_camera' returned '0': CMAKE_PREFIX_PATH=/home/ineogi2/Biorobotics/ros2_ws/install/realsense2_camera_msgs:/home/ineogi2/micro_ws/install/micro_ros_setup:/home/ineogi2/micro_ws/install/micro_ros_agent:/home/ineogi2/micro_ws/install/micro_ros_msgs:/home/ineogi2/Biorobotics/ros2_ws/install/realsense2_description:/home/ineogi2/Biorobotics/ros2_ws/install/realsense2_camera:/home/ineogi2/Biorobotics/ros2_ws/install/ros_image:/opt/ros/foxy LD_LIBRARY_PATH=/home/ineogi2/Biorobotics/ros2_ws/install/realsense2_camera_msgs/lib:/usr/local/cuda-11.3/lib64:/home/ineogi2/micro_ws/install/micro_ros_agent/lib:/home/ineogi2/micro_ws/install/micro_ros_msgs/lib:/home/ineogi2/Biorobotics/ros2_ws/install/realsense2_camera/lib:/opt/ros/foxy/opt/yaml_cpp_vendor/lib:/opt/ros/foxy/opt/rviz_ogre_vendor/lib:/opt/ros/foxy/lib/x86_64-linux-gnu:/opt/ros/foxy/lib PYTHONPATH=/home/ineogi2/Biorobotics/ros2_ws/install/realsense2_camera_msgs/lib/python3.8/site-packages:/home/ineogi2/micro_ws/install/micro_ros_msgs/lib/python3.8/site-packages:/home/ineogi2/Biorobotics/ros2_ws/build/ros_image:/home/ineogi2/Biorobotics/ros2_ws/install/ros_image/lib/python3.8/site-packages:/opt/ros/foxy/lib/python3.8/site-packages /usr/bin/cmake --build /home/ineogi2/Biorobotics/ros2_ws/build/realsense2_camera -- -j12 -l12
[34.118s] DEBUG:colcon.colcon_core.event_handler.log_command:Invoking command in '/home/ineogi2/Biorobotics/ros2_ws/build/realsense2_camera': CMAKE_PREFIX_PATH=/home/ineogi2/Biorobotics/ros2_ws/install/realsense2_camera_msgs:/home/ineogi2/micro_ws/install/micro_ros_setup:/home/ineogi2/micro_ws/install/micro_ros_agent:/home/ineogi2/micro_ws/install/micro_ros_msgs:/home/ineogi2/Biorobotics/ros2_ws/install/realsense2_description:/home/ineogi2/Biorobotics/ros2_ws/install/realsense2_camera:/home/ineogi2/Biorobotics/ros2_ws/install/ros_image:/opt/ros/foxy LD_LIBRARY_PATH=/home/ineogi2/Biorobotics/ros2_ws/install/realsense2_camera_msgs/lib:/usr/local/cuda-11.3/lib64:/home/ineogi2/micro_ws/install/micro_ros_agent/lib:/home/ineogi2/micro_ws/install/micro_ros_msgs/lib:/home/ineogi2/Biorobotics/ros2_ws/install/realsense2_camera/lib:/opt/ros/foxy/opt/yaml_cpp_vendor/lib:/opt/ros/foxy/opt/rviz_ogre_vendor/lib:/opt/ros/foxy/lib/x86_64-linux-gnu:/opt/ros/foxy/lib PYTHONPATH=/home/ineogi2/Biorobotics/ros2_ws/install/realsense2_camera_msgs/lib/python3.8/site-packages:/home/ineogi2/micro_ws/install/micro_ros_msgs/lib/python3.8/site-packages:/home/ineogi2/Biorobotics/ros2_ws/build/ros_image:/home/ineogi2/Biorobotics/ros2_ws/install/ros_image/lib/python3.8/site-packages:/opt/ros/foxy/lib/python3.8/site-packages /usr/bin/cmake --install /home/ineogi2/Biorobotics/ros2_ws/build/realsense2_camera
[34.156s] Level 1:colcon.colcon_core.environment:create_environment_scripts_only(realsense2_camera)
[34.161s] Level 1:colcon.colcon_core.environment:checking '/home/ineogi2/Biorobotics/ros2_ws/install/realsense2_camera' for CMake module files
[34.161s] DEBUG:colcon.colcon_core.event_handler.log_command:Invoked command in '/home/ineogi2/Biorobotics/ros2_ws/build/realsense2_camera' returned '0': CMAKE_PREFIX_PATH=/home/ineogi2/Biorobotics/ros2_ws/install/realsense2_camera_msgs:/home/ineogi2/micro_ws/install/micro_ros_setup:/home/ineogi2/micro_ws/install/micro_ros_agent:/home/ineogi2/micro_ws/install/micro_ros_msgs:/home/ineogi2/Biorobotics/ros2_ws/install/realsense2_description:/home/ineogi2/Biorobotics/ros2_ws/install/realsense2_camera:/home/ineogi2/Biorobotics/ros2_ws/install/ros_image:/opt/ros/foxy LD_LIBRARY_PATH=/home/ineogi2/Biorobotics/ros2_ws/install/realsense2_camera_msgs/lib:/usr/local/cuda-11.3/lib64:/home/ineogi2/micro_ws/install/micro_ros_agent/lib:/home/ineogi2/micro_ws/install/micro_ros_msgs/lib:/home/ineogi2/Biorobotics/ros2_ws/install/realsense2_camera/lib:/opt/ros/foxy/opt/yaml_cpp_vendor/lib:/opt/ros/foxy/opt/rviz_ogre_vendor/lib:/opt/ros/foxy/lib/x86_64-linux-gnu:/opt/ros/foxy/lib PYTHONPATH=/home/ineogi2/Biorobotics/ros2_ws/install/realsense2_camera_msgs/lib/python3.8/site-packages:/home/ineogi2/micro_ws/install/micro_ros_msgs/lib/python3.8/site-packages:/home/ineogi2/Biorobotics/ros2_ws/build/ros_image:/home/ineogi2/Biorobotics/ros2_ws/install/ros_image/lib/python3.8/site-packages:/opt/ros/foxy/lib/python3.8/site-packages /usr/bin/cmake --install /home/ineogi2/Biorobotics/ros2_ws/build/realsense2_camera
[34.162s] Level 1:colcon.colcon_core.environment:checking '/home/ineogi2/Biorobotics/ros2_ws/install/realsense2_camera' for CMake config files
[34.162s] Level 1:colcon.colcon_core.shell:create_environment_hook('realsense2_camera', 'cmake_prefix_path')
[34.165s] INFO:colcon.colcon_core.shell:Creating environment hook '/home/ineogi2/Biorobotics/ros2_ws/install/realsense2_camera/share/realsense2_camera/hook/cmake_prefix_path.ps1'
[34.166s] INFO:colcon.colcon_core.shell:Creating environment descriptor '/home/ineogi2/Biorobotics/ros2_ws/install/realsense2_camera/share/realsense2_camera/hook/cmake_prefix_path.dsv'
[34.166s] INFO:colcon.colcon_core.shell:Creating environment hook '/home/ineogi2/Biorobotics/ros2_ws/install/realsense2_camera/share/realsense2_camera/hook/cmake_prefix_path.sh'
[34.167s] Level 1:colcon.colcon_core.environment:checking '/home/ineogi2/Biorobotics/ros2_ws/install/realsense2_camera/lib'
[34.167s] Level 1:colcon.colcon_core.shell:create_environment_hook('realsense2_camera', 'ld_library_path_lib')
[34.170s] INFO:colcon.colcon_core.shell:Creating environment hook '/home/ineogi2/Biorobotics/ros2_ws/install/realsense2_camera/share/realsense2_camera/hook/ld_library_path_lib.ps1'
[34.171s] INFO:colcon.colcon_core.shell:Creating environment descriptor '/home/ineogi2/Biorobotics/ros2_ws/install/realsense2_camera/share/realsense2_camera/hook/ld_library_path_lib.dsv'
[34.171s] INFO:colcon.colcon_core.shell:Creating environment hook '/home/ineogi2/Biorobotics/ros2_ws/install/realsense2_camera/share/realsense2_camera/hook/ld_library_path_lib.sh'
[34.171s] Level 1:colcon.colcon_core.environment:checking '/home/ineogi2/Biorobotics/ros2_ws/install/realsense2_camera/bin'
[34.171s] Level 1:colcon.colcon_core.environment:checking '/home/ineogi2/Biorobotics/ros2_ws/install/realsense2_camera/lib/pkgconfig/realsense2_camera.pc'
[34.172s] Level 1:colcon.colcon_core.environment:checking '/home/ineogi2/Biorobotics/ros2_ws/install/realsense2_camera/lib/python3.8/site-packages'
[34.172s] Level 1:colcon.colcon_core.environment:checking '/home/ineogi2/Biorobotics/ros2_ws/install/realsense2_camera/bin'
[34.175s] INFO:colcon.colcon_core.shell:Creating package script '/home/ineogi2/Biorobotics/ros2_ws/install/realsense2_camera/share/realsense2_camera/package.ps1'
[34.176s] INFO:colcon.colcon_core.shell:Creating package descriptor '/home/ineogi2/Biorobotics/ros2_ws/install/realsense2_camera/share/realsense2_camera/package.dsv'
[34.176s] INFO:colcon.colcon_core.shell:Creating package script '/home/ineogi2/Biorobotics/ros2_ws/install/realsense2_camera/share/realsense2_camera/package.sh'
[34.177s] INFO:colcon.colcon_core.shell:Creating package script '/home/ineogi2/Biorobotics/ros2_ws/install/realsense2_camera/share/realsense2_camera/package.bash'
[34.177s] INFO:colcon.colcon_core.shell:Creating package script '/home/ineogi2/Biorobotics/ros2_ws/install/realsense2_camera/share/realsense2_camera/package.zsh'
[34.178s] Level 1:colcon.colcon_core.environment:create_file_with_runtime_dependencies(/home/ineogi2/Biorobotics/ros2_ws/install/realsense2_camera/share/colcon-core/packages/realsense2_camera)
[34.229s] Level 1:colcon.colcon_core.environment:create_environment_scripts_only(realsense2_camera)
[34.233s] Level 1:colcon.colcon_core.environment:checking '/home/ineogi2/Biorobotics/ros2_ws/install/realsense2_camera' for CMake module files
[34.234s] Level 1:colcon.colcon_core.environment:checking '/home/ineogi2/Biorobotics/ros2_ws/install/realsense2_camera' for CMake config files
[34.234s] Level 1:colcon.colcon_core.shell:create_environment_hook('realsense2_camera', 'cmake_prefix_path')
[34.237s] INFO:colcon.colcon_core.shell:Creating environment hook '/home/ineogi2/Biorobotics/ros2_ws/install/realsense2_camera/share/realsense2_camera/hook/cmake_prefix_path.ps1'
[34.238s] INFO:colcon.colcon_core.shell:Creating environment descriptor '/home/ineogi2/Biorobotics/ros2_ws/install/realsense2_camera/share/realsense2_camera/hook/cmake_prefix_path.dsv'
[34.238s] INFO:colcon.colcon_core.shell:Creating environment hook '/home/ineogi2/Biorobotics/ros2_ws/install/realsense2_camera/share/realsense2_camera/hook/cmake_prefix_path.sh'
[34.239s] Level 1:colcon.colcon_core.environment:checking '/home/ineogi2/Biorobotics/ros2_ws/install/realsense2_camera/lib'
[34.239s] Level 1:colcon.colcon_core.shell:create_environment_hook('realsense2_camera', 'ld_library_path_lib')
[34.242s] INFO:colcon.colcon_core.shell:Creating environment hook '/home/ineogi2/Biorobotics/ros2_ws/install/realsense2_camera/share/realsense2_camera/hook/ld_library_path_lib.ps1'
[34.242s] INFO:colcon.colcon_core.shell:Creating environment descriptor '/home/ineogi2/Biorobotics/ros2_ws/install/realsense2_camera/share/realsense2_camera/hook/ld_library_path_lib.dsv'
[34.243s] INFO:colcon.colcon_core.shell:Creating environment hook '/home/ineogi2/Biorobotics/ros2_ws/install/realsense2_camera/share/realsense2_camera/hook/ld_library_path_lib.sh'
[34.243s] Level 1:colcon.colcon_core.environment:checking '/home/ineogi2/Biorobotics/ros2_ws/install/realsense2_camera/bin'
[34.243s] Level 1:colcon.colcon_core.environment:checking '/home/ineogi2/Biorobotics/ros2_ws/install/realsense2_camera/lib/pkgconfig/realsense2_camera.pc'
[34.243s] Level 1:colcon.colcon_core.environment:checking '/home/ineogi2/Biorobotics/ros2_ws/install/realsense2_camera/lib/python3.8/site-packages'
[34.244s] Level 1:colcon.colcon_core.environment:checking '/home/ineogi2/Biorobotics/ros2_ws/install/realsense2_camera/bin'
[34.247s] INFO:colcon.colcon_core.shell:Creating package script '/home/ineogi2/Biorobotics/ros2_ws/install/realsense2_camera/share/realsense2_camera/package.ps1'
[34.247s] INFO:colcon.colcon_core.shell:Creating package descriptor '/home/ineogi2/Biorobotics/ros2_ws/install/realsense2_camera/share/realsense2_camera/package.dsv'
[34.248s] INFO:colcon.colcon_core.shell:Creating package script '/home/ineogi2/Biorobotics/ros2_ws/install/realsense2_camera/share/realsense2_camera/package.sh'
[34.249s] INFO:colcon.colcon_core.shell:Creating package script '/home/ineogi2/Biorobotics/ros2_ws/install/realsense2_camera/share/realsense2_camera/package.bash'
[34.249s] INFO:colcon.colcon_core.shell:Creating package script '/home/ineogi2/Biorobotics/ros2_ws/install/realsense2_camera/share/realsense2_camera/package.zsh'
[34.249s] Level 1:colcon.colcon_core.environment:create_file_with_runtime_dependencies(/home/ineogi2/Biorobotics/ros2_ws/install/realsense2_camera/share/colcon-core/packages/realsense2_camera)
[34.250s] DEBUG:colcon.colcon_parallel_executor.executor.parallel:closing loop
[34.250s] DEBUG:colcon.colcon_parallel_executor.executor.parallel:loop closed
[34.250s] DEBUG:colcon.colcon_parallel_executor.executor.parallel:run_until_complete finished with '0'
[34.250s] DEBUG:colcon.colcon_core.event_reactor:joining thread
[34.262s] INFO:colcon.colcon_core.plugin_system:Skipping extension 'colcon_notification.desktop_notification.terminal_notifier': Not used on non-Darwin systems
[34.262s] INFO:colcon.colcon_core.plugin_system:Skipping extension 'colcon_notification.desktop_notification.win32': Not used on non-Windows systems
[34.262s] INFO:colcon.colcon_notification.desktop_notification:Sending desktop notification using 'notify2'
[34.292s] DEBUG:colcon.colcon_core.event_reactor:joined thread
[34.296s] INFO:colcon.colcon_core.shell:Creating prefix script '/home/ineogi2/Biorobotics/ros2_ws/install/local_setup.ps1'
[34.297s] INFO:colcon.colcon_core.shell:Creating prefix util module '/home/ineogi2/Biorobotics/ros2_ws/install/_local_setup_util_ps1.py'
[34.299s] INFO:colcon.colcon_core.shell:Creating prefix chain script '/home/ineogi2/Biorobotics/ros2_ws/install/setup.ps1'
[34.301s] INFO:colcon.colcon_core.shell:Creating prefix script '/home/ineogi2/Biorobotics/ros2_ws/install/local_setup.sh'
[34.302s] INFO:colcon.colcon_core.shell:Creating prefix util module '/home/ineogi2/Biorobotics/ros2_ws/install/_local_setup_util_sh.py'
[34.302s] INFO:colcon.colcon_core.shell:Creating prefix chain script '/home/ineogi2/Biorobotics/ros2_ws/install/setup.sh'
[34.305s] INFO:colcon.colcon_core.shell:Creating prefix script '/home/ineogi2/Biorobotics/ros2_ws/install/local_setup.bash'
[34.305s] INFO:colcon.colcon_core.shell:Creating prefix chain script '/home/ineogi2/Biorobotics/ros2_ws/install/setup.bash'
[34.307s] INFO:colcon.colcon_core.shell:Creating prefix script '/home/ineogi2/Biorobotics/ros2_ws/install/local_setup.zsh'
[34.308s] INFO:colcon.colcon_core.shell:Creating prefix chain script '/home/ineogi2/Biorobotics/ros2_ws/install/setup.zsh'
