[0.016s] Invoking command in '/home/ineogi2/ros2_ws/build/micro_ros_msgs': CMAKE_PREFIX_PATH=${CMAKE_PREFIX_PATH}:/opt/ros/foxy /usr/bin/cmake /home/ineogi2/ros2_ws/src/uros/micro_ros_msgs -DUAGENT_BUILD_EXECUTABLE=OFF -DUAGENT_P2P_PROFILE=OFF --no-warn-unused-cli -DCMAKE_INSTALL_PREFIX=/home/ineogi2/ros2_ws/install/micro_ros_msgs
[0.025s] Not searching for unused variables given on the command line.
[0.033s] -- Found ament_cmake: 0.9.9 (/opt/ros/foxy/share/ament_cmake/cmake)
[0.059s] -- Found PythonInterp: /usr/bin/python3 (found suitable version "3.8.10", minimum required is "3") 
[0.059s] -- Using PYTHON_EXECUTABLE: /usr/bin/python3
[0.271s] -- Override CMake install command with custom implementation using symlinks instead of copying resources
[0.280s] -- Found rosidl_default_generators: 1.0.1 (/opt/ros/foxy/share/rosidl_default_generators/cmake)
[0.283s] -- Using all available rosidl_typesupport_c: rosidl_typesupport_fastrtps_c;rosidl_typesupport_introspection_c
[0.288s] -- Found rosidl_adapter: 1.2.1 (/opt/ros/foxy/share/rosidl_adapter/cmake)
[0.448s] -- Using all available rosidl_typesupport_cpp: rosidl_typesupport_fastrtps_cpp;rosidl_typesupport_introspection_cpp
[0.479s] -- Found ament_lint_auto: 0.9.6 (/opt/ros/foxy/share/ament_lint_auto/cmake)
[0.576s] -- Found PythonInterp: /usr/bin/python3 (found version "3.8.10") 
[0.662s] -- Found ament_cmake_ros: 0.9.2 (/opt/ros/foxy/share/ament_cmake_ros/cmake)
[0.773s] -- Using all available rosidl_typesupport_c: rosidl_typesupport_fastrtps_c;rosidl_typesupport_introspection_c
[0.783s] -- Using all available rosidl_typesupport_cpp: rosidl_typesupport_fastrtps_cpp;rosidl_typesupport_introspection_cpp
[0.810s] -- Found PythonInterp: /usr/bin/python3 (found suitable version "3.8.10", minimum required is "3.5") 
[0.811s] -- Found python_cmake_module: 0.8.1 (/opt/ros/foxy/share/python_cmake_module/cmake)
[0.839s] -- Using PYTHON_EXECUTABLE: /usr/bin/python3
[0.839s] -- Using PYTHON_INCLUDE_DIRS: /usr/include/python3.8
[0.839s] -- Using PYTHON_LIBRARIES: /usr/lib/x86_64-linux-gnu/libpython3.8.so
[0.865s] -- Added test 'copyright' to check source files copyright and LICENSE
[0.876s] -- Added test 'lint_cmake' to check CMake code style
[0.882s] -- Added test 'xmllint' to check XML markup files
[0.890s] -- Configuring done
[0.927s] -- Generating done
[0.931s] -- Build files have been written to: /home/ineogi2/ros2_ws/build/micro_ros_msgs
[0.938s] Invoked command in '/home/ineogi2/ros2_ws/build/micro_ros_msgs' returned '0': CMAKE_PREFIX_PATH=${CMAKE_PREFIX_PATH}:/opt/ros/foxy /usr/bin/cmake /home/ineogi2/ros2_ws/src/uros/micro_ros_msgs -DUAGENT_BUILD_EXECUTABLE=OFF -DUAGENT_P2P_PROFILE=OFF --no-warn-unused-cli -DCMAKE_INSTALL_PREFIX=/home/ineogi2/ros2_ws/install/micro_ros_msgs
[0.941s] Invoking command in '/home/ineogi2/ros2_ws/build/micro_ros_msgs': CMAKE_PREFIX_PATH=${CMAKE_PREFIX_PATH}:/opt/ros/foxy /usr/bin/cmake --build /home/ineogi2/ros2_ws/build/micro_ros_msgs -- -j12 -l12
[0.998s] [  2%] Built target micro_ros_msgs__cpp
[0.998s] [ 12%] Built target micro_ros_msgs__rosidl_generator_c
[1.022s] [ 29%] Built target micro_ros_msgs__rosidl_typesupport_cpp
[1.022s] [ 34%] Built target micro_ros_msgs__rosidl_typesupport_introspection_cpp
[1.022s] [ 44%] Built target micro_ros_msgs__rosidl_typesupport_introspection_c
[1.026s] [ 55%] Built target micro_ros_msgs__rosidl_typesupport_fastrtps_cpp
[1.045s] [ 65%] Built target micro_ros_msgs__rosidl_typesupport_c
[1.054s] [ 76%] Built target micro_ros_msgs__rosidl_typesupport_fastrtps_c
[1.075s] [ 76%] Built target micro_ros_msgs
[1.096s] [ 78%] Built target micro_ros_msgs__py
[1.127s] [ 87%] Built target micro_ros_msgs__python
[1.157s] [100%] Built target micro_ros_msgs__rosidl_typesupport_fastrtps_c__pyext
[1.157s] [100%] Built target micro_ros_msgs__rosidl_typesupport_introspection_c__pyext
[1.157s] [100%] Built target micro_ros_msgs__rosidl_typesupport_c__pyext
[1.171s] Invoked command in '/home/ineogi2/ros2_ws/build/micro_ros_msgs' returned '0': CMAKE_PREFIX_PATH=${CMAKE_PREFIX_PATH}:/opt/ros/foxy /usr/bin/cmake --build /home/ineogi2/ros2_ws/build/micro_ros_msgs -- -j12 -l12
[1.261s] Invoking command in '/home/ineogi2/ros2_ws/build/micro_ros_msgs': CMAKE_PREFIX_PATH=${CMAKE_PREFIX_PATH}:/opt/ros/foxy /usr/bin/cmake --install /home/ineogi2/ros2_ws/build/micro_ros_msgs
[1.269s] -- Install configuration: ""
[1.270s] -- Execute custom install script
[1.270s] -- Symlinking: /home/ineogi2/ros2_ws/install/micro_ros_msgs/share/ament_index/resource_index/rosidl_interfaces/micro_ros_msgs
[1.281s] -- Symlinking: /home/ineogi2/ros2_ws/install/micro_ros_msgs/include/micro_ros_msgs/msg/detail/entity__functions.h
[1.290s] -- Symlinking: /home/ineogi2/ros2_ws/install/micro_ros_msgs/include/micro_ros_msgs/msg/detail/entity__struct.h
[1.299s] -- Symlinking: /home/ineogi2/ros2_ws/install/micro_ros_msgs/include/micro_ros_msgs/msg/detail/entity__type_support.h
[1.309s] -- Symlinking: /home/ineogi2/ros2_ws/install/micro_ros_msgs/include/micro_ros_msgs/msg/detail/graph__functions.h
[1.318s] -- Symlinking: /home/ineogi2/ros2_ws/install/micro_ros_msgs/include/micro_ros_msgs/msg/detail/graph__struct.h
[1.327s] -- Symlinking: /home/ineogi2/ros2_ws/install/micro_ros_msgs/include/micro_ros_msgs/msg/detail/graph__type_support.h
[1.337s] -- Symlinking: /home/ineogi2/ros2_ws/install/micro_ros_msgs/include/micro_ros_msgs/msg/detail/node__functions.h
[1.346s] -- Symlinking: /home/ineogi2/ros2_ws/install/micro_ros_msgs/include/micro_ros_msgs/msg/detail/node__struct.h
[1.356s] -- Symlinking: /home/ineogi2/ros2_ws/install/micro_ros_msgs/include/micro_ros_msgs/msg/detail/node__type_support.h
[1.365s] -- Symlinking: /home/ineogi2/ros2_ws/install/micro_ros_msgs/include/micro_ros_msgs/msg/entity.h
[1.374s] -- Symlinking: /home/ineogi2/ros2_ws/install/micro_ros_msgs/include/micro_ros_msgs/msg/graph.h
[1.384s] -- Symlinking: /home/ineogi2/ros2_ws/install/micro_ros_msgs/include/micro_ros_msgs/msg/node.h
[1.393s] -- Symlinking: /home/ineogi2/ros2_ws/install/micro_ros_msgs/include/micro_ros_msgs/msg/rosidl_generator_c__visibility_control.h
[1.403s] -- Symlinking: /home/ineogi2/ros2_ws/install/micro_ros_msgs/share/micro_ros_msgs/environment/library_path.sh
[1.412s] -- Symlinking: /home/ineogi2/ros2_ws/install/micro_ros_msgs/share/micro_ros_msgs/environment/library_path.dsv
[1.422s] -- Symlinking: /home/ineogi2/ros2_ws/install/micro_ros_msgs/include/micro_ros_msgs/msg/detail/entity__rosidl_typesupport_fastrtps_c.h
[1.431s] -- Symlinking: /home/ineogi2/ros2_ws/install/micro_ros_msgs/include/micro_ros_msgs/msg/detail/graph__rosidl_typesupport_fastrtps_c.h
[1.441s] -- Symlinking: /home/ineogi2/ros2_ws/install/micro_ros_msgs/include/micro_ros_msgs/msg/detail/node__rosidl_typesupport_fastrtps_c.h
[1.450s] -- Symlinking: /home/ineogi2/ros2_ws/install/micro_ros_msgs/include/micro_ros_msgs/msg/rosidl_typesupport_fastrtps_c__visibility_control.h
[1.460s] -- Symlinking: /home/ineogi2/ros2_ws/install/micro_ros_msgs/lib/libmicro_ros_msgs__rosidl_typesupport_fastrtps_c.so
[1.470s] -- Symlinking: /home/ineogi2/ros2_ws/install/micro_ros_msgs/include/micro_ros_msgs/msg/detail/entity__rosidl_typesupport_fastrtps_cpp.hpp
[1.479s] -- Symlinking: /home/ineogi2/ros2_ws/install/micro_ros_msgs/include/micro_ros_msgs/msg/detail/graph__rosidl_typesupport_fastrtps_cpp.hpp
[1.488s] -- Symlinking: /home/ineogi2/ros2_ws/install/micro_ros_msgs/include/micro_ros_msgs/msg/detail/node__rosidl_typesupport_fastrtps_cpp.hpp
[1.498s] -- Symlinking: /home/ineogi2/ros2_ws/install/micro_ros_msgs/include/micro_ros_msgs/msg/rosidl_typesupport_fastrtps_cpp__visibility_control.h
[1.507s] -- Symlinking: /home/ineogi2/ros2_ws/install/micro_ros_msgs/lib/libmicro_ros_msgs__rosidl_typesupport_fastrtps_cpp.so
[1.517s] -- Symlinking: /home/ineogi2/ros2_ws/install/micro_ros_msgs/include/micro_ros_msgs/msg/detail/entity__rosidl_typesupport_introspection_c.h
[1.526s] -- Symlinking: /home/ineogi2/ros2_ws/install/micro_ros_msgs/include/micro_ros_msgs/msg/detail/graph__rosidl_typesupport_introspection_c.h
[1.536s] -- Symlinking: /home/ineogi2/ros2_ws/install/micro_ros_msgs/include/micro_ros_msgs/msg/detail/node__rosidl_typesupport_introspection_c.h
[1.545s] -- Symlinking: /home/ineogi2/ros2_ws/install/micro_ros_msgs/include/micro_ros_msgs/msg/rosidl_typesupport_introspection_c__visibility_control.h
[1.555s] -- Symlinking: /home/ineogi2/ros2_ws/install/micro_ros_msgs/include/micro_ros_msgs/msg/detail/entity__builder.hpp
[1.564s] -- Symlinking: /home/ineogi2/ros2_ws/install/micro_ros_msgs/include/micro_ros_msgs/msg/detail/entity__struct.hpp
[1.573s] -- Symlinking: /home/ineogi2/ros2_ws/install/micro_ros_msgs/include/micro_ros_msgs/msg/detail/entity__traits.hpp
[1.582s] -- Symlinking: /home/ineogi2/ros2_ws/install/micro_ros_msgs/include/micro_ros_msgs/msg/detail/graph__builder.hpp
[1.592s] -- Symlinking: /home/ineogi2/ros2_ws/install/micro_ros_msgs/include/micro_ros_msgs/msg/detail/graph__struct.hpp
[1.601s] -- Symlinking: /home/ineogi2/ros2_ws/install/micro_ros_msgs/include/micro_ros_msgs/msg/detail/graph__traits.hpp
[1.610s] -- Symlinking: /home/ineogi2/ros2_ws/install/micro_ros_msgs/include/micro_ros_msgs/msg/detail/node__builder.hpp
[1.619s] -- Symlinking: /home/ineogi2/ros2_ws/install/micro_ros_msgs/include/micro_ros_msgs/msg/detail/node__struct.hpp
[1.629s] -- Symlinking: /home/ineogi2/ros2_ws/install/micro_ros_msgs/include/micro_ros_msgs/msg/detail/node__traits.hpp
[1.638s] -- Symlinking: /home/ineogi2/ros2_ws/install/micro_ros_msgs/include/micro_ros_msgs/msg/entity.hpp
[1.648s] -- Symlinking: /home/ineogi2/ros2_ws/install/micro_ros_msgs/include/micro_ros_msgs/msg/graph.hpp
[1.657s] -- Symlinking: /home/ineogi2/ros2_ws/install/micro_ros_msgs/include/micro_ros_msgs/msg/node.hpp
[1.667s] -- Symlinking: /home/ineogi2/ros2_ws/install/micro_ros_msgs/include/micro_ros_msgs/msg/detail/entity__rosidl_typesupport_introspection_cpp.hpp
[1.676s] -- Symlinking: /home/ineogi2/ros2_ws/install/micro_ros_msgs/include/micro_ros_msgs/msg/detail/graph__rosidl_typesupport_introspection_cpp.hpp
[1.685s] -- Symlinking: /home/ineogi2/ros2_ws/install/micro_ros_msgs/include/micro_ros_msgs/msg/detail/node__rosidl_typesupport_introspection_cpp.hpp
[1.694s] -- Symlinking: /home/ineogi2/ros2_ws/install/micro_ros_msgs/share/micro_ros_msgs/environment/pythonpath.sh
[1.704s] -- Symlinking: /home/ineogi2/ros2_ws/install/micro_ros_msgs/share/micro_ros_msgs/environment/pythonpath.dsv
[1.714s] -- Symlinking: /home/ineogi2/ros2_ws/install/micro_ros_msgs/lib/python3.8/site-packages/micro_ros_msgs/__init__.py
[1.723s] -- Symlinking: /home/ineogi2/ros2_ws/install/micro_ros_msgs/lib/python3.8/site-packages/micro_ros_msgs/msg/__init__.py
[1.733s] -- Symlinking: /home/ineogi2/ros2_ws/install/micro_ros_msgs/lib/python3.8/site-packages/micro_ros_msgs/msg/_entity.py
[1.742s] -- Symlinking: /home/ineogi2/ros2_ws/install/micro_ros_msgs/lib/python3.8/site-packages/micro_ros_msgs/msg/_graph.py
[1.752s] -- Symlinking: /home/ineogi2/ros2_ws/install/micro_ros_msgs/lib/python3.8/site-packages/micro_ros_msgs/msg/_node.py
[1.761s] -- Symlinking: /home/ineogi2/ros2_ws/install/micro_ros_msgs/lib/python3.8/site-packages/micro_ros_msgs/micro_ros_msgs_s__rosidl_typesupport_fastrtps_c.cpython-38-x86_64-linux-gnu.so
[1.771s] -- Symlinking: /home/ineogi2/ros2_ws/install/micro_ros_msgs/lib/python3.8/site-packages/micro_ros_msgs/micro_ros_msgs_s__rosidl_typesupport_introspection_c.cpython-38-x86_64-linux-gnu.so
[1.781s] -- Symlinking: /home/ineogi2/ros2_ws/install/micro_ros_msgs/lib/python3.8/site-packages/micro_ros_msgs/micro_ros_msgs_s__rosidl_typesupport_c.cpython-38-x86_64-linux-gnu.so
[1.790s] -- Symlinking: /home/ineogi2/ros2_ws/install/micro_ros_msgs/lib/libmicro_ros_msgs__python.so
[1.799s] -- Symlinking: /home/ineogi2/ros2_ws/install/micro_ros_msgs/share/micro_ros_msgs/msg/Graph.idl
[1.809s] -- Symlinking: /home/ineogi2/ros2_ws/install/micro_ros_msgs/share/micro_ros_msgs/msg/Node.idl
[1.818s] -- Symlinking: /home/ineogi2/ros2_ws/install/micro_ros_msgs/share/micro_ros_msgs/msg/Entity.idl
[1.828s] -- Symlinking: /home/ineogi2/ros2_ws/install/micro_ros_msgs/share/micro_ros_msgs/msg/Graph.msg
[1.837s] -- Symlinking: /home/ineogi2/ros2_ws/install/micro_ros_msgs/share/micro_ros_msgs/msg/Node.msg
[1.847s] -- Symlinking: /home/ineogi2/ros2_ws/install/micro_ros_msgs/share/micro_ros_msgs/msg/Entity.msg
[1.856s] -- Symlinking: /home/ineogi2/ros2_ws/install/micro_ros_msgs/share/ament_index/resource_index/package_run_dependencies/micro_ros_msgs
[1.866s] -- Symlinking: /home/ineogi2/ros2_ws/install/micro_ros_msgs/share/ament_index/resource_index/parent_prefix_path/micro_ros_msgs
[1.875s] -- Symlinking: /home/ineogi2/ros2_ws/install/micro_ros_msgs/share/micro_ros_msgs/environment/ament_prefix_path.sh
[1.885s] -- Symlinking: /home/ineogi2/ros2_ws/install/micro_ros_msgs/share/micro_ros_msgs/environment/ament_prefix_path.dsv
[1.894s] -- Symlinking: /home/ineogi2/ros2_ws/install/micro_ros_msgs/share/micro_ros_msgs/environment/path.sh
[1.903s] -- Symlinking: /home/ineogi2/ros2_ws/install/micro_ros_msgs/share/micro_ros_msgs/environment/path.dsv
[1.913s] -- Symlinking: /home/ineogi2/ros2_ws/install/micro_ros_msgs/share/micro_ros_msgs/local_setup.bash
[1.922s] -- Symlinking: /home/ineogi2/ros2_ws/install/micro_ros_msgs/share/micro_ros_msgs/local_setup.sh
[1.932s] -- Symlinking: /home/ineogi2/ros2_ws/install/micro_ros_msgs/share/micro_ros_msgs/local_setup.zsh
[1.941s] -- Symlinking: /home/ineogi2/ros2_ws/install/micro_ros_msgs/share/micro_ros_msgs/local_setup.dsv
[1.951s] -- Symlinking: /home/ineogi2/ros2_ws/install/micro_ros_msgs/share/micro_ros_msgs/package.dsv
[1.960s] -- Symlinking: /home/ineogi2/ros2_ws/install/micro_ros_msgs/share/ament_index/resource_index/packages/micro_ros_msgs
[1.970s] -- Symlinking: /home/ineogi2/ros2_ws/install/micro_ros_msgs/share/micro_ros_msgs/cmake/rosidl_cmake-extras.cmake
[1.979s] -- Symlinking: /home/ineogi2/ros2_ws/install/micro_ros_msgs/share/micro_ros_msgs/cmake/ament_cmake_export_dependencies-extras.cmake
[1.988s] -- Symlinking: /home/ineogi2/ros2_ws/install/micro_ros_msgs/share/micro_ros_msgs/cmake/ament_cmake_export_libraries-extras.cmake
[1.998s] -- Symlinking: /home/ineogi2/ros2_ws/install/micro_ros_msgs/share/micro_ros_msgs/cmake/ament_cmake_export_targets-extras.cmake
[2.007s] -- Symlinking: /home/ineogi2/ros2_ws/install/micro_ros_msgs/share/micro_ros_msgs/cmake/ament_cmake_export_include_directories-extras.cmake
[2.016s] -- Symlinking: /home/ineogi2/ros2_ws/install/micro_ros_msgs/share/micro_ros_msgs/cmake/rosidl_cmake_export_typesupport_libraries-extras.cmake
[2.026s] -- Symlinking: /home/ineogi2/ros2_ws/install/micro_ros_msgs/share/micro_ros_msgs/cmake/rosidl_cmake_export_typesupport_targets-extras.cmake
[2.035s] -- Symlinking: /home/ineogi2/ros2_ws/install/micro_ros_msgs/share/micro_ros_msgs/cmake/micro_ros_msgsConfig.cmake
[2.045s] -- Symlinking: /home/ineogi2/ros2_ws/install/micro_ros_msgs/share/micro_ros_msgs/cmake/micro_ros_msgsConfig-version.cmake
[2.054s] -- Symlinking: /home/ineogi2/ros2_ws/install/micro_ros_msgs/share/micro_ros_msgs/package.xml
[2.063s] -- Up-to-date: /home/ineogi2/ros2_ws/install/micro_ros_msgs/lib/libmicro_ros_msgs__rosidl_generator_c.so
[2.064s] -- Up-to-date: /home/ineogi2/ros2_ws/install/micro_ros_msgs/lib/libmicro_ros_msgs__rosidl_typesupport_introspection_c.so
[2.064s] -- Up-to-date: /home/ineogi2/ros2_ws/install/micro_ros_msgs/lib/libmicro_ros_msgs__rosidl_typesupport_c.so
[2.064s] -- Up-to-date: /home/ineogi2/ros2_ws/install/micro_ros_msgs/lib/libmicro_ros_msgs__rosidl_typesupport_introspection_cpp.so
[2.065s] -- Up-to-date: /home/ineogi2/ros2_ws/install/micro_ros_msgs/lib/libmicro_ros_msgs__rosidl_typesupport_cpp.so
[2.100s] Compiling '/home/ineogi2/ros2_ws/install/micro_ros_msgs/lib/python3.8/site-packages/micro_ros_msgs/__init__.py'...
[2.105s] -- Up-to-date: /home/ineogi2/ros2_ws/install/micro_ros_msgs/share/micro_ros_msgs/cmake/micro_ros_msgs__rosidl_generator_cExport.cmake
[2.105s] -- Installing: /home/ineogi2/ros2_ws/install/micro_ros_msgs/share/micro_ros_msgs/cmake/micro_ros_msgs__rosidl_generator_cExport-noconfig.cmake
[2.105s] -- Up-to-date: /home/ineogi2/ros2_ws/install/micro_ros_msgs/share/micro_ros_msgs/cmake/micro_ros_msgs__rosidl_typesupport_introspection_cExport.cmake
[2.105s] -- Installing: /home/ineogi2/ros2_ws/install/micro_ros_msgs/share/micro_ros_msgs/cmake/micro_ros_msgs__rosidl_typesupport_introspection_cExport-noconfig.cmake
[2.105s] -- Up-to-date: /home/ineogi2/ros2_ws/install/micro_ros_msgs/share/micro_ros_msgs/cmake/micro_ros_msgs__rosidl_typesupport_cExport.cmake
[2.105s] -- Installing: /home/ineogi2/ros2_ws/install/micro_ros_msgs/share/micro_ros_msgs/cmake/micro_ros_msgs__rosidl_typesupport_cExport-noconfig.cmake
[2.106s] -- Up-to-date: /home/ineogi2/ros2_ws/install/micro_ros_msgs/share/micro_ros_msgs/cmake/micro_ros_msgs__rosidl_generator_cppExport.cmake
[2.106s] -- Up-to-date: /home/ineogi2/ros2_ws/install/micro_ros_msgs/share/micro_ros_msgs/cmake/micro_ros_msgs__rosidl_typesupport_introspection_cppExport.cmake
[2.106s] -- Installing: /home/ineogi2/ros2_ws/install/micro_ros_msgs/share/micro_ros_msgs/cmake/micro_ros_msgs__rosidl_typesupport_introspection_cppExport-noconfig.cmake
[2.106s] -- Up-to-date: /home/ineogi2/ros2_ws/install/micro_ros_msgs/share/micro_ros_msgs/cmake/micro_ros_msgs__rosidl_typesupport_cppExport.cmake
[2.106s] -- Installing: /home/ineogi2/ros2_ws/install/micro_ros_msgs/share/micro_ros_msgs/cmake/micro_ros_msgs__rosidl_typesupport_cppExport-noconfig.cmake
[2.110s] Invoked command in '/home/ineogi2/ros2_ws/build/micro_ros_msgs' returned '0': CMAKE_PREFIX_PATH=${CMAKE_PREFIX_PATH}:/opt/ros/foxy /usr/bin/cmake --install /home/ineogi2/ros2_ws/build/micro_ros_msgs
