[0.206s] DEBUG:colcon:Command line arguments: ['/usr/bin/colcon', 'build', '--symlink-install']
[0.206s] DEBUG:colcon:Parsed command line arguments: Namespace(allow_overriding=[], ament_cmake_args=None, base_paths=['.'], build_base='build', catkin_cmake_args=None, catkin_skip_building_tests=False, cmake_args=None, cmake_clean_cache=False, cmake_clean_first=False, cmake_force_configure=False, cmake_target=None, cmake_target_skip_unavailable=False, continue_on_error=False, event_handlers=None, executor='parallel', ignore_user_meta=False, install_base='install', log_base=None, log_level=None, main=<bound method BuildVerb.main of <colcon_core.verb.build.BuildVerb object at 0x7fa48abdfd90>>, merge_install=False, metas=['./colcon.meta'], packages_above=None, packages_above_and_dependencies=None, packages_above_depth=None, packages_end=None, packages_ignore=None, packages_ignore_regex=None, packages_select=None, packages_select_build_failed=False, packages_select_by_dep=None, packages_select_regex=None, packages_select_test_failures=False, packages_skip=None, packages_skip_build_finished=False, packages_skip_by_dep=None, packages_skip_regex=None, packages_skip_test_passed=False, packages_skip_up_to=None, packages_start=None, packages_up_to=None, packages_up_to_regex=None, parallel_workers=12, paths=None, symlink_install=True, test_result_base=None, verb_extension=<colcon_core.verb.build.BuildVerb object at 0x7fa48abdfd90>, verb_name='build', verb_parser=<colcon_defaults.argument_parser.defaults.DefaultArgumentsDecorator object at 0x7fa48abe8340>)
[0.241s] Level 1:colcon.colcon_core.package_discovery:discover_packages(colcon_meta) check parameters
[0.241s] Level 1:colcon.colcon_core.package_discovery:discover_packages(recursive) check parameters
[0.241s] Level 1:colcon.colcon_core.package_discovery:discover_packages(ignore) check parameters
[0.241s] Level 1:colcon.colcon_core.package_discovery:discover_packages(path) check parameters
[0.241s] Level 1:colcon.colcon_core.package_discovery:discover_packages(colcon_meta) discover
[0.241s] Level 1:colcon.colcon_core.package_discovery:discover_packages(recursive) discover
[0.241s] INFO:colcon.colcon_core.package_discovery:Crawling recursively for packages in '/home/ineogi2/Biorobotics/ros2_ws'
[0.241s] Level 1:colcon.colcon_core.package_identification:_identify(.) by extensions ['ignore', 'ignore_ament_install']
[0.241s] Level 1:colcon.colcon_core.package_identification:_identify(.) by extension 'ignore'
[0.241s] Level 1:colcon.colcon_core.package_identification:_identify(.) by extension 'ignore_ament_install'
[0.241s] Level 1:colcon.colcon_core.package_identification:_identify(.) by extensions ['colcon_pkg']
[0.241s] Level 1:colcon.colcon_core.package_identification:_identify(.) by extension 'colcon_pkg'
[0.242s] Level 1:colcon.colcon_core.package_identification:_identify(.) by extensions ['colcon_meta']
[0.242s] Level 1:colcon.colcon_core.package_identification:_identify(.) by extension 'colcon_meta'
[0.242s] Level 1:colcon.colcon_core.package_identification:_identify(.) by extensions ['ros']
[0.242s] Level 1:colcon.colcon_core.package_identification:_identify(.) by extension 'ros'
[0.263s] Level 1:colcon.colcon_core.package_identification:_identify(.) by extensions ['cmake', 'python']
[0.263s] Level 1:colcon.colcon_core.package_identification:_identify(.) by extension 'cmake'
[0.264s] Level 1:colcon.colcon_core.package_identification:_identify(.) by extension 'python'
[0.264s] Level 1:colcon.colcon_core.package_identification:_identify(.) by extensions ['python_setup_py']
[0.264s] Level 1:colcon.colcon_core.package_identification:_identify(.) by extension 'python_setup_py'
[0.264s] Level 1:colcon.colcon_core.package_identification:_identify(build) by extensions ['ignore', 'ignore_ament_install']
[0.264s] Level 1:colcon.colcon_core.package_identification:_identify(build) by extension 'ignore'
[0.264s] Level 1:colcon.colcon_core.package_identification:_identify(build) ignored
[0.264s] Level 1:colcon.colcon_core.package_identification:_identify(install) by extensions ['ignore', 'ignore_ament_install']
[0.264s] Level 1:colcon.colcon_core.package_identification:_identify(install) by extension 'ignore'
[0.264s] Level 1:colcon.colcon_core.package_identification:_identify(install) ignored
[0.265s] Level 1:colcon.colcon_core.package_identification:_identify(log) by extensions ['ignore', 'ignore_ament_install']
[0.265s] Level 1:colcon.colcon_core.package_identification:_identify(log) by extension 'ignore'
[0.265s] Level 1:colcon.colcon_core.package_identification:_identify(log) ignored
[0.265s] Level 1:colcon.colcon_core.package_identification:_identify(src) by extensions ['ignore', 'ignore_ament_install']
[0.265s] Level 1:colcon.colcon_core.package_identification:_identify(src) by extension 'ignore'
[0.265s] Level 1:colcon.colcon_core.package_identification:_identify(src) by extension 'ignore_ament_install'
[0.265s] Level 1:colcon.colcon_core.package_identification:_identify(src) by extensions ['colcon_pkg']
[0.265s] Level 1:colcon.colcon_core.package_identification:_identify(src) by extension 'colcon_pkg'
[0.265s] Level 1:colcon.colcon_core.package_identification:_identify(src) by extensions ['colcon_meta']
[0.265s] Level 1:colcon.colcon_core.package_identification:_identify(src) by extension 'colcon_meta'
[0.265s] Level 1:colcon.colcon_core.package_identification:_identify(src) by extensions ['ros']
[0.266s] Level 1:colcon.colcon_core.package_identification:_identify(src) by extension 'ros'
[0.266s] Level 1:colcon.colcon_core.package_identification:_identify(src) by extensions ['cmake', 'python']
[0.266s] Level 1:colcon.colcon_core.package_identification:_identify(src) by extension 'cmake'
[0.266s] Level 1:colcon.colcon_core.package_identification:_identify(src) by extension 'python'
[0.266s] Level 1:colcon.colcon_core.package_identification:_identify(src) by extensions ['python_setup_py']
[0.266s] Level 1:colcon.colcon_core.package_identification:_identify(src) by extension 'python_setup_py'
[0.266s] Level 1:colcon.colcon_core.package_identification:_identify(src/build) by extensions ['ignore', 'ignore_ament_install']
[0.266s] Level 1:colcon.colcon_core.package_identification:_identify(src/build) by extension 'ignore'
[0.266s] Level 1:colcon.colcon_core.package_identification:_identify(src/build) ignored
[0.266s] Level 1:colcon.colcon_core.package_identification:_identify(src/install) by extensions ['ignore', 'ignore_ament_install']
[0.266s] Level 1:colcon.colcon_core.package_identification:_identify(src/install) by extension 'ignore'
[0.266s] Level 1:colcon.colcon_core.package_identification:_identify(src/install) ignored
[0.267s] Level 1:colcon.colcon_core.package_identification:_identify(src/log) by extensions ['ignore', 'ignore_ament_install']
[0.267s] Level 1:colcon.colcon_core.package_identification:_identify(src/log) by extension 'ignore'
[0.267s] Level 1:colcon.colcon_core.package_identification:_identify(src/log) ignored
[0.267s] Level 1:colcon.colcon_core.package_identification:_identify(src/realsense-ros) by extensions ['ignore', 'ignore_ament_install']
[0.267s] Level 1:colcon.colcon_core.package_identification:_identify(src/realsense-ros) by extension 'ignore'
[0.267s] Level 1:colcon.colcon_core.package_identification:_identify(src/realsense-ros) by extension 'ignore_ament_install'
[0.267s] Level 1:colcon.colcon_core.package_identification:_identify(src/realsense-ros) by extensions ['colcon_pkg']
[0.267s] Level 1:colcon.colcon_core.package_identification:_identify(src/realsense-ros) by extension 'colcon_pkg'
[0.267s] Level 1:colcon.colcon_core.package_identification:_identify(src/realsense-ros) by extensions ['colcon_meta']
[0.267s] Level 1:colcon.colcon_core.package_identification:_identify(src/realsense-ros) by extension 'colcon_meta'
[0.267s] Level 1:colcon.colcon_core.package_identification:_identify(src/realsense-ros) by extensions ['ros']
[0.267s] Level 1:colcon.colcon_core.package_identification:_identify(src/realsense-ros) by extension 'ros'
[0.268s] Level 1:colcon.colcon_core.package_identification:_identify(src/realsense-ros) by extensions ['cmake', 'python']
[0.268s] Level 1:colcon.colcon_core.package_identification:_identify(src/realsense-ros) by extension 'cmake'
[0.268s] Level 1:colcon.colcon_core.package_identification:_identify(src/realsense-ros) by extension 'python'
[0.268s] Level 1:colcon.colcon_core.package_identification:_identify(src/realsense-ros) by extensions ['python_setup_py']
[0.268s] Level 1:colcon.colcon_core.package_identification:_identify(src/realsense-ros) by extension 'python_setup_py'
[0.268s] Level 1:colcon.colcon_core.package_identification:_identify(src/realsense-ros/realsense2_camera) by extensions ['ignore', 'ignore_ament_install']
[0.268s] Level 1:colcon.colcon_core.package_identification:_identify(src/realsense-ros/realsense2_camera) by extension 'ignore'
[0.268s] Level 1:colcon.colcon_core.package_identification:_identify(src/realsense-ros/realsense2_camera) by extension 'ignore_ament_install'
[0.268s] Level 1:colcon.colcon_core.package_identification:_identify(src/realsense-ros/realsense2_camera) by extensions ['colcon_pkg']
[0.268s] Level 1:colcon.colcon_core.package_identification:_identify(src/realsense-ros/realsense2_camera) by extension 'colcon_pkg'
[0.268s] Level 1:colcon.colcon_core.package_identification:_identify(src/realsense-ros/realsense2_camera) by extensions ['colcon_meta']
[0.268s] Level 1:colcon.colcon_core.package_identification:_identify(src/realsense-ros/realsense2_camera) by extension 'colcon_meta'
[0.269s] Level 1:colcon.colcon_core.package_identification:_identify(src/realsense-ros/realsense2_camera) by extensions ['ros']
[0.269s] Level 1:colcon.colcon_core.package_identification:_identify(src/realsense-ros/realsense2_camera) by extension 'ros'
[0.273s] DEBUG:colcon.colcon_core.package_identification:Package 'src/realsense-ros/realsense2_camera' with type 'ros.ament_cmake' and name 'realsense2_camera'
[0.273s] Level 1:colcon.colcon_core.package_identification:_identify(src/realsense-ros/realsense2_camera_msgs) by extensions ['ignore', 'ignore_ament_install']
[0.273s] Level 1:colcon.colcon_core.package_identification:_identify(src/realsense-ros/realsense2_camera_msgs) by extension 'ignore'
[0.273s] Level 1:colcon.colcon_core.package_identification:_identify(src/realsense-ros/realsense2_camera_msgs) by extension 'ignore_ament_install'
[0.273s] Level 1:colcon.colcon_core.package_identification:_identify(src/realsense-ros/realsense2_camera_msgs) by extensions ['colcon_pkg']
[0.274s] Level 1:colcon.colcon_core.package_identification:_identify(src/realsense-ros/realsense2_camera_msgs) by extension 'colcon_pkg'
[0.274s] Level 1:colcon.colcon_core.package_identification:_identify(src/realsense-ros/realsense2_camera_msgs) by extensions ['colcon_meta']
[0.274s] Level 1:colcon.colcon_core.package_identification:_identify(src/realsense-ros/realsense2_camera_msgs) by extension 'colcon_meta'
[0.274s] Level 1:colcon.colcon_core.package_identification:_identify(src/realsense-ros/realsense2_camera_msgs) by extensions ['ros']
[0.274s] Level 1:colcon.colcon_core.package_identification:_identify(src/realsense-ros/realsense2_camera_msgs) by extension 'ros'
[0.275s] DEBUG:colcon.colcon_core.package_identification:Package 'src/realsense-ros/realsense2_camera_msgs' with type 'ros.ament_cmake' and name 'realsense2_camera_msgs'
[0.275s] Level 1:colcon.colcon_core.package_identification:_identify(src/realsense-ros/realsense2_description) by extensions ['ignore', 'ignore_ament_install']
[0.275s] Level 1:colcon.colcon_core.package_identification:_identify(src/realsense-ros/realsense2_description) by extension 'ignore'
[0.275s] Level 1:colcon.colcon_core.package_identification:_identify(src/realsense-ros/realsense2_description) by extension 'ignore_ament_install'
[0.275s] Level 1:colcon.colcon_core.package_identification:_identify(src/realsense-ros/realsense2_description) by extensions ['colcon_pkg']
[0.275s] Level 1:colcon.colcon_core.package_identification:_identify(src/realsense-ros/realsense2_description) by extension 'colcon_pkg'
[0.275s] Level 1:colcon.colcon_core.package_identification:_identify(src/realsense-ros/realsense2_description) by extensions ['colcon_meta']
[0.275s] Level 1:colcon.colcon_core.package_identification:_identify(src/realsense-ros/realsense2_description) by extension 'colcon_meta'
[0.275s] Level 1:colcon.colcon_core.package_identification:_identify(src/realsense-ros/realsense2_description) by extensions ['ros']
[0.275s] Level 1:colcon.colcon_core.package_identification:_identify(src/realsense-ros/realsense2_description) by extension 'ros'
[0.276s] DEBUG:colcon.colcon_core.package_identification:Package 'src/realsense-ros/realsense2_description' with type 'ros.ament_cmake' and name 'realsense2_description'
[0.276s] Level 1:colcon.colcon_core.package_identification:_identify(src/realsense-ros/scripts) by extensions ['ignore', 'ignore_ament_install']
[0.277s] Level 1:colcon.colcon_core.package_identification:_identify(src/realsense-ros/scripts) by extension 'ignore'
[0.277s] Level 1:colcon.colcon_core.package_identification:_identify(src/realsense-ros/scripts) by extension 'ignore_ament_install'
[0.277s] Level 1:colcon.colcon_core.package_identification:_identify(src/realsense-ros/scripts) by extensions ['colcon_pkg']
[0.277s] Level 1:colcon.colcon_core.package_identification:_identify(src/realsense-ros/scripts) by extension 'colcon_pkg'
[0.277s] Level 1:colcon.colcon_core.package_identification:_identify(src/realsense-ros/scripts) by extensions ['colcon_meta']
[0.277s] Level 1:colcon.colcon_core.package_identification:_identify(src/realsense-ros/scripts) by extension 'colcon_meta'
[0.277s] Level 1:colcon.colcon_core.package_identification:_identify(src/realsense-ros/scripts) by extensions ['ros']
[0.277s] Level 1:colcon.colcon_core.package_identification:_identify(src/realsense-ros/scripts) by extension 'ros'
[0.277s] Level 1:colcon.colcon_core.package_identification:_identify(src/realsense-ros/scripts) by extensions ['cmake', 'python']
[0.277s] Level 1:colcon.colcon_core.package_identification:_identify(src/realsense-ros/scripts) by extension 'cmake'
[0.277s] Level 1:colcon.colcon_core.package_identification:_identify(src/realsense-ros/scripts) by extension 'python'
[0.277s] Level 1:colcon.colcon_core.package_identification:_identify(src/realsense-ros/scripts) by extensions ['python_setup_py']
[0.277s] Level 1:colcon.colcon_core.package_identification:_identify(src/realsense-ros/scripts) by extension 'python_setup_py'
[0.277s] Level 1:colcon.colcon_core.package_identification:_identify(src/ros_image) by extensions ['ignore', 'ignore_ament_install']
[0.278s] Level 1:colcon.colcon_core.package_identification:_identify(src/ros_image) by extension 'ignore'
[0.278s] Level 1:colcon.colcon_core.package_identification:_identify(src/ros_image) by extension 'ignore_ament_install'
[0.278s] Level 1:colcon.colcon_core.package_identification:_identify(src/ros_image) by extensions ['colcon_pkg']
[0.278s] Level 1:colcon.colcon_core.package_identification:_identify(src/ros_image) by extension 'colcon_pkg'
[0.278s] Level 1:colcon.colcon_core.package_identification:_identify(src/ros_image) by extensions ['colcon_meta']
[0.278s] Level 1:colcon.colcon_core.package_identification:_identify(src/ros_image) by extension 'colcon_meta'
[0.278s] Level 1:colcon.colcon_core.package_identification:_identify(src/ros_image) by extensions ['ros']
[0.278s] Level 1:colcon.colcon_core.package_identification:_identify(src/ros_image) by extension 'ros'
[0.279s] DEBUG:colcon.colcon_core.package_identification:Package 'src/ros_image' with type 'ros.ament_python' and name 'ros_image'
[0.279s] Level 1:colcon.colcon_core.package_discovery:discover_packages(recursive) using defaults
[0.279s] Level 1:colcon.colcon_core.package_discovery:discover_packages(ignore) discover
[0.279s] Level 1:colcon.colcon_core.package_discovery:discover_packages(ignore) using defaults
[0.279s] Level 1:colcon.colcon_core.package_discovery:discover_packages(path) discover
[0.279s] Level 1:colcon.colcon_core.package_discovery:discover_packages(path) using defaults
[0.308s] Level 1:colcon.colcon_core.package_discovery:discover_packages(prefix_path) check parameters
[0.308s] Level 1:colcon.colcon_core.package_discovery:discover_packages(prefix_path) discover
[0.312s] DEBUG:colcon.colcon_installed_package_information.package_discovery:Found 3 installed packages in /home/ineogi2/micro_ws/install
[0.314s] DEBUG:colcon.colcon_installed_package_information.package_discovery:Found 4 installed packages in /home/ineogi2/Biorobotics/ros2_ws/install
[0.316s] DEBUG:colcon.colcon_installed_package_information.package_discovery:Found 258 installed packages in /opt/ros/foxy
[0.319s] Level 1:colcon.colcon_core.package_discovery:discover_packages(prefix_path) using defaults
[0.407s] Level 5:colcon.colcon_core.verb:set package 'realsense2_camera_msgs' build argument 'cmake_args' from command line to 'None'
[0.407s] Level 5:colcon.colcon_core.verb:set package 'realsense2_camera_msgs' build argument 'cmake_target' from command line to 'None'
[0.407s] Level 5:colcon.colcon_core.verb:set package 'realsense2_camera_msgs' build argument 'cmake_target_skip_unavailable' from command line to 'False'
[0.407s] Level 5:colcon.colcon_core.verb:set package 'realsense2_camera_msgs' build argument 'cmake_clean_cache' from command line to 'False'
[0.408s] Level 5:colcon.colcon_core.verb:set package 'realsense2_camera_msgs' build argument 'cmake_clean_first' from command line to 'False'
[0.408s] Level 5:colcon.colcon_core.verb:set package 'realsense2_camera_msgs' build argument 'cmake_force_configure' from command line to 'False'
[0.408s] Level 5:colcon.colcon_core.verb:set package 'realsense2_camera_msgs' build argument 'ament_cmake_args' from command line to 'None'
[0.408s] Level 5:colcon.colcon_core.verb:set package 'realsense2_camera_msgs' build argument 'catkin_cmake_args' from command line to 'None'
[0.408s] Level 5:colcon.colcon_core.verb:set package 'realsense2_camera_msgs' build argument 'catkin_skip_building_tests' from command line to 'False'
[0.408s] DEBUG:colcon.colcon_core.verb:Building package 'realsense2_camera_msgs' with the following arguments: {'ament_cmake_args': None, 'build_base': '/home/ineogi2/Biorobotics/ros2_ws/build/realsense2_camera_msgs', 'catkin_cmake_args': None, 'catkin_skip_building_tests': False, 'cmake_args': None, 'cmake_clean_cache': False, 'cmake_clean_first': False, 'cmake_force_configure': False, 'cmake_target': None, 'cmake_target_skip_unavailable': False, 'install_base': '/home/ineogi2/Biorobotics/ros2_ws/install/realsense2_camera_msgs', 'merge_install': False, 'path': '/home/ineogi2/Biorobotics/ros2_ws/src/realsense-ros/realsense2_camera_msgs', 'symlink_install': True, 'test_result_base': None}
[0.410s] Level 5:colcon.colcon_core.verb:set package 'ros_image' build argument 'cmake_args' from command line to 'None'
[0.410s] Level 5:colcon.colcon_core.verb:set package 'ros_image' build argument 'cmake_target' from command line to 'None'
[0.410s] Level 5:colcon.colcon_core.verb:set package 'ros_image' build argument 'cmake_target_skip_unavailable' from command line to 'False'
[0.410s] Level 5:colcon.colcon_core.verb:set package 'ros_image' build argument 'cmake_clean_cache' from command line to 'False'
[0.410s] Level 5:colcon.colcon_core.verb:set package 'ros_image' build argument 'cmake_clean_first' from command line to 'False'
[0.410s] Level 5:colcon.colcon_core.verb:set package 'ros_image' build argument 'cmake_force_configure' from command line to 'False'
[0.410s] Level 5:colcon.colcon_core.verb:set package 'ros_image' build argument 'ament_cmake_args' from command line to 'None'
[0.410s] Level 5:colcon.colcon_core.verb:set package 'ros_image' build argument 'catkin_cmake_args' from command line to 'None'
[0.410s] Level 5:colcon.colcon_core.verb:set package 'ros_image' build argument 'catkin_skip_building_tests' from command line to 'False'
[0.410s] DEBUG:colcon.colcon_core.verb:Building package 'ros_image' with the following arguments: {'ament_cmake_args': None, 'build_base': '/home/ineogi2/Biorobotics/ros2_ws/build/ros_image', 'catkin_cmake_args': None, 'catkin_skip_building_tests': False, 'cmake_args': None, 'cmake_clean_cache': False, 'cmake_clean_first': False, 'cmake_force_configure': False, 'cmake_target': None, 'cmake_target_skip_unavailable': False, 'install_base': '/home/ineogi2/Biorobotics/ros2_ws/install/ros_image', 'merge_install': False, 'path': '/home/ineogi2/Biorobotics/ros2_ws/src/ros_image', 'symlink_install': True, 'test_result_base': None}
[0.412s] Level 5:colcon.colcon_core.verb:set package 'realsense2_camera' build argument 'cmake_args' from command line to 'None'
[0.412s] Level 5:colcon.colcon_core.verb:set package 'realsense2_camera' build argument 'cmake_target' from command line to 'None'
[0.412s] Level 5:colcon.colcon_core.verb:set package 'realsense2_camera' build argument 'cmake_target_skip_unavailable' from command line to 'False'
[0.412s] Level 5:colcon.colcon_core.verb:set package 'realsense2_camera' build argument 'cmake_clean_cache' from command line to 'False'
[0.412s] Level 5:colcon.colcon_core.verb:set package 'realsense2_camera' build argument 'cmake_clean_first' from command line to 'False'
[0.412s] Level 5:colcon.colcon_core.verb:set package 'realsense2_camera' build argument 'cmake_force_configure' from command line to 'False'
[0.412s] Level 5:colcon.colcon_core.verb:set package 'realsense2_camera' build argument 'ament_cmake_args' from command line to 'None'
[0.412s] Level 5:colcon.colcon_core.verb:set package 'realsense2_camera' build argument 'catkin_cmake_args' from command line to 'None'
[0.412s] Level 5:colcon.colcon_core.verb:set package 'realsense2_camera' build argument 'catkin_skip_building_tests' from command line to 'False'
[0.412s] DEBUG:colcon.colcon_core.verb:Building package 'realsense2_camera' with the following arguments: {'ament_cmake_args': None, 'build_base': '/home/ineogi2/Biorobotics/ros2_ws/build/realsense2_camera', 'catkin_cmake_args': None, 'catkin_skip_building_tests': False, 'cmake_args': None, 'cmake_clean_cache': False, 'cmake_clean_first': False, 'cmake_force_configure': False, 'cmake_target': None, 'cmake_target_skip_unavailable': False, 'install_base': '/home/ineogi2/Biorobotics/ros2_ws/install/realsense2_camera', 'merge_install': False, 'path': '/home/ineogi2/Biorobotics/ros2_ws/src/realsense-ros/realsense2_camera', 'symlink_install': True, 'test_result_base': None}
[0.414s] Level 5:colcon.colcon_core.verb:set package 'realsense2_description' build argument 'cmake_args' from command line to 'None'
[0.414s] Level 5:colcon.colcon_core.verb:set package 'realsense2_description' build argument 'cmake_target' from command line to 'None'
[0.414s] Level 5:colcon.colcon_core.verb:set package 'realsense2_description' build argument 'cmake_target_skip_unavailable' from command line to 'False'
[0.414s] Level 5:colcon.colcon_core.verb:set package 'realsense2_description' build argument 'cmake_clean_cache' from command line to 'False'
[0.414s] Level 5:colcon.colcon_core.verb:set package 'realsense2_description' build argument 'cmake_clean_first' from command line to 'False'
[0.414s] Level 5:colcon.colcon_core.verb:set package 'realsense2_description' build argument 'cmake_force_configure' from command line to 'False'
[0.414s] Level 5:colcon.colcon_core.verb:set package 'realsense2_description' build argument 'ament_cmake_args' from command line to 'None'
[0.414s] Level 5:colcon.colcon_core.verb:set package 'realsense2_description' build argument 'catkin_cmake_args' from command line to 'None'
[0.414s] Level 5:colcon.colcon_core.verb:set package 'realsense2_description' build argument 'catkin_skip_building_tests' from command line to 'False'
[0.414s] DEBUG:colcon.colcon_core.verb:Building package 'realsense2_description' with the following arguments: {'ament_cmake_args': None, 'build_base': '/home/ineogi2/Biorobotics/ros2_ws/build/realsense2_description', 'catkin_cmake_args': None, 'catkin_skip_building_tests': False, 'cmake_args': None, 'cmake_clean_cache': False, 'cmake_clean_first': False, 'cmake_force_configure': False, 'cmake_target': None, 'cmake_target_skip_unavailable': False, 'install_base': '/home/ineogi2/Biorobotics/ros2_ws/install/realsense2_description', 'merge_install': False, 'path': '/home/ineogi2/Biorobotics/ros2_ws/src/realsense-ros/realsense2_description', 'symlink_install': True, 'test_result_base': None}
[0.416s] INFO:colcon.colcon_core.executor:Executing jobs using 'parallel' executor
[0.425s] DEBUG:colcon.colcon_parallel_executor.executor.parallel:run_until_complete
[0.425s] INFO:colcon.colcon_ros.task.ament_cmake.build:Building ROS package in '/home/ineogi2/Biorobotics/ros2_ws/src/realsense-ros/realsense2_camera_msgs' with build type 'ament_cmake'
[0.425s] INFO:colcon.colcon_cmake.task.cmake.build:Building CMake package in '/home/ineogi2/Biorobotics/ros2_ws/src/realsense-ros/realsense2_camera_msgs'
[0.432s] INFO:colcon.colcon_core.plugin_system:Skipping extension 'colcon_core.shell.bat': Not used on non-Windows systems
[0.432s] INFO:colcon.colcon_core.shell:Skip shell extension 'powershell' for command environment: Not usable outside of PowerShell
[0.432s] DEBUG:colcon.colcon_core.shell:Skip shell extension 'dsv' for command environment
[0.442s] INFO:colcon.colcon_ros.task.ament_python.build:Building ROS package in '/home/ineogi2/Biorobotics/ros2_ws/src/ros_image' with build type 'ament_python'
[0.442s] Level 1:colcon.colcon_core.shell:create_environment_hook('ros_image', 'ament_prefix_path')
[0.446s] INFO:colcon.colcon_core.shell:Creating environment hook '/home/ineogi2/Biorobotics/ros2_ws/install/ros_image/share/ros_image/hook/ament_prefix_path.ps1'
[0.447s] INFO:colcon.colcon_core.shell:Creating environment descriptor '/home/ineogi2/Biorobotics/ros2_ws/install/ros_image/share/ros_image/hook/ament_prefix_path.dsv'
[0.447s] INFO:colcon.colcon_core.shell:Creating environment hook '/home/ineogi2/Biorobotics/ros2_ws/install/ros_image/share/ros_image/hook/ament_prefix_path.sh'
[0.451s] INFO:colcon.colcon_core.shell:Skip shell extension 'powershell' for command environment: Not usable outside of PowerShell
[0.451s] DEBUG:colcon.colcon_core.shell:Skip shell extension 'dsv' for command environment
[0.468s] DEBUG:colcon.colcon_core.event_handler.log_command:Invoking command in '/home/ineogi2/Biorobotics/ros2_ws/build/realsense2_camera_msgs': CMAKE_PREFIX_PATH=${CMAKE_PREFIX_PATH}:/home/ineogi2/Biorobotics/ros2_ws/install/ros_image:/opt/ros/foxy /usr/bin/cmake --build /home/ineogi2/Biorobotics/ros2_ws/build/realsense2_camera_msgs -- -j12 -l12
[0.754s] INFO:colcon.colcon_core.task.python.build:Building Python package in '/home/ineogi2/Biorobotics/ros2_ws/src/ros_image'
[0.759s] INFO:colcon.colcon_core.shell:Skip shell extension 'powershell' for command environment: Not usable outside of PowerShell
[0.760s] DEBUG:colcon.colcon_core.shell:Skip shell extension 'dsv' for command environment
[0.776s] DEBUG:colcon.colcon_core.event_handler.log_command:Invoked command in '/home/ineogi2/Biorobotics/ros2_ws/build/realsense2_camera_msgs' returned '0': CMAKE_PREFIX_PATH=${CMAKE_PREFIX_PATH}:/home/ineogi2/Biorobotics/ros2_ws/install/ros_image:/opt/ros/foxy /usr/bin/cmake --build /home/ineogi2/Biorobotics/ros2_ws/build/realsense2_camera_msgs -- -j12 -l12
[0.886s] DEBUG:colcon.colcon_core.event_handler.log_command:Invoking command in '/home/ineogi2/Biorobotics/ros2_ws/build/realsense2_camera_msgs': CMAKE_PREFIX_PATH=${CMAKE_PREFIX_PATH}:/home/ineogi2/Biorobotics/ros2_ws/install/ros_image:/opt/ros/foxy /usr/bin/cmake --install /home/ineogi2/Biorobotics/ros2_ws/build/realsense2_camera_msgs
[1.005s] Level 1:colcon.colcon_core.environment:create_environment_scripts_only(realsense2_camera_msgs)
[1.008s] DEBUG:colcon.colcon_core.event_handler.log_command:Invoked command in '/home/ineogi2/Biorobotics/ros2_ws/build/realsense2_camera_msgs' returned '0': CMAKE_PREFIX_PATH=${CMAKE_PREFIX_PATH}:/home/ineogi2/Biorobotics/ros2_ws/install/ros_image:/opt/ros/foxy /usr/bin/cmake --install /home/ineogi2/Biorobotics/ros2_ws/build/realsense2_camera_msgs
[1.017s] Level 1:colcon.colcon_core.environment:checking '/home/ineogi2/Biorobotics/ros2_ws/install/realsense2_camera_msgs' for CMake module files
[1.018s] Level 1:colcon.colcon_core.environment:checking '/home/ineogi2/Biorobotics/ros2_ws/install/realsense2_camera_msgs' for CMake config files
[1.019s] Level 1:colcon.colcon_core.shell:create_environment_hook('realsense2_camera_msgs', 'cmake_prefix_path')
[1.024s] INFO:colcon.colcon_core.shell:Creating environment hook '/home/ineogi2/Biorobotics/ros2_ws/install/realsense2_camera_msgs/share/realsense2_camera_msgs/hook/cmake_prefix_path.ps1'
[1.025s] INFO:colcon.colcon_core.shell:Creating environment descriptor '/home/ineogi2/Biorobotics/ros2_ws/install/realsense2_camera_msgs/share/realsense2_camera_msgs/hook/cmake_prefix_path.dsv'
[1.026s] INFO:colcon.colcon_core.shell:Creating environment hook '/home/ineogi2/Biorobotics/ros2_ws/install/realsense2_camera_msgs/share/realsense2_camera_msgs/hook/cmake_prefix_path.sh'
[1.027s] Level 1:colcon.colcon_core.environment:checking '/home/ineogi2/Biorobotics/ros2_ws/install/realsense2_camera_msgs/lib'
[1.027s] Level 1:colcon.colcon_core.shell:create_environment_hook('realsense2_camera_msgs', 'ld_library_path_lib')
[1.031s] INFO:colcon.colcon_core.shell:Creating environment hook '/home/ineogi2/Biorobotics/ros2_ws/install/realsense2_camera_msgs/share/realsense2_camera_msgs/hook/ld_library_path_lib.ps1'
[1.032s] INFO:colcon.colcon_core.shell:Creating environment descriptor '/home/ineogi2/Biorobotics/ros2_ws/install/realsense2_camera_msgs/share/realsense2_camera_msgs/hook/ld_library_path_lib.dsv'
[1.032s] INFO:colcon.colcon_core.shell:Creating environment hook '/home/ineogi2/Biorobotics/ros2_ws/install/realsense2_camera_msgs/share/realsense2_camera_msgs/hook/ld_library_path_lib.sh'
[1.033s] Level 1:colcon.colcon_core.environment:checking '/home/ineogi2/Biorobotics/ros2_ws/install/realsense2_camera_msgs/bin'
[1.033s] Level 1:colcon.colcon_core.environment:checking '/home/ineogi2/Biorobotics/ros2_ws/install/realsense2_camera_msgs/lib/pkgconfig/realsense2_camera_msgs.pc'
[1.033s] Level 1:colcon.colcon_core.environment:checking '/home/ineogi2/Biorobotics/ros2_ws/install/realsense2_camera_msgs/lib/python3.8/site-packages'
[1.034s] Level 1:colcon.colcon_core.shell:create_environment_hook('realsense2_camera_msgs', 'pythonpath')
[1.037s] INFO:colcon.colcon_core.shell:Creating environment hook '/home/ineogi2/Biorobotics/ros2_ws/install/realsense2_camera_msgs/share/realsense2_camera_msgs/hook/pythonpath.ps1'
[1.039s] INFO:colcon.colcon_core.shell:Creating environment descriptor '/home/ineogi2/Biorobotics/ros2_ws/install/realsense2_camera_msgs/share/realsense2_camera_msgs/hook/pythonpath.dsv'
[1.039s] INFO:colcon.colcon_core.shell:Creating environment hook '/home/ineogi2/Biorobotics/ros2_ws/install/realsense2_camera_msgs/share/realsense2_camera_msgs/hook/pythonpath.sh'
[1.040s] Level 1:colcon.colcon_core.environment:checking '/home/ineogi2/Biorobotics/ros2_ws/install/realsense2_camera_msgs/bin'
[1.044s] INFO:colcon.colcon_core.shell:Creating package script '/home/ineogi2/Biorobotics/ros2_ws/install/realsense2_camera_msgs/share/realsense2_camera_msgs/package.ps1'
[1.045s] INFO:colcon.colcon_core.shell:Creating package descriptor '/home/ineogi2/Biorobotics/ros2_ws/install/realsense2_camera_msgs/share/realsense2_camera_msgs/package.dsv'
[1.045s] INFO:colcon.colcon_core.shell:Creating package script '/home/ineogi2/Biorobotics/ros2_ws/install/realsense2_camera_msgs/share/realsense2_camera_msgs/package.sh'
[1.047s] INFO:colcon.colcon_core.shell:Creating package script '/home/ineogi2/Biorobotics/ros2_ws/install/realsense2_camera_msgs/share/realsense2_camera_msgs/package.bash'
[1.048s] INFO:colcon.colcon_core.shell:Creating package script '/home/ineogi2/Biorobotics/ros2_ws/install/realsense2_camera_msgs/share/realsense2_camera_msgs/package.zsh'
[1.049s] Level 1:colcon.colcon_core.environment:create_file_with_runtime_dependencies(/home/ineogi2/Biorobotics/ros2_ws/install/realsense2_camera_msgs/share/colcon-core/packages/realsense2_camera_msgs)
[1.149s] Level 1:colcon.colcon_core.environment:create_environment_scripts_only(realsense2_camera_msgs)
[1.155s] Level 1:colcon.colcon_core.environment:checking '/home/ineogi2/Biorobotics/ros2_ws/install/realsense2_camera_msgs' for CMake module files
[1.156s] Level 1:colcon.colcon_core.environment:checking '/home/ineogi2/Biorobotics/ros2_ws/install/realsense2_camera_msgs' for CMake config files
[1.157s] Level 1:colcon.colcon_core.shell:create_environment_hook('realsense2_camera_msgs', 'cmake_prefix_path')
[1.160s] INFO:colcon.colcon_core.shell:Creating environment hook '/home/ineogi2/Biorobotics/ros2_ws/install/realsense2_camera_msgs/share/realsense2_camera_msgs/hook/cmake_prefix_path.ps1'
[1.161s] INFO:colcon.colcon_core.shell:Creating environment descriptor '/home/ineogi2/Biorobotics/ros2_ws/install/realsense2_camera_msgs/share/realsense2_camera_msgs/hook/cmake_prefix_path.dsv'
[1.161s] INFO:colcon.colcon_core.shell:Creating environment hook '/home/ineogi2/Biorobotics/ros2_ws/install/realsense2_camera_msgs/share/realsense2_camera_msgs/hook/cmake_prefix_path.sh'
[1.162s] Level 1:colcon.colcon_core.environment:checking '/home/ineogi2/Biorobotics/ros2_ws/install/realsense2_camera_msgs/lib'
[1.162s] Level 1:colcon.colcon_core.shell:create_environment_hook('realsense2_camera_msgs', 'ld_library_path_lib')
[1.165s] INFO:colcon.colcon_core.shell:Creating environment hook '/home/ineogi2/Biorobotics/ros2_ws/install/realsense2_camera_msgs/share/realsense2_camera_msgs/hook/ld_library_path_lib.ps1'
[1.166s] INFO:colcon.colcon_core.shell:Creating environment descriptor '/home/ineogi2/Biorobotics/ros2_ws/install/realsense2_camera_msgs/share/realsense2_camera_msgs/hook/ld_library_path_lib.dsv'
[1.166s] INFO:colcon.colcon_core.shell:Creating environment hook '/home/ineogi2/Biorobotics/ros2_ws/install/realsense2_camera_msgs/share/realsense2_camera_msgs/hook/ld_library_path_lib.sh'
[1.166s] Level 1:colcon.colcon_core.environment:checking '/home/ineogi2/Biorobotics/ros2_ws/install/realsense2_camera_msgs/bin'
[1.167s] Level 1:colcon.colcon_core.environment:checking '/home/ineogi2/Biorobotics/ros2_ws/install/realsense2_camera_msgs/lib/pkgconfig/realsense2_camera_msgs.pc'
[1.167s] Level 1:colcon.colcon_core.environment:checking '/home/ineogi2/Biorobotics/ros2_ws/install/realsense2_camera_msgs/lib/python3.8/site-packages'
[1.167s] Level 1:colcon.colcon_core.shell:create_environment_hook('realsense2_camera_msgs', 'pythonpath')
[1.170s] INFO:colcon.colcon_core.shell:Creating environment hook '/home/ineogi2/Biorobotics/ros2_ws/install/realsense2_camera_msgs/share/realsense2_camera_msgs/hook/pythonpath.ps1'
[1.171s] INFO:colcon.colcon_core.shell:Creating environment descriptor '/home/ineogi2/Biorobotics/ros2_ws/install/realsense2_camera_msgs/share/realsense2_camera_msgs/hook/pythonpath.dsv'
[1.171s] INFO:colcon.colcon_core.shell:Creating environment hook '/home/ineogi2/Biorobotics/ros2_ws/install/realsense2_camera_msgs/share/realsense2_camera_msgs/hook/pythonpath.sh'
[1.171s] Level 1:colcon.colcon_core.environment:checking '/home/ineogi2/Biorobotics/ros2_ws/install/realsense2_camera_msgs/bin'
[1.175s] INFO:colcon.colcon_core.shell:Creating package script '/home/ineogi2/Biorobotics/ros2_ws/install/realsense2_camera_msgs/share/realsense2_camera_msgs/package.ps1'
[1.175s] INFO:colcon.colcon_core.shell:Creating package descriptor '/home/ineogi2/Biorobotics/ros2_ws/install/realsense2_camera_msgs/share/realsense2_camera_msgs/package.dsv'
[1.176s] INFO:colcon.colcon_core.shell:Creating package script '/home/ineogi2/Biorobotics/ros2_ws/install/realsense2_camera_msgs/share/realsense2_camera_msgs/package.sh'
[1.177s] INFO:colcon.colcon_core.shell:Creating package script '/home/ineogi2/Biorobotics/ros2_ws/install/realsense2_camera_msgs/share/realsense2_camera_msgs/package.bash'
[1.177s] INFO:colcon.colcon_core.shell:Creating package script '/home/ineogi2/Biorobotics/ros2_ws/install/realsense2_camera_msgs/share/realsense2_camera_msgs/package.zsh'
[1.178s] Level 1:colcon.colcon_core.environment:create_file_with_runtime_dependencies(/home/ineogi2/Biorobotics/ros2_ws/install/realsense2_camera_msgs/share/colcon-core/packages/realsense2_camera_msgs)
[1.178s] INFO:colcon.colcon_ros.task.ament_cmake.build:Building ROS package in '/home/ineogi2/Biorobotics/ros2_ws/src/realsense-ros/realsense2_camera' with build type 'ament_cmake'
[1.179s] INFO:colcon.colcon_cmake.task.cmake.build:Building CMake package in '/home/ineogi2/Biorobotics/ros2_ws/src/realsense-ros/realsense2_camera'
[1.182s] INFO:colcon.colcon_core.shell:Skip shell extension 'powershell' for command environment: Not usable outside of PowerShell
[1.182s] DEBUG:colcon.colcon_core.shell:Skip shell extension 'dsv' for command environment
[1.193s] INFO:colcon.colcon_ros.task.ament_cmake.build:Building ROS package in '/home/ineogi2/Biorobotics/ros2_ws/src/realsense-ros/realsense2_description' with build type 'ament_cmake'
[1.194s] INFO:colcon.colcon_cmake.task.cmake.build:Building CMake package in '/home/ineogi2/Biorobotics/ros2_ws/src/realsense-ros/realsense2_description'
[1.199s] INFO:colcon.colcon_core.shell:Skip shell extension 'powershell' for command environment: Not usable outside of PowerShell
[1.200s] DEBUG:colcon.colcon_core.shell:Skip shell extension 'dsv' for command environment
[1.220s] DEBUG:colcon.colcon_core.event_handler.log_command:Invoking command in '/home/ineogi2/Biorobotics/ros2_ws/build/realsense2_camera': CMAKE_PREFIX_PATH=/home/ineogi2/Biorobotics/ros2_ws/install/realsense2_camera_msgs:/home/ineogi2/micro_ws/install/micro_ros_setup:/home/ineogi2/micro_ws/install/micro_ros_agent:/home/ineogi2/micro_ws/install/micro_ros_msgs:/home/ineogi2/Biorobotics/ros2_ws/install/realsense2_description:/home/ineogi2/Biorobotics/ros2_ws/install/realsense2_camera:/home/ineogi2/Biorobotics/ros2_ws/install/ros_image:/opt/ros/foxy LD_LIBRARY_PATH=/home/ineogi2/Biorobotics/ros2_ws/install/realsense2_camera_msgs/lib:/home/ineogi2/micro_ws/install/micro_ros_agent/lib:/home/ineogi2/micro_ws/install/micro_ros_msgs/lib:/home/ineogi2/Biorobotics/ros2_ws/install/realsense2_camera/lib:/opt/ros/foxy/opt/yaml_cpp_vendor/lib:/opt/ros/foxy/opt/rviz_ogre_vendor/lib:/opt/ros/foxy/lib/x86_64-linux-gnu:/opt/ros/foxy/lib PYTHONPATH=/home/ineogi2/Biorobotics/ros2_ws/install/realsense2_camera_msgs/lib/python3.8/site-packages:/home/ineogi2/micro_ws/install/micro_ros_msgs/lib/python3.8/site-packages:/home/ineogi2/Biorobotics/ros2_ws/build/ros_image:/home/ineogi2/Biorobotics/ros2_ws/install/ros_image/lib/python3.8/site-packages:/opt/ros/foxy/lib/python3.8/site-packages /usr/bin/cmake --build /home/ineogi2/Biorobotics/ros2_ws/build/realsense2_camera -- -j12 -l12
[1.227s] DEBUG:colcon.colcon_core.event_handler.log_command:Invoking command in '/home/ineogi2/Biorobotics/ros2_ws/build/realsense2_description': CMAKE_PREFIX_PATH=/home/ineogi2/Biorobotics/ros2_ws/install/realsense2_camera_msgs:/home/ineogi2/micro_ws/install/micro_ros_setup:/home/ineogi2/micro_ws/install/micro_ros_agent:/home/ineogi2/micro_ws/install/micro_ros_msgs:/home/ineogi2/Biorobotics/ros2_ws/install/realsense2_description:/home/ineogi2/Biorobotics/ros2_ws/install/realsense2_camera:/home/ineogi2/Biorobotics/ros2_ws/install/ros_image:/opt/ros/foxy LD_LIBRARY_PATH=/home/ineogi2/Biorobotics/ros2_ws/install/realsense2_camera_msgs/lib:/home/ineogi2/micro_ws/install/micro_ros_agent/lib:/home/ineogi2/micro_ws/install/micro_ros_msgs/lib:/home/ineogi2/Biorobotics/ros2_ws/install/realsense2_camera/lib:/opt/ros/foxy/opt/yaml_cpp_vendor/lib:/opt/ros/foxy/opt/rviz_ogre_vendor/lib:/opt/ros/foxy/lib/x86_64-linux-gnu:/opt/ros/foxy/lib PYTHONPATH=/home/ineogi2/Biorobotics/ros2_ws/install/realsense2_camera_msgs/lib/python3.8/site-packages:/home/ineogi2/micro_ws/install/micro_ros_msgs/lib/python3.8/site-packages:/home/ineogi2/Biorobotics/ros2_ws/build/ros_image:/home/ineogi2/Biorobotics/ros2_ws/install/ros_image/lib/python3.8/site-packages:/opt/ros/foxy/lib/python3.8/site-packages /usr/bin/cmake --build /home/ineogi2/Biorobotics/ros2_ws/build/realsense2_description -- -j12 -l12
[1.281s] DEBUG:colcon.colcon_core.event_handler.log_command:Invoking command in '/home/ineogi2/Biorobotics/ros2_ws/build/ros_image': PYTHONPATH=/home/ineogi2/Biorobotics/ros2_ws/install/ros_image/lib/python3.8/site-packages:${PYTHONPATH} /usr/bin/python3 setup.py develop --prefix /home/ineogi2/Biorobotics/ros2_ws/install/ros_image --editable --build-directory /home/ineogi2/Biorobotics/ros2_ws/build/ros_image/build --no-deps install_data --install-dir /home/ineogi2/Biorobotics/ros2_ws/install/ros_image
[1.283s] DEBUG:colcon.colcon_core.event_handler.log_command:Invoked command in '/home/ineogi2/Biorobotics/ros2_ws/build/realsense2_description' returned '0': CMAKE_PREFIX_PATH=/home/ineogi2/Biorobotics/ros2_ws/install/realsense2_camera_msgs:/home/ineogi2/micro_ws/install/micro_ros_setup:/home/ineogi2/micro_ws/install/micro_ros_agent:/home/ineogi2/micro_ws/install/micro_ros_msgs:/home/ineogi2/Biorobotics/ros2_ws/install/realsense2_description:/home/ineogi2/Biorobotics/ros2_ws/install/realsense2_camera:/home/ineogi2/Biorobotics/ros2_ws/install/ros_image:/opt/ros/foxy LD_LIBRARY_PATH=/home/ineogi2/Biorobotics/ros2_ws/install/realsense2_camera_msgs/lib:/home/ineogi2/micro_ws/install/micro_ros_agent/lib:/home/ineogi2/micro_ws/install/micro_ros_msgs/lib:/home/ineogi2/Biorobotics/ros2_ws/install/realsense2_camera/lib:/opt/ros/foxy/opt/yaml_cpp_vendor/lib:/opt/ros/foxy/opt/rviz_ogre_vendor/lib:/opt/ros/foxy/lib/x86_64-linux-gnu:/opt/ros/foxy/lib PYTHONPATH=/home/ineogi2/Biorobotics/ros2_ws/install/realsense2_camera_msgs/lib/python3.8/site-packages:/home/ineogi2/micro_ws/install/micro_ros_msgs/lib/python3.8/site-packages:/home/ineogi2/Biorobotics/ros2_ws/build/ros_image:/home/ineogi2/Biorobotics/ros2_ws/install/ros_image/lib/python3.8/site-packages:/opt/ros/foxy/lib/python3.8/site-packages /usr/bin/cmake --build /home/ineogi2/Biorobotics/ros2_ws/build/realsense2_description -- -j12 -l12
[1.311s] DEBUG:colcon.colcon_core.event_handler.log_command:Invoking command in '/home/ineogi2/Biorobotics/ros2_ws/build/realsense2_description': CMAKE_PREFIX_PATH=/home/ineogi2/Biorobotics/ros2_ws/install/realsense2_camera_msgs:/home/ineogi2/micro_ws/install/micro_ros_setup:/home/ineogi2/micro_ws/install/micro_ros_agent:/home/ineogi2/micro_ws/install/micro_ros_msgs:/home/ineogi2/Biorobotics/ros2_ws/install/realsense2_description:/home/ineogi2/Biorobotics/ros2_ws/install/realsense2_camera:/home/ineogi2/Biorobotics/ros2_ws/install/ros_image:/opt/ros/foxy LD_LIBRARY_PATH=/home/ineogi2/Biorobotics/ros2_ws/install/realsense2_camera_msgs/lib:/home/ineogi2/micro_ws/install/micro_ros_agent/lib:/home/ineogi2/micro_ws/install/micro_ros_msgs/lib:/home/ineogi2/Biorobotics/ros2_ws/install/realsense2_camera/lib:/opt/ros/foxy/opt/yaml_cpp_vendor/lib:/opt/ros/foxy/opt/rviz_ogre_vendor/lib:/opt/ros/foxy/lib/x86_64-linux-gnu:/opt/ros/foxy/lib PYTHONPATH=/home/ineogi2/Biorobotics/ros2_ws/install/realsense2_camera_msgs/lib/python3.8/site-packages:/home/ineogi2/micro_ws/install/micro_ros_msgs/lib/python3.8/site-packages:/home/ineogi2/Biorobotics/ros2_ws/build/ros_image:/home/ineogi2/Biorobotics/ros2_ws/install/ros_image/lib/python3.8/site-packages:/opt/ros/foxy/lib/python3.8/site-packages /usr/bin/cmake --install /home/ineogi2/Biorobotics/ros2_ws/build/realsense2_description
[1.345s] Level 1:colcon.colcon_core.environment:create_environment_scripts_only(realsense2_description)
[1.350s] Level 1:colcon.colcon_core.environment:checking '/home/ineogi2/Biorobotics/ros2_ws/install/realsense2_description' for CMake module files
[1.350s] DEBUG:colcon.colcon_core.event_handler.log_command:Invoked command in '/home/ineogi2/Biorobotics/ros2_ws/build/realsense2_description' returned '0': CMAKE_PREFIX_PATH=/home/ineogi2/Biorobotics/ros2_ws/install/realsense2_camera_msgs:/home/ineogi2/micro_ws/install/micro_ros_setup:/home/ineogi2/micro_ws/install/micro_ros_agent:/home/ineogi2/micro_ws/install/micro_ros_msgs:/home/ineogi2/Biorobotics/ros2_ws/install/realsense2_description:/home/ineogi2/Biorobotics/ros2_ws/install/realsense2_camera:/home/ineogi2/Biorobotics/ros2_ws/install/ros_image:/opt/ros/foxy LD_LIBRARY_PATH=/home/ineogi2/Biorobotics/ros2_ws/install/realsense2_camera_msgs/lib:/home/ineogi2/micro_ws/install/micro_ros_agent/lib:/home/ineogi2/micro_ws/install/micro_ros_msgs/lib:/home/ineogi2/Biorobotics/ros2_ws/install/realsense2_camera/lib:/opt/ros/foxy/opt/yaml_cpp_vendor/lib:/opt/ros/foxy/opt/rviz_ogre_vendor/lib:/opt/ros/foxy/lib/x86_64-linux-gnu:/opt/ros/foxy/lib PYTHONPATH=/home/ineogi2/Biorobotics/ros2_ws/install/realsense2_camera_msgs/lib/python3.8/site-packages:/home/ineogi2/micro_ws/install/micro_ros_msgs/lib/python3.8/site-packages:/home/ineogi2/Biorobotics/ros2_ws/build/ros_image:/home/ineogi2/Biorobotics/ros2_ws/install/ros_image/lib/python3.8/site-packages:/opt/ros/foxy/lib/python3.8/site-packages /usr/bin/cmake --install /home/ineogi2/Biorobotics/ros2_ws/build/realsense2_description
[1.351s] Level 1:colcon.colcon_core.environment:checking '/home/ineogi2/Biorobotics/ros2_ws/install/realsense2_description' for CMake config files
[1.351s] Level 1:colcon.colcon_core.shell:create_environment_hook('realsense2_description', 'cmake_prefix_path')
[1.355s] INFO:colcon.colcon_core.shell:Creating environment hook '/home/ineogi2/Biorobotics/ros2_ws/install/realsense2_description/share/realsense2_description/hook/cmake_prefix_path.ps1'
[1.356s] INFO:colcon.colcon_core.shell:Creating environment descriptor '/home/ineogi2/Biorobotics/ros2_ws/install/realsense2_description/share/realsense2_description/hook/cmake_prefix_path.dsv'
[1.356s] INFO:colcon.colcon_core.shell:Creating environment hook '/home/ineogi2/Biorobotics/ros2_ws/install/realsense2_description/share/realsense2_description/hook/cmake_prefix_path.sh'
[1.357s] Level 1:colcon.colcon_core.environment:checking '/home/ineogi2/Biorobotics/ros2_ws/install/realsense2_description/bin'
[1.357s] Level 1:colcon.colcon_core.environment:checking '/home/ineogi2/Biorobotics/ros2_ws/install/realsense2_description/lib/pkgconfig/realsense2_description.pc'
[1.358s] Level 1:colcon.colcon_core.environment:checking '/home/ineogi2/Biorobotics/ros2_ws/install/realsense2_description/lib/python3.8/site-packages'
[1.358s] Level 1:colcon.colcon_core.environment:checking '/home/ineogi2/Biorobotics/ros2_ws/install/realsense2_description/bin'
[1.363s] INFO:colcon.colcon_core.shell:Creating package script '/home/ineogi2/Biorobotics/ros2_ws/install/realsense2_description/share/realsense2_description/package.ps1'
[1.364s] INFO:colcon.colcon_core.shell:Creating package descriptor '/home/ineogi2/Biorobotics/ros2_ws/install/realsense2_description/share/realsense2_description/package.dsv'
[1.365s] INFO:colcon.colcon_core.shell:Creating package script '/home/ineogi2/Biorobotics/ros2_ws/install/realsense2_description/share/realsense2_description/package.sh'
[1.365s] INFO:colcon.colcon_core.shell:Creating package script '/home/ineogi2/Biorobotics/ros2_ws/install/realsense2_description/share/realsense2_description/package.bash'
[1.366s] INFO:colcon.colcon_core.shell:Creating package script '/home/ineogi2/Biorobotics/ros2_ws/install/realsense2_description/share/realsense2_description/package.zsh'
[1.366s] Level 1:colcon.colcon_core.environment:create_file_with_runtime_dependencies(/home/ineogi2/Biorobotics/ros2_ws/install/realsense2_description/share/colcon-core/packages/realsense2_description)
[1.372s] DEBUG:colcon.colcon_core.event_handler.log_command:Invoked command in '/home/ineogi2/Biorobotics/ros2_ws/build/realsense2_camera' returned '0': CMAKE_PREFIX_PATH=/home/ineogi2/Biorobotics/ros2_ws/install/realsense2_camera_msgs:/home/ineogi2/micro_ws/install/micro_ros_setup:/home/ineogi2/micro_ws/install/micro_ros_agent:/home/ineogi2/micro_ws/install/micro_ros_msgs:/home/ineogi2/Biorobotics/ros2_ws/install/realsense2_description:/home/ineogi2/Biorobotics/ros2_ws/install/realsense2_camera:/home/ineogi2/Biorobotics/ros2_ws/install/ros_image:/opt/ros/foxy LD_LIBRARY_PATH=/home/ineogi2/Biorobotics/ros2_ws/install/realsense2_camera_msgs/lib:/home/ineogi2/micro_ws/install/micro_ros_agent/lib:/home/ineogi2/micro_ws/install/micro_ros_msgs/lib:/home/ineogi2/Biorobotics/ros2_ws/install/realsense2_camera/lib:/opt/ros/foxy/opt/yaml_cpp_vendor/lib:/opt/ros/foxy/opt/rviz_ogre_vendor/lib:/opt/ros/foxy/lib/x86_64-linux-gnu:/opt/ros/foxy/lib PYTHONPATH=/home/ineogi2/Biorobotics/ros2_ws/install/realsense2_camera_msgs/lib/python3.8/site-packages:/home/ineogi2/micro_ws/install/micro_ros_msgs/lib/python3.8/site-packages:/home/ineogi2/Biorobotics/ros2_ws/build/ros_image:/home/ineogi2/Biorobotics/ros2_ws/install/ros_image/lib/python3.8/site-packages:/opt/ros/foxy/lib/python3.8/site-packages /usr/bin/cmake --build /home/ineogi2/Biorobotics/ros2_ws/build/realsense2_camera -- -j12 -l12
[1.401s] Level 1:colcon.colcon_core.environment:create_environment_scripts_only(realsense2_description)
[1.409s] Level 1:colcon.colcon_core.environment:checking '/home/ineogi2/Biorobotics/ros2_ws/install/realsense2_description' for CMake module files
[1.410s] Level 1:colcon.colcon_core.environment:checking '/home/ineogi2/Biorobotics/ros2_ws/install/realsense2_description' for CMake config files
[1.411s] Level 1:colcon.colcon_core.shell:create_environment_hook('realsense2_description', 'cmake_prefix_path')
[1.417s] INFO:colcon.colcon_core.shell:Creating environment hook '/home/ineogi2/Biorobotics/ros2_ws/install/realsense2_description/share/realsense2_description/hook/cmake_prefix_path.ps1'
[1.417s] INFO:colcon.colcon_core.shell:Creating environment descriptor '/home/ineogi2/Biorobotics/ros2_ws/install/realsense2_description/share/realsense2_description/hook/cmake_prefix_path.dsv'
[1.418s] INFO:colcon.colcon_core.shell:Creating environment hook '/home/ineogi2/Biorobotics/ros2_ws/install/realsense2_description/share/realsense2_description/hook/cmake_prefix_path.sh'
[1.419s] Level 1:colcon.colcon_core.environment:checking '/home/ineogi2/Biorobotics/ros2_ws/install/realsense2_description/bin'
[1.419s] Level 1:colcon.colcon_core.environment:checking '/home/ineogi2/Biorobotics/ros2_ws/install/realsense2_description/lib/pkgconfig/realsense2_description.pc'
[1.420s] Level 1:colcon.colcon_core.environment:checking '/home/ineogi2/Biorobotics/ros2_ws/install/realsense2_description/lib/python3.8/site-packages'
[1.420s] Level 1:colcon.colcon_core.environment:checking '/home/ineogi2/Biorobotics/ros2_ws/install/realsense2_description/bin'
[1.426s] INFO:colcon.colcon_core.shell:Creating package script '/home/ineogi2/Biorobotics/ros2_ws/install/realsense2_description/share/realsense2_description/package.ps1'
[1.427s] INFO:colcon.colcon_core.shell:Creating package descriptor '/home/ineogi2/Biorobotics/ros2_ws/install/realsense2_description/share/realsense2_description/package.dsv'
[1.429s] INFO:colcon.colcon_core.shell:Creating package script '/home/ineogi2/Biorobotics/ros2_ws/install/realsense2_description/share/realsense2_description/package.sh'
[1.429s] INFO:colcon.colcon_core.shell:Creating package script '/home/ineogi2/Biorobotics/ros2_ws/install/realsense2_description/share/realsense2_description/package.bash'
[1.430s] INFO:colcon.colcon_core.shell:Creating package script '/home/ineogi2/Biorobotics/ros2_ws/install/realsense2_description/share/realsense2_description/package.zsh'
[1.431s] Level 1:colcon.colcon_core.environment:create_file_with_runtime_dependencies(/home/ineogi2/Biorobotics/ros2_ws/install/realsense2_description/share/colcon-core/packages/realsense2_description)
[1.436s] DEBUG:colcon.colcon_core.event_handler.log_command:Invoking command in '/home/ineogi2/Biorobotics/ros2_ws/build/realsense2_camera': CMAKE_PREFIX_PATH=/home/ineogi2/Biorobotics/ros2_ws/install/realsense2_camera_msgs:/home/ineogi2/micro_ws/install/micro_ros_setup:/home/ineogi2/micro_ws/install/micro_ros_agent:/home/ineogi2/micro_ws/install/micro_ros_msgs:/home/ineogi2/Biorobotics/ros2_ws/install/realsense2_description:/home/ineogi2/Biorobotics/ros2_ws/install/realsense2_camera:/home/ineogi2/Biorobotics/ros2_ws/install/ros_image:/opt/ros/foxy LD_LIBRARY_PATH=/home/ineogi2/Biorobotics/ros2_ws/install/realsense2_camera_msgs/lib:/home/ineogi2/micro_ws/install/micro_ros_agent/lib:/home/ineogi2/micro_ws/install/micro_ros_msgs/lib:/home/ineogi2/Biorobotics/ros2_ws/install/realsense2_camera/lib:/opt/ros/foxy/opt/yaml_cpp_vendor/lib:/opt/ros/foxy/opt/rviz_ogre_vendor/lib:/opt/ros/foxy/lib/x86_64-linux-gnu:/opt/ros/foxy/lib PYTHONPATH=/home/ineogi2/Biorobotics/ros2_ws/install/realsense2_camera_msgs/lib/python3.8/site-packages:/home/ineogi2/micro_ws/install/micro_ros_msgs/lib/python3.8/site-packages:/home/ineogi2/Biorobotics/ros2_ws/build/ros_image:/home/ineogi2/Biorobotics/ros2_ws/install/ros_image/lib/python3.8/site-packages:/opt/ros/foxy/lib/python3.8/site-packages /usr/bin/cmake --install /home/ineogi2/Biorobotics/ros2_ws/build/realsense2_camera
[1.475s] Level 1:colcon.colcon_core.environment:create_environment_scripts_only(realsense2_camera)
[1.480s] Level 1:colcon.colcon_core.environment:checking '/home/ineogi2/Biorobotics/ros2_ws/install/realsense2_camera' for CMake module files
[1.480s] DEBUG:colcon.colcon_core.event_handler.log_command:Invoked command in '/home/ineogi2/Biorobotics/ros2_ws/build/realsense2_camera' returned '0': CMAKE_PREFIX_PATH=/home/ineogi2/Biorobotics/ros2_ws/install/realsense2_camera_msgs:/home/ineogi2/micro_ws/install/micro_ros_setup:/home/ineogi2/micro_ws/install/micro_ros_agent:/home/ineogi2/micro_ws/install/micro_ros_msgs:/home/ineogi2/Biorobotics/ros2_ws/install/realsense2_description:/home/ineogi2/Biorobotics/ros2_ws/install/realsense2_camera:/home/ineogi2/Biorobotics/ros2_ws/install/ros_image:/opt/ros/foxy LD_LIBRARY_PATH=/home/ineogi2/Biorobotics/ros2_ws/install/realsense2_camera_msgs/lib:/home/ineogi2/micro_ws/install/micro_ros_agent/lib:/home/ineogi2/micro_ws/install/micro_ros_msgs/lib:/home/ineogi2/Biorobotics/ros2_ws/install/realsense2_camera/lib:/opt/ros/foxy/opt/yaml_cpp_vendor/lib:/opt/ros/foxy/opt/rviz_ogre_vendor/lib:/opt/ros/foxy/lib/x86_64-linux-gnu:/opt/ros/foxy/lib PYTHONPATH=/home/ineogi2/Biorobotics/ros2_ws/install/realsense2_camera_msgs/lib/python3.8/site-packages:/home/ineogi2/micro_ws/install/micro_ros_msgs/lib/python3.8/site-packages:/home/ineogi2/Biorobotics/ros2_ws/build/ros_image:/home/ineogi2/Biorobotics/ros2_ws/install/ros_image/lib/python3.8/site-packages:/opt/ros/foxy/lib/python3.8/site-packages /usr/bin/cmake --install /home/ineogi2/Biorobotics/ros2_ws/build/realsense2_camera
[1.481s] Level 1:colcon.colcon_core.environment:checking '/home/ineogi2/Biorobotics/ros2_ws/install/realsense2_camera' for CMake config files
[1.481s] Level 1:colcon.colcon_core.shell:create_environment_hook('realsense2_camera', 'cmake_prefix_path')
[1.484s] INFO:colcon.colcon_core.shell:Creating environment hook '/home/ineogi2/Biorobotics/ros2_ws/install/realsense2_camera/share/realsense2_camera/hook/cmake_prefix_path.ps1'
[1.485s] INFO:colcon.colcon_core.shell:Creating environment descriptor '/home/ineogi2/Biorobotics/ros2_ws/install/realsense2_camera/share/realsense2_camera/hook/cmake_prefix_path.dsv'
[1.485s] INFO:colcon.colcon_core.shell:Creating environment hook '/home/ineogi2/Biorobotics/ros2_ws/install/realsense2_camera/share/realsense2_camera/hook/cmake_prefix_path.sh'
[1.486s] Level 1:colcon.colcon_core.environment:checking '/home/ineogi2/Biorobotics/ros2_ws/install/realsense2_camera/lib'
[1.486s] Level 1:colcon.colcon_core.shell:create_environment_hook('realsense2_camera', 'ld_library_path_lib')
[1.489s] INFO:colcon.colcon_core.shell:Creating environment hook '/home/ineogi2/Biorobotics/ros2_ws/install/realsense2_camera/share/realsense2_camera/hook/ld_library_path_lib.ps1'
[1.490s] INFO:colcon.colcon_core.shell:Creating environment descriptor '/home/ineogi2/Biorobotics/ros2_ws/install/realsense2_camera/share/realsense2_camera/hook/ld_library_path_lib.dsv'
[1.490s] INFO:colcon.colcon_core.shell:Creating environment hook '/home/ineogi2/Biorobotics/ros2_ws/install/realsense2_camera/share/realsense2_camera/hook/ld_library_path_lib.sh'
[1.491s] Level 1:colcon.colcon_core.environment:checking '/home/ineogi2/Biorobotics/ros2_ws/install/realsense2_camera/bin'
[1.491s] Level 1:colcon.colcon_core.environment:checking '/home/ineogi2/Biorobotics/ros2_ws/install/realsense2_camera/lib/pkgconfig/realsense2_camera.pc'
[1.491s] Level 1:colcon.colcon_core.environment:checking '/home/ineogi2/Biorobotics/ros2_ws/install/realsense2_camera/lib/python3.8/site-packages'
[1.491s] Level 1:colcon.colcon_core.environment:checking '/home/ineogi2/Biorobotics/ros2_ws/install/realsense2_camera/bin'
[1.494s] INFO:colcon.colcon_core.shell:Creating package script '/home/ineogi2/Biorobotics/ros2_ws/install/realsense2_camera/share/realsense2_camera/package.ps1'
[1.495s] INFO:colcon.colcon_core.shell:Creating package descriptor '/home/ineogi2/Biorobotics/ros2_ws/install/realsense2_camera/share/realsense2_camera/package.dsv'
[1.496s] INFO:colcon.colcon_core.shell:Creating package script '/home/ineogi2/Biorobotics/ros2_ws/install/realsense2_camera/share/realsense2_camera/package.sh'
[1.496s] INFO:colcon.colcon_core.shell:Creating package script '/home/ineogi2/Biorobotics/ros2_ws/install/realsense2_camera/share/realsense2_camera/package.bash'
[1.497s] INFO:colcon.colcon_core.shell:Creating package script '/home/ineogi2/Biorobotics/ros2_ws/install/realsense2_camera/share/realsense2_camera/package.zsh'
[1.497s] Level 1:colcon.colcon_core.environment:create_file_with_runtime_dependencies(/home/ineogi2/Biorobotics/ros2_ws/install/realsense2_camera/share/colcon-core/packages/realsense2_camera)
[1.549s] Level 1:colcon.colcon_core.environment:create_environment_scripts_only(realsense2_camera)
[1.554s] Level 1:colcon.colcon_core.environment:checking '/home/ineogi2/Biorobotics/ros2_ws/install/realsense2_camera' for CMake module files
[1.556s] Level 1:colcon.colcon_core.environment:checking '/home/ineogi2/Biorobotics/ros2_ws/install/realsense2_camera' for CMake config files
[1.556s] Level 1:colcon.colcon_core.shell:create_environment_hook('realsense2_camera', 'cmake_prefix_path')
[1.559s] INFO:colcon.colcon_core.shell:Creating environment hook '/home/ineogi2/Biorobotics/ros2_ws/install/realsense2_camera/share/realsense2_camera/hook/cmake_prefix_path.ps1'
[1.560s] INFO:colcon.colcon_core.shell:Creating environment descriptor '/home/ineogi2/Biorobotics/ros2_ws/install/realsense2_camera/share/realsense2_camera/hook/cmake_prefix_path.dsv'
[1.561s] INFO:colcon.colcon_core.shell:Creating environment hook '/home/ineogi2/Biorobotics/ros2_ws/install/realsense2_camera/share/realsense2_camera/hook/cmake_prefix_path.sh'
[1.561s] Level 1:colcon.colcon_core.environment:checking '/home/ineogi2/Biorobotics/ros2_ws/install/realsense2_camera/lib'
[1.561s] Level 1:colcon.colcon_core.shell:create_environment_hook('realsense2_camera', 'ld_library_path_lib')
[1.565s] INFO:colcon.colcon_core.shell:Creating environment hook '/home/ineogi2/Biorobotics/ros2_ws/install/realsense2_camera/share/realsense2_camera/hook/ld_library_path_lib.ps1'
[1.565s] INFO:colcon.colcon_core.shell:Creating environment descriptor '/home/ineogi2/Biorobotics/ros2_ws/install/realsense2_camera/share/realsense2_camera/hook/ld_library_path_lib.dsv'
[1.565s] INFO:colcon.colcon_core.shell:Creating environment hook '/home/ineogi2/Biorobotics/ros2_ws/install/realsense2_camera/share/realsense2_camera/hook/ld_library_path_lib.sh'
[1.566s] Level 1:colcon.colcon_core.environment:checking '/home/ineogi2/Biorobotics/ros2_ws/install/realsense2_camera/bin'
[1.566s] Level 1:colcon.colcon_core.environment:checking '/home/ineogi2/Biorobotics/ros2_ws/install/realsense2_camera/lib/pkgconfig/realsense2_camera.pc'
[1.566s] Level 1:colcon.colcon_core.environment:checking '/home/ineogi2/Biorobotics/ros2_ws/install/realsense2_camera/lib/python3.8/site-packages'
[1.567s] Level 1:colcon.colcon_core.environment:checking '/home/ineogi2/Biorobotics/ros2_ws/install/realsense2_camera/bin'
[1.570s] INFO:colcon.colcon_core.shell:Creating package script '/home/ineogi2/Biorobotics/ros2_ws/install/realsense2_camera/share/realsense2_camera/package.ps1'
[1.570s] INFO:colcon.colcon_core.shell:Creating package descriptor '/home/ineogi2/Biorobotics/ros2_ws/install/realsense2_camera/share/realsense2_camera/package.dsv'
[1.571s] INFO:colcon.colcon_core.shell:Creating package script '/home/ineogi2/Biorobotics/ros2_ws/install/realsense2_camera/share/realsense2_camera/package.sh'
[1.572s] INFO:colcon.colcon_core.shell:Creating package script '/home/ineogi2/Biorobotics/ros2_ws/install/realsense2_camera/share/realsense2_camera/package.bash'
[1.572s] INFO:colcon.colcon_core.shell:Creating package script '/home/ineogi2/Biorobotics/ros2_ws/install/realsense2_camera/share/realsense2_camera/package.zsh'
[1.572s] Level 1:colcon.colcon_core.environment:create_file_with_runtime_dependencies(/home/ineogi2/Biorobotics/ros2_ws/install/realsense2_camera/share/colcon-core/packages/realsense2_camera)
[1.884s] Level 1:colcon.colcon_core.shell:create_environment_hook('ros_image', 'pythonpath_develop')
[1.888s] INFO:colcon.colcon_core.shell:Creating environment hook '/home/ineogi2/Biorobotics/ros2_ws/build/ros_image/share/ros_image/hook/pythonpath_develop.ps1'
[1.889s] INFO:colcon.colcon_core.shell:Creating environment descriptor '/home/ineogi2/Biorobotics/ros2_ws/build/ros_image/share/ros_image/hook/pythonpath_develop.dsv'
[1.889s] DEBUG:colcon.colcon_core.event_handler.log_command:Invoked command in '/home/ineogi2/Biorobotics/ros2_ws/build/ros_image' returned '0': PYTHONPATH=/home/ineogi2/Biorobotics/ros2_ws/install/ros_image/lib/python3.8/site-packages:${PYTHONPATH} /usr/bin/python3 setup.py develop --prefix /home/ineogi2/Biorobotics/ros2_ws/install/ros_image --editable --build-directory /home/ineogi2/Biorobotics/ros2_ws/build/ros_image/build --no-deps install_data --install-dir /home/ineogi2/Biorobotics/ros2_ws/install/ros_image
[1.889s] INFO:colcon.colcon_core.shell:Creating environment hook '/home/ineogi2/Biorobotics/ros2_ws/build/ros_image/share/ros_image/hook/pythonpath_develop.sh'
[1.894s] Level 1:colcon.colcon_core.environment:checking '/home/ineogi2/Biorobotics/ros2_ws/install/ros_image' for CMake module files
[1.895s] Level 1:colcon.colcon_core.environment:checking '/home/ineogi2/Biorobotics/ros2_ws/install/ros_image' for CMake config files
[1.895s] Level 1:colcon.colcon_core.environment:checking '/home/ineogi2/Biorobotics/ros2_ws/install/ros_image/lib'
[1.895s] Level 1:colcon.colcon_core.environment:checking '/home/ineogi2/Biorobotics/ros2_ws/install/ros_image/bin'
[1.895s] Level 1:colcon.colcon_core.shell:create_environment_hook('ros_image', 'path')
[1.899s] INFO:colcon.colcon_core.shell:Creating environment hook '/home/ineogi2/Biorobotics/ros2_ws/install/ros_image/share/ros_image/hook/path.ps1'
[1.899s] INFO:colcon.colcon_core.shell:Creating environment descriptor '/home/ineogi2/Biorobotics/ros2_ws/install/ros_image/share/ros_image/hook/path.dsv'
[1.899s] INFO:colcon.colcon_core.shell:Creating environment hook '/home/ineogi2/Biorobotics/ros2_ws/install/ros_image/share/ros_image/hook/path.sh'
[1.900s] Level 1:colcon.colcon_core.environment:checking '/home/ineogi2/Biorobotics/ros2_ws/install/ros_image/lib/pkgconfig/ros_image.pc'
[1.900s] Level 1:colcon.colcon_core.environment:checking '/home/ineogi2/Biorobotics/ros2_ws/install/ros_image/lib/python3.8/site-packages'
[1.900s] Level 1:colcon.colcon_core.shell:create_environment_hook('ros_image', 'pythonpath')
[1.903s] INFO:colcon.colcon_core.shell:Creating environment hook '/home/ineogi2/Biorobotics/ros2_ws/install/ros_image/share/ros_image/hook/pythonpath.ps1'
[1.904s] INFO:colcon.colcon_core.shell:Creating environment descriptor '/home/ineogi2/Biorobotics/ros2_ws/install/ros_image/share/ros_image/hook/pythonpath.dsv'
[1.904s] INFO:colcon.colcon_core.shell:Creating environment hook '/home/ineogi2/Biorobotics/ros2_ws/install/ros_image/share/ros_image/hook/pythonpath.sh'
[1.905s] Level 1:colcon.colcon_core.environment:checking '/home/ineogi2/Biorobotics/ros2_ws/install/ros_image/bin'
[1.905s] Level 1:colcon.colcon_core.shell:create_environment_hook('ros_image', 'pythonscriptspath')
[1.908s] INFO:colcon.colcon_core.shell:Creating environment hook '/home/ineogi2/Biorobotics/ros2_ws/install/ros_image/share/ros_image/hook/pythonscriptspath.ps1'
[1.909s] INFO:colcon.colcon_core.shell:Creating environment descriptor '/home/ineogi2/Biorobotics/ros2_ws/install/ros_image/share/ros_image/hook/pythonscriptspath.dsv'
[1.909s] INFO:colcon.colcon_core.shell:Creating environment hook '/home/ineogi2/Biorobotics/ros2_ws/install/ros_image/share/ros_image/hook/pythonscriptspath.sh'
[1.909s] Level 1:colcon.colcon_core.environment:create_environment_scripts_only(ros_image)
[1.913s] INFO:colcon.colcon_core.shell:Creating package script '/home/ineogi2/Biorobotics/ros2_ws/install/ros_image/share/ros_image/package.ps1'
[1.913s] INFO:colcon.colcon_core.shell:Creating package descriptor '/home/ineogi2/Biorobotics/ros2_ws/install/ros_image/share/ros_image/package.dsv'
[1.914s] INFO:colcon.colcon_core.shell:Creating package script '/home/ineogi2/Biorobotics/ros2_ws/install/ros_image/share/ros_image/package.sh'
[1.915s] INFO:colcon.colcon_core.shell:Creating package script '/home/ineogi2/Biorobotics/ros2_ws/install/ros_image/share/ros_image/package.bash'
[1.915s] INFO:colcon.colcon_core.shell:Creating package script '/home/ineogi2/Biorobotics/ros2_ws/install/ros_image/share/ros_image/package.zsh'
[1.916s] Level 1:colcon.colcon_core.environment:create_file_with_runtime_dependencies(/home/ineogi2/Biorobotics/ros2_ws/install/ros_image/share/colcon-core/packages/ros_image)
[1.916s] DEBUG:colcon.colcon_parallel_executor.executor.parallel:closing loop
[1.916s] DEBUG:colcon.colcon_parallel_executor.executor.parallel:loop closed
[1.917s] DEBUG:colcon.colcon_parallel_executor.executor.parallel:run_until_complete finished with '0'
[1.917s] DEBUG:colcon.colcon_core.event_reactor:joining thread
[1.926s] INFO:colcon.colcon_core.plugin_system:Skipping extension 'colcon_notification.desktop_notification.terminal_notifier': Not used on non-Darwin systems
[1.926s] INFO:colcon.colcon_core.plugin_system:Skipping extension 'colcon_notification.desktop_notification.win32': Not used on non-Windows systems
[1.926s] INFO:colcon.colcon_notification.desktop_notification:Sending desktop notification using 'notify2'
[1.943s] DEBUG:colcon.colcon_core.event_reactor:joined thread
[1.946s] INFO:colcon.colcon_core.shell:Creating prefix script '/home/ineogi2/Biorobotics/ros2_ws/install/local_setup.ps1'
[1.947s] INFO:colcon.colcon_core.shell:Creating prefix util module '/home/ineogi2/Biorobotics/ros2_ws/install/_local_setup_util_ps1.py'
[1.948s] INFO:colcon.colcon_core.shell:Creating prefix chain script '/home/ineogi2/Biorobotics/ros2_ws/install/setup.ps1'
[1.951s] INFO:colcon.colcon_core.shell:Creating prefix script '/home/ineogi2/Biorobotics/ros2_ws/install/local_setup.sh'
[1.952s] INFO:colcon.colcon_core.shell:Creating prefix util module '/home/ineogi2/Biorobotics/ros2_ws/install/_local_setup_util_sh.py'
[1.952s] INFO:colcon.colcon_core.shell:Creating prefix chain script '/home/ineogi2/Biorobotics/ros2_ws/install/setup.sh'
[1.955s] INFO:colcon.colcon_core.shell:Creating prefix script '/home/ineogi2/Biorobotics/ros2_ws/install/local_setup.bash'
[1.955s] INFO:colcon.colcon_core.shell:Creating prefix chain script '/home/ineogi2/Biorobotics/ros2_ws/install/setup.bash'
[1.958s] INFO:colcon.colcon_core.shell:Creating prefix script '/home/ineogi2/Biorobotics/ros2_ws/install/local_setup.zsh'
[1.959s] INFO:colcon.colcon_core.shell:Creating prefix chain script '/home/ineogi2/Biorobotics/ros2_ws/install/setup.zsh'
