[0.034s] Invoking command in '/home/ineogi2/ws/Biorobotics/micro_ros/build/shape_msgs': AMENT_PREFIX_PATH=/home/ineogi2/ws/Biorobotics/micro_ros/install/geometry_msgs:/home/ineogi2/ws/Biorobotics/micro_ros/install/std_msgs:/home/ineogi2/ws/Biorobotics/micro_ros/install/builtin_interfaces:${AMENT_PREFIX_PATH} CMAKE_PREFIX_PATH=/home/ineogi2/ws/Biorobotics/micro_ros/install/geometry_msgs:/home/ineogi2/ws/Biorobotics/micro_ros/install/std_msgs:/home/ineogi2/ws/Biorobotics/micro_ros/install/builtin_interfaces:/home/ineogi2/ws/Biorobotics/micro_ros/install/rosidl_typesupport_microxrcedds_cpp:/home/ineogi2/ws/Biorobotics/micro_ros/install/rosidl_typesupport_microxrcedds_c:/home/ineogi2/ws/Biorobotics/micro_ros/install/microcdr:/home/ineogi2/ws/Biorobotics/micro_ros/install/micro_ros_setup:/home/ineogi2/ws/Biorobotics/ros2_ws/install/realsense2_description:/home/ineogi2/ws/Biorobotics/ros2_ws/install/realsense2_camera:/home/ineogi2/ws/Biorobotics/ros2_ws/install/realsense2_camera_msgs:/home/ineogi2/ws/Biorobotics/ros2_ws/install/ros_image:/opt/ros/foxy LD_LIBRARY_PATH=/home/ineogi2/ws/Biorobotics/micro_ros/install/geometry_msgs/lib:/home/ineogi2/ws/Biorobotics/micro_ros/install/std_msgs/lib:/home/ineogi2/ws/Biorobotics/micro_ros/install/builtin_interfaces/lib:${LD_LIBRARY_PATH} PYTHONPATH=/home/ineogi2/ws/Biorobotics/micro_ros/install/geometry_msgs/lib/python3.8/site-packages:/home/ineogi2/ws/Biorobotics/micro_ros/install/std_msgs/lib/python3.8/site-packages:/home/ineogi2/ws/Biorobotics/micro_ros/install/builtin_interfaces/lib/python3.8/site-packages:${PYTHONPATH} /usr/bin/cmake /home/ineogi2/ws/Biorobotics/micro_ros/src/ros2/common_interfaces/shape_msgs -DBUILD_TESTING=OFF -DBUILD_SHARED_LIBS=ON -DCMAKE_INSTALL_PREFIX=/home/ineogi2/ws/Biorobotics/micro_ros/install/shape_msgs
[0.083s] -- The C compiler identification is GNU 9.4.0
[0.138s] -- The CXX compiler identification is GNU 9.4.0
[0.144s] -- Check for working C compiler: /usr/bin/cc
[0.216s] -- Check for working C compiler: /usr/bin/cc -- works
[0.217s] -- Detecting C compiler ABI info
[0.320s] -- Detecting C compiler ABI info - done
[0.334s] -- Detecting C compile features
[0.334s] -- Detecting C compile features - done
[0.337s] -- Check for working CXX compiler: /usr/bin/c++
[0.423s] -- Check for working CXX compiler: /usr/bin/c++ -- works
[0.424s] -- Detecting CXX compiler ABI info
[0.504s] -- Detecting CXX compiler ABI info - done
[0.515s] -- Detecting CXX compile features
[0.516s] -- Detecting CXX compile features - done
[0.519s] -- Found ament_cmake: 0.9.9 (/opt/ros/foxy/share/ament_cmake/cmake)
[0.547s] -- Found PythonInterp: /usr/bin/python3 (found suitable version "3.8.10", minimum required is "3") 
[0.547s] -- Using PYTHON_EXECUTABLE: /usr/bin/python3
[0.750s] -- Found geometry_msgs: 2.0.5 (/home/ineogi2/ws/Biorobotics/micro_ros/install/geometry_msgs/share/geometry_msgs/cmake)
[0.790s] -- Using all available rosidl_typesupport_c: rosidl_typesupport_microxrcedds_c;rosidl_typesupport_fastrtps_c;rosidl_typesupport_introspection_c
[0.801s] -- Found rosidl_adapter: 1.2.1 (/opt/ros/foxy/share/rosidl_adapter/cmake)
[0.900s] -- Found OpenSSL: /usr/lib/x86_64-linux-gnu/libcrypto.so (found version "1.1.1f")  
[0.938s] -- Found FastRTPS: /opt/ros/foxy/include  
[1.026s] -- Using all available rosidl_typesupport_cpp: rosidl_typesupport_microxrcedds_cpp;rosidl_typesupport_fastrtps_cpp;rosidl_typesupport_introspection_cpp
[1.162s] -- Found rosidl_default_generators: 1.0.1 (/opt/ros/foxy/share/rosidl_default_generators/cmake)
[1.206s] -- Found PythonInterp: /usr/bin/python3 (found version "3.8.10") 
[1.440s] -- Found ament_cmake_ros: 0.9.2 (/opt/ros/foxy/share/ament_cmake_ros/cmake)
[1.693s] -- Using all available rosidl_typesupport_c: rosidl_typesupport_microxrcedds_c;rosidl_typesupport_fastrtps_c;rosidl_typesupport_introspection_c
[1.887s] -- Using all available rosidl_typesupport_cpp: rosidl_typesupport_microxrcedds_cpp;rosidl_typesupport_fastrtps_cpp;rosidl_typesupport_introspection_cpp
[1.939s] -- Found PythonInterp: /usr/bin/python3 (found suitable version "3.8.10", minimum required is "3.5") 
[1.942s] -- Found python_cmake_module: 0.8.1 (/opt/ros/foxy/share/python_cmake_module/cmake)
[1.986s] -- Found PythonLibs: /usr/lib/x86_64-linux-gnu/libpython3.8.so (found suitable version "3.8.10", minimum required is "3.5") 
[1.987s] -- Using PYTHON_EXECUTABLE: /usr/bin/python3
[1.987s] -- Using PYTHON_INCLUDE_DIRS: /usr/include/python3.8
[1.987s] -- Using PYTHON_LIBRARIES: /usr/lib/x86_64-linux-gnu/libpython3.8.so
[2.025s] -- Found PythonExtra: .so  
[2.190s] -- Configuring done
[2.300s] -- Generating done
[2.300s] -- Build files have been written to: /home/ineogi2/ws/Biorobotics/micro_ros/build/shape_msgs
[2.327s] Invoked command in '/home/ineogi2/ws/Biorobotics/micro_ros/build/shape_msgs' returned '0': AMENT_PREFIX_PATH=/home/ineogi2/ws/Biorobotics/micro_ros/install/geometry_msgs:/home/ineogi2/ws/Biorobotics/micro_ros/install/std_msgs:/home/ineogi2/ws/Biorobotics/micro_ros/install/builtin_interfaces:${AMENT_PREFIX_PATH} CMAKE_PREFIX_PATH=/home/ineogi2/ws/Biorobotics/micro_ros/install/geometry_msgs:/home/ineogi2/ws/Biorobotics/micro_ros/install/std_msgs:/home/ineogi2/ws/Biorobotics/micro_ros/install/builtin_interfaces:/home/ineogi2/ws/Biorobotics/micro_ros/install/rosidl_typesupport_microxrcedds_cpp:/home/ineogi2/ws/Biorobotics/micro_ros/install/rosidl_typesupport_microxrcedds_c:/home/ineogi2/ws/Biorobotics/micro_ros/install/microcdr:/home/ineogi2/ws/Biorobotics/micro_ros/install/micro_ros_setup:/home/ineogi2/ws/Biorobotics/ros2_ws/install/realsense2_description:/home/ineogi2/ws/Biorobotics/ros2_ws/install/realsense2_camera:/home/ineogi2/ws/Biorobotics/ros2_ws/install/realsense2_camera_msgs:/home/ineogi2/ws/Biorobotics/ros2_ws/install/ros_image:/opt/ros/foxy LD_LIBRARY_PATH=/home/ineogi2/ws/Biorobotics/micro_ros/install/geometry_msgs/lib:/home/ineogi2/ws/Biorobotics/micro_ros/install/std_msgs/lib:/home/ineogi2/ws/Biorobotics/micro_ros/install/builtin_interfaces/lib:${LD_LIBRARY_PATH} PYTHONPATH=/home/ineogi2/ws/Biorobotics/micro_ros/install/geometry_msgs/lib/python3.8/site-packages:/home/ineogi2/ws/Biorobotics/micro_ros/install/std_msgs/lib/python3.8/site-packages:/home/ineogi2/ws/Biorobotics/micro_ros/install/builtin_interfaces/lib/python3.8/site-packages:${PYTHONPATH} /usr/bin/cmake /home/ineogi2/ws/Biorobotics/micro_ros/src/ros2/common_interfaces/shape_msgs -DBUILD_TESTING=OFF -DBUILD_SHARED_LIBS=ON -DCMAKE_INSTALL_PREFIX=/home/ineogi2/ws/Biorobotics/micro_ros/install/shape_msgs
[2.330s] Invoking command in '/home/ineogi2/ws/Biorobotics/micro_ros/build/shape_msgs': AMENT_PREFIX_PATH=/home/ineogi2/ws/Biorobotics/micro_ros/install/geometry_msgs:/home/ineogi2/ws/Biorobotics/micro_ros/install/std_msgs:/home/ineogi2/ws/Biorobotics/micro_ros/install/builtin_interfaces:${AMENT_PREFIX_PATH} CMAKE_PREFIX_PATH=/home/ineogi2/ws/Biorobotics/micro_ros/install/geometry_msgs:/home/ineogi2/ws/Biorobotics/micro_ros/install/std_msgs:/home/ineogi2/ws/Biorobotics/micro_ros/install/builtin_interfaces:/home/ineogi2/ws/Biorobotics/micro_ros/install/rosidl_typesupport_microxrcedds_cpp:/home/ineogi2/ws/Biorobotics/micro_ros/install/rosidl_typesupport_microxrcedds_c:/home/ineogi2/ws/Biorobotics/micro_ros/install/microcdr:/home/ineogi2/ws/Biorobotics/micro_ros/install/micro_ros_setup:/home/ineogi2/ws/Biorobotics/ros2_ws/install/realsense2_description:/home/ineogi2/ws/Biorobotics/ros2_ws/install/realsense2_camera:/home/ineogi2/ws/Biorobotics/ros2_ws/install/realsense2_camera_msgs:/home/ineogi2/ws/Biorobotics/ros2_ws/install/ros_image:/opt/ros/foxy LD_LIBRARY_PATH=/home/ineogi2/ws/Biorobotics/micro_ros/install/geometry_msgs/lib:/home/ineogi2/ws/Biorobotics/micro_ros/install/std_msgs/lib:/home/ineogi2/ws/Biorobotics/micro_ros/install/builtin_interfaces/lib:${LD_LIBRARY_PATH} PYTHONPATH=/home/ineogi2/ws/Biorobotics/micro_ros/install/geometry_msgs/lib/python3.8/site-packages:/home/ineogi2/ws/Biorobotics/micro_ros/install/std_msgs/lib/python3.8/site-packages:/home/ineogi2/ws/Biorobotics/micro_ros/install/builtin_interfaces/lib/python3.8/site-packages:${PYTHONPATH} /usr/bin/cmake --build /home/ineogi2/ws/Biorobotics/micro_ros/build/shape_msgs -- -j12 -l12
[2.456s] [  1%] [34m[1mGenerating C code for ROS interfaces[0m
[2.464s] [35m[1mScanning dependencies of target shape_msgs__cpp[0m
[2.508s] [  2%] [34m[1mGenerating C++ code for ROS interfaces[0m
[3.904s] [  2%] Built target shape_msgs__cpp
[3.948s] [  4%] [34m[1mGenerating C++ introspection for ROS interfaces[0m
[4.030s] [35m[1mScanning dependencies of target shape_msgs__rosidl_generator_c[0m
[4.071s] [  5%] [32mBuilding C object CMakeFiles/shape_msgs__rosidl_generator_c.dir/rosidl_generator_c/shape_msgs/msg/detail/mesh__functions.c.o[0m
[4.112s] [  7%] [32mBuilding C object CMakeFiles/shape_msgs__rosidl_generator_c.dir/rosidl_generator_c/shape_msgs/msg/detail/mesh_triangle__functions.c.o[0m
[4.113s] [  8%] [32mBuilding C object CMakeFiles/shape_msgs__rosidl_generator_c.dir/rosidl_generator_c/shape_msgs/msg/detail/plane__functions.c.o[0m
[4.202s] [ 10%] [32mBuilding C object CMakeFiles/shape_msgs__rosidl_generator_c.dir/rosidl_generator_c/shape_msgs/msg/detail/solid_primitive__functions.c.o[0m
[4.317s] [ 11%] [32m[1mLinking C shared library libshape_msgs__rosidl_generator_c.so[0m
[4.442s] [ 11%] Built target shape_msgs__rosidl_generator_c
[4.487s] [ 13%] [34m[1mGenerating C++ type support for eProsima Micro XRCE-DDS[0m
[5.237s] [35m[1mScanning dependencies of target shape_msgs__rosidl_typesupport_introspection_cpp[0m
[5.262s] [ 14%] [32mBuilding CXX object CMakeFiles/shape_msgs__rosidl_typesupport_introspection_cpp.dir/rosidl_typesupport_introspection_cpp/shape_msgs/msg/detail/mesh__type_support.cpp.o[0m
[5.293s] [ 15%] [32mBuilding CXX object CMakeFiles/shape_msgs__rosidl_typesupport_introspection_cpp.dir/rosidl_typesupport_introspection_cpp/shape_msgs/msg/detail/mesh_triangle__type_support.cpp.o[0m
[5.893s] [ 17%] [32mBuilding CXX object CMakeFiles/shape_msgs__rosidl_typesupport_introspection_cpp.dir/rosidl_typesupport_introspection_cpp/shape_msgs/msg/detail/solid_primitive__type_support.cpp.o[0m
[6.015s] [35m[1mScanning dependencies of target shape_msgs__rosidl_typesupport_microxrcedds_cpp[0m
[6.111s] [ 18%] [32mBuilding CXX object CMakeFiles/shape_msgs__rosidl_typesupport_microxrcedds_cpp.dir/rosidl_typesupport_microxrcedds_cpp/shape_msgs/msg/detail/microxrcedds/mesh__type_support_cpp.cpp.o[0m
[6.111s] [ 20%] [32mBuilding CXX object CMakeFiles/shape_msgs__rosidl_typesupport_microxrcedds_cpp.dir/rosidl_typesupport_microxrcedds_cpp/shape_msgs/msg/detail/microxrcedds/mesh_triangle__type_support_cpp.cpp.o[0m
[6.111s] [ 21%] [32mBuilding CXX object CMakeFiles/shape_msgs__rosidl_typesupport_microxrcedds_cpp.dir/rosidl_typesupport_microxrcedds_cpp/shape_msgs/msg/detail/microxrcedds/plane__type_support_cpp.cpp.o[0m
[6.239s] [ 23%] [32mBuilding CXX object CMakeFiles/shape_msgs__rosidl_typesupport_introspection_cpp.dir/rosidl_typesupport_introspection_cpp/shape_msgs/msg/detail/plane__type_support.cpp.o[0m
[6.944s] [ 24%] [32mBuilding CXX object CMakeFiles/shape_msgs__rosidl_typesupport_microxrcedds_cpp.dir/rosidl_typesupport_microxrcedds_cpp/shape_msgs/msg/detail/microxrcedds/solid_primitive__type_support_cpp.cpp.o[0m
[7.610s] [ 26%] [32m[1mLinking CXX shared library libshape_msgs__rosidl_typesupport_introspection_cpp.so[0m
[7.903s] [ 26%] Built target shape_msgs__rosidl_typesupport_introspection_cpp
[7.985s] [ 27%] [34m[1mGenerating C introspection for ROS interfaces[0m
[8.190s] [ 28%] [32m[1mLinking CXX shared library libshape_msgs__rosidl_typesupport_microxrcedds_cpp.so[0m
[8.469s] [ 28%] Built target shape_msgs__rosidl_typesupport_microxrcedds_cpp
[9.183s] [35m[1mScanning dependencies of target shape_msgs__rosidl_typesupport_introspection_c[0m
[9.254s] [ 30%] [32mBuilding C object CMakeFiles/shape_msgs__rosidl_typesupport_introspection_c.dir/rosidl_typesupport_introspection_c/shape_msgs/msg/detail/mesh__type_support.c.o[0m
[9.379s] [ 31%] [32mBuilding C object CMakeFiles/shape_msgs__rosidl_typesupport_introspection_c.dir/rosidl_typesupport_introspection_c/shape_msgs/msg/detail/solid_primitive__type_support.c.o[0m
[9.434s] [ 33%] [32mBuilding C object CMakeFiles/shape_msgs__rosidl_typesupport_introspection_c.dir/rosidl_typesupport_introspection_c/shape_msgs/msg/detail/plane__type_support.c.o[0m
[9.533s] [ 34%] [32mBuilding C object CMakeFiles/shape_msgs__rosidl_typesupport_introspection_c.dir/rosidl_typesupport_introspection_c/shape_msgs/msg/detail/mesh_triangle__type_support.c.o[0m
[9.607s] [ 36%] [32m[1mLinking C shared library libshape_msgs__rosidl_typesupport_introspection_c.so[0m
[9.685s] [ 36%] Built target shape_msgs__rosidl_typesupport_introspection_c
[9.725s] [ 37%] [34m[1mGenerating C type support for eProsima Micro XRCE-DDS[0m
[10.540s] [35m[1mScanning dependencies of target shape_msgs__rosidl_typesupport_microxrcedds_c[0m
[10.578s] [ 39%] [32mBuilding C object CMakeFiles/shape_msgs__rosidl_typesupport_microxrcedds_c.dir/rosidl_typesupport_microxrcedds_c/shape_msgs/msg/detail/microxrcedds/mesh__type_support_c.c.o[0m
[10.668s] [ 40%] [32mBuilding C object CMakeFiles/shape_msgs__rosidl_typesupport_microxrcedds_c.dir/rosidl_typesupport_microxrcedds_c/shape_msgs/msg/detail/microxrcedds/solid_primitive__type_support_c.c.o[0m
[10.740s] [ 42%] [32mBuilding C object CMakeFiles/shape_msgs__rosidl_typesupport_microxrcedds_c.dir/rosidl_typesupport_microxrcedds_c/shape_msgs/msg/detail/microxrcedds/plane__type_support_c.c.o[0m
[10.804s] [ 43%] [32mBuilding C object CMakeFiles/shape_msgs__rosidl_typesupport_microxrcedds_c.dir/rosidl_typesupport_microxrcedds_c/shape_msgs/msg/detail/microxrcedds/mesh_triangle__type_support_c.c.o[0m
[10.875s] [ 44%] [32m[1mLinking C shared library libshape_msgs__rosidl_typesupport_microxrcedds_c.so[0m
[10.937s] [ 44%] Built target shape_msgs__rosidl_typesupport_microxrcedds_c
[10.963s] [ 46%] [34m[1mGenerating C type support dispatch for ROS interfaces[0m
[11.538s] [35m[1mScanning dependencies of target shape_msgs__rosidl_typesupport_c[0m
[11.558s] [ 47%] [32mBuilding CXX object CMakeFiles/shape_msgs__rosidl_typesupport_c.dir/rosidl_typesupport_c/shape_msgs/msg/mesh__type_support.cpp.o[0m
[11.586s] [ 49%] [32mBuilding CXX object CMakeFiles/shape_msgs__rosidl_typesupport_c.dir/rosidl_typesupport_c/shape_msgs/msg/solid_primitive__type_support.cpp.o[0m
[11.623s] [ 50%] [32mBuilding CXX object CMakeFiles/shape_msgs__rosidl_typesupport_c.dir/rosidl_typesupport_c/shape_msgs/msg/plane__type_support.cpp.o[0m
[11.654s] [ 52%] [32mBuilding CXX object CMakeFiles/shape_msgs__rosidl_typesupport_c.dir/rosidl_typesupport_c/shape_msgs/msg/mesh_triangle__type_support.cpp.o[0m
[11.688s] [ 53%] [32m[1mLinking CXX shared library libshape_msgs__rosidl_typesupport_c.so[0m
[11.731s] [ 53%] Built target shape_msgs__rosidl_typesupport_c
[11.741s] [ 55%] [34m[1mGenerating C++ type support for eProsima Fast-RTPS[0m
[12.348s] [35m[1mScanning dependencies of target shape_msgs__rosidl_typesupport_fastrtps_cpp[0m
[12.366s] [ 56%] [32mBuilding CXX object CMakeFiles/shape_msgs__rosidl_typesupport_fastrtps_cpp.dir/rosidl_typesupport_fastrtps_cpp/shape_msgs/msg/detail/dds_fastrtps/mesh__type_support.cpp.o[0m
[12.795s] [ 57%] [32mBuilding CXX object CMakeFiles/shape_msgs__rosidl_typesupport_fastrtps_cpp.dir/rosidl_typesupport_fastrtps_cpp/shape_msgs/msg/detail/dds_fastrtps/solid_primitive__type_support.cpp.o[0m
[13.200s] [ 59%] [32mBuilding CXX object CMakeFiles/shape_msgs__rosidl_typesupport_fastrtps_cpp.dir/rosidl_typesupport_fastrtps_cpp/shape_msgs/msg/detail/dds_fastrtps/plane__type_support.cpp.o[0m
[13.565s] [ 60%] [32mBuilding CXX object CMakeFiles/shape_msgs__rosidl_typesupport_fastrtps_cpp.dir/rosidl_typesupport_fastrtps_cpp/shape_msgs/msg/detail/dds_fastrtps/mesh_triangle__type_support.cpp.o[0m
[13.904s] [ 62%] [32m[1mLinking CXX shared library libshape_msgs__rosidl_typesupport_fastrtps_cpp.so[0m
[13.997s] [ 62%] Built target shape_msgs__rosidl_typesupport_fastrtps_cpp
[14.012s] [ 63%] [34m[1mGenerating C++ type support dispatch for ROS interfaces[0m
[14.395s] [35m[1mScanning dependencies of target shape_msgs__rosidl_typesupport_cpp[0m
[14.411s] [ 65%] [32mBuilding CXX object CMakeFiles/shape_msgs__rosidl_typesupport_cpp.dir/rosidl_typesupport_cpp/shape_msgs/msg/mesh__type_support.cpp.o[0m
[14.650s] [ 66%] [32mBuilding CXX object CMakeFiles/shape_msgs__rosidl_typesupport_cpp.dir/rosidl_typesupport_cpp/shape_msgs/msg/solid_primitive__type_support.cpp.o[0m
[14.889s] [ 68%] [32mBuilding CXX object CMakeFiles/shape_msgs__rosidl_typesupport_cpp.dir/rosidl_typesupport_cpp/shape_msgs/msg/plane__type_support.cpp.o[0m
[15.123s] [ 69%] [32mBuilding CXX object CMakeFiles/shape_msgs__rosidl_typesupport_cpp.dir/rosidl_typesupport_cpp/shape_msgs/msg/mesh_triangle__type_support.cpp.o[0m
[15.356s] [ 71%] [32m[1mLinking CXX shared library libshape_msgs__rosidl_typesupport_cpp.so[0m
[15.392s] [ 71%] Built target shape_msgs__rosidl_typesupport_cpp
[15.402s] [ 72%] [34m[1mGenerating C type support for eProsima Fast-RTPS[0m
[15.809s] [35m[1mScanning dependencies of target shape_msgs__rosidl_typesupport_fastrtps_c[0m
[15.825s] [ 73%] [32mBuilding CXX object CMakeFiles/shape_msgs__rosidl_typesupport_fastrtps_c.dir/rosidl_typesupport_fastrtps_c/shape_msgs/msg/detail/mesh__type_support_c.cpp.o[0m
[16.150s] [ 75%] [32mBuilding CXX object CMakeFiles/shape_msgs__rosidl_typesupport_fastrtps_c.dir/rosidl_typesupport_fastrtps_c/shape_msgs/msg/detail/solid_primitive__type_support_c.cpp.o[0m
[16.599s] [ 76%] [32mBuilding CXX object CMakeFiles/shape_msgs__rosidl_typesupport_fastrtps_c.dir/rosidl_typesupport_fastrtps_c/shape_msgs/msg/detail/plane__type_support_c.cpp.o[0m
[17.044s] [ 78%] [32mBuilding CXX object CMakeFiles/shape_msgs__rosidl_typesupport_fastrtps_c.dir/rosidl_typesupport_fastrtps_c/shape_msgs/msg/detail/mesh_triangle__type_support_c.cpp.o[0m
[17.353s] [ 79%] [32m[1mLinking CXX shared library libshape_msgs__rosidl_typesupport_fastrtps_c.so[0m
[17.451s] [ 79%] Built target shape_msgs__rosidl_typesupport_fastrtps_c
[17.460s] [35m[1mScanning dependencies of target shape_msgs[0m
[17.469s] [ 79%] Built target shape_msgs
[17.477s] [35m[1mScanning dependencies of target shape_msgs__py[0m
[17.486s] [ 81%] [34m[1mGenerating Python code for ROS interfaces[0m
[18.518s] [ 81%] Built target shape_msgs__py
[18.527s] [35m[1mScanning dependencies of target shape_msgs__python[0m
[18.551s] [ 82%] [32mBuilding C object CMakeFiles/shape_msgs__python.dir/rosidl_generator_py/shape_msgs/msg/_mesh_s.c.o[0m
[18.630s] [ 84%] [32mBuilding C object CMakeFiles/shape_msgs__python.dir/rosidl_generator_py/shape_msgs/msg/_solid_primitive_s.c.o[0m
[18.709s] [ 85%] [32mBuilding C object CMakeFiles/shape_msgs__python.dir/rosidl_generator_py/shape_msgs/msg/_plane_s.c.o[0m
[18.795s] [ 86%] [32mBuilding C object CMakeFiles/shape_msgs__python.dir/rosidl_generator_py/shape_msgs/msg/_mesh_triangle_s.c.o[0m
[18.871s] [ 88%] [32m[1mLinking C shared library rosidl_generator_py/shape_msgs/libshape_msgs__python.so[0m
[18.911s] [ 88%] Built target shape_msgs__python
[18.919s] [35m[1mScanning dependencies of target shape_msgs__rosidl_typesupport_introspection_c__pyext[0m
[18.939s] [ 89%] [32mBuilding C object CMakeFiles/shape_msgs__rosidl_typesupport_introspection_c__pyext.dir/rosidl_generator_py/shape_msgs/_shape_msgs_s.ep.rosidl_typesupport_introspection_c.c.o[0m
[19.012s] [ 91%] [32m[1mLinking C shared library rosidl_generator_py/shape_msgs/shape_msgs_s__rosidl_typesupport_introspection_c.cpython-38-x86_64-linux-gnu.so[0m
[19.047s] [ 91%] Built target shape_msgs__rosidl_typesupport_introspection_c__pyext
[19.056s] [35m[1mScanning dependencies of target shape_msgs__rosidl_typesupport_c__pyext[0m
[19.074s] [ 92%] [32mBuilding C object CMakeFiles/shape_msgs__rosidl_typesupport_c__pyext.dir/rosidl_generator_py/shape_msgs/_shape_msgs_s.ep.rosidl_typesupport_c.c.o[0m
[19.194s] [ 94%] [32m[1mLinking C shared library rosidl_generator_py/shape_msgs/shape_msgs_s__rosidl_typesupport_c.cpython-38-x86_64-linux-gnu.so[0m
[19.226s] [ 94%] Built target shape_msgs__rosidl_typesupport_c__pyext
[19.235s] [35m[1mScanning dependencies of target shape_msgs__rosidl_typesupport_microxrcedds_c__pyext[0m
[19.255s] [ 95%] [32mBuilding C object CMakeFiles/shape_msgs__rosidl_typesupport_microxrcedds_c__pyext.dir/rosidl_generator_py/shape_msgs/_shape_msgs_s.ep.rosidl_typesupport_microxrcedds_c.c.o[0m
[19.329s] [ 97%] [32m[1mLinking C shared library rosidl_generator_py/shape_msgs/shape_msgs_s__rosidl_typesupport_microxrcedds_c.cpython-38-x86_64-linux-gnu.so[0m
[19.365s] [ 97%] Built target shape_msgs__rosidl_typesupport_microxrcedds_c__pyext
[19.375s] [35m[1mScanning dependencies of target shape_msgs__rosidl_typesupport_fastrtps_c__pyext[0m
[19.397s] [ 98%] [32mBuilding C object CMakeFiles/shape_msgs__rosidl_typesupport_fastrtps_c__pyext.dir/rosidl_generator_py/shape_msgs/_shape_msgs_s.ep.rosidl_typesupport_fastrtps_c.c.o[0m
[19.471s] [100%] [32m[1mLinking CXX shared library rosidl_generator_py/shape_msgs/shape_msgs_s__rosidl_typesupport_fastrtps_c.cpython-38-x86_64-linux-gnu.so[0m
[19.530s] [100%] Built target shape_msgs__rosidl_typesupport_fastrtps_c__pyext
[19.541s] Invoked command in '/home/ineogi2/ws/Biorobotics/micro_ros/build/shape_msgs' returned '0': AMENT_PREFIX_PATH=/home/ineogi2/ws/Biorobotics/micro_ros/install/geometry_msgs:/home/ineogi2/ws/Biorobotics/micro_ros/install/std_msgs:/home/ineogi2/ws/Biorobotics/micro_ros/install/builtin_interfaces:${AMENT_PREFIX_PATH} CMAKE_PREFIX_PATH=/home/ineogi2/ws/Biorobotics/micro_ros/install/geometry_msgs:/home/ineogi2/ws/Biorobotics/micro_ros/install/std_msgs:/home/ineogi2/ws/Biorobotics/micro_ros/install/builtin_interfaces:/home/ineogi2/ws/Biorobotics/micro_ros/install/rosidl_typesupport_microxrcedds_cpp:/home/ineogi2/ws/Biorobotics/micro_ros/install/rosidl_typesupport_microxrcedds_c:/home/ineogi2/ws/Biorobotics/micro_ros/install/microcdr:/home/ineogi2/ws/Biorobotics/micro_ros/install/micro_ros_setup:/home/ineogi2/ws/Biorobotics/ros2_ws/install/realsense2_description:/home/ineogi2/ws/Biorobotics/ros2_ws/install/realsense2_camera:/home/ineogi2/ws/Biorobotics/ros2_ws/install/realsense2_camera_msgs:/home/ineogi2/ws/Biorobotics/ros2_ws/install/ros_image:/opt/ros/foxy LD_LIBRARY_PATH=/home/ineogi2/ws/Biorobotics/micro_ros/install/geometry_msgs/lib:/home/ineogi2/ws/Biorobotics/micro_ros/install/std_msgs/lib:/home/ineogi2/ws/Biorobotics/micro_ros/install/builtin_interfaces/lib:${LD_LIBRARY_PATH} PYTHONPATH=/home/ineogi2/ws/Biorobotics/micro_ros/install/geometry_msgs/lib/python3.8/site-packages:/home/ineogi2/ws/Biorobotics/micro_ros/install/std_msgs/lib/python3.8/site-packages:/home/ineogi2/ws/Biorobotics/micro_ros/install/builtin_interfaces/lib/python3.8/site-packages:${PYTHONPATH} /usr/bin/cmake --build /home/ineogi2/ws/Biorobotics/micro_ros/build/shape_msgs -- -j12 -l12
[19.623s] Invoking command in '/home/ineogi2/ws/Biorobotics/micro_ros/build/shape_msgs': AMENT_PREFIX_PATH=/home/ineogi2/ws/Biorobotics/micro_ros/install/geometry_msgs:/home/ineogi2/ws/Biorobotics/micro_ros/install/std_msgs:/home/ineogi2/ws/Biorobotics/micro_ros/install/builtin_interfaces:${AMENT_PREFIX_PATH} CMAKE_PREFIX_PATH=/home/ineogi2/ws/Biorobotics/micro_ros/install/geometry_msgs:/home/ineogi2/ws/Biorobotics/micro_ros/install/std_msgs:/home/ineogi2/ws/Biorobotics/micro_ros/install/builtin_interfaces:/home/ineogi2/ws/Biorobotics/micro_ros/install/rosidl_typesupport_microxrcedds_cpp:/home/ineogi2/ws/Biorobotics/micro_ros/install/rosidl_typesupport_microxrcedds_c:/home/ineogi2/ws/Biorobotics/micro_ros/install/microcdr:/home/ineogi2/ws/Biorobotics/micro_ros/install/micro_ros_setup:/home/ineogi2/ws/Biorobotics/ros2_ws/install/realsense2_description:/home/ineogi2/ws/Biorobotics/ros2_ws/install/realsense2_camera:/home/ineogi2/ws/Biorobotics/ros2_ws/install/realsense2_camera_msgs:/home/ineogi2/ws/Biorobotics/ros2_ws/install/ros_image:/opt/ros/foxy LD_LIBRARY_PATH=/home/ineogi2/ws/Biorobotics/micro_ros/install/geometry_msgs/lib:/home/ineogi2/ws/Biorobotics/micro_ros/install/std_msgs/lib:/home/ineogi2/ws/Biorobotics/micro_ros/install/builtin_interfaces/lib:${LD_LIBRARY_PATH} PYTHONPATH=/home/ineogi2/ws/Biorobotics/micro_ros/install/geometry_msgs/lib/python3.8/site-packages:/home/ineogi2/ws/Biorobotics/micro_ros/install/std_msgs/lib/python3.8/site-packages:/home/ineogi2/ws/Biorobotics/micro_ros/install/builtin_interfaces/lib/python3.8/site-packages:${PYTHONPATH} /usr/bin/cmake --install /home/ineogi2/ws/Biorobotics/micro_ros/build/shape_msgs
[19.632s] -- Install configuration: ""
[19.632s] -- Installing: /home/ineogi2/ws/Biorobotics/micro_ros/install/shape_msgs/share/ament_index/resource_index/rosidl_interfaces/shape_msgs
[19.632s] -- Installing: /home/ineogi2/ws/Biorobotics/micro_ros/install/shape_msgs/include/shape_msgs
[19.632s] -- Installing: /home/ineogi2/ws/Biorobotics/micro_ros/install/shape_msgs/include/shape_msgs/msg
[19.632s] -- Installing: /home/ineogi2/ws/Biorobotics/micro_ros/install/shape_msgs/include/shape_msgs/msg/mesh_triangle.h
[19.632s] -- Installing: /home/ineogi2/ws/Biorobotics/micro_ros/install/shape_msgs/include/shape_msgs/msg/plane.h
[19.632s] -- Installing: /home/ineogi2/ws/Biorobotics/micro_ros/install/shape_msgs/include/shape_msgs/msg/mesh.h
[19.633s] -- Installing: /home/ineogi2/ws/Biorobotics/micro_ros/install/shape_msgs/include/shape_msgs/msg/rosidl_generator_c__visibility_control.h
[19.633s] -- Installing: /home/ineogi2/ws/Biorobotics/micro_ros/install/shape_msgs/include/shape_msgs/msg/solid_primitive.h
[19.633s] -- Installing: /home/ineogi2/ws/Biorobotics/micro_ros/install/shape_msgs/include/shape_msgs/msg/detail
[19.633s] -- Installing: /home/ineogi2/ws/Biorobotics/micro_ros/install/shape_msgs/include/shape_msgs/msg/detail/solid_primitive__struct.h
[19.633s] -- Installing: /home/ineogi2/ws/Biorobotics/micro_ros/install/shape_msgs/include/shape_msgs/msg/detail/mesh_triangle__functions.c
[19.633s] -- Installing: /home/ineogi2/ws/Biorobotics/micro_ros/install/shape_msgs/include/shape_msgs/msg/detail/plane__type_support.h
[19.633s] -- Installing: /home/ineogi2/ws/Biorobotics/micro_ros/install/shape_msgs/include/shape_msgs/msg/detail/plane__functions.h
[19.633s] -- Installing: /home/ineogi2/ws/Biorobotics/micro_ros/install/shape_msgs/include/shape_msgs/msg/detail/solid_primitive__functions.h
[19.634s] -- Installing: /home/ineogi2/ws/Biorobotics/micro_ros/install/shape_msgs/include/shape_msgs/msg/detail/mesh_triangle__struct.h
[19.634s] -- Installing: /home/ineogi2/ws/Biorobotics/micro_ros/install/shape_msgs/include/shape_msgs/msg/detail/solid_primitive__type_support.h
[19.634s] -- Installing: /home/ineogi2/ws/Biorobotics/micro_ros/install/shape_msgs/include/shape_msgs/msg/detail/plane__struct.h
[19.634s] -- Installing: /home/ineogi2/ws/Biorobotics/micro_ros/install/shape_msgs/include/shape_msgs/msg/detail/mesh__functions.h
[19.634s] -- Installing: /home/ineogi2/ws/Biorobotics/micro_ros/install/shape_msgs/include/shape_msgs/msg/detail/solid_primitive__functions.c
[19.634s] -- Installing: /home/ineogi2/ws/Biorobotics/micro_ros/install/shape_msgs/include/shape_msgs/msg/detail/mesh_triangle__functions.h
[19.634s] -- Installing: /home/ineogi2/ws/Biorobotics/micro_ros/install/shape_msgs/include/shape_msgs/msg/detail/plane__functions.c
[19.635s] -- Installing: /home/ineogi2/ws/Biorobotics/micro_ros/install/shape_msgs/include/shape_msgs/msg/detail/mesh__struct.h
[19.635s] -- Installing: /home/ineogi2/ws/Biorobotics/micro_ros/install/shape_msgs/include/shape_msgs/msg/detail/mesh__functions.c
[19.635s] -- Installing: /home/ineogi2/ws/Biorobotics/micro_ros/install/shape_msgs/include/shape_msgs/msg/detail/mesh__type_support.h
[19.635s] -- Installing: /home/ineogi2/ws/Biorobotics/micro_ros/install/shape_msgs/include/shape_msgs/msg/detail/mesh_triangle__type_support.h
[19.635s] -- Installing: /home/ineogi2/ws/Biorobotics/micro_ros/install/shape_msgs/share/shape_msgs/environment/library_path.sh
[19.635s] -- Installing: /home/ineogi2/ws/Biorobotics/micro_ros/install/shape_msgs/share/shape_msgs/environment/library_path.dsv
[19.635s] -- Installing: /home/ineogi2/ws/Biorobotics/micro_ros/install/shape_msgs/lib/libshape_msgs__rosidl_generator_c.so
[19.635s] -- Set runtime path of "/home/ineogi2/ws/Biorobotics/micro_ros/install/shape_msgs/lib/libshape_msgs__rosidl_generator_c.so" to ""
[19.636s] -- Up-to-date: /home/ineogi2/ws/Biorobotics/micro_ros/install/shape_msgs/include/shape_msgs
[19.636s] -- Up-to-date: /home/ineogi2/ws/Biorobotics/micro_ros/install/shape_msgs/include/shape_msgs/msg
[19.636s] -- Up-to-date: /home/ineogi2/ws/Biorobotics/micro_ros/install/shape_msgs/include/shape_msgs/msg/detail
[19.636s] -- Installing: /home/ineogi2/ws/Biorobotics/micro_ros/install/shape_msgs/include/shape_msgs/msg/detail/plane__rosidl_typesupport_microxrcedds_c.h
[19.636s] -- Installing: /home/ineogi2/ws/Biorobotics/micro_ros/install/shape_msgs/include/shape_msgs/msg/detail/microxrcedds
[19.636s] -- Installing: /home/ineogi2/ws/Biorobotics/micro_ros/install/shape_msgs/include/shape_msgs/msg/detail/mesh__rosidl_typesupport_microxrcedds_c.h
[19.636s] -- Installing: /home/ineogi2/ws/Biorobotics/micro_ros/install/shape_msgs/include/shape_msgs/msg/detail/mesh_triangle__rosidl_typesupport_microxrcedds_c.h
[19.637s] -- Installing: /home/ineogi2/ws/Biorobotics/micro_ros/install/shape_msgs/include/shape_msgs/msg/detail/solid_primitive__rosidl_typesupport_microxrcedds_c.h
[19.637s] -- Installing: /home/ineogi2/ws/Biorobotics/micro_ros/install/shape_msgs/include/shape_msgs/msg/rosidl_typesupport_microxrcedds_c__visibility_control.h
[19.637s] -- Installing: /home/ineogi2/ws/Biorobotics/micro_ros/install/shape_msgs/lib/libshape_msgs__rosidl_typesupport_microxrcedds_c.so
[19.637s] -- Set runtime path of "/home/ineogi2/ws/Biorobotics/micro_ros/install/shape_msgs/lib/libshape_msgs__rosidl_typesupport_microxrcedds_c.so" to ""
[19.637s] -- Up-to-date: /home/ineogi2/ws/Biorobotics/micro_ros/install/shape_msgs/include/shape_msgs
[19.637s] -- Up-to-date: /home/ineogi2/ws/Biorobotics/micro_ros/install/shape_msgs/include/shape_msgs/msg
[19.637s] -- Installing: /home/ineogi2/ws/Biorobotics/micro_ros/install/shape_msgs/include/shape_msgs/msg/rosidl_typesupport_fastrtps_c__visibility_control.h
[19.637s] -- Up-to-date: /home/ineogi2/ws/Biorobotics/micro_ros/install/shape_msgs/include/shape_msgs/msg/detail
[19.638s] -- Installing: /home/ineogi2/ws/Biorobotics/micro_ros/install/shape_msgs/include/shape_msgs/msg/detail/solid_primitive__rosidl_typesupport_fastrtps_c.h
[19.638s] -- Installing: /home/ineogi2/ws/Biorobotics/micro_ros/install/shape_msgs/include/shape_msgs/msg/detail/mesh__rosidl_typesupport_fastrtps_c.h
[19.638s] -- Installing: /home/ineogi2/ws/Biorobotics/micro_ros/install/shape_msgs/include/shape_msgs/msg/detail/plane__rosidl_typesupport_fastrtps_c.h
[19.638s] -- Installing: /home/ineogi2/ws/Biorobotics/micro_ros/install/shape_msgs/include/shape_msgs/msg/detail/mesh_triangle__rosidl_typesupport_fastrtps_c.h
[19.638s] -- Installing: /home/ineogi2/ws/Biorobotics/micro_ros/install/shape_msgs/lib/libshape_msgs__rosidl_typesupport_fastrtps_c.so
[19.638s] -- Set runtime path of "/home/ineogi2/ws/Biorobotics/micro_ros/install/shape_msgs/lib/libshape_msgs__rosidl_typesupport_fastrtps_c.so" to ""
[19.638s] -- Up-to-date: /home/ineogi2/ws/Biorobotics/micro_ros/install/shape_msgs/include/shape_msgs
[19.639s] -- Up-to-date: /home/ineogi2/ws/Biorobotics/micro_ros/install/shape_msgs/include/shape_msgs/msg
[19.639s] -- Installing: /home/ineogi2/ws/Biorobotics/micro_ros/install/shape_msgs/include/shape_msgs/msg/rosidl_typesupport_fastrtps_cpp__visibility_control.h
[19.639s] -- Up-to-date: /home/ineogi2/ws/Biorobotics/micro_ros/install/shape_msgs/include/shape_msgs/msg/detail
[19.639s] -- Installing: /home/ineogi2/ws/Biorobotics/micro_ros/install/shape_msgs/include/shape_msgs/msg/detail/solid_primitive__rosidl_typesupport_fastrtps_cpp.hpp
[19.639s] -- Installing: /home/ineogi2/ws/Biorobotics/micro_ros/install/shape_msgs/include/shape_msgs/msg/detail/plane__rosidl_typesupport_fastrtps_cpp.hpp
[19.639s] -- Installing: /home/ineogi2/ws/Biorobotics/micro_ros/install/shape_msgs/include/shape_msgs/msg/detail/mesh__rosidl_typesupport_fastrtps_cpp.hpp
[19.639s] -- Installing: /home/ineogi2/ws/Biorobotics/micro_ros/install/shape_msgs/include/shape_msgs/msg/detail/dds_fastrtps
[19.640s] -- Installing: /home/ineogi2/ws/Biorobotics/micro_ros/install/shape_msgs/include/shape_msgs/msg/detail/mesh_triangle__rosidl_typesupport_fastrtps_cpp.hpp
[19.640s] -- Installing: /home/ineogi2/ws/Biorobotics/micro_ros/install/shape_msgs/lib/libshape_msgs__rosidl_typesupport_fastrtps_cpp.so
[19.640s] -- Set runtime path of "/home/ineogi2/ws/Biorobotics/micro_ros/install/shape_msgs/lib/libshape_msgs__rosidl_typesupport_fastrtps_cpp.so" to ""
[19.640s] -- Up-to-date: /home/ineogi2/ws/Biorobotics/micro_ros/install/shape_msgs/include/shape_msgs
[19.640s] -- Up-to-date: /home/ineogi2/ws/Biorobotics/micro_ros/install/shape_msgs/include/shape_msgs/msg
[19.640s] -- Up-to-date: /home/ineogi2/ws/Biorobotics/micro_ros/install/shape_msgs/include/shape_msgs/msg/detail
[19.640s] -- Installing: /home/ineogi2/ws/Biorobotics/micro_ros/install/shape_msgs/include/shape_msgs/msg/detail/mesh__rosidl_typesupport_introspection_c.h
[19.641s] -- Installing: /home/ineogi2/ws/Biorobotics/micro_ros/install/shape_msgs/include/shape_msgs/msg/detail/plane__rosidl_typesupport_introspection_c.h
[19.641s] -- Installing: /home/ineogi2/ws/Biorobotics/micro_ros/install/shape_msgs/include/shape_msgs/msg/detail/solid_primitive__rosidl_typesupport_introspection_c.h
[19.641s] -- Installing: /home/ineogi2/ws/Biorobotics/micro_ros/install/shape_msgs/include/shape_msgs/msg/detail/solid_primitive__type_support.c
[19.641s] -- Installing: /home/ineogi2/ws/Biorobotics/micro_ros/install/shape_msgs/include/shape_msgs/msg/detail/mesh__type_support.c
[19.641s] -- Installing: /home/ineogi2/ws/Biorobotics/micro_ros/install/shape_msgs/include/shape_msgs/msg/detail/mesh_triangle__type_support.c
[19.641s] -- Installing: /home/ineogi2/ws/Biorobotics/micro_ros/install/shape_msgs/include/shape_msgs/msg/detail/plane__type_support.c
[19.641s] -- Installing: /home/ineogi2/ws/Biorobotics/micro_ros/install/shape_msgs/include/shape_msgs/msg/detail/mesh_triangle__rosidl_typesupport_introspection_c.h
[19.641s] -- Installing: /home/ineogi2/ws/Biorobotics/micro_ros/install/shape_msgs/include/shape_msgs/msg/rosidl_typesupport_introspection_c__visibility_control.h
[19.642s] -- Installing: /home/ineogi2/ws/Biorobotics/micro_ros/install/shape_msgs/lib/libshape_msgs__rosidl_typesupport_introspection_c.so
[19.642s] -- Set runtime path of "/home/ineogi2/ws/Biorobotics/micro_ros/install/shape_msgs/lib/libshape_msgs__rosidl_typesupport_introspection_c.so" to ""
[19.642s] -- Installing: /home/ineogi2/ws/Biorobotics/micro_ros/install/shape_msgs/lib/libshape_msgs__rosidl_typesupport_c.so
[19.642s] -- Set runtime path of "/home/ineogi2/ws/Biorobotics/micro_ros/install/shape_msgs/lib/libshape_msgs__rosidl_typesupport_c.so" to ""
[19.642s] -- Up-to-date: /home/ineogi2/ws/Biorobotics/micro_ros/install/shape_msgs/include/shape_msgs
[19.642s] -- Up-to-date: /home/ineogi2/ws/Biorobotics/micro_ros/install/shape_msgs/include/shape_msgs/msg
[19.642s] -- Installing: /home/ineogi2/ws/Biorobotics/micro_ros/install/shape_msgs/include/shape_msgs/msg/solid_primitive.hpp
[19.643s] -- Installing: /home/ineogi2/ws/Biorobotics/micro_ros/install/shape_msgs/include/shape_msgs/msg/mesh_triangle.hpp
[19.643s] -- Installing: /home/ineogi2/ws/Biorobotics/micro_ros/install/shape_msgs/include/shape_msgs/msg/plane.hpp
[19.643s] -- Installing: /home/ineogi2/ws/Biorobotics/micro_ros/install/shape_msgs/include/shape_msgs/msg/mesh.hpp
[19.643s] -- Up-to-date: /home/ineogi2/ws/Biorobotics/micro_ros/install/shape_msgs/include/shape_msgs/msg/detail
[19.643s] -- Installing: /home/ineogi2/ws/Biorobotics/micro_ros/install/shape_msgs/include/shape_msgs/msg/detail/solid_primitive__builder.hpp
[19.643s] -- Installing: /home/ineogi2/ws/Biorobotics/micro_ros/install/shape_msgs/include/shape_msgs/msg/detail/mesh_triangle__traits.hpp
[19.643s] -- Installing: /home/ineogi2/ws/Biorobotics/micro_ros/install/shape_msgs/include/shape_msgs/msg/detail/mesh__builder.hpp
[19.644s] -- Installing: /home/ineogi2/ws/Biorobotics/micro_ros/install/shape_msgs/include/shape_msgs/msg/detail/mesh__traits.hpp
[19.644s] -- Installing: /home/ineogi2/ws/Biorobotics/micro_ros/install/shape_msgs/include/shape_msgs/msg/detail/plane__builder.hpp
[19.644s] -- Installing: /home/ineogi2/ws/Biorobotics/micro_ros/install/shape_msgs/include/shape_msgs/msg/detail/mesh_triangle__struct.hpp
[19.644s] -- Installing: /home/ineogi2/ws/Biorobotics/micro_ros/install/shape_msgs/include/shape_msgs/msg/detail/solid_primitive__traits.hpp
[19.644s] -- Installing: /home/ineogi2/ws/Biorobotics/micro_ros/install/shape_msgs/include/shape_msgs/msg/detail/mesh__struct.hpp
[19.644s] -- Installing: /home/ineogi2/ws/Biorobotics/micro_ros/install/shape_msgs/include/shape_msgs/msg/detail/plane__traits.hpp
[19.644s] -- Installing: /home/ineogi2/ws/Biorobotics/micro_ros/install/shape_msgs/include/shape_msgs/msg/detail/solid_primitive__struct.hpp
[19.644s] -- Installing: /home/ineogi2/ws/Biorobotics/micro_ros/install/shape_msgs/include/shape_msgs/msg/detail/mesh_triangle__builder.hpp
[19.645s] -- Installing: /home/ineogi2/ws/Biorobotics/micro_ros/install/shape_msgs/include/shape_msgs/msg/detail/plane__struct.hpp
[19.645s] -- Up-to-date: /home/ineogi2/ws/Biorobotics/micro_ros/install/shape_msgs/include/shape_msgs
[19.645s] -- Up-to-date: /home/ineogi2/ws/Biorobotics/micro_ros/install/shape_msgs/include/shape_msgs/msg
[19.645s] -- Installing: /home/ineogi2/ws/Biorobotics/micro_ros/install/shape_msgs/include/shape_msgs/msg/rosidl_typesupport_microxrcedds_cpp__visibility_control.h
[19.645s] -- Up-to-date: /home/ineogi2/ws/Biorobotics/micro_ros/install/shape_msgs/include/shape_msgs/msg/detail
[19.645s] -- Installing: /home/ineogi2/ws/Biorobotics/micro_ros/install/shape_msgs/include/shape_msgs/msg/detail/plane__rosidl_typesupport_microxrcedds_cpp.hpp
[19.645s] -- Installing: /home/ineogi2/ws/Biorobotics/micro_ros/install/shape_msgs/include/shape_msgs/msg/detail/mesh_triangle__rosidl_typesupport_microxrcedds_cpp.hpp
[19.645s] -- Installing: /home/ineogi2/ws/Biorobotics/micro_ros/install/shape_msgs/include/shape_msgs/msg/detail/solid_primitive__rosidl_typesupport_microxrcedds_cpp.hpp
[19.645s] -- Up-to-date: /home/ineogi2/ws/Biorobotics/micro_ros/install/shape_msgs/include/shape_msgs/msg/detail/microxrcedds
[19.645s] -- Installing: /home/ineogi2/ws/Biorobotics/micro_ros/install/shape_msgs/include/shape_msgs/msg/detail/microxrcedds/solid_primitive__type_support_cpp.cpp
[19.646s] -- Installing: /home/ineogi2/ws/Biorobotics/micro_ros/install/shape_msgs/include/shape_msgs/msg/detail/microxrcedds/plane__type_support_cpp.cpp
[19.646s] -- Installing: /home/ineogi2/ws/Biorobotics/micro_ros/install/shape_msgs/include/shape_msgs/msg/detail/microxrcedds/mesh__type_support_cpp.cpp
[19.646s] -- Installing: /home/ineogi2/ws/Biorobotics/micro_ros/install/shape_msgs/include/shape_msgs/msg/detail/microxrcedds/mesh_triangle__type_support_cpp.cpp
[19.646s] -- Installing: /home/ineogi2/ws/Biorobotics/micro_ros/install/shape_msgs/include/shape_msgs/msg/detail/mesh__rosidl_typesupport_microxrcedds_cpp.hpp
[19.646s] -- Installing: /home/ineogi2/ws/Biorobotics/micro_ros/install/shape_msgs/lib/libshape_msgs__rosidl_typesupport_microxrcedds_cpp.so
[19.646s] -- Set runtime path of "/home/ineogi2/ws/Biorobotics/micro_ros/install/shape_msgs/lib/libshape_msgs__rosidl_typesupport_microxrcedds_cpp.so" to ""
[19.646s] -- Up-to-date: /home/ineogi2/ws/Biorobotics/micro_ros/install/shape_msgs/include/shape_msgs
[19.646s] -- Up-to-date: /home/ineogi2/ws/Biorobotics/micro_ros/install/shape_msgs/include/shape_msgs/msg
[19.646s] -- Up-to-date: /home/ineogi2/ws/Biorobotics/micro_ros/install/shape_msgs/include/shape_msgs/msg/detail
[19.646s] -- Installing: /home/ineogi2/ws/Biorobotics/micro_ros/install/shape_msgs/include/shape_msgs/msg/detail/plane__type_support.cpp
[19.647s] -- Installing: /home/ineogi2/ws/Biorobotics/micro_ros/install/shape_msgs/include/shape_msgs/msg/detail/mesh__rosidl_typesupport_introspection_cpp.hpp
[19.647s] -- Installing: /home/ineogi2/ws/Biorobotics/micro_ros/install/shape_msgs/include/shape_msgs/msg/detail/solid_primitive__rosidl_typesupport_introspection_cpp.hpp
[19.647s] -- Installing: /home/ineogi2/ws/Biorobotics/micro_ros/install/shape_msgs/include/shape_msgs/msg/detail/plane__rosidl_typesupport_introspection_cpp.hpp
[19.647s] -- Installing: /home/ineogi2/ws/Biorobotics/micro_ros/install/shape_msgs/include/shape_msgs/msg/detail/mesh_triangle__rosidl_typesupport_introspection_cpp.hpp
[19.647s] -- Installing: /home/ineogi2/ws/Biorobotics/micro_ros/install/shape_msgs/include/shape_msgs/msg/detail/mesh_triangle__type_support.cpp
[19.647s] -- Installing: /home/ineogi2/ws/Biorobotics/micro_ros/install/shape_msgs/include/shape_msgs/msg/detail/solid_primitive__type_support.cpp
[19.647s] -- Installing: /home/ineogi2/ws/Biorobotics/micro_ros/install/shape_msgs/include/shape_msgs/msg/detail/mesh__type_support.cpp
[19.647s] -- Installing: /home/ineogi2/ws/Biorobotics/micro_ros/install/shape_msgs/lib/libshape_msgs__rosidl_typesupport_introspection_cpp.so
[19.647s] -- Set runtime path of "/home/ineogi2/ws/Biorobotics/micro_ros/install/shape_msgs/lib/libshape_msgs__rosidl_typesupport_introspection_cpp.so" to ""
[19.648s] -- Installing: /home/ineogi2/ws/Biorobotics/micro_ros/install/shape_msgs/lib/libshape_msgs__rosidl_typesupport_cpp.so
[19.648s] -- Set runtime path of "/home/ineogi2/ws/Biorobotics/micro_ros/install/shape_msgs/lib/libshape_msgs__rosidl_typesupport_cpp.so" to ""
[19.648s] -- Installing: /home/ineogi2/ws/Biorobotics/micro_ros/install/shape_msgs/share/shape_msgs/environment/pythonpath.sh
[19.648s] -- Installing: /home/ineogi2/ws/Biorobotics/micro_ros/install/shape_msgs/share/shape_msgs/environment/pythonpath.dsv
[19.648s] -- Installing: /home/ineogi2/ws/Biorobotics/micro_ros/install/shape_msgs/lib/python3.8/site-packages/shape_msgs/__init__.py
[19.673s] Compiling '/home/ineogi2/ws/Biorobotics/micro_ros/install/shape_msgs/lib/python3.8/site-packages/shape_msgs/__init__.py'...
[19.680s] -- Installing: /home/ineogi2/ws/Biorobotics/micro_ros/install/shape_msgs/lib/python3.8/site-packages/shape_msgs/msg
[19.680s] -- Installing: /home/ineogi2/ws/Biorobotics/micro_ros/install/shape_msgs/lib/python3.8/site-packages/shape_msgs/msg/_solid_primitive.py
[19.680s] -- Installing: /home/ineogi2/ws/Biorobotics/micro_ros/install/shape_msgs/lib/python3.8/site-packages/shape_msgs/msg/_mesh_triangle.py
[19.680s] -- Installing: /home/ineogi2/ws/Biorobotics/micro_ros/install/shape_msgs/lib/python3.8/site-packages/shape_msgs/msg/__init__.py
[19.680s] -- Installing: /home/ineogi2/ws/Biorobotics/micro_ros/install/shape_msgs/lib/python3.8/site-packages/shape_msgs/msg/_mesh.py
[19.680s] -- Installing: /home/ineogi2/ws/Biorobotics/micro_ros/install/shape_msgs/lib/python3.8/site-packages/shape_msgs/msg/_plane_s.c
[19.680s] -- Installing: /home/ineogi2/ws/Biorobotics/micro_ros/install/shape_msgs/lib/python3.8/site-packages/shape_msgs/msg/_solid_primitive_s.c
[19.680s] -- Installing: /home/ineogi2/ws/Biorobotics/micro_ros/install/shape_msgs/lib/python3.8/site-packages/shape_msgs/msg/_mesh_s.c
[19.681s] -- Installing: /home/ineogi2/ws/Biorobotics/micro_ros/install/shape_msgs/lib/python3.8/site-packages/shape_msgs/msg/_mesh_triangle_s.c
[19.681s] -- Installing: /home/ineogi2/ws/Biorobotics/micro_ros/install/shape_msgs/lib/python3.8/site-packages/shape_msgs/msg/_plane.py
[19.681s] -- Installing: /home/ineogi2/ws/Biorobotics/micro_ros/install/shape_msgs/lib/python3.8/site-packages/shape_msgs/shape_msgs_s__rosidl_typesupport_microxrcedds_c.cpython-38-x86_64-linux-gnu.so
[19.681s] -- Set runtime path of "/home/ineogi2/ws/Biorobotics/micro_ros/install/shape_msgs/lib/python3.8/site-packages/shape_msgs/shape_msgs_s__rosidl_typesupport_microxrcedds_c.cpython-38-x86_64-linux-gnu.so" to ""
[19.681s] -- Installing: /home/ineogi2/ws/Biorobotics/micro_ros/install/shape_msgs/lib/python3.8/site-packages/shape_msgs/shape_msgs_s__rosidl_typesupport_fastrtps_c.cpython-38-x86_64-linux-gnu.so
[19.681s] -- Set runtime path of "/home/ineogi2/ws/Biorobotics/micro_ros/install/shape_msgs/lib/python3.8/site-packages/shape_msgs/shape_msgs_s__rosidl_typesupport_fastrtps_c.cpython-38-x86_64-linux-gnu.so" to ""
[19.681s] -- Installing: /home/ineogi2/ws/Biorobotics/micro_ros/install/shape_msgs/lib/python3.8/site-packages/shape_msgs/shape_msgs_s__rosidl_typesupport_introspection_c.cpython-38-x86_64-linux-gnu.so
[19.681s] -- Set runtime path of "/home/ineogi2/ws/Biorobotics/micro_ros/install/shape_msgs/lib/python3.8/site-packages/shape_msgs/shape_msgs_s__rosidl_typesupport_introspection_c.cpython-38-x86_64-linux-gnu.so" to ""
[19.682s] -- Installing: /home/ineogi2/ws/Biorobotics/micro_ros/install/shape_msgs/lib/python3.8/site-packages/shape_msgs/shape_msgs_s__rosidl_typesupport_c.cpython-38-x86_64-linux-gnu.so
[19.682s] -- Set runtime path of "/home/ineogi2/ws/Biorobotics/micro_ros/install/shape_msgs/lib/python3.8/site-packages/shape_msgs/shape_msgs_s__rosidl_typesupport_c.cpython-38-x86_64-linux-gnu.so" to ""
[19.682s] -- Installing: /home/ineogi2/ws/Biorobotics/micro_ros/install/shape_msgs/lib/libshape_msgs__python.so
[19.682s] -- Set runtime path of "/home/ineogi2/ws/Biorobotics/micro_ros/install/shape_msgs/lib/libshape_msgs__python.so" to ""
[19.682s] -- Installing: /home/ineogi2/ws/Biorobotics/micro_ros/install/shape_msgs/share/shape_msgs/msg/Mesh.idl
[19.682s] -- Installing: /home/ineogi2/ws/Biorobotics/micro_ros/install/shape_msgs/share/shape_msgs/msg/MeshTriangle.idl
[19.683s] -- Installing: /home/ineogi2/ws/Biorobotics/micro_ros/install/shape_msgs/share/shape_msgs/msg/Plane.idl
[19.683s] -- Installing: /home/ineogi2/ws/Biorobotics/micro_ros/install/shape_msgs/share/shape_msgs/msg/SolidPrimitive.idl
[19.683s] -- Installing: /home/ineogi2/ws/Biorobotics/micro_ros/install/shape_msgs/share/shape_msgs/msg/Mesh.msg
[19.683s] -- Installing: /home/ineogi2/ws/Biorobotics/micro_ros/install/shape_msgs/share/shape_msgs/msg/MeshTriangle.msg
[19.683s] -- Installing: /home/ineogi2/ws/Biorobotics/micro_ros/install/shape_msgs/share/shape_msgs/msg/Plane.msg
[19.683s] -- Installing: /home/ineogi2/ws/Biorobotics/micro_ros/install/shape_msgs/share/shape_msgs/msg/SolidPrimitive.msg
[19.683s] -- Installing: /home/ineogi2/ws/Biorobotics/micro_ros/install/shape_msgs/share/ament_index/resource_index/package_run_dependencies/shape_msgs
[19.684s] -- Installing: /home/ineogi2/ws/Biorobotics/micro_ros/install/shape_msgs/share/ament_index/resource_index/parent_prefix_path/shape_msgs
[19.684s] -- Installing: /home/ineogi2/ws/Biorobotics/micro_ros/install/shape_msgs/share/shape_msgs/environment/ament_prefix_path.sh
[19.684s] -- Installing: /home/ineogi2/ws/Biorobotics/micro_ros/install/shape_msgs/share/shape_msgs/environment/ament_prefix_path.dsv
[19.684s] -- Installing: /home/ineogi2/ws/Biorobotics/micro_ros/install/shape_msgs/share/shape_msgs/environment/path.sh
[19.684s] -- Installing: /home/ineogi2/ws/Biorobotics/micro_ros/install/shape_msgs/share/shape_msgs/environment/path.dsv
[19.684s] -- Installing: /home/ineogi2/ws/Biorobotics/micro_ros/install/shape_msgs/share/shape_msgs/local_setup.bash
[19.684s] -- Installing: /home/ineogi2/ws/Biorobotics/micro_ros/install/shape_msgs/share/shape_msgs/local_setup.sh
[19.685s] -- Installing: /home/ineogi2/ws/Biorobotics/micro_ros/install/shape_msgs/share/shape_msgs/local_setup.zsh
[19.685s] -- Installing: /home/ineogi2/ws/Biorobotics/micro_ros/install/shape_msgs/share/shape_msgs/local_setup.dsv
[19.685s] -- Installing: /home/ineogi2/ws/Biorobotics/micro_ros/install/shape_msgs/share/shape_msgs/package.dsv
[19.685s] -- Installing: /home/ineogi2/ws/Biorobotics/micro_ros/install/shape_msgs/share/ament_index/resource_index/packages/shape_msgs
[19.685s] -- Installing: /home/ineogi2/ws/Biorobotics/micro_ros/install/shape_msgs/share/shape_msgs/cmake/shape_msgs__rosidl_generator_cExport.cmake
[19.685s] -- Installing: /home/ineogi2/ws/Biorobotics/micro_ros/install/shape_msgs/share/shape_msgs/cmake/shape_msgs__rosidl_generator_cExport-noconfig.cmake
[19.685s] -- Installing: /home/ineogi2/ws/Biorobotics/micro_ros/install/shape_msgs/share/shape_msgs/cmake/shape_msgs__rosidl_typesupport_introspection_cExport.cmake
[19.685s] -- Installing: /home/ineogi2/ws/Biorobotics/micro_ros/install/shape_msgs/share/shape_msgs/cmake/shape_msgs__rosidl_typesupport_introspection_cExport-noconfig.cmake
[19.685s] -- Installing: /home/ineogi2/ws/Biorobotics/micro_ros/install/shape_msgs/share/shape_msgs/cmake/shape_msgs__rosidl_typesupport_cExport.cmake
[19.686s] -- Installing: /home/ineogi2/ws/Biorobotics/micro_ros/install/shape_msgs/share/shape_msgs/cmake/shape_msgs__rosidl_typesupport_cExport-noconfig.cmake
[19.686s] -- Installing: /home/ineogi2/ws/Biorobotics/micro_ros/install/shape_msgs/share/shape_msgs/cmake/shape_msgs__rosidl_generator_cppExport.cmake
[19.686s] -- Installing: /home/ineogi2/ws/Biorobotics/micro_ros/install/shape_msgs/share/shape_msgs/cmake/shape_msgs__rosidl_typesupport_introspection_cppExport.cmake
[19.686s] -- Installing: /home/ineogi2/ws/Biorobotics/micro_ros/install/shape_msgs/share/shape_msgs/cmake/shape_msgs__rosidl_typesupport_introspection_cppExport-noconfig.cmake
[19.686s] -- Installing: /home/ineogi2/ws/Biorobotics/micro_ros/install/shape_msgs/share/shape_msgs/cmake/shape_msgs__rosidl_typesupport_cppExport.cmake
[19.686s] -- Installing: /home/ineogi2/ws/Biorobotics/micro_ros/install/shape_msgs/share/shape_msgs/cmake/shape_msgs__rosidl_typesupport_cppExport-noconfig.cmake
[19.687s] -- Installing: /home/ineogi2/ws/Biorobotics/micro_ros/install/shape_msgs/share/shape_msgs/cmake/rosidl_cmake-extras.cmake
[19.687s] -- Installing: /home/ineogi2/ws/Biorobotics/micro_ros/install/shape_msgs/share/shape_msgs/cmake/ament_cmake_export_dependencies-extras.cmake
[19.687s] -- Installing: /home/ineogi2/ws/Biorobotics/micro_ros/install/shape_msgs/share/shape_msgs/cmake/ament_cmake_export_libraries-extras.cmake
[19.687s] -- Installing: /home/ineogi2/ws/Biorobotics/micro_ros/install/shape_msgs/share/shape_msgs/cmake/ament_cmake_export_targets-extras.cmake
[19.687s] -- Installing: /home/ineogi2/ws/Biorobotics/micro_ros/install/shape_msgs/share/shape_msgs/cmake/ament_cmake_export_include_directories-extras.cmake
[19.687s] -- Installing: /home/ineogi2/ws/Biorobotics/micro_ros/install/shape_msgs/share/shape_msgs/cmake/rosidl_cmake_export_typesupport_libraries-extras.cmake
[19.687s] -- Installing: /home/ineogi2/ws/Biorobotics/micro_ros/install/shape_msgs/share/shape_msgs/cmake/rosidl_cmake_export_typesupport_targets-extras.cmake
[19.687s] -- Installing: /home/ineogi2/ws/Biorobotics/micro_ros/install/shape_msgs/share/shape_msgs/cmake/shape_msgsConfig.cmake
[19.687s] -- Installing: /home/ineogi2/ws/Biorobotics/micro_ros/install/shape_msgs/share/shape_msgs/cmake/shape_msgsConfig-version.cmake
[19.687s] -- Installing: /home/ineogi2/ws/Biorobotics/micro_ros/install/shape_msgs/share/shape_msgs/package.xml
[19.690s] Invoked command in '/home/ineogi2/ws/Biorobotics/micro_ros/build/shape_msgs' returned '0': AMENT_PREFIX_PATH=/home/ineogi2/ws/Biorobotics/micro_ros/install/geometry_msgs:/home/ineogi2/ws/Biorobotics/micro_ros/install/std_msgs:/home/ineogi2/ws/Biorobotics/micro_ros/install/builtin_interfaces:${AMENT_PREFIX_PATH} CMAKE_PREFIX_PATH=/home/ineogi2/ws/Biorobotics/micro_ros/install/geometry_msgs:/home/ineogi2/ws/Biorobotics/micro_ros/install/std_msgs:/home/ineogi2/ws/Biorobotics/micro_ros/install/builtin_interfaces:/home/ineogi2/ws/Biorobotics/micro_ros/install/rosidl_typesupport_microxrcedds_cpp:/home/ineogi2/ws/Biorobotics/micro_ros/install/rosidl_typesupport_microxrcedds_c:/home/ineogi2/ws/Biorobotics/micro_ros/install/microcdr:/home/ineogi2/ws/Biorobotics/micro_ros/install/micro_ros_setup:/home/ineogi2/ws/Biorobotics/ros2_ws/install/realsense2_description:/home/ineogi2/ws/Biorobotics/ros2_ws/install/realsense2_camera:/home/ineogi2/ws/Biorobotics/ros2_ws/install/realsense2_camera_msgs:/home/ineogi2/ws/Biorobotics/ros2_ws/install/ros_image:/opt/ros/foxy LD_LIBRARY_PATH=/home/ineogi2/ws/Biorobotics/micro_ros/install/geometry_msgs/lib:/home/ineogi2/ws/Biorobotics/micro_ros/install/std_msgs/lib:/home/ineogi2/ws/Biorobotics/micro_ros/install/builtin_interfaces/lib:${LD_LIBRARY_PATH} PYTHONPATH=/home/ineogi2/ws/Biorobotics/micro_ros/install/geometry_msgs/lib/python3.8/site-packages:/home/ineogi2/ws/Biorobotics/micro_ros/install/std_msgs/lib/python3.8/site-packages:/home/ineogi2/ws/Biorobotics/micro_ros/install/builtin_interfaces/lib/python3.8/site-packages:${PYTHONPATH} /usr/bin/cmake --install /home/ineogi2/ws/Biorobotics/micro_ros/build/shape_msgs
