[0.091s] DEBUG:colcon:Command line arguments: ['/usr/bin/colcon', 'build']
[0.092s] DEBUG:colcon:Parsed command line arguments: Namespace(allow_overriding=[], ament_cmake_args=None, base_paths=['.'], build_base='build', catkin_cmake_args=None, catkin_skip_building_tests=False, cmake_args=None, cmake_clean_cache=False, cmake_clean_first=False, cmake_force_configure=False, cmake_target=None, cmake_target_skip_unavailable=False, continue_on_error=False, event_handlers=None, executor='parallel', ignore_user_meta=False, install_base='install', log_base=None, log_level=None, main=<bound method BuildVerb.main of <colcon_core.verb.build.BuildVerb object at 0x7ff1666ce760>>, merge_install=False, metas=['./colcon.meta'], packages_above=None, packages_above_and_dependencies=None, packages_above_depth=None, packages_end=None, packages_ignore=None, packages_ignore_regex=None, packages_select=None, packages_select_build_failed=False, packages_select_by_dep=None, packages_select_regex=None, packages_select_test_failures=False, packages_skip=None, packages_skip_build_finished=False, packages_skip_by_dep=None, packages_skip_regex=None, packages_skip_test_passed=False, packages_skip_up_to=None, packages_start=None, packages_up_to=None, packages_up_to_regex=None, parallel_workers=12, paths=None, symlink_install=False, test_result_base=None, verb_extension=<colcon_core.verb.build.BuildVerb object at 0x7ff1666ce760>, verb_name='build', verb_parser=<colcon_defaults.argument_parser.defaults.DefaultArgumentsDecorator object at 0x7ff1666ceca0>)
[0.107s] Level 1:colcon.colcon_core.package_discovery:discover_packages(colcon_meta) check parameters
[0.108s] Level 1:colcon.colcon_core.package_discovery:discover_packages(recursive) check parameters
[0.108s] Level 1:colcon.colcon_core.package_discovery:discover_packages(ignore) check parameters
[0.108s] Level 1:colcon.colcon_core.package_discovery:discover_packages(path) check parameters
[0.108s] Level 1:colcon.colcon_core.package_discovery:discover_packages(colcon_meta) discover
[0.108s] Level 1:colcon.colcon_core.package_discovery:discover_packages(recursive) discover
[0.108s] INFO:colcon.colcon_core.package_discovery:Crawling recursively for packages in '/home/ineogi2/ros2_ws'
[0.108s] Level 1:colcon.colcon_core.package_identification:_identify(.) by extensions ['ignore', 'ignore_ament_install']
[0.108s] Level 1:colcon.colcon_core.package_identification:_identify(.) by extension 'ignore'
[0.108s] Level 1:colcon.colcon_core.package_identification:_identify(.) by extension 'ignore_ament_install'
[0.108s] Level 1:colcon.colcon_core.package_identification:_identify(.) by extensions ['colcon_pkg']
[0.108s] Level 1:colcon.colcon_core.package_identification:_identify(.) by extension 'colcon_pkg'
[0.108s] Level 1:colcon.colcon_core.package_identification:_identify(.) by extensions ['colcon_meta']
[0.108s] Level 1:colcon.colcon_core.package_identification:_identify(.) by extension 'colcon_meta'
[0.108s] Level 1:colcon.colcon_core.package_identification:_identify(.) by extensions ['ros']
[0.108s] Level 1:colcon.colcon_core.package_identification:_identify(.) by extension 'ros'
[0.116s] Level 1:colcon.colcon_core.package_identification:_identify(.) by extensions ['cmake', 'python']
[0.116s] Level 1:colcon.colcon_core.package_identification:_identify(.) by extension 'cmake'
[0.116s] Level 1:colcon.colcon_core.package_identification:_identify(.) by extension 'python'
[0.116s] Level 1:colcon.colcon_core.package_identification:_identify(.) by extensions ['python_setup_py']
[0.116s] Level 1:colcon.colcon_core.package_identification:_identify(.) by extension 'python_setup_py'
[0.116s] Level 1:colcon.colcon_core.package_identification:_identify(build) by extensions ['ignore', 'ignore_ament_install']
[0.116s] Level 1:colcon.colcon_core.package_identification:_identify(build) by extension 'ignore'
[0.116s] Level 1:colcon.colcon_core.package_identification:_identify(build) ignored
[0.116s] Level 1:colcon.colcon_core.package_identification:_identify(install) by extensions ['ignore', 'ignore_ament_install']
[0.116s] Level 1:colcon.colcon_core.package_identification:_identify(install) by extension 'ignore'
[0.116s] Level 1:colcon.colcon_core.package_identification:_identify(install) ignored
[0.116s] Level 1:colcon.colcon_core.package_identification:_identify(log) by extensions ['ignore', 'ignore_ament_install']
[0.116s] Level 1:colcon.colcon_core.package_identification:_identify(log) by extension 'ignore'
[0.117s] Level 1:colcon.colcon_core.package_identification:_identify(log) ignored
[0.117s] Level 1:colcon.colcon_core.package_identification:_identify(src) by extensions ['ignore', 'ignore_ament_install']
[0.117s] Level 1:colcon.colcon_core.package_identification:_identify(src) by extension 'ignore'
[0.117s] Level 1:colcon.colcon_core.package_identification:_identify(src) by extension 'ignore_ament_install'
[0.117s] Level 1:colcon.colcon_core.package_identification:_identify(src) by extensions ['colcon_pkg']
[0.117s] Level 1:colcon.colcon_core.package_identification:_identify(src) by extension 'colcon_pkg'
[0.117s] Level 1:colcon.colcon_core.package_identification:_identify(src) by extensions ['colcon_meta']
[0.117s] Level 1:colcon.colcon_core.package_identification:_identify(src) by extension 'colcon_meta'
[0.117s] Level 1:colcon.colcon_core.package_identification:_identify(src) by extensions ['ros']
[0.117s] Level 1:colcon.colcon_core.package_identification:_identify(src) by extension 'ros'
[0.117s] Level 1:colcon.colcon_core.package_identification:_identify(src) by extensions ['cmake', 'python']
[0.117s] Level 1:colcon.colcon_core.package_identification:_identify(src) by extension 'cmake'
[0.117s] Level 1:colcon.colcon_core.package_identification:_identify(src) by extension 'python'
[0.117s] Level 1:colcon.colcon_core.package_identification:_identify(src) by extensions ['python_setup_py']
[0.117s] Level 1:colcon.colcon_core.package_identification:_identify(src) by extension 'python_setup_py'
[0.117s] Level 1:colcon.colcon_core.package_identification:_identify(src/realsense-ros) by extensions ['ignore', 'ignore_ament_install']
[0.117s] Level 1:colcon.colcon_core.package_identification:_identify(src/realsense-ros) by extension 'ignore'
[0.117s] Level 1:colcon.colcon_core.package_identification:_identify(src/realsense-ros) by extension 'ignore_ament_install'
[0.117s] Level 1:colcon.colcon_core.package_identification:_identify(src/realsense-ros) by extensions ['colcon_pkg']
[0.117s] Level 1:colcon.colcon_core.package_identification:_identify(src/realsense-ros) by extension 'colcon_pkg'
[0.117s] Level 1:colcon.colcon_core.package_identification:_identify(src/realsense-ros) by extensions ['colcon_meta']
[0.117s] Level 1:colcon.colcon_core.package_identification:_identify(src/realsense-ros) by extension 'colcon_meta'
[0.117s] Level 1:colcon.colcon_core.package_identification:_identify(src/realsense-ros) by extensions ['ros']
[0.117s] Level 1:colcon.colcon_core.package_identification:_identify(src/realsense-ros) by extension 'ros'
[0.118s] Level 1:colcon.colcon_core.package_identification:_identify(src/realsense-ros) by extensions ['cmake', 'python']
[0.118s] Level 1:colcon.colcon_core.package_identification:_identify(src/realsense-ros) by extension 'cmake'
[0.118s] Level 1:colcon.colcon_core.package_identification:_identify(src/realsense-ros) by extension 'python'
[0.118s] Level 1:colcon.colcon_core.package_identification:_identify(src/realsense-ros) by extensions ['python_setup_py']
[0.118s] Level 1:colcon.colcon_core.package_identification:_identify(src/realsense-ros) by extension 'python_setup_py'
[0.118s] Level 1:colcon.colcon_core.package_identification:_identify(src/realsense-ros/realsense2_camera) by extensions ['ignore', 'ignore_ament_install']
[0.118s] Level 1:colcon.colcon_core.package_identification:_identify(src/realsense-ros/realsense2_camera) by extension 'ignore'
[0.118s] Level 1:colcon.colcon_core.package_identification:_identify(src/realsense-ros/realsense2_camera) by extension 'ignore_ament_install'
[0.118s] Level 1:colcon.colcon_core.package_identification:_identify(src/realsense-ros/realsense2_camera) by extensions ['colcon_pkg']
[0.118s] Level 1:colcon.colcon_core.package_identification:_identify(src/realsense-ros/realsense2_camera) by extension 'colcon_pkg'
[0.118s] Level 1:colcon.colcon_core.package_identification:_identify(src/realsense-ros/realsense2_camera) by extensions ['colcon_meta']
[0.118s] Level 1:colcon.colcon_core.package_identification:_identify(src/realsense-ros/realsense2_camera) by extension 'colcon_meta'
[0.118s] Level 1:colcon.colcon_core.package_identification:_identify(src/realsense-ros/realsense2_camera) by extensions ['ros']
[0.118s] Level 1:colcon.colcon_core.package_identification:_identify(src/realsense-ros/realsense2_camera) by extension 'ros'
[0.120s] DEBUG:colcon.colcon_core.package_identification:Package 'src/realsense-ros/realsense2_camera' with type 'ros.ament_cmake' and name 'realsense2_camera'
[0.121s] Level 1:colcon.colcon_core.package_identification:_identify(src/realsense-ros/realsense2_camera_msgs) by extensions ['ignore', 'ignore_ament_install']
[0.121s] Level 1:colcon.colcon_core.package_identification:_identify(src/realsense-ros/realsense2_camera_msgs) by extension 'ignore'
[0.121s] Level 1:colcon.colcon_core.package_identification:_identify(src/realsense-ros/realsense2_camera_msgs) by extension 'ignore_ament_install'
[0.121s] Level 1:colcon.colcon_core.package_identification:_identify(src/realsense-ros/realsense2_camera_msgs) by extensions ['colcon_pkg']
[0.121s] Level 1:colcon.colcon_core.package_identification:_identify(src/realsense-ros/realsense2_camera_msgs) by extension 'colcon_pkg'
[0.121s] Level 1:colcon.colcon_core.package_identification:_identify(src/realsense-ros/realsense2_camera_msgs) by extensions ['colcon_meta']
[0.121s] Level 1:colcon.colcon_core.package_identification:_identify(src/realsense-ros/realsense2_camera_msgs) by extension 'colcon_meta'
[0.121s] Level 1:colcon.colcon_core.package_identification:_identify(src/realsense-ros/realsense2_camera_msgs) by extensions ['ros']
[0.121s] Level 1:colcon.colcon_core.package_identification:_identify(src/realsense-ros/realsense2_camera_msgs) by extension 'ros'
[0.121s] DEBUG:colcon.colcon_core.package_identification:Package 'src/realsense-ros/realsense2_camera_msgs' with type 'ros.ament_cmake' and name 'realsense2_camera_msgs'
[0.121s] Level 1:colcon.colcon_core.package_identification:_identify(src/realsense-ros/realsense2_description) by extensions ['ignore', 'ignore_ament_install']
[0.121s] Level 1:colcon.colcon_core.package_identification:_identify(src/realsense-ros/realsense2_description) by extension 'ignore'
[0.121s] Level 1:colcon.colcon_core.package_identification:_identify(src/realsense-ros/realsense2_description) by extension 'ignore_ament_install'
[0.122s] Level 1:colcon.colcon_core.package_identification:_identify(src/realsense-ros/realsense2_description) by extensions ['colcon_pkg']
[0.122s] Level 1:colcon.colcon_core.package_identification:_identify(src/realsense-ros/realsense2_description) by extension 'colcon_pkg'
[0.122s] Level 1:colcon.colcon_core.package_identification:_identify(src/realsense-ros/realsense2_description) by extensions ['colcon_meta']
[0.122s] Level 1:colcon.colcon_core.package_identification:_identify(src/realsense-ros/realsense2_description) by extension 'colcon_meta'
[0.122s] Level 1:colcon.colcon_core.package_identification:_identify(src/realsense-ros/realsense2_description) by extensions ['ros']
[0.122s] Level 1:colcon.colcon_core.package_identification:_identify(src/realsense-ros/realsense2_description) by extension 'ros'
[0.122s] DEBUG:colcon.colcon_core.package_identification:Package 'src/realsense-ros/realsense2_description' with type 'ros.ament_cmake' and name 'realsense2_description'
[0.122s] Level 1:colcon.colcon_core.package_identification:_identify(src/realsense-ros/scripts) by extensions ['ignore', 'ignore_ament_install']
[0.122s] Level 1:colcon.colcon_core.package_identification:_identify(src/realsense-ros/scripts) by extension 'ignore'
[0.122s] Level 1:colcon.colcon_core.package_identification:_identify(src/realsense-ros/scripts) by extension 'ignore_ament_install'
[0.122s] Level 1:colcon.colcon_core.package_identification:_identify(src/realsense-ros/scripts) by extensions ['colcon_pkg']
[0.122s] Level 1:colcon.colcon_core.package_identification:_identify(src/realsense-ros/scripts) by extension 'colcon_pkg'
[0.123s] Level 1:colcon.colcon_core.package_identification:_identify(src/realsense-ros/scripts) by extensions ['colcon_meta']
[0.123s] Level 1:colcon.colcon_core.package_identification:_identify(src/realsense-ros/scripts) by extension 'colcon_meta'
[0.123s] Level 1:colcon.colcon_core.package_identification:_identify(src/realsense-ros/scripts) by extensions ['ros']
[0.123s] Level 1:colcon.colcon_core.package_identification:_identify(src/realsense-ros/scripts) by extension 'ros'
[0.123s] Level 1:colcon.colcon_core.package_identification:_identify(src/realsense-ros/scripts) by extensions ['cmake', 'python']
[0.123s] Level 1:colcon.colcon_core.package_identification:_identify(src/realsense-ros/scripts) by extension 'cmake'
[0.123s] Level 1:colcon.colcon_core.package_identification:_identify(src/realsense-ros/scripts) by extension 'python'
[0.123s] Level 1:colcon.colcon_core.package_identification:_identify(src/realsense-ros/scripts) by extensions ['python_setup_py']
[0.123s] Level 1:colcon.colcon_core.package_identification:_identify(src/realsense-ros/scripts) by extension 'python_setup_py'
[0.123s] Level 1:colcon.colcon_core.package_identification:_identify(src/ros_image) by extensions ['ignore', 'ignore_ament_install']
[0.123s] Level 1:colcon.colcon_core.package_identification:_identify(src/ros_image) by extension 'ignore'
[0.123s] Level 1:colcon.colcon_core.package_identification:_identify(src/ros_image) by extension 'ignore_ament_install'
[0.123s] Level 1:colcon.colcon_core.package_identification:_identify(src/ros_image) by extensions ['colcon_pkg']
[0.123s] Level 1:colcon.colcon_core.package_identification:_identify(src/ros_image) by extension 'colcon_pkg'
[0.123s] Level 1:colcon.colcon_core.package_identification:_identify(src/ros_image) by extensions ['colcon_meta']
[0.123s] Level 1:colcon.colcon_core.package_identification:_identify(src/ros_image) by extension 'colcon_meta'
[0.123s] Level 1:colcon.colcon_core.package_identification:_identify(src/ros_image) by extensions ['ros']
[0.123s] Level 1:colcon.colcon_core.package_identification:_identify(src/ros_image) by extension 'ros'
[0.124s] DEBUG:colcon.colcon_core.package_identification:Package 'src/ros_image' with type 'ros.ament_python' and name 'ros_image'
[0.124s] Level 1:colcon.colcon_core.package_identification:_identify(src/ros_teensy) by extensions ['ignore', 'ignore_ament_install']
[0.124s] Level 1:colcon.colcon_core.package_identification:_identify(src/ros_teensy) by extension 'ignore'
[0.124s] Level 1:colcon.colcon_core.package_identification:_identify(src/ros_teensy) by extension 'ignore_ament_install'
[0.124s] Level 1:colcon.colcon_core.package_identification:_identify(src/ros_teensy) by extensions ['colcon_pkg']
[0.124s] Level 1:colcon.colcon_core.package_identification:_identify(src/ros_teensy) by extension 'colcon_pkg'
[0.124s] Level 1:colcon.colcon_core.package_identification:_identify(src/ros_teensy) by extensions ['colcon_meta']
[0.124s] Level 1:colcon.colcon_core.package_identification:_identify(src/ros_teensy) by extension 'colcon_meta'
[0.124s] Level 1:colcon.colcon_core.package_identification:_identify(src/ros_teensy) by extensions ['ros']
[0.124s] Level 1:colcon.colcon_core.package_identification:_identify(src/ros_teensy) by extension 'ros'
[0.124s] DEBUG:colcon.colcon_core.package_identification:Package 'src/ros_teensy' with type 'ros.ament_python' and name 'ros_teensy'
[0.124s] Level 1:colcon.colcon_core.package_discovery:discover_packages(recursive) using defaults
[0.125s] Level 1:colcon.colcon_core.package_discovery:discover_packages(ignore) discover
[0.125s] Level 1:colcon.colcon_core.package_discovery:discover_packages(ignore) using defaults
[0.125s] Level 1:colcon.colcon_core.package_discovery:discover_packages(path) discover
[0.125s] Level 1:colcon.colcon_core.package_discovery:discover_packages(path) using defaults
[0.137s] Level 1:colcon.colcon_core.package_discovery:discover_packages(prefix_path) check parameters
[0.137s] Level 1:colcon.colcon_core.package_discovery:discover_packages(prefix_path) discover
[0.138s] DEBUG:colcon.colcon_installed_package_information.package_discovery:Found 3 installed packages in /home/ineogi2/microros_ws/install
[0.139s] DEBUG:colcon.colcon_installed_package_information.package_discovery:Found 2 installed packages in /home/ineogi2/ros2_ws/install
[0.139s] DEBUG:colcon.colcon_installed_package_information.package_discovery:Found 261 installed packages in /opt/ros/foxy
[0.141s] Level 1:colcon.colcon_core.package_discovery:discover_packages(prefix_path) using defaults
[0.195s] Level 5:colcon.colcon_core.verb:set package 'realsense2_camera_msgs' build argument 'cmake_args' from command line to 'None'
[0.195s] Level 5:colcon.colcon_core.verb:set package 'realsense2_camera_msgs' build argument 'cmake_target' from command line to 'None'
[0.195s] Level 5:colcon.colcon_core.verb:set package 'realsense2_camera_msgs' build argument 'cmake_target_skip_unavailable' from command line to 'False'
[0.195s] Level 5:colcon.colcon_core.verb:set package 'realsense2_camera_msgs' build argument 'cmake_clean_cache' from command line to 'False'
[0.195s] Level 5:colcon.colcon_core.verb:set package 'realsense2_camera_msgs' build argument 'cmake_clean_first' from command line to 'False'
[0.195s] Level 5:colcon.colcon_core.verb:set package 'realsense2_camera_msgs' build argument 'cmake_force_configure' from command line to 'False'
[0.195s] Level 5:colcon.colcon_core.verb:set package 'realsense2_camera_msgs' build argument 'ament_cmake_args' from command line to 'None'
[0.195s] Level 5:colcon.colcon_core.verb:set package 'realsense2_camera_msgs' build argument 'catkin_cmake_args' from command line to 'None'
[0.195s] Level 5:colcon.colcon_core.verb:set package 'realsense2_camera_msgs' build argument 'catkin_skip_building_tests' from command line to 'False'
[0.195s] DEBUG:colcon.colcon_core.verb:Building package 'realsense2_camera_msgs' with the following arguments: {'ament_cmake_args': None, 'build_base': '/home/ineogi2/ros2_ws/build/realsense2_camera_msgs', 'catkin_cmake_args': None, 'catkin_skip_building_tests': False, 'cmake_args': None, 'cmake_clean_cache': False, 'cmake_clean_first': False, 'cmake_force_configure': False, 'cmake_target': None, 'cmake_target_skip_unavailable': False, 'install_base': '/home/ineogi2/ros2_ws/install/realsense2_camera_msgs', 'merge_install': False, 'path': '/home/ineogi2/ros2_ws/src/realsense-ros/realsense2_camera_msgs', 'symlink_install': False, 'test_result_base': None}
[0.196s] Level 5:colcon.colcon_core.verb:set package 'ros_image' build argument 'cmake_args' from command line to 'None'
[0.196s] Level 5:colcon.colcon_core.verb:set package 'ros_image' build argument 'cmake_target' from command line to 'None'
[0.196s] Level 5:colcon.colcon_core.verb:set package 'ros_image' build argument 'cmake_target_skip_unavailable' from command line to 'False'
[0.196s] Level 5:colcon.colcon_core.verb:set package 'ros_image' build argument 'cmake_clean_cache' from command line to 'False'
[0.196s] Level 5:colcon.colcon_core.verb:set package 'ros_image' build argument 'cmake_clean_first' from command line to 'False'
[0.196s] Level 5:colcon.colcon_core.verb:set package 'ros_image' build argument 'cmake_force_configure' from command line to 'False'
[0.196s] Level 5:colcon.colcon_core.verb:set package 'ros_image' build argument 'ament_cmake_args' from command line to 'None'
[0.196s] Level 5:colcon.colcon_core.verb:set package 'ros_image' build argument 'catkin_cmake_args' from command line to 'None'
[0.196s] Level 5:colcon.colcon_core.verb:set package 'ros_image' build argument 'catkin_skip_building_tests' from command line to 'False'
[0.196s] DEBUG:colcon.colcon_core.verb:Building package 'ros_image' with the following arguments: {'ament_cmake_args': None, 'build_base': '/home/ineogi2/ros2_ws/build/ros_image', 'catkin_cmake_args': None, 'catkin_skip_building_tests': False, 'cmake_args': None, 'cmake_clean_cache': False, 'cmake_clean_first': False, 'cmake_force_configure': False, 'cmake_target': None, 'cmake_target_skip_unavailable': False, 'install_base': '/home/ineogi2/ros2_ws/install/ros_image', 'merge_install': False, 'path': '/home/ineogi2/ros2_ws/src/ros_image', 'symlink_install': False, 'test_result_base': None}
[0.196s] Level 5:colcon.colcon_core.verb:set package 'ros_teensy' build argument 'cmake_args' from command line to 'None'
[0.196s] Level 5:colcon.colcon_core.verb:set package 'ros_teensy' build argument 'cmake_target' from command line to 'None'
[0.196s] Level 5:colcon.colcon_core.verb:set package 'ros_teensy' build argument 'cmake_target_skip_unavailable' from command line to 'False'
[0.196s] Level 5:colcon.colcon_core.verb:set package 'ros_teensy' build argument 'cmake_clean_cache' from command line to 'False'
[0.196s] Level 5:colcon.colcon_core.verb:set package 'ros_teensy' build argument 'cmake_clean_first' from command line to 'False'
[0.196s] Level 5:colcon.colcon_core.verb:set package 'ros_teensy' build argument 'cmake_force_configure' from command line to 'False'
[0.196s] Level 5:colcon.colcon_core.verb:set package 'ros_teensy' build argument 'ament_cmake_args' from command line to 'None'
[0.196s] Level 5:colcon.colcon_core.verb:set package 'ros_teensy' build argument 'catkin_cmake_args' from command line to 'None'
[0.196s] Level 5:colcon.colcon_core.verb:set package 'ros_teensy' build argument 'catkin_skip_building_tests' from command line to 'False'
[0.196s] DEBUG:colcon.colcon_core.verb:Building package 'ros_teensy' with the following arguments: {'ament_cmake_args': None, 'build_base': '/home/ineogi2/ros2_ws/build/ros_teensy', 'catkin_cmake_args': None, 'catkin_skip_building_tests': False, 'cmake_args': None, 'cmake_clean_cache': False, 'cmake_clean_first': False, 'cmake_force_configure': False, 'cmake_target': None, 'cmake_target_skip_unavailable': False, 'install_base': '/home/ineogi2/ros2_ws/install/ros_teensy', 'merge_install': False, 'path': '/home/ineogi2/ros2_ws/src/ros_teensy', 'symlink_install': False, 'test_result_base': None}
[0.197s] Level 5:colcon.colcon_core.verb:set package 'realsense2_camera' build argument 'cmake_args' from command line to 'None'
[0.197s] Level 5:colcon.colcon_core.verb:set package 'realsense2_camera' build argument 'cmake_target' from command line to 'None'
[0.197s] Level 5:colcon.colcon_core.verb:set package 'realsense2_camera' build argument 'cmake_target_skip_unavailable' from command line to 'False'
[0.197s] Level 5:colcon.colcon_core.verb:set package 'realsense2_camera' build argument 'cmake_clean_cache' from command line to 'False'
[0.197s] Level 5:colcon.colcon_core.verb:set package 'realsense2_camera' build argument 'cmake_clean_first' from command line to 'False'
[0.197s] Level 5:colcon.colcon_core.verb:set package 'realsense2_camera' build argument 'cmake_force_configure' from command line to 'False'
[0.197s] Level 5:colcon.colcon_core.verb:set package 'realsense2_camera' build argument 'ament_cmake_args' from command line to 'None'
[0.197s] Level 5:colcon.colcon_core.verb:set package 'realsense2_camera' build argument 'catkin_cmake_args' from command line to 'None'
[0.197s] Level 5:colcon.colcon_core.verb:set package 'realsense2_camera' build argument 'catkin_skip_building_tests' from command line to 'False'
[0.197s] DEBUG:colcon.colcon_core.verb:Building package 'realsense2_camera' with the following arguments: {'ament_cmake_args': None, 'build_base': '/home/ineogi2/ros2_ws/build/realsense2_camera', 'catkin_cmake_args': None, 'catkin_skip_building_tests': False, 'cmake_args': None, 'cmake_clean_cache': False, 'cmake_clean_first': False, 'cmake_force_configure': False, 'cmake_target': None, 'cmake_target_skip_unavailable': False, 'install_base': '/home/ineogi2/ros2_ws/install/realsense2_camera', 'merge_install': False, 'path': '/home/ineogi2/ros2_ws/src/realsense-ros/realsense2_camera', 'symlink_install': False, 'test_result_base': None}
[0.198s] Level 5:colcon.colcon_core.verb:set package 'realsense2_description' build argument 'cmake_args' from command line to 'None'
[0.198s] Level 5:colcon.colcon_core.verb:set package 'realsense2_description' build argument 'cmake_target' from command line to 'None'
[0.198s] Level 5:colcon.colcon_core.verb:set package 'realsense2_description' build argument 'cmake_target_skip_unavailable' from command line to 'False'
[0.198s] Level 5:colcon.colcon_core.verb:set package 'realsense2_description' build argument 'cmake_clean_cache' from command line to 'False'
[0.198s] Level 5:colcon.colcon_core.verb:set package 'realsense2_description' build argument 'cmake_clean_first' from command line to 'False'
[0.198s] Level 5:colcon.colcon_core.verb:set package 'realsense2_description' build argument 'cmake_force_configure' from command line to 'False'
[0.198s] Level 5:colcon.colcon_core.verb:set package 'realsense2_description' build argument 'ament_cmake_args' from command line to 'None'
[0.198s] Level 5:colcon.colcon_core.verb:set package 'realsense2_description' build argument 'catkin_cmake_args' from command line to 'None'
[0.198s] Level 5:colcon.colcon_core.verb:set package 'realsense2_description' build argument 'catkin_skip_building_tests' from command line to 'False'
[0.198s] DEBUG:colcon.colcon_core.verb:Building package 'realsense2_description' with the following arguments: {'ament_cmake_args': None, 'build_base': '/home/ineogi2/ros2_ws/build/realsense2_description', 'catkin_cmake_args': None, 'catkin_skip_building_tests': False, 'cmake_args': None, 'cmake_clean_cache': False, 'cmake_clean_first': False, 'cmake_force_configure': False, 'cmake_target': None, 'cmake_target_skip_unavailable': False, 'install_base': '/home/ineogi2/ros2_ws/install/realsense2_description', 'merge_install': False, 'path': '/home/ineogi2/ros2_ws/src/realsense-ros/realsense2_description', 'symlink_install': False, 'test_result_base': None}
[0.198s] INFO:colcon.colcon_core.executor:Executing jobs using 'parallel' executor
[0.199s] DEBUG:colcon.colcon_parallel_executor.executor.parallel:run_until_complete
[0.200s] INFO:colcon.colcon_ros.task.ament_cmake.build:Building ROS package in '/home/ineogi2/ros2_ws/src/realsense-ros/realsense2_camera_msgs' with build type 'ament_cmake'
[0.200s] INFO:colcon.colcon_cmake.task.cmake.build:Building CMake package in '/home/ineogi2/ros2_ws/src/realsense-ros/realsense2_camera_msgs'
[0.203s] INFO:colcon.colcon_core.plugin_system:Skipping extension 'colcon_core.shell.bat': Not used on non-Windows systems
[0.203s] INFO:colcon.colcon_core.shell:Skip shell extension 'powershell' for command environment: Not usable outside of PowerShell
[0.203s] DEBUG:colcon.colcon_core.shell:Skip shell extension 'dsv' for command environment
[0.207s] INFO:colcon.colcon_ros.task.ament_python.build:Building ROS package in '/home/ineogi2/ros2_ws/src/ros_image' with build type 'ament_python'
[0.207s] Level 1:colcon.colcon_core.shell:create_environment_hook('ros_image', 'ament_prefix_path')
[0.208s] INFO:colcon.colcon_core.shell:Creating environment hook '/home/ineogi2/ros2_ws/install/ros_image/share/ros_image/hook/ament_prefix_path.ps1'
[0.208s] INFO:colcon.colcon_core.shell:Creating environment descriptor '/home/ineogi2/ros2_ws/install/ros_image/share/ros_image/hook/ament_prefix_path.dsv'
[0.209s] INFO:colcon.colcon_core.shell:Creating environment hook '/home/ineogi2/ros2_ws/install/ros_image/share/ros_image/hook/ament_prefix_path.sh'
[0.209s] INFO:colcon.colcon_core.shell:Skip shell extension 'powershell' for command environment: Not usable outside of PowerShell
[0.209s] DEBUG:colcon.colcon_core.shell:Skip shell extension 'dsv' for command environment
[0.213s] INFO:colcon.colcon_ros.task.ament_python.build:Building ROS package in '/home/ineogi2/ros2_ws/src/ros_teensy' with build type 'ament_python'
[0.213s] Level 1:colcon.colcon_core.shell:create_environment_hook('ros_teensy', 'ament_prefix_path')
[0.214s] INFO:colcon.colcon_core.shell:Creating environment hook '/home/ineogi2/ros2_ws/install/ros_teensy/share/ros_teensy/hook/ament_prefix_path.ps1'
[0.214s] INFO:colcon.colcon_core.shell:Creating environment descriptor '/home/ineogi2/ros2_ws/install/ros_teensy/share/ros_teensy/hook/ament_prefix_path.dsv'
[0.215s] INFO:colcon.colcon_core.shell:Creating environment hook '/home/ineogi2/ros2_ws/install/ros_teensy/share/ros_teensy/hook/ament_prefix_path.sh'
[0.215s] INFO:colcon.colcon_core.shell:Skip shell extension 'powershell' for command environment: Not usable outside of PowerShell
[0.215s] DEBUG:colcon.colcon_core.shell:Skip shell extension 'dsv' for command environment
[0.225s] DEBUG:colcon.colcon_core.event_handler.log_command:Invoking command in '/home/ineogi2/ros2_ws/build/realsense2_camera_msgs': CMAKE_PREFIX_PATH=${CMAKE_PREFIX_PATH}:/home/ineogi2/ros2_ws/install/ros_teensy:/home/ineogi2/ros2_ws/install/ros_image:/opt/ros/foxy /usr/bin/cmake /home/ineogi2/ros2_ws/src/realsense-ros/realsense2_camera_msgs -DCMAKE_INSTALL_PREFIX=/home/ineogi2/ros2_ws/install/realsense2_camera_msgs
[0.396s] INFO:colcon.colcon_core.task.python.build:Building Python package in '/home/ineogi2/ros2_ws/src/ros_image'
[0.397s] INFO:colcon.colcon_core.shell:Skip shell extension 'powershell' for command environment: Not usable outside of PowerShell
[0.397s] DEBUG:colcon.colcon_core.shell:Skip shell extension 'dsv' for command environment
[0.584s] INFO:colcon.colcon_core.task.python.build:Building Python package in '/home/ineogi2/ros2_ws/src/ros_teensy'
[0.585s] INFO:colcon.colcon_core.shell:Skip shell extension 'powershell' for command environment: Not usable outside of PowerShell
[0.585s] DEBUG:colcon.colcon_core.shell:Skip shell extension 'dsv' for command environment
[0.913s] DEBUG:colcon.colcon_core.event_handler.log_command:Invoking command in '/home/ineogi2/ros2_ws/build/ros_image': PYTHONPATH=/home/ineogi2/ros2_ws/install/ros_image/lib/python3.8/site-packages:${PYTHONPATH} /usr/bin/python3 setup.py develop --prefix /home/ineogi2/ros2_ws/install/ros_image --uninstall --editable --build-directory /home/ineogi2/ros2_ws/build/ros_image/build
[0.950s] DEBUG:colcon.colcon_core.event_handler.log_command:Invoking command in '/home/ineogi2/ros2_ws/build/ros_teensy': PYTHONPATH=/home/ineogi2/ros2_ws/install/ros_teensy/lib/python3.8/site-packages:${PYTHONPATH} /usr/bin/python3 setup.py develop --prefix /home/ineogi2/ros2_ws/install/ros_teensy --uninstall --editable --build-directory /home/ineogi2/ros2_ws/build/ros_teensy/build
[1.246s] DEBUG:colcon.colcon_core.event_handler.log_command:Invoked command in '/home/ineogi2/ros2_ws/build/ros_image' returned '0': PYTHONPATH=/home/ineogi2/ros2_ws/install/ros_image/lib/python3.8/site-packages:${PYTHONPATH} /usr/bin/python3 setup.py develop --prefix /home/ineogi2/ros2_ws/install/ros_image --uninstall --editable --build-directory /home/ineogi2/ros2_ws/build/ros_image/build
[1.249s] DEBUG:colcon.colcon_core.event_handler.log_command:Invoking command in '/home/ineogi2/ros2_ws/src/ros_image': PYTHONPATH=/home/ineogi2/ros2_ws/install/ros_image/lib/python3.8/site-packages:${PYTHONPATH} /usr/bin/python3 setup.py egg_info --egg-base ../../build/ros_image build --build-base /home/ineogi2/ros2_ws/build/ros_image/build install --prefix /home/ineogi2/ros2_ws/install/ros_image --record /home/ineogi2/ros2_ws/build/ros_image/install.log --single-version-externally-managed
[1.287s] DEBUG:colcon.colcon_core.event_handler.log_command:Invoked command in '/home/ineogi2/ros2_ws/build/ros_teensy' returned '0': PYTHONPATH=/home/ineogi2/ros2_ws/install/ros_teensy/lib/python3.8/site-packages:${PYTHONPATH} /usr/bin/python3 setup.py develop --prefix /home/ineogi2/ros2_ws/install/ros_teensy --uninstall --editable --build-directory /home/ineogi2/ros2_ws/build/ros_teensy/build
[1.289s] DEBUG:colcon.colcon_core.event_handler.log_command:Invoking command in '/home/ineogi2/ros2_ws/src/ros_teensy': PYTHONPATH=/home/ineogi2/ros2_ws/install/ros_teensy/lib/python3.8/site-packages:${PYTHONPATH} /usr/bin/python3 setup.py egg_info --egg-base ../../build/ros_teensy build --build-base /home/ineogi2/ros2_ws/build/ros_teensy/build install --prefix /home/ineogi2/ros2_ws/install/ros_teensy --record /home/ineogi2/ros2_ws/build/ros_teensy/install.log --single-version-externally-managed
[1.493s] DEBUG:colcon.colcon_core.event_handler.log_command:Invoked command in '/home/ineogi2/ros2_ws/src/ros_image' returned '0': PYTHONPATH=/home/ineogi2/ros2_ws/install/ros_image/lib/python3.8/site-packages:${PYTHONPATH} /usr/bin/python3 setup.py egg_info --egg-base ../../build/ros_image build --build-base /home/ineogi2/ros2_ws/build/ros_image/build install --prefix /home/ineogi2/ros2_ws/install/ros_image --record /home/ineogi2/ros2_ws/build/ros_image/install.log --single-version-externally-managed
[1.497s] Level 1:colcon.colcon_core.environment:checking '/home/ineogi2/ros2_ws/install/ros_image' for CMake module files
[1.498s] Level 1:colcon.colcon_core.environment:checking '/home/ineogi2/ros2_ws/install/ros_image' for CMake config files
[1.498s] Level 1:colcon.colcon_core.environment:checking '/home/ineogi2/ros2_ws/install/ros_image/lib'
[1.498s] Level 1:colcon.colcon_core.environment:checking '/home/ineogi2/ros2_ws/install/ros_image/bin'
[1.498s] Level 1:colcon.colcon_core.environment:checking '/home/ineogi2/ros2_ws/install/ros_image/lib/pkgconfig/ros_image.pc'
[1.499s] Level 1:colcon.colcon_core.environment:checking '/home/ineogi2/ros2_ws/install/ros_image/lib/python3.8/site-packages'
[1.499s] Level 1:colcon.colcon_core.shell:create_environment_hook('ros_image', 'pythonpath')
[1.499s] INFO:colcon.colcon_core.shell:Creating environment hook '/home/ineogi2/ros2_ws/install/ros_image/share/ros_image/hook/pythonpath.ps1'
[1.499s] INFO:colcon.colcon_core.shell:Creating environment descriptor '/home/ineogi2/ros2_ws/install/ros_image/share/ros_image/hook/pythonpath.dsv'
[1.500s] INFO:colcon.colcon_core.shell:Creating environment hook '/home/ineogi2/ros2_ws/install/ros_image/share/ros_image/hook/pythonpath.sh'
[1.500s] Level 1:colcon.colcon_core.environment:checking '/home/ineogi2/ros2_ws/install/ros_image/bin'
[1.500s] Level 1:colcon.colcon_core.environment:create_environment_scripts_only(ros_image)
[1.500s] INFO:colcon.colcon_core.shell:Creating package script '/home/ineogi2/ros2_ws/install/ros_image/share/ros_image/package.ps1'
[1.501s] INFO:colcon.colcon_core.shell:Creating package descriptor '/home/ineogi2/ros2_ws/install/ros_image/share/ros_image/package.dsv'
[1.502s] INFO:colcon.colcon_core.shell:Creating package script '/home/ineogi2/ros2_ws/install/ros_image/share/ros_image/package.sh'
[1.502s] INFO:colcon.colcon_core.shell:Creating package script '/home/ineogi2/ros2_ws/install/ros_image/share/ros_image/package.bash'
[1.503s] INFO:colcon.colcon_core.shell:Creating package script '/home/ineogi2/ros2_ws/install/ros_image/share/ros_image/package.zsh'
[1.503s] Level 1:colcon.colcon_core.environment:create_file_with_runtime_dependencies(/home/ineogi2/ros2_ws/install/ros_image/share/colcon-core/packages/ros_image)
[1.527s] Level 1:colcon.colcon_core.environment:checking '/home/ineogi2/ros2_ws/install/ros_teensy' for CMake module files
[1.528s] DEBUG:colcon.colcon_core.event_handler.log_command:Invoked command in '/home/ineogi2/ros2_ws/src/ros_teensy' returned '0': PYTHONPATH=/home/ineogi2/ros2_ws/install/ros_teensy/lib/python3.8/site-packages:${PYTHONPATH} /usr/bin/python3 setup.py egg_info --egg-base ../../build/ros_teensy build --build-base /home/ineogi2/ros2_ws/build/ros_teensy/build install --prefix /home/ineogi2/ros2_ws/install/ros_teensy --record /home/ineogi2/ros2_ws/build/ros_teensy/install.log --single-version-externally-managed
[1.528s] Level 1:colcon.colcon_core.environment:checking '/home/ineogi2/ros2_ws/install/ros_teensy' for CMake config files
[1.529s] Level 1:colcon.colcon_core.environment:checking '/home/ineogi2/ros2_ws/install/ros_teensy/lib'
[1.529s] Level 1:colcon.colcon_core.environment:checking '/home/ineogi2/ros2_ws/install/ros_teensy/bin'
[1.529s] Level 1:colcon.colcon_core.environment:checking '/home/ineogi2/ros2_ws/install/ros_teensy/lib/pkgconfig/ros_teensy.pc'
[1.529s] Level 1:colcon.colcon_core.environment:checking '/home/ineogi2/ros2_ws/install/ros_teensy/lib/python3.8/site-packages'
[1.529s] Level 1:colcon.colcon_core.shell:create_environment_hook('ros_teensy', 'pythonpath')
[1.529s] INFO:colcon.colcon_core.shell:Creating environment hook '/home/ineogi2/ros2_ws/install/ros_teensy/share/ros_teensy/hook/pythonpath.ps1'
[1.530s] INFO:colcon.colcon_core.shell:Creating environment descriptor '/home/ineogi2/ros2_ws/install/ros_teensy/share/ros_teensy/hook/pythonpath.dsv'
[1.530s] INFO:colcon.colcon_core.shell:Creating environment hook '/home/ineogi2/ros2_ws/install/ros_teensy/share/ros_teensy/hook/pythonpath.sh'
[1.531s] Level 1:colcon.colcon_core.environment:checking '/home/ineogi2/ros2_ws/install/ros_teensy/bin'
[1.531s] Level 1:colcon.colcon_core.environment:create_environment_scripts_only(ros_teensy)
[1.531s] INFO:colcon.colcon_core.shell:Creating package script '/home/ineogi2/ros2_ws/install/ros_teensy/share/ros_teensy/package.ps1'
[1.532s] INFO:colcon.colcon_core.shell:Creating package descriptor '/home/ineogi2/ros2_ws/install/ros_teensy/share/ros_teensy/package.dsv'
[1.532s] INFO:colcon.colcon_core.shell:Creating package script '/home/ineogi2/ros2_ws/install/ros_teensy/share/ros_teensy/package.sh'
[1.532s] INFO:colcon.colcon_core.shell:Creating package script '/home/ineogi2/ros2_ws/install/ros_teensy/share/ros_teensy/package.bash'
[1.532s] INFO:colcon.colcon_core.shell:Creating package script '/home/ineogi2/ros2_ws/install/ros_teensy/share/ros_teensy/package.zsh'
[1.533s] Level 1:colcon.colcon_core.environment:create_file_with_runtime_dependencies(/home/ineogi2/ros2_ws/install/ros_teensy/share/colcon-core/packages/ros_teensy)
[1.731s] DEBUG:colcon.colcon_core.event_handler.log_command:Invoked command in '/home/ineogi2/ros2_ws/build/realsense2_camera_msgs' returned '0': CMAKE_PREFIX_PATH=${CMAKE_PREFIX_PATH}:/home/ineogi2/ros2_ws/install/ros_teensy:/home/ineogi2/ros2_ws/install/ros_image:/opt/ros/foxy /usr/bin/cmake /home/ineogi2/ros2_ws/src/realsense-ros/realsense2_camera_msgs -DCMAKE_INSTALL_PREFIX=/home/ineogi2/ros2_ws/install/realsense2_camera_msgs
[1.734s] DEBUG:colcon.colcon_core.event_handler.log_command:Invoking command in '/home/ineogi2/ros2_ws/build/realsense2_camera_msgs': CMAKE_PREFIX_PATH=${CMAKE_PREFIX_PATH}:/home/ineogi2/ros2_ws/install/ros_teensy:/home/ineogi2/ros2_ws/install/ros_image:/opt/ros/foxy /usr/bin/cmake --build /home/ineogi2/ros2_ws/build/realsense2_camera_msgs -- -j12 -l12
[4.867s] DEBUG:colcon.colcon_core.event_handler.log_command:Invoked command in '/home/ineogi2/ros2_ws/build/realsense2_camera_msgs' returned '0': CMAKE_PREFIX_PATH=${CMAKE_PREFIX_PATH}:/home/ineogi2/ros2_ws/install/ros_teensy:/home/ineogi2/ros2_ws/install/ros_image:/opt/ros/foxy /usr/bin/cmake --build /home/ineogi2/ros2_ws/build/realsense2_camera_msgs -- -j12 -l12
[4.931s] DEBUG:colcon.colcon_core.event_handler.log_command:Invoking command in '/home/ineogi2/ros2_ws/build/realsense2_camera_msgs': CMAKE_PREFIX_PATH=${CMAKE_PREFIX_PATH}:/home/ineogi2/ros2_ws/install/ros_teensy:/home/ineogi2/ros2_ws/install/ros_image:/opt/ros/foxy /usr/bin/cmake --install /home/ineogi2/ros2_ws/build/realsense2_camera_msgs
[4.981s] Level 1:colcon.colcon_core.environment:create_environment_scripts_only(realsense2_camera_msgs)
[4.981s] Level 1:colcon.colcon_core.environment:checking '/home/ineogi2/ros2_ws/install/realsense2_camera_msgs' for CMake module files
[4.982s] DEBUG:colcon.colcon_core.event_handler.log_command:Invoked command in '/home/ineogi2/ros2_ws/build/realsense2_camera_msgs' returned '0': CMAKE_PREFIX_PATH=${CMAKE_PREFIX_PATH}:/home/ineogi2/ros2_ws/install/ros_teensy:/home/ineogi2/ros2_ws/install/ros_image:/opt/ros/foxy /usr/bin/cmake --install /home/ineogi2/ros2_ws/build/realsense2_camera_msgs
[4.982s] Level 1:colcon.colcon_core.environment:checking '/home/ineogi2/ros2_ws/install/realsense2_camera_msgs' for CMake config files
[4.982s] Level 1:colcon.colcon_core.shell:create_environment_hook('realsense2_camera_msgs', 'cmake_prefix_path')
[4.983s] INFO:colcon.colcon_core.shell:Creating environment hook '/home/ineogi2/ros2_ws/install/realsense2_camera_msgs/share/realsense2_camera_msgs/hook/cmake_prefix_path.ps1'
[4.983s] INFO:colcon.colcon_core.shell:Creating environment descriptor '/home/ineogi2/ros2_ws/install/realsense2_camera_msgs/share/realsense2_camera_msgs/hook/cmake_prefix_path.dsv'
[4.983s] INFO:colcon.colcon_core.shell:Creating environment hook '/home/ineogi2/ros2_ws/install/realsense2_camera_msgs/share/realsense2_camera_msgs/hook/cmake_prefix_path.sh'
[4.984s] Level 1:colcon.colcon_core.environment:checking '/home/ineogi2/ros2_ws/install/realsense2_camera_msgs/lib'
[4.984s] Level 1:colcon.colcon_core.shell:create_environment_hook('realsense2_camera_msgs', 'ld_library_path_lib')
[4.984s] INFO:colcon.colcon_core.shell:Creating environment hook '/home/ineogi2/ros2_ws/install/realsense2_camera_msgs/share/realsense2_camera_msgs/hook/ld_library_path_lib.ps1'
[4.985s] INFO:colcon.colcon_core.shell:Creating environment descriptor '/home/ineogi2/ros2_ws/install/realsense2_camera_msgs/share/realsense2_camera_msgs/hook/ld_library_path_lib.dsv'
[4.985s] INFO:colcon.colcon_core.shell:Creating environment hook '/home/ineogi2/ros2_ws/install/realsense2_camera_msgs/share/realsense2_camera_msgs/hook/ld_library_path_lib.sh'
[4.985s] Level 1:colcon.colcon_core.environment:checking '/home/ineogi2/ros2_ws/install/realsense2_camera_msgs/bin'
[4.985s] Level 1:colcon.colcon_core.environment:checking '/home/ineogi2/ros2_ws/install/realsense2_camera_msgs/lib/pkgconfig/realsense2_camera_msgs.pc'
[4.985s] Level 1:colcon.colcon_core.environment:checking '/home/ineogi2/ros2_ws/install/realsense2_camera_msgs/lib/python3.8/site-packages'
[4.985s] Level 1:colcon.colcon_core.shell:create_environment_hook('realsense2_camera_msgs', 'pythonpath')
[4.986s] INFO:colcon.colcon_core.shell:Creating environment hook '/home/ineogi2/ros2_ws/install/realsense2_camera_msgs/share/realsense2_camera_msgs/hook/pythonpath.ps1'
[4.986s] INFO:colcon.colcon_core.shell:Creating environment descriptor '/home/ineogi2/ros2_ws/install/realsense2_camera_msgs/share/realsense2_camera_msgs/hook/pythonpath.dsv'
[4.986s] INFO:colcon.colcon_core.shell:Creating environment hook '/home/ineogi2/ros2_ws/install/realsense2_camera_msgs/share/realsense2_camera_msgs/hook/pythonpath.sh'
[4.987s] Level 1:colcon.colcon_core.environment:checking '/home/ineogi2/ros2_ws/install/realsense2_camera_msgs/bin'
[4.987s] INFO:colcon.colcon_core.shell:Creating package script '/home/ineogi2/ros2_ws/install/realsense2_camera_msgs/share/realsense2_camera_msgs/package.ps1'
[4.987s] INFO:colcon.colcon_core.shell:Creating package descriptor '/home/ineogi2/ros2_ws/install/realsense2_camera_msgs/share/realsense2_camera_msgs/package.dsv'
[4.988s] INFO:colcon.colcon_core.shell:Creating package script '/home/ineogi2/ros2_ws/install/realsense2_camera_msgs/share/realsense2_camera_msgs/package.sh'
[4.988s] INFO:colcon.colcon_core.shell:Creating package script '/home/ineogi2/ros2_ws/install/realsense2_camera_msgs/share/realsense2_camera_msgs/package.bash'
[4.988s] INFO:colcon.colcon_core.shell:Creating package script '/home/ineogi2/ros2_ws/install/realsense2_camera_msgs/share/realsense2_camera_msgs/package.zsh'
[4.988s] Level 1:colcon.colcon_core.environment:create_file_with_runtime_dependencies(/home/ineogi2/ros2_ws/install/realsense2_camera_msgs/share/colcon-core/packages/realsense2_camera_msgs)
[5.044s] Level 1:colcon.colcon_core.environment:create_environment_scripts_only(realsense2_camera_msgs)
[5.045s] Level 1:colcon.colcon_core.environment:checking '/home/ineogi2/ros2_ws/install/realsense2_camera_msgs' for CMake module files
[5.045s] Level 1:colcon.colcon_core.environment:checking '/home/ineogi2/ros2_ws/install/realsense2_camera_msgs' for CMake config files
[5.046s] Level 1:colcon.colcon_core.shell:create_environment_hook('realsense2_camera_msgs', 'cmake_prefix_path')
[5.046s] INFO:colcon.colcon_core.shell:Creating environment hook '/home/ineogi2/ros2_ws/install/realsense2_camera_msgs/share/realsense2_camera_msgs/hook/cmake_prefix_path.ps1'
[5.046s] INFO:colcon.colcon_core.shell:Creating environment descriptor '/home/ineogi2/ros2_ws/install/realsense2_camera_msgs/share/realsense2_camera_msgs/hook/cmake_prefix_path.dsv'
[5.046s] INFO:colcon.colcon_core.shell:Creating environment hook '/home/ineogi2/ros2_ws/install/realsense2_camera_msgs/share/realsense2_camera_msgs/hook/cmake_prefix_path.sh'
[5.047s] Level 1:colcon.colcon_core.environment:checking '/home/ineogi2/ros2_ws/install/realsense2_camera_msgs/lib'
[5.047s] Level 1:colcon.colcon_core.shell:create_environment_hook('realsense2_camera_msgs', 'ld_library_path_lib')
[5.047s] INFO:colcon.colcon_core.shell:Creating environment hook '/home/ineogi2/ros2_ws/install/realsense2_camera_msgs/share/realsense2_camera_msgs/hook/ld_library_path_lib.ps1'
[5.048s] INFO:colcon.colcon_core.shell:Creating environment descriptor '/home/ineogi2/ros2_ws/install/realsense2_camera_msgs/share/realsense2_camera_msgs/hook/ld_library_path_lib.dsv'
[5.048s] INFO:colcon.colcon_core.shell:Creating environment hook '/home/ineogi2/ros2_ws/install/realsense2_camera_msgs/share/realsense2_camera_msgs/hook/ld_library_path_lib.sh'
[5.048s] Level 1:colcon.colcon_core.environment:checking '/home/ineogi2/ros2_ws/install/realsense2_camera_msgs/bin'
[5.048s] Level 1:colcon.colcon_core.environment:checking '/home/ineogi2/ros2_ws/install/realsense2_camera_msgs/lib/pkgconfig/realsense2_camera_msgs.pc'
[5.048s] Level 1:colcon.colcon_core.environment:checking '/home/ineogi2/ros2_ws/install/realsense2_camera_msgs/lib/python3.8/site-packages'
[5.048s] Level 1:colcon.colcon_core.shell:create_environment_hook('realsense2_camera_msgs', 'pythonpath')
[5.049s] INFO:colcon.colcon_core.shell:Creating environment hook '/home/ineogi2/ros2_ws/install/realsense2_camera_msgs/share/realsense2_camera_msgs/hook/pythonpath.ps1'
[5.049s] INFO:colcon.colcon_core.shell:Creating environment descriptor '/home/ineogi2/ros2_ws/install/realsense2_camera_msgs/share/realsense2_camera_msgs/hook/pythonpath.dsv'
[5.049s] INFO:colcon.colcon_core.shell:Creating environment hook '/home/ineogi2/ros2_ws/install/realsense2_camera_msgs/share/realsense2_camera_msgs/hook/pythonpath.sh'
[5.050s] Level 1:colcon.colcon_core.environment:checking '/home/ineogi2/ros2_ws/install/realsense2_camera_msgs/bin'
[5.050s] INFO:colcon.colcon_core.shell:Creating package script '/home/ineogi2/ros2_ws/install/realsense2_camera_msgs/share/realsense2_camera_msgs/package.ps1'
[5.050s] INFO:colcon.colcon_core.shell:Creating package descriptor '/home/ineogi2/ros2_ws/install/realsense2_camera_msgs/share/realsense2_camera_msgs/package.dsv'
[5.051s] INFO:colcon.colcon_core.shell:Creating package script '/home/ineogi2/ros2_ws/install/realsense2_camera_msgs/share/realsense2_camera_msgs/package.sh'
[5.051s] INFO:colcon.colcon_core.shell:Creating package script '/home/ineogi2/ros2_ws/install/realsense2_camera_msgs/share/realsense2_camera_msgs/package.bash'
[5.051s] INFO:colcon.colcon_core.shell:Creating package script '/home/ineogi2/ros2_ws/install/realsense2_camera_msgs/share/realsense2_camera_msgs/package.zsh'
[5.052s] Level 1:colcon.colcon_core.environment:create_file_with_runtime_dependencies(/home/ineogi2/ros2_ws/install/realsense2_camera_msgs/share/colcon-core/packages/realsense2_camera_msgs)
[5.052s] INFO:colcon.colcon_ros.task.ament_cmake.build:Building ROS package in '/home/ineogi2/ros2_ws/src/realsense-ros/realsense2_camera' with build type 'ament_cmake'
[5.052s] INFO:colcon.colcon_cmake.task.cmake.build:Building CMake package in '/home/ineogi2/ros2_ws/src/realsense-ros/realsense2_camera'
[5.052s] INFO:colcon.colcon_core.shell:Skip shell extension 'powershell' for command environment: Not usable outside of PowerShell
[5.052s] DEBUG:colcon.colcon_core.shell:Skip shell extension 'dsv' for command environment
[5.057s] INFO:colcon.colcon_ros.task.ament_cmake.build:Building ROS package in '/home/ineogi2/ros2_ws/src/realsense-ros/realsense2_description' with build type 'ament_cmake'
[5.058s] INFO:colcon.colcon_cmake.task.cmake.build:Building CMake package in '/home/ineogi2/ros2_ws/src/realsense-ros/realsense2_description'
[5.058s] INFO:colcon.colcon_core.shell:Skip shell extension 'powershell' for command environment: Not usable outside of PowerShell
[5.058s] DEBUG:colcon.colcon_core.shell:Skip shell extension 'dsv' for command environment
[5.068s] DEBUG:colcon.colcon_core.event_handler.log_command:Invoking command in '/home/ineogi2/ros2_ws/build/realsense2_camera': AMENT_PREFIX_PATH=/home/ineogi2/ros2_ws/install/realsense2_camera_msgs:${AMENT_PREFIX_PATH} CMAKE_PREFIX_PATH=/home/ineogi2/ros2_ws/install/realsense2_camera_msgs:/home/ineogi2/microros_ws/install/micro_ros_setup:/home/ineogi2/microros_ws/install/micro_ros_agent:/home/ineogi2/microros_ws/install/micro_ros_msgs:/home/ineogi2/ros2_ws/install/ros_teensy:/home/ineogi2/ros2_ws/install/ros_image:/opt/ros/foxy LD_LIBRARY_PATH=/home/ineogi2/ros2_ws/install/realsense2_camera_msgs/lib:${LD_LIBRARY_PATH} PYTHONPATH=/home/ineogi2/ros2_ws/install/realsense2_camera_msgs/lib/python3.8/site-packages:${PYTHONPATH} /usr/bin/cmake /home/ineogi2/ros2_ws/src/realsense-ros/realsense2_camera -DCMAKE_INSTALL_PREFIX=/home/ineogi2/ros2_ws/install/realsense2_camera
[5.071s] DEBUG:colcon.colcon_core.event_handler.log_command:Invoking command in '/home/ineogi2/ros2_ws/build/realsense2_description': AMENT_PREFIX_PATH=/home/ineogi2/ros2_ws/install/realsense2_camera_msgs:${AMENT_PREFIX_PATH} CMAKE_PREFIX_PATH=/home/ineogi2/ros2_ws/install/realsense2_camera_msgs:/home/ineogi2/microros_ws/install/micro_ros_setup:/home/ineogi2/microros_ws/install/micro_ros_agent:/home/ineogi2/microros_ws/install/micro_ros_msgs:/home/ineogi2/ros2_ws/install/ros_teensy:/home/ineogi2/ros2_ws/install/ros_image:/opt/ros/foxy LD_LIBRARY_PATH=/home/ineogi2/ros2_ws/install/realsense2_camera_msgs/lib:${LD_LIBRARY_PATH} PYTHONPATH=/home/ineogi2/ros2_ws/install/realsense2_camera_msgs/lib/python3.8/site-packages:${PYTHONPATH} /usr/bin/cmake /home/ineogi2/ros2_ws/src/realsense-ros/realsense2_description -DCMAKE_INSTALL_PREFIX=/home/ineogi2/ros2_ws/install/realsense2_description
[5.612s] DEBUG:colcon.colcon_core.event_handler.log_command:Invoked command in '/home/ineogi2/ros2_ws/build/realsense2_description' returned '0': AMENT_PREFIX_PATH=/home/ineogi2/ros2_ws/install/realsense2_camera_msgs:${AMENT_PREFIX_PATH} CMAKE_PREFIX_PATH=/home/ineogi2/ros2_ws/install/realsense2_camera_msgs:/home/ineogi2/microros_ws/install/micro_ros_setup:/home/ineogi2/microros_ws/install/micro_ros_agent:/home/ineogi2/microros_ws/install/micro_ros_msgs:/home/ineogi2/ros2_ws/install/ros_teensy:/home/ineogi2/ros2_ws/install/ros_image:/opt/ros/foxy LD_LIBRARY_PATH=/home/ineogi2/ros2_ws/install/realsense2_camera_msgs/lib:${LD_LIBRARY_PATH} PYTHONPATH=/home/ineogi2/ros2_ws/install/realsense2_camera_msgs/lib/python3.8/site-packages:${PYTHONPATH} /usr/bin/cmake /home/ineogi2/ros2_ws/src/realsense-ros/realsense2_description -DCMAKE_INSTALL_PREFIX=/home/ineogi2/ros2_ws/install/realsense2_description
[5.614s] DEBUG:colcon.colcon_core.event_handler.log_command:Invoking command in '/home/ineogi2/ros2_ws/build/realsense2_description': AMENT_PREFIX_PATH=/home/ineogi2/ros2_ws/install/realsense2_camera_msgs:${AMENT_PREFIX_PATH} CMAKE_PREFIX_PATH=/home/ineogi2/ros2_ws/install/realsense2_camera_msgs:/home/ineogi2/microros_ws/install/micro_ros_setup:/home/ineogi2/microros_ws/install/micro_ros_agent:/home/ineogi2/microros_ws/install/micro_ros_msgs:/home/ineogi2/ros2_ws/install/ros_teensy:/home/ineogi2/ros2_ws/install/ros_image:/opt/ros/foxy LD_LIBRARY_PATH=/home/ineogi2/ros2_ws/install/realsense2_camera_msgs/lib:${LD_LIBRARY_PATH} PYTHONPATH=/home/ineogi2/ros2_ws/install/realsense2_camera_msgs/lib/python3.8/site-packages:${PYTHONPATH} /usr/bin/cmake --build /home/ineogi2/ros2_ws/build/realsense2_description -- -j12 -l12
[5.643s] DEBUG:colcon.colcon_core.event_handler.log_command:Invoked command in '/home/ineogi2/ros2_ws/build/realsense2_description' returned '0': AMENT_PREFIX_PATH=/home/ineogi2/ros2_ws/install/realsense2_camera_msgs:${AMENT_PREFIX_PATH} CMAKE_PREFIX_PATH=/home/ineogi2/ros2_ws/install/realsense2_camera_msgs:/home/ineogi2/microros_ws/install/micro_ros_setup:/home/ineogi2/microros_ws/install/micro_ros_agent:/home/ineogi2/microros_ws/install/micro_ros_msgs:/home/ineogi2/ros2_ws/install/ros_teensy:/home/ineogi2/ros2_ws/install/ros_image:/opt/ros/foxy LD_LIBRARY_PATH=/home/ineogi2/ros2_ws/install/realsense2_camera_msgs/lib:${LD_LIBRARY_PATH} PYTHONPATH=/home/ineogi2/ros2_ws/install/realsense2_camera_msgs/lib/python3.8/site-packages:${PYTHONPATH} /usr/bin/cmake --build /home/ineogi2/ros2_ws/build/realsense2_description -- -j12 -l12
[5.658s] DEBUG:colcon.colcon_core.event_handler.log_command:Invoking command in '/home/ineogi2/ros2_ws/build/realsense2_description': AMENT_PREFIX_PATH=/home/ineogi2/ros2_ws/install/realsense2_camera_msgs:${AMENT_PREFIX_PATH} CMAKE_PREFIX_PATH=/home/ineogi2/ros2_ws/install/realsense2_camera_msgs:/home/ineogi2/microros_ws/install/micro_ros_setup:/home/ineogi2/microros_ws/install/micro_ros_agent:/home/ineogi2/microros_ws/install/micro_ros_msgs:/home/ineogi2/ros2_ws/install/ros_teensy:/home/ineogi2/ros2_ws/install/ros_image:/opt/ros/foxy LD_LIBRARY_PATH=/home/ineogi2/ros2_ws/install/realsense2_camera_msgs/lib:${LD_LIBRARY_PATH} PYTHONPATH=/home/ineogi2/ros2_ws/install/realsense2_camera_msgs/lib/python3.8/site-packages:${PYTHONPATH} /usr/bin/cmake --install /home/ineogi2/ros2_ws/build/realsense2_description
[5.711s] Level 1:colcon.colcon_core.environment:create_environment_scripts_only(realsense2_description)
[5.712s] Level 1:colcon.colcon_core.environment:checking '/home/ineogi2/ros2_ws/install/realsense2_description' for CMake module files
[5.713s] Level 1:colcon.colcon_core.environment:checking '/home/ineogi2/ros2_ws/install/realsense2_description' for CMake config files
[5.714s] Level 1:colcon.colcon_core.shell:create_environment_hook('realsense2_description', 'cmake_prefix_path')
[5.714s] INFO:colcon.colcon_core.shell:Creating environment hook '/home/ineogi2/ros2_ws/install/realsense2_description/share/realsense2_description/hook/cmake_prefix_path.ps1'
[5.715s] INFO:colcon.colcon_core.shell:Creating environment descriptor '/home/ineogi2/ros2_ws/install/realsense2_description/share/realsense2_description/hook/cmake_prefix_path.dsv'
[5.715s] INFO:colcon.colcon_core.shell:Creating environment hook '/home/ineogi2/ros2_ws/install/realsense2_description/share/realsense2_description/hook/cmake_prefix_path.sh'
[5.716s] DEBUG:colcon.colcon_core.event_handler.log_command:Invoked command in '/home/ineogi2/ros2_ws/build/realsense2_description' returned '0': AMENT_PREFIX_PATH=/home/ineogi2/ros2_ws/install/realsense2_camera_msgs:${AMENT_PREFIX_PATH} CMAKE_PREFIX_PATH=/home/ineogi2/ros2_ws/install/realsense2_camera_msgs:/home/ineogi2/microros_ws/install/micro_ros_setup:/home/ineogi2/microros_ws/install/micro_ros_agent:/home/ineogi2/microros_ws/install/micro_ros_msgs:/home/ineogi2/ros2_ws/install/ros_teensy:/home/ineogi2/ros2_ws/install/ros_image:/opt/ros/foxy LD_LIBRARY_PATH=/home/ineogi2/ros2_ws/install/realsense2_camera_msgs/lib:${LD_LIBRARY_PATH} PYTHONPATH=/home/ineogi2/ros2_ws/install/realsense2_camera_msgs/lib/python3.8/site-packages:${PYTHONPATH} /usr/bin/cmake --install /home/ineogi2/ros2_ws/build/realsense2_description
[5.716s] Level 1:colcon.colcon_core.environment:checking '/home/ineogi2/ros2_ws/install/realsense2_description/bin'
[5.716s] Level 1:colcon.colcon_core.environment:checking '/home/ineogi2/ros2_ws/install/realsense2_description/lib/pkgconfig/realsense2_description.pc'
[5.716s] Level 1:colcon.colcon_core.environment:checking '/home/ineogi2/ros2_ws/install/realsense2_description/lib/python3.8/site-packages'
[5.716s] Level 1:colcon.colcon_core.environment:checking '/home/ineogi2/ros2_ws/install/realsense2_description/bin'
[5.717s] INFO:colcon.colcon_core.shell:Creating package script '/home/ineogi2/ros2_ws/install/realsense2_description/share/realsense2_description/package.ps1'
[5.717s] INFO:colcon.colcon_core.shell:Creating package descriptor '/home/ineogi2/ros2_ws/install/realsense2_description/share/realsense2_description/package.dsv'
[5.717s] INFO:colcon.colcon_core.shell:Creating package script '/home/ineogi2/ros2_ws/install/realsense2_description/share/realsense2_description/package.sh'
[5.718s] INFO:colcon.colcon_core.shell:Creating package script '/home/ineogi2/ros2_ws/install/realsense2_description/share/realsense2_description/package.bash'
[5.718s] INFO:colcon.colcon_core.shell:Creating package script '/home/ineogi2/ros2_ws/install/realsense2_description/share/realsense2_description/package.zsh'
[5.718s] Level 1:colcon.colcon_core.environment:create_file_with_runtime_dependencies(/home/ineogi2/ros2_ws/install/realsense2_description/share/colcon-core/packages/realsense2_description)
[5.733s] Level 1:colcon.colcon_core.environment:create_environment_scripts_only(realsense2_description)
[5.734s] Level 1:colcon.colcon_core.environment:checking '/home/ineogi2/ros2_ws/install/realsense2_description' for CMake module files
[5.735s] Level 1:colcon.colcon_core.environment:checking '/home/ineogi2/ros2_ws/install/realsense2_description' for CMake config files
[5.735s] Level 1:colcon.colcon_core.shell:create_environment_hook('realsense2_description', 'cmake_prefix_path')
[5.735s] INFO:colcon.colcon_core.shell:Creating environment hook '/home/ineogi2/ros2_ws/install/realsense2_description/share/realsense2_description/hook/cmake_prefix_path.ps1'
[5.736s] INFO:colcon.colcon_core.shell:Creating environment descriptor '/home/ineogi2/ros2_ws/install/realsense2_description/share/realsense2_description/hook/cmake_prefix_path.dsv'
[5.736s] INFO:colcon.colcon_core.shell:Creating environment hook '/home/ineogi2/ros2_ws/install/realsense2_description/share/realsense2_description/hook/cmake_prefix_path.sh'
[5.736s] Level 1:colcon.colcon_core.environment:checking '/home/ineogi2/ros2_ws/install/realsense2_description/bin'
[5.736s] Level 1:colcon.colcon_core.environment:checking '/home/ineogi2/ros2_ws/install/realsense2_description/lib/pkgconfig/realsense2_description.pc'
[5.737s] Level 1:colcon.colcon_core.environment:checking '/home/ineogi2/ros2_ws/install/realsense2_description/lib/python3.8/site-packages'
[5.737s] Level 1:colcon.colcon_core.environment:checking '/home/ineogi2/ros2_ws/install/realsense2_description/bin'
[5.737s] INFO:colcon.colcon_core.shell:Creating package script '/home/ineogi2/ros2_ws/install/realsense2_description/share/realsense2_description/package.ps1'
[5.738s] INFO:colcon.colcon_core.shell:Creating package descriptor '/home/ineogi2/ros2_ws/install/realsense2_description/share/realsense2_description/package.dsv'
[5.738s] INFO:colcon.colcon_core.shell:Creating package script '/home/ineogi2/ros2_ws/install/realsense2_description/share/realsense2_description/package.sh'
[5.738s] INFO:colcon.colcon_core.shell:Creating package script '/home/ineogi2/ros2_ws/install/realsense2_description/share/realsense2_description/package.bash'
[5.739s] INFO:colcon.colcon_core.shell:Creating package script '/home/ineogi2/ros2_ws/install/realsense2_description/share/realsense2_description/package.zsh'
[5.739s] Level 1:colcon.colcon_core.environment:create_file_with_runtime_dependencies(/home/ineogi2/ros2_ws/install/realsense2_description/share/colcon-core/packages/realsense2_description)
[6.804s] DEBUG:colcon.colcon_core.event_handler.log_command:Invoked command in '/home/ineogi2/ros2_ws/build/realsense2_camera' returned '0': AMENT_PREFIX_PATH=/home/ineogi2/ros2_ws/install/realsense2_camera_msgs:${AMENT_PREFIX_PATH} CMAKE_PREFIX_PATH=/home/ineogi2/ros2_ws/install/realsense2_camera_msgs:/home/ineogi2/microros_ws/install/micro_ros_setup:/home/ineogi2/microros_ws/install/micro_ros_agent:/home/ineogi2/microros_ws/install/micro_ros_msgs:/home/ineogi2/ros2_ws/install/ros_teensy:/home/ineogi2/ros2_ws/install/ros_image:/opt/ros/foxy LD_LIBRARY_PATH=/home/ineogi2/ros2_ws/install/realsense2_camera_msgs/lib:${LD_LIBRARY_PATH} PYTHONPATH=/home/ineogi2/ros2_ws/install/realsense2_camera_msgs/lib/python3.8/site-packages:${PYTHONPATH} /usr/bin/cmake /home/ineogi2/ros2_ws/src/realsense-ros/realsense2_camera -DCMAKE_INSTALL_PREFIX=/home/ineogi2/ros2_ws/install/realsense2_camera
[6.805s] DEBUG:colcon.colcon_core.event_handler.log_command:Invoking command in '/home/ineogi2/ros2_ws/build/realsense2_camera': AMENT_PREFIX_PATH=/home/ineogi2/ros2_ws/install/realsense2_camera_msgs:${AMENT_PREFIX_PATH} CMAKE_PREFIX_PATH=/home/ineogi2/ros2_ws/install/realsense2_camera_msgs:/home/ineogi2/microros_ws/install/micro_ros_setup:/home/ineogi2/microros_ws/install/micro_ros_agent:/home/ineogi2/microros_ws/install/micro_ros_msgs:/home/ineogi2/ros2_ws/install/ros_teensy:/home/ineogi2/ros2_ws/install/ros_image:/opt/ros/foxy LD_LIBRARY_PATH=/home/ineogi2/ros2_ws/install/realsense2_camera_msgs/lib:${LD_LIBRARY_PATH} PYTHONPATH=/home/ineogi2/ros2_ws/install/realsense2_camera_msgs/lib/python3.8/site-packages:${PYTHONPATH} /usr/bin/cmake --build /home/ineogi2/ros2_ws/build/realsense2_camera -- -j12 -l12
[22.466s] DEBUG:colcon.colcon_core.event_handler.log_command:Invoked command in '/home/ineogi2/ros2_ws/build/realsense2_camera' returned '0': AMENT_PREFIX_PATH=/home/ineogi2/ros2_ws/install/realsense2_camera_msgs:${AMENT_PREFIX_PATH} CMAKE_PREFIX_PATH=/home/ineogi2/ros2_ws/install/realsense2_camera_msgs:/home/ineogi2/microros_ws/install/micro_ros_setup:/home/ineogi2/microros_ws/install/micro_ros_agent:/home/ineogi2/microros_ws/install/micro_ros_msgs:/home/ineogi2/ros2_ws/install/ros_teensy:/home/ineogi2/ros2_ws/install/ros_image:/opt/ros/foxy LD_LIBRARY_PATH=/home/ineogi2/ros2_ws/install/realsense2_camera_msgs/lib:${LD_LIBRARY_PATH} PYTHONPATH=/home/ineogi2/ros2_ws/install/realsense2_camera_msgs/lib/python3.8/site-packages:${PYTHONPATH} /usr/bin/cmake --build /home/ineogi2/ros2_ws/build/realsense2_camera -- -j12 -l12
[22.498s] DEBUG:colcon.colcon_core.event_handler.log_command:Invoking command in '/home/ineogi2/ros2_ws/build/realsense2_camera': AMENT_PREFIX_PATH=/home/ineogi2/ros2_ws/install/realsense2_camera_msgs:${AMENT_PREFIX_PATH} CMAKE_PREFIX_PATH=/home/ineogi2/ros2_ws/install/realsense2_camera_msgs:/home/ineogi2/microros_ws/install/micro_ros_setup:/home/ineogi2/microros_ws/install/micro_ros_agent:/home/ineogi2/microros_ws/install/micro_ros_msgs:/home/ineogi2/ros2_ws/install/ros_teensy:/home/ineogi2/ros2_ws/install/ros_image:/opt/ros/foxy LD_LIBRARY_PATH=/home/ineogi2/ros2_ws/install/realsense2_camera_msgs/lib:${LD_LIBRARY_PATH} PYTHONPATH=/home/ineogi2/ros2_ws/install/realsense2_camera_msgs/lib/python3.8/site-packages:${PYTHONPATH} /usr/bin/cmake --install /home/ineogi2/ros2_ws/build/realsense2_camera
[22.519s] Level 1:colcon.colcon_core.environment:create_environment_scripts_only(realsense2_camera)
[22.520s] Level 1:colcon.colcon_core.environment:checking '/home/ineogi2/ros2_ws/install/realsense2_camera' for CMake module files
[22.521s] DEBUG:colcon.colcon_core.event_handler.log_command:Invoked command in '/home/ineogi2/ros2_ws/build/realsense2_camera' returned '0': AMENT_PREFIX_PATH=/home/ineogi2/ros2_ws/install/realsense2_camera_msgs:${AMENT_PREFIX_PATH} CMAKE_PREFIX_PATH=/home/ineogi2/ros2_ws/install/realsense2_camera_msgs:/home/ineogi2/microros_ws/install/micro_ros_setup:/home/ineogi2/microros_ws/install/micro_ros_agent:/home/ineogi2/microros_ws/install/micro_ros_msgs:/home/ineogi2/ros2_ws/install/ros_teensy:/home/ineogi2/ros2_ws/install/ros_image:/opt/ros/foxy LD_LIBRARY_PATH=/home/ineogi2/ros2_ws/install/realsense2_camera_msgs/lib:${LD_LIBRARY_PATH} PYTHONPATH=/home/ineogi2/ros2_ws/install/realsense2_camera_msgs/lib/python3.8/site-packages:${PYTHONPATH} /usr/bin/cmake --install /home/ineogi2/ros2_ws/build/realsense2_camera
[22.521s] Level 1:colcon.colcon_core.environment:checking '/home/ineogi2/ros2_ws/install/realsense2_camera' for CMake config files
[22.521s] Level 1:colcon.colcon_core.shell:create_environment_hook('realsense2_camera', 'cmake_prefix_path')
[22.522s] INFO:colcon.colcon_core.shell:Creating environment hook '/home/ineogi2/ros2_ws/install/realsense2_camera/share/realsense2_camera/hook/cmake_prefix_path.ps1'
[22.523s] INFO:colcon.colcon_core.shell:Creating environment descriptor '/home/ineogi2/ros2_ws/install/realsense2_camera/share/realsense2_camera/hook/cmake_prefix_path.dsv'
[22.523s] INFO:colcon.colcon_core.shell:Creating environment hook '/home/ineogi2/ros2_ws/install/realsense2_camera/share/realsense2_camera/hook/cmake_prefix_path.sh'
[22.524s] Level 1:colcon.colcon_core.environment:checking '/home/ineogi2/ros2_ws/install/realsense2_camera/lib'
[22.524s] Level 1:colcon.colcon_core.shell:create_environment_hook('realsense2_camera', 'ld_library_path_lib')
[22.524s] INFO:colcon.colcon_core.shell:Creating environment hook '/home/ineogi2/ros2_ws/install/realsense2_camera/share/realsense2_camera/hook/ld_library_path_lib.ps1'
[22.525s] INFO:colcon.colcon_core.shell:Creating environment descriptor '/home/ineogi2/ros2_ws/install/realsense2_camera/share/realsense2_camera/hook/ld_library_path_lib.dsv'
[22.525s] INFO:colcon.colcon_core.shell:Creating environment hook '/home/ineogi2/ros2_ws/install/realsense2_camera/share/realsense2_camera/hook/ld_library_path_lib.sh'
[22.525s] Level 1:colcon.colcon_core.environment:checking '/home/ineogi2/ros2_ws/install/realsense2_camera/bin'
[22.525s] Level 1:colcon.colcon_core.environment:checking '/home/ineogi2/ros2_ws/install/realsense2_camera/lib/pkgconfig/realsense2_camera.pc'
[22.525s] Level 1:colcon.colcon_core.environment:checking '/home/ineogi2/ros2_ws/install/realsense2_camera/lib/python3.8/site-packages'
[22.526s] Level 1:colcon.colcon_core.environment:checking '/home/ineogi2/ros2_ws/install/realsense2_camera/bin'
[22.526s] INFO:colcon.colcon_core.shell:Creating package script '/home/ineogi2/ros2_ws/install/realsense2_camera/share/realsense2_camera/package.ps1'
[22.526s] INFO:colcon.colcon_core.shell:Creating package descriptor '/home/ineogi2/ros2_ws/install/realsense2_camera/share/realsense2_camera/package.dsv'
[22.527s] INFO:colcon.colcon_core.shell:Creating package script '/home/ineogi2/ros2_ws/install/realsense2_camera/share/realsense2_camera/package.sh'
[22.527s] INFO:colcon.colcon_core.shell:Creating package script '/home/ineogi2/ros2_ws/install/realsense2_camera/share/realsense2_camera/package.bash'
[22.528s] INFO:colcon.colcon_core.shell:Creating package script '/home/ineogi2/ros2_ws/install/realsense2_camera/share/realsense2_camera/package.zsh'
[22.529s] Level 1:colcon.colcon_core.environment:create_file_with_runtime_dependencies(/home/ineogi2/ros2_ws/install/realsense2_camera/share/colcon-core/packages/realsense2_camera)
[22.559s] Level 1:colcon.colcon_core.environment:create_environment_scripts_only(realsense2_camera)
[22.560s] Level 1:colcon.colcon_core.environment:checking '/home/ineogi2/ros2_ws/install/realsense2_camera' for CMake module files
[22.560s] Level 1:colcon.colcon_core.environment:checking '/home/ineogi2/ros2_ws/install/realsense2_camera' for CMake config files
[22.560s] Level 1:colcon.colcon_core.shell:create_environment_hook('realsense2_camera', 'cmake_prefix_path')
[22.561s] INFO:colcon.colcon_core.shell:Creating environment hook '/home/ineogi2/ros2_ws/install/realsense2_camera/share/realsense2_camera/hook/cmake_prefix_path.ps1'
[22.561s] INFO:colcon.colcon_core.shell:Creating environment descriptor '/home/ineogi2/ros2_ws/install/realsense2_camera/share/realsense2_camera/hook/cmake_prefix_path.dsv'
[22.561s] INFO:colcon.colcon_core.shell:Creating environment hook '/home/ineogi2/ros2_ws/install/realsense2_camera/share/realsense2_camera/hook/cmake_prefix_path.sh'
[22.562s] Level 1:colcon.colcon_core.environment:checking '/home/ineogi2/ros2_ws/install/realsense2_camera/lib'
[22.562s] Level 1:colcon.colcon_core.shell:create_environment_hook('realsense2_camera', 'ld_library_path_lib')
[22.562s] INFO:colcon.colcon_core.shell:Creating environment hook '/home/ineogi2/ros2_ws/install/realsense2_camera/share/realsense2_camera/hook/ld_library_path_lib.ps1'
[22.562s] INFO:colcon.colcon_core.shell:Creating environment descriptor '/home/ineogi2/ros2_ws/install/realsense2_camera/share/realsense2_camera/hook/ld_library_path_lib.dsv'
[22.562s] INFO:colcon.colcon_core.shell:Creating environment hook '/home/ineogi2/ros2_ws/install/realsense2_camera/share/realsense2_camera/hook/ld_library_path_lib.sh'
[22.563s] Level 1:colcon.colcon_core.environment:checking '/home/ineogi2/ros2_ws/install/realsense2_camera/bin'
[22.563s] Level 1:colcon.colcon_core.environment:checking '/home/ineogi2/ros2_ws/install/realsense2_camera/lib/pkgconfig/realsense2_camera.pc'
[22.563s] Level 1:colcon.colcon_core.environment:checking '/home/ineogi2/ros2_ws/install/realsense2_camera/lib/python3.8/site-packages'
[22.563s] Level 1:colcon.colcon_core.environment:checking '/home/ineogi2/ros2_ws/install/realsense2_camera/bin'
[22.564s] INFO:colcon.colcon_core.shell:Creating package script '/home/ineogi2/ros2_ws/install/realsense2_camera/share/realsense2_camera/package.ps1'
[22.564s] INFO:colcon.colcon_core.shell:Creating package descriptor '/home/ineogi2/ros2_ws/install/realsense2_camera/share/realsense2_camera/package.dsv'
[22.564s] INFO:colcon.colcon_core.shell:Creating package script '/home/ineogi2/ros2_ws/install/realsense2_camera/share/realsense2_camera/package.sh'
[22.565s] INFO:colcon.colcon_core.shell:Creating package script '/home/ineogi2/ros2_ws/install/realsense2_camera/share/realsense2_camera/package.bash'
[22.565s] INFO:colcon.colcon_core.shell:Creating package script '/home/ineogi2/ros2_ws/install/realsense2_camera/share/realsense2_camera/package.zsh'
[22.565s] Level 1:colcon.colcon_core.environment:create_file_with_runtime_dependencies(/home/ineogi2/ros2_ws/install/realsense2_camera/share/colcon-core/packages/realsense2_camera)
[22.566s] DEBUG:colcon.colcon_parallel_executor.executor.parallel:closing loop
[22.566s] DEBUG:colcon.colcon_parallel_executor.executor.parallel:loop closed
[22.566s] DEBUG:colcon.colcon_parallel_executor.executor.parallel:run_until_complete finished with '0'
[22.566s] DEBUG:colcon.colcon_core.event_reactor:joining thread
[22.578s] INFO:colcon.colcon_core.plugin_system:Skipping extension 'colcon_notification.desktop_notification.terminal_notifier': Not used on non-Darwin systems
[22.578s] INFO:colcon.colcon_core.plugin_system:Skipping extension 'colcon_notification.desktop_notification.win32': Not used on non-Windows systems
[22.578s] INFO:colcon.colcon_notification.desktop_notification:Sending desktop notification using 'notify2'
[22.594s] DEBUG:colcon.colcon_core.event_reactor:joined thread
[22.595s] INFO:colcon.colcon_core.shell:Creating prefix script '/home/ineogi2/ros2_ws/install/local_setup.ps1'
[22.596s] INFO:colcon.colcon_core.shell:Creating prefix util module '/home/ineogi2/ros2_ws/install/_local_setup_util_ps1.py'
[22.597s] INFO:colcon.colcon_core.shell:Creating prefix chain script '/home/ineogi2/ros2_ws/install/setup.ps1'
[22.599s] INFO:colcon.colcon_core.shell:Creating prefix script '/home/ineogi2/ros2_ws/install/local_setup.sh'
[22.599s] INFO:colcon.colcon_core.shell:Creating prefix util module '/home/ineogi2/ros2_ws/install/_local_setup_util_sh.py'
[22.600s] INFO:colcon.colcon_core.shell:Creating prefix chain script '/home/ineogi2/ros2_ws/install/setup.sh'
[22.602s] INFO:colcon.colcon_core.shell:Creating prefix script '/home/ineogi2/ros2_ws/install/local_setup.bash'
[22.602s] INFO:colcon.colcon_core.shell:Creating prefix chain script '/home/ineogi2/ros2_ws/install/setup.bash'
[22.604s] INFO:colcon.colcon_core.shell:Creating prefix script '/home/ineogi2/ros2_ws/install/local_setup.zsh'
[22.604s] INFO:colcon.colcon_core.shell:Creating prefix chain script '/home/ineogi2/ros2_ws/install/setup.zsh'
