[0.037s] Invoking command in '/home/ineogi2/ws/Biorobotics/micro_ros/build/nav_msgs': AMENT_PREFIX_PATH=/home/ineogi2/ws/Biorobotics/micro_ros/install/geometry_msgs:/home/ineogi2/ws/Biorobotics/micro_ros/install/std_msgs:/home/ineogi2/ws/Biorobotics/micro_ros/install/builtin_interfaces:${AMENT_PREFIX_PATH} CMAKE_PREFIX_PATH=/home/ineogi2/ws/Biorobotics/micro_ros/install/geometry_msgs:/home/ineogi2/ws/Biorobotics/micro_ros/install/std_msgs:/home/ineogi2/ws/Biorobotics/micro_ros/install/builtin_interfaces:/home/ineogi2/ws/Biorobotics/micro_ros/install/rosidl_typesupport_microxrcedds_cpp:/home/ineogi2/ws/Biorobotics/micro_ros/install/rosidl_typesupport_microxrcedds_c:/home/ineogi2/ws/Biorobotics/micro_ros/install/microcdr:/home/ineogi2/ws/Biorobotics/micro_ros/install/micro_ros_setup:/home/ineogi2/ws/Biorobotics/ros2_ws/install/realsense2_description:/home/ineogi2/ws/Biorobotics/ros2_ws/install/realsense2_camera:/home/ineogi2/ws/Biorobotics/ros2_ws/install/realsense2_camera_msgs:/home/ineogi2/ws/Biorobotics/ros2_ws/install/ros_image:/opt/ros/foxy LD_LIBRARY_PATH=/home/ineogi2/ws/Biorobotics/micro_ros/install/geometry_msgs/lib:/home/ineogi2/ws/Biorobotics/micro_ros/install/std_msgs/lib:/home/ineogi2/ws/Biorobotics/micro_ros/install/builtin_interfaces/lib:${LD_LIBRARY_PATH} PYTHONPATH=/home/ineogi2/ws/Biorobotics/micro_ros/install/geometry_msgs/lib/python3.8/site-packages:/home/ineogi2/ws/Biorobotics/micro_ros/install/std_msgs/lib/python3.8/site-packages:/home/ineogi2/ws/Biorobotics/micro_ros/install/builtin_interfaces/lib/python3.8/site-packages:${PYTHONPATH} /usr/bin/cmake /home/ineogi2/ws/Biorobotics/micro_ros/src/ros2/common_interfaces/nav_msgs -DBUILD_TESTING=OFF -DBUILD_SHARED_LIBS=ON -DCMAKE_INSTALL_PREFIX=/home/ineogi2/ws/Biorobotics/micro_ros/install/nav_msgs
[0.096s] -- The C compiler identification is GNU 9.4.0
[0.148s] -- The CXX compiler identification is GNU 9.4.0
[0.153s] -- Check for working C compiler: /usr/bin/cc
[0.218s] -- Check for working C compiler: /usr/bin/cc -- works
[0.219s] -- Detecting C compiler ABI info
[0.309s] -- Detecting C compiler ABI info - done
[0.323s] -- Detecting C compile features
[0.323s] -- Detecting C compile features - done
[0.330s] -- Check for working CXX compiler: /usr/bin/c++
[0.408s] -- Check for working CXX compiler: /usr/bin/c++ -- works
[0.409s] -- Detecting CXX compiler ABI info
[0.497s] -- Detecting CXX compiler ABI info - done
[0.513s] -- Detecting CXX compile features
[0.514s] -- Detecting CXX compile features - done
[0.517s] -- Found ament_cmake: 0.9.9 (/opt/ros/foxy/share/ament_cmake/cmake)
[0.545s] -- Found PythonInterp: /usr/bin/python3 (found suitable version "3.8.10", minimum required is "3") 
[0.545s] -- Using PYTHON_EXECUTABLE: /usr/bin/python3
[0.746s] -- Found builtin_interfaces: 1.0.0 (/home/ineogi2/ws/Biorobotics/micro_ros/install/builtin_interfaces/share/builtin_interfaces/cmake)
[0.779s] -- Using all available rosidl_typesupport_c: rosidl_typesupport_microxrcedds_c;rosidl_typesupport_fastrtps_c;rosidl_typesupport_introspection_c
[0.785s] -- Found rosidl_adapter: 1.2.1 (/opt/ros/foxy/share/rosidl_adapter/cmake)
[0.870s] -- Found OpenSSL: /usr/lib/x86_64-linux-gnu/libcrypto.so (found version "1.1.1f")  
[0.905s] -- Found FastRTPS: /opt/ros/foxy/include  
[0.979s] -- Using all available rosidl_typesupport_cpp: rosidl_typesupport_microxrcedds_cpp;rosidl_typesupport_fastrtps_cpp;rosidl_typesupport_introspection_cpp
[1.008s] -- Found geometry_msgs: 2.0.5 (/home/ineogi2/ws/Biorobotics/micro_ros/install/geometry_msgs/share/geometry_msgs/cmake)
[1.060s] -- Found rosidl_default_generators: 1.0.1 (/opt/ros/foxy/share/rosidl_default_generators/cmake)
[1.095s] -- Found PythonInterp: /usr/bin/python3 (found version "3.8.10") 
[1.367s] -- Found ament_cmake_ros: 0.9.2 (/opt/ros/foxy/share/ament_cmake_ros/cmake)
[1.623s] -- Using all available rosidl_typesupport_c: rosidl_typesupport_microxrcedds_c;rosidl_typesupport_fastrtps_c;rosidl_typesupport_introspection_c
[1.794s] -- Using all available rosidl_typesupport_cpp: rosidl_typesupport_microxrcedds_cpp;rosidl_typesupport_fastrtps_cpp;rosidl_typesupport_introspection_cpp
[1.840s] -- Found PythonInterp: /usr/bin/python3 (found suitable version "3.8.10", minimum required is "3.5") 
[1.842s] -- Found python_cmake_module: 0.8.1 (/opt/ros/foxy/share/python_cmake_module/cmake)
[1.887s] -- Found PythonLibs: /usr/lib/x86_64-linux-gnu/libpython3.8.so (found suitable version "3.8.10", minimum required is "3.5") 
[1.888s] -- Using PYTHON_EXECUTABLE: /usr/bin/python3
[1.888s] -- Using PYTHON_INCLUDE_DIRS: /usr/include/python3.8
[1.888s] -- Using PYTHON_LIBRARIES: /usr/lib/x86_64-linux-gnu/libpython3.8.so
[1.931s] -- Found PythonExtra: .so  
[2.127s] -- Configuring done
[2.260s] -- Generating done
[2.265s] -- Build files have been written to: /home/ineogi2/ws/Biorobotics/micro_ros/build/nav_msgs
[2.303s] Invoked command in '/home/ineogi2/ws/Biorobotics/micro_ros/build/nav_msgs' returned '0': AMENT_PREFIX_PATH=/home/ineogi2/ws/Biorobotics/micro_ros/install/geometry_msgs:/home/ineogi2/ws/Biorobotics/micro_ros/install/std_msgs:/home/ineogi2/ws/Biorobotics/micro_ros/install/builtin_interfaces:${AMENT_PREFIX_PATH} CMAKE_PREFIX_PATH=/home/ineogi2/ws/Biorobotics/micro_ros/install/geometry_msgs:/home/ineogi2/ws/Biorobotics/micro_ros/install/std_msgs:/home/ineogi2/ws/Biorobotics/micro_ros/install/builtin_interfaces:/home/ineogi2/ws/Biorobotics/micro_ros/install/rosidl_typesupport_microxrcedds_cpp:/home/ineogi2/ws/Biorobotics/micro_ros/install/rosidl_typesupport_microxrcedds_c:/home/ineogi2/ws/Biorobotics/micro_ros/install/microcdr:/home/ineogi2/ws/Biorobotics/micro_ros/install/micro_ros_setup:/home/ineogi2/ws/Biorobotics/ros2_ws/install/realsense2_description:/home/ineogi2/ws/Biorobotics/ros2_ws/install/realsense2_camera:/home/ineogi2/ws/Biorobotics/ros2_ws/install/realsense2_camera_msgs:/home/ineogi2/ws/Biorobotics/ros2_ws/install/ros_image:/opt/ros/foxy LD_LIBRARY_PATH=/home/ineogi2/ws/Biorobotics/micro_ros/install/geometry_msgs/lib:/home/ineogi2/ws/Biorobotics/micro_ros/install/std_msgs/lib:/home/ineogi2/ws/Biorobotics/micro_ros/install/builtin_interfaces/lib:${LD_LIBRARY_PATH} PYTHONPATH=/home/ineogi2/ws/Biorobotics/micro_ros/install/geometry_msgs/lib/python3.8/site-packages:/home/ineogi2/ws/Biorobotics/micro_ros/install/std_msgs/lib/python3.8/site-packages:/home/ineogi2/ws/Biorobotics/micro_ros/install/builtin_interfaces/lib/python3.8/site-packages:${PYTHONPATH} /usr/bin/cmake /home/ineogi2/ws/Biorobotics/micro_ros/src/ros2/common_interfaces/nav_msgs -DBUILD_TESTING=OFF -DBUILD_SHARED_LIBS=ON -DCMAKE_INSTALL_PREFIX=/home/ineogi2/ws/Biorobotics/micro_ros/install/nav_msgs
[2.305s] Invoking command in '/home/ineogi2/ws/Biorobotics/micro_ros/build/nav_msgs': AMENT_PREFIX_PATH=/home/ineogi2/ws/Biorobotics/micro_ros/install/geometry_msgs:/home/ineogi2/ws/Biorobotics/micro_ros/install/std_msgs:/home/ineogi2/ws/Biorobotics/micro_ros/install/builtin_interfaces:${AMENT_PREFIX_PATH} CMAKE_PREFIX_PATH=/home/ineogi2/ws/Biorobotics/micro_ros/install/geometry_msgs:/home/ineogi2/ws/Biorobotics/micro_ros/install/std_msgs:/home/ineogi2/ws/Biorobotics/micro_ros/install/builtin_interfaces:/home/ineogi2/ws/Biorobotics/micro_ros/install/rosidl_typesupport_microxrcedds_cpp:/home/ineogi2/ws/Biorobotics/micro_ros/install/rosidl_typesupport_microxrcedds_c:/home/ineogi2/ws/Biorobotics/micro_ros/install/microcdr:/home/ineogi2/ws/Biorobotics/micro_ros/install/micro_ros_setup:/home/ineogi2/ws/Biorobotics/ros2_ws/install/realsense2_description:/home/ineogi2/ws/Biorobotics/ros2_ws/install/realsense2_camera:/home/ineogi2/ws/Biorobotics/ros2_ws/install/realsense2_camera_msgs:/home/ineogi2/ws/Biorobotics/ros2_ws/install/ros_image:/opt/ros/foxy LD_LIBRARY_PATH=/home/ineogi2/ws/Biorobotics/micro_ros/install/geometry_msgs/lib:/home/ineogi2/ws/Biorobotics/micro_ros/install/std_msgs/lib:/home/ineogi2/ws/Biorobotics/micro_ros/install/builtin_interfaces/lib:${LD_LIBRARY_PATH} PYTHONPATH=/home/ineogi2/ws/Biorobotics/micro_ros/install/geometry_msgs/lib/python3.8/site-packages:/home/ineogi2/ws/Biorobotics/micro_ros/install/std_msgs/lib/python3.8/site-packages:/home/ineogi2/ws/Biorobotics/micro_ros/install/builtin_interfaces/lib/python3.8/site-packages:${PYTHONPATH} /usr/bin/cmake --build /home/ineogi2/ws/Biorobotics/micro_ros/build/nav_msgs -- -j12 -l12
[2.401s] [35m[1mScanning dependencies of target nav_msgs__cpp[0m
[2.402s] [  1%] [34m[1mGenerating C code for ROS interfaces[0m
[2.468s] [  1%] [34m[1mGenerating C++ code for ROS interfaces[0m
[4.530s] [  1%] Built target nav_msgs__cpp
[4.591s] [  2%] [34m[1mGenerating C++ introspection for ROS interfaces[0m
[5.357s] [35m[1mScanning dependencies of target nav_msgs__rosidl_generator_c[0m
[5.407s] [  2%] [32mBuilding C object CMakeFiles/nav_msgs__rosidl_generator_c.dir/rosidl_generator_c/nav_msgs/msg/detail/grid_cells__functions.c.o[0m
[5.444s] [  3%] [32mBuilding C object CMakeFiles/nav_msgs__rosidl_generator_c.dir/rosidl_generator_c/nav_msgs/msg/detail/map_meta_data__functions.c.o[0m
[5.509s] [  4%] [32mBuilding C object CMakeFiles/nav_msgs__rosidl_generator_c.dir/rosidl_generator_c/nav_msgs/srv/detail/set_map__functions.c.o[0m
[5.554s] [  5%] [32mBuilding C object CMakeFiles/nav_msgs__rosidl_generator_c.dir/rosidl_generator_c/nav_msgs/srv/detail/get_plan__functions.c.o[0m
[5.717s] [  6%] [32mBuilding C object CMakeFiles/nav_msgs__rosidl_generator_c.dir/rosidl_generator_c/nav_msgs/srv/detail/get_map__functions.c.o[0m
[5.732s] [  7%] [32mBuilding C object CMakeFiles/nav_msgs__rosidl_generator_c.dir/rosidl_generator_c/nav_msgs/msg/detail/path__functions.c.o[0m
[5.909s] [  8%] [32mBuilding C object CMakeFiles/nav_msgs__rosidl_generator_c.dir/rosidl_generator_c/nav_msgs/msg/detail/odometry__functions.c.o[0m
[5.925s] [  9%] [32mBuilding C object CMakeFiles/nav_msgs__rosidl_generator_c.dir/rosidl_generator_c/nav_msgs/msg/detail/occupancy_grid__functions.c.o[0m
[6.073s] [ 10%] [32m[1mLinking C shared library libnav_msgs__rosidl_generator_c.so[0m
[6.279s] [ 10%] Built target nav_msgs__rosidl_generator_c
[6.341s] [ 11%] [34m[1mGenerating C++ type support for eProsima Fast-RTPS[0m
[6.463s] [35m[1mScanning dependencies of target nav_msgs__rosidl_typesupport_introspection_cpp[0m
[6.521s] [ 12%] [32mBuilding CXX object CMakeFiles/nav_msgs__rosidl_typesupport_introspection_cpp.dir/rosidl_typesupport_introspection_cpp/nav_msgs/msg/detail/map_meta_data__type_support.cpp.o[0m
[6.526s] [ 13%] [32mBuilding CXX object CMakeFiles/nav_msgs__rosidl_typesupport_introspection_cpp.dir/rosidl_typesupport_introspection_cpp/nav_msgs/msg/detail/grid_cells__type_support.cpp.o[0m
[7.368s] [ 14%] [32mBuilding CXX object CMakeFiles/nav_msgs__rosidl_typesupport_introspection_cpp.dir/rosidl_typesupport_introspection_cpp/nav_msgs/srv/detail/get_map__type_support.cpp.o[0m
[7.523s] [ 14%] [32mBuilding CXX object CMakeFiles/nav_msgs__rosidl_typesupport_introspection_cpp.dir/rosidl_typesupport_introspection_cpp/nav_msgs/srv/detail/get_plan__type_support.cpp.o[0m
[8.532s] [ 15%] [32mBuilding CXX object CMakeFiles/nav_msgs__rosidl_typesupport_introspection_cpp.dir/rosidl_typesupport_introspection_cpp/nav_msgs/srv/detail/set_map__type_support.cpp.o[0m
[9.013s] [35m[1mScanning dependencies of target nav_msgs__rosidl_typesupport_fastrtps_cpp[0m
[9.062s] [ 16%] [32mBuilding CXX object CMakeFiles/nav_msgs__rosidl_typesupport_introspection_cpp.dir/rosidl_typesupport_introspection_cpp/nav_msgs/msg/detail/path__type_support.cpp.o[0m
[9.074s] [ 17%] [32mBuilding CXX object CMakeFiles/nav_msgs__rosidl_typesupport_fastrtps_cpp.dir/rosidl_typesupport_fastrtps_cpp/nav_msgs/msg/detail/dds_fastrtps/grid_cells__type_support.cpp.o[0m
[9.600s] [ 18%] [32mBuilding CXX object CMakeFiles/nav_msgs__rosidl_typesupport_introspection_cpp.dir/rosidl_typesupport_introspection_cpp/nav_msgs/msg/detail/odometry__type_support.cpp.o[0m
[9.794s] [ 18%] [32mBuilding CXX object CMakeFiles/nav_msgs__rosidl_typesupport_fastrtps_cpp.dir/rosidl_typesupport_fastrtps_cpp/nav_msgs/msg/detail/dds_fastrtps/path__type_support.cpp.o[0m
[10.089s] [ 19%] [32mBuilding CXX object CMakeFiles/nav_msgs__rosidl_typesupport_introspection_cpp.dir/rosidl_typesupport_introspection_cpp/nav_msgs/msg/detail/occupancy_grid__type_support.cpp.o[0m
[10.522s] [ 20%] [32mBuilding CXX object CMakeFiles/nav_msgs__rosidl_typesupport_fastrtps_cpp.dir/rosidl_typesupport_fastrtps_cpp/nav_msgs/srv/detail/dds_fastrtps/get_plan__type_support.cpp.o[0m
[10.577s] [ 21%] [32m[1mLinking CXX shared library libnav_msgs__rosidl_typesupport_introspection_cpp.so[0m
[10.782s] [ 21%] Built target nav_msgs__rosidl_typesupport_introspection_cpp
[11.112s] [ 22%] [32mBuilding CXX object CMakeFiles/nav_msgs__rosidl_typesupport_fastrtps_cpp.dir/rosidl_typesupport_fastrtps_cpp/nav_msgs/srv/detail/dds_fastrtps/set_map__type_support.cpp.o[0m
[11.653s] [ 23%] [32mBuilding CXX object CMakeFiles/nav_msgs__rosidl_typesupport_fastrtps_cpp.dir/rosidl_typesupport_fastrtps_cpp/nav_msgs/srv/detail/dds_fastrtps/get_map__type_support.cpp.o[0m
[12.189s] [ 24%] [32mBuilding CXX object CMakeFiles/nav_msgs__rosidl_typesupport_fastrtps_cpp.dir/rosidl_typesupport_fastrtps_cpp/nav_msgs/msg/detail/dds_fastrtps/odometry__type_support.cpp.o[0m
[12.580s] [ 25%] [32mBuilding CXX object CMakeFiles/nav_msgs__rosidl_typesupport_fastrtps_cpp.dir/rosidl_typesupport_fastrtps_cpp/nav_msgs/msg/detail/dds_fastrtps/occupancy_grid__type_support.cpp.o[0m
[13.088s] [ 26%] [32mBuilding CXX object CMakeFiles/nav_msgs__rosidl_typesupport_fastrtps_cpp.dir/rosidl_typesupport_fastrtps_cpp/nav_msgs/msg/detail/dds_fastrtps/map_meta_data__type_support.cpp.o[0m
[13.440s] [ 27%] [32m[1mLinking CXX shared library libnav_msgs__rosidl_typesupport_fastrtps_cpp.so[0m
[13.558s] [ 27%] Built target nav_msgs__rosidl_typesupport_fastrtps_cpp
[13.567s] [ 28%] [34m[1mGenerating C type support dispatch for ROS interfaces[0m
[14.203s] [35m[1mScanning dependencies of target nav_msgs__rosidl_typesupport_c[0m
[14.217s] [ 29%] [32mBuilding CXX object CMakeFiles/nav_msgs__rosidl_typesupport_c.dir/rosidl_typesupport_c/nav_msgs/msg/grid_cells__type_support.cpp.o[0m
[14.248s] [ 30%] [32mBuilding CXX object CMakeFiles/nav_msgs__rosidl_typesupport_c.dir/rosidl_typesupport_c/nav_msgs/srv/get_plan__type_support.cpp.o[0m
[14.284s] [ 31%] [32mBuilding CXX object CMakeFiles/nav_msgs__rosidl_typesupport_c.dir/rosidl_typesupport_c/nav_msgs/srv/set_map__type_support.cpp.o[0m
[14.314s] [ 32%] [32mBuilding CXX object CMakeFiles/nav_msgs__rosidl_typesupport_c.dir/rosidl_typesupport_c/nav_msgs/srv/get_map__type_support.cpp.o[0m
[14.347s] [ 33%] [32mBuilding CXX object CMakeFiles/nav_msgs__rosidl_typesupport_c.dir/rosidl_typesupport_c/nav_msgs/msg/path__type_support.cpp.o[0m
[14.375s] [ 34%] [32mBuilding CXX object CMakeFiles/nav_msgs__rosidl_typesupport_c.dir/rosidl_typesupport_c/nav_msgs/msg/odometry__type_support.cpp.o[0m
[14.403s] [ 34%] [32mBuilding CXX object CMakeFiles/nav_msgs__rosidl_typesupport_c.dir/rosidl_typesupport_c/nav_msgs/msg/occupancy_grid__type_support.cpp.o[0m
[14.441s] [ 35%] [32mBuilding CXX object CMakeFiles/nav_msgs__rosidl_typesupport_c.dir/rosidl_typesupport_c/nav_msgs/msg/map_meta_data__type_support.cpp.o[0m
[14.478s] [ 36%] [32m[1mLinking CXX shared library libnav_msgs__rosidl_typesupport_c.so[0m
[14.533s] [ 36%] Built target nav_msgs__rosidl_typesupport_c
[14.548s] [ 37%] [34m[1mGenerating C type support for eProsima Fast-RTPS[0m
[15.869s] [35m[1mScanning dependencies of target nav_msgs__rosidl_typesupport_fastrtps_c[0m
[15.898s] [ 38%] [32mBuilding CXX object CMakeFiles/nav_msgs__rosidl_typesupport_fastrtps_c.dir/rosidl_typesupport_fastrtps_c/nav_msgs/msg/detail/grid_cells__type_support_c.cpp.o[0m
[16.191s] [ 39%] [32mBuilding CXX object CMakeFiles/nav_msgs__rosidl_typesupport_fastrtps_c.dir/rosidl_typesupport_fastrtps_c/nav_msgs/srv/detail/set_map__type_support_c.cpp.o[0m
[16.663s] [ 40%] [32mBuilding CXX object CMakeFiles/nav_msgs__rosidl_typesupport_fastrtps_c.dir/rosidl_typesupport_fastrtps_c/nav_msgs/srv/detail/get_plan__type_support_c.cpp.o[0m
[17.104s] [ 41%] [32mBuilding CXX object CMakeFiles/nav_msgs__rosidl_typesupport_fastrtps_c.dir/rosidl_typesupport_fastrtps_c/nav_msgs/srv/detail/get_map__type_support_c.cpp.o[0m
[17.436s] [ 41%] [32mBuilding CXX object CMakeFiles/nav_msgs__rosidl_typesupport_fastrtps_c.dir/rosidl_typesupport_fastrtps_c/nav_msgs/msg/detail/path__type_support_c.cpp.o[0m
[17.750s] [ 42%] [32mBuilding CXX object CMakeFiles/nav_msgs__rosidl_typesupport_fastrtps_c.dir/rosidl_typesupport_fastrtps_c/nav_msgs/msg/detail/odometry__type_support_c.cpp.o[0m
[18.070s] [ 43%] [32mBuilding CXX object CMakeFiles/nav_msgs__rosidl_typesupport_fastrtps_c.dir/rosidl_typesupport_fastrtps_c/nav_msgs/msg/detail/occupancy_grid__type_support_c.cpp.o[0m
[18.395s] [ 44%] [32mBuilding CXX object CMakeFiles/nav_msgs__rosidl_typesupport_fastrtps_c.dir/rosidl_typesupport_fastrtps_c/nav_msgs/msg/detail/map_meta_data__type_support_c.cpp.o[0m
[18.725s] [ 45%] [32m[1mLinking CXX shared library libnav_msgs__rosidl_typesupport_fastrtps_c.so[0m
[18.814s] [ 45%] Built target nav_msgs__rosidl_typesupport_fastrtps_c
[18.823s] [ 46%] [34m[1mGenerating C introspection for ROS interfaces[0m
[19.802s] [35m[1mScanning dependencies of target nav_msgs__rosidl_typesupport_introspection_c[0m
[19.827s] [ 47%] [32mBuilding C object CMakeFiles/nav_msgs__rosidl_typesupport_introspection_c.dir/rosidl_typesupport_introspection_c/nav_msgs/msg/detail/grid_cells__type_support.c.o[0m
[19.857s] [ 48%] [32mBuilding C object CMakeFiles/nav_msgs__rosidl_typesupport_introspection_c.dir/rosidl_typesupport_introspection_c/nav_msgs/srv/detail/set_map__type_support.c.o[0m
[19.887s] [ 48%] [32mBuilding C object CMakeFiles/nav_msgs__rosidl_typesupport_introspection_c.dir/rosidl_typesupport_introspection_c/nav_msgs/srv/detail/get_plan__type_support.c.o[0m
[19.923s] [ 49%] [32mBuilding C object CMakeFiles/nav_msgs__rosidl_typesupport_introspection_c.dir/rosidl_typesupport_introspection_c/nav_msgs/srv/detail/get_map__type_support.c.o[0m
[19.953s] [ 50%] [32mBuilding C object CMakeFiles/nav_msgs__rosidl_typesupport_introspection_c.dir/rosidl_typesupport_introspection_c/nav_msgs/msg/detail/path__type_support.c.o[0m
[19.982s] [ 51%] [32mBuilding C object CMakeFiles/nav_msgs__rosidl_typesupport_introspection_c.dir/rosidl_typesupport_introspection_c/nav_msgs/msg/detail/odometry__type_support.c.o[0m
[20.011s] [ 52%] [32mBuilding C object CMakeFiles/nav_msgs__rosidl_typesupport_introspection_c.dir/rosidl_typesupport_introspection_c/nav_msgs/msg/detail/occupancy_grid__type_support.c.o[0m
[20.039s] [ 53%] [32mBuilding C object CMakeFiles/nav_msgs__rosidl_typesupport_introspection_c.dir/rosidl_typesupport_introspection_c/nav_msgs/msg/detail/map_meta_data__type_support.c.o[0m
[20.067s] [ 54%] [32m[1mLinking C shared library libnav_msgs__rosidl_typesupport_introspection_c.so[0m
[20.096s] [ 54%] Built target nav_msgs__rosidl_typesupport_introspection_c
[20.106s] [ 55%] [34m[1mGenerating C type support for eProsima Micro XRCE-DDS[0m
[20.896s] [35m[1mScanning dependencies of target nav_msgs__rosidl_typesupport_microxrcedds_c[0m
[20.912s] [ 56%] [32mBuilding C object CMakeFiles/nav_msgs__rosidl_typesupport_microxrcedds_c.dir/rosidl_typesupport_microxrcedds_c/nav_msgs/msg/detail/microxrcedds/grid_cells__type_support_c.c.o[0m
[20.948s] [ 57%] [32mBuilding C object CMakeFiles/nav_msgs__rosidl_typesupport_microxrcedds_c.dir/rosidl_typesupport_microxrcedds_c/nav_msgs/srv/detail/microxrcedds/set_map__type_support_c.c.o[0m
[20.991s] [ 58%] [32mBuilding C object CMakeFiles/nav_msgs__rosidl_typesupport_microxrcedds_c.dir/rosidl_typesupport_microxrcedds_c/nav_msgs/srv/detail/microxrcedds/get_plan__type_support_c.c.o[0m
[21.032s] [ 59%] [32mBuilding C object CMakeFiles/nav_msgs__rosidl_typesupport_microxrcedds_c.dir/rosidl_typesupport_microxrcedds_c/nav_msgs/srv/detail/microxrcedds/get_map__type_support_c.c.o[0m
[21.070s] [ 60%] [32mBuilding C object CMakeFiles/nav_msgs__rosidl_typesupport_microxrcedds_c.dir/rosidl_typesupport_microxrcedds_c/nav_msgs/msg/detail/microxrcedds/path__type_support_c.c.o[0m
[21.105s] [ 61%] [32mBuilding C object CMakeFiles/nav_msgs__rosidl_typesupport_microxrcedds_c.dir/rosidl_typesupport_microxrcedds_c/nav_msgs/msg/detail/microxrcedds/odometry__type_support_c.c.o[0m
[21.141s] [ 62%] [32mBuilding C object CMakeFiles/nav_msgs__rosidl_typesupport_microxrcedds_c.dir/rosidl_typesupport_microxrcedds_c/nav_msgs/msg/detail/microxrcedds/occupancy_grid__type_support_c.c.o[0m
[21.177s] [ 63%] [32mBuilding C object CMakeFiles/nav_msgs__rosidl_typesupport_microxrcedds_c.dir/rosidl_typesupport_microxrcedds_c/nav_msgs/msg/detail/microxrcedds/map_meta_data__type_support_c.c.o[0m
[21.211s] [ 63%] [32m[1mLinking C shared library libnav_msgs__rosidl_typesupport_microxrcedds_c.so[0m
[21.242s] [ 63%] Built target nav_msgs__rosidl_typesupport_microxrcedds_c
[21.252s] [ 64%] [34m[1mGenerating C++ type support dispatch for ROS interfaces[0m
[21.840s] [35m[1mScanning dependencies of target nav_msgs__rosidl_typesupport_cpp[0m
[21.855s] [ 65%] [32mBuilding CXX object CMakeFiles/nav_msgs__rosidl_typesupport_cpp.dir/rosidl_typesupport_cpp/nav_msgs/msg/grid_cells__type_support.cpp.o[0m
[22.077s] [ 66%] [32mBuilding CXX object CMakeFiles/nav_msgs__rosidl_typesupport_cpp.dir/rosidl_typesupport_cpp/nav_msgs/srv/set_map__type_support.cpp.o[0m
[22.296s] [ 67%] [32mBuilding CXX object CMakeFiles/nav_msgs__rosidl_typesupport_cpp.dir/rosidl_typesupport_cpp/nav_msgs/srv/get_plan__type_support.cpp.o[0m
[22.510s] [ 68%] [32mBuilding CXX object CMakeFiles/nav_msgs__rosidl_typesupport_cpp.dir/rosidl_typesupport_cpp/nav_msgs/srv/get_map__type_support.cpp.o[0m
[22.727s] [ 69%] [32mBuilding CXX object CMakeFiles/nav_msgs__rosidl_typesupport_cpp.dir/rosidl_typesupport_cpp/nav_msgs/msg/path__type_support.cpp.o[0m
[22.947s] [ 70%] [32mBuilding CXX object CMakeFiles/nav_msgs__rosidl_typesupport_cpp.dir/rosidl_typesupport_cpp/nav_msgs/msg/odometry__type_support.cpp.o[0m
[23.164s] [ 70%] [32mBuilding CXX object CMakeFiles/nav_msgs__rosidl_typesupport_cpp.dir/rosidl_typesupport_cpp/nav_msgs/msg/occupancy_grid__type_support.cpp.o[0m
[23.380s] [ 71%] [32mBuilding CXX object CMakeFiles/nav_msgs__rosidl_typesupport_cpp.dir/rosidl_typesupport_cpp/nav_msgs/msg/map_meta_data__type_support.cpp.o[0m
[23.598s] [ 72%] [32m[1mLinking CXX shared library libnav_msgs__rosidl_typesupport_cpp.so[0m
[23.632s] [ 72%] Built target nav_msgs__rosidl_typesupport_cpp
[23.640s] [ 73%] [34m[1mGenerating C++ type support for eProsima Micro XRCE-DDS[0m
[24.385s] [35m[1mScanning dependencies of target nav_msgs__rosidl_typesupport_microxrcedds_cpp[0m
[24.404s] [ 74%] [32mBuilding CXX object CMakeFiles/nav_msgs__rosidl_typesupport_microxrcedds_cpp.dir/rosidl_typesupport_microxrcedds_cpp/nav_msgs/msg/detail/microxrcedds/grid_cells__type_support_cpp.cpp.o[0m
[24.671s] [ 75%] [32mBuilding CXX object CMakeFiles/nav_msgs__rosidl_typesupport_microxrcedds_cpp.dir/rosidl_typesupport_microxrcedds_cpp/nav_msgs/srv/detail/microxrcedds/set_map__type_support_cpp.cpp.o[0m
[24.915s] [ 76%] [32mBuilding CXX object CMakeFiles/nav_msgs__rosidl_typesupport_microxrcedds_cpp.dir/rosidl_typesupport_microxrcedds_cpp/nav_msgs/srv/detail/microxrcedds/get_plan__type_support_cpp.cpp.o[0m
[25.154s] [ 77%] [32mBuilding CXX object CMakeFiles/nav_msgs__rosidl_typesupport_microxrcedds_cpp.dir/rosidl_typesupport_microxrcedds_cpp/nav_msgs/srv/detail/microxrcedds/get_map__type_support_cpp.cpp.o[0m
[25.395s] [ 78%] [32mBuilding CXX object CMakeFiles/nav_msgs__rosidl_typesupport_microxrcedds_cpp.dir/rosidl_typesupport_microxrcedds_cpp/nav_msgs/msg/detail/microxrcedds/path__type_support_cpp.cpp.o[0m
[25.667s] [ 79%] [32mBuilding CXX object CMakeFiles/nav_msgs__rosidl_typesupport_microxrcedds_cpp.dir/rosidl_typesupport_microxrcedds_cpp/nav_msgs/msg/detail/microxrcedds/odometry__type_support_cpp.cpp.o[0m
[25.896s] [ 80%] [32mBuilding CXX object CMakeFiles/nav_msgs__rosidl_typesupport_microxrcedds_cpp.dir/rosidl_typesupport_microxrcedds_cpp/nav_msgs/msg/detail/microxrcedds/occupancy_grid__type_support_cpp.cpp.o[0m
[26.148s] [ 81%] [32mBuilding CXX object CMakeFiles/nav_msgs__rosidl_typesupport_microxrcedds_cpp.dir/rosidl_typesupport_microxrcedds_cpp/nav_msgs/msg/detail/microxrcedds/map_meta_data__type_support_cpp.cpp.o[0m
[26.371s] [ 82%] [32m[1mLinking CXX shared library libnav_msgs__rosidl_typesupport_microxrcedds_cpp.so[0m
[26.431s] [ 82%] Built target nav_msgs__rosidl_typesupport_microxrcedds_cpp
[26.438s] [35m[1mScanning dependencies of target nav_msgs[0m
[26.447s] [ 82%] Built target nav_msgs
[26.455s] [35m[1mScanning dependencies of target nav_msgs__py[0m
[26.464s] [ 83%] [34m[1mGenerating Python code for ROS interfaces[0m
[27.979s] [ 83%] Built target nav_msgs__py
[27.988s] [35m[1mScanning dependencies of target nav_msgs__python[0m
[28.019s] [ 86%] [32mBuilding C object CMakeFiles/nav_msgs__python.dir/rosidl_generator_py/nav_msgs/msg/_grid_cells_s.c.o[0m
[28.019s] [ 86%] [32mBuilding C object CMakeFiles/nav_msgs__python.dir/rosidl_generator_py/nav_msgs/msg/_occupancy_grid_s.c.o[0m
[28.019s] [ 86%] [32mBuilding C object CMakeFiles/nav_msgs__python.dir/rosidl_generator_py/nav_msgs/msg/_map_meta_data_s.c.o[0m
[28.022s] [ 87%] [32mBuilding C object CMakeFiles/nav_msgs__python.dir/rosidl_generator_py/nav_msgs/msg/_odometry_s.c.o[0m
[28.094s] [ 88%] [32mBuilding C object CMakeFiles/nav_msgs__python.dir/rosidl_generator_py/nav_msgs/srv/_set_map_s.c.o[0m
[28.096s] [ 89%] [32mBuilding C object CMakeFiles/nav_msgs__python.dir/rosidl_generator_py/nav_msgs/msg/_path_s.c.o[0m
[28.096s] [ 91%] [32mBuilding C object CMakeFiles/nav_msgs__python.dir/rosidl_generator_py/nav_msgs/srv/_get_map_s.c.o[0m
[28.096s] [ 91%] [32mBuilding C object CMakeFiles/nav_msgs__python.dir/rosidl_generator_py/nav_msgs/srv/_get_plan_s.c.o[0m
[28.177s] [ 92%] [32m[1mLinking C shared library rosidl_generator_py/nav_msgs/libnav_msgs__python.so[0m
[28.214s] [ 92%] Built target nav_msgs__python
[28.224s] [35m[1mScanning dependencies of target nav_msgs__rosidl_typesupport_fastrtps_c__pyext[0m
[28.227s] [35m[1mScanning dependencies of target nav_msgs__rosidl_typesupport_c__pyext[0m
[28.227s] [35m[1mScanning dependencies of target nav_msgs__rosidl_typesupport_introspection_c__pyext[0m
[28.227s] [35m[1mScanning dependencies of target nav_msgs__rosidl_typesupport_microxrcedds_c__pyext[0m
[28.246s] [ 93%] [32mBuilding C object CMakeFiles/nav_msgs__rosidl_typesupport_fastrtps_c__pyext.dir/rosidl_generator_py/nav_msgs/_nav_msgs_s.ep.rosidl_typesupport_fastrtps_c.c.o[0m
[28.253s] [ 95%] [32mBuilding C object CMakeFiles/nav_msgs__rosidl_typesupport_c__pyext.dir/rosidl_generator_py/nav_msgs/_nav_msgs_s.ep.rosidl_typesupport_c.c.o[0m
[28.253s] [ 95%] [32mBuilding C object CMakeFiles/nav_msgs__rosidl_typesupport_microxrcedds_c__pyext.dir/rosidl_generator_py/nav_msgs/_nav_msgs_s.ep.rosidl_typesupport_microxrcedds_c.c.o[0m
[28.253s] [ 96%] [32mBuilding C object CMakeFiles/nav_msgs__rosidl_typesupport_introspection_c__pyext.dir/rosidl_generator_py/nav_msgs/_nav_msgs_s.ep.rosidl_typesupport_introspection_c.c.o[0m
[28.351s] [ 97%] [32m[1mLinking CXX shared library rosidl_generator_py/nav_msgs/nav_msgs_s__rosidl_typesupport_fastrtps_c.cpython-38-x86_64-linux-gnu.so[0m
[28.411s] [ 98%] [32m[1mLinking C shared library rosidl_generator_py/nav_msgs/nav_msgs_s__rosidl_typesupport_c.cpython-38-x86_64-linux-gnu.so[0m
[28.421s] [ 99%] [32m[1mLinking C shared library rosidl_generator_py/nav_msgs/nav_msgs_s__rosidl_typesupport_introspection_c.cpython-38-x86_64-linux-gnu.so[0m
[28.426s] [ 99%] Built target nav_msgs__rosidl_typesupport_fastrtps_c__pyext
[28.431s] [100%] [32m[1mLinking C shared library rosidl_generator_py/nav_msgs/nav_msgs_s__rosidl_typesupport_microxrcedds_c.cpython-38-x86_64-linux-gnu.so[0m
[28.461s] [100%] Built target nav_msgs__rosidl_typesupport_c__pyext
[28.463s] [100%] Built target nav_msgs__rosidl_typesupport_introspection_c__pyext
[28.484s] [100%] Built target nav_msgs__rosidl_typesupport_microxrcedds_c__pyext
[28.496s] Invoked command in '/home/ineogi2/ws/Biorobotics/micro_ros/build/nav_msgs' returned '0': AMENT_PREFIX_PATH=/home/ineogi2/ws/Biorobotics/micro_ros/install/geometry_msgs:/home/ineogi2/ws/Biorobotics/micro_ros/install/std_msgs:/home/ineogi2/ws/Biorobotics/micro_ros/install/builtin_interfaces:${AMENT_PREFIX_PATH} CMAKE_PREFIX_PATH=/home/ineogi2/ws/Biorobotics/micro_ros/install/geometry_msgs:/home/ineogi2/ws/Biorobotics/micro_ros/install/std_msgs:/home/ineogi2/ws/Biorobotics/micro_ros/install/builtin_interfaces:/home/ineogi2/ws/Biorobotics/micro_ros/install/rosidl_typesupport_microxrcedds_cpp:/home/ineogi2/ws/Biorobotics/micro_ros/install/rosidl_typesupport_microxrcedds_c:/home/ineogi2/ws/Biorobotics/micro_ros/install/microcdr:/home/ineogi2/ws/Biorobotics/micro_ros/install/micro_ros_setup:/home/ineogi2/ws/Biorobotics/ros2_ws/install/realsense2_description:/home/ineogi2/ws/Biorobotics/ros2_ws/install/realsense2_camera:/home/ineogi2/ws/Biorobotics/ros2_ws/install/realsense2_camera_msgs:/home/ineogi2/ws/Biorobotics/ros2_ws/install/ros_image:/opt/ros/foxy LD_LIBRARY_PATH=/home/ineogi2/ws/Biorobotics/micro_ros/install/geometry_msgs/lib:/home/ineogi2/ws/Biorobotics/micro_ros/install/std_msgs/lib:/home/ineogi2/ws/Biorobotics/micro_ros/install/builtin_interfaces/lib:${LD_LIBRARY_PATH} PYTHONPATH=/home/ineogi2/ws/Biorobotics/micro_ros/install/geometry_msgs/lib/python3.8/site-packages:/home/ineogi2/ws/Biorobotics/micro_ros/install/std_msgs/lib/python3.8/site-packages:/home/ineogi2/ws/Biorobotics/micro_ros/install/builtin_interfaces/lib/python3.8/site-packages:${PYTHONPATH} /usr/bin/cmake --build /home/ineogi2/ws/Biorobotics/micro_ros/build/nav_msgs -- -j12 -l12
[28.631s] Invoking command in '/home/ineogi2/ws/Biorobotics/micro_ros/build/nav_msgs': AMENT_PREFIX_PATH=/home/ineogi2/ws/Biorobotics/micro_ros/install/geometry_msgs:/home/ineogi2/ws/Biorobotics/micro_ros/install/std_msgs:/home/ineogi2/ws/Biorobotics/micro_ros/install/builtin_interfaces:${AMENT_PREFIX_PATH} CMAKE_PREFIX_PATH=/home/ineogi2/ws/Biorobotics/micro_ros/install/geometry_msgs:/home/ineogi2/ws/Biorobotics/micro_ros/install/std_msgs:/home/ineogi2/ws/Biorobotics/micro_ros/install/builtin_interfaces:/home/ineogi2/ws/Biorobotics/micro_ros/install/rosidl_typesupport_microxrcedds_cpp:/home/ineogi2/ws/Biorobotics/micro_ros/install/rosidl_typesupport_microxrcedds_c:/home/ineogi2/ws/Biorobotics/micro_ros/install/microcdr:/home/ineogi2/ws/Biorobotics/micro_ros/install/micro_ros_setup:/home/ineogi2/ws/Biorobotics/ros2_ws/install/realsense2_description:/home/ineogi2/ws/Biorobotics/ros2_ws/install/realsense2_camera:/home/ineogi2/ws/Biorobotics/ros2_ws/install/realsense2_camera_msgs:/home/ineogi2/ws/Biorobotics/ros2_ws/install/ros_image:/opt/ros/foxy LD_LIBRARY_PATH=/home/ineogi2/ws/Biorobotics/micro_ros/install/geometry_msgs/lib:/home/ineogi2/ws/Biorobotics/micro_ros/install/std_msgs/lib:/home/ineogi2/ws/Biorobotics/micro_ros/install/builtin_interfaces/lib:${LD_LIBRARY_PATH} PYTHONPATH=/home/ineogi2/ws/Biorobotics/micro_ros/install/geometry_msgs/lib/python3.8/site-packages:/home/ineogi2/ws/Biorobotics/micro_ros/install/std_msgs/lib/python3.8/site-packages:/home/ineogi2/ws/Biorobotics/micro_ros/install/builtin_interfaces/lib/python3.8/site-packages:${PYTHONPATH} /usr/bin/cmake --install /home/ineogi2/ws/Biorobotics/micro_ros/build/nav_msgs
[28.639s] -- Install configuration: ""
[28.639s] -- Installing: /home/ineogi2/ws/Biorobotics/micro_ros/install/nav_msgs/share/ament_index/resource_index/rosidl_interfaces/nav_msgs
[28.639s] -- Installing: /home/ineogi2/ws/Biorobotics/micro_ros/install/nav_msgs/include/nav_msgs
[28.639s] -- Installing: /home/ineogi2/ws/Biorobotics/micro_ros/install/nav_msgs/include/nav_msgs/srv
[28.639s] -- Installing: /home/ineogi2/ws/Biorobotics/micro_ros/install/nav_msgs/include/nav_msgs/srv/get_map.h
[28.639s] -- Installing: /home/ineogi2/ws/Biorobotics/micro_ros/install/nav_msgs/include/nav_msgs/srv/get_plan.h
[28.640s] -- Installing: /home/ineogi2/ws/Biorobotics/micro_ros/install/nav_msgs/include/nav_msgs/srv/detail
[28.640s] -- Installing: /home/ineogi2/ws/Biorobotics/micro_ros/install/nav_msgs/include/nav_msgs/srv/detail/set_map__struct.h
[28.640s] -- Installing: /home/ineogi2/ws/Biorobotics/micro_ros/install/nav_msgs/include/nav_msgs/srv/detail/get_map__functions.c
[28.640s] -- Installing: /home/ineogi2/ws/Biorobotics/micro_ros/install/nav_msgs/include/nav_msgs/srv/detail/get_map__type_support.h
[28.640s] -- Installing: /home/ineogi2/ws/Biorobotics/micro_ros/install/nav_msgs/include/nav_msgs/srv/detail/get_plan__type_support.h
[28.640s] -- Installing: /home/ineogi2/ws/Biorobotics/micro_ros/install/nav_msgs/include/nav_msgs/srv/detail/get_map__struct.h
[28.640s] -- Installing: /home/ineogi2/ws/Biorobotics/micro_ros/install/nav_msgs/include/nav_msgs/srv/detail/set_map__type_support.h
[28.640s] -- Installing: /home/ineogi2/ws/Biorobotics/micro_ros/install/nav_msgs/include/nav_msgs/srv/detail/get_plan__functions.h
[28.641s] -- Installing: /home/ineogi2/ws/Biorobotics/micro_ros/install/nav_msgs/include/nav_msgs/srv/detail/set_map__functions.h
[28.641s] -- Installing: /home/ineogi2/ws/Biorobotics/micro_ros/install/nav_msgs/include/nav_msgs/srv/detail/set_map__functions.c
[28.641s] -- Installing: /home/ineogi2/ws/Biorobotics/micro_ros/install/nav_msgs/include/nav_msgs/srv/detail/get_plan__struct.h
[28.641s] -- Installing: /home/ineogi2/ws/Biorobotics/micro_ros/install/nav_msgs/include/nav_msgs/srv/detail/get_plan__functions.c
[28.641s] -- Installing: /home/ineogi2/ws/Biorobotics/micro_ros/install/nav_msgs/include/nav_msgs/srv/detail/get_map__functions.h
[28.641s] -- Installing: /home/ineogi2/ws/Biorobotics/micro_ros/install/nav_msgs/include/nav_msgs/srv/set_map.h
[28.641s] -- Installing: /home/ineogi2/ws/Biorobotics/micro_ros/install/nav_msgs/include/nav_msgs/msg
[28.641s] -- Installing: /home/ineogi2/ws/Biorobotics/micro_ros/install/nav_msgs/include/nav_msgs/msg/rosidl_generator_c__visibility_control.h
[28.642s] -- Installing: /home/ineogi2/ws/Biorobotics/micro_ros/install/nav_msgs/include/nav_msgs/msg/path.h
[28.642s] -- Installing: /home/ineogi2/ws/Biorobotics/micro_ros/install/nav_msgs/include/nav_msgs/msg/detail
[28.642s] -- Installing: /home/ineogi2/ws/Biorobotics/micro_ros/install/nav_msgs/include/nav_msgs/msg/detail/map_meta_data__functions.h
[28.642s] -- Installing: /home/ineogi2/ws/Biorobotics/micro_ros/install/nav_msgs/include/nav_msgs/msg/detail/odometry__functions.h
[28.642s] -- Installing: /home/ineogi2/ws/Biorobotics/micro_ros/install/nav_msgs/include/nav_msgs/msg/detail/grid_cells__struct.h
[28.642s] -- Installing: /home/ineogi2/ws/Biorobotics/micro_ros/install/nav_msgs/include/nav_msgs/msg/detail/path__functions.c
[28.642s] -- Installing: /home/ineogi2/ws/Biorobotics/micro_ros/install/nav_msgs/include/nav_msgs/msg/detail/grid_cells__type_support.h
[28.642s] -- Installing: /home/ineogi2/ws/Biorobotics/micro_ros/install/nav_msgs/include/nav_msgs/msg/detail/occupancy_grid__type_support.h
[28.642s] -- Installing: /home/ineogi2/ws/Biorobotics/micro_ros/install/nav_msgs/include/nav_msgs/msg/detail/map_meta_data__type_support.h
[28.643s] -- Installing: /home/ineogi2/ws/Biorobotics/micro_ros/install/nav_msgs/include/nav_msgs/msg/detail/map_meta_data__struct.h
[28.643s] -- Installing: /home/ineogi2/ws/Biorobotics/micro_ros/install/nav_msgs/include/nav_msgs/msg/detail/occupancy_grid__functions.h
[28.643s] -- Installing: /home/ineogi2/ws/Biorobotics/micro_ros/install/nav_msgs/include/nav_msgs/msg/detail/odometry__type_support.h
[28.643s] -- Installing: /home/ineogi2/ws/Biorobotics/micro_ros/install/nav_msgs/include/nav_msgs/msg/detail/path__struct.h
[28.643s] -- Installing: /home/ineogi2/ws/Biorobotics/micro_ros/install/nav_msgs/include/nav_msgs/msg/detail/occupancy_grid__struct.h
[28.643s] -- Installing: /home/ineogi2/ws/Biorobotics/micro_ros/install/nav_msgs/include/nav_msgs/msg/detail/path__type_support.h
[28.643s] -- Installing: /home/ineogi2/ws/Biorobotics/micro_ros/install/nav_msgs/include/nav_msgs/msg/detail/path__functions.h
[28.644s] -- Installing: /home/ineogi2/ws/Biorobotics/micro_ros/install/nav_msgs/include/nav_msgs/msg/detail/grid_cells__functions.c
[28.644s] -- Installing: /home/ineogi2/ws/Biorobotics/micro_ros/install/nav_msgs/include/nav_msgs/msg/detail/map_meta_data__functions.c
[28.644s] -- Installing: /home/ineogi2/ws/Biorobotics/micro_ros/install/nav_msgs/include/nav_msgs/msg/detail/odometry__functions.c
[28.644s] -- Installing: /home/ineogi2/ws/Biorobotics/micro_ros/install/nav_msgs/include/nav_msgs/msg/detail/odometry__struct.h
[28.644s] -- Installing: /home/ineogi2/ws/Biorobotics/micro_ros/install/nav_msgs/include/nav_msgs/msg/detail/occupancy_grid__functions.c
[28.644s] -- Installing: /home/ineogi2/ws/Biorobotics/micro_ros/install/nav_msgs/include/nav_msgs/msg/detail/grid_cells__functions.h
[28.644s] -- Installing: /home/ineogi2/ws/Biorobotics/micro_ros/install/nav_msgs/include/nav_msgs/msg/odometry.h
[28.644s] -- Installing: /home/ineogi2/ws/Biorobotics/micro_ros/install/nav_msgs/include/nav_msgs/msg/map_meta_data.h
[28.645s] -- Installing: /home/ineogi2/ws/Biorobotics/micro_ros/install/nav_msgs/include/nav_msgs/msg/occupancy_grid.h
[28.645s] -- Installing: /home/ineogi2/ws/Biorobotics/micro_ros/install/nav_msgs/include/nav_msgs/msg/grid_cells.h
[28.645s] -- Installing: /home/ineogi2/ws/Biorobotics/micro_ros/install/nav_msgs/share/nav_msgs/environment/library_path.sh
[28.645s] -- Installing: /home/ineogi2/ws/Biorobotics/micro_ros/install/nav_msgs/share/nav_msgs/environment/library_path.dsv
[28.645s] -- Installing: /home/ineogi2/ws/Biorobotics/micro_ros/install/nav_msgs/lib/libnav_msgs__rosidl_generator_c.so
[28.645s] -- Set runtime path of "/home/ineogi2/ws/Biorobotics/micro_ros/install/nav_msgs/lib/libnav_msgs__rosidl_generator_c.so" to ""
[28.645s] -- Up-to-date: /home/ineogi2/ws/Biorobotics/micro_ros/install/nav_msgs/include/nav_msgs
[28.645s] -- Up-to-date: /home/ineogi2/ws/Biorobotics/micro_ros/install/nav_msgs/include/nav_msgs/srv
[28.646s] -- Up-to-date: /home/ineogi2/ws/Biorobotics/micro_ros/install/nav_msgs/include/nav_msgs/srv/detail
[28.646s] -- Installing: /home/ineogi2/ws/Biorobotics/micro_ros/install/nav_msgs/include/nav_msgs/srv/detail/get_plan__rosidl_typesupport_microxrcedds_c.h
[28.646s] -- Installing: /home/ineogi2/ws/Biorobotics/micro_ros/install/nav_msgs/include/nav_msgs/srv/detail/get_map__rosidl_typesupport_microxrcedds_c.h
[28.646s] -- Installing: /home/ineogi2/ws/Biorobotics/micro_ros/install/nav_msgs/include/nav_msgs/srv/detail/set_map__rosidl_typesupport_microxrcedds_c.h
[28.646s] -- Installing: /home/ineogi2/ws/Biorobotics/micro_ros/install/nav_msgs/include/nav_msgs/srv/detail/microxrcedds
[28.646s] -- Up-to-date: /home/ineogi2/ws/Biorobotics/micro_ros/install/nav_msgs/include/nav_msgs/msg
[28.646s] -- Up-to-date: /home/ineogi2/ws/Biorobotics/micro_ros/install/nav_msgs/include/nav_msgs/msg/detail
[28.647s] -- Installing: /home/ineogi2/ws/Biorobotics/micro_ros/install/nav_msgs/include/nav_msgs/msg/detail/path__rosidl_typesupport_microxrcedds_c.h
[28.647s] -- Installing: /home/ineogi2/ws/Biorobotics/micro_ros/install/nav_msgs/include/nav_msgs/msg/detail/odometry__rosidl_typesupport_microxrcedds_c.h
[28.647s] -- Installing: /home/ineogi2/ws/Biorobotics/micro_ros/install/nav_msgs/include/nav_msgs/msg/detail/occupancy_grid__rosidl_typesupport_microxrcedds_c.h
[28.647s] -- Installing: /home/ineogi2/ws/Biorobotics/micro_ros/install/nav_msgs/include/nav_msgs/msg/detail/microxrcedds
[28.647s] -- Installing: /home/ineogi2/ws/Biorobotics/micro_ros/install/nav_msgs/include/nav_msgs/msg/detail/map_meta_data__rosidl_typesupport_microxrcedds_c.h
[28.647s] -- Installing: /home/ineogi2/ws/Biorobotics/micro_ros/install/nav_msgs/include/nav_msgs/msg/detail/grid_cells__rosidl_typesupport_microxrcedds_c.h
[28.647s] -- Installing: /home/ineogi2/ws/Biorobotics/micro_ros/install/nav_msgs/include/nav_msgs/msg/rosidl_typesupport_microxrcedds_c__visibility_control.h
[28.647s] -- Installing: /home/ineogi2/ws/Biorobotics/micro_ros/install/nav_msgs/lib/libnav_msgs__rosidl_typesupport_microxrcedds_c.so
[28.647s] -- Set runtime path of "/home/ineogi2/ws/Biorobotics/micro_ros/install/nav_msgs/lib/libnav_msgs__rosidl_typesupport_microxrcedds_c.so" to ""
[28.648s] -- Up-to-date: /home/ineogi2/ws/Biorobotics/micro_ros/install/nav_msgs/include/nav_msgs
[28.648s] -- Up-to-date: /home/ineogi2/ws/Biorobotics/micro_ros/install/nav_msgs/include/nav_msgs/srv
[28.648s] -- Up-to-date: /home/ineogi2/ws/Biorobotics/micro_ros/install/nav_msgs/include/nav_msgs/srv/detail
[28.648s] -- Installing: /home/ineogi2/ws/Biorobotics/micro_ros/install/nav_msgs/include/nav_msgs/srv/detail/set_map__rosidl_typesupport_fastrtps_c.h
[28.648s] -- Installing: /home/ineogi2/ws/Biorobotics/micro_ros/install/nav_msgs/include/nav_msgs/srv/detail/get_map__rosidl_typesupport_fastrtps_c.h
[28.648s] -- Installing: /home/ineogi2/ws/Biorobotics/micro_ros/install/nav_msgs/include/nav_msgs/srv/detail/get_plan__rosidl_typesupport_fastrtps_c.h
[28.648s] -- Up-to-date: /home/ineogi2/ws/Biorobotics/micro_ros/install/nav_msgs/include/nav_msgs/msg
[28.648s] -- Installing: /home/ineogi2/ws/Biorobotics/micro_ros/install/nav_msgs/include/nav_msgs/msg/rosidl_typesupport_fastrtps_c__visibility_control.h
[28.649s] -- Up-to-date: /home/ineogi2/ws/Biorobotics/micro_ros/install/nav_msgs/include/nav_msgs/msg/detail
[28.649s] -- Installing: /home/ineogi2/ws/Biorobotics/micro_ros/install/nav_msgs/include/nav_msgs/msg/detail/map_meta_data__rosidl_typesupport_fastrtps_c.h
[28.649s] -- Installing: /home/ineogi2/ws/Biorobotics/micro_ros/install/nav_msgs/include/nav_msgs/msg/detail/occupancy_grid__rosidl_typesupport_fastrtps_c.h
[28.649s] -- Installing: /home/ineogi2/ws/Biorobotics/micro_ros/install/nav_msgs/include/nav_msgs/msg/detail/odometry__rosidl_typesupport_fastrtps_c.h
[28.649s] -- Installing: /home/ineogi2/ws/Biorobotics/micro_ros/install/nav_msgs/include/nav_msgs/msg/detail/grid_cells__rosidl_typesupport_fastrtps_c.h
[28.649s] -- Installing: /home/ineogi2/ws/Biorobotics/micro_ros/install/nav_msgs/include/nav_msgs/msg/detail/path__rosidl_typesupport_fastrtps_c.h
[28.649s] -- Installing: /home/ineogi2/ws/Biorobotics/micro_ros/install/nav_msgs/lib/libnav_msgs__rosidl_typesupport_fastrtps_c.so
[28.649s] -- Set runtime path of "/home/ineogi2/ws/Biorobotics/micro_ros/install/nav_msgs/lib/libnav_msgs__rosidl_typesupport_fastrtps_c.so" to ""
[28.649s] -- Up-to-date: /home/ineogi2/ws/Biorobotics/micro_ros/install/nav_msgs/include/nav_msgs
[28.650s] -- Up-to-date: /home/ineogi2/ws/Biorobotics/micro_ros/install/nav_msgs/include/nav_msgs/srv
[28.650s] -- Up-to-date: /home/ineogi2/ws/Biorobotics/micro_ros/install/nav_msgs/include/nav_msgs/srv/detail
[28.650s] -- Installing: /home/ineogi2/ws/Biorobotics/micro_ros/install/nav_msgs/include/nav_msgs/srv/detail/set_map__rosidl_typesupport_fastrtps_cpp.hpp
[28.650s] -- Installing: /home/ineogi2/ws/Biorobotics/micro_ros/install/nav_msgs/include/nav_msgs/srv/detail/get_map__rosidl_typesupport_fastrtps_cpp.hpp
[28.650s] -- Installing: /home/ineogi2/ws/Biorobotics/micro_ros/install/nav_msgs/include/nav_msgs/srv/detail/dds_fastrtps
[28.650s] -- Installing: /home/ineogi2/ws/Biorobotics/micro_ros/install/nav_msgs/include/nav_msgs/srv/detail/get_plan__rosidl_typesupport_fastrtps_cpp.hpp
[28.650s] -- Up-to-date: /home/ineogi2/ws/Biorobotics/micro_ros/install/nav_msgs/include/nav_msgs/msg
[28.650s] -- Installing: /home/ineogi2/ws/Biorobotics/micro_ros/install/nav_msgs/include/nav_msgs/msg/rosidl_typesupport_fastrtps_cpp__visibility_control.h
[28.651s] -- Up-to-date: /home/ineogi2/ws/Biorobotics/micro_ros/install/nav_msgs/include/nav_msgs/msg/detail
[28.651s] -- Installing: /home/ineogi2/ws/Biorobotics/micro_ros/install/nav_msgs/include/nav_msgs/msg/detail/odometry__rosidl_typesupport_fastrtps_cpp.hpp
[28.651s] -- Installing: /home/ineogi2/ws/Biorobotics/micro_ros/install/nav_msgs/include/nav_msgs/msg/detail/path__rosidl_typesupport_fastrtps_cpp.hpp
[28.651s] -- Installing: /home/ineogi2/ws/Biorobotics/micro_ros/install/nav_msgs/include/nav_msgs/msg/detail/map_meta_data__rosidl_typesupport_fastrtps_cpp.hpp
[28.651s] -- Installing: /home/ineogi2/ws/Biorobotics/micro_ros/install/nav_msgs/include/nav_msgs/msg/detail/dds_fastrtps
[28.651s] -- Installing: /home/ineogi2/ws/Biorobotics/micro_ros/install/nav_msgs/include/nav_msgs/msg/detail/occupancy_grid__rosidl_typesupport_fastrtps_cpp.hpp
[28.651s] -- Installing: /home/ineogi2/ws/Biorobotics/micro_ros/install/nav_msgs/include/nav_msgs/msg/detail/grid_cells__rosidl_typesupport_fastrtps_cpp.hpp
[28.651s] -- Installing: /home/ineogi2/ws/Biorobotics/micro_ros/install/nav_msgs/lib/libnav_msgs__rosidl_typesupport_fastrtps_cpp.so
[28.651s] -- Set runtime path of "/home/ineogi2/ws/Biorobotics/micro_ros/install/nav_msgs/lib/libnav_msgs__rosidl_typesupport_fastrtps_cpp.so" to ""
[28.652s] -- Up-to-date: /home/ineogi2/ws/Biorobotics/micro_ros/install/nav_msgs/include/nav_msgs
[28.652s] -- Up-to-date: /home/ineogi2/ws/Biorobotics/micro_ros/install/nav_msgs/include/nav_msgs/srv
[28.652s] -- Up-to-date: /home/ineogi2/ws/Biorobotics/micro_ros/install/nav_msgs/include/nav_msgs/srv/detail
[28.652s] -- Installing: /home/ineogi2/ws/Biorobotics/micro_ros/install/nav_msgs/include/nav_msgs/srv/detail/get_plan__type_support.c
[28.652s] -- Installing: /home/ineogi2/ws/Biorobotics/micro_ros/install/nav_msgs/include/nav_msgs/srv/detail/set_map__rosidl_typesupport_introspection_c.h
[28.652s] -- Installing: /home/ineogi2/ws/Biorobotics/micro_ros/install/nav_msgs/include/nav_msgs/srv/detail/get_plan__rosidl_typesupport_introspection_c.h
[28.652s] -- Installing: /home/ineogi2/ws/Biorobotics/micro_ros/install/nav_msgs/include/nav_msgs/srv/detail/set_map__type_support.c
[28.652s] -- Installing: /home/ineogi2/ws/Biorobotics/micro_ros/install/nav_msgs/include/nav_msgs/srv/detail/get_map__type_support.c
[28.652s] -- Installing: /home/ineogi2/ws/Biorobotics/micro_ros/install/nav_msgs/include/nav_msgs/srv/detail/get_map__rosidl_typesupport_introspection_c.h
[28.653s] -- Up-to-date: /home/ineogi2/ws/Biorobotics/micro_ros/install/nav_msgs/include/nav_msgs/msg
[28.653s] -- Up-to-date: /home/ineogi2/ws/Biorobotics/micro_ros/install/nav_msgs/include/nav_msgs/msg/detail
[28.653s] -- Installing: /home/ineogi2/ws/Biorobotics/micro_ros/install/nav_msgs/include/nav_msgs/msg/detail/occupancy_grid__type_support.c
[28.653s] -- Installing: /home/ineogi2/ws/Biorobotics/micro_ros/install/nav_msgs/include/nav_msgs/msg/detail/path__type_support.c
[28.653s] -- Installing: /home/ineogi2/ws/Biorobotics/micro_ros/install/nav_msgs/include/nav_msgs/msg/detail/map_meta_data__rosidl_typesupport_introspection_c.h
[28.653s] -- Installing: /home/ineogi2/ws/Biorobotics/micro_ros/install/nav_msgs/include/nav_msgs/msg/detail/map_meta_data__type_support.c
[28.653s] -- Installing: /home/ineogi2/ws/Biorobotics/micro_ros/install/nav_msgs/include/nav_msgs/msg/detail/occupancy_grid__rosidl_typesupport_introspection_c.h
[28.653s] -- Installing: /home/ineogi2/ws/Biorobotics/micro_ros/install/nav_msgs/include/nav_msgs/msg/detail/path__rosidl_typesupport_introspection_c.h
[28.653s] -- Installing: /home/ineogi2/ws/Biorobotics/micro_ros/install/nav_msgs/include/nav_msgs/msg/detail/odometry__rosidl_typesupport_introspection_c.h
[28.653s] -- Installing: /home/ineogi2/ws/Biorobotics/micro_ros/install/nav_msgs/include/nav_msgs/msg/detail/grid_cells__type_support.c
[28.654s] -- Installing: /home/ineogi2/ws/Biorobotics/micro_ros/install/nav_msgs/include/nav_msgs/msg/detail/odometry__type_support.c
[28.654s] -- Installing: /home/ineogi2/ws/Biorobotics/micro_ros/install/nav_msgs/include/nav_msgs/msg/detail/grid_cells__rosidl_typesupport_introspection_c.h
[28.654s] -- Installing: /home/ineogi2/ws/Biorobotics/micro_ros/install/nav_msgs/include/nav_msgs/msg/rosidl_typesupport_introspection_c__visibility_control.h
[28.654s] -- Installing: /home/ineogi2/ws/Biorobotics/micro_ros/install/nav_msgs/lib/libnav_msgs__rosidl_typesupport_introspection_c.so
[28.654s] -- Set runtime path of "/home/ineogi2/ws/Biorobotics/micro_ros/install/nav_msgs/lib/libnav_msgs__rosidl_typesupport_introspection_c.so" to ""
[28.654s] -- Installing: /home/ineogi2/ws/Biorobotics/micro_ros/install/nav_msgs/lib/libnav_msgs__rosidl_typesupport_c.so
[28.654s] -- Set runtime path of "/home/ineogi2/ws/Biorobotics/micro_ros/install/nav_msgs/lib/libnav_msgs__rosidl_typesupport_c.so" to ""
[28.654s] -- Up-to-date: /home/ineogi2/ws/Biorobotics/micro_ros/install/nav_msgs/include/nav_msgs
[28.654s] -- Up-to-date: /home/ineogi2/ws/Biorobotics/micro_ros/install/nav_msgs/include/nav_msgs/srv
[28.655s] -- Installing: /home/ineogi2/ws/Biorobotics/micro_ros/install/nav_msgs/include/nav_msgs/srv/set_map.hpp
[28.655s] -- Installing: /home/ineogi2/ws/Biorobotics/micro_ros/install/nav_msgs/include/nav_msgs/srv/get_plan.hpp
[28.655s] -- Installing: /home/ineogi2/ws/Biorobotics/micro_ros/install/nav_msgs/include/nav_msgs/srv/get_map.hpp
[28.655s] -- Up-to-date: /home/ineogi2/ws/Biorobotics/micro_ros/install/nav_msgs/include/nav_msgs/srv/detail
[28.655s] -- Installing: /home/ineogi2/ws/Biorobotics/micro_ros/install/nav_msgs/include/nav_msgs/srv/detail/get_plan__traits.hpp
[28.655s] -- Installing: /home/ineogi2/ws/Biorobotics/micro_ros/install/nav_msgs/include/nav_msgs/srv/detail/get_plan__builder.hpp
[28.655s] -- Installing: /home/ineogi2/ws/Biorobotics/micro_ros/install/nav_msgs/include/nav_msgs/srv/detail/set_map__builder.hpp
[28.655s] -- Installing: /home/ineogi2/ws/Biorobotics/micro_ros/install/nav_msgs/include/nav_msgs/srv/detail/set_map__struct.hpp
[28.655s] -- Installing: /home/ineogi2/ws/Biorobotics/micro_ros/install/nav_msgs/include/nav_msgs/srv/detail/get_plan__struct.hpp
[28.655s] -- Installing: /home/ineogi2/ws/Biorobotics/micro_ros/install/nav_msgs/include/nav_msgs/srv/detail/get_map__traits.hpp
[28.655s] -- Installing: /home/ineogi2/ws/Biorobotics/micro_ros/install/nav_msgs/include/nav_msgs/srv/detail/get_map__struct.hpp
[28.656s] -- Installing: /home/ineogi2/ws/Biorobotics/micro_ros/install/nav_msgs/include/nav_msgs/srv/detail/get_map__builder.hpp
[28.656s] -- Installing: /home/ineogi2/ws/Biorobotics/micro_ros/install/nav_msgs/include/nav_msgs/srv/detail/set_map__traits.hpp
[28.656s] -- Up-to-date: /home/ineogi2/ws/Biorobotics/micro_ros/install/nav_msgs/include/nav_msgs/msg
[28.656s] -- Installing: /home/ineogi2/ws/Biorobotics/micro_ros/install/nav_msgs/include/nav_msgs/msg/map_meta_data.hpp
[28.656s] -- Installing: /home/ineogi2/ws/Biorobotics/micro_ros/install/nav_msgs/include/nav_msgs/msg/grid_cells.hpp
[28.656s] -- Installing: /home/ineogi2/ws/Biorobotics/micro_ros/install/nav_msgs/include/nav_msgs/msg/occupancy_grid.hpp
[28.656s] -- Up-to-date: /home/ineogi2/ws/Biorobotics/micro_ros/install/nav_msgs/include/nav_msgs/msg/detail
[28.656s] -- Installing: /home/ineogi2/ws/Biorobotics/micro_ros/install/nav_msgs/include/nav_msgs/msg/detail/path__traits.hpp
[28.656s] -- Installing: /home/ineogi2/ws/Biorobotics/micro_ros/install/nav_msgs/include/nav_msgs/msg/detail/map_meta_data__builder.hpp
[28.656s] -- Installing: /home/ineogi2/ws/Biorobotics/micro_ros/install/nav_msgs/include/nav_msgs/msg/detail/map_meta_data__struct.hpp
[28.656s] -- Installing: /home/ineogi2/ws/Biorobotics/micro_ros/install/nav_msgs/include/nav_msgs/msg/detail/grid_cells__builder.hpp
[28.657s] -- Installing: /home/ineogi2/ws/Biorobotics/micro_ros/install/nav_msgs/include/nav_msgs/msg/detail/odometry__struct.hpp
[28.657s] -- Installing: /home/ineogi2/ws/Biorobotics/micro_ros/install/nav_msgs/include/nav_msgs/msg/detail/occupancy_grid__builder.hpp
[28.657s] -- Installing: /home/ineogi2/ws/Biorobotics/micro_ros/install/nav_msgs/include/nav_msgs/msg/detail/map_meta_data__traits.hpp
[28.657s] -- Installing: /home/ineogi2/ws/Biorobotics/micro_ros/install/nav_msgs/include/nav_msgs/msg/detail/occupancy_grid__struct.hpp
[28.657s] -- Installing: /home/ineogi2/ws/Biorobotics/micro_ros/install/nav_msgs/include/nav_msgs/msg/detail/odometry__traits.hpp
[28.657s] -- Installing: /home/ineogi2/ws/Biorobotics/micro_ros/install/nav_msgs/include/nav_msgs/msg/detail/odometry__builder.hpp
[28.657s] -- Installing: /home/ineogi2/ws/Biorobotics/micro_ros/install/nav_msgs/include/nav_msgs/msg/detail/path__struct.hpp
[28.657s] -- Installing: /home/ineogi2/ws/Biorobotics/micro_ros/install/nav_msgs/include/nav_msgs/msg/detail/occupancy_grid__traits.hpp
[28.657s] -- Installing: /home/ineogi2/ws/Biorobotics/micro_ros/install/nav_msgs/include/nav_msgs/msg/detail/grid_cells__struct.hpp
[28.657s] -- Installing: /home/ineogi2/ws/Biorobotics/micro_ros/install/nav_msgs/include/nav_msgs/msg/detail/path__builder.hpp
[28.657s] -- Installing: /home/ineogi2/ws/Biorobotics/micro_ros/install/nav_msgs/include/nav_msgs/msg/detail/grid_cells__traits.hpp
[28.658s] -- Installing: /home/ineogi2/ws/Biorobotics/micro_ros/install/nav_msgs/include/nav_msgs/msg/odometry.hpp
[28.658s] -- Installing: /home/ineogi2/ws/Biorobotics/micro_ros/install/nav_msgs/include/nav_msgs/msg/path.hpp
[28.658s] -- Up-to-date: /home/ineogi2/ws/Biorobotics/micro_ros/install/nav_msgs/include/nav_msgs
[28.658s] -- Up-to-date: /home/ineogi2/ws/Biorobotics/micro_ros/install/nav_msgs/include/nav_msgs/srv
[28.658s] -- Up-to-date: /home/ineogi2/ws/Biorobotics/micro_ros/install/nav_msgs/include/nav_msgs/srv/detail
[28.658s] -- Installing: /home/ineogi2/ws/Biorobotics/micro_ros/install/nav_msgs/include/nav_msgs/srv/detail/get_plan__rosidl_typesupport_microxrcedds_cpp.hpp
[28.658s] -- Installing: /home/ineogi2/ws/Biorobotics/micro_ros/install/nav_msgs/include/nav_msgs/srv/detail/set_map__rosidl_typesupport_microxrcedds_cpp.hpp
[28.658s] -- Installing: /home/ineogi2/ws/Biorobotics/micro_ros/install/nav_msgs/include/nav_msgs/srv/detail/get_map__rosidl_typesupport_microxrcedds_cpp.hpp
[28.658s] -- Up-to-date: /home/ineogi2/ws/Biorobotics/micro_ros/install/nav_msgs/include/nav_msgs/srv/detail/microxrcedds
[28.658s] -- Installing: /home/ineogi2/ws/Biorobotics/micro_ros/install/nav_msgs/include/nav_msgs/srv/detail/microxrcedds/get_map__type_support_cpp.cpp
[28.658s] -- Installing: /home/ineogi2/ws/Biorobotics/micro_ros/install/nav_msgs/include/nav_msgs/srv/detail/microxrcedds/get_plan__type_support_cpp.cpp
[28.659s] -- Installing: /home/ineogi2/ws/Biorobotics/micro_ros/install/nav_msgs/include/nav_msgs/srv/detail/microxrcedds/set_map__type_support_cpp.cpp
[28.659s] -- Up-to-date: /home/ineogi2/ws/Biorobotics/micro_ros/install/nav_msgs/include/nav_msgs/msg
[28.659s] -- Installing: /home/ineogi2/ws/Biorobotics/micro_ros/install/nav_msgs/include/nav_msgs/msg/rosidl_typesupport_microxrcedds_cpp__visibility_control.h
[28.659s] -- Up-to-date: /home/ineogi2/ws/Biorobotics/micro_ros/install/nav_msgs/include/nav_msgs/msg/detail
[28.659s] -- Installing: /home/ineogi2/ws/Biorobotics/micro_ros/install/nav_msgs/include/nav_msgs/msg/detail/path__rosidl_typesupport_microxrcedds_cpp.hpp
[28.659s] -- Installing: /home/ineogi2/ws/Biorobotics/micro_ros/install/nav_msgs/include/nav_msgs/msg/detail/grid_cells__rosidl_typesupport_microxrcedds_cpp.hpp
[28.659s] -- Installing: /home/ineogi2/ws/Biorobotics/micro_ros/install/nav_msgs/include/nav_msgs/msg/detail/odometry__rosidl_typesupport_microxrcedds_cpp.hpp
[28.659s] -- Installing: /home/ineogi2/ws/Biorobotics/micro_ros/install/nav_msgs/include/nav_msgs/msg/detail/map_meta_data__rosidl_typesupport_microxrcedds_cpp.hpp
[28.659s] -- Up-to-date: /home/ineogi2/ws/Biorobotics/micro_ros/install/nav_msgs/include/nav_msgs/msg/detail/microxrcedds
[28.659s] -- Installing: /home/ineogi2/ws/Biorobotics/micro_ros/install/nav_msgs/include/nav_msgs/msg/detail/microxrcedds/grid_cells__type_support_cpp.cpp
[28.659s] -- Installing: /home/ineogi2/ws/Biorobotics/micro_ros/install/nav_msgs/include/nav_msgs/msg/detail/microxrcedds/odometry__type_support_cpp.cpp
[28.660s] -- Installing: /home/ineogi2/ws/Biorobotics/micro_ros/install/nav_msgs/include/nav_msgs/msg/detail/microxrcedds/occupancy_grid__type_support_cpp.cpp
[28.660s] -- Installing: /home/ineogi2/ws/Biorobotics/micro_ros/install/nav_msgs/include/nav_msgs/msg/detail/microxrcedds/map_meta_data__type_support_cpp.cpp
[28.660s] -- Installing: /home/ineogi2/ws/Biorobotics/micro_ros/install/nav_msgs/include/nav_msgs/msg/detail/microxrcedds/path__type_support_cpp.cpp
[28.660s] -- Installing: /home/ineogi2/ws/Biorobotics/micro_ros/install/nav_msgs/include/nav_msgs/msg/detail/occupancy_grid__rosidl_typesupport_microxrcedds_cpp.hpp
[28.660s] -- Installing: /home/ineogi2/ws/Biorobotics/micro_ros/install/nav_msgs/lib/libnav_msgs__rosidl_typesupport_microxrcedds_cpp.so
[28.660s] -- Set runtime path of "/home/ineogi2/ws/Biorobotics/micro_ros/install/nav_msgs/lib/libnav_msgs__rosidl_typesupport_microxrcedds_cpp.so" to ""
[28.660s] -- Up-to-date: /home/ineogi2/ws/Biorobotics/micro_ros/install/nav_msgs/include/nav_msgs
[28.660s] -- Up-to-date: /home/ineogi2/ws/Biorobotics/micro_ros/install/nav_msgs/include/nav_msgs/srv
[28.660s] -- Up-to-date: /home/ineogi2/ws/Biorobotics/micro_ros/install/nav_msgs/include/nav_msgs/srv/detail
[28.660s] -- Installing: /home/ineogi2/ws/Biorobotics/micro_ros/install/nav_msgs/include/nav_msgs/srv/detail/set_map__type_support.cpp
[28.660s] -- Installing: /home/ineogi2/ws/Biorobotics/micro_ros/install/nav_msgs/include/nav_msgs/srv/detail/get_plan__rosidl_typesupport_introspection_cpp.hpp
[28.661s] -- Installing: /home/ineogi2/ws/Biorobotics/micro_ros/install/nav_msgs/include/nav_msgs/srv/detail/get_map__rosidl_typesupport_introspection_cpp.hpp
[28.661s] -- Installing: /home/ineogi2/ws/Biorobotics/micro_ros/install/nav_msgs/include/nav_msgs/srv/detail/get_map__type_support.cpp
[28.661s] -- Installing: /home/ineogi2/ws/Biorobotics/micro_ros/install/nav_msgs/include/nav_msgs/srv/detail/get_plan__type_support.cpp
[28.661s] -- Installing: /home/ineogi2/ws/Biorobotics/micro_ros/install/nav_msgs/include/nav_msgs/srv/detail/set_map__rosidl_typesupport_introspection_cpp.hpp
[28.661s] -- Up-to-date: /home/ineogi2/ws/Biorobotics/micro_ros/install/nav_msgs/include/nav_msgs/msg
[28.661s] -- Up-to-date: /home/ineogi2/ws/Biorobotics/micro_ros/install/nav_msgs/include/nav_msgs/msg/detail
[28.661s] -- Installing: /home/ineogi2/ws/Biorobotics/micro_ros/install/nav_msgs/include/nav_msgs/msg/detail/grid_cells__rosidl_typesupport_introspection_cpp.hpp
[28.661s] -- Installing: /home/ineogi2/ws/Biorobotics/micro_ros/install/nav_msgs/include/nav_msgs/msg/detail/map_meta_data__rosidl_typesupport_introspection_cpp.hpp
[28.661s] -- Installing: /home/ineogi2/ws/Biorobotics/micro_ros/install/nav_msgs/include/nav_msgs/msg/detail/path__rosidl_typesupport_introspection_cpp.hpp
[28.661s] -- Installing: /home/ineogi2/ws/Biorobotics/micro_ros/install/nav_msgs/include/nav_msgs/msg/detail/grid_cells__type_support.cpp
[28.661s] -- Installing: /home/ineogi2/ws/Biorobotics/micro_ros/install/nav_msgs/include/nav_msgs/msg/detail/odometry__type_support.cpp
[28.662s] -- Installing: /home/ineogi2/ws/Biorobotics/micro_ros/install/nav_msgs/include/nav_msgs/msg/detail/occupancy_grid__rosidl_typesupport_introspection_cpp.hpp
[28.662s] -- Installing: /home/ineogi2/ws/Biorobotics/micro_ros/install/nav_msgs/include/nav_msgs/msg/detail/occupancy_grid__type_support.cpp
[28.662s] -- Installing: /home/ineogi2/ws/Biorobotics/micro_ros/install/nav_msgs/include/nav_msgs/msg/detail/path__type_support.cpp
[28.662s] -- Installing: /home/ineogi2/ws/Biorobotics/micro_ros/install/nav_msgs/include/nav_msgs/msg/detail/map_meta_data__type_support.cpp
[28.662s] -- Installing: /home/ineogi2/ws/Biorobotics/micro_ros/install/nav_msgs/include/nav_msgs/msg/detail/odometry__rosidl_typesupport_introspection_cpp.hpp
[28.662s] -- Installing: /home/ineogi2/ws/Biorobotics/micro_ros/install/nav_msgs/lib/libnav_msgs__rosidl_typesupport_introspection_cpp.so
[28.662s] -- Set runtime path of "/home/ineogi2/ws/Biorobotics/micro_ros/install/nav_msgs/lib/libnav_msgs__rosidl_typesupport_introspection_cpp.so" to ""
[28.662s] -- Installing: /home/ineogi2/ws/Biorobotics/micro_ros/install/nav_msgs/lib/libnav_msgs__rosidl_typesupport_cpp.so
[28.662s] -- Set runtime path of "/home/ineogi2/ws/Biorobotics/micro_ros/install/nav_msgs/lib/libnav_msgs__rosidl_typesupport_cpp.so" to ""
[28.662s] -- Installing: /home/ineogi2/ws/Biorobotics/micro_ros/install/nav_msgs/share/nav_msgs/environment/pythonpath.sh
[28.662s] -- Installing: /home/ineogi2/ws/Biorobotics/micro_ros/install/nav_msgs/share/nav_msgs/environment/pythonpath.dsv
[28.663s] -- Installing: /home/ineogi2/ws/Biorobotics/micro_ros/install/nav_msgs/lib/python3.8/site-packages/nav_msgs/__init__.py
[28.683s] Compiling '/home/ineogi2/ws/Biorobotics/micro_ros/install/nav_msgs/lib/python3.8/site-packages/nav_msgs/__init__.py'...
[28.687s] -- Installing: /home/ineogi2/ws/Biorobotics/micro_ros/install/nav_msgs/lib/python3.8/site-packages/nav_msgs/msg
[28.688s] -- Installing: /home/ineogi2/ws/Biorobotics/micro_ros/install/nav_msgs/lib/python3.8/site-packages/nav_msgs/msg/__init__.py
[28.688s] -- Installing: /home/ineogi2/ws/Biorobotics/micro_ros/install/nav_msgs/lib/python3.8/site-packages/nav_msgs/msg/_odometry.py
[28.688s] -- Installing: /home/ineogi2/ws/Biorobotics/micro_ros/install/nav_msgs/lib/python3.8/site-packages/nav_msgs/msg/_grid_cells.py
[28.688s] -- Installing: /home/ineogi2/ws/Biorobotics/micro_ros/install/nav_msgs/lib/python3.8/site-packages/nav_msgs/msg/_occupancy_grid_s.c
[28.688s] -- Installing: /home/ineogi2/ws/Biorobotics/micro_ros/install/nav_msgs/lib/python3.8/site-packages/nav_msgs/msg/_grid_cells_s.c
[28.688s] -- Installing: /home/ineogi2/ws/Biorobotics/micro_ros/install/nav_msgs/lib/python3.8/site-packages/nav_msgs/msg/_map_meta_data.py
[28.688s] -- Installing: /home/ineogi2/ws/Biorobotics/micro_ros/install/nav_msgs/lib/python3.8/site-packages/nav_msgs/msg/_occupancy_grid.py
[28.689s] -- Installing: /home/ineogi2/ws/Biorobotics/micro_ros/install/nav_msgs/lib/python3.8/site-packages/nav_msgs/msg/_path.py
[28.689s] -- Installing: /home/ineogi2/ws/Biorobotics/micro_ros/install/nav_msgs/lib/python3.8/site-packages/nav_msgs/msg/_odometry_s.c
[28.689s] -- Installing: /home/ineogi2/ws/Biorobotics/micro_ros/install/nav_msgs/lib/python3.8/site-packages/nav_msgs/msg/_map_meta_data_s.c
[28.689s] -- Installing: /home/ineogi2/ws/Biorobotics/micro_ros/install/nav_msgs/lib/python3.8/site-packages/nav_msgs/msg/_path_s.c
[28.689s] -- Installing: /home/ineogi2/ws/Biorobotics/micro_ros/install/nav_msgs/lib/python3.8/site-packages/nav_msgs/srv
[28.689s] -- Installing: /home/ineogi2/ws/Biorobotics/micro_ros/install/nav_msgs/lib/python3.8/site-packages/nav_msgs/srv/_get_plan_s.c
[28.689s] -- Installing: /home/ineogi2/ws/Biorobotics/micro_ros/install/nav_msgs/lib/python3.8/site-packages/nav_msgs/srv/_get_map_s.c
[28.689s] -- Installing: /home/ineogi2/ws/Biorobotics/micro_ros/install/nav_msgs/lib/python3.8/site-packages/nav_msgs/srv/__init__.py
[28.689s] -- Installing: /home/ineogi2/ws/Biorobotics/micro_ros/install/nav_msgs/lib/python3.8/site-packages/nav_msgs/srv/_set_map.py
[28.690s] -- Installing: /home/ineogi2/ws/Biorobotics/micro_ros/install/nav_msgs/lib/python3.8/site-packages/nav_msgs/srv/_get_map.py
[28.690s] -- Installing: /home/ineogi2/ws/Biorobotics/micro_ros/install/nav_msgs/lib/python3.8/site-packages/nav_msgs/srv/_get_plan.py
[28.690s] -- Installing: /home/ineogi2/ws/Biorobotics/micro_ros/install/nav_msgs/lib/python3.8/site-packages/nav_msgs/srv/_set_map_s.c
[28.690s] -- Installing: /home/ineogi2/ws/Biorobotics/micro_ros/install/nav_msgs/lib/python3.8/site-packages/nav_msgs/nav_msgs_s__rosidl_typesupport_microxrcedds_c.cpython-38-x86_64-linux-gnu.so
[28.690s] -- Set runtime path of "/home/ineogi2/ws/Biorobotics/micro_ros/install/nav_msgs/lib/python3.8/site-packages/nav_msgs/nav_msgs_s__rosidl_typesupport_microxrcedds_c.cpython-38-x86_64-linux-gnu.so" to ""
[28.690s] -- Installing: /home/ineogi2/ws/Biorobotics/micro_ros/install/nav_msgs/lib/python3.8/site-packages/nav_msgs/nav_msgs_s__rosidl_typesupport_fastrtps_c.cpython-38-x86_64-linux-gnu.so
[28.690s] -- Set runtime path of "/home/ineogi2/ws/Biorobotics/micro_ros/install/nav_msgs/lib/python3.8/site-packages/nav_msgs/nav_msgs_s__rosidl_typesupport_fastrtps_c.cpython-38-x86_64-linux-gnu.so" to ""
[28.690s] -- Installing: /home/ineogi2/ws/Biorobotics/micro_ros/install/nav_msgs/lib/python3.8/site-packages/nav_msgs/nav_msgs_s__rosidl_typesupport_introspection_c.cpython-38-x86_64-linux-gnu.so
[28.691s] -- Set runtime path of "/home/ineogi2/ws/Biorobotics/micro_ros/install/nav_msgs/lib/python3.8/site-packages/nav_msgs/nav_msgs_s__rosidl_typesupport_introspection_c.cpython-38-x86_64-linux-gnu.so" to ""
[28.691s] -- Installing: /home/ineogi2/ws/Biorobotics/micro_ros/install/nav_msgs/lib/python3.8/site-packages/nav_msgs/nav_msgs_s__rosidl_typesupport_c.cpython-38-x86_64-linux-gnu.so
[28.691s] -- Set runtime path of "/home/ineogi2/ws/Biorobotics/micro_ros/install/nav_msgs/lib/python3.8/site-packages/nav_msgs/nav_msgs_s__rosidl_typesupport_c.cpython-38-x86_64-linux-gnu.so" to ""
[28.691s] -- Installing: /home/ineogi2/ws/Biorobotics/micro_ros/install/nav_msgs/lib/libnav_msgs__python.so
[28.691s] -- Set runtime path of "/home/ineogi2/ws/Biorobotics/micro_ros/install/nav_msgs/lib/libnav_msgs__python.so" to ""
[28.692s] -- Installing: /home/ineogi2/ws/Biorobotics/micro_ros/install/nav_msgs/share/nav_msgs/msg/GridCells.idl
[28.692s] -- Installing: /home/ineogi2/ws/Biorobotics/micro_ros/install/nav_msgs/share/nav_msgs/msg/MapMetaData.idl
[28.692s] -- Installing: /home/ineogi2/ws/Biorobotics/micro_ros/install/nav_msgs/share/nav_msgs/msg/OccupancyGrid.idl
[28.692s] -- Installing: /home/ineogi2/ws/Biorobotics/micro_ros/install/nav_msgs/share/nav_msgs/msg/Odometry.idl
[28.692s] -- Installing: /home/ineogi2/ws/Biorobotics/micro_ros/install/nav_msgs/share/nav_msgs/msg/Path.idl
[28.692s] -- Installing: /home/ineogi2/ws/Biorobotics/micro_ros/install/nav_msgs/share/nav_msgs/srv/GetMap.idl
[28.692s] -- Installing: /home/ineogi2/ws/Biorobotics/micro_ros/install/nav_msgs/share/nav_msgs/srv/GetPlan.idl
[28.692s] -- Installing: /home/ineogi2/ws/Biorobotics/micro_ros/install/nav_msgs/share/nav_msgs/srv/SetMap.idl
[28.693s] -- Installing: /home/ineogi2/ws/Biorobotics/micro_ros/install/nav_msgs/share/nav_msgs/msg/GridCells.msg
[28.693s] -- Installing: /home/ineogi2/ws/Biorobotics/micro_ros/install/nav_msgs/share/nav_msgs/msg/MapMetaData.msg
[28.693s] -- Installing: /home/ineogi2/ws/Biorobotics/micro_ros/install/nav_msgs/share/nav_msgs/msg/OccupancyGrid.msg
[28.693s] -- Installing: /home/ineogi2/ws/Biorobotics/micro_ros/install/nav_msgs/share/nav_msgs/msg/Odometry.msg
[28.693s] -- Installing: /home/ineogi2/ws/Biorobotics/micro_ros/install/nav_msgs/share/nav_msgs/msg/Path.msg
[28.693s] -- Installing: /home/ineogi2/ws/Biorobotics/micro_ros/install/nav_msgs/share/nav_msgs/srv/GetMap.srv
[28.693s] -- Installing: /home/ineogi2/ws/Biorobotics/micro_ros/install/nav_msgs/share/nav_msgs/srv/GetMap_Request.msg
[28.693s] -- Installing: /home/ineogi2/ws/Biorobotics/micro_ros/install/nav_msgs/share/nav_msgs/srv/GetMap_Response.msg
[28.694s] -- Installing: /home/ineogi2/ws/Biorobotics/micro_ros/install/nav_msgs/share/nav_msgs/srv/GetPlan.srv
[28.694s] -- Installing: /home/ineogi2/ws/Biorobotics/micro_ros/install/nav_msgs/share/nav_msgs/srv/GetPlan_Request.msg
[28.694s] -- Installing: /home/ineogi2/ws/Biorobotics/micro_ros/install/nav_msgs/share/nav_msgs/srv/GetPlan_Response.msg
[28.694s] -- Installing: /home/ineogi2/ws/Biorobotics/micro_ros/install/nav_msgs/share/nav_msgs/srv/SetMap.srv
[28.694s] -- Installing: /home/ineogi2/ws/Biorobotics/micro_ros/install/nav_msgs/share/nav_msgs/srv/SetMap_Request.msg
[28.694s] -- Installing: /home/ineogi2/ws/Biorobotics/micro_ros/install/nav_msgs/share/nav_msgs/srv/SetMap_Response.msg
[28.694s] -- Installing: /home/ineogi2/ws/Biorobotics/micro_ros/install/nav_msgs/share/ament_index/resource_index/package_run_dependencies/nav_msgs
[28.694s] -- Installing: /home/ineogi2/ws/Biorobotics/micro_ros/install/nav_msgs/share/ament_index/resource_index/parent_prefix_path/nav_msgs
[28.695s] -- Installing: /home/ineogi2/ws/Biorobotics/micro_ros/install/nav_msgs/share/nav_msgs/environment/ament_prefix_path.sh
[28.695s] -- Installing: /home/ineogi2/ws/Biorobotics/micro_ros/install/nav_msgs/share/nav_msgs/environment/ament_prefix_path.dsv
[28.695s] -- Installing: /home/ineogi2/ws/Biorobotics/micro_ros/install/nav_msgs/share/nav_msgs/environment/path.sh
[28.695s] -- Installing: /home/ineogi2/ws/Biorobotics/micro_ros/install/nav_msgs/share/nav_msgs/environment/path.dsv
[28.695s] -- Installing: /home/ineogi2/ws/Biorobotics/micro_ros/install/nav_msgs/share/nav_msgs/local_setup.bash
[28.695s] -- Installing: /home/ineogi2/ws/Biorobotics/micro_ros/install/nav_msgs/share/nav_msgs/local_setup.sh
[28.695s] -- Installing: /home/ineogi2/ws/Biorobotics/micro_ros/install/nav_msgs/share/nav_msgs/local_setup.zsh
[28.695s] -- Installing: /home/ineogi2/ws/Biorobotics/micro_ros/install/nav_msgs/share/nav_msgs/local_setup.dsv
[28.696s] -- Installing: /home/ineogi2/ws/Biorobotics/micro_ros/install/nav_msgs/share/nav_msgs/package.dsv
[28.696s] -- Installing: /home/ineogi2/ws/Biorobotics/micro_ros/install/nav_msgs/share/ament_index/resource_index/packages/nav_msgs
[28.696s] -- Installing: /home/ineogi2/ws/Biorobotics/micro_ros/install/nav_msgs/share/nav_msgs/cmake/nav_msgs__rosidl_generator_cExport.cmake
[28.696s] -- Installing: /home/ineogi2/ws/Biorobotics/micro_ros/install/nav_msgs/share/nav_msgs/cmake/nav_msgs__rosidl_generator_cExport-noconfig.cmake
[28.696s] -- Installing: /home/ineogi2/ws/Biorobotics/micro_ros/install/nav_msgs/share/nav_msgs/cmake/nav_msgs__rosidl_typesupport_introspection_cExport.cmake
[28.696s] -- Installing: /home/ineogi2/ws/Biorobotics/micro_ros/install/nav_msgs/share/nav_msgs/cmake/nav_msgs__rosidl_typesupport_introspection_cExport-noconfig.cmake
[28.696s] -- Installing: /home/ineogi2/ws/Biorobotics/micro_ros/install/nav_msgs/share/nav_msgs/cmake/nav_msgs__rosidl_typesupport_cExport.cmake
[28.696s] -- Installing: /home/ineogi2/ws/Biorobotics/micro_ros/install/nav_msgs/share/nav_msgs/cmake/nav_msgs__rosidl_typesupport_cExport-noconfig.cmake
[28.697s] -- Installing: /home/ineogi2/ws/Biorobotics/micro_ros/install/nav_msgs/share/nav_msgs/cmake/nav_msgs__rosidl_generator_cppExport.cmake
[28.697s] -- Installing: /home/ineogi2/ws/Biorobotics/micro_ros/install/nav_msgs/share/nav_msgs/cmake/nav_msgs__rosidl_typesupport_introspection_cppExport.cmake
[28.697s] -- Installing: /home/ineogi2/ws/Biorobotics/micro_ros/install/nav_msgs/share/nav_msgs/cmake/nav_msgs__rosidl_typesupport_introspection_cppExport-noconfig.cmake
[28.697s] -- Installing: /home/ineogi2/ws/Biorobotics/micro_ros/install/nav_msgs/share/nav_msgs/cmake/nav_msgs__rosidl_typesupport_cppExport.cmake
[28.697s] -- Installing: /home/ineogi2/ws/Biorobotics/micro_ros/install/nav_msgs/share/nav_msgs/cmake/nav_msgs__rosidl_typesupport_cppExport-noconfig.cmake
[28.697s] -- Installing: /home/ineogi2/ws/Biorobotics/micro_ros/install/nav_msgs/share/nav_msgs/cmake/rosidl_cmake-extras.cmake
[28.697s] -- Installing: /home/ineogi2/ws/Biorobotics/micro_ros/install/nav_msgs/share/nav_msgs/cmake/ament_cmake_export_dependencies-extras.cmake
[28.698s] -- Installing: /home/ineogi2/ws/Biorobotics/micro_ros/install/nav_msgs/share/nav_msgs/cmake/ament_cmake_export_libraries-extras.cmake
[28.698s] -- Installing: /home/ineogi2/ws/Biorobotics/micro_ros/install/nav_msgs/share/nav_msgs/cmake/ament_cmake_export_targets-extras.cmake
[28.698s] -- Installing: /home/ineogi2/ws/Biorobotics/micro_ros/install/nav_msgs/share/nav_msgs/cmake/ament_cmake_export_include_directories-extras.cmake
[28.698s] -- Installing: /home/ineogi2/ws/Biorobotics/micro_ros/install/nav_msgs/share/nav_msgs/cmake/rosidl_cmake_export_typesupport_libraries-extras.cmake
[28.698s] -- Installing: /home/ineogi2/ws/Biorobotics/micro_ros/install/nav_msgs/share/nav_msgs/cmake/rosidl_cmake_export_typesupport_targets-extras.cmake
[28.698s] -- Installing: /home/ineogi2/ws/Biorobotics/micro_ros/install/nav_msgs/share/nav_msgs/cmake/nav_msgsConfig.cmake
[28.698s] -- Installing: /home/ineogi2/ws/Biorobotics/micro_ros/install/nav_msgs/share/nav_msgs/cmake/nav_msgsConfig-version.cmake
[28.698s] -- Installing: /home/ineogi2/ws/Biorobotics/micro_ros/install/nav_msgs/share/nav_msgs/package.xml
[28.701s] Invoked command in '/home/ineogi2/ws/Biorobotics/micro_ros/build/nav_msgs' returned '0': AMENT_PREFIX_PATH=/home/ineogi2/ws/Biorobotics/micro_ros/install/geometry_msgs:/home/ineogi2/ws/Biorobotics/micro_ros/install/std_msgs:/home/ineogi2/ws/Biorobotics/micro_ros/install/builtin_interfaces:${AMENT_PREFIX_PATH} CMAKE_PREFIX_PATH=/home/ineogi2/ws/Biorobotics/micro_ros/install/geometry_msgs:/home/ineogi2/ws/Biorobotics/micro_ros/install/std_msgs:/home/ineogi2/ws/Biorobotics/micro_ros/install/builtin_interfaces:/home/ineogi2/ws/Biorobotics/micro_ros/install/rosidl_typesupport_microxrcedds_cpp:/home/ineogi2/ws/Biorobotics/micro_ros/install/rosidl_typesupport_microxrcedds_c:/home/ineogi2/ws/Biorobotics/micro_ros/install/microcdr:/home/ineogi2/ws/Biorobotics/micro_ros/install/micro_ros_setup:/home/ineogi2/ws/Biorobotics/ros2_ws/install/realsense2_description:/home/ineogi2/ws/Biorobotics/ros2_ws/install/realsense2_camera:/home/ineogi2/ws/Biorobotics/ros2_ws/install/realsense2_camera_msgs:/home/ineogi2/ws/Biorobotics/ros2_ws/install/ros_image:/opt/ros/foxy LD_LIBRARY_PATH=/home/ineogi2/ws/Biorobotics/micro_ros/install/geometry_msgs/lib:/home/ineogi2/ws/Biorobotics/micro_ros/install/std_msgs/lib:/home/ineogi2/ws/Biorobotics/micro_ros/install/builtin_interfaces/lib:${LD_LIBRARY_PATH} PYTHONPATH=/home/ineogi2/ws/Biorobotics/micro_ros/install/geometry_msgs/lib/python3.8/site-packages:/home/ineogi2/ws/Biorobotics/micro_ros/install/std_msgs/lib/python3.8/site-packages:/home/ineogi2/ws/Biorobotics/micro_ros/install/builtin_interfaces/lib/python3.8/site-packages:${PYTHONPATH} /usr/bin/cmake --install /home/ineogi2/ws/Biorobotics/micro_ros/build/nav_msgs
