[0.021s] Invoking command in '/home/ineogi2/ws/Biorobotics/micro_ros/build/rosidl_typesupport_microxrcedds_c': CMAKE_PREFIX_PATH=/home/ineogi2/ws/Biorobotics/micro_ros/install/microcdr:/home/ineogi2/ws/Biorobotics/micro_ros/install/rosidl_typesupport_microxrcedds_cpp:/home/ineogi2/ws/Biorobotics/micro_ros/install/rosidl_typesupport_microxrcedds_c:/home/ineogi2/ws/Biorobotics/micro_ros/install/micro_ros_setup:/home/ineogi2/ws/Biorobotics/ros2_ws/install/realsense2_description:/home/ineogi2/ws/Biorobotics/ros2_ws/install/realsense2_camera:/home/ineogi2/ws/Biorobotics/ros2_ws/install/realsense2_camera_msgs:/home/ineogi2/ws/Biorobotics/ros2_ws/install/ros_image:/opt/ros/foxy LD_LIBRARY_PATH=/home/ineogi2/ws/Biorobotics/micro_ros/install/microcdr/lib:/home/ineogi2/ws/Biorobotics/micro_ros/install/rosidl_typesupport_microxrcedds_cpp/lib:/home/ineogi2/ws/Biorobotics/micro_ros/install/rosidl_typesupport_microxrcedds_c/lib:/home/ineogi2/ws/Biorobotics/ros2_ws/install/realsense2_camera/lib:/home/ineogi2/ws/Biorobotics/ros2_ws/install/realsense2_camera_msgs/lib:/opt/ros/foxy/opt/yaml_cpp_vendor/lib:/opt/ros/foxy/opt/rviz_ogre_vendor/lib:/opt/ros/foxy/lib/x86_64-linux-gnu:/opt/ros/foxy/lib /usr/bin/cmake --build /home/ineogi2/ws/Biorobotics/micro_ros/build/rosidl_typesupport_microxrcedds_c -- -j12 -l12
[0.074s] [100%] Built target rosidl_typesupport_microxrcedds_c
[0.086s] Invoked command in '/home/ineogi2/ws/Biorobotics/micro_ros/build/rosidl_typesupport_microxrcedds_c' returned '0': CMAKE_PREFIX_PATH=/home/ineogi2/ws/Biorobotics/micro_ros/install/microcdr:/home/ineogi2/ws/Biorobotics/micro_ros/install/rosidl_typesupport_microxrcedds_cpp:/home/ineogi2/ws/Biorobotics/micro_ros/install/rosidl_typesupport_microxrcedds_c:/home/ineogi2/ws/Biorobotics/micro_ros/install/micro_ros_setup:/home/ineogi2/ws/Biorobotics/ros2_ws/install/realsense2_description:/home/ineogi2/ws/Biorobotics/ros2_ws/install/realsense2_camera:/home/ineogi2/ws/Biorobotics/ros2_ws/install/realsense2_camera_msgs:/home/ineogi2/ws/Biorobotics/ros2_ws/install/ros_image:/opt/ros/foxy LD_LIBRARY_PATH=/home/ineogi2/ws/Biorobotics/micro_ros/install/microcdr/lib:/home/ineogi2/ws/Biorobotics/micro_ros/install/rosidl_typesupport_microxrcedds_cpp/lib:/home/ineogi2/ws/Biorobotics/micro_ros/install/rosidl_typesupport_microxrcedds_c/lib:/home/ineogi2/ws/Biorobotics/ros2_ws/install/realsense2_camera/lib:/home/ineogi2/ws/Biorobotics/ros2_ws/install/realsense2_camera_msgs/lib:/opt/ros/foxy/opt/yaml_cpp_vendor/lib:/opt/ros/foxy/opt/rviz_ogre_vendor/lib:/opt/ros/foxy/lib/x86_64-linux-gnu:/opt/ros/foxy/lib /usr/bin/cmake --build /home/ineogi2/ws/Biorobotics/micro_ros/build/rosidl_typesupport_microxrcedds_c -- -j12 -l12
[0.119s] Invoking command in '/home/ineogi2/ws/Biorobotics/micro_ros/build/rosidl_typesupport_microxrcedds_c': CMAKE_PREFIX_PATH=/home/ineogi2/ws/Biorobotics/micro_ros/install/microcdr:/home/ineogi2/ws/Biorobotics/micro_ros/install/rosidl_typesupport_microxrcedds_cpp:/home/ineogi2/ws/Biorobotics/micro_ros/install/rosidl_typesupport_microxrcedds_c:/home/ineogi2/ws/Biorobotics/micro_ros/install/micro_ros_setup:/home/ineogi2/ws/Biorobotics/ros2_ws/install/realsense2_description:/home/ineogi2/ws/Biorobotics/ros2_ws/install/realsense2_camera:/home/ineogi2/ws/Biorobotics/ros2_ws/install/realsense2_camera_msgs:/home/ineogi2/ws/Biorobotics/ros2_ws/install/ros_image:/opt/ros/foxy LD_LIBRARY_PATH=/home/ineogi2/ws/Biorobotics/micro_ros/install/microcdr/lib:/home/ineogi2/ws/Biorobotics/micro_ros/install/rosidl_typesupport_microxrcedds_cpp/lib:/home/ineogi2/ws/Biorobotics/micro_ros/install/rosidl_typesupport_microxrcedds_c/lib:/home/ineogi2/ws/Biorobotics/ros2_ws/install/realsense2_camera/lib:/home/ineogi2/ws/Biorobotics/ros2_ws/install/realsense2_camera_msgs/lib:/opt/ros/foxy/opt/yaml_cpp_vendor/lib:/opt/ros/foxy/opt/rviz_ogre_vendor/lib:/opt/ros/foxy/lib/x86_64-linux-gnu:/opt/ros/foxy/lib /usr/bin/cmake --install /home/ineogi2/ws/Biorobotics/micro_ros/build/rosidl_typesupport_microxrcedds_c
[0.130s] -- Install configuration: ""
[0.131s] -- Up-to-date: /home/ineogi2/ws/Biorobotics/micro_ros/install/rosidl_typesupport_microxrcedds_c/share/rosidl_typesupport_microxrcedds_c/environment/pythonpath.sh
[0.131s] -- Up-to-date: /home/ineogi2/ws/Biorobotics/micro_ros/install/rosidl_typesupport_microxrcedds_c/share/rosidl_typesupport_microxrcedds_c/environment/pythonpath.dsv
[0.131s] -- Up-to-date: /home/ineogi2/ws/Biorobotics/micro_ros/install/rosidl_typesupport_microxrcedds_c/lib/python3.8/site-packages/rosidl_typesupport_microxrcedds_c
[0.131s] -- Up-to-date: /home/ineogi2/ws/Biorobotics/micro_ros/install/rosidl_typesupport_microxrcedds_c/lib/python3.8/site-packages/rosidl_typesupport_microxrcedds_c/__init__.py
[0.163s] Listing '/home/ineogi2/ws/Biorobotics/micro_ros/install/rosidl_typesupport_microxrcedds_c/lib/python3.8/site-packages/rosidl_typesupport_microxrcedds_c'...
[0.171s] -- Up-to-date: /home/ineogi2/ws/Biorobotics/micro_ros/install/rosidl_typesupport_microxrcedds_c/share/rosidl_typesupport_microxrcedds_c/environment/library_path.sh
[0.171s] -- Up-to-date: /home/ineogi2/ws/Biorobotics/micro_ros/install/rosidl_typesupport_microxrcedds_c/share/rosidl_typesupport_microxrcedds_c/environment/library_path.dsv
[0.172s] -- Up-to-date: /home/ineogi2/ws/Biorobotics/micro_ros/install/rosidl_typesupport_microxrcedds_c/share/ament_index/resource_index/rosidl_typesupport_c/rosidl_typesupport_microxrcedds_c
[0.172s] -- Up-to-date: /home/ineogi2/ws/Biorobotics/micro_ros/install/rosidl_typesupport_microxrcedds_c/share/ament_index/resource_index/package_run_dependencies/rosidl_typesupport_microxrcedds_c
[0.172s] -- Up-to-date: /home/ineogi2/ws/Biorobotics/micro_ros/install/rosidl_typesupport_microxrcedds_c/share/ament_index/resource_index/parent_prefix_path/rosidl_typesupport_microxrcedds_c
[0.172s] -- Up-to-date: /home/ineogi2/ws/Biorobotics/micro_ros/install/rosidl_typesupport_microxrcedds_c/share/rosidl_typesupport_microxrcedds_c/environment/ament_prefix_path.sh
[0.172s] -- Up-to-date: /home/ineogi2/ws/Biorobotics/micro_ros/install/rosidl_typesupport_microxrcedds_c/share/rosidl_typesupport_microxrcedds_c/environment/ament_prefix_path.dsv
[0.172s] -- Up-to-date: /home/ineogi2/ws/Biorobotics/micro_ros/install/rosidl_typesupport_microxrcedds_c/share/rosidl_typesupport_microxrcedds_c/environment/path.sh
[0.173s] -- Up-to-date: /home/ineogi2/ws/Biorobotics/micro_ros/install/rosidl_typesupport_microxrcedds_c/share/rosidl_typesupport_microxrcedds_c/environment/path.dsv
[0.173s] -- Up-to-date: /home/ineogi2/ws/Biorobotics/micro_ros/install/rosidl_typesupport_microxrcedds_c/share/rosidl_typesupport_microxrcedds_c/local_setup.bash
[0.173s] -- Up-to-date: /home/ineogi2/ws/Biorobotics/micro_ros/install/rosidl_typesupport_microxrcedds_c/share/rosidl_typesupport_microxrcedds_c/local_setup.sh
[0.173s] -- Up-to-date: /home/ineogi2/ws/Biorobotics/micro_ros/install/rosidl_typesupport_microxrcedds_c/share/rosidl_typesupport_microxrcedds_c/local_setup.zsh
[0.173s] -- Up-to-date: /home/ineogi2/ws/Biorobotics/micro_ros/install/rosidl_typesupport_microxrcedds_c/share/rosidl_typesupport_microxrcedds_c/local_setup.dsv
[0.173s] -- Up-to-date: /home/ineogi2/ws/Biorobotics/micro_ros/install/rosidl_typesupport_microxrcedds_c/share/rosidl_typesupport_microxrcedds_c/package.dsv
[0.173s] -- Up-to-date: /home/ineogi2/ws/Biorobotics/micro_ros/install/rosidl_typesupport_microxrcedds_c/share/ament_index/resource_index/packages/rosidl_typesupport_microxrcedds_c
[0.174s] -- Up-to-date: /home/ineogi2/ws/Biorobotics/micro_ros/install/rosidl_typesupport_microxrcedds_c/share/rosidl_typesupport_microxrcedds_c/cmake/rosidl_typesupport_microxrcedds_cExport.cmake
[0.174s] -- Up-to-date: /home/ineogi2/ws/Biorobotics/micro_ros/install/rosidl_typesupport_microxrcedds_c/share/rosidl_typesupport_microxrcedds_c/cmake/rosidl_typesupport_microxrcedds_cExport-noconfig.cmake
[0.174s] -- Up-to-date: /home/ineogi2/ws/Biorobotics/micro_ros/install/rosidl_typesupport_microxrcedds_c/share/rosidl_typesupport_microxrcedds_c/cmake/rosidl_typesupport_microxrcedds_c-extras.cmake
[0.174s] -- Up-to-date: /home/ineogi2/ws/Biorobotics/micro_ros/install/rosidl_typesupport_microxrcedds_c/share/rosidl_typesupport_microxrcedds_c/cmake/ament_cmake_export_dependencies-extras.cmake
[0.174s] -- Up-to-date: /home/ineogi2/ws/Biorobotics/micro_ros/install/rosidl_typesupport_microxrcedds_c/share/rosidl_typesupport_microxrcedds_c/cmake/ament_cmake_export_include_directories-extras.cmake
[0.174s] -- Up-to-date: /home/ineogi2/ws/Biorobotics/micro_ros/install/rosidl_typesupport_microxrcedds_c/share/rosidl_typesupport_microxrcedds_c/cmake/ament_cmake_export_libraries-extras.cmake
[0.174s] -- Up-to-date: /home/ineogi2/ws/Biorobotics/micro_ros/install/rosidl_typesupport_microxrcedds_c/share/rosidl_typesupport_microxrcedds_c/cmake/ament_cmake_export_targets-extras.cmake
[0.174s] -- Up-to-date: /home/ineogi2/ws/Biorobotics/micro_ros/install/rosidl_typesupport_microxrcedds_c/share/rosidl_typesupport_microxrcedds_c/cmake/rosidl_typesupport_microxrcedds_cConfig.cmake
[0.174s] -- Up-to-date: /home/ineogi2/ws/Biorobotics/micro_ros/install/rosidl_typesupport_microxrcedds_c/share/rosidl_typesupport_microxrcedds_c/cmake/rosidl_typesupport_microxrcedds_cConfig-version.cmake
[0.174s] -- Up-to-date: /home/ineogi2/ws/Biorobotics/micro_ros/install/rosidl_typesupport_microxrcedds_c/share/rosidl_typesupport_microxrcedds_c/package.xml
[0.175s] -- Up-to-date: /home/ineogi2/ws/Biorobotics/micro_ros/install/rosidl_typesupport_microxrcedds_c/lib/rosidl_typesupport_microxrcedds_c/rosidl_typesupport_microxrcedds_c
[0.175s] -- Up-to-date: /home/ineogi2/ws/Biorobotics/micro_ros/install/rosidl_typesupport_microxrcedds_c/share/rosidl_typesupport_microxrcedds_c/cmake
[0.175s] -- Up-to-date: /home/ineogi2/ws/Biorobotics/micro_ros/install/rosidl_typesupport_microxrcedds_c/share/rosidl_typesupport_microxrcedds_c/cmake/rosidl_typesupport_microxrcedds_c_generate_interfaces.cmake
[0.178s] -- Up-to-date: /home/ineogi2/ws/Biorobotics/micro_ros/install/rosidl_typesupport_microxrcedds_c/share/rosidl_typesupport_microxrcedds_c/resource
[0.178s] -- Up-to-date: /home/ineogi2/ws/Biorobotics/micro_ros/install/rosidl_typesupport_microxrcedds_c/share/rosidl_typesupport_microxrcedds_c/resource/msg__rosidl_typesupport_microxrcedds_c.h.em
[0.178s] -- Up-to-date: /home/ineogi2/ws/Biorobotics/micro_ros/install/rosidl_typesupport_microxrcedds_c/share/rosidl_typesupport_microxrcedds_c/resource/srv__type_support_c.c.em
[0.178s] -- Up-to-date: /home/ineogi2/ws/Biorobotics/micro_ros/install/rosidl_typesupport_microxrcedds_c/share/rosidl_typesupport_microxrcedds_c/resource/srv__rosidl_typesupport_microxrcedds_c.h.em
[0.179s] -- Up-to-date: /home/ineogi2/ws/Biorobotics/micro_ros/install/rosidl_typesupport_microxrcedds_c/share/rosidl_typesupport_microxrcedds_c/resource/idl__type_support_c.c.em
[0.179s] -- Up-to-date: /home/ineogi2/ws/Biorobotics/micro_ros/install/rosidl_typesupport_microxrcedds_c/share/rosidl_typesupport_microxrcedds_c/resource/msg__type_support_c.c.em
[0.179s] -- Up-to-date: /home/ineogi2/ws/Biorobotics/micro_ros/install/rosidl_typesupport_microxrcedds_c/share/rosidl_typesupport_microxrcedds_c/resource/rosidl_typesupport_microxrcedds_c__visibility_control.h.in
[0.180s] -- Up-to-date: /home/ineogi2/ws/Biorobotics/micro_ros/install/rosidl_typesupport_microxrcedds_c/share/rosidl_typesupport_microxrcedds_c/resource/idl__rosidl_typesupport_microxrcedds_c.h.em
[0.180s] -- Up-to-date: /home/ineogi2/ws/Biorobotics/micro_ros/install/rosidl_typesupport_microxrcedds_c/include
[0.180s] -- Up-to-date: /home/ineogi2/ws/Biorobotics/micro_ros/install/rosidl_typesupport_microxrcedds_c/include/rosidl_typesupport_microxrcedds_c
[0.180s] -- Up-to-date: /home/ineogi2/ws/Biorobotics/micro_ros/install/rosidl_typesupport_microxrcedds_c/include/rosidl_typesupport_microxrcedds_c/service_type_support.h
[0.180s] -- Up-to-date: /home/ineogi2/ws/Biorobotics/micro_ros/install/rosidl_typesupport_microxrcedds_c/include/rosidl_typesupport_microxrcedds_c/message_type_support.h
[0.181s] -- Up-to-date: /home/ineogi2/ws/Biorobotics/micro_ros/install/rosidl_typesupport_microxrcedds_c/include/rosidl_typesupport_microxrcedds_c/visibility_control.h
[0.181s] -- Up-to-date: /home/ineogi2/ws/Biorobotics/micro_ros/install/rosidl_typesupport_microxrcedds_c/include/rosidl_typesupport_microxrcedds_c/identifier.h
[0.181s] -- Up-to-date: /home/ineogi2/ws/Biorobotics/micro_ros/install/rosidl_typesupport_microxrcedds_c/lib/librosidl_typesupport_microxrcedds_c.so
[0.181s] Invoked command in '/home/ineogi2/ws/Biorobotics/micro_ros/build/rosidl_typesupport_microxrcedds_c' returned '0': CMAKE_PREFIX_PATH=/home/ineogi2/ws/Biorobotics/micro_ros/install/microcdr:/home/ineogi2/ws/Biorobotics/micro_ros/install/rosidl_typesupport_microxrcedds_cpp:/home/ineogi2/ws/Biorobotics/micro_ros/install/rosidl_typesupport_microxrcedds_c:/home/ineogi2/ws/Biorobotics/micro_ros/install/micro_ros_setup:/home/ineogi2/ws/Biorobotics/ros2_ws/install/realsense2_description:/home/ineogi2/ws/Biorobotics/ros2_ws/install/realsense2_camera:/home/ineogi2/ws/Biorobotics/ros2_ws/install/realsense2_camera_msgs:/home/ineogi2/ws/Biorobotics/ros2_ws/install/ros_image:/opt/ros/foxy LD_LIBRARY_PATH=/home/ineogi2/ws/Biorobotics/micro_ros/install/microcdr/lib:/home/ineogi2/ws/Biorobotics/micro_ros/install/rosidl_typesupport_microxrcedds_cpp/lib:/home/ineogi2/ws/Biorobotics/micro_ros/install/rosidl_typesupport_microxrcedds_c/lib:/home/ineogi2/ws/Biorobotics/ros2_ws/install/realsense2_camera/lib:/home/ineogi2/ws/Biorobotics/ros2_ws/install/realsense2_camera_msgs/lib:/opt/ros/foxy/opt/yaml_cpp_vendor/lib:/opt/ros/foxy/opt/rviz_ogre_vendor/lib:/opt/ros/foxy/lib/x86_64-linux-gnu:/opt/ros/foxy/lib /usr/bin/cmake --install /home/ineogi2/ws/Biorobotics/micro_ros/build/rosidl_typesupport_microxrcedds_c
