[0.040s] Invoking command in '/home/ineogi2/ws/Biorobotics/micro_ros/build/diagnostic_msgs': AMENT_PREFIX_PATH=/home/ineogi2/ws/Biorobotics/micro_ros/install/geometry_msgs:/home/ineogi2/ws/Biorobotics/micro_ros/install/std_msgs:/home/ineogi2/ws/Biorobotics/micro_ros/install/builtin_interfaces:${AMENT_PREFIX_PATH} CMAKE_PREFIX_PATH=/home/ineogi2/ws/Biorobotics/micro_ros/install/geometry_msgs:/home/ineogi2/ws/Biorobotics/micro_ros/install/std_msgs:/home/ineogi2/ws/Biorobotics/micro_ros/install/builtin_interfaces:/home/ineogi2/ws/Biorobotics/micro_ros/install/rosidl_typesupport_microxrcedds_cpp:/home/ineogi2/ws/Biorobotics/micro_ros/install/rosidl_typesupport_microxrcedds_c:/home/ineogi2/ws/Biorobotics/micro_ros/install/microcdr:/home/ineogi2/ws/Biorobotics/micro_ros/install/micro_ros_setup:/home/ineogi2/ws/Biorobotics/ros2_ws/install/realsense2_description:/home/ineogi2/ws/Biorobotics/ros2_ws/install/realsense2_camera:/home/ineogi2/ws/Biorobotics/ros2_ws/install/realsense2_camera_msgs:/home/ineogi2/ws/Biorobotics/ros2_ws/install/ros_image:/opt/ros/foxy LD_LIBRARY_PATH=/home/ineogi2/ws/Biorobotics/micro_ros/install/geometry_msgs/lib:/home/ineogi2/ws/Biorobotics/micro_ros/install/std_msgs/lib:/home/ineogi2/ws/Biorobotics/micro_ros/install/builtin_interfaces/lib:${LD_LIBRARY_PATH} PYTHONPATH=/home/ineogi2/ws/Biorobotics/micro_ros/install/geometry_msgs/lib/python3.8/site-packages:/home/ineogi2/ws/Biorobotics/micro_ros/install/std_msgs/lib/python3.8/site-packages:/home/ineogi2/ws/Biorobotics/micro_ros/install/builtin_interfaces/lib/python3.8/site-packages:${PYTHONPATH} /usr/bin/cmake /home/ineogi2/ws/Biorobotics/micro_ros/src/ros2/common_interfaces/diagnostic_msgs -DBUILD_TESTING=OFF -DBUILD_SHARED_LIBS=ON -DCMAKE_INSTALL_PREFIX=/home/ineogi2/ws/Biorobotics/micro_ros/install/diagnostic_msgs
[0.105s] -- The C compiler identification is GNU 9.4.0
[0.160s] -- The CXX compiler identification is GNU 9.4.0
[0.164s] -- Check for working C compiler: /usr/bin/cc
[0.235s] -- Check for working C compiler: /usr/bin/cc -- works
[0.236s] -- Detecting C compiler ABI info
[0.342s] -- Detecting C compiler ABI info - done
[0.354s] -- Detecting C compile features
[0.354s] -- Detecting C compile features - done
[0.356s] -- Check for working CXX compiler: /usr/bin/c++
[0.443s] -- Check for working CXX compiler: /usr/bin/c++ -- works
[0.445s] -- Detecting CXX compiler ABI info
[0.531s] -- Detecting CXX compiler ABI info - done
[0.549s] -- Detecting CXX compile features
[0.549s] -- Detecting CXX compile features - done
[0.553s] -- Found ament_cmake: 0.9.9 (/opt/ros/foxy/share/ament_cmake/cmake)
[0.593s] -- Found PythonInterp: /usr/bin/python3 (found suitable version "3.8.10", minimum required is "3") 
[0.593s] -- Using PYTHON_EXECUTABLE: /usr/bin/python3
[0.781s] -- Found rosidl_default_generators: 1.0.1 (/opt/ros/foxy/share/rosidl_default_generators/cmake)
[0.786s] -- Using all available rosidl_typesupport_c: rosidl_typesupport_microxrcedds_c;rosidl_typesupport_fastrtps_c;rosidl_typesupport_introspection_c
[0.792s] -- Found rosidl_adapter: 1.2.1 (/opt/ros/foxy/share/rosidl_adapter/cmake)
[0.896s] -- Found OpenSSL: /usr/lib/x86_64-linux-gnu/libcrypto.so (found version "1.1.1f")  
[0.931s] -- Found FastRTPS: /opt/ros/foxy/include  
[1.028s] -- Using all available rosidl_typesupport_cpp: rosidl_typesupport_microxrcedds_cpp;rosidl_typesupport_fastrtps_cpp;rosidl_typesupport_introspection_cpp
[1.077s] -- Found std_msgs: 2.0.5 (/home/ineogi2/ws/Biorobotics/micro_ros/install/std_msgs/share/std_msgs/cmake)
[1.156s] -- Found PythonInterp: /usr/bin/python3 (found version "3.8.10") 
[1.418s] -- Found ament_cmake_ros: 0.9.2 (/opt/ros/foxy/share/ament_cmake_ros/cmake)
[1.660s] -- Using all available rosidl_typesupport_c: rosidl_typesupport_microxrcedds_c;rosidl_typesupport_fastrtps_c;rosidl_typesupport_introspection_c
[1.785s] -- Using all available rosidl_typesupport_cpp: rosidl_typesupport_microxrcedds_cpp;rosidl_typesupport_fastrtps_cpp;rosidl_typesupport_introspection_cpp
[1.829s] -- Found PythonInterp: /usr/bin/python3 (found suitable version "3.8.10", minimum required is "3.5") 
[1.833s] -- Found python_cmake_module: 0.8.1 (/opt/ros/foxy/share/python_cmake_module/cmake)
[1.893s] -- Found PythonLibs: /usr/lib/x86_64-linux-gnu/libpython3.8.so (found suitable version "3.8.10", minimum required is "3.5") 
[1.893s] -- Using PYTHON_EXECUTABLE: /usr/bin/python3
[1.893s] -- Using PYTHON_INCLUDE_DIRS: /usr/include/python3.8
[1.893s] -- Using PYTHON_LIBRARIES: /usr/lib/x86_64-linux-gnu/libpython3.8.so
[1.942s] -- Found PythonExtra: .so  
[2.079s] -- Configuring done
[2.201s] -- Generating done
[2.207s] -- Build files have been written to: /home/ineogi2/ws/Biorobotics/micro_ros/build/diagnostic_msgs
[2.219s] Invoked command in '/home/ineogi2/ws/Biorobotics/micro_ros/build/diagnostic_msgs' returned '0': AMENT_PREFIX_PATH=/home/ineogi2/ws/Biorobotics/micro_ros/install/geometry_msgs:/home/ineogi2/ws/Biorobotics/micro_ros/install/std_msgs:/home/ineogi2/ws/Biorobotics/micro_ros/install/builtin_interfaces:${AMENT_PREFIX_PATH} CMAKE_PREFIX_PATH=/home/ineogi2/ws/Biorobotics/micro_ros/install/geometry_msgs:/home/ineogi2/ws/Biorobotics/micro_ros/install/std_msgs:/home/ineogi2/ws/Biorobotics/micro_ros/install/builtin_interfaces:/home/ineogi2/ws/Biorobotics/micro_ros/install/rosidl_typesupport_microxrcedds_cpp:/home/ineogi2/ws/Biorobotics/micro_ros/install/rosidl_typesupport_microxrcedds_c:/home/ineogi2/ws/Biorobotics/micro_ros/install/microcdr:/home/ineogi2/ws/Biorobotics/micro_ros/install/micro_ros_setup:/home/ineogi2/ws/Biorobotics/ros2_ws/install/realsense2_description:/home/ineogi2/ws/Biorobotics/ros2_ws/install/realsense2_camera:/home/ineogi2/ws/Biorobotics/ros2_ws/install/realsense2_camera_msgs:/home/ineogi2/ws/Biorobotics/ros2_ws/install/ros_image:/opt/ros/foxy LD_LIBRARY_PATH=/home/ineogi2/ws/Biorobotics/micro_ros/install/geometry_msgs/lib:/home/ineogi2/ws/Biorobotics/micro_ros/install/std_msgs/lib:/home/ineogi2/ws/Biorobotics/micro_ros/install/builtin_interfaces/lib:${LD_LIBRARY_PATH} PYTHONPATH=/home/ineogi2/ws/Biorobotics/micro_ros/install/geometry_msgs/lib/python3.8/site-packages:/home/ineogi2/ws/Biorobotics/micro_ros/install/std_msgs/lib/python3.8/site-packages:/home/ineogi2/ws/Biorobotics/micro_ros/install/builtin_interfaces/lib/python3.8/site-packages:${PYTHONPATH} /usr/bin/cmake /home/ineogi2/ws/Biorobotics/micro_ros/src/ros2/common_interfaces/diagnostic_msgs -DBUILD_TESTING=OFF -DBUILD_SHARED_LIBS=ON -DCMAKE_INSTALL_PREFIX=/home/ineogi2/ws/Biorobotics/micro_ros/install/diagnostic_msgs
[2.223s] Invoking command in '/home/ineogi2/ws/Biorobotics/micro_ros/build/diagnostic_msgs': AMENT_PREFIX_PATH=/home/ineogi2/ws/Biorobotics/micro_ros/install/geometry_msgs:/home/ineogi2/ws/Biorobotics/micro_ros/install/std_msgs:/home/ineogi2/ws/Biorobotics/micro_ros/install/builtin_interfaces:${AMENT_PREFIX_PATH} CMAKE_PREFIX_PATH=/home/ineogi2/ws/Biorobotics/micro_ros/install/geometry_msgs:/home/ineogi2/ws/Biorobotics/micro_ros/install/std_msgs:/home/ineogi2/ws/Biorobotics/micro_ros/install/builtin_interfaces:/home/ineogi2/ws/Biorobotics/micro_ros/install/rosidl_typesupport_microxrcedds_cpp:/home/ineogi2/ws/Biorobotics/micro_ros/install/rosidl_typesupport_microxrcedds_c:/home/ineogi2/ws/Biorobotics/micro_ros/install/microcdr:/home/ineogi2/ws/Biorobotics/micro_ros/install/micro_ros_setup:/home/ineogi2/ws/Biorobotics/ros2_ws/install/realsense2_description:/home/ineogi2/ws/Biorobotics/ros2_ws/install/realsense2_camera:/home/ineogi2/ws/Biorobotics/ros2_ws/install/realsense2_camera_msgs:/home/ineogi2/ws/Biorobotics/ros2_ws/install/ros_image:/opt/ros/foxy LD_LIBRARY_PATH=/home/ineogi2/ws/Biorobotics/micro_ros/install/geometry_msgs/lib:/home/ineogi2/ws/Biorobotics/micro_ros/install/std_msgs/lib:/home/ineogi2/ws/Biorobotics/micro_ros/install/builtin_interfaces/lib:${LD_LIBRARY_PATH} PYTHONPATH=/home/ineogi2/ws/Biorobotics/micro_ros/install/geometry_msgs/lib/python3.8/site-packages:/home/ineogi2/ws/Biorobotics/micro_ros/install/std_msgs/lib/python3.8/site-packages:/home/ineogi2/ws/Biorobotics/micro_ros/install/builtin_interfaces/lib/python3.8/site-packages:${PYTHONPATH} /usr/bin/cmake --build /home/ineogi2/ws/Biorobotics/micro_ros/build/diagnostic_msgs -- -j12 -l12
[2.312s] [35m[1mScanning dependencies of target diagnostic_msgs__cpp[0m
[2.313s] [  1%] [34m[1mGenerating C code for ROS interfaces[0m
[2.319s] [  2%] [34m[1mGenerating C++ code for ROS interfaces[0m
[3.696s] [35m[1mScanning dependencies of target diagnostic_msgs__rosidl_generator_c[0m
[3.745s] [  3%] [32mBuilding C object CMakeFiles/diagnostic_msgs__rosidl_generator_c.dir/rosidl_generator_c/diagnostic_msgs/msg/detail/diagnostic_array__functions.c.o[0m
[3.778s] [  5%] [32mBuilding C object CMakeFiles/diagnostic_msgs__rosidl_generator_c.dir/rosidl_generator_c/diagnostic_msgs/msg/detail/diagnostic_status__functions.c.o[0m
[3.886s] [  6%] [32mBuilding C object CMakeFiles/diagnostic_msgs__rosidl_generator_c.dir/rosidl_generator_c/diagnostic_msgs/srv/detail/self_test__functions.c.o[0m
[3.938s] [  7%] [32mBuilding C object CMakeFiles/diagnostic_msgs__rosidl_generator_c.dir/rosidl_generator_c/diagnostic_msgs/srv/detail/add_diagnostics__functions.c.o[0m
[3.998s] [  8%] [32mBuilding C object CMakeFiles/diagnostic_msgs__rosidl_generator_c.dir/rosidl_generator_c/diagnostic_msgs/msg/detail/key_value__functions.c.o[0m
[4.068s] [ 10%] [32m[1mLinking C shared library libdiagnostic_msgs__rosidl_generator_c.so[0m
[4.094s] [ 10%] Built target diagnostic_msgs__cpp
[4.153s] [ 11%] [34m[1mGenerating C++ introspection for ROS interfaces[0m
[4.235s] [ 11%] Built target diagnostic_msgs__rosidl_generator_c
[4.282s] [ 12%] [34m[1mGenerating C++ type support for eProsima Fast-RTPS[0m
[5.271s] [35m[1mScanning dependencies of target diagnostic_msgs__rosidl_typesupport_introspection_cpp[0m
[5.337s] [ 13%] [32mBuilding CXX object CMakeFiles/diagnostic_msgs__rosidl_typesupport_introspection_cpp.dir/rosidl_typesupport_introspection_cpp/diagnostic_msgs/msg/detail/diagnostic_array__type_support.cpp.o[0m
[5.372s] [ 15%] [32mBuilding CXX object CMakeFiles/diagnostic_msgs__rosidl_typesupport_introspection_cpp.dir/rosidl_typesupport_introspection_cpp/diagnostic_msgs/msg/detail/diagnostic_status__type_support.cpp.o[0m
[6.019s] [35m[1mScanning dependencies of target diagnostic_msgs__rosidl_typesupport_fastrtps_cpp[0m
[6.122s] [ 16%] [32mBuilding CXX object CMakeFiles/diagnostic_msgs__rosidl_typesupport_fastrtps_cpp.dir/rosidl_typesupport_fastrtps_cpp/diagnostic_msgs/msg/detail/dds_fastrtps/diagnostic_array__type_support.cpp.o[0m
[6.127s] [ 17%] [32mBuilding CXX object CMakeFiles/diagnostic_msgs__rosidl_typesupport_fastrtps_cpp.dir/rosidl_typesupport_fastrtps_cpp/diagnostic_msgs/msg/detail/dds_fastrtps/diagnostic_status__type_support.cpp.o[0m
[6.309s] [ 18%] [32mBuilding CXX object CMakeFiles/diagnostic_msgs__rosidl_typesupport_introspection_cpp.dir/rosidl_typesupport_introspection_cpp/diagnostic_msgs/srv/detail/self_test__type_support.cpp.o[0m
[6.428s] [ 20%] [32mBuilding CXX object CMakeFiles/diagnostic_msgs__rosidl_typesupport_introspection_cpp.dir/rosidl_typesupport_introspection_cpp/diagnostic_msgs/srv/detail/add_diagnostics__type_support.cpp.o[0m
[7.073s] [ 21%] [32mBuilding CXX object CMakeFiles/diagnostic_msgs__rosidl_typesupport_introspection_cpp.dir/rosidl_typesupport_introspection_cpp/diagnostic_msgs/msg/detail/key_value__type_support.cpp.o[0m
[7.150s] [ 22%] [32mBuilding CXX object CMakeFiles/diagnostic_msgs__rosidl_typesupport_fastrtps_cpp.dir/rosidl_typesupport_fastrtps_cpp/diagnostic_msgs/srv/detail/dds_fastrtps/self_test__type_support.cpp.o[0m
[7.745s] [ 24%] [32m[1mLinking CXX shared library libdiagnostic_msgs__rosidl_typesupport_introspection_cpp.so[0m
[7.864s] [ 25%] [32mBuilding CXX object CMakeFiles/diagnostic_msgs__rosidl_typesupport_fastrtps_cpp.dir/rosidl_typesupport_fastrtps_cpp/diagnostic_msgs/srv/detail/dds_fastrtps/add_diagnostics__type_support.cpp.o[0m
[8.084s] [ 25%] Built target diagnostic_msgs__rosidl_typesupport_introspection_cpp
[8.699s] [ 26%] [32mBuilding CXX object CMakeFiles/diagnostic_msgs__rosidl_typesupport_fastrtps_cpp.dir/rosidl_typesupport_fastrtps_cpp/diagnostic_msgs/msg/detail/dds_fastrtps/key_value__type_support.cpp.o[0m
[9.431s] [ 27%] [32m[1mLinking CXX shared library libdiagnostic_msgs__rosidl_typesupport_fastrtps_cpp.so[0m
[9.640s] [ 27%] Built target diagnostic_msgs__rosidl_typesupport_fastrtps_cpp
[9.655s] [ 29%] [34m[1mGenerating C type support dispatch for ROS interfaces[0m
[10.420s] [35m[1mScanning dependencies of target diagnostic_msgs__rosidl_typesupport_c[0m
[10.438s] [ 30%] [32mBuilding CXX object CMakeFiles/diagnostic_msgs__rosidl_typesupport_c.dir/rosidl_typesupport_c/diagnostic_msgs/msg/diagnostic_array__type_support.cpp.o[0m
[10.508s] [ 31%] [32mBuilding CXX object CMakeFiles/diagnostic_msgs__rosidl_typesupport_c.dir/rosidl_typesupport_c/diagnostic_msgs/srv/self_test__type_support.cpp.o[0m
[10.557s] [ 32%] [32mBuilding CXX object CMakeFiles/diagnostic_msgs__rosidl_typesupport_c.dir/rosidl_typesupport_c/diagnostic_msgs/srv/add_diagnostics__type_support.cpp.o[0m
[10.611s] [ 34%] [32mBuilding CXX object CMakeFiles/diagnostic_msgs__rosidl_typesupport_c.dir/rosidl_typesupport_c/diagnostic_msgs/msg/key_value__type_support.cpp.o[0m
[10.653s] [ 35%] [32mBuilding CXX object CMakeFiles/diagnostic_msgs__rosidl_typesupport_c.dir/rosidl_typesupport_c/diagnostic_msgs/msg/diagnostic_status__type_support.cpp.o[0m
[10.722s] [ 36%] [32m[1mLinking CXX shared library libdiagnostic_msgs__rosidl_typesupport_c.so[0m
[10.802s] [ 36%] Built target diagnostic_msgs__rosidl_typesupport_c
[10.819s] [ 37%] [34m[1mGenerating C type support for eProsima Fast-RTPS[0m
[11.680s] [35m[1mScanning dependencies of target diagnostic_msgs__rosidl_typesupport_fastrtps_c[0m
[11.705s] [ 39%] [32mBuilding CXX object CMakeFiles/diagnostic_msgs__rosidl_typesupport_fastrtps_c.dir/rosidl_typesupport_fastrtps_c/diagnostic_msgs/msg/detail/diagnostic_array__type_support_c.cpp.o[0m
[12.048s] [ 40%] [32mBuilding CXX object CMakeFiles/diagnostic_msgs__rosidl_typesupport_fastrtps_c.dir/rosidl_typesupport_fastrtps_c/diagnostic_msgs/srv/detail/self_test__type_support_c.cpp.o[0m
[12.360s] [ 41%] [32mBuilding CXX object CMakeFiles/diagnostic_msgs__rosidl_typesupport_fastrtps_c.dir/rosidl_typesupport_fastrtps_c/diagnostic_msgs/srv/detail/add_diagnostics__type_support_c.cpp.o[0m
[12.679s] [ 43%] [32mBuilding CXX object CMakeFiles/diagnostic_msgs__rosidl_typesupport_fastrtps_c.dir/rosidl_typesupport_fastrtps_c/diagnostic_msgs/msg/detail/key_value__type_support_c.cpp.o[0m
[13.117s] [ 44%] [32mBuilding CXX object CMakeFiles/diagnostic_msgs__rosidl_typesupport_fastrtps_c.dir/rosidl_typesupport_fastrtps_c/diagnostic_msgs/msg/detail/diagnostic_status__type_support_c.cpp.o[0m
[13.445s] [ 45%] [32m[1mLinking CXX shared library libdiagnostic_msgs__rosidl_typesupport_fastrtps_c.so[0m
[13.558s] [ 45%] Built target diagnostic_msgs__rosidl_typesupport_fastrtps_c
[13.569s] [ 46%] [34m[1mGenerating C introspection for ROS interfaces[0m
[14.093s] [35m[1mScanning dependencies of target diagnostic_msgs__rosidl_typesupport_introspection_c[0m
[14.110s] [ 48%] [32mBuilding C object CMakeFiles/diagnostic_msgs__rosidl_typesupport_introspection_c.dir/rosidl_typesupport_introspection_c/diagnostic_msgs/msg/detail/diagnostic_array__type_support.c.o[0m
[14.154s] [ 49%] [32mBuilding C object CMakeFiles/diagnostic_msgs__rosidl_typesupport_introspection_c.dir/rosidl_typesupport_introspection_c/diagnostic_msgs/srv/detail/self_test__type_support.c.o[0m
[14.194s] [ 50%] [32mBuilding C object CMakeFiles/diagnostic_msgs__rosidl_typesupport_introspection_c.dir/rosidl_typesupport_introspection_c/diagnostic_msgs/srv/detail/add_diagnostics__type_support.c.o[0m
[14.235s] [ 51%] [32mBuilding C object CMakeFiles/diagnostic_msgs__rosidl_typesupport_introspection_c.dir/rosidl_typesupport_introspection_c/diagnostic_msgs/msg/detail/key_value__type_support.c.o[0m
[14.268s] [ 53%] [32mBuilding C object CMakeFiles/diagnostic_msgs__rosidl_typesupport_introspection_c.dir/rosidl_typesupport_introspection_c/diagnostic_msgs/msg/detail/diagnostic_status__type_support.c.o[0m
[14.299s] [ 54%] [32m[1mLinking C shared library libdiagnostic_msgs__rosidl_typesupport_introspection_c.so[0m
[14.333s] [ 54%] Built target diagnostic_msgs__rosidl_typesupport_introspection_c
[14.345s] [ 55%] [34m[1mGenerating C type support for eProsima Micro XRCE-DDS[0m
[14.917s] [35m[1mScanning dependencies of target diagnostic_msgs__rosidl_typesupport_microxrcedds_c[0m
[14.935s] [ 56%] [32mBuilding C object CMakeFiles/diagnostic_msgs__rosidl_typesupport_microxrcedds_c.dir/rosidl_typesupport_microxrcedds_c/diagnostic_msgs/msg/detail/microxrcedds/diagnostic_array__type_support_c.c.o[0m
[14.972s] [ 58%] [32mBuilding C object CMakeFiles/diagnostic_msgs__rosidl_typesupport_microxrcedds_c.dir/rosidl_typesupport_microxrcedds_c/diagnostic_msgs/srv/detail/microxrcedds/self_test__type_support_c.c.o[0m
[15.012s] [ 59%] [32mBuilding C object CMakeFiles/diagnostic_msgs__rosidl_typesupport_microxrcedds_c.dir/rosidl_typesupport_microxrcedds_c/diagnostic_msgs/srv/detail/microxrcedds/add_diagnostics__type_support_c.c.o[0m
[15.051s] [ 60%] [32mBuilding C object CMakeFiles/diagnostic_msgs__rosidl_typesupport_microxrcedds_c.dir/rosidl_typesupport_microxrcedds_c/diagnostic_msgs/msg/detail/microxrcedds/key_value__type_support_c.c.o[0m
[15.085s] [ 62%] [32mBuilding C object CMakeFiles/diagnostic_msgs__rosidl_typesupport_microxrcedds_c.dir/rosidl_typesupport_microxrcedds_c/diagnostic_msgs/msg/detail/microxrcedds/diagnostic_status__type_support_c.c.o[0m
[15.123s] [ 63%] [32m[1mLinking C shared library libdiagnostic_msgs__rosidl_typesupport_microxrcedds_c.so[0m
[15.155s] [ 63%] Built target diagnostic_msgs__rosidl_typesupport_microxrcedds_c
[15.164s] [ 64%] [34m[1mGenerating C++ type support for eProsima Micro XRCE-DDS[0m
[15.694s] [35m[1mScanning dependencies of target diagnostic_msgs__rosidl_typesupport_microxrcedds_cpp[0m
[15.710s] [ 65%] [32mBuilding CXX object CMakeFiles/diagnostic_msgs__rosidl_typesupport_microxrcedds_cpp.dir/rosidl_typesupport_microxrcedds_cpp/diagnostic_msgs/msg/detail/microxrcedds/diagnostic_array__type_support_cpp.cpp.o[0m
[16.019s] [ 67%] [32mBuilding CXX object CMakeFiles/diagnostic_msgs__rosidl_typesupport_microxrcedds_cpp.dir/rosidl_typesupport_microxrcedds_cpp/diagnostic_msgs/srv/detail/microxrcedds/self_test__type_support_cpp.cpp.o[0m
[16.345s] [ 68%] [32mBuilding CXX object CMakeFiles/diagnostic_msgs__rosidl_typesupport_microxrcedds_cpp.dir/rosidl_typesupport_microxrcedds_cpp/diagnostic_msgs/srv/detail/microxrcedds/add_diagnostics__type_support_cpp.cpp.o[0m
[16.616s] [ 69%] [32mBuilding CXX object CMakeFiles/diagnostic_msgs__rosidl_typesupport_microxrcedds_cpp.dir/rosidl_typesupport_microxrcedds_cpp/diagnostic_msgs/msg/detail/microxrcedds/key_value__type_support_cpp.cpp.o[0m
[16.871s] [ 70%] [32mBuilding CXX object CMakeFiles/diagnostic_msgs__rosidl_typesupport_microxrcedds_cpp.dir/rosidl_typesupport_microxrcedds_cpp/diagnostic_msgs/msg/detail/microxrcedds/diagnostic_status__type_support_cpp.cpp.o[0m
[17.169s] [ 72%] [32m[1mLinking CXX shared library libdiagnostic_msgs__rosidl_typesupport_microxrcedds_cpp.so[0m
[17.291s] [ 72%] Built target diagnostic_msgs__rosidl_typesupport_microxrcedds_cpp
[17.305s] [ 73%] [34m[1mGenerating C++ type support dispatch for ROS interfaces[0m
[17.739s] [35m[1mScanning dependencies of target diagnostic_msgs__rosidl_typesupport_cpp[0m
[17.755s] [ 74%] [32mBuilding CXX object CMakeFiles/diagnostic_msgs__rosidl_typesupport_cpp.dir/rosidl_typesupport_cpp/diagnostic_msgs/msg/diagnostic_array__type_support.cpp.o[0m
[18.009s] [ 75%] [32mBuilding CXX object CMakeFiles/diagnostic_msgs__rosidl_typesupport_cpp.dir/rosidl_typesupport_cpp/diagnostic_msgs/srv/self_test__type_support.cpp.o[0m
[18.278s] [ 77%] [32mBuilding CXX object CMakeFiles/diagnostic_msgs__rosidl_typesupport_cpp.dir/rosidl_typesupport_cpp/diagnostic_msgs/srv/add_diagnostics__type_support.cpp.o[0m
[18.533s] [ 78%] [32mBuilding CXX object CMakeFiles/diagnostic_msgs__rosidl_typesupport_cpp.dir/rosidl_typesupport_cpp/diagnostic_msgs/msg/key_value__type_support.cpp.o[0m
[18.777s] [ 79%] [32mBuilding CXX object CMakeFiles/diagnostic_msgs__rosidl_typesupport_cpp.dir/rosidl_typesupport_cpp/diagnostic_msgs/msg/diagnostic_status__type_support.cpp.o[0m
[19.020s] [ 81%] [32m[1mLinking CXX shared library libdiagnostic_msgs__rosidl_typesupport_cpp.so[0m
[19.058s] [ 81%] Built target diagnostic_msgs__rosidl_typesupport_cpp
[19.067s] [35m[1mScanning dependencies of target diagnostic_msgs[0m
[19.081s] [ 81%] Built target diagnostic_msgs
[19.090s] [35m[1mScanning dependencies of target diagnostic_msgs__py[0m
[19.099s] [ 82%] [34m[1mGenerating Python code for ROS interfaces[0m
[20.290s] [ 82%] Built target diagnostic_msgs__py
[20.300s] [35m[1mScanning dependencies of target diagnostic_msgs__python[0m
[20.324s] [ 83%] [32mBuilding C object CMakeFiles/diagnostic_msgs__python.dir/rosidl_generator_py/diagnostic_msgs/msg/_diagnostic_array_s.c.o[0m
[20.403s] [ 84%] [32mBuilding C object CMakeFiles/diagnostic_msgs__python.dir/rosidl_generator_py/diagnostic_msgs/srv/_self_test_s.c.o[0m
[20.492s] [ 86%] [32mBuilding C object CMakeFiles/diagnostic_msgs__python.dir/rosidl_generator_py/diagnostic_msgs/srv/_add_diagnostics_s.c.o[0m
[20.564s] [ 87%] [32mBuilding C object CMakeFiles/diagnostic_msgs__python.dir/rosidl_generator_py/diagnostic_msgs/msg/_key_value_s.c.o[0m
[20.631s] [ 88%] [32mBuilding C object CMakeFiles/diagnostic_msgs__python.dir/rosidl_generator_py/diagnostic_msgs/msg/_diagnostic_status_s.c.o[0m
[20.702s] [ 89%] [32m[1mLinking C shared library rosidl_generator_py/diagnostic_msgs/libdiagnostic_msgs__python.so[0m
[20.737s] [ 89%] Built target diagnostic_msgs__python
[20.745s] [35m[1mScanning dependencies of target diagnostic_msgs__rosidl_typesupport_introspection_c__pyext[0m
[20.760s] [ 91%] [32mBuilding C object CMakeFiles/diagnostic_msgs__rosidl_typesupport_introspection_c__pyext.dir/rosidl_generator_py/diagnostic_msgs/_diagnostic_msgs_s.ep.rosidl_typesupport_introspection_c.c.o[0m
[20.835s] [ 92%] [32m[1mLinking C shared library rosidl_generator_py/diagnostic_msgs/diagnostic_msgs_s__rosidl_typesupport_introspection_c.cpython-38-x86_64-linux-gnu.so[0m
[20.865s] [ 92%] Built target diagnostic_msgs__rosidl_typesupport_introspection_c__pyext
[20.874s] [35m[1mScanning dependencies of target diagnostic_msgs__rosidl_typesupport_microxrcedds_c__pyext[0m
[20.888s] [ 93%] [32mBuilding C object CMakeFiles/diagnostic_msgs__rosidl_typesupport_microxrcedds_c__pyext.dir/rosidl_generator_py/diagnostic_msgs/_diagnostic_msgs_s.ep.rosidl_typesupport_microxrcedds_c.c.o[0m
[20.969s] [ 94%] [32m[1mLinking C shared library rosidl_generator_py/diagnostic_msgs/diagnostic_msgs_s__rosidl_typesupport_microxrcedds_c.cpython-38-x86_64-linux-gnu.so[0m
[21.005s] [ 94%] Built target diagnostic_msgs__rosidl_typesupport_microxrcedds_c__pyext
[21.014s] [35m[1mScanning dependencies of target diagnostic_msgs__rosidl_typesupport_fastrtps_c__pyext[0m
[21.033s] [ 96%] [32mBuilding C object CMakeFiles/diagnostic_msgs__rosidl_typesupport_fastrtps_c__pyext.dir/rosidl_generator_py/diagnostic_msgs/_diagnostic_msgs_s.ep.rosidl_typesupport_fastrtps_c.c.o[0m
[21.114s] [ 97%] [32m[1mLinking CXX shared library rosidl_generator_py/diagnostic_msgs/diagnostic_msgs_s__rosidl_typesupport_fastrtps_c.cpython-38-x86_64-linux-gnu.so[0m
[21.168s] [ 97%] Built target diagnostic_msgs__rosidl_typesupport_fastrtps_c__pyext
[21.176s] [35m[1mScanning dependencies of target diagnostic_msgs__rosidl_typesupport_c__pyext[0m
[21.191s] [ 98%] [32mBuilding C object CMakeFiles/diagnostic_msgs__rosidl_typesupport_c__pyext.dir/rosidl_generator_py/diagnostic_msgs/_diagnostic_msgs_s.ep.rosidl_typesupport_c.c.o[0m
[21.271s] [100%] [32m[1mLinking C shared library rosidl_generator_py/diagnostic_msgs/diagnostic_msgs_s__rosidl_typesupport_c.cpython-38-x86_64-linux-gnu.so[0m
[21.301s] [100%] Built target diagnostic_msgs__rosidl_typesupport_c__pyext
[21.313s] Invoked command in '/home/ineogi2/ws/Biorobotics/micro_ros/build/diagnostic_msgs' returned '0': AMENT_PREFIX_PATH=/home/ineogi2/ws/Biorobotics/micro_ros/install/geometry_msgs:/home/ineogi2/ws/Biorobotics/micro_ros/install/std_msgs:/home/ineogi2/ws/Biorobotics/micro_ros/install/builtin_interfaces:${AMENT_PREFIX_PATH} CMAKE_PREFIX_PATH=/home/ineogi2/ws/Biorobotics/micro_ros/install/geometry_msgs:/home/ineogi2/ws/Biorobotics/micro_ros/install/std_msgs:/home/ineogi2/ws/Biorobotics/micro_ros/install/builtin_interfaces:/home/ineogi2/ws/Biorobotics/micro_ros/install/rosidl_typesupport_microxrcedds_cpp:/home/ineogi2/ws/Biorobotics/micro_ros/install/rosidl_typesupport_microxrcedds_c:/home/ineogi2/ws/Biorobotics/micro_ros/install/microcdr:/home/ineogi2/ws/Biorobotics/micro_ros/install/micro_ros_setup:/home/ineogi2/ws/Biorobotics/ros2_ws/install/realsense2_description:/home/ineogi2/ws/Biorobotics/ros2_ws/install/realsense2_camera:/home/ineogi2/ws/Biorobotics/ros2_ws/install/realsense2_camera_msgs:/home/ineogi2/ws/Biorobotics/ros2_ws/install/ros_image:/opt/ros/foxy LD_LIBRARY_PATH=/home/ineogi2/ws/Biorobotics/micro_ros/install/geometry_msgs/lib:/home/ineogi2/ws/Biorobotics/micro_ros/install/std_msgs/lib:/home/ineogi2/ws/Biorobotics/micro_ros/install/builtin_interfaces/lib:${LD_LIBRARY_PATH} PYTHONPATH=/home/ineogi2/ws/Biorobotics/micro_ros/install/geometry_msgs/lib/python3.8/site-packages:/home/ineogi2/ws/Biorobotics/micro_ros/install/std_msgs/lib/python3.8/site-packages:/home/ineogi2/ws/Biorobotics/micro_ros/install/builtin_interfaces/lib/python3.8/site-packages:${PYTHONPATH} /usr/bin/cmake --build /home/ineogi2/ws/Biorobotics/micro_ros/build/diagnostic_msgs -- -j12 -l12
[21.401s] Invoking command in '/home/ineogi2/ws/Biorobotics/micro_ros/build/diagnostic_msgs': AMENT_PREFIX_PATH=/home/ineogi2/ws/Biorobotics/micro_ros/install/geometry_msgs:/home/ineogi2/ws/Biorobotics/micro_ros/install/std_msgs:/home/ineogi2/ws/Biorobotics/micro_ros/install/builtin_interfaces:${AMENT_PREFIX_PATH} CMAKE_PREFIX_PATH=/home/ineogi2/ws/Biorobotics/micro_ros/install/geometry_msgs:/home/ineogi2/ws/Biorobotics/micro_ros/install/std_msgs:/home/ineogi2/ws/Biorobotics/micro_ros/install/builtin_interfaces:/home/ineogi2/ws/Biorobotics/micro_ros/install/rosidl_typesupport_microxrcedds_cpp:/home/ineogi2/ws/Biorobotics/micro_ros/install/rosidl_typesupport_microxrcedds_c:/home/ineogi2/ws/Biorobotics/micro_ros/install/microcdr:/home/ineogi2/ws/Biorobotics/micro_ros/install/micro_ros_setup:/home/ineogi2/ws/Biorobotics/ros2_ws/install/realsense2_description:/home/ineogi2/ws/Biorobotics/ros2_ws/install/realsense2_camera:/home/ineogi2/ws/Biorobotics/ros2_ws/install/realsense2_camera_msgs:/home/ineogi2/ws/Biorobotics/ros2_ws/install/ros_image:/opt/ros/foxy LD_LIBRARY_PATH=/home/ineogi2/ws/Biorobotics/micro_ros/install/geometry_msgs/lib:/home/ineogi2/ws/Biorobotics/micro_ros/install/std_msgs/lib:/home/ineogi2/ws/Biorobotics/micro_ros/install/builtin_interfaces/lib:${LD_LIBRARY_PATH} PYTHONPATH=/home/ineogi2/ws/Biorobotics/micro_ros/install/geometry_msgs/lib/python3.8/site-packages:/home/ineogi2/ws/Biorobotics/micro_ros/install/std_msgs/lib/python3.8/site-packages:/home/ineogi2/ws/Biorobotics/micro_ros/install/builtin_interfaces/lib/python3.8/site-packages:${PYTHONPATH} /usr/bin/cmake --install /home/ineogi2/ws/Biorobotics/micro_ros/build/diagnostic_msgs
[21.409s] -- Install configuration: ""
[21.409s] -- Installing: /home/ineogi2/ws/Biorobotics/micro_ros/install/diagnostic_msgs/share/ament_index/resource_index/rosidl_interfaces/diagnostic_msgs
[21.409s] -- Installing: /home/ineogi2/ws/Biorobotics/micro_ros/install/diagnostic_msgs/include/diagnostic_msgs
[21.409s] -- Installing: /home/ineogi2/ws/Biorobotics/micro_ros/install/diagnostic_msgs/include/diagnostic_msgs/srv
[21.410s] -- Installing: /home/ineogi2/ws/Biorobotics/micro_ros/install/diagnostic_msgs/include/diagnostic_msgs/srv/self_test.h
[21.410s] -- Installing: /home/ineogi2/ws/Biorobotics/micro_ros/install/diagnostic_msgs/include/diagnostic_msgs/srv/detail
[21.410s] -- Installing: /home/ineogi2/ws/Biorobotics/micro_ros/install/diagnostic_msgs/include/diagnostic_msgs/srv/detail/self_test__type_support.h
[21.410s] -- Installing: /home/ineogi2/ws/Biorobotics/micro_ros/install/diagnostic_msgs/include/diagnostic_msgs/srv/detail/add_diagnostics__type_support.h
[21.410s] -- Installing: /home/ineogi2/ws/Biorobotics/micro_ros/install/diagnostic_msgs/include/diagnostic_msgs/srv/detail/self_test__functions.c
[21.410s] -- Installing: /home/ineogi2/ws/Biorobotics/micro_ros/install/diagnostic_msgs/include/diagnostic_msgs/srv/detail/self_test__struct.h
[21.410s] -- Installing: /home/ineogi2/ws/Biorobotics/micro_ros/install/diagnostic_msgs/include/diagnostic_msgs/srv/detail/self_test__functions.h
[21.410s] -- Installing: /home/ineogi2/ws/Biorobotics/micro_ros/install/diagnostic_msgs/include/diagnostic_msgs/srv/detail/add_diagnostics__functions.h
[21.410s] -- Installing: /home/ineogi2/ws/Biorobotics/micro_ros/install/diagnostic_msgs/include/diagnostic_msgs/srv/detail/add_diagnostics__functions.c
[21.411s] -- Installing: /home/ineogi2/ws/Biorobotics/micro_ros/install/diagnostic_msgs/include/diagnostic_msgs/srv/detail/add_diagnostics__struct.h
[21.411s] -- Installing: /home/ineogi2/ws/Biorobotics/micro_ros/install/diagnostic_msgs/include/diagnostic_msgs/srv/add_diagnostics.h
[21.411s] -- Installing: /home/ineogi2/ws/Biorobotics/micro_ros/install/diagnostic_msgs/include/diagnostic_msgs/msg
[21.411s] -- Installing: /home/ineogi2/ws/Biorobotics/micro_ros/install/diagnostic_msgs/include/diagnostic_msgs/msg/rosidl_generator_c__visibility_control.h
[21.411s] -- Installing: /home/ineogi2/ws/Biorobotics/micro_ros/install/diagnostic_msgs/include/diagnostic_msgs/msg/detail
[21.411s] -- Installing: /home/ineogi2/ws/Biorobotics/micro_ros/install/diagnostic_msgs/include/diagnostic_msgs/msg/detail/diagnostic_array__struct.h
[21.411s] -- Installing: /home/ineogi2/ws/Biorobotics/micro_ros/install/diagnostic_msgs/include/diagnostic_msgs/msg/detail/key_value__type_support.h
[21.411s] -- Installing: /home/ineogi2/ws/Biorobotics/micro_ros/install/diagnostic_msgs/include/diagnostic_msgs/msg/detail/key_value__functions.c
[21.411s] -- Installing: /home/ineogi2/ws/Biorobotics/micro_ros/install/diagnostic_msgs/include/diagnostic_msgs/msg/detail/diagnostic_status__functions.h
[21.412s] -- Installing: /home/ineogi2/ws/Biorobotics/micro_ros/install/diagnostic_msgs/include/diagnostic_msgs/msg/detail/diagnostic_status__struct.h
[21.412s] -- Installing: /home/ineogi2/ws/Biorobotics/micro_ros/install/diagnostic_msgs/include/diagnostic_msgs/msg/detail/diagnostic_status__functions.c
[21.412s] -- Installing: /home/ineogi2/ws/Biorobotics/micro_ros/install/diagnostic_msgs/include/diagnostic_msgs/msg/detail/diagnostic_array__functions.h
[21.412s] -- Installing: /home/ineogi2/ws/Biorobotics/micro_ros/install/diagnostic_msgs/include/diagnostic_msgs/msg/detail/diagnostic_array__type_support.h
[21.412s] -- Installing: /home/ineogi2/ws/Biorobotics/micro_ros/install/diagnostic_msgs/include/diagnostic_msgs/msg/detail/diagnostic_array__functions.c
[21.412s] -- Installing: /home/ineogi2/ws/Biorobotics/micro_ros/install/diagnostic_msgs/include/diagnostic_msgs/msg/detail/key_value__struct.h
[21.412s] -- Installing: /home/ineogi2/ws/Biorobotics/micro_ros/install/diagnostic_msgs/include/diagnostic_msgs/msg/detail/diagnostic_status__type_support.h
[21.412s] -- Installing: /home/ineogi2/ws/Biorobotics/micro_ros/install/diagnostic_msgs/include/diagnostic_msgs/msg/detail/key_value__functions.h
[21.412s] -- Installing: /home/ineogi2/ws/Biorobotics/micro_ros/install/diagnostic_msgs/include/diagnostic_msgs/msg/diagnostic_status.h
[21.413s] -- Installing: /home/ineogi2/ws/Biorobotics/micro_ros/install/diagnostic_msgs/include/diagnostic_msgs/msg/diagnostic_array.h
[21.413s] -- Installing: /home/ineogi2/ws/Biorobotics/micro_ros/install/diagnostic_msgs/include/diagnostic_msgs/msg/key_value.h
[21.413s] -- Installing: /home/ineogi2/ws/Biorobotics/micro_ros/install/diagnostic_msgs/share/diagnostic_msgs/environment/library_path.sh
[21.413s] -- Installing: /home/ineogi2/ws/Biorobotics/micro_ros/install/diagnostic_msgs/share/diagnostic_msgs/environment/library_path.dsv
[21.413s] -- Installing: /home/ineogi2/ws/Biorobotics/micro_ros/install/diagnostic_msgs/lib/libdiagnostic_msgs__rosidl_generator_c.so
[21.413s] -- Set runtime path of "/home/ineogi2/ws/Biorobotics/micro_ros/install/diagnostic_msgs/lib/libdiagnostic_msgs__rosidl_generator_c.so" to ""
[21.413s] -- Up-to-date: /home/ineogi2/ws/Biorobotics/micro_ros/install/diagnostic_msgs/include/diagnostic_msgs
[21.414s] -- Up-to-date: /home/ineogi2/ws/Biorobotics/micro_ros/install/diagnostic_msgs/include/diagnostic_msgs/srv
[21.414s] -- Up-to-date: /home/ineogi2/ws/Biorobotics/micro_ros/install/diagnostic_msgs/include/diagnostic_msgs/srv/detail
[21.414s] -- Installing: /home/ineogi2/ws/Biorobotics/micro_ros/install/diagnostic_msgs/include/diagnostic_msgs/srv/detail/add_diagnostics__rosidl_typesupport_microxrcedds_c.h
[21.414s] -- Installing: /home/ineogi2/ws/Biorobotics/micro_ros/install/diagnostic_msgs/include/diagnostic_msgs/srv/detail/microxrcedds
[21.414s] -- Installing: /home/ineogi2/ws/Biorobotics/micro_ros/install/diagnostic_msgs/include/diagnostic_msgs/srv/detail/self_test__rosidl_typesupport_microxrcedds_c.h
[21.414s] -- Up-to-date: /home/ineogi2/ws/Biorobotics/micro_ros/install/diagnostic_msgs/include/diagnostic_msgs/msg
[21.414s] -- Up-to-date: /home/ineogi2/ws/Biorobotics/micro_ros/install/diagnostic_msgs/include/diagnostic_msgs/msg/detail
[21.414s] -- Installing: /home/ineogi2/ws/Biorobotics/micro_ros/install/diagnostic_msgs/include/diagnostic_msgs/msg/detail/key_value__rosidl_typesupport_microxrcedds_c.h
[21.414s] -- Installing: /home/ineogi2/ws/Biorobotics/micro_ros/install/diagnostic_msgs/include/diagnostic_msgs/msg/detail/microxrcedds
[21.415s] -- Installing: /home/ineogi2/ws/Biorobotics/micro_ros/install/diagnostic_msgs/include/diagnostic_msgs/msg/detail/diagnostic_array__rosidl_typesupport_microxrcedds_c.h
[21.415s] -- Installing: /home/ineogi2/ws/Biorobotics/micro_ros/install/diagnostic_msgs/include/diagnostic_msgs/msg/detail/diagnostic_status__rosidl_typesupport_microxrcedds_c.h
[21.415s] -- Installing: /home/ineogi2/ws/Biorobotics/micro_ros/install/diagnostic_msgs/include/diagnostic_msgs/msg/rosidl_typesupport_microxrcedds_c__visibility_control.h
[21.415s] -- Installing: /home/ineogi2/ws/Biorobotics/micro_ros/install/diagnostic_msgs/lib/libdiagnostic_msgs__rosidl_typesupport_microxrcedds_c.so
[21.415s] -- Set runtime path of "/home/ineogi2/ws/Biorobotics/micro_ros/install/diagnostic_msgs/lib/libdiagnostic_msgs__rosidl_typesupport_microxrcedds_c.so" to ""
[21.415s] -- Up-to-date: /home/ineogi2/ws/Biorobotics/micro_ros/install/diagnostic_msgs/include/diagnostic_msgs
[21.415s] -- Up-to-date: /home/ineogi2/ws/Biorobotics/micro_ros/install/diagnostic_msgs/include/diagnostic_msgs/srv
[21.415s] -- Up-to-date: /home/ineogi2/ws/Biorobotics/micro_ros/install/diagnostic_msgs/include/diagnostic_msgs/srv/detail
[21.415s] -- Installing: /home/ineogi2/ws/Biorobotics/micro_ros/install/diagnostic_msgs/include/diagnostic_msgs/srv/detail/self_test__rosidl_typesupport_fastrtps_c.h
[21.416s] -- Installing: /home/ineogi2/ws/Biorobotics/micro_ros/install/diagnostic_msgs/include/diagnostic_msgs/srv/detail/add_diagnostics__rosidl_typesupport_fastrtps_c.h
[21.416s] -- Up-to-date: /home/ineogi2/ws/Biorobotics/micro_ros/install/diagnostic_msgs/include/diagnostic_msgs/msg
[21.416s] -- Installing: /home/ineogi2/ws/Biorobotics/micro_ros/install/diagnostic_msgs/include/diagnostic_msgs/msg/rosidl_typesupport_fastrtps_c__visibility_control.h
[21.416s] -- Up-to-date: /home/ineogi2/ws/Biorobotics/micro_ros/install/diagnostic_msgs/include/diagnostic_msgs/msg/detail
[21.416s] -- Installing: /home/ineogi2/ws/Biorobotics/micro_ros/install/diagnostic_msgs/include/diagnostic_msgs/msg/detail/diagnostic_array__rosidl_typesupport_fastrtps_c.h
[21.416s] -- Installing: /home/ineogi2/ws/Biorobotics/micro_ros/install/diagnostic_msgs/include/diagnostic_msgs/msg/detail/key_value__rosidl_typesupport_fastrtps_c.h
[21.416s] -- Installing: /home/ineogi2/ws/Biorobotics/micro_ros/install/diagnostic_msgs/include/diagnostic_msgs/msg/detail/diagnostic_status__rosidl_typesupport_fastrtps_c.h
[21.416s] -- Installing: /home/ineogi2/ws/Biorobotics/micro_ros/install/diagnostic_msgs/lib/libdiagnostic_msgs__rosidl_typesupport_fastrtps_c.so
[21.417s] -- Set runtime path of "/home/ineogi2/ws/Biorobotics/micro_ros/install/diagnostic_msgs/lib/libdiagnostic_msgs__rosidl_typesupport_fastrtps_c.so" to ""
[21.417s] -- Up-to-date: /home/ineogi2/ws/Biorobotics/micro_ros/install/diagnostic_msgs/include/diagnostic_msgs
[21.417s] -- Up-to-date: /home/ineogi2/ws/Biorobotics/micro_ros/install/diagnostic_msgs/include/diagnostic_msgs/srv
[21.417s] -- Up-to-date: /home/ineogi2/ws/Biorobotics/micro_ros/install/diagnostic_msgs/include/diagnostic_msgs/srv/detail
[21.417s] -- Installing: /home/ineogi2/ws/Biorobotics/micro_ros/install/diagnostic_msgs/include/diagnostic_msgs/srv/detail/dds_fastrtps
[21.417s] -- Installing: /home/ineogi2/ws/Biorobotics/micro_ros/install/diagnostic_msgs/include/diagnostic_msgs/srv/detail/self_test__rosidl_typesupport_fastrtps_cpp.hpp
[21.417s] -- Installing: /home/ineogi2/ws/Biorobotics/micro_ros/install/diagnostic_msgs/include/diagnostic_msgs/srv/detail/add_diagnostics__rosidl_typesupport_fastrtps_cpp.hpp
[21.417s] -- Up-to-date: /home/ineogi2/ws/Biorobotics/micro_ros/install/diagnostic_msgs/include/diagnostic_msgs/msg
[21.418s] -- Installing: /home/ineogi2/ws/Biorobotics/micro_ros/install/diagnostic_msgs/include/diagnostic_msgs/msg/rosidl_typesupport_fastrtps_cpp__visibility_control.h
[21.418s] -- Up-to-date: /home/ineogi2/ws/Biorobotics/micro_ros/install/diagnostic_msgs/include/diagnostic_msgs/msg/detail
[21.418s] -- Installing: /home/ineogi2/ws/Biorobotics/micro_ros/install/diagnostic_msgs/include/diagnostic_msgs/msg/detail/diagnostic_status__rosidl_typesupport_fastrtps_cpp.hpp
[21.418s] -- Installing: /home/ineogi2/ws/Biorobotics/micro_ros/install/diagnostic_msgs/include/diagnostic_msgs/msg/detail/dds_fastrtps
[21.418s] -- Installing: /home/ineogi2/ws/Biorobotics/micro_ros/install/diagnostic_msgs/include/diagnostic_msgs/msg/detail/key_value__rosidl_typesupport_fastrtps_cpp.hpp
[21.418s] -- Installing: /home/ineogi2/ws/Biorobotics/micro_ros/install/diagnostic_msgs/include/diagnostic_msgs/msg/detail/diagnostic_array__rosidl_typesupport_fastrtps_cpp.hpp
[21.418s] -- Installing: /home/ineogi2/ws/Biorobotics/micro_ros/install/diagnostic_msgs/lib/libdiagnostic_msgs__rosidl_typesupport_fastrtps_cpp.so
[21.418s] -- Set runtime path of "/home/ineogi2/ws/Biorobotics/micro_ros/install/diagnostic_msgs/lib/libdiagnostic_msgs__rosidl_typesupport_fastrtps_cpp.so" to ""
[21.419s] -- Up-to-date: /home/ineogi2/ws/Biorobotics/micro_ros/install/diagnostic_msgs/include/diagnostic_msgs
[21.419s] -- Up-to-date: /home/ineogi2/ws/Biorobotics/micro_ros/install/diagnostic_msgs/include/diagnostic_msgs/srv
[21.419s] -- Up-to-date: /home/ineogi2/ws/Biorobotics/micro_ros/install/diagnostic_msgs/include/diagnostic_msgs/srv/detail
[21.419s] -- Installing: /home/ineogi2/ws/Biorobotics/micro_ros/install/diagnostic_msgs/include/diagnostic_msgs/srv/detail/add_diagnostics__type_support.c
[21.419s] -- Installing: /home/ineogi2/ws/Biorobotics/micro_ros/install/diagnostic_msgs/include/diagnostic_msgs/srv/detail/self_test__rosidl_typesupport_introspection_c.h
[21.419s] -- Installing: /home/ineogi2/ws/Biorobotics/micro_ros/install/diagnostic_msgs/include/diagnostic_msgs/srv/detail/add_diagnostics__rosidl_typesupport_introspection_c.h
[21.419s] -- Installing: /home/ineogi2/ws/Biorobotics/micro_ros/install/diagnostic_msgs/include/diagnostic_msgs/srv/detail/self_test__type_support.c
[21.419s] -- Up-to-date: /home/ineogi2/ws/Biorobotics/micro_ros/install/diagnostic_msgs/include/diagnostic_msgs/msg
[21.419s] -- Up-to-date: /home/ineogi2/ws/Biorobotics/micro_ros/install/diagnostic_msgs/include/diagnostic_msgs/msg/detail
[21.420s] -- Installing: /home/ineogi2/ws/Biorobotics/micro_ros/install/diagnostic_msgs/include/diagnostic_msgs/msg/detail/diagnostic_array__rosidl_typesupport_introspection_c.h
[21.420s] -- Installing: /home/ineogi2/ws/Biorobotics/micro_ros/install/diagnostic_msgs/include/diagnostic_msgs/msg/detail/diagnostic_array__type_support.c
[21.420s] -- Installing: /home/ineogi2/ws/Biorobotics/micro_ros/install/diagnostic_msgs/include/diagnostic_msgs/msg/detail/key_value__rosidl_typesupport_introspection_c.h
[21.420s] -- Installing: /home/ineogi2/ws/Biorobotics/micro_ros/install/diagnostic_msgs/include/diagnostic_msgs/msg/detail/diagnostic_status__rosidl_typesupport_introspection_c.h
[21.420s] -- Installing: /home/ineogi2/ws/Biorobotics/micro_ros/install/diagnostic_msgs/include/diagnostic_msgs/msg/detail/key_value__type_support.c
[21.420s] -- Installing: /home/ineogi2/ws/Biorobotics/micro_ros/install/diagnostic_msgs/include/diagnostic_msgs/msg/detail/diagnostic_status__type_support.c
[21.420s] -- Installing: /home/ineogi2/ws/Biorobotics/micro_ros/install/diagnostic_msgs/include/diagnostic_msgs/msg/rosidl_typesupport_introspection_c__visibility_control.h
[21.420s] -- Installing: /home/ineogi2/ws/Biorobotics/micro_ros/install/diagnostic_msgs/lib/libdiagnostic_msgs__rosidl_typesupport_introspection_c.so
[21.420s] -- Set runtime path of "/home/ineogi2/ws/Biorobotics/micro_ros/install/diagnostic_msgs/lib/libdiagnostic_msgs__rosidl_typesupport_introspection_c.so" to ""
[21.421s] -- Installing: /home/ineogi2/ws/Biorobotics/micro_ros/install/diagnostic_msgs/lib/libdiagnostic_msgs__rosidl_typesupport_c.so
[21.421s] -- Set runtime path of "/home/ineogi2/ws/Biorobotics/micro_ros/install/diagnostic_msgs/lib/libdiagnostic_msgs__rosidl_typesupport_c.so" to ""
[21.421s] -- Up-to-date: /home/ineogi2/ws/Biorobotics/micro_ros/install/diagnostic_msgs/include/diagnostic_msgs
[21.421s] -- Up-to-date: /home/ineogi2/ws/Biorobotics/micro_ros/install/diagnostic_msgs/include/diagnostic_msgs/srv
[21.421s] -- Up-to-date: /home/ineogi2/ws/Biorobotics/micro_ros/install/diagnostic_msgs/include/diagnostic_msgs/srv/detail
[21.421s] -- Installing: /home/ineogi2/ws/Biorobotics/micro_ros/install/diagnostic_msgs/include/diagnostic_msgs/srv/detail/self_test__traits.hpp
[21.421s] -- Installing: /home/ineogi2/ws/Biorobotics/micro_ros/install/diagnostic_msgs/include/diagnostic_msgs/srv/detail/add_diagnostics__builder.hpp
[21.421s] -- Installing: /home/ineogi2/ws/Biorobotics/micro_ros/install/diagnostic_msgs/include/diagnostic_msgs/srv/detail/add_diagnostics__traits.hpp
[21.421s] -- Installing: /home/ineogi2/ws/Biorobotics/micro_ros/install/diagnostic_msgs/include/diagnostic_msgs/srv/detail/self_test__struct.hpp
[21.421s] -- Installing: /home/ineogi2/ws/Biorobotics/micro_ros/install/diagnostic_msgs/include/diagnostic_msgs/srv/detail/self_test__builder.hpp
[21.422s] -- Installing: /home/ineogi2/ws/Biorobotics/micro_ros/install/diagnostic_msgs/include/diagnostic_msgs/srv/detail/add_diagnostics__struct.hpp
[21.422s] -- Installing: /home/ineogi2/ws/Biorobotics/micro_ros/install/diagnostic_msgs/include/diagnostic_msgs/srv/add_diagnostics.hpp
[21.422s] -- Installing: /home/ineogi2/ws/Biorobotics/micro_ros/install/diagnostic_msgs/include/diagnostic_msgs/srv/self_test.hpp
[21.422s] -- Up-to-date: /home/ineogi2/ws/Biorobotics/micro_ros/install/diagnostic_msgs/include/diagnostic_msgs/msg
[21.422s] -- Installing: /home/ineogi2/ws/Biorobotics/micro_ros/install/diagnostic_msgs/include/diagnostic_msgs/msg/key_value.hpp
[21.422s] -- Installing: /home/ineogi2/ws/Biorobotics/micro_ros/install/diagnostic_msgs/include/diagnostic_msgs/msg/diagnostic_array.hpp
[21.422s] -- Installing: /home/ineogi2/ws/Biorobotics/micro_ros/install/diagnostic_msgs/include/diagnostic_msgs/msg/diagnostic_status.hpp
[21.422s] -- Up-to-date: /home/ineogi2/ws/Biorobotics/micro_ros/install/diagnostic_msgs/include/diagnostic_msgs/msg/detail
[21.422s] -- Installing: /home/ineogi2/ws/Biorobotics/micro_ros/install/diagnostic_msgs/include/diagnostic_msgs/msg/detail/key_value__struct.hpp
[21.422s] -- Installing: /home/ineogi2/ws/Biorobotics/micro_ros/install/diagnostic_msgs/include/diagnostic_msgs/msg/detail/diagnostic_array__struct.hpp
[21.422s] -- Installing: /home/ineogi2/ws/Biorobotics/micro_ros/install/diagnostic_msgs/include/diagnostic_msgs/msg/detail/key_value__traits.hpp
[21.423s] -- Installing: /home/ineogi2/ws/Biorobotics/micro_ros/install/diagnostic_msgs/include/diagnostic_msgs/msg/detail/diagnostic_status__builder.hpp
[21.423s] -- Installing: /home/ineogi2/ws/Biorobotics/micro_ros/install/diagnostic_msgs/include/diagnostic_msgs/msg/detail/diagnostic_array__traits.hpp
[21.423s] -- Installing: /home/ineogi2/ws/Biorobotics/micro_ros/install/diagnostic_msgs/include/diagnostic_msgs/msg/detail/diagnostic_status__struct.hpp
[21.423s] -- Installing: /home/ineogi2/ws/Biorobotics/micro_ros/install/diagnostic_msgs/include/diagnostic_msgs/msg/detail/diagnostic_array__builder.hpp
[21.423s] -- Installing: /home/ineogi2/ws/Biorobotics/micro_ros/install/diagnostic_msgs/include/diagnostic_msgs/msg/detail/diagnostic_status__traits.hpp
[21.423s] -- Installing: /home/ineogi2/ws/Biorobotics/micro_ros/install/diagnostic_msgs/include/diagnostic_msgs/msg/detail/key_value__builder.hpp
[21.423s] -- Up-to-date: /home/ineogi2/ws/Biorobotics/micro_ros/install/diagnostic_msgs/include/diagnostic_msgs
[21.423s] -- Up-to-date: /home/ineogi2/ws/Biorobotics/micro_ros/install/diagnostic_msgs/include/diagnostic_msgs/srv
[21.423s] -- Up-to-date: /home/ineogi2/ws/Biorobotics/micro_ros/install/diagnostic_msgs/include/diagnostic_msgs/srv/detail
[21.423s] -- Installing: /home/ineogi2/ws/Biorobotics/micro_ros/install/diagnostic_msgs/include/diagnostic_msgs/srv/detail/self_test__rosidl_typesupport_microxrcedds_cpp.hpp
[21.424s] -- Up-to-date: /home/ineogi2/ws/Biorobotics/micro_ros/install/diagnostic_msgs/include/diagnostic_msgs/srv/detail/microxrcedds
[21.424s] -- Installing: /home/ineogi2/ws/Biorobotics/micro_ros/install/diagnostic_msgs/include/diagnostic_msgs/srv/detail/microxrcedds/add_diagnostics__type_support_cpp.cpp
[21.424s] -- Installing: /home/ineogi2/ws/Biorobotics/micro_ros/install/diagnostic_msgs/include/diagnostic_msgs/srv/detail/microxrcedds/self_test__type_support_cpp.cpp
[21.424s] -- Installing: /home/ineogi2/ws/Biorobotics/micro_ros/install/diagnostic_msgs/include/diagnostic_msgs/srv/detail/add_diagnostics__rosidl_typesupport_microxrcedds_cpp.hpp
[21.424s] -- Up-to-date: /home/ineogi2/ws/Biorobotics/micro_ros/install/diagnostic_msgs/include/diagnostic_msgs/msg
[21.424s] -- Installing: /home/ineogi2/ws/Biorobotics/micro_ros/install/diagnostic_msgs/include/diagnostic_msgs/msg/rosidl_typesupport_microxrcedds_cpp__visibility_control.h
[21.424s] -- Up-to-date: /home/ineogi2/ws/Biorobotics/micro_ros/install/diagnostic_msgs/include/diagnostic_msgs/msg/detail
[21.424s] -- Installing: /home/ineogi2/ws/Biorobotics/micro_ros/install/diagnostic_msgs/include/diagnostic_msgs/msg/detail/key_value__rosidl_typesupport_microxrcedds_cpp.hpp
[21.424s] -- Installing: /home/ineogi2/ws/Biorobotics/micro_ros/install/diagnostic_msgs/include/diagnostic_msgs/msg/detail/diagnostic_status__rosidl_typesupport_microxrcedds_cpp.hpp
[21.424s] -- Up-to-date: /home/ineogi2/ws/Biorobotics/micro_ros/install/diagnostic_msgs/include/diagnostic_msgs/msg/detail/microxrcedds
[21.425s] -- Installing: /home/ineogi2/ws/Biorobotics/micro_ros/install/diagnostic_msgs/include/diagnostic_msgs/msg/detail/microxrcedds/diagnostic_status__type_support_cpp.cpp
[21.425s] -- Installing: /home/ineogi2/ws/Biorobotics/micro_ros/install/diagnostic_msgs/include/diagnostic_msgs/msg/detail/microxrcedds/key_value__type_support_cpp.cpp
[21.425s] -- Installing: /home/ineogi2/ws/Biorobotics/micro_ros/install/diagnostic_msgs/include/diagnostic_msgs/msg/detail/microxrcedds/diagnostic_array__type_support_cpp.cpp
[21.425s] -- Installing: /home/ineogi2/ws/Biorobotics/micro_ros/install/diagnostic_msgs/include/diagnostic_msgs/msg/detail/diagnostic_array__rosidl_typesupport_microxrcedds_cpp.hpp
[21.425s] -- Installing: /home/ineogi2/ws/Biorobotics/micro_ros/install/diagnostic_msgs/lib/libdiagnostic_msgs__rosidl_typesupport_microxrcedds_cpp.so
[21.425s] -- Set runtime path of "/home/ineogi2/ws/Biorobotics/micro_ros/install/diagnostic_msgs/lib/libdiagnostic_msgs__rosidl_typesupport_microxrcedds_cpp.so" to ""
[21.425s] -- Up-to-date: /home/ineogi2/ws/Biorobotics/micro_ros/install/diagnostic_msgs/include/diagnostic_msgs
[21.425s] -- Up-to-date: /home/ineogi2/ws/Biorobotics/micro_ros/install/diagnostic_msgs/include/diagnostic_msgs/srv
[21.425s] -- Up-to-date: /home/ineogi2/ws/Biorobotics/micro_ros/install/diagnostic_msgs/include/diagnostic_msgs/srv/detail
[21.425s] -- Installing: /home/ineogi2/ws/Biorobotics/micro_ros/install/diagnostic_msgs/include/diagnostic_msgs/srv/detail/self_test__rosidl_typesupport_introspection_cpp.hpp
[21.425s] -- Installing: /home/ineogi2/ws/Biorobotics/micro_ros/install/diagnostic_msgs/include/diagnostic_msgs/srv/detail/add_diagnostics__rosidl_typesupport_introspection_cpp.hpp
[21.426s] -- Installing: /home/ineogi2/ws/Biorobotics/micro_ros/install/diagnostic_msgs/include/diagnostic_msgs/srv/detail/self_test__type_support.cpp
[21.426s] -- Installing: /home/ineogi2/ws/Biorobotics/micro_ros/install/diagnostic_msgs/include/diagnostic_msgs/srv/detail/add_diagnostics__type_support.cpp
[21.426s] -- Up-to-date: /home/ineogi2/ws/Biorobotics/micro_ros/install/diagnostic_msgs/include/diagnostic_msgs/msg
[21.426s] -- Up-to-date: /home/ineogi2/ws/Biorobotics/micro_ros/install/diagnostic_msgs/include/diagnostic_msgs/msg/detail
[21.426s] -- Installing: /home/ineogi2/ws/Biorobotics/micro_ros/install/diagnostic_msgs/include/diagnostic_msgs/msg/detail/diagnostic_array__rosidl_typesupport_introspection_cpp.hpp
[21.426s] -- Installing: /home/ineogi2/ws/Biorobotics/micro_ros/install/diagnostic_msgs/include/diagnostic_msgs/msg/detail/diagnostic_array__type_support.cpp
[21.426s] -- Installing: /home/ineogi2/ws/Biorobotics/micro_ros/install/diagnostic_msgs/include/diagnostic_msgs/msg/detail/key_value__rosidl_typesupport_introspection_cpp.hpp
[21.426s] -- Installing: /home/ineogi2/ws/Biorobotics/micro_ros/install/diagnostic_msgs/include/diagnostic_msgs/msg/detail/key_value__type_support.cpp
[21.426s] -- Installing: /home/ineogi2/ws/Biorobotics/micro_ros/install/diagnostic_msgs/include/diagnostic_msgs/msg/detail/diagnostic_status__rosidl_typesupport_introspection_cpp.hpp
[21.426s] -- Installing: /home/ineogi2/ws/Biorobotics/micro_ros/install/diagnostic_msgs/include/diagnostic_msgs/msg/detail/diagnostic_status__type_support.cpp
[21.426s] -- Installing: /home/ineogi2/ws/Biorobotics/micro_ros/install/diagnostic_msgs/lib/libdiagnostic_msgs__rosidl_typesupport_introspection_cpp.so
[21.427s] -- Set runtime path of "/home/ineogi2/ws/Biorobotics/micro_ros/install/diagnostic_msgs/lib/libdiagnostic_msgs__rosidl_typesupport_introspection_cpp.so" to ""
[21.427s] -- Installing: /home/ineogi2/ws/Biorobotics/micro_ros/install/diagnostic_msgs/lib/libdiagnostic_msgs__rosidl_typesupport_cpp.so
[21.427s] -- Set runtime path of "/home/ineogi2/ws/Biorobotics/micro_ros/install/diagnostic_msgs/lib/libdiagnostic_msgs__rosidl_typesupport_cpp.so" to ""
[21.427s] -- Installing: /home/ineogi2/ws/Biorobotics/micro_ros/install/diagnostic_msgs/share/diagnostic_msgs/environment/pythonpath.sh
[21.427s] -- Installing: /home/ineogi2/ws/Biorobotics/micro_ros/install/diagnostic_msgs/share/diagnostic_msgs/environment/pythonpath.dsv
[21.427s] -- Installing: /home/ineogi2/ws/Biorobotics/micro_ros/install/diagnostic_msgs/lib/python3.8/site-packages/diagnostic_msgs/__init__.py
[21.448s] Compiling '/home/ineogi2/ws/Biorobotics/micro_ros/install/diagnostic_msgs/lib/python3.8/site-packages/diagnostic_msgs/__init__.py'...
[21.451s] -- Installing: /home/ineogi2/ws/Biorobotics/micro_ros/install/diagnostic_msgs/lib/python3.8/site-packages/diagnostic_msgs/msg
[21.451s] -- Installing: /home/ineogi2/ws/Biorobotics/micro_ros/install/diagnostic_msgs/lib/python3.8/site-packages/diagnostic_msgs/msg/_diagnostic_status_s.c
[21.451s] -- Installing: /home/ineogi2/ws/Biorobotics/micro_ros/install/diagnostic_msgs/lib/python3.8/site-packages/diagnostic_msgs/msg/__init__.py
[21.452s] -- Installing: /home/ineogi2/ws/Biorobotics/micro_ros/install/diagnostic_msgs/lib/python3.8/site-packages/diagnostic_msgs/msg/_key_value.py
[21.452s] -- Installing: /home/ineogi2/ws/Biorobotics/micro_ros/install/diagnostic_msgs/lib/python3.8/site-packages/diagnostic_msgs/msg/_diagnostic_status.py
[21.452s] -- Installing: /home/ineogi2/ws/Biorobotics/micro_ros/install/diagnostic_msgs/lib/python3.8/site-packages/diagnostic_msgs/msg/_key_value_s.c
[21.452s] -- Installing: /home/ineogi2/ws/Biorobotics/micro_ros/install/diagnostic_msgs/lib/python3.8/site-packages/diagnostic_msgs/msg/_diagnostic_array_s.c
[21.452s] -- Installing: /home/ineogi2/ws/Biorobotics/micro_ros/install/diagnostic_msgs/lib/python3.8/site-packages/diagnostic_msgs/msg/_diagnostic_array.py
[21.452s] -- Installing: /home/ineogi2/ws/Biorobotics/micro_ros/install/diagnostic_msgs/lib/python3.8/site-packages/diagnostic_msgs/srv
[21.452s] -- Installing: /home/ineogi2/ws/Biorobotics/micro_ros/install/diagnostic_msgs/lib/python3.8/site-packages/diagnostic_msgs/srv/_add_diagnostics_s.c
[21.452s] -- Installing: /home/ineogi2/ws/Biorobotics/micro_ros/install/diagnostic_msgs/lib/python3.8/site-packages/diagnostic_msgs/srv/_add_diagnostics.py
[21.452s] -- Installing: /home/ineogi2/ws/Biorobotics/micro_ros/install/diagnostic_msgs/lib/python3.8/site-packages/diagnostic_msgs/srv/_self_test.py
[21.453s] -- Installing: /home/ineogi2/ws/Biorobotics/micro_ros/install/diagnostic_msgs/lib/python3.8/site-packages/diagnostic_msgs/srv/__init__.py
[21.453s] -- Installing: /home/ineogi2/ws/Biorobotics/micro_ros/install/diagnostic_msgs/lib/python3.8/site-packages/diagnostic_msgs/srv/_self_test_s.c
[21.453s] -- Installing: /home/ineogi2/ws/Biorobotics/micro_ros/install/diagnostic_msgs/lib/python3.8/site-packages/diagnostic_msgs/diagnostic_msgs_s__rosidl_typesupport_microxrcedds_c.cpython-38-x86_64-linux-gnu.so
[21.453s] -- Set runtime path of "/home/ineogi2/ws/Biorobotics/micro_ros/install/diagnostic_msgs/lib/python3.8/site-packages/diagnostic_msgs/diagnostic_msgs_s__rosidl_typesupport_microxrcedds_c.cpython-38-x86_64-linux-gnu.so" to ""
[21.453s] -- Installing: /home/ineogi2/ws/Biorobotics/micro_ros/install/diagnostic_msgs/lib/python3.8/site-packages/diagnostic_msgs/diagnostic_msgs_s__rosidl_typesupport_fastrtps_c.cpython-38-x86_64-linux-gnu.so
[21.453s] -- Set runtime path of "/home/ineogi2/ws/Biorobotics/micro_ros/install/diagnostic_msgs/lib/python3.8/site-packages/diagnostic_msgs/diagnostic_msgs_s__rosidl_typesupport_fastrtps_c.cpython-38-x86_64-linux-gnu.so" to ""
[21.453s] -- Installing: /home/ineogi2/ws/Biorobotics/micro_ros/install/diagnostic_msgs/lib/python3.8/site-packages/diagnostic_msgs/diagnostic_msgs_s__rosidl_typesupport_introspection_c.cpython-38-x86_64-linux-gnu.so
[21.454s] -- Set runtime path of "/home/ineogi2/ws/Biorobotics/micro_ros/install/diagnostic_msgs/lib/python3.8/site-packages/diagnostic_msgs/diagnostic_msgs_s__rosidl_typesupport_introspection_c.cpython-38-x86_64-linux-gnu.so" to ""
[21.454s] -- Installing: /home/ineogi2/ws/Biorobotics/micro_ros/install/diagnostic_msgs/lib/python3.8/site-packages/diagnostic_msgs/diagnostic_msgs_s__rosidl_typesupport_c.cpython-38-x86_64-linux-gnu.so
[21.454s] -- Set runtime path of "/home/ineogi2/ws/Biorobotics/micro_ros/install/diagnostic_msgs/lib/python3.8/site-packages/diagnostic_msgs/diagnostic_msgs_s__rosidl_typesupport_c.cpython-38-x86_64-linux-gnu.so" to ""
[21.454s] -- Installing: /home/ineogi2/ws/Biorobotics/micro_ros/install/diagnostic_msgs/lib/libdiagnostic_msgs__python.so
[21.454s] -- Set runtime path of "/home/ineogi2/ws/Biorobotics/micro_ros/install/diagnostic_msgs/lib/libdiagnostic_msgs__python.so" to ""
[21.455s] -- Installing: /home/ineogi2/ws/Biorobotics/micro_ros/install/diagnostic_msgs/share/diagnostic_msgs/msg/DiagnosticArray.idl
[21.455s] -- Installing: /home/ineogi2/ws/Biorobotics/micro_ros/install/diagnostic_msgs/share/diagnostic_msgs/msg/DiagnosticStatus.idl
[21.455s] -- Installing: /home/ineogi2/ws/Biorobotics/micro_ros/install/diagnostic_msgs/share/diagnostic_msgs/msg/KeyValue.idl
[21.455s] -- Installing: /home/ineogi2/ws/Biorobotics/micro_ros/install/diagnostic_msgs/share/diagnostic_msgs/srv/AddDiagnostics.idl
[21.455s] -- Installing: /home/ineogi2/ws/Biorobotics/micro_ros/install/diagnostic_msgs/share/diagnostic_msgs/srv/SelfTest.idl
[21.455s] -- Installing: /home/ineogi2/ws/Biorobotics/micro_ros/install/diagnostic_msgs/share/diagnostic_msgs/msg/DiagnosticArray.msg
[21.455s] -- Installing: /home/ineogi2/ws/Biorobotics/micro_ros/install/diagnostic_msgs/share/diagnostic_msgs/msg/DiagnosticStatus.msg
[21.455s] -- Installing: /home/ineogi2/ws/Biorobotics/micro_ros/install/diagnostic_msgs/share/diagnostic_msgs/msg/KeyValue.msg
[21.456s] -- Installing: /home/ineogi2/ws/Biorobotics/micro_ros/install/diagnostic_msgs/share/diagnostic_msgs/srv/AddDiagnostics.srv
[21.456s] -- Installing: /home/ineogi2/ws/Biorobotics/micro_ros/install/diagnostic_msgs/share/diagnostic_msgs/srv/AddDiagnostics_Request.msg
[21.456s] -- Installing: /home/ineogi2/ws/Biorobotics/micro_ros/install/diagnostic_msgs/share/diagnostic_msgs/srv/AddDiagnostics_Response.msg
[21.456s] -- Installing: /home/ineogi2/ws/Biorobotics/micro_ros/install/diagnostic_msgs/share/diagnostic_msgs/srv/SelfTest.srv
[21.456s] -- Installing: /home/ineogi2/ws/Biorobotics/micro_ros/install/diagnostic_msgs/share/diagnostic_msgs/srv/SelfTest_Request.msg
[21.456s] -- Installing: /home/ineogi2/ws/Biorobotics/micro_ros/install/diagnostic_msgs/share/diagnostic_msgs/srv/SelfTest_Response.msg
[21.456s] -- Installing: /home/ineogi2/ws/Biorobotics/micro_ros/install/diagnostic_msgs/share/ament_index/resource_index/package_run_dependencies/diagnostic_msgs
[21.456s] -- Installing: /home/ineogi2/ws/Biorobotics/micro_ros/install/diagnostic_msgs/share/ament_index/resource_index/parent_prefix_path/diagnostic_msgs
[21.457s] -- Installing: /home/ineogi2/ws/Biorobotics/micro_ros/install/diagnostic_msgs/share/diagnostic_msgs/environment/ament_prefix_path.sh
[21.457s] -- Installing: /home/ineogi2/ws/Biorobotics/micro_ros/install/diagnostic_msgs/share/diagnostic_msgs/environment/ament_prefix_path.dsv
[21.457s] -- Installing: /home/ineogi2/ws/Biorobotics/micro_ros/install/diagnostic_msgs/share/diagnostic_msgs/environment/path.sh
[21.457s] -- Installing: /home/ineogi2/ws/Biorobotics/micro_ros/install/diagnostic_msgs/share/diagnostic_msgs/environment/path.dsv
[21.457s] -- Installing: /home/ineogi2/ws/Biorobotics/micro_ros/install/diagnostic_msgs/share/diagnostic_msgs/local_setup.bash
[21.457s] -- Installing: /home/ineogi2/ws/Biorobotics/micro_ros/install/diagnostic_msgs/share/diagnostic_msgs/local_setup.sh
[21.457s] -- Installing: /home/ineogi2/ws/Biorobotics/micro_ros/install/diagnostic_msgs/share/diagnostic_msgs/local_setup.zsh
[21.457s] -- Installing: /home/ineogi2/ws/Biorobotics/micro_ros/install/diagnostic_msgs/share/diagnostic_msgs/local_setup.dsv
[21.457s] -- Installing: /home/ineogi2/ws/Biorobotics/micro_ros/install/diagnostic_msgs/share/diagnostic_msgs/package.dsv
[21.458s] -- Installing: /home/ineogi2/ws/Biorobotics/micro_ros/install/diagnostic_msgs/share/ament_index/resource_index/packages/diagnostic_msgs
[21.458s] -- Installing: /home/ineogi2/ws/Biorobotics/micro_ros/install/diagnostic_msgs/share/diagnostic_msgs/cmake/diagnostic_msgs__rosidl_generator_cExport.cmake
[21.458s] -- Installing: /home/ineogi2/ws/Biorobotics/micro_ros/install/diagnostic_msgs/share/diagnostic_msgs/cmake/diagnostic_msgs__rosidl_generator_cExport-noconfig.cmake
[21.458s] -- Installing: /home/ineogi2/ws/Biorobotics/micro_ros/install/diagnostic_msgs/share/diagnostic_msgs/cmake/diagnostic_msgs__rosidl_typesupport_introspection_cExport.cmake
[21.458s] -- Installing: /home/ineogi2/ws/Biorobotics/micro_ros/install/diagnostic_msgs/share/diagnostic_msgs/cmake/diagnostic_msgs__rosidl_typesupport_introspection_cExport-noconfig.cmake
[21.458s] -- Installing: /home/ineogi2/ws/Biorobotics/micro_ros/install/diagnostic_msgs/share/diagnostic_msgs/cmake/diagnostic_msgs__rosidl_typesupport_cExport.cmake
[21.458s] -- Installing: /home/ineogi2/ws/Biorobotics/micro_ros/install/diagnostic_msgs/share/diagnostic_msgs/cmake/diagnostic_msgs__rosidl_typesupport_cExport-noconfig.cmake
[21.458s] -- Installing: /home/ineogi2/ws/Biorobotics/micro_ros/install/diagnostic_msgs/share/diagnostic_msgs/cmake/diagnostic_msgs__rosidl_generator_cppExport.cmake
[21.458s] -- Installing: /home/ineogi2/ws/Biorobotics/micro_ros/install/diagnostic_msgs/share/diagnostic_msgs/cmake/diagnostic_msgs__rosidl_typesupport_introspection_cppExport.cmake
[21.459s] -- Installing: /home/ineogi2/ws/Biorobotics/micro_ros/install/diagnostic_msgs/share/diagnostic_msgs/cmake/diagnostic_msgs__rosidl_typesupport_introspection_cppExport-noconfig.cmake
[21.459s] -- Installing: /home/ineogi2/ws/Biorobotics/micro_ros/install/diagnostic_msgs/share/diagnostic_msgs/cmake/diagnostic_msgs__rosidl_typesupport_cppExport.cmake
[21.459s] -- Installing: /home/ineogi2/ws/Biorobotics/micro_ros/install/diagnostic_msgs/share/diagnostic_msgs/cmake/diagnostic_msgs__rosidl_typesupport_cppExport-noconfig.cmake
[21.459s] -- Installing: /home/ineogi2/ws/Biorobotics/micro_ros/install/diagnostic_msgs/share/diagnostic_msgs/cmake/rosidl_cmake-extras.cmake
[21.459s] -- Installing: /home/ineogi2/ws/Biorobotics/micro_ros/install/diagnostic_msgs/share/diagnostic_msgs/cmake/ament_cmake_export_dependencies-extras.cmake
[21.459s] -- Installing: /home/ineogi2/ws/Biorobotics/micro_ros/install/diagnostic_msgs/share/diagnostic_msgs/cmake/ament_cmake_export_libraries-extras.cmake
[21.459s] -- Installing: /home/ineogi2/ws/Biorobotics/micro_ros/install/diagnostic_msgs/share/diagnostic_msgs/cmake/ament_cmake_export_targets-extras.cmake
[21.459s] -- Installing: /home/ineogi2/ws/Biorobotics/micro_ros/install/diagnostic_msgs/share/diagnostic_msgs/cmake/ament_cmake_export_include_directories-extras.cmake
[21.459s] -- Installing: /home/ineogi2/ws/Biorobotics/micro_ros/install/diagnostic_msgs/share/diagnostic_msgs/cmake/rosidl_cmake_export_typesupport_libraries-extras.cmake
[21.460s] -- Installing: /home/ineogi2/ws/Biorobotics/micro_ros/install/diagnostic_msgs/share/diagnostic_msgs/cmake/rosidl_cmake_export_typesupport_targets-extras.cmake
[21.460s] -- Installing: /home/ineogi2/ws/Biorobotics/micro_ros/install/diagnostic_msgs/share/diagnostic_msgs/cmake/diagnostic_msgsConfig.cmake
[21.460s] -- Installing: /home/ineogi2/ws/Biorobotics/micro_ros/install/diagnostic_msgs/share/diagnostic_msgs/cmake/diagnostic_msgsConfig-version.cmake
[21.460s] -- Installing: /home/ineogi2/ws/Biorobotics/micro_ros/install/diagnostic_msgs/share/diagnostic_msgs/package.xml
[21.462s] Invoked command in '/home/ineogi2/ws/Biorobotics/micro_ros/build/diagnostic_msgs' returned '0': AMENT_PREFIX_PATH=/home/ineogi2/ws/Biorobotics/micro_ros/install/geometry_msgs:/home/ineogi2/ws/Biorobotics/micro_ros/install/std_msgs:/home/ineogi2/ws/Biorobotics/micro_ros/install/builtin_interfaces:${AMENT_PREFIX_PATH} CMAKE_PREFIX_PATH=/home/ineogi2/ws/Biorobotics/micro_ros/install/geometry_msgs:/home/ineogi2/ws/Biorobotics/micro_ros/install/std_msgs:/home/ineogi2/ws/Biorobotics/micro_ros/install/builtin_interfaces:/home/ineogi2/ws/Biorobotics/micro_ros/install/rosidl_typesupport_microxrcedds_cpp:/home/ineogi2/ws/Biorobotics/micro_ros/install/rosidl_typesupport_microxrcedds_c:/home/ineogi2/ws/Biorobotics/micro_ros/install/microcdr:/home/ineogi2/ws/Biorobotics/micro_ros/install/micro_ros_setup:/home/ineogi2/ws/Biorobotics/ros2_ws/install/realsense2_description:/home/ineogi2/ws/Biorobotics/ros2_ws/install/realsense2_camera:/home/ineogi2/ws/Biorobotics/ros2_ws/install/realsense2_camera_msgs:/home/ineogi2/ws/Biorobotics/ros2_ws/install/ros_image:/opt/ros/foxy LD_LIBRARY_PATH=/home/ineogi2/ws/Biorobotics/micro_ros/install/geometry_msgs/lib:/home/ineogi2/ws/Biorobotics/micro_ros/install/std_msgs/lib:/home/ineogi2/ws/Biorobotics/micro_ros/install/builtin_interfaces/lib:${LD_LIBRARY_PATH} PYTHONPATH=/home/ineogi2/ws/Biorobotics/micro_ros/install/geometry_msgs/lib/python3.8/site-packages:/home/ineogi2/ws/Biorobotics/micro_ros/install/std_msgs/lib/python3.8/site-packages:/home/ineogi2/ws/Biorobotics/micro_ros/install/builtin_interfaces/lib/python3.8/site-packages:${PYTHONPATH} /usr/bin/cmake --install /home/ineogi2/ws/Biorobotics/micro_ros/build/diagnostic_msgs
