[0.101s] DEBUG:colcon:Command line arguments: ['/usr/bin/colcon', 'build', '--base-paths', 'src/ros2_intel_realsense']
[0.102s] DEBUG:colcon:Parsed command line arguments: Namespace(allow_overriding=[], ament_cmake_args=None, base_paths=['src/ros2_intel_realsense'], build_base='build', catkin_cmake_args=None, catkin_skip_building_tests=False, cmake_args=None, cmake_clean_cache=False, cmake_clean_first=False, cmake_force_configure=False, cmake_target=None, cmake_target_skip_unavailable=False, continue_on_error=False, event_handlers=None, executor='parallel', ignore_user_meta=False, install_base='install', log_base=None, log_level=None, main=<bound method BuildVerb.main of <colcon_core.verb.build.BuildVerb object at 0x7f0e3afb02b0>>, merge_install=False, metas=['./colcon.meta'], packages_above=None, packages_above_and_dependencies=None, packages_above_depth=None, packages_end=None, packages_ignore=None, packages_ignore_regex=None, packages_select=None, packages_select_build_failed=False, packages_select_by_dep=None, packages_select_regex=None, packages_select_test_failures=False, packages_skip=None, packages_skip_build_finished=False, packages_skip_by_dep=None, packages_skip_regex=None, packages_skip_test_passed=False, packages_skip_up_to=None, packages_start=None, packages_up_to=None, packages_up_to_regex=None, parallel_workers=12, paths=None, symlink_install=False, test_result_base=None, verb_extension=<colcon_core.verb.build.BuildVerb object at 0x7f0e3afb02b0>, verb_name='build', verb_parser=<colcon_defaults.argument_parser.defaults.DefaultArgumentsDecorator object at 0x7f0e3afb07f0>)
[0.119s] Level 1:colcon.colcon_core.package_discovery:discover_packages(colcon_meta) check parameters
[0.119s] Level 1:colcon.colcon_core.package_discovery:discover_packages(recursive) check parameters
[0.119s] Level 1:colcon.colcon_core.package_discovery:discover_packages(ignore) check parameters
[0.119s] Level 1:colcon.colcon_core.package_discovery:discover_packages(path) check parameters
[0.119s] Level 1:colcon.colcon_core.package_discovery:discover_packages(recursive) discover
[0.119s] INFO:colcon.colcon_core.package_discovery:Crawling recursively for packages in '/home/ineogi2/ros2_ws/src/ros2_intel_realsense'
[0.119s] Level 1:colcon.colcon_core.package_discovery:discover_packages(recursive) using defaults
[0.132s] Level 1:colcon.colcon_core.package_discovery:discover_packages(prefix_path) check parameters
[0.132s] Level 1:colcon.colcon_core.package_discovery:discover_packages(prefix_path) discover
[0.134s] DEBUG:colcon.colcon_installed_package_information.package_discovery:Found 3 installed packages in /home/ineogi2/microros_ws/install
[0.135s] DEBUG:colcon.colcon_installed_package_information.package_discovery:Found 5 installed packages in /home/ineogi2/ros2_ws/install
[0.136s] DEBUG:colcon.colcon_installed_package_information.package_discovery:Found 261 installed packages in /opt/ros/foxy
[0.137s] Level 1:colcon.colcon_core.package_discovery:discover_packages(prefix_path) using defaults
[0.194s] INFO:colcon.colcon_core.executor:Executing jobs using 'parallel' executor
[0.196s] DEBUG:colcon.colcon_parallel_executor.executor.parallel:run_until_complete
[0.196s] DEBUG:colcon.colcon_parallel_executor.executor.parallel:closing loop
[0.196s] DEBUG:colcon.colcon_parallel_executor.executor.parallel:loop closed
[0.196s] DEBUG:colcon.colcon_parallel_executor.executor.parallel:run_until_complete finished with '0'
[0.196s] DEBUG:colcon.colcon_core.event_reactor:joining thread
[0.199s] INFO:colcon.colcon_core.plugin_system:Skipping extension 'colcon_notification.desktop_notification.terminal_notifier': Not used on non-Darwin systems
[0.200s] INFO:colcon.colcon_core.plugin_system:Skipping extension 'colcon_notification.desktop_notification.win32': Not used on non-Windows systems
[0.200s] INFO:colcon.colcon_notification.desktop_notification:Sending desktop notification using 'notify2'
[0.210s] DEBUG:colcon.colcon_core.event_reactor:joined thread
[0.213s] INFO:colcon.colcon_core.plugin_system:Skipping extension 'colcon_core.shell.bat': Not used on non-Windows systems
[0.213s] INFO:colcon.colcon_core.shell:Creating prefix script '/home/ineogi2/ros2_ws/install/local_setup.ps1'
[0.213s] INFO:colcon.colcon_core.shell:Creating prefix util module '/home/ineogi2/ros2_ws/install/_local_setup_util_ps1.py'
[0.214s] INFO:colcon.colcon_core.shell:Creating prefix chain script '/home/ineogi2/ros2_ws/install/setup.ps1'
[0.215s] INFO:colcon.colcon_core.shell:Creating prefix script '/home/ineogi2/ros2_ws/install/local_setup.sh'
[0.215s] INFO:colcon.colcon_core.shell:Creating prefix util module '/home/ineogi2/ros2_ws/install/_local_setup_util_sh.py'
[0.216s] INFO:colcon.colcon_core.shell:Creating prefix chain script '/home/ineogi2/ros2_ws/install/setup.sh'
[0.217s] INFO:colcon.colcon_core.shell:Creating prefix script '/home/ineogi2/ros2_ws/install/local_setup.bash'
[0.218s] INFO:colcon.colcon_core.shell:Creating prefix chain script '/home/ineogi2/ros2_ws/install/setup.bash'
[0.219s] INFO:colcon.colcon_core.shell:Creating prefix script '/home/ineogi2/ros2_ws/install/local_setup.zsh'
[0.219s] INFO:colcon.colcon_core.shell:Creating prefix chain script '/home/ineogi2/ros2_ws/install/setup.zsh'
