[0.009s] Invoking command in '/home/ineogi2/ws/Biorobotics/micro_ros/build/microcdr': /usr/bin/cmake /home/ineogi2/ws/Biorobotics/micro_ros/src/eProsima/Micro-CDR -DBUILD_TESTING=OFF -DBUILD_SHARED_LIBS=ON -DUCDR_ISOLATED_INSTALL=OFF -DBUILD_SHARED_LIBS=ON -DCMAKE_INSTALL_PREFIX=/home/ineogi2/ws/Biorobotics/micro_ros/install/microcdr
[0.015s] -- Setting build type to 'Release' as none was specified.
[0.060s] -- The C compiler identification is GNU 9.4.0
[0.064s] -- Check for working C compiler: /usr/bin/cc
[0.110s] -- Check for working C compiler: /usr/bin/cc -- works
[0.111s] -- Detecting C compiler ABI info
[0.155s] -- Detecting C compiler ABI info - done
[0.164s] -- Detecting C compile features
[0.164s] -- Detecting C compile features - done
[0.199s] -- The CXX compiler identification is GNU 9.4.0
[0.202s] -- Check for working CXX compiler: /usr/bin/c++
[0.259s] -- Check for working CXX compiler: /usr/bin/c++ -- works
[0.260s] -- Detecting CXX compiler ABI info
[0.323s] -- Detecting CXX compiler ABI info - done
[0.336s] -- Detecting CXX compile features
[0.336s] -- Detecting CXX compile features - done
[0.345s] -- Configuring done
[0.346s] -- Generating done
[0.346s] CMake Warning:
[0.347s]   Manually-specified variables were not used by the project:
[0.347s] 
[0.347s]     BUILD_TESTING
[0.347s] 
[0.347s] 
[0.347s] -- Build files have been written to: /home/ineogi2/ws/Biorobotics/micro_ros/build/microcdr
[0.350s] Invoked command in '/home/ineogi2/ws/Biorobotics/micro_ros/build/microcdr' returned '0': /usr/bin/cmake /home/ineogi2/ws/Biorobotics/micro_ros/src/eProsima/Micro-CDR -DBUILD_TESTING=OFF -DBUILD_SHARED_LIBS=ON -DUCDR_ISOLATED_INSTALL=OFF -DBUILD_SHARED_LIBS=ON -DCMAKE_INSTALL_PREFIX=/home/ineogi2/ws/Biorobotics/micro_ros/install/microcdr
[0.351s] Invoking command in '/home/ineogi2/ws/Biorobotics/micro_ros/build/microcdr': /usr/bin/cmake --build /home/ineogi2/ws/Biorobotics/micro_ros/build/microcdr -- -j12 -l12
[0.376s] [35m[1mScanning dependencies of target ucdr[0m
[0.383s] [ 12%] [34m[1mCreating directories for 'ucdr'[0m
[0.430s] [ 25%] [34m[1mNo download step for 'ucdr'[0m
[0.447s] [ 50%] [34m[1mNo update step for 'ucdr'[0m
[0.447s] [ 50%] [34m[1mNo patch step for 'ucdr'[0m
[0.463s] [ 62%] [34m[1mPerforming configure step for 'ucdr'[0m
[0.469s] loading initial cache file /home/ineogi2/ws/Biorobotics/micro_ros/build/microcdr/ucdr-prefix/tmp/ucdr-cache-Release.cmake
[0.477s] -- Configuring done
[0.480s] -- Generating done
[0.480s] -- Build files have been written to: /home/ineogi2/ws/Biorobotics/micro_ros/build/microcdr
[0.492s] [ 75%] [34m[1mPerforming build step for 'ucdr'[0m
[0.511s] [35m[1mScanning dependencies of target microcdr[0m
[0.519s] [ 83%] [32mBuilding C object CMakeFiles/microcdr.dir/src/c/types/sequence.c.o[0m
[0.519s] [ 83%] [32mBuilding C object CMakeFiles/microcdr.dir/src/c/common.c.o[0m
[0.519s] [ 83%] [32mBuilding C object CMakeFiles/microcdr.dir/src/c/types/basic.c.o[0m
[0.520s] [ 83%] [32mBuilding C object CMakeFiles/microcdr.dir/src/c/types/string.c.o[0m
[0.520s] [ 83%] [32mBuilding C object CMakeFiles/microcdr.dir/src/c/types/array.c.o[0m
[0.902s] [100%] [32m[1mLinking C shared library libmicrocdr.so[0m
[0.937s] [100%] Built target microcdr
[0.953s] [34m[1mNo install step for 'ucdr'[0m
[0.969s] [34m[1mCompleted 'ucdr'[0m
[0.990s] Built target ucdr
[0.997s] Invoked command in '/home/ineogi2/ws/Biorobotics/micro_ros/build/microcdr' returned '0': /usr/bin/cmake --build /home/ineogi2/ws/Biorobotics/micro_ros/build/microcdr -- -j12 -l12
[1.023s] Invoking command in '/home/ineogi2/ws/Biorobotics/micro_ros/build/microcdr': /usr/bin/cmake --install /home/ineogi2/ws/Biorobotics/micro_ros/build/microcdr
[1.029s] -- Install configuration: "Release"
[1.029s] -- Installing: /home/ineogi2/ws/Biorobotics/micro_ros/install/microcdr/lib/libmicrocdr.so.2.0.0
[1.029s] -- Installing: /home/ineogi2/ws/Biorobotics/micro_ros/install/microcdr/lib/libmicrocdr.so.2.0
[1.030s] -- Installing: /home/ineogi2/ws/Biorobotics/micro_ros/install/microcdr/lib/libmicrocdr.so
[1.030s] -- Installing: /home/ineogi2/ws/Biorobotics/micro_ros/install/microcdr/include/ucdr
[1.030s] -- Installing: /home/ineogi2/ws/Biorobotics/micro_ros/install/microcdr/include/ucdr/visibility.h
[1.030s] -- Installing: /home/ineogi2/ws/Biorobotics/micro_ros/install/microcdr/include/ucdr/microcdr.h
[1.030s] -- Installing: /home/ineogi2/ws/Biorobotics/micro_ros/install/microcdr/include/ucdr/config.h
[1.030s] -- Installing: /home/ineogi2/ws/Biorobotics/micro_ros/install/microcdr/share/microcdr/cmake/microcdrTargets.cmake
[1.030s] -- Installing: /home/ineogi2/ws/Biorobotics/micro_ros/install/microcdr/share/microcdr/cmake/microcdrTargets-release.cmake
[1.030s] -- Installing: /home/ineogi2/ws/Biorobotics/micro_ros/install/microcdr/share/microcdr/cmake/microcdrConfig.cmake
[1.030s] -- Installing: /home/ineogi2/ws/Biorobotics/micro_ros/install/microcdr/share/microcdr/cmake/microcdrConfigVersion.cmake
[1.032s] Invoked command in '/home/ineogi2/ws/Biorobotics/micro_ros/build/microcdr' returned '0': /usr/bin/cmake --install /home/ineogi2/ws/Biorobotics/micro_ros/build/microcdr
