[0.487s] Invoking command in '/home/ineogi2/ws/Biorobotics/micro_ros/src/ros2/common_interfaces/sensor_msgs_py': AMENT_PREFIX_PATH=/home/ineogi2/ws/Biorobotics/micro_ros/install/sensor_msgs:/home/ineogi2/ws/Biorobotics/micro_ros/install/geometry_msgs:/home/ineogi2/ws/Biorobotics/micro_ros/install/std_msgs:/home/ineogi2/ws/Biorobotics/micro_ros/install/builtin_interfaces:${AMENT_PREFIX_PATH} CMAKE_PREFIX_PATH=/home/ineogi2/ws/Biorobotics/micro_ros/install/sensor_msgs:/home/ineogi2/ws/Biorobotics/micro_ros/install/geometry_msgs:/home/ineogi2/ws/Biorobotics/micro_ros/install/std_msgs:/home/ineogi2/ws/Biorobotics/micro_ros/install/builtin_interfaces:${CMAKE_PREFIX_PATH} LD_LIBRARY_PATH=/home/ineogi2/ws/Biorobotics/micro_ros/install/sensor_msgs/lib:/home/ineogi2/ws/Biorobotics/micro_ros/install/geometry_msgs/lib:/home/ineogi2/ws/Biorobotics/micro_ros/install/std_msgs/lib:/home/ineogi2/ws/Biorobotics/micro_ros/install/builtin_interfaces/lib:${LD_LIBRARY_PATH} PYTHONPATH=/home/ineogi2/ws/Biorobotics/micro_ros/install/sensor_msgs_py/lib/python3.8/site-packages:/home/ineogi2/ws/Biorobotics/micro_ros/install/sensor_msgs/lib/python3.8/site-packages:/home/ineogi2/ws/Biorobotics/micro_ros/install/geometry_msgs/lib/python3.8/site-packages:/home/ineogi2/ws/Biorobotics/micro_ros/install/std_msgs/lib/python3.8/site-packages:/home/ineogi2/ws/Biorobotics/micro_ros/install/builtin_interfaces/lib/python3.8/site-packages:${PYTHONPATH} /usr/bin/python3 setup.py egg_info --egg-base ../../../../build/sensor_msgs_py build --build-base /home/ineogi2/ws/Biorobotics/micro_ros/build/sensor_msgs_py/build install --prefix /home/ineogi2/ws/Biorobotics/micro_ros/install/sensor_msgs_py --record /home/ineogi2/ws/Biorobotics/micro_ros/build/sensor_msgs_py/install.log --single-version-externally-managed
[0.645s] running egg_info
[0.645s] creating ../../../../build/sensor_msgs_py/sensor_msgs_py.egg-info
[0.645s] writing ../../../../build/sensor_msgs_py/sensor_msgs_py.egg-info/PKG-INFO
[0.646s] writing dependency_links to ../../../../build/sensor_msgs_py/sensor_msgs_py.egg-info/dependency_links.txt
[0.646s] writing requirements to ../../../../build/sensor_msgs_py/sensor_msgs_py.egg-info/requires.txt
[0.646s] writing top-level names to ../../../../build/sensor_msgs_py/sensor_msgs_py.egg-info/top_level.txt
[0.647s] writing manifest file '../../../../build/sensor_msgs_py/sensor_msgs_py.egg-info/SOURCES.txt'
[0.671s] reading manifest file '../../../../build/sensor_msgs_py/sensor_msgs_py.egg-info/SOURCES.txt'
[0.672s] writing manifest file '../../../../build/sensor_msgs_py/sensor_msgs_py.egg-info/SOURCES.txt'
[0.672s] running build
[0.672s] running build_py
[0.672s] creating /home/ineogi2/ws/Biorobotics/micro_ros/build/sensor_msgs_py/build
[0.672s] creating /home/ineogi2/ws/Biorobotics/micro_ros/build/sensor_msgs_py/build/lib
[0.673s] creating /home/ineogi2/ws/Biorobotics/micro_ros/build/sensor_msgs_py/build/lib/sensor_msgs_py
[0.673s] copying sensor_msgs_py/__init__.py -> /home/ineogi2/ws/Biorobotics/micro_ros/build/sensor_msgs_py/build/lib/sensor_msgs_py
[0.673s] copying sensor_msgs_py/point_cloud2.py -> /home/ineogi2/ws/Biorobotics/micro_ros/build/sensor_msgs_py/build/lib/sensor_msgs_py
[0.673s] running install
[0.673s] running install_lib
[0.674s] creating /home/ineogi2/ws/Biorobotics/micro_ros/install/sensor_msgs_py/lib/python3.8/site-packages/sensor_msgs_py
[0.674s] copying /home/ineogi2/ws/Biorobotics/micro_ros/build/sensor_msgs_py/build/lib/sensor_msgs_py/__init__.py -> /home/ineogi2/ws/Biorobotics/micro_ros/install/sensor_msgs_py/lib/python3.8/site-packages/sensor_msgs_py
[0.674s] copying /home/ineogi2/ws/Biorobotics/micro_ros/build/sensor_msgs_py/build/lib/sensor_msgs_py/point_cloud2.py -> /home/ineogi2/ws/Biorobotics/micro_ros/install/sensor_msgs_py/lib/python3.8/site-packages/sensor_msgs_py
[0.674s] byte-compiling /home/ineogi2/ws/Biorobotics/micro_ros/install/sensor_msgs_py/lib/python3.8/site-packages/sensor_msgs_py/__init__.py to __init__.cpython-38.pyc
[0.675s] byte-compiling /home/ineogi2/ws/Biorobotics/micro_ros/install/sensor_msgs_py/lib/python3.8/site-packages/sensor_msgs_py/point_cloud2.py to point_cloud2.cpython-38.pyc
[0.676s] running install_data
[0.677s] creating /home/ineogi2/ws/Biorobotics/micro_ros/install/sensor_msgs_py/share/ament_index
[0.677s] creating /home/ineogi2/ws/Biorobotics/micro_ros/install/sensor_msgs_py/share/ament_index/resource_index
[0.677s] creating /home/ineogi2/ws/Biorobotics/micro_ros/install/sensor_msgs_py/share/ament_index/resource_index/packages
[0.677s] copying resource/sensor_msgs_py -> /home/ineogi2/ws/Biorobotics/micro_ros/install/sensor_msgs_py/share/ament_index/resource_index/packages
[0.677s] copying package.xml -> /home/ineogi2/ws/Biorobotics/micro_ros/install/sensor_msgs_py/share/sensor_msgs_py
[0.677s] running install_egg_info
[0.678s] Copying ../../../../build/sensor_msgs_py/sensor_msgs_py.egg-info to /home/ineogi2/ws/Biorobotics/micro_ros/install/sensor_msgs_py/lib/python3.8/site-packages/sensor_msgs_py-2.0.5-py3.8.egg-info
[0.679s] running install_scripts
[0.691s] writing list of installed files to '/home/ineogi2/ws/Biorobotics/micro_ros/build/sensor_msgs_py/install.log'
[0.707s] Invoked command in '/home/ineogi2/ws/Biorobotics/micro_ros/src/ros2/common_interfaces/sensor_msgs_py' returned '0': AMENT_PREFIX_PATH=/home/ineogi2/ws/Biorobotics/micro_ros/install/sensor_msgs:/home/ineogi2/ws/Biorobotics/micro_ros/install/geometry_msgs:/home/ineogi2/ws/Biorobotics/micro_ros/install/std_msgs:/home/ineogi2/ws/Biorobotics/micro_ros/install/builtin_interfaces:${AMENT_PREFIX_PATH} CMAKE_PREFIX_PATH=/home/ineogi2/ws/Biorobotics/micro_ros/install/sensor_msgs:/home/ineogi2/ws/Biorobotics/micro_ros/install/geometry_msgs:/home/ineogi2/ws/Biorobotics/micro_ros/install/std_msgs:/home/ineogi2/ws/Biorobotics/micro_ros/install/builtin_interfaces:${CMAKE_PREFIX_PATH} LD_LIBRARY_PATH=/home/ineogi2/ws/Biorobotics/micro_ros/install/sensor_msgs/lib:/home/ineogi2/ws/Biorobotics/micro_ros/install/geometry_msgs/lib:/home/ineogi2/ws/Biorobotics/micro_ros/install/std_msgs/lib:/home/ineogi2/ws/Biorobotics/micro_ros/install/builtin_interfaces/lib:${LD_LIBRARY_PATH} PYTHONPATH=/home/ineogi2/ws/Biorobotics/micro_ros/install/sensor_msgs_py/lib/python3.8/site-packages:/home/ineogi2/ws/Biorobotics/micro_ros/install/sensor_msgs/lib/python3.8/site-packages:/home/ineogi2/ws/Biorobotics/micro_ros/install/geometry_msgs/lib/python3.8/site-packages:/home/ineogi2/ws/Biorobotics/micro_ros/install/std_msgs/lib/python3.8/site-packages:/home/ineogi2/ws/Biorobotics/micro_ros/install/builtin_interfaces/lib/python3.8/site-packages:${PYTHONPATH} /usr/bin/python3 setup.py egg_info --egg-base ../../../../build/sensor_msgs_py build --build-base /home/ineogi2/ws/Biorobotics/micro_ros/build/sensor_msgs_py/build install --prefix /home/ineogi2/ws/Biorobotics/micro_ros/install/sensor_msgs_py --record /home/ineogi2/ws/Biorobotics/micro_ros/build/sensor_msgs_py/install.log --single-version-externally-managed
