[0.086s] DEBUG:colcon:Command line arguments: ['/usr/bin/colcon', 'build', '--symlink-install']
[0.086s] DEBUG:colcon:Parsed command line arguments: Namespace(allow_overriding=[], ament_cmake_args=None, base_paths=['.'], build_base='build', catkin_cmake_args=None, catkin_skip_building_tests=False, cmake_args=None, cmake_clean_cache=False, cmake_clean_first=False, cmake_force_configure=False, cmake_target=None, cmake_target_skip_unavailable=False, continue_on_error=False, event_handlers=None, executor='parallel', ignore_user_meta=False, install_base='install', log_base=None, log_level=None, main=<bound method BuildVerb.main of <colcon_core.verb.build.BuildVerb object at 0x7f7e2e3d4d60>>, merge_install=False, metas=['./colcon.meta'], packages_above=None, packages_above_and_dependencies=None, packages_above_depth=None, packages_end=None, packages_ignore=None, packages_ignore_regex=None, packages_select=None, packages_select_build_failed=False, packages_select_by_dep=None, packages_select_regex=None, packages_select_test_failures=False, packages_skip=None, packages_skip_build_finished=False, packages_skip_by_dep=None, packages_skip_regex=None, packages_skip_test_passed=False, packages_skip_up_to=None, packages_start=None, packages_up_to=None, packages_up_to_regex=None, parallel_workers=12, paths=None, symlink_install=True, test_result_base=None, verb_extension=<colcon_core.verb.build.BuildVerb object at 0x7f7e2e3d4d60>, verb_name='build', verb_parser=<colcon_defaults.argument_parser.defaults.DefaultArgumentsDecorator object at 0x7f7e2e360310>)
[0.101s] Level 1:colcon.colcon_core.package_discovery:discover_packages(colcon_meta) check parameters
[0.101s] Level 1:colcon.colcon_core.package_discovery:discover_packages(recursive) check parameters
[0.101s] Level 1:colcon.colcon_core.package_discovery:discover_packages(ignore) check parameters
[0.101s] Level 1:colcon.colcon_core.package_discovery:discover_packages(path) check parameters
[0.101s] Level 1:colcon.colcon_core.package_discovery:discover_packages(colcon_meta) discover
[0.101s] Level 1:colcon.colcon_core.package_discovery:discover_packages(recursive) discover
[0.101s] INFO:colcon.colcon_core.package_discovery:Crawling recursively for packages in '/home/ineogi2/ws/Biorobotics/ros2_ws'
[0.101s] Level 1:colcon.colcon_core.package_identification:_identify(.) by extensions ['ignore', 'ignore_ament_install']
[0.101s] Level 1:colcon.colcon_core.package_identification:_identify(.) by extension 'ignore'
[0.101s] Level 1:colcon.colcon_core.package_identification:_identify(.) by extension 'ignore_ament_install'
[0.101s] Level 1:colcon.colcon_core.package_identification:_identify(.) by extensions ['colcon_pkg']
[0.101s] Level 1:colcon.colcon_core.package_identification:_identify(.) by extension 'colcon_pkg'
[0.101s] Level 1:colcon.colcon_core.package_identification:_identify(.) by extensions ['colcon_meta']
[0.101s] Level 1:colcon.colcon_core.package_identification:_identify(.) by extension 'colcon_meta'
[0.101s] Level 1:colcon.colcon_core.package_identification:_identify(.) by extensions ['ros']
[0.101s] Level 1:colcon.colcon_core.package_identification:_identify(.) by extension 'ros'
[0.108s] Level 1:colcon.colcon_core.package_identification:_identify(.) by extensions ['cmake', 'python']
[0.108s] Level 1:colcon.colcon_core.package_identification:_identify(.) by extension 'cmake'
[0.108s] Level 1:colcon.colcon_core.package_identification:_identify(.) by extension 'python'
[0.108s] Level 1:colcon.colcon_core.package_identification:_identify(.) by extensions ['python_setup_py']
[0.108s] Level 1:colcon.colcon_core.package_identification:_identify(.) by extension 'python_setup_py'
[0.108s] Level 1:colcon.colcon_core.package_identification:_identify(build) by extensions ['ignore', 'ignore_ament_install']
[0.108s] Level 1:colcon.colcon_core.package_identification:_identify(build) by extension 'ignore'
[0.108s] Level 1:colcon.colcon_core.package_identification:_identify(build) ignored
[0.108s] Level 1:colcon.colcon_core.package_identification:_identify(install) by extensions ['ignore', 'ignore_ament_install']
[0.109s] Level 1:colcon.colcon_core.package_identification:_identify(install) by extension 'ignore'
[0.109s] Level 1:colcon.colcon_core.package_identification:_identify(install) ignored
[0.109s] Level 1:colcon.colcon_core.package_identification:_identify(log) by extensions ['ignore', 'ignore_ament_install']
[0.109s] Level 1:colcon.colcon_core.package_identification:_identify(log) by extension 'ignore'
[0.109s] Level 1:colcon.colcon_core.package_identification:_identify(log) ignored
[0.109s] Level 1:colcon.colcon_core.package_identification:_identify(src) by extensions ['ignore', 'ignore_ament_install']
[0.109s] Level 1:colcon.colcon_core.package_identification:_identify(src) by extension 'ignore'
[0.109s] Level 1:colcon.colcon_core.package_identification:_identify(src) by extension 'ignore_ament_install'
[0.109s] Level 1:colcon.colcon_core.package_identification:_identify(src) by extensions ['colcon_pkg']
[0.109s] Level 1:colcon.colcon_core.package_identification:_identify(src) by extension 'colcon_pkg'
[0.109s] Level 1:colcon.colcon_core.package_identification:_identify(src) by extensions ['colcon_meta']
[0.109s] Level 1:colcon.colcon_core.package_identification:_identify(src) by extension 'colcon_meta'
[0.109s] Level 1:colcon.colcon_core.package_identification:_identify(src) by extensions ['ros']
[0.109s] Level 1:colcon.colcon_core.package_identification:_identify(src) by extension 'ros'
[0.109s] Level 1:colcon.colcon_core.package_identification:_identify(src) by extensions ['cmake', 'python']
[0.109s] Level 1:colcon.colcon_core.package_identification:_identify(src) by extension 'cmake'
[0.109s] Level 1:colcon.colcon_core.package_identification:_identify(src) by extension 'python'
[0.109s] Level 1:colcon.colcon_core.package_identification:_identify(src) by extensions ['python_setup_py']
[0.109s] Level 1:colcon.colcon_core.package_identification:_identify(src) by extension 'python_setup_py'
[0.109s] Level 1:colcon.colcon_core.package_identification:_identify(src/realsense-ros) by extensions ['ignore', 'ignore_ament_install']
[0.109s] Level 1:colcon.colcon_core.package_identification:_identify(src/realsense-ros) by extension 'ignore'
[0.109s] Level 1:colcon.colcon_core.package_identification:_identify(src/realsense-ros) by extension 'ignore_ament_install'
[0.109s] Level 1:colcon.colcon_core.package_identification:_identify(src/realsense-ros) by extensions ['colcon_pkg']
[0.109s] Level 1:colcon.colcon_core.package_identification:_identify(src/realsense-ros) by extension 'colcon_pkg'
[0.109s] Level 1:colcon.colcon_core.package_identification:_identify(src/realsense-ros) by extensions ['colcon_meta']
[0.109s] Level 1:colcon.colcon_core.package_identification:_identify(src/realsense-ros) by extension 'colcon_meta'
[0.110s] Level 1:colcon.colcon_core.package_identification:_identify(src/realsense-ros) by extensions ['ros']
[0.110s] Level 1:colcon.colcon_core.package_identification:_identify(src/realsense-ros) by extension 'ros'
[0.110s] Level 1:colcon.colcon_core.package_identification:_identify(src/realsense-ros) by extensions ['cmake', 'python']
[0.110s] Level 1:colcon.colcon_core.package_identification:_identify(src/realsense-ros) by extension 'cmake'
[0.110s] Level 1:colcon.colcon_core.package_identification:_identify(src/realsense-ros) by extension 'python'
[0.110s] Level 1:colcon.colcon_core.package_identification:_identify(src/realsense-ros) by extensions ['python_setup_py']
[0.110s] Level 1:colcon.colcon_core.package_identification:_identify(src/realsense-ros) by extension 'python_setup_py'
[0.110s] Level 1:colcon.colcon_core.package_identification:_identify(src/realsense-ros/realsense2_camera) by extensions ['ignore', 'ignore_ament_install']
[0.110s] Level 1:colcon.colcon_core.package_identification:_identify(src/realsense-ros/realsense2_camera) by extension 'ignore'
[0.110s] Level 1:colcon.colcon_core.package_identification:_identify(src/realsense-ros/realsense2_camera) by extension 'ignore_ament_install'
[0.110s] Level 1:colcon.colcon_core.package_identification:_identify(src/realsense-ros/realsense2_camera) by extensions ['colcon_pkg']
[0.110s] Level 1:colcon.colcon_core.package_identification:_identify(src/realsense-ros/realsense2_camera) by extension 'colcon_pkg'
[0.110s] Level 1:colcon.colcon_core.package_identification:_identify(src/realsense-ros/realsense2_camera) by extensions ['colcon_meta']
[0.110s] Level 1:colcon.colcon_core.package_identification:_identify(src/realsense-ros/realsense2_camera) by extension 'colcon_meta'
[0.110s] Level 1:colcon.colcon_core.package_identification:_identify(src/realsense-ros/realsense2_camera) by extensions ['ros']
[0.110s] Level 1:colcon.colcon_core.package_identification:_identify(src/realsense-ros/realsense2_camera) by extension 'ros'
[0.113s] DEBUG:colcon.colcon_core.package_identification:Package 'src/realsense-ros/realsense2_camera' with type 'ros.ament_cmake' and name 'realsense2_camera'
[0.113s] Level 1:colcon.colcon_core.package_identification:_identify(src/realsense-ros/realsense2_camera_msgs) by extensions ['ignore', 'ignore_ament_install']
[0.113s] Level 1:colcon.colcon_core.package_identification:_identify(src/realsense-ros/realsense2_camera_msgs) by extension 'ignore'
[0.113s] Level 1:colcon.colcon_core.package_identification:_identify(src/realsense-ros/realsense2_camera_msgs) by extension 'ignore_ament_install'
[0.113s] Level 1:colcon.colcon_core.package_identification:_identify(src/realsense-ros/realsense2_camera_msgs) by extensions ['colcon_pkg']
[0.113s] Level 1:colcon.colcon_core.package_identification:_identify(src/realsense-ros/realsense2_camera_msgs) by extension 'colcon_pkg'
[0.113s] Level 1:colcon.colcon_core.package_identification:_identify(src/realsense-ros/realsense2_camera_msgs) by extensions ['colcon_meta']
[0.113s] Level 1:colcon.colcon_core.package_identification:_identify(src/realsense-ros/realsense2_camera_msgs) by extension 'colcon_meta'
[0.113s] Level 1:colcon.colcon_core.package_identification:_identify(src/realsense-ros/realsense2_camera_msgs) by extensions ['ros']
[0.113s] Level 1:colcon.colcon_core.package_identification:_identify(src/realsense-ros/realsense2_camera_msgs) by extension 'ros'
[0.114s] DEBUG:colcon.colcon_core.package_identification:Package 'src/realsense-ros/realsense2_camera_msgs' with type 'ros.ament_cmake' and name 'realsense2_camera_msgs'
[0.114s] Level 1:colcon.colcon_core.package_identification:_identify(src/realsense-ros/realsense2_description) by extensions ['ignore', 'ignore_ament_install']
[0.114s] Level 1:colcon.colcon_core.package_identification:_identify(src/realsense-ros/realsense2_description) by extension 'ignore'
[0.114s] Level 1:colcon.colcon_core.package_identification:_identify(src/realsense-ros/realsense2_description) by extension 'ignore_ament_install'
[0.114s] Level 1:colcon.colcon_core.package_identification:_identify(src/realsense-ros/realsense2_description) by extensions ['colcon_pkg']
[0.114s] Level 1:colcon.colcon_core.package_identification:_identify(src/realsense-ros/realsense2_description) by extension 'colcon_pkg'
[0.114s] Level 1:colcon.colcon_core.package_identification:_identify(src/realsense-ros/realsense2_description) by extensions ['colcon_meta']
[0.114s] Level 1:colcon.colcon_core.package_identification:_identify(src/realsense-ros/realsense2_description) by extension 'colcon_meta'
[0.114s] Level 1:colcon.colcon_core.package_identification:_identify(src/realsense-ros/realsense2_description) by extensions ['ros']
[0.114s] Level 1:colcon.colcon_core.package_identification:_identify(src/realsense-ros/realsense2_description) by extension 'ros'
[0.114s] DEBUG:colcon.colcon_core.package_identification:Package 'src/realsense-ros/realsense2_description' with type 'ros.ament_cmake' and name 'realsense2_description'
[0.115s] Level 1:colcon.colcon_core.package_discovery:discover_packages(recursive) using defaults
[0.115s] Level 1:colcon.colcon_core.package_discovery:discover_packages(ignore) discover
[0.115s] Level 1:colcon.colcon_core.package_discovery:discover_packages(ignore) using defaults
[0.115s] Level 1:colcon.colcon_core.package_discovery:discover_packages(path) discover
[0.115s] Level 1:colcon.colcon_core.package_discovery:discover_packages(path) using defaults
[0.126s] Level 1:colcon.colcon_core.package_discovery:discover_packages(prefix_path) check parameters
[0.126s] Level 1:colcon.colcon_core.package_discovery:discover_packages(prefix_path) discover
[0.127s] DEBUG:colcon.colcon_installed_package_information.package_discovery:Found 0 installed packages in /home/ineogi2/ws/Biorobotics/ros2_ws/install
[0.128s] DEBUG:colcon.colcon_installed_package_information.package_discovery:Found 258 installed packages in /opt/ros/foxy
[0.129s] Level 1:colcon.colcon_core.package_discovery:discover_packages(prefix_path) using defaults
[0.179s] Level 5:colcon.colcon_core.verb:set package 'realsense2_camera_msgs' build argument 'cmake_args' from command line to 'None'
[0.179s] Level 5:colcon.colcon_core.verb:set package 'realsense2_camera_msgs' build argument 'cmake_target' from command line to 'None'
[0.179s] Level 5:colcon.colcon_core.verb:set package 'realsense2_camera_msgs' build argument 'cmake_target_skip_unavailable' from command line to 'False'
[0.179s] Level 5:colcon.colcon_core.verb:set package 'realsense2_camera_msgs' build argument 'cmake_clean_cache' from command line to 'False'
[0.179s] Level 5:colcon.colcon_core.verb:set package 'realsense2_camera_msgs' build argument 'cmake_clean_first' from command line to 'False'
[0.179s] Level 5:colcon.colcon_core.verb:set package 'realsense2_camera_msgs' build argument 'cmake_force_configure' from command line to 'False'
[0.179s] Level 5:colcon.colcon_core.verb:set package 'realsense2_camera_msgs' build argument 'ament_cmake_args' from command line to 'None'
[0.179s] Level 5:colcon.colcon_core.verb:set package 'realsense2_camera_msgs' build argument 'catkin_cmake_args' from command line to 'None'
[0.179s] Level 5:colcon.colcon_core.verb:set package 'realsense2_camera_msgs' build argument 'catkin_skip_building_tests' from command line to 'False'
[0.179s] DEBUG:colcon.colcon_core.verb:Building package 'realsense2_camera_msgs' with the following arguments: {'ament_cmake_args': None, 'build_base': '/home/ineogi2/ws/Biorobotics/ros2_ws/build/realsense2_camera_msgs', 'catkin_cmake_args': None, 'catkin_skip_building_tests': False, 'cmake_args': None, 'cmake_clean_cache': False, 'cmake_clean_first': False, 'cmake_force_configure': False, 'cmake_target': None, 'cmake_target_skip_unavailable': False, 'install_base': '/home/ineogi2/ws/Biorobotics/ros2_ws/install/realsense2_camera_msgs', 'merge_install': False, 'path': '/home/ineogi2/ws/Biorobotics/ros2_ws/src/realsense-ros/realsense2_camera_msgs', 'symlink_install': True, 'test_result_base': None}
[0.180s] Level 5:colcon.colcon_core.verb:set package 'realsense2_camera' build argument 'cmake_args' from command line to 'None'
[0.180s] Level 5:colcon.colcon_core.verb:set package 'realsense2_camera' build argument 'cmake_target' from command line to 'None'
[0.180s] Level 5:colcon.colcon_core.verb:set package 'realsense2_camera' build argument 'cmake_target_skip_unavailable' from command line to 'False'
[0.180s] Level 5:colcon.colcon_core.verb:set package 'realsense2_camera' build argument 'cmake_clean_cache' from command line to 'False'
[0.180s] Level 5:colcon.colcon_core.verb:set package 'realsense2_camera' build argument 'cmake_clean_first' from command line to 'False'
[0.180s] Level 5:colcon.colcon_core.verb:set package 'realsense2_camera' build argument 'cmake_force_configure' from command line to 'False'
[0.180s] Level 5:colcon.colcon_core.verb:set package 'realsense2_camera' build argument 'ament_cmake_args' from command line to 'None'
[0.180s] Level 5:colcon.colcon_core.verb:set package 'realsense2_camera' build argument 'catkin_cmake_args' from command line to 'None'
[0.180s] Level 5:colcon.colcon_core.verb:set package 'realsense2_camera' build argument 'catkin_skip_building_tests' from command line to 'False'
[0.180s] DEBUG:colcon.colcon_core.verb:Building package 'realsense2_camera' with the following arguments: {'ament_cmake_args': None, 'build_base': '/home/ineogi2/ws/Biorobotics/ros2_ws/build/realsense2_camera', 'catkin_cmake_args': None, 'catkin_skip_building_tests': False, 'cmake_args': None, 'cmake_clean_cache': False, 'cmake_clean_first': False, 'cmake_force_configure': False, 'cmake_target': None, 'cmake_target_skip_unavailable': False, 'install_base': '/home/ineogi2/ws/Biorobotics/ros2_ws/install/realsense2_camera', 'merge_install': False, 'path': '/home/ineogi2/ws/Biorobotics/ros2_ws/src/realsense-ros/realsense2_camera', 'symlink_install': True, 'test_result_base': None}
[0.180s] Level 5:colcon.colcon_core.verb:set package 'realsense2_description' build argument 'cmake_args' from command line to 'None'
[0.180s] Level 5:colcon.colcon_core.verb:set package 'realsense2_description' build argument 'cmake_target' from command line to 'None'
[0.180s] Level 5:colcon.colcon_core.verb:set package 'realsense2_description' build argument 'cmake_target_skip_unavailable' from command line to 'False'
[0.180s] Level 5:colcon.colcon_core.verb:set package 'realsense2_description' build argument 'cmake_clean_cache' from command line to 'False'
[0.180s] Level 5:colcon.colcon_core.verb:set package 'realsense2_description' build argument 'cmake_clean_first' from command line to 'False'
[0.180s] Level 5:colcon.colcon_core.verb:set package 'realsense2_description' build argument 'cmake_force_configure' from command line to 'False'
[0.180s] Level 5:colcon.colcon_core.verb:set package 'realsense2_description' build argument 'ament_cmake_args' from command line to 'None'
[0.180s] Level 5:colcon.colcon_core.verb:set package 'realsense2_description' build argument 'catkin_cmake_args' from command line to 'None'
[0.180s] Level 5:colcon.colcon_core.verb:set package 'realsense2_description' build argument 'catkin_skip_building_tests' from command line to 'False'
[0.181s] DEBUG:colcon.colcon_core.verb:Building package 'realsense2_description' with the following arguments: {'ament_cmake_args': None, 'build_base': '/home/ineogi2/ws/Biorobotics/ros2_ws/build/realsense2_description', 'catkin_cmake_args': None, 'catkin_skip_building_tests': False, 'cmake_args': None, 'cmake_clean_cache': False, 'cmake_clean_first': False, 'cmake_force_configure': False, 'cmake_target': None, 'cmake_target_skip_unavailable': False, 'install_base': '/home/ineogi2/ws/Biorobotics/ros2_ws/install/realsense2_description', 'merge_install': False, 'path': '/home/ineogi2/ws/Biorobotics/ros2_ws/src/realsense-ros/realsense2_description', 'symlink_install': True, 'test_result_base': None}
[0.181s] INFO:colcon.colcon_core.executor:Executing jobs using 'parallel' executor
[0.182s] DEBUG:colcon.colcon_parallel_executor.executor.parallel:run_until_complete
[0.182s] INFO:colcon.colcon_ros.task.ament_cmake.build:Building ROS package in '/home/ineogi2/ws/Biorobotics/ros2_ws/src/realsense-ros/realsense2_camera_msgs' with build type 'ament_cmake'
[0.182s] INFO:colcon.colcon_cmake.task.cmake.build:Building CMake package in '/home/ineogi2/ws/Biorobotics/ros2_ws/src/realsense-ros/realsense2_camera_msgs'
[0.185s] INFO:colcon.colcon_core.plugin_system:Skipping extension 'colcon_core.shell.bat': Not used on non-Windows systems
[0.185s] INFO:colcon.colcon_core.shell:Skip shell extension 'powershell' for command environment: Not usable outside of PowerShell
[0.185s] DEBUG:colcon.colcon_core.shell:Skip shell extension 'dsv' for command environment
[0.191s] DEBUG:colcon.colcon_core.event_handler.log_command:Invoking command in '/home/ineogi2/ws/Biorobotics/ros2_ws/build/realsense2_camera_msgs': CMAKE_PREFIX_PATH=/opt/ros/foxy /usr/bin/cmake /home/ineogi2/ws/Biorobotics/ros2_ws/src/realsense-ros/realsense2_camera_msgs -DAMENT_CMAKE_SYMLINK_INSTALL=1 -DCMAKE_INSTALL_PREFIX=/home/ineogi2/ws/Biorobotics/ros2_ws/install/realsense2_camera_msgs
[1.399s] DEBUG:colcon.colcon_core.event_handler.log_command:Invoked command in '/home/ineogi2/ws/Biorobotics/ros2_ws/build/realsense2_camera_msgs' returned '0': CMAKE_PREFIX_PATH=/opt/ros/foxy /usr/bin/cmake /home/ineogi2/ws/Biorobotics/ros2_ws/src/realsense-ros/realsense2_camera_msgs -DAMENT_CMAKE_SYMLINK_INSTALL=1 -DCMAKE_INSTALL_PREFIX=/home/ineogi2/ws/Biorobotics/ros2_ws/install/realsense2_camera_msgs
[1.400s] DEBUG:colcon.colcon_core.event_handler.log_command:Invoking command in '/home/ineogi2/ws/Biorobotics/ros2_ws/build/realsense2_camera_msgs': CMAKE_PREFIX_PATH=/opt/ros/foxy /usr/bin/cmake --build /home/ineogi2/ws/Biorobotics/ros2_ws/build/realsense2_camera_msgs -- -j12 -l12
[4.106s] DEBUG:colcon.colcon_core.event_handler.log_command:Invoked command in '/home/ineogi2/ws/Biorobotics/ros2_ws/build/realsense2_camera_msgs' returned '0': CMAKE_PREFIX_PATH=/opt/ros/foxy /usr/bin/cmake --build /home/ineogi2/ws/Biorobotics/ros2_ws/build/realsense2_camera_msgs -- -j12 -l12
[4.160s] DEBUG:colcon.colcon_core.event_handler.log_command:Invoking command in '/home/ineogi2/ws/Biorobotics/ros2_ws/build/realsense2_camera_msgs': CMAKE_PREFIX_PATH=/opt/ros/foxy /usr/bin/cmake --install /home/ineogi2/ws/Biorobotics/ros2_ws/build/realsense2_camera_msgs
[4.727s] Level 1:colcon.colcon_core.environment:create_environment_scripts_only(realsense2_camera_msgs)
[4.729s] DEBUG:colcon.colcon_core.event_handler.log_command:Invoked command in '/home/ineogi2/ws/Biorobotics/ros2_ws/build/realsense2_camera_msgs' returned '0': CMAKE_PREFIX_PATH=/opt/ros/foxy /usr/bin/cmake --install /home/ineogi2/ws/Biorobotics/ros2_ws/build/realsense2_camera_msgs
[4.731s] Level 1:colcon.colcon_core.environment:checking '/home/ineogi2/ws/Biorobotics/ros2_ws/install/realsense2_camera_msgs' for CMake module files
[4.731s] Level 1:colcon.colcon_core.environment:checking '/home/ineogi2/ws/Biorobotics/ros2_ws/install/realsense2_camera_msgs' for CMake config files
[4.731s] Level 1:colcon.colcon_core.shell:create_environment_hook('realsense2_camera_msgs', 'cmake_prefix_path')
[4.732s] INFO:colcon.colcon_core.shell:Creating environment hook '/home/ineogi2/ws/Biorobotics/ros2_ws/install/realsense2_camera_msgs/share/realsense2_camera_msgs/hook/cmake_prefix_path.ps1'
[4.732s] INFO:colcon.colcon_core.shell:Creating environment descriptor '/home/ineogi2/ws/Biorobotics/ros2_ws/install/realsense2_camera_msgs/share/realsense2_camera_msgs/hook/cmake_prefix_path.dsv'
[4.732s] INFO:colcon.colcon_core.shell:Creating environment hook '/home/ineogi2/ws/Biorobotics/ros2_ws/install/realsense2_camera_msgs/share/realsense2_camera_msgs/hook/cmake_prefix_path.sh'
[4.733s] Level 1:colcon.colcon_core.environment:checking '/home/ineogi2/ws/Biorobotics/ros2_ws/install/realsense2_camera_msgs/lib'
[4.733s] Level 1:colcon.colcon_core.shell:create_environment_hook('realsense2_camera_msgs', 'ld_library_path_lib')
[4.733s] INFO:colcon.colcon_core.shell:Creating environment hook '/home/ineogi2/ws/Biorobotics/ros2_ws/install/realsense2_camera_msgs/share/realsense2_camera_msgs/hook/ld_library_path_lib.ps1'
[4.734s] INFO:colcon.colcon_core.shell:Creating environment descriptor '/home/ineogi2/ws/Biorobotics/ros2_ws/install/realsense2_camera_msgs/share/realsense2_camera_msgs/hook/ld_library_path_lib.dsv'
[4.734s] INFO:colcon.colcon_core.shell:Creating environment hook '/home/ineogi2/ws/Biorobotics/ros2_ws/install/realsense2_camera_msgs/share/realsense2_camera_msgs/hook/ld_library_path_lib.sh'
[4.734s] Level 1:colcon.colcon_core.environment:checking '/home/ineogi2/ws/Biorobotics/ros2_ws/install/realsense2_camera_msgs/bin'
[4.734s] Level 1:colcon.colcon_core.environment:checking '/home/ineogi2/ws/Biorobotics/ros2_ws/install/realsense2_camera_msgs/lib/pkgconfig/realsense2_camera_msgs.pc'
[4.734s] Level 1:colcon.colcon_core.environment:checking '/home/ineogi2/ws/Biorobotics/ros2_ws/install/realsense2_camera_msgs/lib/python3.8/site-packages'
[4.734s] Level 1:colcon.colcon_core.shell:create_environment_hook('realsense2_camera_msgs', 'pythonpath')
[4.735s] INFO:colcon.colcon_core.shell:Creating environment hook '/home/ineogi2/ws/Biorobotics/ros2_ws/install/realsense2_camera_msgs/share/realsense2_camera_msgs/hook/pythonpath.ps1'
[4.735s] INFO:colcon.colcon_core.shell:Creating environment descriptor '/home/ineogi2/ws/Biorobotics/ros2_ws/install/realsense2_camera_msgs/share/realsense2_camera_msgs/hook/pythonpath.dsv'
[4.735s] INFO:colcon.colcon_core.shell:Creating environment hook '/home/ineogi2/ws/Biorobotics/ros2_ws/install/realsense2_camera_msgs/share/realsense2_camera_msgs/hook/pythonpath.sh'
[4.735s] Level 1:colcon.colcon_core.environment:checking '/home/ineogi2/ws/Biorobotics/ros2_ws/install/realsense2_camera_msgs/bin'
[4.736s] INFO:colcon.colcon_core.shell:Creating package script '/home/ineogi2/ws/Biorobotics/ros2_ws/install/realsense2_camera_msgs/share/realsense2_camera_msgs/package.ps1'
[4.736s] INFO:colcon.colcon_core.shell:Creating package descriptor '/home/ineogi2/ws/Biorobotics/ros2_ws/install/realsense2_camera_msgs/share/realsense2_camera_msgs/package.dsv'
[4.737s] INFO:colcon.colcon_core.shell:Creating package script '/home/ineogi2/ws/Biorobotics/ros2_ws/install/realsense2_camera_msgs/share/realsense2_camera_msgs/package.sh'
[4.737s] INFO:colcon.colcon_core.shell:Creating package script '/home/ineogi2/ws/Biorobotics/ros2_ws/install/realsense2_camera_msgs/share/realsense2_camera_msgs/package.bash'
[4.738s] INFO:colcon.colcon_core.shell:Creating package script '/home/ineogi2/ws/Biorobotics/ros2_ws/install/realsense2_camera_msgs/share/realsense2_camera_msgs/package.zsh'
[4.738s] Level 1:colcon.colcon_core.environment:create_file_with_runtime_dependencies(/home/ineogi2/ws/Biorobotics/ros2_ws/install/realsense2_camera_msgs/share/colcon-core/packages/realsense2_camera_msgs)
[4.785s] Level 1:colcon.colcon_core.environment:create_environment_scripts_only(realsense2_camera_msgs)
[4.785s] Level 1:colcon.colcon_core.environment:checking '/home/ineogi2/ws/Biorobotics/ros2_ws/install/realsense2_camera_msgs' for CMake module files
[4.786s] Level 1:colcon.colcon_core.environment:checking '/home/ineogi2/ws/Biorobotics/ros2_ws/install/realsense2_camera_msgs' for CMake config files
[4.786s] Level 1:colcon.colcon_core.shell:create_environment_hook('realsense2_camera_msgs', 'cmake_prefix_path')
[4.786s] INFO:colcon.colcon_core.shell:Creating environment hook '/home/ineogi2/ws/Biorobotics/ros2_ws/install/realsense2_camera_msgs/share/realsense2_camera_msgs/hook/cmake_prefix_path.ps1'
[4.787s] INFO:colcon.colcon_core.shell:Creating environment descriptor '/home/ineogi2/ws/Biorobotics/ros2_ws/install/realsense2_camera_msgs/share/realsense2_camera_msgs/hook/cmake_prefix_path.dsv'
[4.787s] INFO:colcon.colcon_core.shell:Creating environment hook '/home/ineogi2/ws/Biorobotics/ros2_ws/install/realsense2_camera_msgs/share/realsense2_camera_msgs/hook/cmake_prefix_path.sh'
[4.787s] Level 1:colcon.colcon_core.environment:checking '/home/ineogi2/ws/Biorobotics/ros2_ws/install/realsense2_camera_msgs/lib'
[4.787s] Level 1:colcon.colcon_core.shell:create_environment_hook('realsense2_camera_msgs', 'ld_library_path_lib')
[4.788s] INFO:colcon.colcon_core.shell:Creating environment hook '/home/ineogi2/ws/Biorobotics/ros2_ws/install/realsense2_camera_msgs/share/realsense2_camera_msgs/hook/ld_library_path_lib.ps1'
[4.788s] INFO:colcon.colcon_core.shell:Creating environment descriptor '/home/ineogi2/ws/Biorobotics/ros2_ws/install/realsense2_camera_msgs/share/realsense2_camera_msgs/hook/ld_library_path_lib.dsv'
[4.788s] INFO:colcon.colcon_core.shell:Creating environment hook '/home/ineogi2/ws/Biorobotics/ros2_ws/install/realsense2_camera_msgs/share/realsense2_camera_msgs/hook/ld_library_path_lib.sh'
[4.789s] Level 1:colcon.colcon_core.environment:checking '/home/ineogi2/ws/Biorobotics/ros2_ws/install/realsense2_camera_msgs/bin'
[4.789s] Level 1:colcon.colcon_core.environment:checking '/home/ineogi2/ws/Biorobotics/ros2_ws/install/realsense2_camera_msgs/lib/pkgconfig/realsense2_camera_msgs.pc'
[4.789s] Level 1:colcon.colcon_core.environment:checking '/home/ineogi2/ws/Biorobotics/ros2_ws/install/realsense2_camera_msgs/lib/python3.8/site-packages'
[4.789s] Level 1:colcon.colcon_core.shell:create_environment_hook('realsense2_camera_msgs', 'pythonpath')
[4.789s] INFO:colcon.colcon_core.shell:Creating environment hook '/home/ineogi2/ws/Biorobotics/ros2_ws/install/realsense2_camera_msgs/share/realsense2_camera_msgs/hook/pythonpath.ps1'
[4.789s] INFO:colcon.colcon_core.shell:Creating environment descriptor '/home/ineogi2/ws/Biorobotics/ros2_ws/install/realsense2_camera_msgs/share/realsense2_camera_msgs/hook/pythonpath.dsv'
[4.790s] INFO:colcon.colcon_core.shell:Creating environment hook '/home/ineogi2/ws/Biorobotics/ros2_ws/install/realsense2_camera_msgs/share/realsense2_camera_msgs/hook/pythonpath.sh'
[4.790s] Level 1:colcon.colcon_core.environment:checking '/home/ineogi2/ws/Biorobotics/ros2_ws/install/realsense2_camera_msgs/bin'
[4.790s] INFO:colcon.colcon_core.shell:Creating package script '/home/ineogi2/ws/Biorobotics/ros2_ws/install/realsense2_camera_msgs/share/realsense2_camera_msgs/package.ps1'
[4.791s] INFO:colcon.colcon_core.shell:Creating package descriptor '/home/ineogi2/ws/Biorobotics/ros2_ws/install/realsense2_camera_msgs/share/realsense2_camera_msgs/package.dsv'
[4.791s] INFO:colcon.colcon_core.shell:Creating package script '/home/ineogi2/ws/Biorobotics/ros2_ws/install/realsense2_camera_msgs/share/realsense2_camera_msgs/package.sh'
[4.791s] INFO:colcon.colcon_core.shell:Creating package script '/home/ineogi2/ws/Biorobotics/ros2_ws/install/realsense2_camera_msgs/share/realsense2_camera_msgs/package.bash'
[4.792s] INFO:colcon.colcon_core.shell:Creating package script '/home/ineogi2/ws/Biorobotics/ros2_ws/install/realsense2_camera_msgs/share/realsense2_camera_msgs/package.zsh'
[4.792s] Level 1:colcon.colcon_core.environment:create_file_with_runtime_dependencies(/home/ineogi2/ws/Biorobotics/ros2_ws/install/realsense2_camera_msgs/share/colcon-core/packages/realsense2_camera_msgs)
[4.792s] INFO:colcon.colcon_ros.task.ament_cmake.build:Building ROS package in '/home/ineogi2/ws/Biorobotics/ros2_ws/src/realsense-ros/realsense2_camera' with build type 'ament_cmake'
[4.792s] INFO:colcon.colcon_cmake.task.cmake.build:Building CMake package in '/home/ineogi2/ws/Biorobotics/ros2_ws/src/realsense-ros/realsense2_camera'
[4.793s] INFO:colcon.colcon_core.shell:Skip shell extension 'powershell' for command environment: Not usable outside of PowerShell
[4.793s] DEBUG:colcon.colcon_core.shell:Skip shell extension 'dsv' for command environment
[4.796s] INFO:colcon.colcon_ros.task.ament_cmake.build:Building ROS package in '/home/ineogi2/ws/Biorobotics/ros2_ws/src/realsense-ros/realsense2_description' with build type 'ament_cmake'
[4.796s] INFO:colcon.colcon_cmake.task.cmake.build:Building CMake package in '/home/ineogi2/ws/Biorobotics/ros2_ws/src/realsense-ros/realsense2_description'
[4.797s] INFO:colcon.colcon_core.shell:Skip shell extension 'powershell' for command environment: Not usable outside of PowerShell
[4.797s] DEBUG:colcon.colcon_core.shell:Skip shell extension 'dsv' for command environment
[4.803s] DEBUG:colcon.colcon_core.event_handler.log_command:Invoking command in '/home/ineogi2/ws/Biorobotics/ros2_ws/build/realsense2_camera': AMENT_PREFIX_PATH=/home/ineogi2/ws/Biorobotics/ros2_ws/install/realsense2_camera_msgs:${AMENT_PREFIX_PATH} CMAKE_PREFIX_PATH=/home/ineogi2/ws/Biorobotics/ros2_ws/install/realsense2_camera_msgs:/opt/ros/foxy LD_LIBRARY_PATH=/home/ineogi2/ws/Biorobotics/ros2_ws/install/realsense2_camera_msgs/lib:${LD_LIBRARY_PATH} PYTHONPATH=/home/ineogi2/ws/Biorobotics/ros2_ws/install/realsense2_camera_msgs/lib/python3.8/site-packages:${PYTHONPATH} /usr/bin/cmake /home/ineogi2/ws/Biorobotics/ros2_ws/src/realsense-ros/realsense2_camera -DAMENT_CMAKE_SYMLINK_INSTALL=1 -DCMAKE_INSTALL_PREFIX=/home/ineogi2/ws/Biorobotics/ros2_ws/install/realsense2_camera
[4.807s] DEBUG:colcon.colcon_core.event_handler.log_command:Invoking command in '/home/ineogi2/ws/Biorobotics/ros2_ws/build/realsense2_description': AMENT_PREFIX_PATH=/home/ineogi2/ws/Biorobotics/ros2_ws/install/realsense2_camera_msgs:${AMENT_PREFIX_PATH} CMAKE_PREFIX_PATH=/home/ineogi2/ws/Biorobotics/ros2_ws/install/realsense2_camera_msgs:/opt/ros/foxy LD_LIBRARY_PATH=/home/ineogi2/ws/Biorobotics/ros2_ws/install/realsense2_camera_msgs/lib:${LD_LIBRARY_PATH} PYTHONPATH=/home/ineogi2/ws/Biorobotics/ros2_ws/install/realsense2_camera_msgs/lib/python3.8/site-packages:${PYTHONPATH} /usr/bin/cmake /home/ineogi2/ws/Biorobotics/ros2_ws/src/realsense-ros/realsense2_description -DAMENT_CMAKE_SYMLINK_INSTALL=1 -DCMAKE_INSTALL_PREFIX=/home/ineogi2/ws/Biorobotics/ros2_ws/install/realsense2_description
[5.295s] DEBUG:colcon.colcon_core.event_handler.log_command:Invoked command in '/home/ineogi2/ws/Biorobotics/ros2_ws/build/realsense2_description' returned '0': AMENT_PREFIX_PATH=/home/ineogi2/ws/Biorobotics/ros2_ws/install/realsense2_camera_msgs:${AMENT_PREFIX_PATH} CMAKE_PREFIX_PATH=/home/ineogi2/ws/Biorobotics/ros2_ws/install/realsense2_camera_msgs:/opt/ros/foxy LD_LIBRARY_PATH=/home/ineogi2/ws/Biorobotics/ros2_ws/install/realsense2_camera_msgs/lib:${LD_LIBRARY_PATH} PYTHONPATH=/home/ineogi2/ws/Biorobotics/ros2_ws/install/realsense2_camera_msgs/lib/python3.8/site-packages:${PYTHONPATH} /usr/bin/cmake /home/ineogi2/ws/Biorobotics/ros2_ws/src/realsense-ros/realsense2_description -DAMENT_CMAKE_SYMLINK_INSTALL=1 -DCMAKE_INSTALL_PREFIX=/home/ineogi2/ws/Biorobotics/ros2_ws/install/realsense2_description
[5.296s] DEBUG:colcon.colcon_core.event_handler.log_command:Invoking command in '/home/ineogi2/ws/Biorobotics/ros2_ws/build/realsense2_description': AMENT_PREFIX_PATH=/home/ineogi2/ws/Biorobotics/ros2_ws/install/realsense2_camera_msgs:${AMENT_PREFIX_PATH} CMAKE_PREFIX_PATH=/home/ineogi2/ws/Biorobotics/ros2_ws/install/realsense2_camera_msgs:/opt/ros/foxy LD_LIBRARY_PATH=/home/ineogi2/ws/Biorobotics/ros2_ws/install/realsense2_camera_msgs/lib:${LD_LIBRARY_PATH} PYTHONPATH=/home/ineogi2/ws/Biorobotics/ros2_ws/install/realsense2_camera_msgs/lib/python3.8/site-packages:${PYTHONPATH} /usr/bin/cmake --build /home/ineogi2/ws/Biorobotics/ros2_ws/build/realsense2_description -- -j12 -l12
[5.322s] DEBUG:colcon.colcon_core.event_handler.log_command:Invoked command in '/home/ineogi2/ws/Biorobotics/ros2_ws/build/realsense2_description' returned '0': AMENT_PREFIX_PATH=/home/ineogi2/ws/Biorobotics/ros2_ws/install/realsense2_camera_msgs:${AMENT_PREFIX_PATH} CMAKE_PREFIX_PATH=/home/ineogi2/ws/Biorobotics/ros2_ws/install/realsense2_camera_msgs:/opt/ros/foxy LD_LIBRARY_PATH=/home/ineogi2/ws/Biorobotics/ros2_ws/install/realsense2_camera_msgs/lib:${LD_LIBRARY_PATH} PYTHONPATH=/home/ineogi2/ws/Biorobotics/ros2_ws/install/realsense2_camera_msgs/lib/python3.8/site-packages:${PYTHONPATH} /usr/bin/cmake --build /home/ineogi2/ws/Biorobotics/ros2_ws/build/realsense2_description -- -j12 -l12
[5.337s] DEBUG:colcon.colcon_core.event_handler.log_command:Invoking command in '/home/ineogi2/ws/Biorobotics/ros2_ws/build/realsense2_description': AMENT_PREFIX_PATH=/home/ineogi2/ws/Biorobotics/ros2_ws/install/realsense2_camera_msgs:${AMENT_PREFIX_PATH} CMAKE_PREFIX_PATH=/home/ineogi2/ws/Biorobotics/ros2_ws/install/realsense2_camera_msgs:/opt/ros/foxy LD_LIBRARY_PATH=/home/ineogi2/ws/Biorobotics/ros2_ws/install/realsense2_camera_msgs/lib:${LD_LIBRARY_PATH} PYTHONPATH=/home/ineogi2/ws/Biorobotics/ros2_ws/install/realsense2_camera_msgs/lib/python3.8/site-packages:${PYTHONPATH} /usr/bin/cmake --install /home/ineogi2/ws/Biorobotics/ros2_ws/build/realsense2_description
[5.586s] Level 1:colcon.colcon_core.environment:create_environment_scripts_only(realsense2_description)
[5.587s] Level 1:colcon.colcon_core.environment:checking '/home/ineogi2/ws/Biorobotics/ros2_ws/install/realsense2_description' for CMake module files
[5.587s] DEBUG:colcon.colcon_core.event_handler.log_command:Invoked command in '/home/ineogi2/ws/Biorobotics/ros2_ws/build/realsense2_description' returned '0': AMENT_PREFIX_PATH=/home/ineogi2/ws/Biorobotics/ros2_ws/install/realsense2_camera_msgs:${AMENT_PREFIX_PATH} CMAKE_PREFIX_PATH=/home/ineogi2/ws/Biorobotics/ros2_ws/install/realsense2_camera_msgs:/opt/ros/foxy LD_LIBRARY_PATH=/home/ineogi2/ws/Biorobotics/ros2_ws/install/realsense2_camera_msgs/lib:${LD_LIBRARY_PATH} PYTHONPATH=/home/ineogi2/ws/Biorobotics/ros2_ws/install/realsense2_camera_msgs/lib/python3.8/site-packages:${PYTHONPATH} /usr/bin/cmake --install /home/ineogi2/ws/Biorobotics/ros2_ws/build/realsense2_description
[5.587s] Level 1:colcon.colcon_core.environment:checking '/home/ineogi2/ws/Biorobotics/ros2_ws/install/realsense2_description' for CMake config files
[5.588s] Level 1:colcon.colcon_core.shell:create_environment_hook('realsense2_description', 'cmake_prefix_path')
[5.588s] INFO:colcon.colcon_core.shell:Creating environment hook '/home/ineogi2/ws/Biorobotics/ros2_ws/install/realsense2_description/share/realsense2_description/hook/cmake_prefix_path.ps1'
[5.588s] INFO:colcon.colcon_core.shell:Creating environment descriptor '/home/ineogi2/ws/Biorobotics/ros2_ws/install/realsense2_description/share/realsense2_description/hook/cmake_prefix_path.dsv'
[5.589s] INFO:colcon.colcon_core.shell:Creating environment hook '/home/ineogi2/ws/Biorobotics/ros2_ws/install/realsense2_description/share/realsense2_description/hook/cmake_prefix_path.sh'
[5.589s] Level 1:colcon.colcon_core.environment:checking '/home/ineogi2/ws/Biorobotics/ros2_ws/install/realsense2_description/bin'
[5.589s] Level 1:colcon.colcon_core.environment:checking '/home/ineogi2/ws/Biorobotics/ros2_ws/install/realsense2_description/lib/pkgconfig/realsense2_description.pc'
[5.589s] Level 1:colcon.colcon_core.environment:checking '/home/ineogi2/ws/Biorobotics/ros2_ws/install/realsense2_description/lib/python3.8/site-packages'
[5.589s] Level 1:colcon.colcon_core.environment:checking '/home/ineogi2/ws/Biorobotics/ros2_ws/install/realsense2_description/bin'
[5.590s] INFO:colcon.colcon_core.shell:Creating package script '/home/ineogi2/ws/Biorobotics/ros2_ws/install/realsense2_description/share/realsense2_description/package.ps1'
[5.590s] INFO:colcon.colcon_core.shell:Creating package descriptor '/home/ineogi2/ws/Biorobotics/ros2_ws/install/realsense2_description/share/realsense2_description/package.dsv'
[5.591s] INFO:colcon.colcon_core.shell:Creating package script '/home/ineogi2/ws/Biorobotics/ros2_ws/install/realsense2_description/share/realsense2_description/package.sh'
[5.591s] INFO:colcon.colcon_core.shell:Creating package script '/home/ineogi2/ws/Biorobotics/ros2_ws/install/realsense2_description/share/realsense2_description/package.bash'
[5.591s] INFO:colcon.colcon_core.shell:Creating package script '/home/ineogi2/ws/Biorobotics/ros2_ws/install/realsense2_description/share/realsense2_description/package.zsh'
[5.591s] Level 1:colcon.colcon_core.environment:create_file_with_runtime_dependencies(/home/ineogi2/ws/Biorobotics/ros2_ws/install/realsense2_description/share/colcon-core/packages/realsense2_description)
[5.604s] Level 1:colcon.colcon_core.environment:create_environment_scripts_only(realsense2_description)
[5.605s] Level 1:colcon.colcon_core.environment:checking '/home/ineogi2/ws/Biorobotics/ros2_ws/install/realsense2_description' for CMake module files
[5.605s] Level 1:colcon.colcon_core.environment:checking '/home/ineogi2/ws/Biorobotics/ros2_ws/install/realsense2_description' for CMake config files
[5.605s] Level 1:colcon.colcon_core.shell:create_environment_hook('realsense2_description', 'cmake_prefix_path')
[5.605s] INFO:colcon.colcon_core.shell:Creating environment hook '/home/ineogi2/ws/Biorobotics/ros2_ws/install/realsense2_description/share/realsense2_description/hook/cmake_prefix_path.ps1'
[5.606s] INFO:colcon.colcon_core.shell:Creating environment descriptor '/home/ineogi2/ws/Biorobotics/ros2_ws/install/realsense2_description/share/realsense2_description/hook/cmake_prefix_path.dsv'
[5.606s] INFO:colcon.colcon_core.shell:Creating environment hook '/home/ineogi2/ws/Biorobotics/ros2_ws/install/realsense2_description/share/realsense2_description/hook/cmake_prefix_path.sh'
[5.606s] Level 1:colcon.colcon_core.environment:checking '/home/ineogi2/ws/Biorobotics/ros2_ws/install/realsense2_description/bin'
[5.607s] Level 1:colcon.colcon_core.environment:checking '/home/ineogi2/ws/Biorobotics/ros2_ws/install/realsense2_description/lib/pkgconfig/realsense2_description.pc'
[5.607s] Level 1:colcon.colcon_core.environment:checking '/home/ineogi2/ws/Biorobotics/ros2_ws/install/realsense2_description/lib/python3.8/site-packages'
[5.607s] Level 1:colcon.colcon_core.environment:checking '/home/ineogi2/ws/Biorobotics/ros2_ws/install/realsense2_description/bin'
[5.607s] INFO:colcon.colcon_core.shell:Creating package script '/home/ineogi2/ws/Biorobotics/ros2_ws/install/realsense2_description/share/realsense2_description/package.ps1'
[5.608s] INFO:colcon.colcon_core.shell:Creating package descriptor '/home/ineogi2/ws/Biorobotics/ros2_ws/install/realsense2_description/share/realsense2_description/package.dsv'
[5.608s] INFO:colcon.colcon_core.shell:Creating package script '/home/ineogi2/ws/Biorobotics/ros2_ws/install/realsense2_description/share/realsense2_description/package.sh'
[5.608s] INFO:colcon.colcon_core.shell:Creating package script '/home/ineogi2/ws/Biorobotics/ros2_ws/install/realsense2_description/share/realsense2_description/package.bash'
[5.608s] INFO:colcon.colcon_core.shell:Creating package script '/home/ineogi2/ws/Biorobotics/ros2_ws/install/realsense2_description/share/realsense2_description/package.zsh'
[5.609s] Level 1:colcon.colcon_core.environment:create_file_with_runtime_dependencies(/home/ineogi2/ws/Biorobotics/ros2_ws/install/realsense2_description/share/colcon-core/packages/realsense2_description)
[6.207s] DEBUG:colcon.colcon_core.event_handler.log_command:Invoked command in '/home/ineogi2/ws/Biorobotics/ros2_ws/build/realsense2_camera' returned '1': AMENT_PREFIX_PATH=/home/ineogi2/ws/Biorobotics/ros2_ws/install/realsense2_camera_msgs:${AMENT_PREFIX_PATH} CMAKE_PREFIX_PATH=/home/ineogi2/ws/Biorobotics/ros2_ws/install/realsense2_camera_msgs:/opt/ros/foxy LD_LIBRARY_PATH=/home/ineogi2/ws/Biorobotics/ros2_ws/install/realsense2_camera_msgs/lib:${LD_LIBRARY_PATH} PYTHONPATH=/home/ineogi2/ws/Biorobotics/ros2_ws/install/realsense2_camera_msgs/lib/python3.8/site-packages:${PYTHONPATH} /usr/bin/cmake /home/ineogi2/ws/Biorobotics/ros2_ws/src/realsense-ros/realsense2_camera -DAMENT_CMAKE_SYMLINK_INSTALL=1 -DCMAKE_INSTALL_PREFIX=/home/ineogi2/ws/Biorobotics/ros2_ws/install/realsense2_camera
[6.214s] Level 1:colcon.colcon_core.environment:create_environment_scripts_only(realsense2_camera)
[6.215s] Level 1:colcon.colcon_core.environment:checking '/home/ineogi2/ws/Biorobotics/ros2_ws/install/realsense2_camera' for CMake module files
[6.215s] Level 1:colcon.colcon_core.environment:checking '/home/ineogi2/ws/Biorobotics/ros2_ws/install/realsense2_camera' for CMake config files
[6.215s] Level 1:colcon.colcon_core.environment:checking '/home/ineogi2/ws/Biorobotics/ros2_ws/install/realsense2_camera/bin'
[6.215s] Level 1:colcon.colcon_core.environment:checking '/home/ineogi2/ws/Biorobotics/ros2_ws/install/realsense2_camera/lib/pkgconfig/realsense2_camera.pc'
[6.215s] Level 1:colcon.colcon_core.environment:checking '/home/ineogi2/ws/Biorobotics/ros2_ws/install/realsense2_camera/lib/python3.8/site-packages'
[6.216s] Level 1:colcon.colcon_core.environment:checking '/home/ineogi2/ws/Biorobotics/ros2_ws/install/realsense2_camera/bin'
[6.216s] INFO:colcon.colcon_core.shell:Creating package script '/home/ineogi2/ws/Biorobotics/ros2_ws/install/realsense2_camera/share/realsense2_camera/package.ps1'
[6.216s] INFO:colcon.colcon_core.shell:Creating package descriptor '/home/ineogi2/ws/Biorobotics/ros2_ws/install/realsense2_camera/share/realsense2_camera/package.dsv'
[6.217s] INFO:colcon.colcon_core.shell:Creating package script '/home/ineogi2/ws/Biorobotics/ros2_ws/install/realsense2_camera/share/realsense2_camera/package.sh'
[6.217s] INFO:colcon.colcon_core.shell:Creating package script '/home/ineogi2/ws/Biorobotics/ros2_ws/install/realsense2_camera/share/realsense2_camera/package.bash'
[6.217s] INFO:colcon.colcon_core.shell:Creating package script '/home/ineogi2/ws/Biorobotics/ros2_ws/install/realsense2_camera/share/realsense2_camera/package.zsh'
[6.217s] Level 1:colcon.colcon_core.environment:create_file_with_runtime_dependencies(/home/ineogi2/ws/Biorobotics/ros2_ws/install/realsense2_camera/share/colcon-core/packages/realsense2_camera)
[6.218s] DEBUG:colcon.colcon_parallel_executor.executor.parallel:closing loop
[6.218s] DEBUG:colcon.colcon_parallel_executor.executor.parallel:loop closed
[6.218s] DEBUG:colcon.colcon_parallel_executor.executor.parallel:run_until_complete finished with '1'
[6.218s] DEBUG:colcon.colcon_core.event_reactor:joining thread
[6.222s] INFO:colcon.colcon_core.plugin_system:Skipping extension 'colcon_notification.desktop_notification.terminal_notifier': Not used on non-Darwin systems
[6.222s] INFO:colcon.colcon_core.plugin_system:Skipping extension 'colcon_notification.desktop_notification.win32': Not used on non-Windows systems
[6.222s] INFO:colcon.colcon_notification.desktop_notification:Sending desktop notification using 'notify2'
[6.233s] DEBUG:colcon.colcon_core.event_reactor:joined thread
[6.233s] INFO:colcon.colcon_core.shell:Creating prefix script '/home/ineogi2/ws/Biorobotics/ros2_ws/install/local_setup.ps1'
[6.234s] INFO:colcon.colcon_core.shell:Creating prefix util module '/home/ineogi2/ws/Biorobotics/ros2_ws/install/_local_setup_util_ps1.py'
[6.235s] INFO:colcon.colcon_core.shell:Creating prefix chain script '/home/ineogi2/ws/Biorobotics/ros2_ws/install/setup.ps1'
[6.235s] INFO:colcon.colcon_core.shell:Creating prefix script '/home/ineogi2/ws/Biorobotics/ros2_ws/install/local_setup.sh'
[6.236s] INFO:colcon.colcon_core.shell:Creating prefix util module '/home/ineogi2/ws/Biorobotics/ros2_ws/install/_local_setup_util_sh.py'
[6.236s] INFO:colcon.colcon_core.shell:Creating prefix chain script '/home/ineogi2/ws/Biorobotics/ros2_ws/install/setup.sh'
[6.237s] INFO:colcon.colcon_core.shell:Creating prefix script '/home/ineogi2/ws/Biorobotics/ros2_ws/install/local_setup.bash'
[6.237s] INFO:colcon.colcon_core.shell:Creating prefix chain script '/home/ineogi2/ws/Biorobotics/ros2_ws/install/setup.bash'
[6.238s] INFO:colcon.colcon_core.shell:Creating prefix script '/home/ineogi2/ws/Biorobotics/ros2_ws/install/local_setup.zsh'
[6.238s] INFO:colcon.colcon_core.shell:Creating prefix chain script '/home/ineogi2/ws/Biorobotics/ros2_ws/install/setup.zsh'
