[0.091s] DEBUG:colcon:Command line arguments: ['/usr/bin/colcon', 'build']
[0.091s] DEBUG:colcon:Parsed command line arguments: Namespace(allow_overriding=[], ament_cmake_args=None, base_paths=['.'], build_base='build', catkin_cmake_args=None, catkin_skip_building_tests=False, cmake_args=None, cmake_clean_cache=False, cmake_clean_first=False, cmake_force_configure=False, cmake_target=None, cmake_target_skip_unavailable=False, continue_on_error=False, event_handlers=None, executor='parallel', ignore_user_meta=False, install_base='install', log_base=None, log_level=None, main=<bound method BuildVerb.main of <colcon_core.verb.build.BuildVerb object at 0x7fbae936b3a0>>, merge_install=False, metas=['./colcon.meta'], packages_above=None, packages_above_and_dependencies=None, packages_above_depth=None, packages_end=None, packages_ignore=None, packages_ignore_regex=None, packages_select=None, packages_select_build_failed=False, packages_select_by_dep=None, packages_select_regex=None, packages_select_test_failures=False, packages_skip=None, packages_skip_build_finished=False, packages_skip_by_dep=None, packages_skip_regex=None, packages_skip_test_passed=False, packages_skip_up_to=None, packages_start=None, packages_up_to=None, packages_up_to_regex=None, parallel_workers=12, paths=None, symlink_install=False, test_result_base=None, verb_extension=<colcon_core.verb.build.BuildVerb object at 0x7fbae936b3a0>, verb_name='build', verb_parser=<colcon_defaults.argument_parser.defaults.DefaultArgumentsDecorator object at 0x7fbae936b8e0>)
[0.107s] Level 1:colcon.colcon_core.package_discovery:discover_packages(colcon_meta) check parameters
[0.107s] Level 1:colcon.colcon_core.package_discovery:discover_packages(recursive) check parameters
[0.107s] Level 1:colcon.colcon_core.package_discovery:discover_packages(ignore) check parameters
[0.107s] Level 1:colcon.colcon_core.package_discovery:discover_packages(path) check parameters
[0.107s] Level 1:colcon.colcon_core.package_discovery:discover_packages(colcon_meta) discover
[0.107s] Level 1:colcon.colcon_core.package_discovery:discover_packages(recursive) discover
[0.107s] INFO:colcon.colcon_core.package_discovery:Crawling recursively for packages in '/home/ineogi2/ros2_ws'
[0.107s] Level 1:colcon.colcon_core.package_identification:_identify(.) by extensions ['ignore', 'ignore_ament_install']
[0.107s] Level 1:colcon.colcon_core.package_identification:_identify(.) by extension 'ignore'
[0.107s] Level 1:colcon.colcon_core.package_identification:_identify(.) by extension 'ignore_ament_install'
[0.107s] Level 1:colcon.colcon_core.package_identification:_identify(.) by extensions ['colcon_pkg']
[0.107s] Level 1:colcon.colcon_core.package_identification:_identify(.) by extension 'colcon_pkg'
[0.107s] Level 1:colcon.colcon_core.package_identification:_identify(.) by extensions ['colcon_meta']
[0.107s] Level 1:colcon.colcon_core.package_identification:_identify(.) by extension 'colcon_meta'
[0.107s] Level 1:colcon.colcon_core.package_identification:_identify(.) by extensions ['ros']
[0.107s] Level 1:colcon.colcon_core.package_identification:_identify(.) by extension 'ros'
[0.114s] Level 1:colcon.colcon_core.package_identification:_identify(.) by extensions ['cmake', 'python']
[0.115s] Level 1:colcon.colcon_core.package_identification:_identify(.) by extension 'cmake'
[0.115s] Level 1:colcon.colcon_core.package_identification:_identify(.) by extension 'python'
[0.115s] Level 1:colcon.colcon_core.package_identification:_identify(.) by extensions ['python_setup_py']
[0.115s] Level 1:colcon.colcon_core.package_identification:_identify(.) by extension 'python_setup_py'
[0.115s] Level 1:colcon.colcon_core.package_identification:_identify(build) by extensions ['ignore', 'ignore_ament_install']
[0.115s] Level 1:colcon.colcon_core.package_identification:_identify(build) by extension 'ignore'
[0.115s] Level 1:colcon.colcon_core.package_identification:_identify(build) ignored
[0.115s] Level 1:colcon.colcon_core.package_identification:_identify(install) by extensions ['ignore', 'ignore_ament_install']
[0.115s] Level 1:colcon.colcon_core.package_identification:_identify(install) by extension 'ignore'
[0.115s] Level 1:colcon.colcon_core.package_identification:_identify(install) ignored
[0.115s] Level 1:colcon.colcon_core.package_identification:_identify(log) by extensions ['ignore', 'ignore_ament_install']
[0.115s] Level 1:colcon.colcon_core.package_identification:_identify(log) by extension 'ignore'
[0.115s] Level 1:colcon.colcon_core.package_identification:_identify(log) ignored
[0.115s] Level 1:colcon.colcon_core.package_identification:_identify(src) by extensions ['ignore', 'ignore_ament_install']
[0.115s] Level 1:colcon.colcon_core.package_identification:_identify(src) by extension 'ignore'
[0.116s] Level 1:colcon.colcon_core.package_identification:_identify(src) by extension 'ignore_ament_install'
[0.116s] Level 1:colcon.colcon_core.package_identification:_identify(src) by extensions ['colcon_pkg']
[0.116s] Level 1:colcon.colcon_core.package_identification:_identify(src) by extension 'colcon_pkg'
[0.116s] Level 1:colcon.colcon_core.package_identification:_identify(src) by extensions ['colcon_meta']
[0.116s] Level 1:colcon.colcon_core.package_identification:_identify(src) by extension 'colcon_meta'
[0.116s] Level 1:colcon.colcon_core.package_identification:_identify(src) by extensions ['ros']
[0.116s] Level 1:colcon.colcon_core.package_identification:_identify(src) by extension 'ros'
[0.116s] Level 1:colcon.colcon_core.package_identification:_identify(src) by extensions ['cmake', 'python']
[0.116s] Level 1:colcon.colcon_core.package_identification:_identify(src) by extension 'cmake'
[0.116s] Level 1:colcon.colcon_core.package_identification:_identify(src) by extension 'python'
[0.116s] Level 1:colcon.colcon_core.package_identification:_identify(src) by extensions ['python_setup_py']
[0.116s] Level 1:colcon.colcon_core.package_identification:_identify(src) by extension 'python_setup_py'
[0.116s] Level 1:colcon.colcon_core.package_identification:_identify(src/build) by extensions ['ignore', 'ignore_ament_install']
[0.116s] Level 1:colcon.colcon_core.package_identification:_identify(src/build) by extension 'ignore'
[0.116s] Level 1:colcon.colcon_core.package_identification:_identify(src/build) ignored
[0.116s] Level 1:colcon.colcon_core.package_identification:_identify(src/install) by extensions ['ignore', 'ignore_ament_install']
[0.116s] Level 1:colcon.colcon_core.package_identification:_identify(src/install) by extension 'ignore'
[0.116s] Level 1:colcon.colcon_core.package_identification:_identify(src/install) ignored
[0.116s] Level 1:colcon.colcon_core.package_identification:_identify(src/log) by extensions ['ignore', 'ignore_ament_install']
[0.116s] Level 1:colcon.colcon_core.package_identification:_identify(src/log) by extension 'ignore'
[0.116s] Level 1:colcon.colcon_core.package_identification:_identify(src/log) ignored
[0.116s] Level 1:colcon.colcon_core.package_identification:_identify(src/realsense-ros) by extensions ['ignore', 'ignore_ament_install']
[0.117s] Level 1:colcon.colcon_core.package_identification:_identify(src/realsense-ros) by extension 'ignore'
[0.117s] Level 1:colcon.colcon_core.package_identification:_identify(src/realsense-ros) by extension 'ignore_ament_install'
[0.117s] Level 1:colcon.colcon_core.package_identification:_identify(src/realsense-ros) by extensions ['colcon_pkg']
[0.117s] Level 1:colcon.colcon_core.package_identification:_identify(src/realsense-ros) by extension 'colcon_pkg'
[0.117s] Level 1:colcon.colcon_core.package_identification:_identify(src/realsense-ros) by extensions ['colcon_meta']
[0.117s] Level 1:colcon.colcon_core.package_identification:_identify(src/realsense-ros) by extension 'colcon_meta'
[0.117s] Level 1:colcon.colcon_core.package_identification:_identify(src/realsense-ros) by extensions ['ros']
[0.117s] Level 1:colcon.colcon_core.package_identification:_identify(src/realsense-ros) by extension 'ros'
[0.117s] Level 1:colcon.colcon_core.package_identification:_identify(src/realsense-ros) by extensions ['cmake', 'python']
[0.117s] Level 1:colcon.colcon_core.package_identification:_identify(src/realsense-ros) by extension 'cmake'
[0.117s] Level 1:colcon.colcon_core.package_identification:_identify(src/realsense-ros) by extension 'python'
[0.117s] Level 1:colcon.colcon_core.package_identification:_identify(src/realsense-ros) by extensions ['python_setup_py']
[0.117s] Level 1:colcon.colcon_core.package_identification:_identify(src/realsense-ros) by extension 'python_setup_py'
[0.117s] Level 1:colcon.colcon_core.package_identification:_identify(src/realsense-ros/realsense2_camera) by extensions ['ignore', 'ignore_ament_install']
[0.117s] Level 1:colcon.colcon_core.package_identification:_identify(src/realsense-ros/realsense2_camera) by extension 'ignore'
[0.117s] Level 1:colcon.colcon_core.package_identification:_identify(src/realsense-ros/realsense2_camera) by extension 'ignore_ament_install'
[0.117s] Level 1:colcon.colcon_core.package_identification:_identify(src/realsense-ros/realsense2_camera) by extensions ['colcon_pkg']
[0.117s] Level 1:colcon.colcon_core.package_identification:_identify(src/realsense-ros/realsense2_camera) by extension 'colcon_pkg'
[0.117s] Level 1:colcon.colcon_core.package_identification:_identify(src/realsense-ros/realsense2_camera) by extensions ['colcon_meta']
[0.117s] Level 1:colcon.colcon_core.package_identification:_identify(src/realsense-ros/realsense2_camera) by extension 'colcon_meta'
[0.117s] Level 1:colcon.colcon_core.package_identification:_identify(src/realsense-ros/realsense2_camera) by extensions ['ros']
[0.117s] Level 1:colcon.colcon_core.package_identification:_identify(src/realsense-ros/realsense2_camera) by extension 'ros'
[0.120s] DEBUG:colcon.colcon_core.package_identification:Package 'src/realsense-ros/realsense2_camera' with type 'ros.ament_cmake' and name 'realsense2_camera'
[0.120s] Level 1:colcon.colcon_core.package_identification:_identify(src/realsense-ros/realsense2_camera_msgs) by extensions ['ignore', 'ignore_ament_install']
[0.120s] Level 1:colcon.colcon_core.package_identification:_identify(src/realsense-ros/realsense2_camera_msgs) by extension 'ignore'
[0.120s] Level 1:colcon.colcon_core.package_identification:_identify(src/realsense-ros/realsense2_camera_msgs) by extension 'ignore_ament_install'
[0.120s] Level 1:colcon.colcon_core.package_identification:_identify(src/realsense-ros/realsense2_camera_msgs) by extensions ['colcon_pkg']
[0.120s] Level 1:colcon.colcon_core.package_identification:_identify(src/realsense-ros/realsense2_camera_msgs) by extension 'colcon_pkg'
[0.120s] Level 1:colcon.colcon_core.package_identification:_identify(src/realsense-ros/realsense2_camera_msgs) by extensions ['colcon_meta']
[0.120s] Level 1:colcon.colcon_core.package_identification:_identify(src/realsense-ros/realsense2_camera_msgs) by extension 'colcon_meta'
[0.120s] Level 1:colcon.colcon_core.package_identification:_identify(src/realsense-ros/realsense2_camera_msgs) by extensions ['ros']
[0.120s] Level 1:colcon.colcon_core.package_identification:_identify(src/realsense-ros/realsense2_camera_msgs) by extension 'ros'
[0.120s] DEBUG:colcon.colcon_core.package_identification:Package 'src/realsense-ros/realsense2_camera_msgs' with type 'ros.ament_cmake' and name 'realsense2_camera_msgs'
[0.120s] Level 1:colcon.colcon_core.package_identification:_identify(src/realsense-ros/realsense2_description) by extensions ['ignore', 'ignore_ament_install']
[0.121s] Level 1:colcon.colcon_core.package_identification:_identify(src/realsense-ros/realsense2_description) by extension 'ignore'
[0.121s] Level 1:colcon.colcon_core.package_identification:_identify(src/realsense-ros/realsense2_description) by extension 'ignore_ament_install'
[0.121s] Level 1:colcon.colcon_core.package_identification:_identify(src/realsense-ros/realsense2_description) by extensions ['colcon_pkg']
[0.121s] Level 1:colcon.colcon_core.package_identification:_identify(src/realsense-ros/realsense2_description) by extension 'colcon_pkg'
[0.121s] Level 1:colcon.colcon_core.package_identification:_identify(src/realsense-ros/realsense2_description) by extensions ['colcon_meta']
[0.121s] Level 1:colcon.colcon_core.package_identification:_identify(src/realsense-ros/realsense2_description) by extension 'colcon_meta'
[0.121s] Level 1:colcon.colcon_core.package_identification:_identify(src/realsense-ros/realsense2_description) by extensions ['ros']
[0.121s] Level 1:colcon.colcon_core.package_identification:_identify(src/realsense-ros/realsense2_description) by extension 'ros'
[0.121s] DEBUG:colcon.colcon_core.package_identification:Package 'src/realsense-ros/realsense2_description' with type 'ros.ament_cmake' and name 'realsense2_description'
[0.121s] Level 1:colcon.colcon_core.package_identification:_identify(src/ros_image) by extensions ['ignore', 'ignore_ament_install']
[0.121s] Level 1:colcon.colcon_core.package_identification:_identify(src/ros_image) by extension 'ignore'
[0.121s] Level 1:colcon.colcon_core.package_identification:_identify(src/ros_image) by extension 'ignore_ament_install'
[0.121s] Level 1:colcon.colcon_core.package_identification:_identify(src/ros_image) by extensions ['colcon_pkg']
[0.122s] Level 1:colcon.colcon_core.package_identification:_identify(src/ros_image) by extension 'colcon_pkg'
[0.122s] Level 1:colcon.colcon_core.package_identification:_identify(src/ros_image) by extensions ['colcon_meta']
[0.122s] Level 1:colcon.colcon_core.package_identification:_identify(src/ros_image) by extension 'colcon_meta'
[0.122s] Level 1:colcon.colcon_core.package_identification:_identify(src/ros_image) by extensions ['ros']
[0.122s] Level 1:colcon.colcon_core.package_identification:_identify(src/ros_image) by extension 'ros'
[0.122s] DEBUG:colcon.colcon_core.package_identification:Package 'src/ros_image' with type 'ros.ament_python' and name 'ros_image'
[0.122s] Level 1:colcon.colcon_core.package_identification:_identify(src/ros_teensy) by extensions ['ignore', 'ignore_ament_install']
[0.122s] Level 1:colcon.colcon_core.package_identification:_identify(src/ros_teensy) by extension 'ignore'
[0.122s] Level 1:colcon.colcon_core.package_identification:_identify(src/ros_teensy) by extension 'ignore_ament_install'
[0.122s] Level 1:colcon.colcon_core.package_identification:_identify(src/ros_teensy) by extensions ['colcon_pkg']
[0.122s] Level 1:colcon.colcon_core.package_identification:_identify(src/ros_teensy) by extension 'colcon_pkg'
[0.122s] Level 1:colcon.colcon_core.package_identification:_identify(src/ros_teensy) by extensions ['colcon_meta']
[0.122s] Level 1:colcon.colcon_core.package_identification:_identify(src/ros_teensy) by extension 'colcon_meta'
[0.122s] Level 1:colcon.colcon_core.package_identification:_identify(src/ros_teensy) by extensions ['ros']
[0.122s] Level 1:colcon.colcon_core.package_identification:_identify(src/ros_teensy) by extension 'ros'
[0.123s] DEBUG:colcon.colcon_core.package_identification:Package 'src/ros_teensy' with type 'ros.ament_python' and name 'ros_teensy'
[0.123s] Level 1:colcon.colcon_core.package_discovery:discover_packages(recursive) using defaults
[0.123s] Level 1:colcon.colcon_core.package_discovery:discover_packages(ignore) discover
[0.123s] Level 1:colcon.colcon_core.package_discovery:discover_packages(ignore) using defaults
[0.123s] Level 1:colcon.colcon_core.package_discovery:discover_packages(path) discover
[0.123s] Level 1:colcon.colcon_core.package_discovery:discover_packages(path) using defaults
[0.135s] Level 1:colcon.colcon_core.package_discovery:discover_packages(prefix_path) check parameters
[0.135s] Level 1:colcon.colcon_core.package_discovery:discover_packages(prefix_path) discover
[0.136s] DEBUG:colcon.colcon_installed_package_information.package_discovery:Found 3 installed packages in /home/ineogi2/microros_ws/install
[0.137s] DEBUG:colcon.colcon_installed_package_information.package_discovery:Found 5 installed packages in /home/ineogi2/ros2_ws/install
[0.138s] DEBUG:colcon.colcon_installed_package_information.package_discovery:Found 261 installed packages in /opt/ros/foxy
[0.139s] Level 1:colcon.colcon_core.package_discovery:discover_packages(prefix_path) using defaults
[0.191s] Level 5:colcon.colcon_core.verb:set package 'realsense2_camera_msgs' build argument 'cmake_args' from command line to 'None'
[0.191s] Level 5:colcon.colcon_core.verb:set package 'realsense2_camera_msgs' build argument 'cmake_target' from command line to 'None'
[0.191s] Level 5:colcon.colcon_core.verb:set package 'realsense2_camera_msgs' build argument 'cmake_target_skip_unavailable' from command line to 'False'
[0.191s] Level 5:colcon.colcon_core.verb:set package 'realsense2_camera_msgs' build argument 'cmake_clean_cache' from command line to 'False'
[0.191s] Level 5:colcon.colcon_core.verb:set package 'realsense2_camera_msgs' build argument 'cmake_clean_first' from command line to 'False'
[0.191s] Level 5:colcon.colcon_core.verb:set package 'realsense2_camera_msgs' build argument 'cmake_force_configure' from command line to 'False'
[0.191s] Level 5:colcon.colcon_core.verb:set package 'realsense2_camera_msgs' build argument 'ament_cmake_args' from command line to 'None'
[0.191s] Level 5:colcon.colcon_core.verb:set package 'realsense2_camera_msgs' build argument 'catkin_cmake_args' from command line to 'None'
[0.191s] Level 5:colcon.colcon_core.verb:set package 'realsense2_camera_msgs' build argument 'catkin_skip_building_tests' from command line to 'False'
[0.191s] DEBUG:colcon.colcon_core.verb:Building package 'realsense2_camera_msgs' with the following arguments: {'ament_cmake_args': None, 'build_base': '/home/ineogi2/ros2_ws/build/realsense2_camera_msgs', 'catkin_cmake_args': None, 'catkin_skip_building_tests': False, 'cmake_args': None, 'cmake_clean_cache': False, 'cmake_clean_first': False, 'cmake_force_configure': False, 'cmake_target': None, 'cmake_target_skip_unavailable': False, 'install_base': '/home/ineogi2/ros2_ws/install/realsense2_camera_msgs', 'merge_install': False, 'path': '/home/ineogi2/ros2_ws/src/realsense-ros/realsense2_camera_msgs', 'symlink_install': False, 'test_result_base': None}
[0.191s] Level 5:colcon.colcon_core.verb:set package 'ros_image' build argument 'cmake_args' from command line to 'None'
[0.191s] Level 5:colcon.colcon_core.verb:set package 'ros_image' build argument 'cmake_target' from command line to 'None'
[0.191s] Level 5:colcon.colcon_core.verb:set package 'ros_image' build argument 'cmake_target_skip_unavailable' from command line to 'False'
[0.191s] Level 5:colcon.colcon_core.verb:set package 'ros_image' build argument 'cmake_clean_cache' from command line to 'False'
[0.191s] Level 5:colcon.colcon_core.verb:set package 'ros_image' build argument 'cmake_clean_first' from command line to 'False'
[0.191s] Level 5:colcon.colcon_core.verb:set package 'ros_image' build argument 'cmake_force_configure' from command line to 'False'
[0.191s] Level 5:colcon.colcon_core.verb:set package 'ros_image' build argument 'ament_cmake_args' from command line to 'None'
[0.191s] Level 5:colcon.colcon_core.verb:set package 'ros_image' build argument 'catkin_cmake_args' from command line to 'None'
[0.191s] Level 5:colcon.colcon_core.verb:set package 'ros_image' build argument 'catkin_skip_building_tests' from command line to 'False'
[0.191s] DEBUG:colcon.colcon_core.verb:Building package 'ros_image' with the following arguments: {'ament_cmake_args': None, 'build_base': '/home/ineogi2/ros2_ws/build/ros_image', 'catkin_cmake_args': None, 'catkin_skip_building_tests': False, 'cmake_args': None, 'cmake_clean_cache': False, 'cmake_clean_first': False, 'cmake_force_configure': False, 'cmake_target': None, 'cmake_target_skip_unavailable': False, 'install_base': '/home/ineogi2/ros2_ws/install/ros_image', 'merge_install': False, 'path': '/home/ineogi2/ros2_ws/src/ros_image', 'symlink_install': False, 'test_result_base': None}
[0.192s] Level 5:colcon.colcon_core.verb:set package 'ros_teensy' build argument 'cmake_args' from command line to 'None'
[0.192s] Level 5:colcon.colcon_core.verb:set package 'ros_teensy' build argument 'cmake_target' from command line to 'None'
[0.192s] Level 5:colcon.colcon_core.verb:set package 'ros_teensy' build argument 'cmake_target_skip_unavailable' from command line to 'False'
[0.192s] Level 5:colcon.colcon_core.verb:set package 'ros_teensy' build argument 'cmake_clean_cache' from command line to 'False'
[0.192s] Level 5:colcon.colcon_core.verb:set package 'ros_teensy' build argument 'cmake_clean_first' from command line to 'False'
[0.192s] Level 5:colcon.colcon_core.verb:set package 'ros_teensy' build argument 'cmake_force_configure' from command line to 'False'
[0.192s] Level 5:colcon.colcon_core.verb:set package 'ros_teensy' build argument 'ament_cmake_args' from command line to 'None'
[0.192s] Level 5:colcon.colcon_core.verb:set package 'ros_teensy' build argument 'catkin_cmake_args' from command line to 'None'
[0.192s] Level 5:colcon.colcon_core.verb:set package 'ros_teensy' build argument 'catkin_skip_building_tests' from command line to 'False'
[0.192s] DEBUG:colcon.colcon_core.verb:Building package 'ros_teensy' with the following arguments: {'ament_cmake_args': None, 'build_base': '/home/ineogi2/ros2_ws/build/ros_teensy', 'catkin_cmake_args': None, 'catkin_skip_building_tests': False, 'cmake_args': None, 'cmake_clean_cache': False, 'cmake_clean_first': False, 'cmake_force_configure': False, 'cmake_target': None, 'cmake_target_skip_unavailable': False, 'install_base': '/home/ineogi2/ros2_ws/install/ros_teensy', 'merge_install': False, 'path': '/home/ineogi2/ros2_ws/src/ros_teensy', 'symlink_install': False, 'test_result_base': None}
[0.193s] Level 5:colcon.colcon_core.verb:set package 'realsense2_camera' build argument 'cmake_args' from command line to 'None'
[0.193s] Level 5:colcon.colcon_core.verb:set package 'realsense2_camera' build argument 'cmake_target' from command line to 'None'
[0.193s] Level 5:colcon.colcon_core.verb:set package 'realsense2_camera' build argument 'cmake_target_skip_unavailable' from command line to 'False'
[0.193s] Level 5:colcon.colcon_core.verb:set package 'realsense2_camera' build argument 'cmake_clean_cache' from command line to 'False'
[0.193s] Level 5:colcon.colcon_core.verb:set package 'realsense2_camera' build argument 'cmake_clean_first' from command line to 'False'
[0.193s] Level 5:colcon.colcon_core.verb:set package 'realsense2_camera' build argument 'cmake_force_configure' from command line to 'False'
[0.193s] Level 5:colcon.colcon_core.verb:set package 'realsense2_camera' build argument 'ament_cmake_args' from command line to 'None'
[0.193s] Level 5:colcon.colcon_core.verb:set package 'realsense2_camera' build argument 'catkin_cmake_args' from command line to 'None'
[0.193s] Level 5:colcon.colcon_core.verb:set package 'realsense2_camera' build argument 'catkin_skip_building_tests' from command line to 'False'
[0.193s] DEBUG:colcon.colcon_core.verb:Building package 'realsense2_camera' with the following arguments: {'ament_cmake_args': None, 'build_base': '/home/ineogi2/ros2_ws/build/realsense2_camera', 'catkin_cmake_args': None, 'catkin_skip_building_tests': False, 'cmake_args': None, 'cmake_clean_cache': False, 'cmake_clean_first': False, 'cmake_force_configure': False, 'cmake_target': None, 'cmake_target_skip_unavailable': False, 'install_base': '/home/ineogi2/ros2_ws/install/realsense2_camera', 'merge_install': False, 'path': '/home/ineogi2/ros2_ws/src/realsense-ros/realsense2_camera', 'symlink_install': False, 'test_result_base': None}
[0.193s] Level 5:colcon.colcon_core.verb:set package 'realsense2_description' build argument 'cmake_args' from command line to 'None'
[0.193s] Level 5:colcon.colcon_core.verb:set package 'realsense2_description' build argument 'cmake_target' from command line to 'None'
[0.193s] Level 5:colcon.colcon_core.verb:set package 'realsense2_description' build argument 'cmake_target_skip_unavailable' from command line to 'False'
[0.193s] Level 5:colcon.colcon_core.verb:set package 'realsense2_description' build argument 'cmake_clean_cache' from command line to 'False'
[0.193s] Level 5:colcon.colcon_core.verb:set package 'realsense2_description' build argument 'cmake_clean_first' from command line to 'False'
[0.193s] Level 5:colcon.colcon_core.verb:set package 'realsense2_description' build argument 'cmake_force_configure' from command line to 'False'
[0.193s] Level 5:colcon.colcon_core.verb:set package 'realsense2_description' build argument 'ament_cmake_args' from command line to 'None'
[0.193s] Level 5:colcon.colcon_core.verb:set package 'realsense2_description' build argument 'catkin_cmake_args' from command line to 'None'
[0.193s] Level 5:colcon.colcon_core.verb:set package 'realsense2_description' build argument 'catkin_skip_building_tests' from command line to 'False'
[0.193s] DEBUG:colcon.colcon_core.verb:Building package 'realsense2_description' with the following arguments: {'ament_cmake_args': None, 'build_base': '/home/ineogi2/ros2_ws/build/realsense2_description', 'catkin_cmake_args': None, 'catkin_skip_building_tests': False, 'cmake_args': None, 'cmake_clean_cache': False, 'cmake_clean_first': False, 'cmake_force_configure': False, 'cmake_target': None, 'cmake_target_skip_unavailable': False, 'install_base': '/home/ineogi2/ros2_ws/install/realsense2_description', 'merge_install': False, 'path': '/home/ineogi2/ros2_ws/src/realsense-ros/realsense2_description', 'symlink_install': False, 'test_result_base': None}
[0.194s] INFO:colcon.colcon_core.executor:Executing jobs using 'parallel' executor
[0.195s] DEBUG:colcon.colcon_parallel_executor.executor.parallel:run_until_complete
[0.195s] INFO:colcon.colcon_ros.task.ament_cmake.build:Building ROS package in '/home/ineogi2/ros2_ws/src/realsense-ros/realsense2_camera_msgs' with build type 'ament_cmake'
[0.195s] INFO:colcon.colcon_cmake.task.cmake.build:Building CMake package in '/home/ineogi2/ros2_ws/src/realsense-ros/realsense2_camera_msgs'
[0.198s] INFO:colcon.colcon_core.plugin_system:Skipping extension 'colcon_core.shell.bat': Not used on non-Windows systems
[0.198s] INFO:colcon.colcon_core.shell:Skip shell extension 'powershell' for command environment: Not usable outside of PowerShell
[0.198s] DEBUG:colcon.colcon_core.shell:Skip shell extension 'dsv' for command environment
[0.202s] INFO:colcon.colcon_ros.task.ament_python.build:Building ROS package in '/home/ineogi2/ros2_ws/src/ros_image' with build type 'ament_python'
[0.202s] Level 1:colcon.colcon_core.shell:create_environment_hook('ros_image', 'ament_prefix_path')
[0.203s] INFO:colcon.colcon_core.shell:Creating environment hook '/home/ineogi2/ros2_ws/install/ros_image/share/ros_image/hook/ament_prefix_path.ps1'
[0.203s] INFO:colcon.colcon_core.shell:Creating environment descriptor '/home/ineogi2/ros2_ws/install/ros_image/share/ros_image/hook/ament_prefix_path.dsv'
[0.204s] INFO:colcon.colcon_core.shell:Creating environment hook '/home/ineogi2/ros2_ws/install/ros_image/share/ros_image/hook/ament_prefix_path.sh'
[0.204s] INFO:colcon.colcon_core.shell:Skip shell extension 'powershell' for command environment: Not usable outside of PowerShell
[0.204s] DEBUG:colcon.colcon_core.shell:Skip shell extension 'dsv' for command environment
[0.208s] INFO:colcon.colcon_ros.task.ament_python.build:Building ROS package in '/home/ineogi2/ros2_ws/src/ros_teensy' with build type 'ament_python'
[0.208s] Level 1:colcon.colcon_core.shell:create_environment_hook('ros_teensy', 'ament_prefix_path')
[0.209s] INFO:colcon.colcon_core.shell:Creating environment hook '/home/ineogi2/ros2_ws/install/ros_teensy/share/ros_teensy/hook/ament_prefix_path.ps1'
[0.210s] INFO:colcon.colcon_core.shell:Creating environment descriptor '/home/ineogi2/ros2_ws/install/ros_teensy/share/ros_teensy/hook/ament_prefix_path.dsv'
[0.210s] INFO:colcon.colcon_core.shell:Creating environment hook '/home/ineogi2/ros2_ws/install/ros_teensy/share/ros_teensy/hook/ament_prefix_path.sh'
[0.210s] INFO:colcon.colcon_core.shell:Skip shell extension 'powershell' for command environment: Not usable outside of PowerShell
[0.211s] DEBUG:colcon.colcon_core.shell:Skip shell extension 'dsv' for command environment
[0.219s] DEBUG:colcon.colcon_core.event_handler.log_command:Invoking command in '/home/ineogi2/ros2_ws/build/realsense2_camera_msgs': CMAKE_PREFIX_PATH=${CMAKE_PREFIX_PATH}:/home/ineogi2/ros2_ws/install/ros_teensy:/home/ineogi2/ros2_ws/install/ros_image:/opt/ros/foxy /usr/bin/cmake /home/ineogi2/ros2_ws/src/realsense-ros/realsense2_camera_msgs -DCMAKE_INSTALL_PREFIX=/home/ineogi2/ros2_ws/install/realsense2_camera_msgs
[0.394s] INFO:colcon.colcon_core.task.python.build:Building Python package in '/home/ineogi2/ros2_ws/src/ros_image'
[0.395s] INFO:colcon.colcon_core.shell:Skip shell extension 'powershell' for command environment: Not usable outside of PowerShell
[0.395s] DEBUG:colcon.colcon_core.shell:Skip shell extension 'dsv' for command environment
[0.569s] INFO:colcon.colcon_core.task.python.build:Building Python package in '/home/ineogi2/ros2_ws/src/ros_teensy'
[0.570s] INFO:colcon.colcon_core.shell:Skip shell extension 'powershell' for command environment: Not usable outside of PowerShell
[0.570s] DEBUG:colcon.colcon_core.shell:Skip shell extension 'dsv' for command environment
[0.873s] DEBUG:colcon.colcon_core.event_handler.log_command:Invoking command in '/home/ineogi2/ros2_ws/build/ros_teensy': PYTHONPATH=/home/ineogi2/ros2_ws/install/ros_teensy/lib/python3.8/site-packages:${PYTHONPATH} /usr/bin/python3 setup.py develop --prefix /home/ineogi2/ros2_ws/install/ros_teensy --uninstall --editable --build-directory /home/ineogi2/ros2_ws/build/ros_teensy/build
[0.876s] DEBUG:colcon.colcon_core.event_handler.log_command:Invoking command in '/home/ineogi2/ros2_ws/build/ros_image': PYTHONPATH=/home/ineogi2/ros2_ws/install/ros_image/lib/python3.8/site-packages:${PYTHONPATH} /usr/bin/python3 setup.py develop --prefix /home/ineogi2/ros2_ws/install/ros_image --uninstall --editable --build-directory /home/ineogi2/ros2_ws/build/ros_image/build
[1.068s] DEBUG:colcon.colcon_core.event_handler.log_command:Invoked command in '/home/ineogi2/ros2_ws/build/realsense2_camera_msgs' returned '0': CMAKE_PREFIX_PATH=${CMAKE_PREFIX_PATH}:/home/ineogi2/ros2_ws/install/ros_teensy:/home/ineogi2/ros2_ws/install/ros_image:/opt/ros/foxy /usr/bin/cmake /home/ineogi2/ros2_ws/src/realsense-ros/realsense2_camera_msgs -DCMAKE_INSTALL_PREFIX=/home/ineogi2/ros2_ws/install/realsense2_camera_msgs
[1.070s] DEBUG:colcon.colcon_core.event_handler.log_command:Invoking command in '/home/ineogi2/ros2_ws/build/realsense2_camera_msgs': CMAKE_PREFIX_PATH=${CMAKE_PREFIX_PATH}:/home/ineogi2/ros2_ws/install/ros_teensy:/home/ineogi2/ros2_ws/install/ros_image:/opt/ros/foxy /usr/bin/cmake --build /home/ineogi2/ros2_ws/build/realsense2_camera_msgs -- -j12 -l12
[1.191s] DEBUG:colcon.colcon_core.event_handler.log_command:Invoked command in '/home/ineogi2/ros2_ws/build/ros_image' returned '0': PYTHONPATH=/home/ineogi2/ros2_ws/install/ros_image/lib/python3.8/site-packages:${PYTHONPATH} /usr/bin/python3 setup.py develop --prefix /home/ineogi2/ros2_ws/install/ros_image --uninstall --editable --build-directory /home/ineogi2/ros2_ws/build/ros_image/build
[1.193s] DEBUG:colcon.colcon_core.event_handler.log_command:Invoking command in '/home/ineogi2/ros2_ws/src/ros_image': PYTHONPATH=/home/ineogi2/ros2_ws/install/ros_image/lib/python3.8/site-packages:${PYTHONPATH} /usr/bin/python3 setup.py egg_info --egg-base ../../build/ros_image build --build-base /home/ineogi2/ros2_ws/build/ros_image/build install --prefix /home/ineogi2/ros2_ws/install/ros_image --record /home/ineogi2/ros2_ws/build/ros_image/install.log --single-version-externally-managed
[1.198s] DEBUG:colcon.colcon_core.event_handler.log_command:Invoked command in '/home/ineogi2/ros2_ws/build/ros_teensy' returned '0': PYTHONPATH=/home/ineogi2/ros2_ws/install/ros_teensy/lib/python3.8/site-packages:${PYTHONPATH} /usr/bin/python3 setup.py develop --prefix /home/ineogi2/ros2_ws/install/ros_teensy --uninstall --editable --build-directory /home/ineogi2/ros2_ws/build/ros_teensy/build
[1.200s] DEBUG:colcon.colcon_core.event_handler.log_command:Invoking command in '/home/ineogi2/ros2_ws/src/ros_teensy': PYTHONPATH=/home/ineogi2/ros2_ws/install/ros_teensy/lib/python3.8/site-packages:${PYTHONPATH} /usr/bin/python3 setup.py egg_info --egg-base ../../build/ros_teensy build --build-base /home/ineogi2/ros2_ws/build/ros_teensy/build install --prefix /home/ineogi2/ros2_ws/install/ros_teensy --record /home/ineogi2/ros2_ws/build/ros_teensy/install.log --single-version-externally-managed
[1.250s] DEBUG:colcon.colcon_core.event_handler.log_command:Invoked command in '/home/ineogi2/ros2_ws/build/realsense2_camera_msgs' returned '0': CMAKE_PREFIX_PATH=${CMAKE_PREFIX_PATH}:/home/ineogi2/ros2_ws/install/ros_teensy:/home/ineogi2/ros2_ws/install/ros_image:/opt/ros/foxy /usr/bin/cmake --build /home/ineogi2/ros2_ws/build/realsense2_camera_msgs -- -j12 -l12
[1.323s] DEBUG:colcon.colcon_core.event_handler.log_command:Invoking command in '/home/ineogi2/ros2_ws/build/realsense2_camera_msgs': CMAKE_PREFIX_PATH=${CMAKE_PREFIX_PATH}:/home/ineogi2/ros2_ws/install/ros_teensy:/home/ineogi2/ros2_ws/install/ros_image:/opt/ros/foxy /usr/bin/cmake --install /home/ineogi2/ros2_ws/build/realsense2_camera_msgs
[1.385s] Level 1:colcon.colcon_core.environment:create_environment_scripts_only(realsense2_camera_msgs)
[1.386s] DEBUG:colcon.colcon_core.event_handler.log_command:Invoked command in '/home/ineogi2/ros2_ws/build/realsense2_camera_msgs' returned '0': CMAKE_PREFIX_PATH=${CMAKE_PREFIX_PATH}:/home/ineogi2/ros2_ws/install/ros_teensy:/home/ineogi2/ros2_ws/install/ros_image:/opt/ros/foxy /usr/bin/cmake --install /home/ineogi2/ros2_ws/build/realsense2_camera_msgs
[1.389s] Level 1:colcon.colcon_core.environment:checking '/home/ineogi2/ros2_ws/install/realsense2_camera_msgs' for CMake module files
[1.389s] Level 1:colcon.colcon_core.environment:checking '/home/ineogi2/ros2_ws/install/realsense2_camera_msgs' for CMake config files
[1.389s] Level 1:colcon.colcon_core.shell:create_environment_hook('realsense2_camera_msgs', 'cmake_prefix_path')
[1.390s] INFO:colcon.colcon_core.shell:Creating environment hook '/home/ineogi2/ros2_ws/install/realsense2_camera_msgs/share/realsense2_camera_msgs/hook/cmake_prefix_path.ps1'
[1.390s] INFO:colcon.colcon_core.shell:Creating environment descriptor '/home/ineogi2/ros2_ws/install/realsense2_camera_msgs/share/realsense2_camera_msgs/hook/cmake_prefix_path.dsv'
[1.390s] INFO:colcon.colcon_core.shell:Creating environment hook '/home/ineogi2/ros2_ws/install/realsense2_camera_msgs/share/realsense2_camera_msgs/hook/cmake_prefix_path.sh'
[1.391s] Level 1:colcon.colcon_core.environment:checking '/home/ineogi2/ros2_ws/install/realsense2_camera_msgs/lib'
[1.391s] Level 1:colcon.colcon_core.shell:create_environment_hook('realsense2_camera_msgs', 'ld_library_path_lib')
[1.391s] INFO:colcon.colcon_core.shell:Creating environment hook '/home/ineogi2/ros2_ws/install/realsense2_camera_msgs/share/realsense2_camera_msgs/hook/ld_library_path_lib.ps1'
[1.392s] INFO:colcon.colcon_core.shell:Creating environment descriptor '/home/ineogi2/ros2_ws/install/realsense2_camera_msgs/share/realsense2_camera_msgs/hook/ld_library_path_lib.dsv'
[1.392s] INFO:colcon.colcon_core.shell:Creating environment hook '/home/ineogi2/ros2_ws/install/realsense2_camera_msgs/share/realsense2_camera_msgs/hook/ld_library_path_lib.sh'
[1.392s] Level 1:colcon.colcon_core.environment:checking '/home/ineogi2/ros2_ws/install/realsense2_camera_msgs/bin'
[1.392s] Level 1:colcon.colcon_core.environment:checking '/home/ineogi2/ros2_ws/install/realsense2_camera_msgs/lib/pkgconfig/realsense2_camera_msgs.pc'
[1.392s] Level 1:colcon.colcon_core.environment:checking '/home/ineogi2/ros2_ws/install/realsense2_camera_msgs/lib/python3.8/site-packages'
[1.392s] Level 1:colcon.colcon_core.shell:create_environment_hook('realsense2_camera_msgs', 'pythonpath')
[1.393s] INFO:colcon.colcon_core.shell:Creating environment hook '/home/ineogi2/ros2_ws/install/realsense2_camera_msgs/share/realsense2_camera_msgs/hook/pythonpath.ps1'
[1.394s] INFO:colcon.colcon_core.shell:Creating environment descriptor '/home/ineogi2/ros2_ws/install/realsense2_camera_msgs/share/realsense2_camera_msgs/hook/pythonpath.dsv'
[1.394s] INFO:colcon.colcon_core.shell:Creating environment hook '/home/ineogi2/ros2_ws/install/realsense2_camera_msgs/share/realsense2_camera_msgs/hook/pythonpath.sh'
[1.394s] Level 1:colcon.colcon_core.environment:checking '/home/ineogi2/ros2_ws/install/realsense2_camera_msgs/bin'
[1.395s] INFO:colcon.colcon_core.shell:Creating package script '/home/ineogi2/ros2_ws/install/realsense2_camera_msgs/share/realsense2_camera_msgs/package.ps1'
[1.395s] INFO:colcon.colcon_core.shell:Creating package descriptor '/home/ineogi2/ros2_ws/install/realsense2_camera_msgs/share/realsense2_camera_msgs/package.dsv'
[1.396s] INFO:colcon.colcon_core.shell:Creating package script '/home/ineogi2/ros2_ws/install/realsense2_camera_msgs/share/realsense2_camera_msgs/package.sh'
[1.396s] INFO:colcon.colcon_core.shell:Creating package script '/home/ineogi2/ros2_ws/install/realsense2_camera_msgs/share/realsense2_camera_msgs/package.bash'
[1.397s] INFO:colcon.colcon_core.shell:Creating package script '/home/ineogi2/ros2_ws/install/realsense2_camera_msgs/share/realsense2_camera_msgs/package.zsh'
[1.397s] Level 1:colcon.colcon_core.environment:create_file_with_runtime_dependencies(/home/ineogi2/ros2_ws/install/realsense2_camera_msgs/share/colcon-core/packages/realsense2_camera_msgs)
[1.451s] Level 1:colcon.colcon_core.environment:checking '/home/ineogi2/ros2_ws/install/ros_image' for CMake module files
[1.451s] DEBUG:colcon.colcon_core.event_handler.log_command:Invoked command in '/home/ineogi2/ros2_ws/src/ros_image' returned '0': PYTHONPATH=/home/ineogi2/ros2_ws/install/ros_image/lib/python3.8/site-packages:${PYTHONPATH} /usr/bin/python3 setup.py egg_info --egg-base ../../build/ros_image build --build-base /home/ineogi2/ros2_ws/build/ros_image/build install --prefix /home/ineogi2/ros2_ws/install/ros_image --record /home/ineogi2/ros2_ws/build/ros_image/install.log --single-version-externally-managed
[1.452s] Level 1:colcon.colcon_core.environment:checking '/home/ineogi2/ros2_ws/install/ros_image' for CMake config files
[1.452s] Level 1:colcon.colcon_core.environment:checking '/home/ineogi2/ros2_ws/install/ros_image/lib'
[1.452s] Level 1:colcon.colcon_core.environment:checking '/home/ineogi2/ros2_ws/install/ros_image/bin'
[1.452s] Level 1:colcon.colcon_core.environment:checking '/home/ineogi2/ros2_ws/install/ros_image/lib/pkgconfig/ros_image.pc'
[1.453s] Level 1:colcon.colcon_core.environment:checking '/home/ineogi2/ros2_ws/install/ros_image/lib/python3.8/site-packages'
[1.453s] Level 1:colcon.colcon_core.shell:create_environment_hook('ros_image', 'pythonpath')
[1.453s] INFO:colcon.colcon_core.shell:Creating environment hook '/home/ineogi2/ros2_ws/install/ros_image/share/ros_image/hook/pythonpath.ps1'
[1.453s] INFO:colcon.colcon_core.shell:Creating environment descriptor '/home/ineogi2/ros2_ws/install/ros_image/share/ros_image/hook/pythonpath.dsv'
[1.454s] INFO:colcon.colcon_core.shell:Creating environment hook '/home/ineogi2/ros2_ws/install/ros_image/share/ros_image/hook/pythonpath.sh'
[1.454s] Level 1:colcon.colcon_core.environment:checking '/home/ineogi2/ros2_ws/install/ros_image/bin'
[1.454s] Level 1:colcon.colcon_core.environment:create_environment_scripts_only(ros_image)
[1.455s] INFO:colcon.colcon_core.shell:Creating package script '/home/ineogi2/ros2_ws/install/ros_image/share/ros_image/package.ps1'
[1.455s] INFO:colcon.colcon_core.shell:Creating package descriptor '/home/ineogi2/ros2_ws/install/ros_image/share/ros_image/package.dsv'
[1.455s] INFO:colcon.colcon_core.shell:Creating package script '/home/ineogi2/ros2_ws/install/ros_image/share/ros_image/package.sh'
[1.456s] INFO:colcon.colcon_core.shell:Creating package script '/home/ineogi2/ros2_ws/install/ros_image/share/ros_image/package.bash'
[1.456s] INFO:colcon.colcon_core.shell:Creating package script '/home/ineogi2/ros2_ws/install/ros_image/share/ros_image/package.zsh'
[1.456s] Level 1:colcon.colcon_core.environment:create_file_with_runtime_dependencies(/home/ineogi2/ros2_ws/install/ros_image/share/colcon-core/packages/ros_image)
[1.458s] Level 1:colcon.colcon_core.environment:checking '/home/ineogi2/ros2_ws/install/ros_teensy' for CMake module files
[1.458s] DEBUG:colcon.colcon_core.event_handler.log_command:Invoked command in '/home/ineogi2/ros2_ws/src/ros_teensy' returned '0': PYTHONPATH=/home/ineogi2/ros2_ws/install/ros_teensy/lib/python3.8/site-packages:${PYTHONPATH} /usr/bin/python3 setup.py egg_info --egg-base ../../build/ros_teensy build --build-base /home/ineogi2/ros2_ws/build/ros_teensy/build install --prefix /home/ineogi2/ros2_ws/install/ros_teensy --record /home/ineogi2/ros2_ws/build/ros_teensy/install.log --single-version-externally-managed
[1.458s] Level 1:colcon.colcon_core.environment:checking '/home/ineogi2/ros2_ws/install/ros_teensy' for CMake config files
[1.459s] Level 1:colcon.colcon_core.environment:checking '/home/ineogi2/ros2_ws/install/ros_teensy/lib'
[1.459s] Level 1:colcon.colcon_core.environment:checking '/home/ineogi2/ros2_ws/install/ros_teensy/bin'
[1.459s] Level 1:colcon.colcon_core.environment:checking '/home/ineogi2/ros2_ws/install/ros_teensy/lib/pkgconfig/ros_teensy.pc'
[1.459s] Level 1:colcon.colcon_core.environment:checking '/home/ineogi2/ros2_ws/install/ros_teensy/lib/python3.8/site-packages'
[1.459s] Level 1:colcon.colcon_core.shell:create_environment_hook('ros_teensy', 'pythonpath')
[1.460s] INFO:colcon.colcon_core.shell:Creating environment hook '/home/ineogi2/ros2_ws/install/ros_teensy/share/ros_teensy/hook/pythonpath.ps1'
[1.460s] INFO:colcon.colcon_core.shell:Creating environment descriptor '/home/ineogi2/ros2_ws/install/ros_teensy/share/ros_teensy/hook/pythonpath.dsv'
[1.460s] INFO:colcon.colcon_core.shell:Creating environment hook '/home/ineogi2/ros2_ws/install/ros_teensy/share/ros_teensy/hook/pythonpath.sh'
[1.460s] Level 1:colcon.colcon_core.environment:checking '/home/ineogi2/ros2_ws/install/ros_teensy/bin'
[1.460s] Level 1:colcon.colcon_core.environment:create_environment_scripts_only(ros_teensy)
[1.461s] INFO:colcon.colcon_core.shell:Creating package script '/home/ineogi2/ros2_ws/install/ros_teensy/share/ros_teensy/package.ps1'
[1.461s] INFO:colcon.colcon_core.shell:Creating package descriptor '/home/ineogi2/ros2_ws/install/ros_teensy/share/ros_teensy/package.dsv'
[1.462s] INFO:colcon.colcon_core.shell:Creating package script '/home/ineogi2/ros2_ws/install/ros_teensy/share/ros_teensy/package.sh'
[1.462s] INFO:colcon.colcon_core.shell:Creating package script '/home/ineogi2/ros2_ws/install/ros_teensy/share/ros_teensy/package.bash'
[1.462s] INFO:colcon.colcon_core.shell:Creating package script '/home/ineogi2/ros2_ws/install/ros_teensy/share/ros_teensy/package.zsh'
[1.462s] Level 1:colcon.colcon_core.environment:create_file_with_runtime_dependencies(/home/ineogi2/ros2_ws/install/ros_teensy/share/colcon-core/packages/ros_teensy)
[1.464s] Level 1:colcon.colcon_core.environment:create_environment_scripts_only(realsense2_camera_msgs)
[1.464s] Level 1:colcon.colcon_core.environment:checking '/home/ineogi2/ros2_ws/install/realsense2_camera_msgs' for CMake module files
[1.465s] Level 1:colcon.colcon_core.environment:checking '/home/ineogi2/ros2_ws/install/realsense2_camera_msgs' for CMake config files
[1.465s] Level 1:colcon.colcon_core.shell:create_environment_hook('realsense2_camera_msgs', 'cmake_prefix_path')
[1.465s] INFO:colcon.colcon_core.shell:Creating environment hook '/home/ineogi2/ros2_ws/install/realsense2_camera_msgs/share/realsense2_camera_msgs/hook/cmake_prefix_path.ps1'
[1.466s] INFO:colcon.colcon_core.shell:Creating environment descriptor '/home/ineogi2/ros2_ws/install/realsense2_camera_msgs/share/realsense2_camera_msgs/hook/cmake_prefix_path.dsv'
[1.466s] INFO:colcon.colcon_core.shell:Creating environment hook '/home/ineogi2/ros2_ws/install/realsense2_camera_msgs/share/realsense2_camera_msgs/hook/cmake_prefix_path.sh'
[1.466s] Level 1:colcon.colcon_core.environment:checking '/home/ineogi2/ros2_ws/install/realsense2_camera_msgs/lib'
[1.466s] Level 1:colcon.colcon_core.shell:create_environment_hook('realsense2_camera_msgs', 'ld_library_path_lib')
[1.467s] INFO:colcon.colcon_core.shell:Creating environment hook '/home/ineogi2/ros2_ws/install/realsense2_camera_msgs/share/realsense2_camera_msgs/hook/ld_library_path_lib.ps1'
[1.467s] INFO:colcon.colcon_core.shell:Creating environment descriptor '/home/ineogi2/ros2_ws/install/realsense2_camera_msgs/share/realsense2_camera_msgs/hook/ld_library_path_lib.dsv'
[1.467s] INFO:colcon.colcon_core.shell:Creating environment hook '/home/ineogi2/ros2_ws/install/realsense2_camera_msgs/share/realsense2_camera_msgs/hook/ld_library_path_lib.sh'
[1.467s] Level 1:colcon.colcon_core.environment:checking '/home/ineogi2/ros2_ws/install/realsense2_camera_msgs/bin'
[1.467s] Level 1:colcon.colcon_core.environment:checking '/home/ineogi2/ros2_ws/install/realsense2_camera_msgs/lib/pkgconfig/realsense2_camera_msgs.pc'
[1.467s] Level 1:colcon.colcon_core.environment:checking '/home/ineogi2/ros2_ws/install/realsense2_camera_msgs/lib/python3.8/site-packages'
[1.467s] Level 1:colcon.colcon_core.shell:create_environment_hook('realsense2_camera_msgs', 'pythonpath')
[1.468s] INFO:colcon.colcon_core.shell:Creating environment hook '/home/ineogi2/ros2_ws/install/realsense2_camera_msgs/share/realsense2_camera_msgs/hook/pythonpath.ps1'
[1.468s] INFO:colcon.colcon_core.shell:Creating environment descriptor '/home/ineogi2/ros2_ws/install/realsense2_camera_msgs/share/realsense2_camera_msgs/hook/pythonpath.dsv'
[1.468s] INFO:colcon.colcon_core.shell:Creating environment hook '/home/ineogi2/ros2_ws/install/realsense2_camera_msgs/share/realsense2_camera_msgs/hook/pythonpath.sh'
[1.469s] Level 1:colcon.colcon_core.environment:checking '/home/ineogi2/ros2_ws/install/realsense2_camera_msgs/bin'
[1.469s] INFO:colcon.colcon_core.shell:Creating package script '/home/ineogi2/ros2_ws/install/realsense2_camera_msgs/share/realsense2_camera_msgs/package.ps1'
[1.469s] INFO:colcon.colcon_core.shell:Creating package descriptor '/home/ineogi2/ros2_ws/install/realsense2_camera_msgs/share/realsense2_camera_msgs/package.dsv'
[1.470s] INFO:colcon.colcon_core.shell:Creating package script '/home/ineogi2/ros2_ws/install/realsense2_camera_msgs/share/realsense2_camera_msgs/package.sh'
[1.470s] INFO:colcon.colcon_core.shell:Creating package script '/home/ineogi2/ros2_ws/install/realsense2_camera_msgs/share/realsense2_camera_msgs/package.bash'
[1.470s] INFO:colcon.colcon_core.shell:Creating package script '/home/ineogi2/ros2_ws/install/realsense2_camera_msgs/share/realsense2_camera_msgs/package.zsh'
[1.470s] Level 1:colcon.colcon_core.environment:create_file_with_runtime_dependencies(/home/ineogi2/ros2_ws/install/realsense2_camera_msgs/share/colcon-core/packages/realsense2_camera_msgs)
[1.471s] INFO:colcon.colcon_ros.task.ament_cmake.build:Building ROS package in '/home/ineogi2/ros2_ws/src/realsense-ros/realsense2_camera' with build type 'ament_cmake'
[1.471s] INFO:colcon.colcon_cmake.task.cmake.build:Building CMake package in '/home/ineogi2/ros2_ws/src/realsense-ros/realsense2_camera'
[1.471s] INFO:colcon.colcon_core.shell:Skip shell extension 'powershell' for command environment: Not usable outside of PowerShell
[1.471s] DEBUG:colcon.colcon_core.shell:Skip shell extension 'dsv' for command environment
[1.475s] INFO:colcon.colcon_ros.task.ament_cmake.build:Building ROS package in '/home/ineogi2/ros2_ws/src/realsense-ros/realsense2_description' with build type 'ament_cmake'
[1.476s] INFO:colcon.colcon_cmake.task.cmake.build:Building CMake package in '/home/ineogi2/ros2_ws/src/realsense-ros/realsense2_description'
[1.477s] INFO:colcon.colcon_core.shell:Skip shell extension 'powershell' for command environment: Not usable outside of PowerShell
[1.477s] DEBUG:colcon.colcon_core.shell:Skip shell extension 'dsv' for command environment
[1.485s] DEBUG:colcon.colcon_core.event_handler.log_command:Invoking command in '/home/ineogi2/ros2_ws/build/realsense2_camera': CMAKE_PREFIX_PATH=/home/ineogi2/ros2_ws/install/realsense2_camera_msgs:/home/ineogi2/microros_ws/install/micro_ros_setup:/home/ineogi2/microros_ws/install/micro_ros_agent:/home/ineogi2/microros_ws/install/micro_ros_msgs:/home/ineogi2/ros2_ws/install/realsense2_description:/home/ineogi2/ros2_ws/install/realsense2_camera:/home/ineogi2/ros2_ws/install/ros_teensy:/home/ineogi2/ros2_ws/install/ros_image:/opt/ros/foxy LD_LIBRARY_PATH=/home/ineogi2/ros2_ws/install/realsense2_camera_msgs/lib:/home/ineogi2/ros2_ws/install/realsense2_camera/lib:/usr/local/cuda-11.2/lib64:/home/ineogi2/microros_ws/install/micro_ros_agent/lib:/home/ineogi2/microros_ws/install/micro_ros_msgs/lib:/home/ineogi2/microros_ws/install/drive_base_msgs/lib:/opt/ros/foxy/opt/yaml_cpp_vendor/lib:/opt/ros/foxy/opt/rviz_ogre_vendor/lib:/opt/ros/foxy/lib/x86_64-linux-gnu:/opt/ros/foxy/lib:/usr/local/cuda-11.2/lib64:/usr/local/cuda-11.2/lib64 PYTHONPATH=/home/ineogi2/ros2_ws/install/realsense2_camera_msgs/lib/python3.8/site-packages:/home/ineogi2/microros_ws/install/micro_ros_msgs/lib/python3.8/site-packages:/home/ineogi2/ros2_ws/build/ros_teensy:/home/ineogi2/ros2_ws/install/ros_teensy/lib/python3.8/site-packages:/home/ineogi2/ros2_ws/build/ros_image:/home/ineogi2/ros2_ws/install/ros_image/lib/python3.8/site-packages:/opt/ros/foxy/lib/python3.8/site-packages /usr/bin/cmake /home/ineogi2/ros2_ws/src/realsense-ros/realsense2_camera -DCMAKE_INSTALL_PREFIX=/home/ineogi2/ros2_ws/install/realsense2_camera
[1.488s] DEBUG:colcon.colcon_core.event_handler.log_command:Invoking command in '/home/ineogi2/ros2_ws/build/realsense2_description': CMAKE_PREFIX_PATH=/home/ineogi2/ros2_ws/install/realsense2_camera_msgs:/home/ineogi2/microros_ws/install/micro_ros_setup:/home/ineogi2/microros_ws/install/micro_ros_agent:/home/ineogi2/microros_ws/install/micro_ros_msgs:/home/ineogi2/ros2_ws/install/realsense2_description:/home/ineogi2/ros2_ws/install/realsense2_camera:/home/ineogi2/ros2_ws/install/ros_teensy:/home/ineogi2/ros2_ws/install/ros_image:/opt/ros/foxy LD_LIBRARY_PATH=/home/ineogi2/ros2_ws/install/realsense2_camera_msgs/lib:/home/ineogi2/ros2_ws/install/realsense2_camera/lib:/usr/local/cuda-11.2/lib64:/home/ineogi2/microros_ws/install/micro_ros_agent/lib:/home/ineogi2/microros_ws/install/micro_ros_msgs/lib:/home/ineogi2/microros_ws/install/drive_base_msgs/lib:/opt/ros/foxy/opt/yaml_cpp_vendor/lib:/opt/ros/foxy/opt/rviz_ogre_vendor/lib:/opt/ros/foxy/lib/x86_64-linux-gnu:/opt/ros/foxy/lib:/usr/local/cuda-11.2/lib64:/usr/local/cuda-11.2/lib64 PYTHONPATH=/home/ineogi2/ros2_ws/install/realsense2_camera_msgs/lib/python3.8/site-packages:/home/ineogi2/microros_ws/install/micro_ros_msgs/lib/python3.8/site-packages:/home/ineogi2/ros2_ws/build/ros_teensy:/home/ineogi2/ros2_ws/install/ros_teensy/lib/python3.8/site-packages:/home/ineogi2/ros2_ws/build/ros_image:/home/ineogi2/ros2_ws/install/ros_image/lib/python3.8/site-packages:/opt/ros/foxy/lib/python3.8/site-packages /usr/bin/cmake /home/ineogi2/ros2_ws/src/realsense-ros/realsense2_description -DCMAKE_INSTALL_PREFIX=/home/ineogi2/ros2_ws/install/realsense2_description
[1.725s] DEBUG:colcon.colcon_core.event_handler.log_command:Invoked command in '/home/ineogi2/ros2_ws/build/realsense2_description' returned '0': CMAKE_PREFIX_PATH=/home/ineogi2/ros2_ws/install/realsense2_camera_msgs:/home/ineogi2/microros_ws/install/micro_ros_setup:/home/ineogi2/microros_ws/install/micro_ros_agent:/home/ineogi2/microros_ws/install/micro_ros_msgs:/home/ineogi2/ros2_ws/install/realsense2_description:/home/ineogi2/ros2_ws/install/realsense2_camera:/home/ineogi2/ros2_ws/install/ros_teensy:/home/ineogi2/ros2_ws/install/ros_image:/opt/ros/foxy LD_LIBRARY_PATH=/home/ineogi2/ros2_ws/install/realsense2_camera_msgs/lib:/home/ineogi2/ros2_ws/install/realsense2_camera/lib:/usr/local/cuda-11.2/lib64:/home/ineogi2/microros_ws/install/micro_ros_agent/lib:/home/ineogi2/microros_ws/install/micro_ros_msgs/lib:/home/ineogi2/microros_ws/install/drive_base_msgs/lib:/opt/ros/foxy/opt/yaml_cpp_vendor/lib:/opt/ros/foxy/opt/rviz_ogre_vendor/lib:/opt/ros/foxy/lib/x86_64-linux-gnu:/opt/ros/foxy/lib:/usr/local/cuda-11.2/lib64:/usr/local/cuda-11.2/lib64 PYTHONPATH=/home/ineogi2/ros2_ws/install/realsense2_camera_msgs/lib/python3.8/site-packages:/home/ineogi2/microros_ws/install/micro_ros_msgs/lib/python3.8/site-packages:/home/ineogi2/ros2_ws/build/ros_teensy:/home/ineogi2/ros2_ws/install/ros_teensy/lib/python3.8/site-packages:/home/ineogi2/ros2_ws/build/ros_image:/home/ineogi2/ros2_ws/install/ros_image/lib/python3.8/site-packages:/opt/ros/foxy/lib/python3.8/site-packages /usr/bin/cmake /home/ineogi2/ros2_ws/src/realsense-ros/realsense2_description -DCMAKE_INSTALL_PREFIX=/home/ineogi2/ros2_ws/install/realsense2_description
[1.727s] DEBUG:colcon.colcon_core.event_handler.log_command:Invoking command in '/home/ineogi2/ros2_ws/build/realsense2_description': CMAKE_PREFIX_PATH=/home/ineogi2/ros2_ws/install/realsense2_camera_msgs:/home/ineogi2/microros_ws/install/micro_ros_setup:/home/ineogi2/microros_ws/install/micro_ros_agent:/home/ineogi2/microros_ws/install/micro_ros_msgs:/home/ineogi2/ros2_ws/install/realsense2_description:/home/ineogi2/ros2_ws/install/realsense2_camera:/home/ineogi2/ros2_ws/install/ros_teensy:/home/ineogi2/ros2_ws/install/ros_image:/opt/ros/foxy LD_LIBRARY_PATH=/home/ineogi2/ros2_ws/install/realsense2_camera_msgs/lib:/home/ineogi2/ros2_ws/install/realsense2_camera/lib:/usr/local/cuda-11.2/lib64:/home/ineogi2/microros_ws/install/micro_ros_agent/lib:/home/ineogi2/microros_ws/install/micro_ros_msgs/lib:/home/ineogi2/microros_ws/install/drive_base_msgs/lib:/opt/ros/foxy/opt/yaml_cpp_vendor/lib:/opt/ros/foxy/opt/rviz_ogre_vendor/lib:/opt/ros/foxy/lib/x86_64-linux-gnu:/opt/ros/foxy/lib:/usr/local/cuda-11.2/lib64:/usr/local/cuda-11.2/lib64 PYTHONPATH=/home/ineogi2/ros2_ws/install/realsense2_camera_msgs/lib/python3.8/site-packages:/home/ineogi2/microros_ws/install/micro_ros_msgs/lib/python3.8/site-packages:/home/ineogi2/ros2_ws/build/ros_teensy:/home/ineogi2/ros2_ws/install/ros_teensy/lib/python3.8/site-packages:/home/ineogi2/ros2_ws/build/ros_image:/home/ineogi2/ros2_ws/install/ros_image/lib/python3.8/site-packages:/opt/ros/foxy/lib/python3.8/site-packages /usr/bin/cmake --build /home/ineogi2/ros2_ws/build/realsense2_description -- -j12 -l12
[1.751s] DEBUG:colcon.colcon_core.event_handler.log_command:Invoked command in '/home/ineogi2/ros2_ws/build/realsense2_description' returned '0': CMAKE_PREFIX_PATH=/home/ineogi2/ros2_ws/install/realsense2_camera_msgs:/home/ineogi2/microros_ws/install/micro_ros_setup:/home/ineogi2/microros_ws/install/micro_ros_agent:/home/ineogi2/microros_ws/install/micro_ros_msgs:/home/ineogi2/ros2_ws/install/realsense2_description:/home/ineogi2/ros2_ws/install/realsense2_camera:/home/ineogi2/ros2_ws/install/ros_teensy:/home/ineogi2/ros2_ws/install/ros_image:/opt/ros/foxy LD_LIBRARY_PATH=/home/ineogi2/ros2_ws/install/realsense2_camera_msgs/lib:/home/ineogi2/ros2_ws/install/realsense2_camera/lib:/usr/local/cuda-11.2/lib64:/home/ineogi2/microros_ws/install/micro_ros_agent/lib:/home/ineogi2/microros_ws/install/micro_ros_msgs/lib:/home/ineogi2/microros_ws/install/drive_base_msgs/lib:/opt/ros/foxy/opt/yaml_cpp_vendor/lib:/opt/ros/foxy/opt/rviz_ogre_vendor/lib:/opt/ros/foxy/lib/x86_64-linux-gnu:/opt/ros/foxy/lib:/usr/local/cuda-11.2/lib64:/usr/local/cuda-11.2/lib64 PYTHONPATH=/home/ineogi2/ros2_ws/install/realsense2_camera_msgs/lib/python3.8/site-packages:/home/ineogi2/microros_ws/install/micro_ros_msgs/lib/python3.8/site-packages:/home/ineogi2/ros2_ws/build/ros_teensy:/home/ineogi2/ros2_ws/install/ros_teensy/lib/python3.8/site-packages:/home/ineogi2/ros2_ws/build/ros_image:/home/ineogi2/ros2_ws/install/ros_image/lib/python3.8/site-packages:/opt/ros/foxy/lib/python3.8/site-packages /usr/bin/cmake --build /home/ineogi2/ros2_ws/build/realsense2_description -- -j12 -l12
[1.768s] DEBUG:colcon.colcon_core.event_handler.log_command:Invoking command in '/home/ineogi2/ros2_ws/build/realsense2_description': CMAKE_PREFIX_PATH=/home/ineogi2/ros2_ws/install/realsense2_camera_msgs:/home/ineogi2/microros_ws/install/micro_ros_setup:/home/ineogi2/microros_ws/install/micro_ros_agent:/home/ineogi2/microros_ws/install/micro_ros_msgs:/home/ineogi2/ros2_ws/install/realsense2_description:/home/ineogi2/ros2_ws/install/realsense2_camera:/home/ineogi2/ros2_ws/install/ros_teensy:/home/ineogi2/ros2_ws/install/ros_image:/opt/ros/foxy LD_LIBRARY_PATH=/home/ineogi2/ros2_ws/install/realsense2_camera_msgs/lib:/home/ineogi2/ros2_ws/install/realsense2_camera/lib:/usr/local/cuda-11.2/lib64:/home/ineogi2/microros_ws/install/micro_ros_agent/lib:/home/ineogi2/microros_ws/install/micro_ros_msgs/lib:/home/ineogi2/microros_ws/install/drive_base_msgs/lib:/opt/ros/foxy/opt/yaml_cpp_vendor/lib:/opt/ros/foxy/opt/rviz_ogre_vendor/lib:/opt/ros/foxy/lib/x86_64-linux-gnu:/opt/ros/foxy/lib:/usr/local/cuda-11.2/lib64:/usr/local/cuda-11.2/lib64 PYTHONPATH=/home/ineogi2/ros2_ws/install/realsense2_camera_msgs/lib/python3.8/site-packages:/home/ineogi2/microros_ws/install/micro_ros_msgs/lib/python3.8/site-packages:/home/ineogi2/ros2_ws/build/ros_teensy:/home/ineogi2/ros2_ws/install/ros_teensy/lib/python3.8/site-packages:/home/ineogi2/ros2_ws/build/ros_image:/home/ineogi2/ros2_ws/install/ros_image/lib/python3.8/site-packages:/opt/ros/foxy/lib/python3.8/site-packages /usr/bin/cmake --install /home/ineogi2/ros2_ws/build/realsense2_description
[1.786s] Level 1:colcon.colcon_core.environment:create_environment_scripts_only(realsense2_description)
[1.787s] Level 1:colcon.colcon_core.environment:checking '/home/ineogi2/ros2_ws/install/realsense2_description' for CMake module files
[1.787s] DEBUG:colcon.colcon_core.event_handler.log_command:Invoked command in '/home/ineogi2/ros2_ws/build/realsense2_description' returned '0': CMAKE_PREFIX_PATH=/home/ineogi2/ros2_ws/install/realsense2_camera_msgs:/home/ineogi2/microros_ws/install/micro_ros_setup:/home/ineogi2/microros_ws/install/micro_ros_agent:/home/ineogi2/microros_ws/install/micro_ros_msgs:/home/ineogi2/ros2_ws/install/realsense2_description:/home/ineogi2/ros2_ws/install/realsense2_camera:/home/ineogi2/ros2_ws/install/ros_teensy:/home/ineogi2/ros2_ws/install/ros_image:/opt/ros/foxy LD_LIBRARY_PATH=/home/ineogi2/ros2_ws/install/realsense2_camera_msgs/lib:/home/ineogi2/ros2_ws/install/realsense2_camera/lib:/usr/local/cuda-11.2/lib64:/home/ineogi2/microros_ws/install/micro_ros_agent/lib:/home/ineogi2/microros_ws/install/micro_ros_msgs/lib:/home/ineogi2/microros_ws/install/drive_base_msgs/lib:/opt/ros/foxy/opt/yaml_cpp_vendor/lib:/opt/ros/foxy/opt/rviz_ogre_vendor/lib:/opt/ros/foxy/lib/x86_64-linux-gnu:/opt/ros/foxy/lib:/usr/local/cuda-11.2/lib64:/usr/local/cuda-11.2/lib64 PYTHONPATH=/home/ineogi2/ros2_ws/install/realsense2_camera_msgs/lib/python3.8/site-packages:/home/ineogi2/microros_ws/install/micro_ros_msgs/lib/python3.8/site-packages:/home/ineogi2/ros2_ws/build/ros_teensy:/home/ineogi2/ros2_ws/install/ros_teensy/lib/python3.8/site-packages:/home/ineogi2/ros2_ws/build/ros_image:/home/ineogi2/ros2_ws/install/ros_image/lib/python3.8/site-packages:/opt/ros/foxy/lib/python3.8/site-packages /usr/bin/cmake --install /home/ineogi2/ros2_ws/build/realsense2_description
[1.788s] Level 1:colcon.colcon_core.environment:checking '/home/ineogi2/ros2_ws/install/realsense2_description' for CMake config files
[1.788s] Level 1:colcon.colcon_core.shell:create_environment_hook('realsense2_description', 'cmake_prefix_path')
[1.789s] INFO:colcon.colcon_core.shell:Creating environment hook '/home/ineogi2/ros2_ws/install/realsense2_description/share/realsense2_description/hook/cmake_prefix_path.ps1'
[1.789s] INFO:colcon.colcon_core.shell:Creating environment descriptor '/home/ineogi2/ros2_ws/install/realsense2_description/share/realsense2_description/hook/cmake_prefix_path.dsv'
[1.789s] INFO:colcon.colcon_core.shell:Creating environment hook '/home/ineogi2/ros2_ws/install/realsense2_description/share/realsense2_description/hook/cmake_prefix_path.sh'
[1.790s] Level 1:colcon.colcon_core.environment:checking '/home/ineogi2/ros2_ws/install/realsense2_description/bin'
[1.790s] Level 1:colcon.colcon_core.environment:checking '/home/ineogi2/ros2_ws/install/realsense2_description/lib/pkgconfig/realsense2_description.pc'
[1.790s] Level 1:colcon.colcon_core.environment:checking '/home/ineogi2/ros2_ws/install/realsense2_description/lib/python3.8/site-packages'
[1.790s] Level 1:colcon.colcon_core.environment:checking '/home/ineogi2/ros2_ws/install/realsense2_description/bin'
[1.791s] INFO:colcon.colcon_core.shell:Creating package script '/home/ineogi2/ros2_ws/install/realsense2_description/share/realsense2_description/package.ps1'
[1.791s] INFO:colcon.colcon_core.shell:Creating package descriptor '/home/ineogi2/ros2_ws/install/realsense2_description/share/realsense2_description/package.dsv'
[1.791s] INFO:colcon.colcon_core.shell:Creating package script '/home/ineogi2/ros2_ws/install/realsense2_description/share/realsense2_description/package.sh'
[1.791s] INFO:colcon.colcon_core.shell:Creating package script '/home/ineogi2/ros2_ws/install/realsense2_description/share/realsense2_description/package.bash'
[1.792s] INFO:colcon.colcon_core.shell:Creating package script '/home/ineogi2/ros2_ws/install/realsense2_description/share/realsense2_description/package.zsh'
[1.792s] Level 1:colcon.colcon_core.environment:create_file_with_runtime_dependencies(/home/ineogi2/ros2_ws/install/realsense2_description/share/colcon-core/packages/realsense2_description)
[1.807s] Level 1:colcon.colcon_core.environment:create_environment_scripts_only(realsense2_description)
[1.808s] Level 1:colcon.colcon_core.environment:checking '/home/ineogi2/ros2_ws/install/realsense2_description' for CMake module files
[1.808s] Level 1:colcon.colcon_core.environment:checking '/home/ineogi2/ros2_ws/install/realsense2_description' for CMake config files
[1.808s] Level 1:colcon.colcon_core.shell:create_environment_hook('realsense2_description', 'cmake_prefix_path')
[1.808s] INFO:colcon.colcon_core.shell:Creating environment hook '/home/ineogi2/ros2_ws/install/realsense2_description/share/realsense2_description/hook/cmake_prefix_path.ps1'
[1.809s] INFO:colcon.colcon_core.shell:Creating environment descriptor '/home/ineogi2/ros2_ws/install/realsense2_description/share/realsense2_description/hook/cmake_prefix_path.dsv'
[1.809s] INFO:colcon.colcon_core.shell:Creating environment hook '/home/ineogi2/ros2_ws/install/realsense2_description/share/realsense2_description/hook/cmake_prefix_path.sh'
[1.809s] Level 1:colcon.colcon_core.environment:checking '/home/ineogi2/ros2_ws/install/realsense2_description/bin'
[1.809s] Level 1:colcon.colcon_core.environment:checking '/home/ineogi2/ros2_ws/install/realsense2_description/lib/pkgconfig/realsense2_description.pc'
[1.810s] Level 1:colcon.colcon_core.environment:checking '/home/ineogi2/ros2_ws/install/realsense2_description/lib/python3.8/site-packages'
[1.810s] Level 1:colcon.colcon_core.environment:checking '/home/ineogi2/ros2_ws/install/realsense2_description/bin'
[1.810s] INFO:colcon.colcon_core.shell:Creating package script '/home/ineogi2/ros2_ws/install/realsense2_description/share/realsense2_description/package.ps1'
[1.810s] INFO:colcon.colcon_core.shell:Creating package descriptor '/home/ineogi2/ros2_ws/install/realsense2_description/share/realsense2_description/package.dsv'
[1.811s] INFO:colcon.colcon_core.shell:Creating package script '/home/ineogi2/ros2_ws/install/realsense2_description/share/realsense2_description/package.sh'
[1.811s] INFO:colcon.colcon_core.shell:Creating package script '/home/ineogi2/ros2_ws/install/realsense2_description/share/realsense2_description/package.bash'
[1.811s] INFO:colcon.colcon_core.shell:Creating package script '/home/ineogi2/ros2_ws/install/realsense2_description/share/realsense2_description/package.zsh'
[1.811s] Level 1:colcon.colcon_core.environment:create_file_with_runtime_dependencies(/home/ineogi2/ros2_ws/install/realsense2_description/share/colcon-core/packages/realsense2_description)
[2.639s] DEBUG:colcon.colcon_core.event_handler.log_command:Invoked command in '/home/ineogi2/ros2_ws/build/realsense2_camera' returned '0': CMAKE_PREFIX_PATH=/home/ineogi2/ros2_ws/install/realsense2_camera_msgs:/home/ineogi2/microros_ws/install/micro_ros_setup:/home/ineogi2/microros_ws/install/micro_ros_agent:/home/ineogi2/microros_ws/install/micro_ros_msgs:/home/ineogi2/ros2_ws/install/realsense2_description:/home/ineogi2/ros2_ws/install/realsense2_camera:/home/ineogi2/ros2_ws/install/ros_teensy:/home/ineogi2/ros2_ws/install/ros_image:/opt/ros/foxy LD_LIBRARY_PATH=/home/ineogi2/ros2_ws/install/realsense2_camera_msgs/lib:/home/ineogi2/ros2_ws/install/realsense2_camera/lib:/usr/local/cuda-11.2/lib64:/home/ineogi2/microros_ws/install/micro_ros_agent/lib:/home/ineogi2/microros_ws/install/micro_ros_msgs/lib:/home/ineogi2/microros_ws/install/drive_base_msgs/lib:/opt/ros/foxy/opt/yaml_cpp_vendor/lib:/opt/ros/foxy/opt/rviz_ogre_vendor/lib:/opt/ros/foxy/lib/x86_64-linux-gnu:/opt/ros/foxy/lib:/usr/local/cuda-11.2/lib64:/usr/local/cuda-11.2/lib64 PYTHONPATH=/home/ineogi2/ros2_ws/install/realsense2_camera_msgs/lib/python3.8/site-packages:/home/ineogi2/microros_ws/install/micro_ros_msgs/lib/python3.8/site-packages:/home/ineogi2/ros2_ws/build/ros_teensy:/home/ineogi2/ros2_ws/install/ros_teensy/lib/python3.8/site-packages:/home/ineogi2/ros2_ws/build/ros_image:/home/ineogi2/ros2_ws/install/ros_image/lib/python3.8/site-packages:/opt/ros/foxy/lib/python3.8/site-packages /usr/bin/cmake /home/ineogi2/ros2_ws/src/realsense-ros/realsense2_camera -DCMAKE_INSTALL_PREFIX=/home/ineogi2/ros2_ws/install/realsense2_camera
[2.640s] DEBUG:colcon.colcon_core.event_handler.log_command:Invoking command in '/home/ineogi2/ros2_ws/build/realsense2_camera': CMAKE_PREFIX_PATH=/home/ineogi2/ros2_ws/install/realsense2_camera_msgs:/home/ineogi2/microros_ws/install/micro_ros_setup:/home/ineogi2/microros_ws/install/micro_ros_agent:/home/ineogi2/microros_ws/install/micro_ros_msgs:/home/ineogi2/ros2_ws/install/realsense2_description:/home/ineogi2/ros2_ws/install/realsense2_camera:/home/ineogi2/ros2_ws/install/ros_teensy:/home/ineogi2/ros2_ws/install/ros_image:/opt/ros/foxy LD_LIBRARY_PATH=/home/ineogi2/ros2_ws/install/realsense2_camera_msgs/lib:/home/ineogi2/ros2_ws/install/realsense2_camera/lib:/usr/local/cuda-11.2/lib64:/home/ineogi2/microros_ws/install/micro_ros_agent/lib:/home/ineogi2/microros_ws/install/micro_ros_msgs/lib:/home/ineogi2/microros_ws/install/drive_base_msgs/lib:/opt/ros/foxy/opt/yaml_cpp_vendor/lib:/opt/ros/foxy/opt/rviz_ogre_vendor/lib:/opt/ros/foxy/lib/x86_64-linux-gnu:/opt/ros/foxy/lib:/usr/local/cuda-11.2/lib64:/usr/local/cuda-11.2/lib64 PYTHONPATH=/home/ineogi2/ros2_ws/install/realsense2_camera_msgs/lib/python3.8/site-packages:/home/ineogi2/microros_ws/install/micro_ros_msgs/lib/python3.8/site-packages:/home/ineogi2/ros2_ws/build/ros_teensy:/home/ineogi2/ros2_ws/install/ros_teensy/lib/python3.8/site-packages:/home/ineogi2/ros2_ws/build/ros_image:/home/ineogi2/ros2_ws/install/ros_image/lib/python3.8/site-packages:/opt/ros/foxy/lib/python3.8/site-packages /usr/bin/cmake --build /home/ineogi2/ros2_ws/build/realsense2_camera -- -j12 -l12
[2.700s] DEBUG:colcon.colcon_core.event_handler.log_command:Invoked command in '/home/ineogi2/ros2_ws/build/realsense2_camera' returned '0': CMAKE_PREFIX_PATH=/home/ineogi2/ros2_ws/install/realsense2_camera_msgs:/home/ineogi2/microros_ws/install/micro_ros_setup:/home/ineogi2/microros_ws/install/micro_ros_agent:/home/ineogi2/microros_ws/install/micro_ros_msgs:/home/ineogi2/ros2_ws/install/realsense2_description:/home/ineogi2/ros2_ws/install/realsense2_camera:/home/ineogi2/ros2_ws/install/ros_teensy:/home/ineogi2/ros2_ws/install/ros_image:/opt/ros/foxy LD_LIBRARY_PATH=/home/ineogi2/ros2_ws/install/realsense2_camera_msgs/lib:/home/ineogi2/ros2_ws/install/realsense2_camera/lib:/usr/local/cuda-11.2/lib64:/home/ineogi2/microros_ws/install/micro_ros_agent/lib:/home/ineogi2/microros_ws/install/micro_ros_msgs/lib:/home/ineogi2/microros_ws/install/drive_base_msgs/lib:/opt/ros/foxy/opt/yaml_cpp_vendor/lib:/opt/ros/foxy/opt/rviz_ogre_vendor/lib:/opt/ros/foxy/lib/x86_64-linux-gnu:/opt/ros/foxy/lib:/usr/local/cuda-11.2/lib64:/usr/local/cuda-11.2/lib64 PYTHONPATH=/home/ineogi2/ros2_ws/install/realsense2_camera_msgs/lib/python3.8/site-packages:/home/ineogi2/microros_ws/install/micro_ros_msgs/lib/python3.8/site-packages:/home/ineogi2/ros2_ws/build/ros_teensy:/home/ineogi2/ros2_ws/install/ros_teensy/lib/python3.8/site-packages:/home/ineogi2/ros2_ws/build/ros_image:/home/ineogi2/ros2_ws/install/ros_image/lib/python3.8/site-packages:/opt/ros/foxy/lib/python3.8/site-packages /usr/bin/cmake --build /home/ineogi2/ros2_ws/build/realsense2_camera -- -j12 -l12
[2.721s] DEBUG:colcon.colcon_core.event_handler.log_command:Invoking command in '/home/ineogi2/ros2_ws/build/realsense2_camera': CMAKE_PREFIX_PATH=/home/ineogi2/ros2_ws/install/realsense2_camera_msgs:/home/ineogi2/microros_ws/install/micro_ros_setup:/home/ineogi2/microros_ws/install/micro_ros_agent:/home/ineogi2/microros_ws/install/micro_ros_msgs:/home/ineogi2/ros2_ws/install/realsense2_description:/home/ineogi2/ros2_ws/install/realsense2_camera:/home/ineogi2/ros2_ws/install/ros_teensy:/home/ineogi2/ros2_ws/install/ros_image:/opt/ros/foxy LD_LIBRARY_PATH=/home/ineogi2/ros2_ws/install/realsense2_camera_msgs/lib:/home/ineogi2/ros2_ws/install/realsense2_camera/lib:/usr/local/cuda-11.2/lib64:/home/ineogi2/microros_ws/install/micro_ros_agent/lib:/home/ineogi2/microros_ws/install/micro_ros_msgs/lib:/home/ineogi2/microros_ws/install/drive_base_msgs/lib:/opt/ros/foxy/opt/yaml_cpp_vendor/lib:/opt/ros/foxy/opt/rviz_ogre_vendor/lib:/opt/ros/foxy/lib/x86_64-linux-gnu:/opt/ros/foxy/lib:/usr/local/cuda-11.2/lib64:/usr/local/cuda-11.2/lib64 PYTHONPATH=/home/ineogi2/ros2_ws/install/realsense2_camera_msgs/lib/python3.8/site-packages:/home/ineogi2/microros_ws/install/micro_ros_msgs/lib/python3.8/site-packages:/home/ineogi2/ros2_ws/build/ros_teensy:/home/ineogi2/ros2_ws/install/ros_teensy/lib/python3.8/site-packages:/home/ineogi2/ros2_ws/build/ros_image:/home/ineogi2/ros2_ws/install/ros_image/lib/python3.8/site-packages:/opt/ros/foxy/lib/python3.8/site-packages /usr/bin/cmake --install /home/ineogi2/ros2_ws/build/realsense2_camera
[2.741s] Level 1:colcon.colcon_core.environment:create_environment_scripts_only(realsense2_camera)
[2.742s] Level 1:colcon.colcon_core.environment:checking '/home/ineogi2/ros2_ws/install/realsense2_camera' for CMake module files
[2.742s] DEBUG:colcon.colcon_core.event_handler.log_command:Invoked command in '/home/ineogi2/ros2_ws/build/realsense2_camera' returned '0': CMAKE_PREFIX_PATH=/home/ineogi2/ros2_ws/install/realsense2_camera_msgs:/home/ineogi2/microros_ws/install/micro_ros_setup:/home/ineogi2/microros_ws/install/micro_ros_agent:/home/ineogi2/microros_ws/install/micro_ros_msgs:/home/ineogi2/ros2_ws/install/realsense2_description:/home/ineogi2/ros2_ws/install/realsense2_camera:/home/ineogi2/ros2_ws/install/ros_teensy:/home/ineogi2/ros2_ws/install/ros_image:/opt/ros/foxy LD_LIBRARY_PATH=/home/ineogi2/ros2_ws/install/realsense2_camera_msgs/lib:/home/ineogi2/ros2_ws/install/realsense2_camera/lib:/usr/local/cuda-11.2/lib64:/home/ineogi2/microros_ws/install/micro_ros_agent/lib:/home/ineogi2/microros_ws/install/micro_ros_msgs/lib:/home/ineogi2/microros_ws/install/drive_base_msgs/lib:/opt/ros/foxy/opt/yaml_cpp_vendor/lib:/opt/ros/foxy/opt/rviz_ogre_vendor/lib:/opt/ros/foxy/lib/x86_64-linux-gnu:/opt/ros/foxy/lib:/usr/local/cuda-11.2/lib64:/usr/local/cuda-11.2/lib64 PYTHONPATH=/home/ineogi2/ros2_ws/install/realsense2_camera_msgs/lib/python3.8/site-packages:/home/ineogi2/microros_ws/install/micro_ros_msgs/lib/python3.8/site-packages:/home/ineogi2/ros2_ws/build/ros_teensy:/home/ineogi2/ros2_ws/install/ros_teensy/lib/python3.8/site-packages:/home/ineogi2/ros2_ws/build/ros_image:/home/ineogi2/ros2_ws/install/ros_image/lib/python3.8/site-packages:/opt/ros/foxy/lib/python3.8/site-packages /usr/bin/cmake --install /home/ineogi2/ros2_ws/build/realsense2_camera
[2.743s] Level 1:colcon.colcon_core.environment:checking '/home/ineogi2/ros2_ws/install/realsense2_camera' for CMake config files
[2.743s] Level 1:colcon.colcon_core.shell:create_environment_hook('realsense2_camera', 'cmake_prefix_path')
[2.743s] INFO:colcon.colcon_core.shell:Creating environment hook '/home/ineogi2/ros2_ws/install/realsense2_camera/share/realsense2_camera/hook/cmake_prefix_path.ps1'
[2.744s] INFO:colcon.colcon_core.shell:Creating environment descriptor '/home/ineogi2/ros2_ws/install/realsense2_camera/share/realsense2_camera/hook/cmake_prefix_path.dsv'
[2.744s] INFO:colcon.colcon_core.shell:Creating environment hook '/home/ineogi2/ros2_ws/install/realsense2_camera/share/realsense2_camera/hook/cmake_prefix_path.sh'
[2.744s] Level 1:colcon.colcon_core.environment:checking '/home/ineogi2/ros2_ws/install/realsense2_camera/lib'
[2.744s] Level 1:colcon.colcon_core.shell:create_environment_hook('realsense2_camera', 'ld_library_path_lib')
[2.745s] INFO:colcon.colcon_core.shell:Creating environment hook '/home/ineogi2/ros2_ws/install/realsense2_camera/share/realsense2_camera/hook/ld_library_path_lib.ps1'
[2.745s] INFO:colcon.colcon_core.shell:Creating environment descriptor '/home/ineogi2/ros2_ws/install/realsense2_camera/share/realsense2_camera/hook/ld_library_path_lib.dsv'
[2.745s] INFO:colcon.colcon_core.shell:Creating environment hook '/home/ineogi2/ros2_ws/install/realsense2_camera/share/realsense2_camera/hook/ld_library_path_lib.sh'
[2.745s] Level 1:colcon.colcon_core.environment:checking '/home/ineogi2/ros2_ws/install/realsense2_camera/bin'
[2.745s] Level 1:colcon.colcon_core.environment:checking '/home/ineogi2/ros2_ws/install/realsense2_camera/lib/pkgconfig/realsense2_camera.pc'
[2.745s] Level 1:colcon.colcon_core.environment:checking '/home/ineogi2/ros2_ws/install/realsense2_camera/lib/python3.8/site-packages'
[2.746s] Level 1:colcon.colcon_core.environment:checking '/home/ineogi2/ros2_ws/install/realsense2_camera/bin'
[2.746s] INFO:colcon.colcon_core.shell:Creating package script '/home/ineogi2/ros2_ws/install/realsense2_camera/share/realsense2_camera/package.ps1'
[2.746s] INFO:colcon.colcon_core.shell:Creating package descriptor '/home/ineogi2/ros2_ws/install/realsense2_camera/share/realsense2_camera/package.dsv'
[2.747s] INFO:colcon.colcon_core.shell:Creating package script '/home/ineogi2/ros2_ws/install/realsense2_camera/share/realsense2_camera/package.sh'
[2.747s] INFO:colcon.colcon_core.shell:Creating package script '/home/ineogi2/ros2_ws/install/realsense2_camera/share/realsense2_camera/package.bash'
[2.747s] INFO:colcon.colcon_core.shell:Creating package script '/home/ineogi2/ros2_ws/install/realsense2_camera/share/realsense2_camera/package.zsh'
[2.747s] Level 1:colcon.colcon_core.environment:create_file_with_runtime_dependencies(/home/ineogi2/ros2_ws/install/realsense2_camera/share/colcon-core/packages/realsense2_camera)
[2.769s] Level 1:colcon.colcon_core.environment:create_environment_scripts_only(realsense2_camera)
[2.770s] Level 1:colcon.colcon_core.environment:checking '/home/ineogi2/ros2_ws/install/realsense2_camera' for CMake module files
[2.770s] Level 1:colcon.colcon_core.environment:checking '/home/ineogi2/ros2_ws/install/realsense2_camera' for CMake config files
[2.770s] Level 1:colcon.colcon_core.shell:create_environment_hook('realsense2_camera', 'cmake_prefix_path')
[2.771s] INFO:colcon.colcon_core.shell:Creating environment hook '/home/ineogi2/ros2_ws/install/realsense2_camera/share/realsense2_camera/hook/cmake_prefix_path.ps1'
[2.771s] INFO:colcon.colcon_core.shell:Creating environment descriptor '/home/ineogi2/ros2_ws/install/realsense2_camera/share/realsense2_camera/hook/cmake_prefix_path.dsv'
[2.771s] INFO:colcon.colcon_core.shell:Creating environment hook '/home/ineogi2/ros2_ws/install/realsense2_camera/share/realsense2_camera/hook/cmake_prefix_path.sh'
[2.772s] Level 1:colcon.colcon_core.environment:checking '/home/ineogi2/ros2_ws/install/realsense2_camera/lib'
[2.772s] Level 1:colcon.colcon_core.shell:create_environment_hook('realsense2_camera', 'ld_library_path_lib')
[2.772s] INFO:colcon.colcon_core.shell:Creating environment hook '/home/ineogi2/ros2_ws/install/realsense2_camera/share/realsense2_camera/hook/ld_library_path_lib.ps1'
[2.772s] INFO:colcon.colcon_core.shell:Creating environment descriptor '/home/ineogi2/ros2_ws/install/realsense2_camera/share/realsense2_camera/hook/ld_library_path_lib.dsv'
[2.772s] INFO:colcon.colcon_core.shell:Creating environment hook '/home/ineogi2/ros2_ws/install/realsense2_camera/share/realsense2_camera/hook/ld_library_path_lib.sh'
[2.773s] Level 1:colcon.colcon_core.environment:checking '/home/ineogi2/ros2_ws/install/realsense2_camera/bin'
[2.773s] Level 1:colcon.colcon_core.environment:checking '/home/ineogi2/ros2_ws/install/realsense2_camera/lib/pkgconfig/realsense2_camera.pc'
[2.773s] Level 1:colcon.colcon_core.environment:checking '/home/ineogi2/ros2_ws/install/realsense2_camera/lib/python3.8/site-packages'
[2.773s] Level 1:colcon.colcon_core.environment:checking '/home/ineogi2/ros2_ws/install/realsense2_camera/bin'
[2.774s] INFO:colcon.colcon_core.shell:Creating package script '/home/ineogi2/ros2_ws/install/realsense2_camera/share/realsense2_camera/package.ps1'
[2.774s] INFO:colcon.colcon_core.shell:Creating package descriptor '/home/ineogi2/ros2_ws/install/realsense2_camera/share/realsense2_camera/package.dsv'
[2.774s] INFO:colcon.colcon_core.shell:Creating package script '/home/ineogi2/ros2_ws/install/realsense2_camera/share/realsense2_camera/package.sh'
[2.774s] INFO:colcon.colcon_core.shell:Creating package script '/home/ineogi2/ros2_ws/install/realsense2_camera/share/realsense2_camera/package.bash'
[2.775s] INFO:colcon.colcon_core.shell:Creating package script '/home/ineogi2/ros2_ws/install/realsense2_camera/share/realsense2_camera/package.zsh'
[2.775s] Level 1:colcon.colcon_core.environment:create_file_with_runtime_dependencies(/home/ineogi2/ros2_ws/install/realsense2_camera/share/colcon-core/packages/realsense2_camera)
[2.775s] DEBUG:colcon.colcon_parallel_executor.executor.parallel:closing loop
[2.775s] DEBUG:colcon.colcon_parallel_executor.executor.parallel:loop closed
[2.776s] DEBUG:colcon.colcon_parallel_executor.executor.parallel:run_until_complete finished with '0'
[2.776s] DEBUG:colcon.colcon_core.event_reactor:joining thread
[2.780s] INFO:colcon.colcon_core.plugin_system:Skipping extension 'colcon_notification.desktop_notification.terminal_notifier': Not used on non-Darwin systems
[2.780s] INFO:colcon.colcon_core.plugin_system:Skipping extension 'colcon_notification.desktop_notification.win32': Not used on non-Windows systems
[2.780s] INFO:colcon.colcon_notification.desktop_notification:Sending desktop notification using 'notify2'
[2.791s] DEBUG:colcon.colcon_core.event_reactor:joined thread
[2.792s] INFO:colcon.colcon_core.shell:Creating prefix script '/home/ineogi2/ros2_ws/install/local_setup.ps1'
[2.792s] INFO:colcon.colcon_core.shell:Creating prefix util module '/home/ineogi2/ros2_ws/install/_local_setup_util_ps1.py'
[2.793s] INFO:colcon.colcon_core.shell:Creating prefix chain script '/home/ineogi2/ros2_ws/install/setup.ps1'
[2.795s] INFO:colcon.colcon_core.shell:Creating prefix script '/home/ineogi2/ros2_ws/install/local_setup.sh'
[2.795s] INFO:colcon.colcon_core.shell:Creating prefix util module '/home/ineogi2/ros2_ws/install/_local_setup_util_sh.py'
[2.795s] INFO:colcon.colcon_core.shell:Creating prefix chain script '/home/ineogi2/ros2_ws/install/setup.sh'
[2.797s] INFO:colcon.colcon_core.shell:Creating prefix script '/home/ineogi2/ros2_ws/install/local_setup.bash'
[2.797s] INFO:colcon.colcon_core.shell:Creating prefix chain script '/home/ineogi2/ros2_ws/install/setup.bash'
[2.799s] INFO:colcon.colcon_core.shell:Creating prefix script '/home/ineogi2/ros2_ws/install/local_setup.zsh'
[2.799s] INFO:colcon.colcon_core.shell:Creating prefix chain script '/home/ineogi2/ros2_ws/install/setup.zsh'
