[0.105s] DEBUG:colcon:Command line arguments: ['/usr/bin/colcon', 'build', '--symlink-install']
[0.106s] DEBUG:colcon:Parsed command line arguments: Namespace(allow_overriding=[], ament_cmake_args=None, base_paths=['.'], build_base='build', catkin_cmake_args=None, catkin_skip_building_tests=False, cmake_args=None, cmake_clean_cache=False, cmake_clean_first=False, cmake_force_configure=False, cmake_target=None, cmake_target_skip_unavailable=False, continue_on_error=False, event_handlers=None, executor='parallel', ignore_user_meta=False, install_base='install', log_base=None, log_level=None, main=<bound method BuildVerb.main of <colcon_core.verb.build.BuildVerb object at 0x7f9aa5882e20>>, merge_install=False, metas=['./colcon.meta'], packages_above=None, packages_above_and_dependencies=None, packages_above_depth=None, packages_end=None, packages_ignore=None, packages_ignore_regex=None, packages_select=None, packages_select_build_failed=False, packages_select_by_dep=None, packages_select_regex=None, packages_select_test_failures=False, packages_skip=None, packages_skip_build_finished=False, packages_skip_by_dep=None, packages_skip_regex=None, packages_skip_test_passed=False, packages_skip_up_to=None, packages_start=None, packages_up_to=None, packages_up_to_regex=None, parallel_workers=12, paths=None, symlink_install=True, test_result_base=None, verb_extension=<colcon_core.verb.build.BuildVerb object at 0x7f9aa5882e20>, verb_name='build', verb_parser=<colcon_defaults.argument_parser.defaults.DefaultArgumentsDecorator object at 0x7f9aa588f3d0>)
[0.125s] Level 1:colcon.colcon_core.package_discovery:discover_packages(colcon_meta) check parameters
[0.125s] Level 1:colcon.colcon_core.package_discovery:discover_packages(recursive) check parameters
[0.125s] Level 1:colcon.colcon_core.package_discovery:discover_packages(ignore) check parameters
[0.125s] Level 1:colcon.colcon_core.package_discovery:discover_packages(path) check parameters
[0.125s] Level 1:colcon.colcon_core.package_discovery:discover_packages(colcon_meta) discover
[0.125s] Level 1:colcon.colcon_core.package_discovery:discover_packages(recursive) discover
[0.125s] INFO:colcon.colcon_core.package_discovery:Crawling recursively for packages in '/home/ineogi2/ws/Biorobotics/ros2_ws'
[0.125s] Level 1:colcon.colcon_core.package_identification:_identify(.) by extensions ['ignore', 'ignore_ament_install']
[0.125s] Level 1:colcon.colcon_core.package_identification:_identify(.) by extension 'ignore'
[0.125s] Level 1:colcon.colcon_core.package_identification:_identify(.) by extension 'ignore_ament_install'
[0.125s] Level 1:colcon.colcon_core.package_identification:_identify(.) by extensions ['colcon_pkg']
[0.125s] Level 1:colcon.colcon_core.package_identification:_identify(.) by extension 'colcon_pkg'
[0.125s] Level 1:colcon.colcon_core.package_identification:_identify(.) by extensions ['colcon_meta']
[0.125s] Level 1:colcon.colcon_core.package_identification:_identify(.) by extension 'colcon_meta'
[0.125s] Level 1:colcon.colcon_core.package_identification:_identify(.) by extensions ['ros']
[0.126s] Level 1:colcon.colcon_core.package_identification:_identify(.) by extension 'ros'
[0.134s] Level 1:colcon.colcon_core.package_identification:_identify(.) by extensions ['cmake', 'python']
[0.134s] Level 1:colcon.colcon_core.package_identification:_identify(.) by extension 'cmake'
[0.134s] Level 1:colcon.colcon_core.package_identification:_identify(.) by extension 'python'
[0.134s] Level 1:colcon.colcon_core.package_identification:_identify(.) by extensions ['python_setup_py']
[0.134s] Level 1:colcon.colcon_core.package_identification:_identify(.) by extension 'python_setup_py'
[0.134s] Level 1:colcon.colcon_core.package_identification:_identify(build) by extensions ['ignore', 'ignore_ament_install']
[0.134s] Level 1:colcon.colcon_core.package_identification:_identify(build) by extension 'ignore'
[0.134s] Level 1:colcon.colcon_core.package_identification:_identify(build) ignored
[0.135s] Level 1:colcon.colcon_core.package_identification:_identify(install) by extensions ['ignore', 'ignore_ament_install']
[0.135s] Level 1:colcon.colcon_core.package_identification:_identify(install) by extension 'ignore'
[0.135s] Level 1:colcon.colcon_core.package_identification:_identify(install) ignored
[0.135s] Level 1:colcon.colcon_core.package_identification:_identify(log) by extensions ['ignore', 'ignore_ament_install']
[0.135s] Level 1:colcon.colcon_core.package_identification:_identify(log) by extension 'ignore'
[0.135s] Level 1:colcon.colcon_core.package_identification:_identify(log) ignored
[0.135s] Level 1:colcon.colcon_core.package_identification:_identify(src) by extensions ['ignore', 'ignore_ament_install']
[0.135s] Level 1:colcon.colcon_core.package_identification:_identify(src) by extension 'ignore'
[0.135s] Level 1:colcon.colcon_core.package_identification:_identify(src) by extension 'ignore_ament_install'
[0.135s] Level 1:colcon.colcon_core.package_identification:_identify(src) by extensions ['colcon_pkg']
[0.135s] Level 1:colcon.colcon_core.package_identification:_identify(src) by extension 'colcon_pkg'
[0.135s] Level 1:colcon.colcon_core.package_identification:_identify(src) by extensions ['colcon_meta']
[0.135s] Level 1:colcon.colcon_core.package_identification:_identify(src) by extension 'colcon_meta'
[0.135s] Level 1:colcon.colcon_core.package_identification:_identify(src) by extensions ['ros']
[0.135s] Level 1:colcon.colcon_core.package_identification:_identify(src) by extension 'ros'
[0.136s] Level 1:colcon.colcon_core.package_identification:_identify(src) by extensions ['cmake', 'python']
[0.136s] Level 1:colcon.colcon_core.package_identification:_identify(src) by extension 'cmake'
[0.136s] Level 1:colcon.colcon_core.package_identification:_identify(src) by extension 'python'
[0.136s] Level 1:colcon.colcon_core.package_identification:_identify(src) by extensions ['python_setup_py']
[0.136s] Level 1:colcon.colcon_core.package_identification:_identify(src) by extension 'python_setup_py'
[0.136s] Level 1:colcon.colcon_core.package_identification:_identify(src/realsense-ros) by extensions ['ignore', 'ignore_ament_install']
[0.136s] Level 1:colcon.colcon_core.package_identification:_identify(src/realsense-ros) by extension 'ignore'
[0.136s] Level 1:colcon.colcon_core.package_identification:_identify(src/realsense-ros) by extension 'ignore_ament_install'
[0.136s] Level 1:colcon.colcon_core.package_identification:_identify(src/realsense-ros) by extensions ['colcon_pkg']
[0.136s] Level 1:colcon.colcon_core.package_identification:_identify(src/realsense-ros) by extension 'colcon_pkg'
[0.136s] Level 1:colcon.colcon_core.package_identification:_identify(src/realsense-ros) by extensions ['colcon_meta']
[0.136s] Level 1:colcon.colcon_core.package_identification:_identify(src/realsense-ros) by extension 'colcon_meta'
[0.136s] Level 1:colcon.colcon_core.package_identification:_identify(src/realsense-ros) by extensions ['ros']
[0.136s] Level 1:colcon.colcon_core.package_identification:_identify(src/realsense-ros) by extension 'ros'
[0.136s] Level 1:colcon.colcon_core.package_identification:_identify(src/realsense-ros) by extensions ['cmake', 'python']
[0.136s] Level 1:colcon.colcon_core.package_identification:_identify(src/realsense-ros) by extension 'cmake'
[0.136s] Level 1:colcon.colcon_core.package_identification:_identify(src/realsense-ros) by extension 'python'
[0.136s] Level 1:colcon.colcon_core.package_identification:_identify(src/realsense-ros) by extensions ['python_setup_py']
[0.136s] Level 1:colcon.colcon_core.package_identification:_identify(src/realsense-ros) by extension 'python_setup_py'
[0.136s] Level 1:colcon.colcon_core.package_identification:_identify(src/realsense-ros/realsense2_camera) by extensions ['ignore', 'ignore_ament_install']
[0.136s] Level 1:colcon.colcon_core.package_identification:_identify(src/realsense-ros/realsense2_camera) by extension 'ignore'
[0.136s] Level 1:colcon.colcon_core.package_identification:_identify(src/realsense-ros/realsense2_camera) by extension 'ignore_ament_install'
[0.136s] Level 1:colcon.colcon_core.package_identification:_identify(src/realsense-ros/realsense2_camera) by extensions ['colcon_pkg']
[0.137s] Level 1:colcon.colcon_core.package_identification:_identify(src/realsense-ros/realsense2_camera) by extension 'colcon_pkg'
[0.137s] Level 1:colcon.colcon_core.package_identification:_identify(src/realsense-ros/realsense2_camera) by extensions ['colcon_meta']
[0.137s] Level 1:colcon.colcon_core.package_identification:_identify(src/realsense-ros/realsense2_camera) by extension 'colcon_meta'
[0.137s] Level 1:colcon.colcon_core.package_identification:_identify(src/realsense-ros/realsense2_camera) by extensions ['ros']
[0.137s] Level 1:colcon.colcon_core.package_identification:_identify(src/realsense-ros/realsense2_camera) by extension 'ros'
[0.139s] DEBUG:colcon.colcon_core.package_identification:Package 'src/realsense-ros/realsense2_camera' with type 'ros.ament_cmake' and name 'realsense2_camera'
[0.140s] Level 1:colcon.colcon_core.package_identification:_identify(src/realsense-ros/realsense2_camera_msgs) by extensions ['ignore', 'ignore_ament_install']
[0.140s] Level 1:colcon.colcon_core.package_identification:_identify(src/realsense-ros/realsense2_camera_msgs) by extension 'ignore'
[0.140s] Level 1:colcon.colcon_core.package_identification:_identify(src/realsense-ros/realsense2_camera_msgs) by extension 'ignore_ament_install'
[0.140s] Level 1:colcon.colcon_core.package_identification:_identify(src/realsense-ros/realsense2_camera_msgs) by extensions ['colcon_pkg']
[0.140s] Level 1:colcon.colcon_core.package_identification:_identify(src/realsense-ros/realsense2_camera_msgs) by extension 'colcon_pkg'
[0.140s] Level 1:colcon.colcon_core.package_identification:_identify(src/realsense-ros/realsense2_camera_msgs) by extensions ['colcon_meta']
[0.140s] Level 1:colcon.colcon_core.package_identification:_identify(src/realsense-ros/realsense2_camera_msgs) by extension 'colcon_meta'
[0.140s] Level 1:colcon.colcon_core.package_identification:_identify(src/realsense-ros/realsense2_camera_msgs) by extensions ['ros']
[0.140s] Level 1:colcon.colcon_core.package_identification:_identify(src/realsense-ros/realsense2_camera_msgs) by extension 'ros'
[0.140s] DEBUG:colcon.colcon_core.package_identification:Package 'src/realsense-ros/realsense2_camera_msgs' with type 'ros.ament_cmake' and name 'realsense2_camera_msgs'
[0.140s] Level 1:colcon.colcon_core.package_identification:_identify(src/realsense-ros/realsense2_description) by extensions ['ignore', 'ignore_ament_install']
[0.140s] Level 1:colcon.colcon_core.package_identification:_identify(src/realsense-ros/realsense2_description) by extension 'ignore'
[0.140s] Level 1:colcon.colcon_core.package_identification:_identify(src/realsense-ros/realsense2_description) by extension 'ignore_ament_install'
[0.141s] Level 1:colcon.colcon_core.package_identification:_identify(src/realsense-ros/realsense2_description) by extensions ['colcon_pkg']
[0.141s] Level 1:colcon.colcon_core.package_identification:_identify(src/realsense-ros/realsense2_description) by extension 'colcon_pkg'
[0.141s] Level 1:colcon.colcon_core.package_identification:_identify(src/realsense-ros/realsense2_description) by extensions ['colcon_meta']
[0.141s] Level 1:colcon.colcon_core.package_identification:_identify(src/realsense-ros/realsense2_description) by extension 'colcon_meta'
[0.141s] Level 1:colcon.colcon_core.package_identification:_identify(src/realsense-ros/realsense2_description) by extensions ['ros']
[0.141s] Level 1:colcon.colcon_core.package_identification:_identify(src/realsense-ros/realsense2_description) by extension 'ros'
[0.141s] DEBUG:colcon.colcon_core.package_identification:Package 'src/realsense-ros/realsense2_description' with type 'ros.ament_cmake' and name 'realsense2_description'
[0.141s] Level 1:colcon.colcon_core.package_identification:_identify(src/ros_image) by extensions ['ignore', 'ignore_ament_install']
[0.141s] Level 1:colcon.colcon_core.package_identification:_identify(src/ros_image) by extension 'ignore'
[0.141s] Level 1:colcon.colcon_core.package_identification:_identify(src/ros_image) by extension 'ignore_ament_install'
[0.141s] Level 1:colcon.colcon_core.package_identification:_identify(src/ros_image) by extensions ['colcon_pkg']
[0.142s] Level 1:colcon.colcon_core.package_identification:_identify(src/ros_image) by extension 'colcon_pkg'
[0.142s] Level 1:colcon.colcon_core.package_identification:_identify(src/ros_image) by extensions ['colcon_meta']
[0.142s] Level 1:colcon.colcon_core.package_identification:_identify(src/ros_image) by extension 'colcon_meta'
[0.142s] Level 1:colcon.colcon_core.package_identification:_identify(src/ros_image) by extensions ['ros']
[0.142s] Level 1:colcon.colcon_core.package_identification:_identify(src/ros_image) by extension 'ros'
[0.142s] DEBUG:colcon.colcon_core.package_identification:Package 'src/ros_image' with type 'ros.ament_python' and name 'ros_image'
[0.142s] Level 1:colcon.colcon_core.package_discovery:discover_packages(recursive) using defaults
[0.142s] Level 1:colcon.colcon_core.package_discovery:discover_packages(ignore) discover
[0.142s] Level 1:colcon.colcon_core.package_discovery:discover_packages(ignore) using defaults
[0.142s] Level 1:colcon.colcon_core.package_discovery:discover_packages(path) discover
[0.142s] Level 1:colcon.colcon_core.package_discovery:discover_packages(path) using defaults
[0.157s] Level 1:colcon.colcon_core.package_discovery:discover_packages(prefix_path) check parameters
[0.157s] Level 1:colcon.colcon_core.package_discovery:discover_packages(prefix_path) discover
[0.159s] DEBUG:colcon.colcon_installed_package_information.package_discovery:Found 4 installed packages in /home/ineogi2/ws/micro_ros/install
[0.159s] DEBUG:colcon.colcon_installed_package_information.package_discovery:Found 4 installed packages in /home/ineogi2/ws/Biorobotics/ros2_ws/install
[0.160s] DEBUG:colcon.colcon_installed_package_information.package_discovery:Found 262 installed packages in /opt/ros/foxy
[0.162s] Level 1:colcon.colcon_core.package_discovery:discover_packages(prefix_path) using defaults
[0.223s] Level 5:colcon.colcon_core.verb:set package 'realsense2_camera_msgs' build argument 'cmake_args' from command line to 'None'
[0.223s] Level 5:colcon.colcon_core.verb:set package 'realsense2_camera_msgs' build argument 'cmake_target' from command line to 'None'
[0.223s] Level 5:colcon.colcon_core.verb:set package 'realsense2_camera_msgs' build argument 'cmake_target_skip_unavailable' from command line to 'False'
[0.223s] Level 5:colcon.colcon_core.verb:set package 'realsense2_camera_msgs' build argument 'cmake_clean_cache' from command line to 'False'
[0.223s] Level 5:colcon.colcon_core.verb:set package 'realsense2_camera_msgs' build argument 'cmake_clean_first' from command line to 'False'
[0.223s] Level 5:colcon.colcon_core.verb:set package 'realsense2_camera_msgs' build argument 'cmake_force_configure' from command line to 'False'
[0.223s] Level 5:colcon.colcon_core.verb:set package 'realsense2_camera_msgs' build argument 'ament_cmake_args' from command line to 'None'
[0.223s] Level 5:colcon.colcon_core.verb:set package 'realsense2_camera_msgs' build argument 'catkin_cmake_args' from command line to 'None'
[0.223s] Level 5:colcon.colcon_core.verb:set package 'realsense2_camera_msgs' build argument 'catkin_skip_building_tests' from command line to 'False'
[0.223s] DEBUG:colcon.colcon_core.verb:Building package 'realsense2_camera_msgs' with the following arguments: {'ament_cmake_args': None, 'build_base': '/home/ineogi2/ws/Biorobotics/ros2_ws/build/realsense2_camera_msgs', 'catkin_cmake_args': None, 'catkin_skip_building_tests': False, 'cmake_args': None, 'cmake_clean_cache': False, 'cmake_clean_first': False, 'cmake_force_configure': False, 'cmake_target': None, 'cmake_target_skip_unavailable': False, 'install_base': '/home/ineogi2/ws/Biorobotics/ros2_ws/install/realsense2_camera_msgs', 'merge_install': False, 'path': '/home/ineogi2/ws/Biorobotics/ros2_ws/src/realsense-ros/realsense2_camera_msgs', 'symlink_install': True, 'test_result_base': None}
[0.223s] Level 5:colcon.colcon_core.verb:set package 'ros_image' build argument 'cmake_args' from command line to 'None'
[0.224s] Level 5:colcon.colcon_core.verb:set package 'ros_image' build argument 'cmake_target' from command line to 'None'
[0.224s] Level 5:colcon.colcon_core.verb:set package 'ros_image' build argument 'cmake_target_skip_unavailable' from command line to 'False'
[0.224s] Level 5:colcon.colcon_core.verb:set package 'ros_image' build argument 'cmake_clean_cache' from command line to 'False'
[0.224s] Level 5:colcon.colcon_core.verb:set package 'ros_image' build argument 'cmake_clean_first' from command line to 'False'
[0.224s] Level 5:colcon.colcon_core.verb:set package 'ros_image' build argument 'cmake_force_configure' from command line to 'False'
[0.224s] Level 5:colcon.colcon_core.verb:set package 'ros_image' build argument 'ament_cmake_args' from command line to 'None'
[0.224s] Level 5:colcon.colcon_core.verb:set package 'ros_image' build argument 'catkin_cmake_args' from command line to 'None'
[0.224s] Level 5:colcon.colcon_core.verb:set package 'ros_image' build argument 'catkin_skip_building_tests' from command line to 'False'
[0.224s] DEBUG:colcon.colcon_core.verb:Building package 'ros_image' with the following arguments: {'ament_cmake_args': None, 'build_base': '/home/ineogi2/ws/Biorobotics/ros2_ws/build/ros_image', 'catkin_cmake_args': None, 'catkin_skip_building_tests': False, 'cmake_args': None, 'cmake_clean_cache': False, 'cmake_clean_first': False, 'cmake_force_configure': False, 'cmake_target': None, 'cmake_target_skip_unavailable': False, 'install_base': '/home/ineogi2/ws/Biorobotics/ros2_ws/install/ros_image', 'merge_install': False, 'path': '/home/ineogi2/ws/Biorobotics/ros2_ws/src/ros_image', 'symlink_install': True, 'test_result_base': None}
[0.224s] Level 5:colcon.colcon_core.verb:set package 'realsense2_camera' build argument 'cmake_args' from command line to 'None'
[0.224s] Level 5:colcon.colcon_core.verb:set package 'realsense2_camera' build argument 'cmake_target' from command line to 'None'
[0.224s] Level 5:colcon.colcon_core.verb:set package 'realsense2_camera' build argument 'cmake_target_skip_unavailable' from command line to 'False'
[0.224s] Level 5:colcon.colcon_core.verb:set package 'realsense2_camera' build argument 'cmake_clean_cache' from command line to 'False'
[0.224s] Level 5:colcon.colcon_core.verb:set package 'realsense2_camera' build argument 'cmake_clean_first' from command line to 'False'
[0.224s] Level 5:colcon.colcon_core.verb:set package 'realsense2_camera' build argument 'cmake_force_configure' from command line to 'False'
[0.224s] Level 5:colcon.colcon_core.verb:set package 'realsense2_camera' build argument 'ament_cmake_args' from command line to 'None'
[0.224s] Level 5:colcon.colcon_core.verb:set package 'realsense2_camera' build argument 'catkin_cmake_args' from command line to 'None'
[0.224s] Level 5:colcon.colcon_core.verb:set package 'realsense2_camera' build argument 'catkin_skip_building_tests' from command line to 'False'
[0.224s] DEBUG:colcon.colcon_core.verb:Building package 'realsense2_camera' with the following arguments: {'ament_cmake_args': None, 'build_base': '/home/ineogi2/ws/Biorobotics/ros2_ws/build/realsense2_camera', 'catkin_cmake_args': None, 'catkin_skip_building_tests': False, 'cmake_args': None, 'cmake_clean_cache': False, 'cmake_clean_first': False, 'cmake_force_configure': False, 'cmake_target': None, 'cmake_target_skip_unavailable': False, 'install_base': '/home/ineogi2/ws/Biorobotics/ros2_ws/install/realsense2_camera', 'merge_install': False, 'path': '/home/ineogi2/ws/Biorobotics/ros2_ws/src/realsense-ros/realsense2_camera', 'symlink_install': True, 'test_result_base': None}
[0.225s] Level 5:colcon.colcon_core.verb:set package 'realsense2_description' build argument 'cmake_args' from command line to 'None'
[0.225s] Level 5:colcon.colcon_core.verb:set package 'realsense2_description' build argument 'cmake_target' from command line to 'None'
[0.225s] Level 5:colcon.colcon_core.verb:set package 'realsense2_description' build argument 'cmake_target_skip_unavailable' from command line to 'False'
[0.225s] Level 5:colcon.colcon_core.verb:set package 'realsense2_description' build argument 'cmake_clean_cache' from command line to 'False'
[0.225s] Level 5:colcon.colcon_core.verb:set package 'realsense2_description' build argument 'cmake_clean_first' from command line to 'False'
[0.225s] Level 5:colcon.colcon_core.verb:set package 'realsense2_description' build argument 'cmake_force_configure' from command line to 'False'
[0.225s] Level 5:colcon.colcon_core.verb:set package 'realsense2_description' build argument 'ament_cmake_args' from command line to 'None'
[0.225s] Level 5:colcon.colcon_core.verb:set package 'realsense2_description' build argument 'catkin_cmake_args' from command line to 'None'
[0.225s] Level 5:colcon.colcon_core.verb:set package 'realsense2_description' build argument 'catkin_skip_building_tests' from command line to 'False'
[0.225s] DEBUG:colcon.colcon_core.verb:Building package 'realsense2_description' with the following arguments: {'ament_cmake_args': None, 'build_base': '/home/ineogi2/ws/Biorobotics/ros2_ws/build/realsense2_description', 'catkin_cmake_args': None, 'catkin_skip_building_tests': False, 'cmake_args': None, 'cmake_clean_cache': False, 'cmake_clean_first': False, 'cmake_force_configure': False, 'cmake_target': None, 'cmake_target_skip_unavailable': False, 'install_base': '/home/ineogi2/ws/Biorobotics/ros2_ws/install/realsense2_description', 'merge_install': False, 'path': '/home/ineogi2/ws/Biorobotics/ros2_ws/src/realsense-ros/realsense2_description', 'symlink_install': True, 'test_result_base': None}
[0.225s] INFO:colcon.colcon_core.executor:Executing jobs using 'parallel' executor
[0.227s] DEBUG:colcon.colcon_parallel_executor.executor.parallel:run_until_complete
[0.227s] INFO:colcon.colcon_ros.task.ament_cmake.build:Building ROS package in '/home/ineogi2/ws/Biorobotics/ros2_ws/src/realsense-ros/realsense2_camera_msgs' with build type 'ament_cmake'
[0.227s] INFO:colcon.colcon_cmake.task.cmake.build:Building CMake package in '/home/ineogi2/ws/Biorobotics/ros2_ws/src/realsense-ros/realsense2_camera_msgs'
[0.230s] INFO:colcon.colcon_core.plugin_system:Skipping extension 'colcon_core.shell.bat': Not used on non-Windows systems
[0.230s] INFO:colcon.colcon_core.shell:Skip shell extension 'powershell' for command environment: Not usable outside of PowerShell
[0.230s] DEBUG:colcon.colcon_core.shell:Skip shell extension 'dsv' for command environment
[0.234s] INFO:colcon.colcon_ros.task.ament_python.build:Building ROS package in '/home/ineogi2/ws/Biorobotics/ros2_ws/src/ros_image' with build type 'ament_python'
[0.235s] Level 1:colcon.colcon_core.shell:create_environment_hook('ros_image', 'ament_prefix_path')
[0.235s] INFO:colcon.colcon_core.shell:Creating environment hook '/home/ineogi2/ws/Biorobotics/ros2_ws/install/ros_image/share/ros_image/hook/ament_prefix_path.ps1'
[0.236s] INFO:colcon.colcon_core.shell:Creating environment descriptor '/home/ineogi2/ws/Biorobotics/ros2_ws/install/ros_image/share/ros_image/hook/ament_prefix_path.dsv'
[0.236s] INFO:colcon.colcon_core.shell:Creating environment hook '/home/ineogi2/ws/Biorobotics/ros2_ws/install/ros_image/share/ros_image/hook/ament_prefix_path.sh'
[0.237s] INFO:colcon.colcon_core.shell:Skip shell extension 'powershell' for command environment: Not usable outside of PowerShell
[0.237s] DEBUG:colcon.colcon_core.shell:Skip shell extension 'dsv' for command environment
[0.246s] DEBUG:colcon.colcon_core.event_handler.log_command:Invoking command in '/home/ineogi2/ws/Biorobotics/ros2_ws/build/realsense2_camera_msgs': CMAKE_PREFIX_PATH=${CMAKE_PREFIX_PATH}:/home/ineogi2/ws/Biorobotics/ros2_ws/install/ros_image:/opt/ros/foxy /usr/bin/cmake --build /home/ineogi2/ws/Biorobotics/ros2_ws/build/realsense2_camera_msgs -- -j12 -l12
[0.440s] INFO:colcon.colcon_core.task.python.build:Building Python package in '/home/ineogi2/ws/Biorobotics/ros2_ws/src/ros_image'
[0.441s] INFO:colcon.colcon_core.shell:Skip shell extension 'powershell' for command environment: Not usable outside of PowerShell
[0.441s] DEBUG:colcon.colcon_core.shell:Skip shell extension 'dsv' for command environment
[0.450s] DEBUG:colcon.colcon_core.event_handler.log_command:Invoked command in '/home/ineogi2/ws/Biorobotics/ros2_ws/build/realsense2_camera_msgs' returned '0': CMAKE_PREFIX_PATH=${CMAKE_PREFIX_PATH}:/home/ineogi2/ws/Biorobotics/ros2_ws/install/ros_image:/opt/ros/foxy /usr/bin/cmake --build /home/ineogi2/ws/Biorobotics/ros2_ws/build/realsense2_camera_msgs -- -j12 -l12
[0.524s] DEBUG:colcon.colcon_core.event_handler.log_command:Invoking command in '/home/ineogi2/ws/Biorobotics/ros2_ws/build/realsense2_camera_msgs': CMAKE_PREFIX_PATH=${CMAKE_PREFIX_PATH}:/home/ineogi2/ws/Biorobotics/ros2_ws/install/ros_image:/opt/ros/foxy /usr/bin/cmake --install /home/ineogi2/ws/Biorobotics/ros2_ws/build/realsense2_camera_msgs
[0.593s] Level 1:colcon.colcon_core.environment:create_environment_scripts_only(realsense2_camera_msgs)
[0.594s] DEBUG:colcon.colcon_core.event_handler.log_command:Invoked command in '/home/ineogi2/ws/Biorobotics/ros2_ws/build/realsense2_camera_msgs' returned '0': CMAKE_PREFIX_PATH=${CMAKE_PREFIX_PATH}:/home/ineogi2/ws/Biorobotics/ros2_ws/install/ros_image:/opt/ros/foxy /usr/bin/cmake --install /home/ineogi2/ws/Biorobotics/ros2_ws/build/realsense2_camera_msgs
[0.597s] Level 1:colcon.colcon_core.environment:checking '/home/ineogi2/ws/Biorobotics/ros2_ws/install/realsense2_camera_msgs' for CMake module files
[0.598s] Level 1:colcon.colcon_core.environment:checking '/home/ineogi2/ws/Biorobotics/ros2_ws/install/realsense2_camera_msgs' for CMake config files
[0.598s] Level 1:colcon.colcon_core.shell:create_environment_hook('realsense2_camera_msgs', 'cmake_prefix_path')
[0.599s] INFO:colcon.colcon_core.shell:Creating environment hook '/home/ineogi2/ws/Biorobotics/ros2_ws/install/realsense2_camera_msgs/share/realsense2_camera_msgs/hook/cmake_prefix_path.ps1'
[0.599s] INFO:colcon.colcon_core.shell:Creating environment descriptor '/home/ineogi2/ws/Biorobotics/ros2_ws/install/realsense2_camera_msgs/share/realsense2_camera_msgs/hook/cmake_prefix_path.dsv'
[0.599s] INFO:colcon.colcon_core.shell:Creating environment hook '/home/ineogi2/ws/Biorobotics/ros2_ws/install/realsense2_camera_msgs/share/realsense2_camera_msgs/hook/cmake_prefix_path.sh'
[0.600s] Level 1:colcon.colcon_core.environment:checking '/home/ineogi2/ws/Biorobotics/ros2_ws/install/realsense2_camera_msgs/lib'
[0.600s] Level 1:colcon.colcon_core.shell:create_environment_hook('realsense2_camera_msgs', 'ld_library_path_lib')
[0.601s] INFO:colcon.colcon_core.shell:Creating environment hook '/home/ineogi2/ws/Biorobotics/ros2_ws/install/realsense2_camera_msgs/share/realsense2_camera_msgs/hook/ld_library_path_lib.ps1'
[0.601s] INFO:colcon.colcon_core.shell:Creating environment descriptor '/home/ineogi2/ws/Biorobotics/ros2_ws/install/realsense2_camera_msgs/share/realsense2_camera_msgs/hook/ld_library_path_lib.dsv'
[0.601s] INFO:colcon.colcon_core.shell:Creating environment hook '/home/ineogi2/ws/Biorobotics/ros2_ws/install/realsense2_camera_msgs/share/realsense2_camera_msgs/hook/ld_library_path_lib.sh'
[0.602s] Level 1:colcon.colcon_core.environment:checking '/home/ineogi2/ws/Biorobotics/ros2_ws/install/realsense2_camera_msgs/bin'
[0.602s] Level 1:colcon.colcon_core.environment:checking '/home/ineogi2/ws/Biorobotics/ros2_ws/install/realsense2_camera_msgs/lib/pkgconfig/realsense2_camera_msgs.pc'
[0.602s] Level 1:colcon.colcon_core.environment:checking '/home/ineogi2/ws/Biorobotics/ros2_ws/install/realsense2_camera_msgs/lib/python3.8/site-packages'
[0.602s] Level 1:colcon.colcon_core.shell:create_environment_hook('realsense2_camera_msgs', 'pythonpath')
[0.602s] INFO:colcon.colcon_core.shell:Creating environment hook '/home/ineogi2/ws/Biorobotics/ros2_ws/install/realsense2_camera_msgs/share/realsense2_camera_msgs/hook/pythonpath.ps1'
[0.603s] INFO:colcon.colcon_core.shell:Creating environment descriptor '/home/ineogi2/ws/Biorobotics/ros2_ws/install/realsense2_camera_msgs/share/realsense2_camera_msgs/hook/pythonpath.dsv'
[0.603s] INFO:colcon.colcon_core.shell:Creating environment hook '/home/ineogi2/ws/Biorobotics/ros2_ws/install/realsense2_camera_msgs/share/realsense2_camera_msgs/hook/pythonpath.sh'
[0.604s] Level 1:colcon.colcon_core.environment:checking '/home/ineogi2/ws/Biorobotics/ros2_ws/install/realsense2_camera_msgs/bin'
[0.604s] INFO:colcon.colcon_core.shell:Creating package script '/home/ineogi2/ws/Biorobotics/ros2_ws/install/realsense2_camera_msgs/share/realsense2_camera_msgs/package.ps1'
[0.605s] INFO:colcon.colcon_core.shell:Creating package descriptor '/home/ineogi2/ws/Biorobotics/ros2_ws/install/realsense2_camera_msgs/share/realsense2_camera_msgs/package.dsv'
[0.605s] INFO:colcon.colcon_core.shell:Creating package script '/home/ineogi2/ws/Biorobotics/ros2_ws/install/realsense2_camera_msgs/share/realsense2_camera_msgs/package.sh'
[0.606s] INFO:colcon.colcon_core.shell:Creating package script '/home/ineogi2/ws/Biorobotics/ros2_ws/install/realsense2_camera_msgs/share/realsense2_camera_msgs/package.bash'
[0.607s] INFO:colcon.colcon_core.shell:Creating package script '/home/ineogi2/ws/Biorobotics/ros2_ws/install/realsense2_camera_msgs/share/realsense2_camera_msgs/package.zsh'
[0.607s] Level 1:colcon.colcon_core.environment:create_file_with_runtime_dependencies(/home/ineogi2/ws/Biorobotics/ros2_ws/install/realsense2_camera_msgs/share/colcon-core/packages/realsense2_camera_msgs)
[0.671s] Level 1:colcon.colcon_core.environment:create_environment_scripts_only(realsense2_camera_msgs)
[0.672s] Level 1:colcon.colcon_core.environment:checking '/home/ineogi2/ws/Biorobotics/ros2_ws/install/realsense2_camera_msgs' for CMake module files
[0.673s] Level 1:colcon.colcon_core.environment:checking '/home/ineogi2/ws/Biorobotics/ros2_ws/install/realsense2_camera_msgs' for CMake config files
[0.673s] Level 1:colcon.colcon_core.shell:create_environment_hook('realsense2_camera_msgs', 'cmake_prefix_path')
[0.674s] INFO:colcon.colcon_core.shell:Creating environment hook '/home/ineogi2/ws/Biorobotics/ros2_ws/install/realsense2_camera_msgs/share/realsense2_camera_msgs/hook/cmake_prefix_path.ps1'
[0.674s] INFO:colcon.colcon_core.shell:Creating environment descriptor '/home/ineogi2/ws/Biorobotics/ros2_ws/install/realsense2_camera_msgs/share/realsense2_camera_msgs/hook/cmake_prefix_path.dsv'
[0.674s] INFO:colcon.colcon_core.shell:Creating environment hook '/home/ineogi2/ws/Biorobotics/ros2_ws/install/realsense2_camera_msgs/share/realsense2_camera_msgs/hook/cmake_prefix_path.sh'
[0.675s] Level 1:colcon.colcon_core.environment:checking '/home/ineogi2/ws/Biorobotics/ros2_ws/install/realsense2_camera_msgs/lib'
[0.675s] Level 1:colcon.colcon_core.shell:create_environment_hook('realsense2_camera_msgs', 'ld_library_path_lib')
[0.675s] INFO:colcon.colcon_core.shell:Creating environment hook '/home/ineogi2/ws/Biorobotics/ros2_ws/install/realsense2_camera_msgs/share/realsense2_camera_msgs/hook/ld_library_path_lib.ps1'
[0.675s] INFO:colcon.colcon_core.shell:Creating environment descriptor '/home/ineogi2/ws/Biorobotics/ros2_ws/install/realsense2_camera_msgs/share/realsense2_camera_msgs/hook/ld_library_path_lib.dsv'
[0.676s] INFO:colcon.colcon_core.shell:Creating environment hook '/home/ineogi2/ws/Biorobotics/ros2_ws/install/realsense2_camera_msgs/share/realsense2_camera_msgs/hook/ld_library_path_lib.sh'
[0.676s] Level 1:colcon.colcon_core.environment:checking '/home/ineogi2/ws/Biorobotics/ros2_ws/install/realsense2_camera_msgs/bin'
[0.676s] Level 1:colcon.colcon_core.environment:checking '/home/ineogi2/ws/Biorobotics/ros2_ws/install/realsense2_camera_msgs/lib/pkgconfig/realsense2_camera_msgs.pc'
[0.676s] Level 1:colcon.colcon_core.environment:checking '/home/ineogi2/ws/Biorobotics/ros2_ws/install/realsense2_camera_msgs/lib/python3.8/site-packages'
[0.676s] Level 1:colcon.colcon_core.shell:create_environment_hook('realsense2_camera_msgs', 'pythonpath')
[0.677s] INFO:colcon.colcon_core.shell:Creating environment hook '/home/ineogi2/ws/Biorobotics/ros2_ws/install/realsense2_camera_msgs/share/realsense2_camera_msgs/hook/pythonpath.ps1'
[0.677s] INFO:colcon.colcon_core.shell:Creating environment descriptor '/home/ineogi2/ws/Biorobotics/ros2_ws/install/realsense2_camera_msgs/share/realsense2_camera_msgs/hook/pythonpath.dsv'
[0.677s] INFO:colcon.colcon_core.shell:Creating environment hook '/home/ineogi2/ws/Biorobotics/ros2_ws/install/realsense2_camera_msgs/share/realsense2_camera_msgs/hook/pythonpath.sh'
[0.677s] Level 1:colcon.colcon_core.environment:checking '/home/ineogi2/ws/Biorobotics/ros2_ws/install/realsense2_camera_msgs/bin'
[0.678s] INFO:colcon.colcon_core.shell:Creating package script '/home/ineogi2/ws/Biorobotics/ros2_ws/install/realsense2_camera_msgs/share/realsense2_camera_msgs/package.ps1'
[0.679s] INFO:colcon.colcon_core.shell:Creating package descriptor '/home/ineogi2/ws/Biorobotics/ros2_ws/install/realsense2_camera_msgs/share/realsense2_camera_msgs/package.dsv'
[0.680s] INFO:colcon.colcon_core.shell:Creating package script '/home/ineogi2/ws/Biorobotics/ros2_ws/install/realsense2_camera_msgs/share/realsense2_camera_msgs/package.sh'
[0.680s] INFO:colcon.colcon_core.shell:Creating package script '/home/ineogi2/ws/Biorobotics/ros2_ws/install/realsense2_camera_msgs/share/realsense2_camera_msgs/package.bash'
[0.680s] INFO:colcon.colcon_core.shell:Creating package script '/home/ineogi2/ws/Biorobotics/ros2_ws/install/realsense2_camera_msgs/share/realsense2_camera_msgs/package.zsh'
[0.681s] Level 1:colcon.colcon_core.environment:create_file_with_runtime_dependencies(/home/ineogi2/ws/Biorobotics/ros2_ws/install/realsense2_camera_msgs/share/colcon-core/packages/realsense2_camera_msgs)
[0.681s] INFO:colcon.colcon_ros.task.ament_cmake.build:Building ROS package in '/home/ineogi2/ws/Biorobotics/ros2_ws/src/realsense-ros/realsense2_camera' with build type 'ament_cmake'
[0.681s] INFO:colcon.colcon_cmake.task.cmake.build:Building CMake package in '/home/ineogi2/ws/Biorobotics/ros2_ws/src/realsense-ros/realsense2_camera'
[0.682s] INFO:colcon.colcon_core.shell:Skip shell extension 'powershell' for command environment: Not usable outside of PowerShell
[0.682s] DEBUG:colcon.colcon_core.shell:Skip shell extension 'dsv' for command environment
[0.687s] INFO:colcon.colcon_ros.task.ament_cmake.build:Building ROS package in '/home/ineogi2/ws/Biorobotics/ros2_ws/src/realsense-ros/realsense2_description' with build type 'ament_cmake'
[0.688s] INFO:colcon.colcon_cmake.task.cmake.build:Building CMake package in '/home/ineogi2/ws/Biorobotics/ros2_ws/src/realsense-ros/realsense2_description'
[0.688s] INFO:colcon.colcon_core.shell:Skip shell extension 'powershell' for command environment: Not usable outside of PowerShell
[0.689s] DEBUG:colcon.colcon_core.shell:Skip shell extension 'dsv' for command environment
[0.698s] DEBUG:colcon.colcon_core.event_handler.log_command:Invoking command in '/home/ineogi2/ws/Biorobotics/ros2_ws/build/realsense2_camera': CMAKE_PREFIX_PATH=/home/ineogi2/ws/Biorobotics/ros2_ws/install/realsense2_camera_msgs:/home/ineogi2/ws/micro_ros/install/micro_ros_setup:/home/ineogi2/ws/micro_ros/install/micro_ros_agent:/home/ineogi2/ws/micro_ros/install/micro_ros_msgs:/home/ineogi2/ws/micro_ros/install/drive_base_msgs:/home/ineogi2/ws/Biorobotics/ros2_ws/install/realsense2_description:/home/ineogi2/ws/Biorobotics/ros2_ws/install/realsense2_camera:/home/ineogi2/ws/Biorobotics/ros2_ws/install/ros_image:/opt/ros/foxy LD_LIBRARY_PATH=/home/ineogi2/ws/Biorobotics/ros2_ws/install/realsense2_camera_msgs/lib:/home/ineogi2/ws/micro_ros/install/micro_ros_agent/lib:/home/ineogi2/ws/micro_ros/install/micro_ros_msgs/lib:/home/ineogi2/ws/micro_ros/install/drive_base_msgs/lib:/home/ineogi2/ws/Biorobotics/ros2_ws/install/realsense2_camera/lib:/opt/ros/foxy/opt/yaml_cpp_vendor/lib:/opt/ros/foxy/opt/rviz_ogre_vendor/lib:/opt/ros/foxy/lib/x86_64-linux-gnu:/opt/ros/foxy/lib PYTHONPATH=/home/ineogi2/ws/Biorobotics/ros2_ws/install/realsense2_camera_msgs/lib/python3.8/site-packages:/home/ineogi2/ws/micro_ros/install/micro_ros_msgs/lib/python3.8/site-packages:/home/ineogi2/ws/micro_ros/install/drive_base_msgs/lib/python3.8/site-packages:/home/ineogi2/ws/Biorobotics/ros2_ws/build/ros_image:/home/ineogi2/ws/Biorobotics/ros2_ws/install/ros_image/lib/python3.8/site-packages:/opt/ros/foxy/lib/python3.8/site-packages /usr/bin/cmake --build /home/ineogi2/ws/Biorobotics/ros2_ws/build/realsense2_camera -- -j12 -l12
[0.702s] DEBUG:colcon.colcon_core.event_handler.log_command:Invoking command in '/home/ineogi2/ws/Biorobotics/ros2_ws/build/realsense2_description': CMAKE_PREFIX_PATH=/home/ineogi2/ws/Biorobotics/ros2_ws/install/realsense2_camera_msgs:/home/ineogi2/ws/micro_ros/install/micro_ros_setup:/home/ineogi2/ws/micro_ros/install/micro_ros_agent:/home/ineogi2/ws/micro_ros/install/micro_ros_msgs:/home/ineogi2/ws/micro_ros/install/drive_base_msgs:/home/ineogi2/ws/Biorobotics/ros2_ws/install/realsense2_description:/home/ineogi2/ws/Biorobotics/ros2_ws/install/realsense2_camera:/home/ineogi2/ws/Biorobotics/ros2_ws/install/ros_image:/opt/ros/foxy LD_LIBRARY_PATH=/home/ineogi2/ws/Biorobotics/ros2_ws/install/realsense2_camera_msgs/lib:/home/ineogi2/ws/micro_ros/install/micro_ros_agent/lib:/home/ineogi2/ws/micro_ros/install/micro_ros_msgs/lib:/home/ineogi2/ws/micro_ros/install/drive_base_msgs/lib:/home/ineogi2/ws/Biorobotics/ros2_ws/install/realsense2_camera/lib:/opt/ros/foxy/opt/yaml_cpp_vendor/lib:/opt/ros/foxy/opt/rviz_ogre_vendor/lib:/opt/ros/foxy/lib/x86_64-linux-gnu:/opt/ros/foxy/lib PYTHONPATH=/home/ineogi2/ws/Biorobotics/ros2_ws/install/realsense2_camera_msgs/lib/python3.8/site-packages:/home/ineogi2/ws/micro_ros/install/micro_ros_msgs/lib/python3.8/site-packages:/home/ineogi2/ws/micro_ros/install/drive_base_msgs/lib/python3.8/site-packages:/home/ineogi2/ws/Biorobotics/ros2_ws/build/ros_image:/home/ineogi2/ws/Biorobotics/ros2_ws/install/ros_image/lib/python3.8/site-packages:/opt/ros/foxy/lib/python3.8/site-packages /usr/bin/cmake --build /home/ineogi2/ws/Biorobotics/ros2_ws/build/realsense2_description -- -j12 -l12
[0.738s] DEBUG:colcon.colcon_core.event_handler.log_command:Invoked command in '/home/ineogi2/ws/Biorobotics/ros2_ws/build/realsense2_description' returned '0': CMAKE_PREFIX_PATH=/home/ineogi2/ws/Biorobotics/ros2_ws/install/realsense2_camera_msgs:/home/ineogi2/ws/micro_ros/install/micro_ros_setup:/home/ineogi2/ws/micro_ros/install/micro_ros_agent:/home/ineogi2/ws/micro_ros/install/micro_ros_msgs:/home/ineogi2/ws/micro_ros/install/drive_base_msgs:/home/ineogi2/ws/Biorobotics/ros2_ws/install/realsense2_description:/home/ineogi2/ws/Biorobotics/ros2_ws/install/realsense2_camera:/home/ineogi2/ws/Biorobotics/ros2_ws/install/ros_image:/opt/ros/foxy LD_LIBRARY_PATH=/home/ineogi2/ws/Biorobotics/ros2_ws/install/realsense2_camera_msgs/lib:/home/ineogi2/ws/micro_ros/install/micro_ros_agent/lib:/home/ineogi2/ws/micro_ros/install/micro_ros_msgs/lib:/home/ineogi2/ws/micro_ros/install/drive_base_msgs/lib:/home/ineogi2/ws/Biorobotics/ros2_ws/install/realsense2_camera/lib:/opt/ros/foxy/opt/yaml_cpp_vendor/lib:/opt/ros/foxy/opt/rviz_ogre_vendor/lib:/opt/ros/foxy/lib/x86_64-linux-gnu:/opt/ros/foxy/lib PYTHONPATH=/home/ineogi2/ws/Biorobotics/ros2_ws/install/realsense2_camera_msgs/lib/python3.8/site-packages:/home/ineogi2/ws/micro_ros/install/micro_ros_msgs/lib/python3.8/site-packages:/home/ineogi2/ws/micro_ros/install/drive_base_msgs/lib/python3.8/site-packages:/home/ineogi2/ws/Biorobotics/ros2_ws/build/ros_image:/home/ineogi2/ws/Biorobotics/ros2_ws/install/ros_image/lib/python3.8/site-packages:/opt/ros/foxy/lib/python3.8/site-packages /usr/bin/cmake --build /home/ineogi2/ws/Biorobotics/ros2_ws/build/realsense2_description -- -j12 -l12
[0.764s] DEBUG:colcon.colcon_core.event_handler.log_command:Invoking command in '/home/ineogi2/ws/Biorobotics/ros2_ws/build/realsense2_description': CMAKE_PREFIX_PATH=/home/ineogi2/ws/Biorobotics/ros2_ws/install/realsense2_camera_msgs:/home/ineogi2/ws/micro_ros/install/micro_ros_setup:/home/ineogi2/ws/micro_ros/install/micro_ros_agent:/home/ineogi2/ws/micro_ros/install/micro_ros_msgs:/home/ineogi2/ws/micro_ros/install/drive_base_msgs:/home/ineogi2/ws/Biorobotics/ros2_ws/install/realsense2_description:/home/ineogi2/ws/Biorobotics/ros2_ws/install/realsense2_camera:/home/ineogi2/ws/Biorobotics/ros2_ws/install/ros_image:/opt/ros/foxy LD_LIBRARY_PATH=/home/ineogi2/ws/Biorobotics/ros2_ws/install/realsense2_camera_msgs/lib:/home/ineogi2/ws/micro_ros/install/micro_ros_agent/lib:/home/ineogi2/ws/micro_ros/install/micro_ros_msgs/lib:/home/ineogi2/ws/micro_ros/install/drive_base_msgs/lib:/home/ineogi2/ws/Biorobotics/ros2_ws/install/realsense2_camera/lib:/opt/ros/foxy/opt/yaml_cpp_vendor/lib:/opt/ros/foxy/opt/rviz_ogre_vendor/lib:/opt/ros/foxy/lib/x86_64-linux-gnu:/opt/ros/foxy/lib PYTHONPATH=/home/ineogi2/ws/Biorobotics/ros2_ws/install/realsense2_camera_msgs/lib/python3.8/site-packages:/home/ineogi2/ws/micro_ros/install/micro_ros_msgs/lib/python3.8/site-packages:/home/ineogi2/ws/micro_ros/install/drive_base_msgs/lib/python3.8/site-packages:/home/ineogi2/ws/Biorobotics/ros2_ws/build/ros_image:/home/ineogi2/ws/Biorobotics/ros2_ws/install/ros_image/lib/python3.8/site-packages:/opt/ros/foxy/lib/python3.8/site-packages /usr/bin/cmake --install /home/ineogi2/ws/Biorobotics/ros2_ws/build/realsense2_description
[0.795s] DEBUG:colcon.colcon_core.event_handler.log_command:Invoked command in '/home/ineogi2/ws/Biorobotics/ros2_ws/build/realsense2_camera' returned '0': CMAKE_PREFIX_PATH=/home/ineogi2/ws/Biorobotics/ros2_ws/install/realsense2_camera_msgs:/home/ineogi2/ws/micro_ros/install/micro_ros_setup:/home/ineogi2/ws/micro_ros/install/micro_ros_agent:/home/ineogi2/ws/micro_ros/install/micro_ros_msgs:/home/ineogi2/ws/micro_ros/install/drive_base_msgs:/home/ineogi2/ws/Biorobotics/ros2_ws/install/realsense2_description:/home/ineogi2/ws/Biorobotics/ros2_ws/install/realsense2_camera:/home/ineogi2/ws/Biorobotics/ros2_ws/install/ros_image:/opt/ros/foxy LD_LIBRARY_PATH=/home/ineogi2/ws/Biorobotics/ros2_ws/install/realsense2_camera_msgs/lib:/home/ineogi2/ws/micro_ros/install/micro_ros_agent/lib:/home/ineogi2/ws/micro_ros/install/micro_ros_msgs/lib:/home/ineogi2/ws/micro_ros/install/drive_base_msgs/lib:/home/ineogi2/ws/Biorobotics/ros2_ws/install/realsense2_camera/lib:/opt/ros/foxy/opt/yaml_cpp_vendor/lib:/opt/ros/foxy/opt/rviz_ogre_vendor/lib:/opt/ros/foxy/lib/x86_64-linux-gnu:/opt/ros/foxy/lib PYTHONPATH=/home/ineogi2/ws/Biorobotics/ros2_ws/install/realsense2_camera_msgs/lib/python3.8/site-packages:/home/ineogi2/ws/micro_ros/install/micro_ros_msgs/lib/python3.8/site-packages:/home/ineogi2/ws/micro_ros/install/drive_base_msgs/lib/python3.8/site-packages:/home/ineogi2/ws/Biorobotics/ros2_ws/build/ros_image:/home/ineogi2/ws/Biorobotics/ros2_ws/install/ros_image/lib/python3.8/site-packages:/opt/ros/foxy/lib/python3.8/site-packages /usr/bin/cmake --build /home/ineogi2/ws/Biorobotics/ros2_ws/build/realsense2_camera -- -j12 -l12
[0.806s] DEBUG:colcon.colcon_core.event_handler.log_command:Invoking command in '/home/ineogi2/ws/Biorobotics/ros2_ws/build/ros_image': PYTHONPATH=/home/ineogi2/ws/Biorobotics/ros2_ws/install/ros_image/lib/python3.8/site-packages:${PYTHONPATH} /usr/bin/python3 setup.py develop --prefix /home/ineogi2/ws/Biorobotics/ros2_ws/install/ros_image --editable --build-directory /home/ineogi2/ws/Biorobotics/ros2_ws/build/ros_image/build --no-deps install_data --install-dir /home/ineogi2/ws/Biorobotics/ros2_ws/install/ros_image
[0.808s] Level 1:colcon.colcon_core.environment:create_environment_scripts_only(realsense2_description)
[0.809s] Level 1:colcon.colcon_core.environment:checking '/home/ineogi2/ws/Biorobotics/ros2_ws/install/realsense2_description' for CMake module files
[0.810s] DEBUG:colcon.colcon_core.event_handler.log_command:Invoked command in '/home/ineogi2/ws/Biorobotics/ros2_ws/build/realsense2_description' returned '0': CMAKE_PREFIX_PATH=/home/ineogi2/ws/Biorobotics/ros2_ws/install/realsense2_camera_msgs:/home/ineogi2/ws/micro_ros/install/micro_ros_setup:/home/ineogi2/ws/micro_ros/install/micro_ros_agent:/home/ineogi2/ws/micro_ros/install/micro_ros_msgs:/home/ineogi2/ws/micro_ros/install/drive_base_msgs:/home/ineogi2/ws/Biorobotics/ros2_ws/install/realsense2_description:/home/ineogi2/ws/Biorobotics/ros2_ws/install/realsense2_camera:/home/ineogi2/ws/Biorobotics/ros2_ws/install/ros_image:/opt/ros/foxy LD_LIBRARY_PATH=/home/ineogi2/ws/Biorobotics/ros2_ws/install/realsense2_camera_msgs/lib:/home/ineogi2/ws/micro_ros/install/micro_ros_agent/lib:/home/ineogi2/ws/micro_ros/install/micro_ros_msgs/lib:/home/ineogi2/ws/micro_ros/install/drive_base_msgs/lib:/home/ineogi2/ws/Biorobotics/ros2_ws/install/realsense2_camera/lib:/opt/ros/foxy/opt/yaml_cpp_vendor/lib:/opt/ros/foxy/opt/rviz_ogre_vendor/lib:/opt/ros/foxy/lib/x86_64-linux-gnu:/opt/ros/foxy/lib PYTHONPATH=/home/ineogi2/ws/Biorobotics/ros2_ws/install/realsense2_camera_msgs/lib/python3.8/site-packages:/home/ineogi2/ws/micro_ros/install/micro_ros_msgs/lib/python3.8/site-packages:/home/ineogi2/ws/micro_ros/install/drive_base_msgs/lib/python3.8/site-packages:/home/ineogi2/ws/Biorobotics/ros2_ws/build/ros_image:/home/ineogi2/ws/Biorobotics/ros2_ws/install/ros_image/lib/python3.8/site-packages:/opt/ros/foxy/lib/python3.8/site-packages /usr/bin/cmake --install /home/ineogi2/ws/Biorobotics/ros2_ws/build/realsense2_description
[0.811s] Level 1:colcon.colcon_core.environment:checking '/home/ineogi2/ws/Biorobotics/ros2_ws/install/realsense2_description' for CMake config files
[0.811s] Level 1:colcon.colcon_core.shell:create_environment_hook('realsense2_description', 'cmake_prefix_path')
[0.812s] INFO:colcon.colcon_core.shell:Creating environment hook '/home/ineogi2/ws/Biorobotics/ros2_ws/install/realsense2_description/share/realsense2_description/hook/cmake_prefix_path.ps1'
[0.813s] INFO:colcon.colcon_core.shell:Creating environment descriptor '/home/ineogi2/ws/Biorobotics/ros2_ws/install/realsense2_description/share/realsense2_description/hook/cmake_prefix_path.dsv'
[0.813s] INFO:colcon.colcon_core.shell:Creating environment hook '/home/ineogi2/ws/Biorobotics/ros2_ws/install/realsense2_description/share/realsense2_description/hook/cmake_prefix_path.sh'
[0.814s] Level 1:colcon.colcon_core.environment:checking '/home/ineogi2/ws/Biorobotics/ros2_ws/install/realsense2_description/bin'
[0.814s] Level 1:colcon.colcon_core.environment:checking '/home/ineogi2/ws/Biorobotics/ros2_ws/install/realsense2_description/lib/pkgconfig/realsense2_description.pc'
[0.814s] Level 1:colcon.colcon_core.environment:checking '/home/ineogi2/ws/Biorobotics/ros2_ws/install/realsense2_description/lib/python3.8/site-packages'
[0.815s] Level 1:colcon.colcon_core.environment:checking '/home/ineogi2/ws/Biorobotics/ros2_ws/install/realsense2_description/bin'
[0.815s] INFO:colcon.colcon_core.shell:Creating package script '/home/ineogi2/ws/Biorobotics/ros2_ws/install/realsense2_description/share/realsense2_description/package.ps1'
[0.816s] INFO:colcon.colcon_core.shell:Creating package descriptor '/home/ineogi2/ws/Biorobotics/ros2_ws/install/realsense2_description/share/realsense2_description/package.dsv'
[0.817s] INFO:colcon.colcon_core.shell:Creating package script '/home/ineogi2/ws/Biorobotics/ros2_ws/install/realsense2_description/share/realsense2_description/package.sh'
[0.817s] INFO:colcon.colcon_core.shell:Creating package script '/home/ineogi2/ws/Biorobotics/ros2_ws/install/realsense2_description/share/realsense2_description/package.bash'
[0.817s] INFO:colcon.colcon_core.shell:Creating package script '/home/ineogi2/ws/Biorobotics/ros2_ws/install/realsense2_description/share/realsense2_description/package.zsh'
[0.818s] Level 1:colcon.colcon_core.environment:create_file_with_runtime_dependencies(/home/ineogi2/ws/Biorobotics/ros2_ws/install/realsense2_description/share/colcon-core/packages/realsense2_description)
[0.825s] DEBUG:colcon.colcon_core.event_handler.log_command:Invoking command in '/home/ineogi2/ws/Biorobotics/ros2_ws/build/realsense2_camera': CMAKE_PREFIX_PATH=/home/ineogi2/ws/Biorobotics/ros2_ws/install/realsense2_camera_msgs:/home/ineogi2/ws/micro_ros/install/micro_ros_setup:/home/ineogi2/ws/micro_ros/install/micro_ros_agent:/home/ineogi2/ws/micro_ros/install/micro_ros_msgs:/home/ineogi2/ws/micro_ros/install/drive_base_msgs:/home/ineogi2/ws/Biorobotics/ros2_ws/install/realsense2_description:/home/ineogi2/ws/Biorobotics/ros2_ws/install/realsense2_camera:/home/ineogi2/ws/Biorobotics/ros2_ws/install/ros_image:/opt/ros/foxy LD_LIBRARY_PATH=/home/ineogi2/ws/Biorobotics/ros2_ws/install/realsense2_camera_msgs/lib:/home/ineogi2/ws/micro_ros/install/micro_ros_agent/lib:/home/ineogi2/ws/micro_ros/install/micro_ros_msgs/lib:/home/ineogi2/ws/micro_ros/install/drive_base_msgs/lib:/home/ineogi2/ws/Biorobotics/ros2_ws/install/realsense2_camera/lib:/opt/ros/foxy/opt/yaml_cpp_vendor/lib:/opt/ros/foxy/opt/rviz_ogre_vendor/lib:/opt/ros/foxy/lib/x86_64-linux-gnu:/opt/ros/foxy/lib PYTHONPATH=/home/ineogi2/ws/Biorobotics/ros2_ws/install/realsense2_camera_msgs/lib/python3.8/site-packages:/home/ineogi2/ws/micro_ros/install/micro_ros_msgs/lib/python3.8/site-packages:/home/ineogi2/ws/micro_ros/install/drive_base_msgs/lib/python3.8/site-packages:/home/ineogi2/ws/Biorobotics/ros2_ws/build/ros_image:/home/ineogi2/ws/Biorobotics/ros2_ws/install/ros_image/lib/python3.8/site-packages:/opt/ros/foxy/lib/python3.8/site-packages /usr/bin/cmake --install /home/ineogi2/ws/Biorobotics/ros2_ws/build/realsense2_camera
[0.838s] Level 1:colcon.colcon_core.environment:create_environment_scripts_only(realsense2_description)
[0.839s] Level 1:colcon.colcon_core.environment:checking '/home/ineogi2/ws/Biorobotics/ros2_ws/install/realsense2_description' for CMake module files
[0.841s] Level 1:colcon.colcon_core.environment:checking '/home/ineogi2/ws/Biorobotics/ros2_ws/install/realsense2_description' for CMake config files
[0.841s] Level 1:colcon.colcon_core.shell:create_environment_hook('realsense2_description', 'cmake_prefix_path')
[0.842s] INFO:colcon.colcon_core.shell:Creating environment hook '/home/ineogi2/ws/Biorobotics/ros2_ws/install/realsense2_description/share/realsense2_description/hook/cmake_prefix_path.ps1'
[0.842s] INFO:colcon.colcon_core.shell:Creating environment descriptor '/home/ineogi2/ws/Biorobotics/ros2_ws/install/realsense2_description/share/realsense2_description/hook/cmake_prefix_path.dsv'
[0.843s] INFO:colcon.colcon_core.shell:Creating environment hook '/home/ineogi2/ws/Biorobotics/ros2_ws/install/realsense2_description/share/realsense2_description/hook/cmake_prefix_path.sh'
[0.843s] Level 1:colcon.colcon_core.environment:checking '/home/ineogi2/ws/Biorobotics/ros2_ws/install/realsense2_description/bin'
[0.843s] Level 1:colcon.colcon_core.environment:checking '/home/ineogi2/ws/Biorobotics/ros2_ws/install/realsense2_description/lib/pkgconfig/realsense2_description.pc'
[0.844s] Level 1:colcon.colcon_core.environment:checking '/home/ineogi2/ws/Biorobotics/ros2_ws/install/realsense2_description/lib/python3.8/site-packages'
[0.844s] Level 1:colcon.colcon_core.environment:checking '/home/ineogi2/ws/Biorobotics/ros2_ws/install/realsense2_description/bin'
[0.845s] INFO:colcon.colcon_core.shell:Creating package script '/home/ineogi2/ws/Biorobotics/ros2_ws/install/realsense2_description/share/realsense2_description/package.ps1'
[0.846s] INFO:colcon.colcon_core.shell:Creating package descriptor '/home/ineogi2/ws/Biorobotics/ros2_ws/install/realsense2_description/share/realsense2_description/package.dsv'
[0.847s] INFO:colcon.colcon_core.shell:Creating package script '/home/ineogi2/ws/Biorobotics/ros2_ws/install/realsense2_description/share/realsense2_description/package.sh'
[0.847s] INFO:colcon.colcon_core.shell:Creating package script '/home/ineogi2/ws/Biorobotics/ros2_ws/install/realsense2_description/share/realsense2_description/package.bash'
[0.848s] INFO:colcon.colcon_core.shell:Creating package script '/home/ineogi2/ws/Biorobotics/ros2_ws/install/realsense2_description/share/realsense2_description/package.zsh'
[0.848s] Level 1:colcon.colcon_core.environment:create_file_with_runtime_dependencies(/home/ineogi2/ws/Biorobotics/ros2_ws/install/realsense2_description/share/colcon-core/packages/realsense2_description)
[0.855s] Level 1:colcon.colcon_core.environment:create_environment_scripts_only(realsense2_camera)
[0.856s] Level 1:colcon.colcon_core.environment:checking '/home/ineogi2/ws/Biorobotics/ros2_ws/install/realsense2_camera' for CMake module files
[0.856s] DEBUG:colcon.colcon_core.event_handler.log_command:Invoked command in '/home/ineogi2/ws/Biorobotics/ros2_ws/build/realsense2_camera' returned '0': CMAKE_PREFIX_PATH=/home/ineogi2/ws/Biorobotics/ros2_ws/install/realsense2_camera_msgs:/home/ineogi2/ws/micro_ros/install/micro_ros_setup:/home/ineogi2/ws/micro_ros/install/micro_ros_agent:/home/ineogi2/ws/micro_ros/install/micro_ros_msgs:/home/ineogi2/ws/micro_ros/install/drive_base_msgs:/home/ineogi2/ws/Biorobotics/ros2_ws/install/realsense2_description:/home/ineogi2/ws/Biorobotics/ros2_ws/install/realsense2_camera:/home/ineogi2/ws/Biorobotics/ros2_ws/install/ros_image:/opt/ros/foxy LD_LIBRARY_PATH=/home/ineogi2/ws/Biorobotics/ros2_ws/install/realsense2_camera_msgs/lib:/home/ineogi2/ws/micro_ros/install/micro_ros_agent/lib:/home/ineogi2/ws/micro_ros/install/micro_ros_msgs/lib:/home/ineogi2/ws/micro_ros/install/drive_base_msgs/lib:/home/ineogi2/ws/Biorobotics/ros2_ws/install/realsense2_camera/lib:/opt/ros/foxy/opt/yaml_cpp_vendor/lib:/opt/ros/foxy/opt/rviz_ogre_vendor/lib:/opt/ros/foxy/lib/x86_64-linux-gnu:/opt/ros/foxy/lib PYTHONPATH=/home/ineogi2/ws/Biorobotics/ros2_ws/install/realsense2_camera_msgs/lib/python3.8/site-packages:/home/ineogi2/ws/micro_ros/install/micro_ros_msgs/lib/python3.8/site-packages:/home/ineogi2/ws/micro_ros/install/drive_base_msgs/lib/python3.8/site-packages:/home/ineogi2/ws/Biorobotics/ros2_ws/build/ros_image:/home/ineogi2/ws/Biorobotics/ros2_ws/install/ros_image/lib/python3.8/site-packages:/opt/ros/foxy/lib/python3.8/site-packages /usr/bin/cmake --install /home/ineogi2/ws/Biorobotics/ros2_ws/build/realsense2_camera
[0.857s] Level 1:colcon.colcon_core.environment:checking '/home/ineogi2/ws/Biorobotics/ros2_ws/install/realsense2_camera' for CMake config files
[0.857s] Level 1:colcon.colcon_core.shell:create_environment_hook('realsense2_camera', 'cmake_prefix_path')
[0.857s] INFO:colcon.colcon_core.shell:Creating environment hook '/home/ineogi2/ws/Biorobotics/ros2_ws/install/realsense2_camera/share/realsense2_camera/hook/cmake_prefix_path.ps1'
[0.858s] INFO:colcon.colcon_core.shell:Creating environment descriptor '/home/ineogi2/ws/Biorobotics/ros2_ws/install/realsense2_camera/share/realsense2_camera/hook/cmake_prefix_path.dsv'
[0.858s] INFO:colcon.colcon_core.shell:Creating environment hook '/home/ineogi2/ws/Biorobotics/ros2_ws/install/realsense2_camera/share/realsense2_camera/hook/cmake_prefix_path.sh'
[0.858s] Level 1:colcon.colcon_core.environment:checking '/home/ineogi2/ws/Biorobotics/ros2_ws/install/realsense2_camera/lib'
[0.858s] Level 1:colcon.colcon_core.shell:create_environment_hook('realsense2_camera', 'ld_library_path_lib')
[0.859s] INFO:colcon.colcon_core.shell:Creating environment hook '/home/ineogi2/ws/Biorobotics/ros2_ws/install/realsense2_camera/share/realsense2_camera/hook/ld_library_path_lib.ps1'
[0.859s] INFO:colcon.colcon_core.shell:Creating environment descriptor '/home/ineogi2/ws/Biorobotics/ros2_ws/install/realsense2_camera/share/realsense2_camera/hook/ld_library_path_lib.dsv'
[0.859s] INFO:colcon.colcon_core.shell:Creating environment hook '/home/ineogi2/ws/Biorobotics/ros2_ws/install/realsense2_camera/share/realsense2_camera/hook/ld_library_path_lib.sh'
[0.860s] Level 1:colcon.colcon_core.environment:checking '/home/ineogi2/ws/Biorobotics/ros2_ws/install/realsense2_camera/bin'
[0.860s] Level 1:colcon.colcon_core.environment:checking '/home/ineogi2/ws/Biorobotics/ros2_ws/install/realsense2_camera/lib/pkgconfig/realsense2_camera.pc'
[0.860s] Level 1:colcon.colcon_core.environment:checking '/home/ineogi2/ws/Biorobotics/ros2_ws/install/realsense2_camera/lib/python3.8/site-packages'
[0.860s] Level 1:colcon.colcon_core.environment:checking '/home/ineogi2/ws/Biorobotics/ros2_ws/install/realsense2_camera/bin'
[0.860s] INFO:colcon.colcon_core.shell:Creating package script '/home/ineogi2/ws/Biorobotics/ros2_ws/install/realsense2_camera/share/realsense2_camera/package.ps1'
[0.861s] INFO:colcon.colcon_core.shell:Creating package descriptor '/home/ineogi2/ws/Biorobotics/ros2_ws/install/realsense2_camera/share/realsense2_camera/package.dsv'
[0.861s] INFO:colcon.colcon_core.shell:Creating package script '/home/ineogi2/ws/Biorobotics/ros2_ws/install/realsense2_camera/share/realsense2_camera/package.sh'
[0.861s] INFO:colcon.colcon_core.shell:Creating package script '/home/ineogi2/ws/Biorobotics/ros2_ws/install/realsense2_camera/share/realsense2_camera/package.bash'
[0.862s] INFO:colcon.colcon_core.shell:Creating package script '/home/ineogi2/ws/Biorobotics/ros2_ws/install/realsense2_camera/share/realsense2_camera/package.zsh'
[0.862s] Level 1:colcon.colcon_core.environment:create_file_with_runtime_dependencies(/home/ineogi2/ws/Biorobotics/ros2_ws/install/realsense2_camera/share/colcon-core/packages/realsense2_camera)
[0.886s] Level 1:colcon.colcon_core.environment:create_environment_scripts_only(realsense2_camera)
[0.887s] Level 1:colcon.colcon_core.environment:checking '/home/ineogi2/ws/Biorobotics/ros2_ws/install/realsense2_camera' for CMake module files
[0.888s] Level 1:colcon.colcon_core.environment:checking '/home/ineogi2/ws/Biorobotics/ros2_ws/install/realsense2_camera' for CMake config files
[0.888s] Level 1:colcon.colcon_core.shell:create_environment_hook('realsense2_camera', 'cmake_prefix_path')
[0.888s] INFO:colcon.colcon_core.shell:Creating environment hook '/home/ineogi2/ws/Biorobotics/ros2_ws/install/realsense2_camera/share/realsense2_camera/hook/cmake_prefix_path.ps1'
[0.889s] INFO:colcon.colcon_core.shell:Creating environment descriptor '/home/ineogi2/ws/Biorobotics/ros2_ws/install/realsense2_camera/share/realsense2_camera/hook/cmake_prefix_path.dsv'
[0.889s] INFO:colcon.colcon_core.shell:Creating environment hook '/home/ineogi2/ws/Biorobotics/ros2_ws/install/realsense2_camera/share/realsense2_camera/hook/cmake_prefix_path.sh'
[0.890s] Level 1:colcon.colcon_core.environment:checking '/home/ineogi2/ws/Biorobotics/ros2_ws/install/realsense2_camera/lib'
[0.890s] Level 1:colcon.colcon_core.shell:create_environment_hook('realsense2_camera', 'ld_library_path_lib')
[0.890s] INFO:colcon.colcon_core.shell:Creating environment hook '/home/ineogi2/ws/Biorobotics/ros2_ws/install/realsense2_camera/share/realsense2_camera/hook/ld_library_path_lib.ps1'
[0.890s] INFO:colcon.colcon_core.shell:Creating environment descriptor '/home/ineogi2/ws/Biorobotics/ros2_ws/install/realsense2_camera/share/realsense2_camera/hook/ld_library_path_lib.dsv'
[0.890s] INFO:colcon.colcon_core.shell:Creating environment hook '/home/ineogi2/ws/Biorobotics/ros2_ws/install/realsense2_camera/share/realsense2_camera/hook/ld_library_path_lib.sh'
[0.891s] Level 1:colcon.colcon_core.environment:checking '/home/ineogi2/ws/Biorobotics/ros2_ws/install/realsense2_camera/bin'
[0.891s] Level 1:colcon.colcon_core.environment:checking '/home/ineogi2/ws/Biorobotics/ros2_ws/install/realsense2_camera/lib/pkgconfig/realsense2_camera.pc'
[0.891s] Level 1:colcon.colcon_core.environment:checking '/home/ineogi2/ws/Biorobotics/ros2_ws/install/realsense2_camera/lib/python3.8/site-packages'
[0.891s] Level 1:colcon.colcon_core.environment:checking '/home/ineogi2/ws/Biorobotics/ros2_ws/install/realsense2_camera/bin'
[0.892s] INFO:colcon.colcon_core.shell:Creating package script '/home/ineogi2/ws/Biorobotics/ros2_ws/install/realsense2_camera/share/realsense2_camera/package.ps1'
[0.892s] INFO:colcon.colcon_core.shell:Creating package descriptor '/home/ineogi2/ws/Biorobotics/ros2_ws/install/realsense2_camera/share/realsense2_camera/package.dsv'
[0.892s] INFO:colcon.colcon_core.shell:Creating package script '/home/ineogi2/ws/Biorobotics/ros2_ws/install/realsense2_camera/share/realsense2_camera/package.sh'
[0.893s] INFO:colcon.colcon_core.shell:Creating package script '/home/ineogi2/ws/Biorobotics/ros2_ws/install/realsense2_camera/share/realsense2_camera/package.bash'
[0.893s] INFO:colcon.colcon_core.shell:Creating package script '/home/ineogi2/ws/Biorobotics/ros2_ws/install/realsense2_camera/share/realsense2_camera/package.zsh'
[0.893s] Level 1:colcon.colcon_core.environment:create_file_with_runtime_dependencies(/home/ineogi2/ws/Biorobotics/ros2_ws/install/realsense2_camera/share/colcon-core/packages/realsense2_camera)
[1.204s] Level 1:colcon.colcon_core.shell:create_environment_hook('ros_image', 'pythonpath_develop')
[1.205s] INFO:colcon.colcon_core.shell:Creating environment hook '/home/ineogi2/ws/Biorobotics/ros2_ws/build/ros_image/share/ros_image/hook/pythonpath_develop.ps1'
[1.205s] DEBUG:colcon.colcon_core.event_handler.log_command:Invoked command in '/home/ineogi2/ws/Biorobotics/ros2_ws/build/ros_image' returned '0': PYTHONPATH=/home/ineogi2/ws/Biorobotics/ros2_ws/install/ros_image/lib/python3.8/site-packages:${PYTHONPATH} /usr/bin/python3 setup.py develop --prefix /home/ineogi2/ws/Biorobotics/ros2_ws/install/ros_image --editable --build-directory /home/ineogi2/ws/Biorobotics/ros2_ws/build/ros_image/build --no-deps install_data --install-dir /home/ineogi2/ws/Biorobotics/ros2_ws/install/ros_image
[1.206s] INFO:colcon.colcon_core.shell:Creating environment descriptor '/home/ineogi2/ws/Biorobotics/ros2_ws/build/ros_image/share/ros_image/hook/pythonpath_develop.dsv'
[1.206s] INFO:colcon.colcon_core.shell:Creating environment hook '/home/ineogi2/ws/Biorobotics/ros2_ws/build/ros_image/share/ros_image/hook/pythonpath_develop.sh'
[1.207s] Level 1:colcon.colcon_core.environment:checking '/home/ineogi2/ws/Biorobotics/ros2_ws/install/ros_image' for CMake module files
[1.207s] Level 1:colcon.colcon_core.environment:checking '/home/ineogi2/ws/Biorobotics/ros2_ws/install/ros_image' for CMake config files
[1.207s] Level 1:colcon.colcon_core.environment:checking '/home/ineogi2/ws/Biorobotics/ros2_ws/install/ros_image/lib'
[1.208s] Level 1:colcon.colcon_core.environment:checking '/home/ineogi2/ws/Biorobotics/ros2_ws/install/ros_image/bin'
[1.208s] Level 1:colcon.colcon_core.environment:checking '/home/ineogi2/ws/Biorobotics/ros2_ws/install/ros_image/lib/pkgconfig/ros_image.pc'
[1.208s] Level 1:colcon.colcon_core.environment:checking '/home/ineogi2/ws/Biorobotics/ros2_ws/install/ros_image/lib/python3.8/site-packages'
[1.208s] Level 1:colcon.colcon_core.shell:create_environment_hook('ros_image', 'pythonpath')
[1.208s] INFO:colcon.colcon_core.shell:Creating environment hook '/home/ineogi2/ws/Biorobotics/ros2_ws/install/ros_image/share/ros_image/hook/pythonpath.ps1'
[1.208s] INFO:colcon.colcon_core.shell:Creating environment descriptor '/home/ineogi2/ws/Biorobotics/ros2_ws/install/ros_image/share/ros_image/hook/pythonpath.dsv'
[1.209s] INFO:colcon.colcon_core.shell:Creating environment hook '/home/ineogi2/ws/Biorobotics/ros2_ws/install/ros_image/share/ros_image/hook/pythonpath.sh'
[1.209s] Level 1:colcon.colcon_core.environment:checking '/home/ineogi2/ws/Biorobotics/ros2_ws/install/ros_image/bin'
[1.209s] Level 1:colcon.colcon_core.environment:create_environment_scripts_only(ros_image)
[1.210s] INFO:colcon.colcon_core.shell:Creating package script '/home/ineogi2/ws/Biorobotics/ros2_ws/install/ros_image/share/ros_image/package.ps1'
[1.210s] INFO:colcon.colcon_core.shell:Creating package descriptor '/home/ineogi2/ws/Biorobotics/ros2_ws/install/ros_image/share/ros_image/package.dsv'
[1.210s] INFO:colcon.colcon_core.shell:Creating package script '/home/ineogi2/ws/Biorobotics/ros2_ws/install/ros_image/share/ros_image/package.sh'
[1.211s] INFO:colcon.colcon_core.shell:Creating package script '/home/ineogi2/ws/Biorobotics/ros2_ws/install/ros_image/share/ros_image/package.bash'
[1.211s] INFO:colcon.colcon_core.shell:Creating package script '/home/ineogi2/ws/Biorobotics/ros2_ws/install/ros_image/share/ros_image/package.zsh'
[1.211s] Level 1:colcon.colcon_core.environment:create_file_with_runtime_dependencies(/home/ineogi2/ws/Biorobotics/ros2_ws/install/ros_image/share/colcon-core/packages/ros_image)
[1.211s] DEBUG:colcon.colcon_parallel_executor.executor.parallel:closing loop
[1.212s] DEBUG:colcon.colcon_parallel_executor.executor.parallel:loop closed
[1.212s] DEBUG:colcon.colcon_parallel_executor.executor.parallel:run_until_complete finished with '0'
[1.212s] DEBUG:colcon.colcon_core.event_reactor:joining thread
[1.217s] INFO:colcon.colcon_core.plugin_system:Skipping extension 'colcon_notification.desktop_notification.terminal_notifier': Not used on non-Darwin systems
[1.218s] INFO:colcon.colcon_core.plugin_system:Skipping extension 'colcon_notification.desktop_notification.win32': Not used on non-Windows systems
[1.218s] INFO:colcon.colcon_notification.desktop_notification:Sending desktop notification using 'notify2'
[1.229s] DEBUG:colcon.colcon_core.event_reactor:joined thread
[1.230s] INFO:colcon.colcon_core.shell:Creating prefix script '/home/ineogi2/ws/Biorobotics/ros2_ws/install/local_setup.ps1'
[1.231s] INFO:colcon.colcon_core.shell:Creating prefix util module '/home/ineogi2/ws/Biorobotics/ros2_ws/install/_local_setup_util_ps1.py'
[1.232s] INFO:colcon.colcon_core.shell:Creating prefix chain script '/home/ineogi2/ws/Biorobotics/ros2_ws/install/setup.ps1'
[1.233s] INFO:colcon.colcon_core.shell:Creating prefix script '/home/ineogi2/ws/Biorobotics/ros2_ws/install/local_setup.sh'
[1.234s] INFO:colcon.colcon_core.shell:Creating prefix util module '/home/ineogi2/ws/Biorobotics/ros2_ws/install/_local_setup_util_sh.py'
[1.234s] INFO:colcon.colcon_core.shell:Creating prefix chain script '/home/ineogi2/ws/Biorobotics/ros2_ws/install/setup.sh'
[1.235s] INFO:colcon.colcon_core.shell:Creating prefix script '/home/ineogi2/ws/Biorobotics/ros2_ws/install/local_setup.bash'
[1.235s] INFO:colcon.colcon_core.shell:Creating prefix chain script '/home/ineogi2/ws/Biorobotics/ros2_ws/install/setup.bash'
[1.237s] INFO:colcon.colcon_core.shell:Creating prefix script '/home/ineogi2/ws/Biorobotics/ros2_ws/install/local_setup.zsh'
[1.237s] INFO:colcon.colcon_core.shell:Creating prefix chain script '/home/ineogi2/ws/Biorobotics/ros2_ws/install/setup.zsh'
