[0.015s] Invoking command in '/home/ineogi2/ros2_ws/build/realsense2_camera': CMAKE_PREFIX_PATH=/home/ineogi2/ros2_ws/install/realsense2_camera_msgs:/home/ineogi2/microros_ws/install/micro_ros_setup:/home/ineogi2/microros_ws/install/micro_ros_agent:/home/ineogi2/microros_ws/install/micro_ros_msgs:/home/ineogi2/ros2_ws/install/realsense2_description:/home/ineogi2/ros2_ws/install/realsense2_camera:/home/ineogi2/ros2_ws/install/ros_teensy:/home/ineogi2/ros2_ws/install/ros_image:/opt/ros/foxy LD_LIBRARY_PATH=/home/ineogi2/ros2_ws/install/realsense2_camera_msgs/lib:/usr/local/cuda-11.2/lib64:/home/ineogi2/ros2_ws/install/realsense2_camera/lib:/usr/local/cuda-11.2/lib64:/home/ineogi2/microros_ws/install/micro_ros_agent/lib:/home/ineogi2/microros_ws/install/micro_ros_msgs/lib:/home/ineogi2/microros_ws/install/drive_base_msgs/lib:/opt/ros/foxy/opt/yaml_cpp_vendor/lib:/opt/ros/foxy/opt/rviz_ogre_vendor/lib:/opt/ros/foxy/lib/x86_64-linux-gnu:/opt/ros/foxy/lib:/usr/local/cuda-11.2/lib64:/usr/local/cuda-11.2/lib64 PYTHONPATH=/home/ineogi2/ros2_ws/install/realsense2_camera_msgs/lib/python3.8/site-packages:/home/ineogi2/microros_ws/install/micro_ros_msgs/lib/python3.8/site-packages:/home/ineogi2/ros2_ws/install/ros_teensy/lib/python3.8/site-packages:/home/ineogi2/ros2_ws/install/ros_image/lib/python3.8/site-packages:/opt/ros/foxy/lib/python3.8/site-packages /usr/bin/cmake /home/ineogi2/ros2_ws/src/realsense-ros/realsense2_camera -DAMENT_CMAKE_SYMLINK_INSTALL=1 -DCMAKE_INSTALL_PREFIX=/home/ineogi2/ros2_ws/install/realsense2_camera
[0.027s] -- Create Release Build.
[0.027s] -- Found ament_cmake: 0.9.9 (/opt/ros/foxy/share/ament_cmake/cmake)
[0.053s] -- Using PYTHON_EXECUTABLE: /usr/bin/python3
[0.219s] -- Override CMake install command with custom implementation using symlinks instead of copying resources
[0.225s] -- Found builtin_interfaces: 1.0.0 (/opt/ros/foxy/share/builtin_interfaces/cmake)
[0.243s] -- Using all available rosidl_typesupport_c: rosidl_typesupport_fastrtps_c;rosidl_typesupport_introspection_c
[0.246s] -- Found rosidl_adapter: 1.2.1 (/opt/ros/foxy/share/rosidl_adapter/cmake)
[0.336s] -- Using all available rosidl_typesupport_cpp: rosidl_typesupport_fastrtps_cpp;rosidl_typesupport_introspection_cpp
[0.355s] -- Found cv_bridge: 2.2.1 (/opt/ros/foxy/share/cv_bridge/cmake)
[0.369s] -- Found image_transport: 2.3.0 (/opt/ros/foxy/share/image_transport/cmake)
[0.412s] -- Found rmw_implementation_cmake: 1.0.3 (/opt/ros/foxy/share/rmw_implementation_cmake/cmake)
[0.414s] -- Using RMW implementation 'rmw_fastrtps_cpp' as default
[0.668s] -- Found rclcpp_components: 2.4.1 (/opt/ros/foxy/share/rclcpp_components/cmake)
[0.709s] -- Found realsense2_camera_msgs: 4.0.4 (/home/ineogi2/ros2_ws/install/realsense2_camera_msgs/share/realsense2_camera_msgs/cmake)
[0.737s] -- Found nav_msgs: 2.0.5 (/opt/ros/foxy/share/nav_msgs/cmake)
[0.793s] -- Found tf2_ros: 0.13.13 (/opt/ros/foxy/share/tf2_ros/cmake)
[1.015s] -- Found diagnostic_updater: 2.0.8 (/opt/ros/foxy/share/diagnostic_updater/cmake)
[1.063s] -- Build for ROS2 Foxy
[1.162s] -- Configuring done
[1.191s] -- Generating done
[1.192s] -- Build files have been written to: /home/ineogi2/ros2_ws/build/realsense2_camera
[1.200s] Invoked command in '/home/ineogi2/ros2_ws/build/realsense2_camera' returned '0': CMAKE_PREFIX_PATH=/home/ineogi2/ros2_ws/install/realsense2_camera_msgs:/home/ineogi2/microros_ws/install/micro_ros_setup:/home/ineogi2/microros_ws/install/micro_ros_agent:/home/ineogi2/microros_ws/install/micro_ros_msgs:/home/ineogi2/ros2_ws/install/realsense2_description:/home/ineogi2/ros2_ws/install/realsense2_camera:/home/ineogi2/ros2_ws/install/ros_teensy:/home/ineogi2/ros2_ws/install/ros_image:/opt/ros/foxy LD_LIBRARY_PATH=/home/ineogi2/ros2_ws/install/realsense2_camera_msgs/lib:/usr/local/cuda-11.2/lib64:/home/ineogi2/ros2_ws/install/realsense2_camera/lib:/usr/local/cuda-11.2/lib64:/home/ineogi2/microros_ws/install/micro_ros_agent/lib:/home/ineogi2/microros_ws/install/micro_ros_msgs/lib:/home/ineogi2/microros_ws/install/drive_base_msgs/lib:/opt/ros/foxy/opt/yaml_cpp_vendor/lib:/opt/ros/foxy/opt/rviz_ogre_vendor/lib:/opt/ros/foxy/lib/x86_64-linux-gnu:/opt/ros/foxy/lib:/usr/local/cuda-11.2/lib64:/usr/local/cuda-11.2/lib64 PYTHONPATH=/home/ineogi2/ros2_ws/install/realsense2_camera_msgs/lib/python3.8/site-packages:/home/ineogi2/microros_ws/install/micro_ros_msgs/lib/python3.8/site-packages:/home/ineogi2/ros2_ws/install/ros_teensy/lib/python3.8/site-packages:/home/ineogi2/ros2_ws/install/ros_image/lib/python3.8/site-packages:/opt/ros/foxy/lib/python3.8/site-packages /usr/bin/cmake /home/ineogi2/ros2_ws/src/realsense-ros/realsense2_camera -DAMENT_CMAKE_SYMLINK_INSTALL=1 -DCMAKE_INSTALL_PREFIX=/home/ineogi2/ros2_ws/install/realsense2_camera
[1.202s] Invoking command in '/home/ineogi2/ros2_ws/build/realsense2_camera': CMAKE_PREFIX_PATH=/home/ineogi2/ros2_ws/install/realsense2_camera_msgs:/home/ineogi2/microros_ws/install/micro_ros_setup:/home/ineogi2/microros_ws/install/micro_ros_agent:/home/ineogi2/microros_ws/install/micro_ros_msgs:/home/ineogi2/ros2_ws/install/realsense2_description:/home/ineogi2/ros2_ws/install/realsense2_camera:/home/ineogi2/ros2_ws/install/ros_teensy:/home/ineogi2/ros2_ws/install/ros_image:/opt/ros/foxy LD_LIBRARY_PATH=/home/ineogi2/ros2_ws/install/realsense2_camera_msgs/lib:/usr/local/cuda-11.2/lib64:/home/ineogi2/ros2_ws/install/realsense2_camera/lib:/usr/local/cuda-11.2/lib64:/home/ineogi2/microros_ws/install/micro_ros_agent/lib:/home/ineogi2/microros_ws/install/micro_ros_msgs/lib:/home/ineogi2/microros_ws/install/drive_base_msgs/lib:/opt/ros/foxy/opt/yaml_cpp_vendor/lib:/opt/ros/foxy/opt/rviz_ogre_vendor/lib:/opt/ros/foxy/lib/x86_64-linux-gnu:/opt/ros/foxy/lib:/usr/local/cuda-11.2/lib64:/usr/local/cuda-11.2/lib64 PYTHONPATH=/home/ineogi2/ros2_ws/install/realsense2_camera_msgs/lib/python3.8/site-packages:/home/ineogi2/microros_ws/install/micro_ros_msgs/lib/python3.8/site-packages:/home/ineogi2/ros2_ws/install/ros_teensy/lib/python3.8/site-packages:/home/ineogi2/ros2_ws/install/ros_image/lib/python3.8/site-packages:/opt/ros/foxy/lib/python3.8/site-packages /usr/bin/cmake --build /home/ineogi2/ros2_ws/build/realsense2_camera -- -j12 -l12
[1.245s] [  6%] [32m[1mLinking CXX executable realsense2_camera_node[0m
[1.273s] [ 12%] [32m[1mLinking CXX shared library librealsense2_camera.so[0m
[1.348s] [ 18%] Built target realsense2_camera_node
[1.811s] [100%] Built target realsense2_camera
[1.823s] Invoked command in '/home/ineogi2/ros2_ws/build/realsense2_camera' returned '0': CMAKE_PREFIX_PATH=/home/ineogi2/ros2_ws/install/realsense2_camera_msgs:/home/ineogi2/microros_ws/install/micro_ros_setup:/home/ineogi2/microros_ws/install/micro_ros_agent:/home/ineogi2/microros_ws/install/micro_ros_msgs:/home/ineogi2/ros2_ws/install/realsense2_description:/home/ineogi2/ros2_ws/install/realsense2_camera:/home/ineogi2/ros2_ws/install/ros_teensy:/home/ineogi2/ros2_ws/install/ros_image:/opt/ros/foxy LD_LIBRARY_PATH=/home/ineogi2/ros2_ws/install/realsense2_camera_msgs/lib:/usr/local/cuda-11.2/lib64:/home/ineogi2/ros2_ws/install/realsense2_camera/lib:/usr/local/cuda-11.2/lib64:/home/ineogi2/microros_ws/install/micro_ros_agent/lib:/home/ineogi2/microros_ws/install/micro_ros_msgs/lib:/home/ineogi2/microros_ws/install/drive_base_msgs/lib:/opt/ros/foxy/opt/yaml_cpp_vendor/lib:/opt/ros/foxy/opt/rviz_ogre_vendor/lib:/opt/ros/foxy/lib/x86_64-linux-gnu:/opt/ros/foxy/lib:/usr/local/cuda-11.2/lib64:/usr/local/cuda-11.2/lib64 PYTHONPATH=/home/ineogi2/ros2_ws/install/realsense2_camera_msgs/lib/python3.8/site-packages:/home/ineogi2/microros_ws/install/micro_ros_msgs/lib/python3.8/site-packages:/home/ineogi2/ros2_ws/install/ros_teensy/lib/python3.8/site-packages:/home/ineogi2/ros2_ws/install/ros_image/lib/python3.8/site-packages:/opt/ros/foxy/lib/python3.8/site-packages /usr/bin/cmake --build /home/ineogi2/ros2_ws/build/realsense2_camera -- -j12 -l12
[1.860s] Invoking command in '/home/ineogi2/ros2_ws/build/realsense2_camera': CMAKE_PREFIX_PATH=/home/ineogi2/ros2_ws/install/realsense2_camera_msgs:/home/ineogi2/microros_ws/install/micro_ros_setup:/home/ineogi2/microros_ws/install/micro_ros_agent:/home/ineogi2/microros_ws/install/micro_ros_msgs:/home/ineogi2/ros2_ws/install/realsense2_description:/home/ineogi2/ros2_ws/install/realsense2_camera:/home/ineogi2/ros2_ws/install/ros_teensy:/home/ineogi2/ros2_ws/install/ros_image:/opt/ros/foxy LD_LIBRARY_PATH=/home/ineogi2/ros2_ws/install/realsense2_camera_msgs/lib:/usr/local/cuda-11.2/lib64:/home/ineogi2/ros2_ws/install/realsense2_camera/lib:/usr/local/cuda-11.2/lib64:/home/ineogi2/microros_ws/install/micro_ros_agent/lib:/home/ineogi2/microros_ws/install/micro_ros_msgs/lib:/home/ineogi2/microros_ws/install/drive_base_msgs/lib:/opt/ros/foxy/opt/yaml_cpp_vendor/lib:/opt/ros/foxy/opt/rviz_ogre_vendor/lib:/opt/ros/foxy/lib/x86_64-linux-gnu:/opt/ros/foxy/lib:/usr/local/cuda-11.2/lib64:/usr/local/cuda-11.2/lib64 PYTHONPATH=/home/ineogi2/ros2_ws/install/realsense2_camera_msgs/lib/python3.8/site-packages:/home/ineogi2/microros_ws/install/micro_ros_msgs/lib/python3.8/site-packages:/home/ineogi2/ros2_ws/install/ros_teensy/lib/python3.8/site-packages:/home/ineogi2/ros2_ws/install/ros_image/lib/python3.8/site-packages:/opt/ros/foxy/lib/python3.8/site-packages /usr/bin/cmake --install /home/ineogi2/ros2_ws/build/realsense2_camera
[1.866s] -- Install configuration: "Release"
[1.867s] -- Execute custom install script
[1.867s] -- Symlinking: /home/ineogi2/ros2_ws/install/realsense2_camera/lib/realsense2_camera/realsense2_camera_node
[1.877s] -- Symlinking: /home/ineogi2/ros2_ws/install/realsense2_camera/lib/librealsense2_camera.so
[1.884s] -- Symlinking: /home/ineogi2/ros2_ws/install/realsense2_camera/include/base_realsense_node.h
[1.892s] -- Symlinking: /home/ineogi2/ros2_ws/install/realsense2_camera/include/constants.h
[1.898s] -- Symlinking: /home/ineogi2/ros2_ws/install/realsense2_camera/include/dynamic_params.h
[1.906s] -- Symlinking: /home/ineogi2/ros2_ws/install/realsense2_camera/include/image_publisher.h
[1.912s] -- Symlinking: /home/ineogi2/ros2_ws/install/realsense2_camera/include/named_filter.h
[1.918s] -- Symlinking: /home/ineogi2/ros2_ws/install/realsense2_camera/include/profile_manager.h
[1.924s] -- Symlinking: /home/ineogi2/ros2_ws/install/realsense2_camera/include/realsense_node_factory.h
[1.930s] -- Symlinking: /home/ineogi2/ros2_ws/install/realsense2_camera/include/ros_param_backend.h
[1.936s] -- Symlinking: /home/ineogi2/ros2_ws/install/realsense2_camera/include/ros_sensor.h
[1.944s] -- Symlinking: /home/ineogi2/ros2_ws/install/realsense2_camera/include/ros_utils.h
[1.950s] -- Symlinking: /home/ineogi2/ros2_ws/install/realsense2_camera/include/sensor_params.h
[1.956s] -- Symlinking: /home/ineogi2/ros2_ws/install/realsense2_camera/include/t265_realsense_node.h
[1.962s] -- Symlinking: /home/ineogi2/ros2_ws/install/realsense2_camera/share/realsense2_camera/launch/default.rviz
[1.969s] -- Symlinking: /home/ineogi2/ros2_ws/install/realsense2_camera/share/realsense2_camera/launch/rs_d400_and_t265_launch.py
[1.975s] -- Symlinking: /home/ineogi2/ros2_ws/install/realsense2_camera/share/realsense2_camera/launch/rs_intra_process_demo_launch.py
[1.982s] -- Symlinking: /home/ineogi2/ros2_ws/install/realsense2_camera/share/realsense2_camera/launch/rs_launch.py
[1.988s] -- Symlinking: /home/ineogi2/ros2_ws/install/realsense2_camera/share/realsense2_camera/launch/rs_multi_camera_launch.py
[1.994s] -- Symlinking: /home/ineogi2/ros2_ws/install/realsense2_camera/share/realsense2_camera/environment/library_path.sh
[2.000s] -- Symlinking: /home/ineogi2/ros2_ws/install/realsense2_camera/share/realsense2_camera/environment/library_path.dsv
[2.008s] -- Symlinking: /home/ineogi2/ros2_ws/install/realsense2_camera/share/ament_index/resource_index/package_run_dependencies/realsense2_camera
[2.015s] -- Symlinking: /home/ineogi2/ros2_ws/install/realsense2_camera/share/ament_index/resource_index/parent_prefix_path/realsense2_camera
[2.021s] -- Symlinking: /home/ineogi2/ros2_ws/install/realsense2_camera/share/realsense2_camera/environment/ament_prefix_path.sh
[2.027s] -- Symlinking: /home/ineogi2/ros2_ws/install/realsense2_camera/share/realsense2_camera/environment/ament_prefix_path.dsv
[2.033s] -- Symlinking: /home/ineogi2/ros2_ws/install/realsense2_camera/share/realsense2_camera/environment/path.sh
[2.040s] -- Symlinking: /home/ineogi2/ros2_ws/install/realsense2_camera/share/realsense2_camera/environment/path.dsv
[2.047s] -- Symlinking: /home/ineogi2/ros2_ws/install/realsense2_camera/share/realsense2_camera/local_setup.bash
[2.052s] -- Symlinking: /home/ineogi2/ros2_ws/install/realsense2_camera/share/realsense2_camera/local_setup.sh
[2.058s] -- Symlinking: /home/ineogi2/ros2_ws/install/realsense2_camera/share/realsense2_camera/local_setup.zsh
[2.064s] -- Symlinking: /home/ineogi2/ros2_ws/install/realsense2_camera/share/realsense2_camera/local_setup.dsv
[2.071s] -- Symlinking: /home/ineogi2/ros2_ws/install/realsense2_camera/share/realsense2_camera/package.dsv
[2.077s] -- Symlinking: /home/ineogi2/ros2_ws/install/realsense2_camera/share/ament_index/resource_index/packages/realsense2_camera
[2.083s] -- Symlinking: /home/ineogi2/ros2_ws/install/realsense2_camera/share/ament_index/resource_index/rclcpp_components/realsense2_camera
[2.089s] -- Symlinking: /home/ineogi2/ros2_ws/install/realsense2_camera/share/realsense2_camera/cmake/ament_cmake_export_include_directories-extras.cmake
[2.095s] -- Symlinking: /home/ineogi2/ros2_ws/install/realsense2_camera/share/realsense2_camera/cmake/ament_cmake_export_libraries-extras.cmake
[2.102s] -- Symlinking: /home/ineogi2/ros2_ws/install/realsense2_camera/share/realsense2_camera/cmake/ament_cmake_export_dependencies-extras.cmake
[2.109s] -- Symlinking: /home/ineogi2/ros2_ws/install/realsense2_camera/share/realsense2_camera/cmake/realsense2_cameraConfig.cmake
[2.116s] -- Symlinking: /home/ineogi2/ros2_ws/install/realsense2_camera/share/realsense2_camera/cmake/realsense2_cameraConfig-version.cmake
[2.122s] -- Symlinking: /home/ineogi2/ros2_ws/install/realsense2_camera/share/realsense2_camera/package.xml
[2.129s] Invoked command in '/home/ineogi2/ros2_ws/build/realsense2_camera' returned '0': CMAKE_PREFIX_PATH=/home/ineogi2/ros2_ws/install/realsense2_camera_msgs:/home/ineogi2/microros_ws/install/micro_ros_setup:/home/ineogi2/microros_ws/install/micro_ros_agent:/home/ineogi2/microros_ws/install/micro_ros_msgs:/home/ineogi2/ros2_ws/install/realsense2_description:/home/ineogi2/ros2_ws/install/realsense2_camera:/home/ineogi2/ros2_ws/install/ros_teensy:/home/ineogi2/ros2_ws/install/ros_image:/opt/ros/foxy LD_LIBRARY_PATH=/home/ineogi2/ros2_ws/install/realsense2_camera_msgs/lib:/usr/local/cuda-11.2/lib64:/home/ineogi2/ros2_ws/install/realsense2_camera/lib:/usr/local/cuda-11.2/lib64:/home/ineogi2/microros_ws/install/micro_ros_agent/lib:/home/ineogi2/microros_ws/install/micro_ros_msgs/lib:/home/ineogi2/microros_ws/install/drive_base_msgs/lib:/opt/ros/foxy/opt/yaml_cpp_vendor/lib:/opt/ros/foxy/opt/rviz_ogre_vendor/lib:/opt/ros/foxy/lib/x86_64-linux-gnu:/opt/ros/foxy/lib:/usr/local/cuda-11.2/lib64:/usr/local/cuda-11.2/lib64 PYTHONPATH=/home/ineogi2/ros2_ws/install/realsense2_camera_msgs/lib/python3.8/site-packages:/home/ineogi2/microros_ws/install/micro_ros_msgs/lib/python3.8/site-packages:/home/ineogi2/ros2_ws/install/ros_teensy/lib/python3.8/site-packages:/home/ineogi2/ros2_ws/install/ros_image/lib/python3.8/site-packages:/opt/ros/foxy/lib/python3.8/site-packages /usr/bin/cmake --install /home/ineogi2/ros2_ws/build/realsense2_camera
