[0.103s] DEBUG:colcon:Command line arguments: ['/usr/bin/colcon', 'build', '--symlink-install']
[0.103s] DEBUG:colcon:Parsed command line arguments: Namespace(allow_overriding=[], ament_cmake_args=None, base_paths=['.'], build_base='build', catkin_cmake_args=None, catkin_skip_building_tests=False, cmake_args=None, cmake_clean_cache=False, cmake_clean_first=False, cmake_force_configure=False, cmake_target=None, cmake_target_skip_unavailable=False, continue_on_error=False, event_handlers=None, executor='parallel', ignore_user_meta=False, install_base='install', log_base=None, log_level=None, main=<bound method BuildVerb.main of <colcon_core.verb.build.BuildVerb object at 0x7fdeffa9dca0>>, merge_install=False, metas=['./colcon.meta'], packages_above=None, packages_above_and_dependencies=None, packages_above_depth=None, packages_end=None, packages_ignore=None, packages_ignore_regex=None, packages_select=None, packages_select_build_failed=False, packages_select_by_dep=None, packages_select_regex=None, packages_select_test_failures=False, packages_skip=None, packages_skip_build_finished=False, packages_skip_by_dep=None, packages_skip_regex=None, packages_skip_test_passed=False, packages_skip_up_to=None, packages_start=None, packages_up_to=None, packages_up_to_regex=None, parallel_workers=12, paths=None, symlink_install=True, test_result_base=None, verb_extension=<colcon_core.verb.build.BuildVerb object at 0x7fdeffa9dca0>, verb_name='build', verb_parser=<colcon_defaults.argument_parser.defaults.DefaultArgumentsDecorator object at 0x7fdeffaaa250>)
[0.121s] Level 1:colcon.colcon_core.package_discovery:discover_packages(colcon_meta) check parameters
[0.121s] Level 1:colcon.colcon_core.package_discovery:discover_packages(recursive) check parameters
[0.121s] Level 1:colcon.colcon_core.package_discovery:discover_packages(ignore) check parameters
[0.121s] Level 1:colcon.colcon_core.package_discovery:discover_packages(path) check parameters
[0.121s] Level 1:colcon.colcon_core.package_discovery:discover_packages(colcon_meta) discover
[0.121s] Level 1:colcon.colcon_core.package_discovery:discover_packages(recursive) discover
[0.121s] INFO:colcon.colcon_core.package_discovery:Crawling recursively for packages in '/home/ineogi2/ws/Biorobotics/ros2_ws'
[0.121s] Level 1:colcon.colcon_core.package_identification:_identify(.) by extensions ['ignore', 'ignore_ament_install']
[0.121s] Level 1:colcon.colcon_core.package_identification:_identify(.) by extension 'ignore'
[0.121s] Level 1:colcon.colcon_core.package_identification:_identify(.) by extension 'ignore_ament_install'
[0.122s] Level 1:colcon.colcon_core.package_identification:_identify(.) by extensions ['colcon_pkg']
[0.122s] Level 1:colcon.colcon_core.package_identification:_identify(.) by extension 'colcon_pkg'
[0.122s] Level 1:colcon.colcon_core.package_identification:_identify(.) by extensions ['colcon_meta']
[0.122s] Level 1:colcon.colcon_core.package_identification:_identify(.) by extension 'colcon_meta'
[0.122s] Level 1:colcon.colcon_core.package_identification:_identify(.) by extensions ['ros']
[0.122s] Level 1:colcon.colcon_core.package_identification:_identify(.) by extension 'ros'
[0.131s] Level 1:colcon.colcon_core.package_identification:_identify(.) by extensions ['cmake', 'python']
[0.131s] Level 1:colcon.colcon_core.package_identification:_identify(.) by extension 'cmake'
[0.131s] Level 1:colcon.colcon_core.package_identification:_identify(.) by extension 'python'
[0.131s] Level 1:colcon.colcon_core.package_identification:_identify(.) by extensions ['python_setup_py']
[0.131s] Level 1:colcon.colcon_core.package_identification:_identify(.) by extension 'python_setup_py'
[0.131s] Level 1:colcon.colcon_core.package_identification:_identify(build) by extensions ['ignore', 'ignore_ament_install']
[0.131s] Level 1:colcon.colcon_core.package_identification:_identify(build) by extension 'ignore'
[0.131s] Level 1:colcon.colcon_core.package_identification:_identify(build) ignored
[0.131s] Level 1:colcon.colcon_core.package_identification:_identify(install) by extensions ['ignore', 'ignore_ament_install']
[0.132s] Level 1:colcon.colcon_core.package_identification:_identify(install) by extension 'ignore'
[0.132s] Level 1:colcon.colcon_core.package_identification:_identify(install) ignored
[0.132s] Level 1:colcon.colcon_core.package_identification:_identify(log) by extensions ['ignore', 'ignore_ament_install']
[0.132s] Level 1:colcon.colcon_core.package_identification:_identify(log) by extension 'ignore'
[0.132s] Level 1:colcon.colcon_core.package_identification:_identify(log) ignored
[0.132s] Level 1:colcon.colcon_core.package_identification:_identify(src) by extensions ['ignore', 'ignore_ament_install']
[0.132s] Level 1:colcon.colcon_core.package_identification:_identify(src) by extension 'ignore'
[0.132s] Level 1:colcon.colcon_core.package_identification:_identify(src) by extension 'ignore_ament_install'
[0.132s] Level 1:colcon.colcon_core.package_identification:_identify(src) by extensions ['colcon_pkg']
[0.132s] Level 1:colcon.colcon_core.package_identification:_identify(src) by extension 'colcon_pkg'
[0.132s] Level 1:colcon.colcon_core.package_identification:_identify(src) by extensions ['colcon_meta']
[0.132s] Level 1:colcon.colcon_core.package_identification:_identify(src) by extension 'colcon_meta'
[0.132s] Level 1:colcon.colcon_core.package_identification:_identify(src) by extensions ['ros']
[0.132s] Level 1:colcon.colcon_core.package_identification:_identify(src) by extension 'ros'
[0.133s] Level 1:colcon.colcon_core.package_identification:_identify(src) by extensions ['cmake', 'python']
[0.133s] Level 1:colcon.colcon_core.package_identification:_identify(src) by extension 'cmake'
[0.133s] Level 1:colcon.colcon_core.package_identification:_identify(src) by extension 'python'
[0.133s] Level 1:colcon.colcon_core.package_identification:_identify(src) by extensions ['python_setup_py']
[0.133s] Level 1:colcon.colcon_core.package_identification:_identify(src) by extension 'python_setup_py'
[0.133s] Level 1:colcon.colcon_core.package_identification:_identify(src/realsense-ros) by extensions ['ignore', 'ignore_ament_install']
[0.133s] Level 1:colcon.colcon_core.package_identification:_identify(src/realsense-ros) by extension 'ignore'
[0.133s] Level 1:colcon.colcon_core.package_identification:_identify(src/realsense-ros) by extension 'ignore_ament_install'
[0.133s] Level 1:colcon.colcon_core.package_identification:_identify(src/realsense-ros) by extensions ['colcon_pkg']
[0.133s] Level 1:colcon.colcon_core.package_identification:_identify(src/realsense-ros) by extension 'colcon_pkg'
[0.133s] Level 1:colcon.colcon_core.package_identification:_identify(src/realsense-ros) by extensions ['colcon_meta']
[0.133s] Level 1:colcon.colcon_core.package_identification:_identify(src/realsense-ros) by extension 'colcon_meta'
[0.133s] Level 1:colcon.colcon_core.package_identification:_identify(src/realsense-ros) by extensions ['ros']
[0.133s] Level 1:colcon.colcon_core.package_identification:_identify(src/realsense-ros) by extension 'ros'
[0.133s] Level 1:colcon.colcon_core.package_identification:_identify(src/realsense-ros) by extensions ['cmake', 'python']
[0.133s] Level 1:colcon.colcon_core.package_identification:_identify(src/realsense-ros) by extension 'cmake'
[0.133s] Level 1:colcon.colcon_core.package_identification:_identify(src/realsense-ros) by extension 'python'
[0.133s] Level 1:colcon.colcon_core.package_identification:_identify(src/realsense-ros) by extensions ['python_setup_py']
[0.133s] Level 1:colcon.colcon_core.package_identification:_identify(src/realsense-ros) by extension 'python_setup_py'
[0.133s] Level 1:colcon.colcon_core.package_identification:_identify(src/realsense-ros/realsense2_camera) by extensions ['ignore', 'ignore_ament_install']
[0.133s] Level 1:colcon.colcon_core.package_identification:_identify(src/realsense-ros/realsense2_camera) by extension 'ignore'
[0.133s] Level 1:colcon.colcon_core.package_identification:_identify(src/realsense-ros/realsense2_camera) by extension 'ignore_ament_install'
[0.134s] Level 1:colcon.colcon_core.package_identification:_identify(src/realsense-ros/realsense2_camera) by extensions ['colcon_pkg']
[0.134s] Level 1:colcon.colcon_core.package_identification:_identify(src/realsense-ros/realsense2_camera) by extension 'colcon_pkg'
[0.134s] Level 1:colcon.colcon_core.package_identification:_identify(src/realsense-ros/realsense2_camera) by extensions ['colcon_meta']
[0.134s] Level 1:colcon.colcon_core.package_identification:_identify(src/realsense-ros/realsense2_camera) by extension 'colcon_meta'
[0.134s] Level 1:colcon.colcon_core.package_identification:_identify(src/realsense-ros/realsense2_camera) by extensions ['ros']
[0.134s] Level 1:colcon.colcon_core.package_identification:_identify(src/realsense-ros/realsense2_camera) by extension 'ros'
[0.137s] DEBUG:colcon.colcon_core.package_identification:Package 'src/realsense-ros/realsense2_camera' with type 'ros.ament_cmake' and name 'realsense2_camera'
[0.138s] Level 1:colcon.colcon_core.package_identification:_identify(src/realsense-ros/realsense2_camera_msgs) by extensions ['ignore', 'ignore_ament_install']
[0.138s] Level 1:colcon.colcon_core.package_identification:_identify(src/realsense-ros/realsense2_camera_msgs) by extension 'ignore'
[0.138s] Level 1:colcon.colcon_core.package_identification:_identify(src/realsense-ros/realsense2_camera_msgs) by extension 'ignore_ament_install'
[0.138s] Level 1:colcon.colcon_core.package_identification:_identify(src/realsense-ros/realsense2_camera_msgs) by extensions ['colcon_pkg']
[0.138s] Level 1:colcon.colcon_core.package_identification:_identify(src/realsense-ros/realsense2_camera_msgs) by extension 'colcon_pkg'
[0.138s] Level 1:colcon.colcon_core.package_identification:_identify(src/realsense-ros/realsense2_camera_msgs) by extensions ['colcon_meta']
[0.138s] Level 1:colcon.colcon_core.package_identification:_identify(src/realsense-ros/realsense2_camera_msgs) by extension 'colcon_meta'
[0.138s] Level 1:colcon.colcon_core.package_identification:_identify(src/realsense-ros/realsense2_camera_msgs) by extensions ['ros']
[0.138s] Level 1:colcon.colcon_core.package_identification:_identify(src/realsense-ros/realsense2_camera_msgs) by extension 'ros'
[0.139s] DEBUG:colcon.colcon_core.package_identification:Package 'src/realsense-ros/realsense2_camera_msgs' with type 'ros.ament_cmake' and name 'realsense2_camera_msgs'
[0.139s] Level 1:colcon.colcon_core.package_identification:_identify(src/realsense-ros/realsense2_description) by extensions ['ignore', 'ignore_ament_install']
[0.139s] Level 1:colcon.colcon_core.package_identification:_identify(src/realsense-ros/realsense2_description) by extension 'ignore'
[0.139s] Level 1:colcon.colcon_core.package_identification:_identify(src/realsense-ros/realsense2_description) by extension 'ignore_ament_install'
[0.139s] Level 1:colcon.colcon_core.package_identification:_identify(src/realsense-ros/realsense2_description) by extensions ['colcon_pkg']
[0.139s] Level 1:colcon.colcon_core.package_identification:_identify(src/realsense-ros/realsense2_description) by extension 'colcon_pkg'
[0.139s] Level 1:colcon.colcon_core.package_identification:_identify(src/realsense-ros/realsense2_description) by extensions ['colcon_meta']
[0.139s] Level 1:colcon.colcon_core.package_identification:_identify(src/realsense-ros/realsense2_description) by extension 'colcon_meta'
[0.139s] Level 1:colcon.colcon_core.package_identification:_identify(src/realsense-ros/realsense2_description) by extensions ['ros']
[0.139s] Level 1:colcon.colcon_core.package_identification:_identify(src/realsense-ros/realsense2_description) by extension 'ros'
[0.140s] DEBUG:colcon.colcon_core.package_identification:Package 'src/realsense-ros/realsense2_description' with type 'ros.ament_cmake' and name 'realsense2_description'
[0.140s] Level 1:colcon.colcon_core.package_identification:_identify(src/ros_image) by extensions ['ignore', 'ignore_ament_install']
[0.140s] Level 1:colcon.colcon_core.package_identification:_identify(src/ros_image) by extension 'ignore'
[0.141s] Level 1:colcon.colcon_core.package_identification:_identify(src/ros_image) by extension 'ignore_ament_install'
[0.141s] Level 1:colcon.colcon_core.package_identification:_identify(src/ros_image) by extensions ['colcon_pkg']
[0.141s] Level 1:colcon.colcon_core.package_identification:_identify(src/ros_image) by extension 'colcon_pkg'
[0.141s] Level 1:colcon.colcon_core.package_identification:_identify(src/ros_image) by extensions ['colcon_meta']
[0.141s] Level 1:colcon.colcon_core.package_identification:_identify(src/ros_image) by extension 'colcon_meta'
[0.141s] Level 1:colcon.colcon_core.package_identification:_identify(src/ros_image) by extensions ['ros']
[0.141s] Level 1:colcon.colcon_core.package_identification:_identify(src/ros_image) by extension 'ros'
[0.142s] DEBUG:colcon.colcon_core.package_identification:Package 'src/ros_image' with type 'ros.ament_python' and name 'ros_image'
[0.142s] Level 1:colcon.colcon_core.package_discovery:discover_packages(recursive) using defaults
[0.142s] Level 1:colcon.colcon_core.package_discovery:discover_packages(ignore) discover
[0.142s] Level 1:colcon.colcon_core.package_discovery:discover_packages(ignore) using defaults
[0.142s] Level 1:colcon.colcon_core.package_discovery:discover_packages(path) discover
[0.142s] Level 1:colcon.colcon_core.package_discovery:discover_packages(path) using defaults
[0.158s] Level 1:colcon.colcon_core.package_discovery:discover_packages(prefix_path) check parameters
[0.158s] Level 1:colcon.colcon_core.package_discovery:discover_packages(prefix_path) discover
[0.160s] DEBUG:colcon.colcon_installed_package_information.package_discovery:Found 4 installed packages in /home/ineogi2/ws/micro_ros/install
[0.161s] DEBUG:colcon.colcon_installed_package_information.package_discovery:Found 4 installed packages in /home/ineogi2/ws/Biorobotics/ros2_ws/install
[0.162s] DEBUG:colcon.colcon_installed_package_information.package_discovery:Found 262 installed packages in /opt/ros/foxy
[0.163s] Level 1:colcon.colcon_core.package_discovery:discover_packages(prefix_path) using defaults
[0.225s] Level 5:colcon.colcon_core.verb:set package 'realsense2_camera_msgs' build argument 'cmake_args' from command line to 'None'
[0.225s] Level 5:colcon.colcon_core.verb:set package 'realsense2_camera_msgs' build argument 'cmake_target' from command line to 'None'
[0.225s] Level 5:colcon.colcon_core.verb:set package 'realsense2_camera_msgs' build argument 'cmake_target_skip_unavailable' from command line to 'False'
[0.225s] Level 5:colcon.colcon_core.verb:set package 'realsense2_camera_msgs' build argument 'cmake_clean_cache' from command line to 'False'
[0.225s] Level 5:colcon.colcon_core.verb:set package 'realsense2_camera_msgs' build argument 'cmake_clean_first' from command line to 'False'
[0.225s] Level 5:colcon.colcon_core.verb:set package 'realsense2_camera_msgs' build argument 'cmake_force_configure' from command line to 'False'
[0.225s] Level 5:colcon.colcon_core.verb:set package 'realsense2_camera_msgs' build argument 'ament_cmake_args' from command line to 'None'
[0.225s] Level 5:colcon.colcon_core.verb:set package 'realsense2_camera_msgs' build argument 'catkin_cmake_args' from command line to 'None'
[0.225s] Level 5:colcon.colcon_core.verb:set package 'realsense2_camera_msgs' build argument 'catkin_skip_building_tests' from command line to 'False'
[0.225s] DEBUG:colcon.colcon_core.verb:Building package 'realsense2_camera_msgs' with the following arguments: {'ament_cmake_args': None, 'build_base': '/home/ineogi2/ws/Biorobotics/ros2_ws/build/realsense2_camera_msgs', 'catkin_cmake_args': None, 'catkin_skip_building_tests': False, 'cmake_args': None, 'cmake_clean_cache': False, 'cmake_clean_first': False, 'cmake_force_configure': False, 'cmake_target': None, 'cmake_target_skip_unavailable': False, 'install_base': '/home/ineogi2/ws/Biorobotics/ros2_ws/install/realsense2_camera_msgs', 'merge_install': False, 'path': '/home/ineogi2/ws/Biorobotics/ros2_ws/src/realsense-ros/realsense2_camera_msgs', 'symlink_install': True, 'test_result_base': None}
[0.226s] Level 5:colcon.colcon_core.verb:set package 'ros_image' build argument 'cmake_args' from command line to 'None'
[0.226s] Level 5:colcon.colcon_core.verb:set package 'ros_image' build argument 'cmake_target' from command line to 'None'
[0.226s] Level 5:colcon.colcon_core.verb:set package 'ros_image' build argument 'cmake_target_skip_unavailable' from command line to 'False'
[0.226s] Level 5:colcon.colcon_core.verb:set package 'ros_image' build argument 'cmake_clean_cache' from command line to 'False'
[0.226s] Level 5:colcon.colcon_core.verb:set package 'ros_image' build argument 'cmake_clean_first' from command line to 'False'
[0.226s] Level 5:colcon.colcon_core.verb:set package 'ros_image' build argument 'cmake_force_configure' from command line to 'False'
[0.226s] Level 5:colcon.colcon_core.verb:set package 'ros_image' build argument 'ament_cmake_args' from command line to 'None'
[0.226s] Level 5:colcon.colcon_core.verb:set package 'ros_image' build argument 'catkin_cmake_args' from command line to 'None'
[0.226s] Level 5:colcon.colcon_core.verb:set package 'ros_image' build argument 'catkin_skip_building_tests' from command line to 'False'
[0.226s] DEBUG:colcon.colcon_core.verb:Building package 'ros_image' with the following arguments: {'ament_cmake_args': None, 'build_base': '/home/ineogi2/ws/Biorobotics/ros2_ws/build/ros_image', 'catkin_cmake_args': None, 'catkin_skip_building_tests': False, 'cmake_args': None, 'cmake_clean_cache': False, 'cmake_clean_first': False, 'cmake_force_configure': False, 'cmake_target': None, 'cmake_target_skip_unavailable': False, 'install_base': '/home/ineogi2/ws/Biorobotics/ros2_ws/install/ros_image', 'merge_install': False, 'path': '/home/ineogi2/ws/Biorobotics/ros2_ws/src/ros_image', 'symlink_install': True, 'test_result_base': None}
[0.226s] Level 5:colcon.colcon_core.verb:set package 'realsense2_camera' build argument 'cmake_args' from command line to 'None'
[0.226s] Level 5:colcon.colcon_core.verb:set package 'realsense2_camera' build argument 'cmake_target' from command line to 'None'
[0.226s] Level 5:colcon.colcon_core.verb:set package 'realsense2_camera' build argument 'cmake_target_skip_unavailable' from command line to 'False'
[0.226s] Level 5:colcon.colcon_core.verb:set package 'realsense2_camera' build argument 'cmake_clean_cache' from command line to 'False'
[0.226s] Level 5:colcon.colcon_core.verb:set package 'realsense2_camera' build argument 'cmake_clean_first' from command line to 'False'
[0.226s] Level 5:colcon.colcon_core.verb:set package 'realsense2_camera' build argument 'cmake_force_configure' from command line to 'False'
[0.227s] Level 5:colcon.colcon_core.verb:set package 'realsense2_camera' build argument 'ament_cmake_args' from command line to 'None'
[0.227s] Level 5:colcon.colcon_core.verb:set package 'realsense2_camera' build argument 'catkin_cmake_args' from command line to 'None'
[0.227s] Level 5:colcon.colcon_core.verb:set package 'realsense2_camera' build argument 'catkin_skip_building_tests' from command line to 'False'
[0.227s] DEBUG:colcon.colcon_core.verb:Building package 'realsense2_camera' with the following arguments: {'ament_cmake_args': None, 'build_base': '/home/ineogi2/ws/Biorobotics/ros2_ws/build/realsense2_camera', 'catkin_cmake_args': None, 'catkin_skip_building_tests': False, 'cmake_args': None, 'cmake_clean_cache': False, 'cmake_clean_first': False, 'cmake_force_configure': False, 'cmake_target': None, 'cmake_target_skip_unavailable': False, 'install_base': '/home/ineogi2/ws/Biorobotics/ros2_ws/install/realsense2_camera', 'merge_install': False, 'path': '/home/ineogi2/ws/Biorobotics/ros2_ws/src/realsense-ros/realsense2_camera', 'symlink_install': True, 'test_result_base': None}
[0.227s] Level 5:colcon.colcon_core.verb:set package 'realsense2_description' build argument 'cmake_args' from command line to 'None'
[0.227s] Level 5:colcon.colcon_core.verb:set package 'realsense2_description' build argument 'cmake_target' from command line to 'None'
[0.227s] Level 5:colcon.colcon_core.verb:set package 'realsense2_description' build argument 'cmake_target_skip_unavailable' from command line to 'False'
[0.227s] Level 5:colcon.colcon_core.verb:set package 'realsense2_description' build argument 'cmake_clean_cache' from command line to 'False'
[0.227s] Level 5:colcon.colcon_core.verb:set package 'realsense2_description' build argument 'cmake_clean_first' from command line to 'False'
[0.227s] Level 5:colcon.colcon_core.verb:set package 'realsense2_description' build argument 'cmake_force_configure' from command line to 'False'
[0.227s] Level 5:colcon.colcon_core.verb:set package 'realsense2_description' build argument 'ament_cmake_args' from command line to 'None'
[0.227s] Level 5:colcon.colcon_core.verb:set package 'realsense2_description' build argument 'catkin_cmake_args' from command line to 'None'
[0.227s] Level 5:colcon.colcon_core.verb:set package 'realsense2_description' build argument 'catkin_skip_building_tests' from command line to 'False'
[0.227s] DEBUG:colcon.colcon_core.verb:Building package 'realsense2_description' with the following arguments: {'ament_cmake_args': None, 'build_base': '/home/ineogi2/ws/Biorobotics/ros2_ws/build/realsense2_description', 'catkin_cmake_args': None, 'catkin_skip_building_tests': False, 'cmake_args': None, 'cmake_clean_cache': False, 'cmake_clean_first': False, 'cmake_force_configure': False, 'cmake_target': None, 'cmake_target_skip_unavailable': False, 'install_base': '/home/ineogi2/ws/Biorobotics/ros2_ws/install/realsense2_description', 'merge_install': False, 'path': '/home/ineogi2/ws/Biorobotics/ros2_ws/src/realsense-ros/realsense2_description', 'symlink_install': True, 'test_result_base': None}
[0.228s] INFO:colcon.colcon_core.executor:Executing jobs using 'parallel' executor
[0.229s] DEBUG:colcon.colcon_parallel_executor.executor.parallel:run_until_complete
[0.229s] INFO:colcon.colcon_ros.task.ament_cmake.build:Building ROS package in '/home/ineogi2/ws/Biorobotics/ros2_ws/src/realsense-ros/realsense2_camera_msgs' with build type 'ament_cmake'
[0.229s] INFO:colcon.colcon_cmake.task.cmake.build:Building CMake package in '/home/ineogi2/ws/Biorobotics/ros2_ws/src/realsense-ros/realsense2_camera_msgs'
[0.232s] INFO:colcon.colcon_core.plugin_system:Skipping extension 'colcon_core.shell.bat': Not used on non-Windows systems
[0.232s] INFO:colcon.colcon_core.shell:Skip shell extension 'powershell' for command environment: Not usable outside of PowerShell
[0.232s] DEBUG:colcon.colcon_core.shell:Skip shell extension 'dsv' for command environment
[0.236s] INFO:colcon.colcon_ros.task.ament_python.build:Building ROS package in '/home/ineogi2/ws/Biorobotics/ros2_ws/src/ros_image' with build type 'ament_python'
[0.237s] Level 1:colcon.colcon_core.shell:create_environment_hook('ros_image', 'ament_prefix_path')
[0.237s] INFO:colcon.colcon_core.shell:Creating environment hook '/home/ineogi2/ws/Biorobotics/ros2_ws/install/ros_image/share/ros_image/hook/ament_prefix_path.ps1'
[0.238s] INFO:colcon.colcon_core.shell:Creating environment descriptor '/home/ineogi2/ws/Biorobotics/ros2_ws/install/ros_image/share/ros_image/hook/ament_prefix_path.dsv'
[0.238s] INFO:colcon.colcon_core.shell:Creating environment hook '/home/ineogi2/ws/Biorobotics/ros2_ws/install/ros_image/share/ros_image/hook/ament_prefix_path.sh'
[0.239s] INFO:colcon.colcon_core.shell:Skip shell extension 'powershell' for command environment: Not usable outside of PowerShell
[0.239s] DEBUG:colcon.colcon_core.shell:Skip shell extension 'dsv' for command environment
[0.248s] DEBUG:colcon.colcon_core.event_handler.log_command:Invoking command in '/home/ineogi2/ws/Biorobotics/ros2_ws/build/realsense2_camera_msgs': CMAKE_PREFIX_PATH=${CMAKE_PREFIX_PATH}:/home/ineogi2/ws/Biorobotics/ros2_ws/install/ros_image:/opt/ros/foxy /usr/bin/cmake --build /home/ineogi2/ws/Biorobotics/ros2_ws/build/realsense2_camera_msgs -- -j12 -l12
[0.439s] INFO:colcon.colcon_core.task.python.build:Building Python package in '/home/ineogi2/ws/Biorobotics/ros2_ws/src/ros_image'
[0.439s] INFO:colcon.colcon_core.shell:Skip shell extension 'powershell' for command environment: Not usable outside of PowerShell
[0.439s] DEBUG:colcon.colcon_core.shell:Skip shell extension 'dsv' for command environment
[0.447s] DEBUG:colcon.colcon_core.event_handler.log_command:Invoked command in '/home/ineogi2/ws/Biorobotics/ros2_ws/build/realsense2_camera_msgs' returned '0': CMAKE_PREFIX_PATH=${CMAKE_PREFIX_PATH}:/home/ineogi2/ws/Biorobotics/ros2_ws/install/ros_image:/opt/ros/foxy /usr/bin/cmake --build /home/ineogi2/ws/Biorobotics/ros2_ws/build/realsense2_camera_msgs -- -j12 -l12
[0.521s] DEBUG:colcon.colcon_core.event_handler.log_command:Invoking command in '/home/ineogi2/ws/Biorobotics/ros2_ws/build/realsense2_camera_msgs': CMAKE_PREFIX_PATH=${CMAKE_PREFIX_PATH}:/home/ineogi2/ws/Biorobotics/ros2_ws/install/ros_image:/opt/ros/foxy /usr/bin/cmake --install /home/ineogi2/ws/Biorobotics/ros2_ws/build/realsense2_camera_msgs
[0.586s] Level 1:colcon.colcon_core.environment:create_environment_scripts_only(realsense2_camera_msgs)
[0.587s] DEBUG:colcon.colcon_core.event_handler.log_command:Invoked command in '/home/ineogi2/ws/Biorobotics/ros2_ws/build/realsense2_camera_msgs' returned '0': CMAKE_PREFIX_PATH=${CMAKE_PREFIX_PATH}:/home/ineogi2/ws/Biorobotics/ros2_ws/install/ros_image:/opt/ros/foxy /usr/bin/cmake --install /home/ineogi2/ws/Biorobotics/ros2_ws/build/realsense2_camera_msgs
[0.590s] Level 1:colcon.colcon_core.environment:checking '/home/ineogi2/ws/Biorobotics/ros2_ws/install/realsense2_camera_msgs' for CMake module files
[0.590s] Level 1:colcon.colcon_core.environment:checking '/home/ineogi2/ws/Biorobotics/ros2_ws/install/realsense2_camera_msgs' for CMake config files
[0.591s] Level 1:colcon.colcon_core.shell:create_environment_hook('realsense2_camera_msgs', 'cmake_prefix_path')
[0.591s] INFO:colcon.colcon_core.shell:Creating environment hook '/home/ineogi2/ws/Biorobotics/ros2_ws/install/realsense2_camera_msgs/share/realsense2_camera_msgs/hook/cmake_prefix_path.ps1'
[0.592s] INFO:colcon.colcon_core.shell:Creating environment descriptor '/home/ineogi2/ws/Biorobotics/ros2_ws/install/realsense2_camera_msgs/share/realsense2_camera_msgs/hook/cmake_prefix_path.dsv'
[0.592s] INFO:colcon.colcon_core.shell:Creating environment hook '/home/ineogi2/ws/Biorobotics/ros2_ws/install/realsense2_camera_msgs/share/realsense2_camera_msgs/hook/cmake_prefix_path.sh'
[0.593s] Level 1:colcon.colcon_core.environment:checking '/home/ineogi2/ws/Biorobotics/ros2_ws/install/realsense2_camera_msgs/lib'
[0.593s] Level 1:colcon.colcon_core.shell:create_environment_hook('realsense2_camera_msgs', 'ld_library_path_lib')
[0.594s] INFO:colcon.colcon_core.shell:Creating environment hook '/home/ineogi2/ws/Biorobotics/ros2_ws/install/realsense2_camera_msgs/share/realsense2_camera_msgs/hook/ld_library_path_lib.ps1'
[0.594s] INFO:colcon.colcon_core.shell:Creating environment descriptor '/home/ineogi2/ws/Biorobotics/ros2_ws/install/realsense2_camera_msgs/share/realsense2_camera_msgs/hook/ld_library_path_lib.dsv'
[0.594s] INFO:colcon.colcon_core.shell:Creating environment hook '/home/ineogi2/ws/Biorobotics/ros2_ws/install/realsense2_camera_msgs/share/realsense2_camera_msgs/hook/ld_library_path_lib.sh'
[0.595s] Level 1:colcon.colcon_core.environment:checking '/home/ineogi2/ws/Biorobotics/ros2_ws/install/realsense2_camera_msgs/bin'
[0.595s] Level 1:colcon.colcon_core.environment:checking '/home/ineogi2/ws/Biorobotics/ros2_ws/install/realsense2_camera_msgs/lib/pkgconfig/realsense2_camera_msgs.pc'
[0.595s] Level 1:colcon.colcon_core.environment:checking '/home/ineogi2/ws/Biorobotics/ros2_ws/install/realsense2_camera_msgs/lib/python3.8/site-packages'
[0.595s] Level 1:colcon.colcon_core.shell:create_environment_hook('realsense2_camera_msgs', 'pythonpath')
[0.595s] INFO:colcon.colcon_core.shell:Creating environment hook '/home/ineogi2/ws/Biorobotics/ros2_ws/install/realsense2_camera_msgs/share/realsense2_camera_msgs/hook/pythonpath.ps1'
[0.596s] INFO:colcon.colcon_core.shell:Creating environment descriptor '/home/ineogi2/ws/Biorobotics/ros2_ws/install/realsense2_camera_msgs/share/realsense2_camera_msgs/hook/pythonpath.dsv'
[0.596s] INFO:colcon.colcon_core.shell:Creating environment hook '/home/ineogi2/ws/Biorobotics/ros2_ws/install/realsense2_camera_msgs/share/realsense2_camera_msgs/hook/pythonpath.sh'
[0.596s] Level 1:colcon.colcon_core.environment:checking '/home/ineogi2/ws/Biorobotics/ros2_ws/install/realsense2_camera_msgs/bin'
[0.597s] INFO:colcon.colcon_core.shell:Creating package script '/home/ineogi2/ws/Biorobotics/ros2_ws/install/realsense2_camera_msgs/share/realsense2_camera_msgs/package.ps1'
[0.597s] INFO:colcon.colcon_core.shell:Creating package descriptor '/home/ineogi2/ws/Biorobotics/ros2_ws/install/realsense2_camera_msgs/share/realsense2_camera_msgs/package.dsv'
[0.598s] INFO:colcon.colcon_core.shell:Creating package script '/home/ineogi2/ws/Biorobotics/ros2_ws/install/realsense2_camera_msgs/share/realsense2_camera_msgs/package.sh'
[0.598s] INFO:colcon.colcon_core.shell:Creating package script '/home/ineogi2/ws/Biorobotics/ros2_ws/install/realsense2_camera_msgs/share/realsense2_camera_msgs/package.bash'
[0.599s] INFO:colcon.colcon_core.shell:Creating package script '/home/ineogi2/ws/Biorobotics/ros2_ws/install/realsense2_camera_msgs/share/realsense2_camera_msgs/package.zsh'
[0.599s] Level 1:colcon.colcon_core.environment:create_file_with_runtime_dependencies(/home/ineogi2/ws/Biorobotics/ros2_ws/install/realsense2_camera_msgs/share/colcon-core/packages/realsense2_camera_msgs)
[0.662s] Level 1:colcon.colcon_core.environment:create_environment_scripts_only(realsense2_camera_msgs)
[0.662s] Level 1:colcon.colcon_core.environment:checking '/home/ineogi2/ws/Biorobotics/ros2_ws/install/realsense2_camera_msgs' for CMake module files
[0.663s] Level 1:colcon.colcon_core.environment:checking '/home/ineogi2/ws/Biorobotics/ros2_ws/install/realsense2_camera_msgs' for CMake config files
[0.663s] Level 1:colcon.colcon_core.shell:create_environment_hook('realsense2_camera_msgs', 'cmake_prefix_path')
[0.664s] INFO:colcon.colcon_core.shell:Creating environment hook '/home/ineogi2/ws/Biorobotics/ros2_ws/install/realsense2_camera_msgs/share/realsense2_camera_msgs/hook/cmake_prefix_path.ps1'
[0.664s] INFO:colcon.colcon_core.shell:Creating environment descriptor '/home/ineogi2/ws/Biorobotics/ros2_ws/install/realsense2_camera_msgs/share/realsense2_camera_msgs/hook/cmake_prefix_path.dsv'
[0.665s] INFO:colcon.colcon_core.shell:Creating environment hook '/home/ineogi2/ws/Biorobotics/ros2_ws/install/realsense2_camera_msgs/share/realsense2_camera_msgs/hook/cmake_prefix_path.sh'
[0.665s] Level 1:colcon.colcon_core.environment:checking '/home/ineogi2/ws/Biorobotics/ros2_ws/install/realsense2_camera_msgs/lib'
[0.665s] Level 1:colcon.colcon_core.shell:create_environment_hook('realsense2_camera_msgs', 'ld_library_path_lib')
[0.665s] INFO:colcon.colcon_core.shell:Creating environment hook '/home/ineogi2/ws/Biorobotics/ros2_ws/install/realsense2_camera_msgs/share/realsense2_camera_msgs/hook/ld_library_path_lib.ps1'
[0.666s] INFO:colcon.colcon_core.shell:Creating environment descriptor '/home/ineogi2/ws/Biorobotics/ros2_ws/install/realsense2_camera_msgs/share/realsense2_camera_msgs/hook/ld_library_path_lib.dsv'
[0.666s] INFO:colcon.colcon_core.shell:Creating environment hook '/home/ineogi2/ws/Biorobotics/ros2_ws/install/realsense2_camera_msgs/share/realsense2_camera_msgs/hook/ld_library_path_lib.sh'
[0.666s] Level 1:colcon.colcon_core.environment:checking '/home/ineogi2/ws/Biorobotics/ros2_ws/install/realsense2_camera_msgs/bin'
[0.666s] Level 1:colcon.colcon_core.environment:checking '/home/ineogi2/ws/Biorobotics/ros2_ws/install/realsense2_camera_msgs/lib/pkgconfig/realsense2_camera_msgs.pc'
[0.666s] Level 1:colcon.colcon_core.environment:checking '/home/ineogi2/ws/Biorobotics/ros2_ws/install/realsense2_camera_msgs/lib/python3.8/site-packages'
[0.666s] Level 1:colcon.colcon_core.shell:create_environment_hook('realsense2_camera_msgs', 'pythonpath')
[0.667s] INFO:colcon.colcon_core.shell:Creating environment hook '/home/ineogi2/ws/Biorobotics/ros2_ws/install/realsense2_camera_msgs/share/realsense2_camera_msgs/hook/pythonpath.ps1'
[0.667s] INFO:colcon.colcon_core.shell:Creating environment descriptor '/home/ineogi2/ws/Biorobotics/ros2_ws/install/realsense2_camera_msgs/share/realsense2_camera_msgs/hook/pythonpath.dsv'
[0.667s] INFO:colcon.colcon_core.shell:Creating environment hook '/home/ineogi2/ws/Biorobotics/ros2_ws/install/realsense2_camera_msgs/share/realsense2_camera_msgs/hook/pythonpath.sh'
[0.668s] Level 1:colcon.colcon_core.environment:checking '/home/ineogi2/ws/Biorobotics/ros2_ws/install/realsense2_camera_msgs/bin'
[0.668s] INFO:colcon.colcon_core.shell:Creating package script '/home/ineogi2/ws/Biorobotics/ros2_ws/install/realsense2_camera_msgs/share/realsense2_camera_msgs/package.ps1'
[0.668s] INFO:colcon.colcon_core.shell:Creating package descriptor '/home/ineogi2/ws/Biorobotics/ros2_ws/install/realsense2_camera_msgs/share/realsense2_camera_msgs/package.dsv'
[0.669s] INFO:colcon.colcon_core.shell:Creating package script '/home/ineogi2/ws/Biorobotics/ros2_ws/install/realsense2_camera_msgs/share/realsense2_camera_msgs/package.sh'
[0.669s] INFO:colcon.colcon_core.shell:Creating package script '/home/ineogi2/ws/Biorobotics/ros2_ws/install/realsense2_camera_msgs/share/realsense2_camera_msgs/package.bash'
[0.669s] INFO:colcon.colcon_core.shell:Creating package script '/home/ineogi2/ws/Biorobotics/ros2_ws/install/realsense2_camera_msgs/share/realsense2_camera_msgs/package.zsh'
[0.670s] Level 1:colcon.colcon_core.environment:create_file_with_runtime_dependencies(/home/ineogi2/ws/Biorobotics/ros2_ws/install/realsense2_camera_msgs/share/colcon-core/packages/realsense2_camera_msgs)
[0.670s] INFO:colcon.colcon_ros.task.ament_cmake.build:Building ROS package in '/home/ineogi2/ws/Biorobotics/ros2_ws/src/realsense-ros/realsense2_camera' with build type 'ament_cmake'
[0.670s] INFO:colcon.colcon_cmake.task.cmake.build:Building CMake package in '/home/ineogi2/ws/Biorobotics/ros2_ws/src/realsense-ros/realsense2_camera'
[0.671s] INFO:colcon.colcon_core.shell:Skip shell extension 'powershell' for command environment: Not usable outside of PowerShell
[0.671s] DEBUG:colcon.colcon_core.shell:Skip shell extension 'dsv' for command environment
[0.676s] INFO:colcon.colcon_ros.task.ament_cmake.build:Building ROS package in '/home/ineogi2/ws/Biorobotics/ros2_ws/src/realsense-ros/realsense2_description' with build type 'ament_cmake'
[0.676s] INFO:colcon.colcon_cmake.task.cmake.build:Building CMake package in '/home/ineogi2/ws/Biorobotics/ros2_ws/src/realsense-ros/realsense2_description'
[0.677s] INFO:colcon.colcon_core.shell:Skip shell extension 'powershell' for command environment: Not usable outside of PowerShell
[0.677s] DEBUG:colcon.colcon_core.shell:Skip shell extension 'dsv' for command environment
[0.687s] DEBUG:colcon.colcon_core.event_handler.log_command:Invoking command in '/home/ineogi2/ws/Biorobotics/ros2_ws/build/realsense2_camera': CMAKE_PREFIX_PATH=/home/ineogi2/ws/Biorobotics/ros2_ws/install/realsense2_camera_msgs:/home/ineogi2/ws/micro_ros/install/micro_ros_setup:/home/ineogi2/ws/micro_ros/install/micro_ros_agent:/home/ineogi2/ws/micro_ros/install/micro_ros_msgs:/home/ineogi2/ws/micro_ros/install/drive_base_msgs:/home/ineogi2/ws/Biorobotics/ros2_ws/install/realsense2_description:/home/ineogi2/ws/Biorobotics/ros2_ws/install/realsense2_camera:/home/ineogi2/ws/Biorobotics/ros2_ws/install/ros_image:/opt/ros/foxy LD_LIBRARY_PATH=/home/ineogi2/ws/Biorobotics/ros2_ws/install/realsense2_camera_msgs/lib:/home/ineogi2/ws/micro_ros/install/micro_ros_agent/lib:/home/ineogi2/ws/micro_ros/install/micro_ros_msgs/lib:/home/ineogi2/ws/micro_ros/install/drive_base_msgs/lib:/home/ineogi2/ws/Biorobotics/ros2_ws/install/realsense2_camera/lib:/opt/ros/foxy/opt/yaml_cpp_vendor/lib:/opt/ros/foxy/opt/rviz_ogre_vendor/lib:/opt/ros/foxy/lib/x86_64-linux-gnu:/opt/ros/foxy/lib PYTHONPATH=/home/ineogi2/ws/Biorobotics/ros2_ws/install/realsense2_camera_msgs/lib/python3.8/site-packages:/home/ineogi2/ws/micro_ros/install/micro_ros_msgs/lib/python3.8/site-packages:/home/ineogi2/ws/micro_ros/install/drive_base_msgs/lib/python3.8/site-packages:/home/ineogi2/ws/Biorobotics/ros2_ws/build/ros_image:/home/ineogi2/ws/Biorobotics/ros2_ws/install/ros_image/lib/python3.8/site-packages:/opt/ros/foxy/lib/python3.8/site-packages /usr/bin/cmake --build /home/ineogi2/ws/Biorobotics/ros2_ws/build/realsense2_camera -- -j12 -l12
[0.691s] DEBUG:colcon.colcon_core.event_handler.log_command:Invoking command in '/home/ineogi2/ws/Biorobotics/ros2_ws/build/realsense2_description': CMAKE_PREFIX_PATH=/home/ineogi2/ws/Biorobotics/ros2_ws/install/realsense2_camera_msgs:/home/ineogi2/ws/micro_ros/install/micro_ros_setup:/home/ineogi2/ws/micro_ros/install/micro_ros_agent:/home/ineogi2/ws/micro_ros/install/micro_ros_msgs:/home/ineogi2/ws/micro_ros/install/drive_base_msgs:/home/ineogi2/ws/Biorobotics/ros2_ws/install/realsense2_description:/home/ineogi2/ws/Biorobotics/ros2_ws/install/realsense2_camera:/home/ineogi2/ws/Biorobotics/ros2_ws/install/ros_image:/opt/ros/foxy LD_LIBRARY_PATH=/home/ineogi2/ws/Biorobotics/ros2_ws/install/realsense2_camera_msgs/lib:/home/ineogi2/ws/micro_ros/install/micro_ros_agent/lib:/home/ineogi2/ws/micro_ros/install/micro_ros_msgs/lib:/home/ineogi2/ws/micro_ros/install/drive_base_msgs/lib:/home/ineogi2/ws/Biorobotics/ros2_ws/install/realsense2_camera/lib:/opt/ros/foxy/opt/yaml_cpp_vendor/lib:/opt/ros/foxy/opt/rviz_ogre_vendor/lib:/opt/ros/foxy/lib/x86_64-linux-gnu:/opt/ros/foxy/lib PYTHONPATH=/home/ineogi2/ws/Biorobotics/ros2_ws/install/realsense2_camera_msgs/lib/python3.8/site-packages:/home/ineogi2/ws/micro_ros/install/micro_ros_msgs/lib/python3.8/site-packages:/home/ineogi2/ws/micro_ros/install/drive_base_msgs/lib/python3.8/site-packages:/home/ineogi2/ws/Biorobotics/ros2_ws/build/ros_image:/home/ineogi2/ws/Biorobotics/ros2_ws/install/ros_image/lib/python3.8/site-packages:/opt/ros/foxy/lib/python3.8/site-packages /usr/bin/cmake --build /home/ineogi2/ws/Biorobotics/ros2_ws/build/realsense2_description -- -j12 -l12
[0.728s] DEBUG:colcon.colcon_core.event_handler.log_command:Invoked command in '/home/ineogi2/ws/Biorobotics/ros2_ws/build/realsense2_description' returned '0': CMAKE_PREFIX_PATH=/home/ineogi2/ws/Biorobotics/ros2_ws/install/realsense2_camera_msgs:/home/ineogi2/ws/micro_ros/install/micro_ros_setup:/home/ineogi2/ws/micro_ros/install/micro_ros_agent:/home/ineogi2/ws/micro_ros/install/micro_ros_msgs:/home/ineogi2/ws/micro_ros/install/drive_base_msgs:/home/ineogi2/ws/Biorobotics/ros2_ws/install/realsense2_description:/home/ineogi2/ws/Biorobotics/ros2_ws/install/realsense2_camera:/home/ineogi2/ws/Biorobotics/ros2_ws/install/ros_image:/opt/ros/foxy LD_LIBRARY_PATH=/home/ineogi2/ws/Biorobotics/ros2_ws/install/realsense2_camera_msgs/lib:/home/ineogi2/ws/micro_ros/install/micro_ros_agent/lib:/home/ineogi2/ws/micro_ros/install/micro_ros_msgs/lib:/home/ineogi2/ws/micro_ros/install/drive_base_msgs/lib:/home/ineogi2/ws/Biorobotics/ros2_ws/install/realsense2_camera/lib:/opt/ros/foxy/opt/yaml_cpp_vendor/lib:/opt/ros/foxy/opt/rviz_ogre_vendor/lib:/opt/ros/foxy/lib/x86_64-linux-gnu:/opt/ros/foxy/lib PYTHONPATH=/home/ineogi2/ws/Biorobotics/ros2_ws/install/realsense2_camera_msgs/lib/python3.8/site-packages:/home/ineogi2/ws/micro_ros/install/micro_ros_msgs/lib/python3.8/site-packages:/home/ineogi2/ws/micro_ros/install/drive_base_msgs/lib/python3.8/site-packages:/home/ineogi2/ws/Biorobotics/ros2_ws/build/ros_image:/home/ineogi2/ws/Biorobotics/ros2_ws/install/ros_image/lib/python3.8/site-packages:/opt/ros/foxy/lib/python3.8/site-packages /usr/bin/cmake --build /home/ineogi2/ws/Biorobotics/ros2_ws/build/realsense2_description -- -j12 -l12
[0.750s] DEBUG:colcon.colcon_core.event_handler.log_command:Invoking command in '/home/ineogi2/ws/Biorobotics/ros2_ws/build/realsense2_description': CMAKE_PREFIX_PATH=/home/ineogi2/ws/Biorobotics/ros2_ws/install/realsense2_camera_msgs:/home/ineogi2/ws/micro_ros/install/micro_ros_setup:/home/ineogi2/ws/micro_ros/install/micro_ros_agent:/home/ineogi2/ws/micro_ros/install/micro_ros_msgs:/home/ineogi2/ws/micro_ros/install/drive_base_msgs:/home/ineogi2/ws/Biorobotics/ros2_ws/install/realsense2_description:/home/ineogi2/ws/Biorobotics/ros2_ws/install/realsense2_camera:/home/ineogi2/ws/Biorobotics/ros2_ws/install/ros_image:/opt/ros/foxy LD_LIBRARY_PATH=/home/ineogi2/ws/Biorobotics/ros2_ws/install/realsense2_camera_msgs/lib:/home/ineogi2/ws/micro_ros/install/micro_ros_agent/lib:/home/ineogi2/ws/micro_ros/install/micro_ros_msgs/lib:/home/ineogi2/ws/micro_ros/install/drive_base_msgs/lib:/home/ineogi2/ws/Biorobotics/ros2_ws/install/realsense2_camera/lib:/opt/ros/foxy/opt/yaml_cpp_vendor/lib:/opt/ros/foxy/opt/rviz_ogre_vendor/lib:/opt/ros/foxy/lib/x86_64-linux-gnu:/opt/ros/foxy/lib PYTHONPATH=/home/ineogi2/ws/Biorobotics/ros2_ws/install/realsense2_camera_msgs/lib/python3.8/site-packages:/home/ineogi2/ws/micro_ros/install/micro_ros_msgs/lib/python3.8/site-packages:/home/ineogi2/ws/micro_ros/install/drive_base_msgs/lib/python3.8/site-packages:/home/ineogi2/ws/Biorobotics/ros2_ws/build/ros_image:/home/ineogi2/ws/Biorobotics/ros2_ws/install/ros_image/lib/python3.8/site-packages:/opt/ros/foxy/lib/python3.8/site-packages /usr/bin/cmake --install /home/ineogi2/ws/Biorobotics/ros2_ws/build/realsense2_description
[0.771s] DEBUG:colcon.colcon_core.event_handler.log_command:Invoked command in '/home/ineogi2/ws/Biorobotics/ros2_ws/build/realsense2_camera' returned '0': CMAKE_PREFIX_PATH=/home/ineogi2/ws/Biorobotics/ros2_ws/install/realsense2_camera_msgs:/home/ineogi2/ws/micro_ros/install/micro_ros_setup:/home/ineogi2/ws/micro_ros/install/micro_ros_agent:/home/ineogi2/ws/micro_ros/install/micro_ros_msgs:/home/ineogi2/ws/micro_ros/install/drive_base_msgs:/home/ineogi2/ws/Biorobotics/ros2_ws/install/realsense2_description:/home/ineogi2/ws/Biorobotics/ros2_ws/install/realsense2_camera:/home/ineogi2/ws/Biorobotics/ros2_ws/install/ros_image:/opt/ros/foxy LD_LIBRARY_PATH=/home/ineogi2/ws/Biorobotics/ros2_ws/install/realsense2_camera_msgs/lib:/home/ineogi2/ws/micro_ros/install/micro_ros_agent/lib:/home/ineogi2/ws/micro_ros/install/micro_ros_msgs/lib:/home/ineogi2/ws/micro_ros/install/drive_base_msgs/lib:/home/ineogi2/ws/Biorobotics/ros2_ws/install/realsense2_camera/lib:/opt/ros/foxy/opt/yaml_cpp_vendor/lib:/opt/ros/foxy/opt/rviz_ogre_vendor/lib:/opt/ros/foxy/lib/x86_64-linux-gnu:/opt/ros/foxy/lib PYTHONPATH=/home/ineogi2/ws/Biorobotics/ros2_ws/install/realsense2_camera_msgs/lib/python3.8/site-packages:/home/ineogi2/ws/micro_ros/install/micro_ros_msgs/lib/python3.8/site-packages:/home/ineogi2/ws/micro_ros/install/drive_base_msgs/lib/python3.8/site-packages:/home/ineogi2/ws/Biorobotics/ros2_ws/build/ros_image:/home/ineogi2/ws/Biorobotics/ros2_ws/install/ros_image/lib/python3.8/site-packages:/opt/ros/foxy/lib/python3.8/site-packages /usr/bin/cmake --build /home/ineogi2/ws/Biorobotics/ros2_ws/build/realsense2_camera -- -j12 -l12
[0.783s] Level 1:colcon.colcon_core.environment:create_environment_scripts_only(realsense2_description)
[0.785s] Level 1:colcon.colcon_core.environment:checking '/home/ineogi2/ws/Biorobotics/ros2_ws/install/realsense2_description' for CMake module files
[0.785s] DEBUG:colcon.colcon_core.event_handler.log_command:Invoked command in '/home/ineogi2/ws/Biorobotics/ros2_ws/build/realsense2_description' returned '0': CMAKE_PREFIX_PATH=/home/ineogi2/ws/Biorobotics/ros2_ws/install/realsense2_camera_msgs:/home/ineogi2/ws/micro_ros/install/micro_ros_setup:/home/ineogi2/ws/micro_ros/install/micro_ros_agent:/home/ineogi2/ws/micro_ros/install/micro_ros_msgs:/home/ineogi2/ws/micro_ros/install/drive_base_msgs:/home/ineogi2/ws/Biorobotics/ros2_ws/install/realsense2_description:/home/ineogi2/ws/Biorobotics/ros2_ws/install/realsense2_camera:/home/ineogi2/ws/Biorobotics/ros2_ws/install/ros_image:/opt/ros/foxy LD_LIBRARY_PATH=/home/ineogi2/ws/Biorobotics/ros2_ws/install/realsense2_camera_msgs/lib:/home/ineogi2/ws/micro_ros/install/micro_ros_agent/lib:/home/ineogi2/ws/micro_ros/install/micro_ros_msgs/lib:/home/ineogi2/ws/micro_ros/install/drive_base_msgs/lib:/home/ineogi2/ws/Biorobotics/ros2_ws/install/realsense2_camera/lib:/opt/ros/foxy/opt/yaml_cpp_vendor/lib:/opt/ros/foxy/opt/rviz_ogre_vendor/lib:/opt/ros/foxy/lib/x86_64-linux-gnu:/opt/ros/foxy/lib PYTHONPATH=/home/ineogi2/ws/Biorobotics/ros2_ws/install/realsense2_camera_msgs/lib/python3.8/site-packages:/home/ineogi2/ws/micro_ros/install/micro_ros_msgs/lib/python3.8/site-packages:/home/ineogi2/ws/micro_ros/install/drive_base_msgs/lib/python3.8/site-packages:/home/ineogi2/ws/Biorobotics/ros2_ws/build/ros_image:/home/ineogi2/ws/Biorobotics/ros2_ws/install/ros_image/lib/python3.8/site-packages:/opt/ros/foxy/lib/python3.8/site-packages /usr/bin/cmake --install /home/ineogi2/ws/Biorobotics/ros2_ws/build/realsense2_description
[0.786s] Level 1:colcon.colcon_core.environment:checking '/home/ineogi2/ws/Biorobotics/ros2_ws/install/realsense2_description' for CMake config files
[0.786s] Level 1:colcon.colcon_core.shell:create_environment_hook('realsense2_description', 'cmake_prefix_path')
[0.787s] INFO:colcon.colcon_core.shell:Creating environment hook '/home/ineogi2/ws/Biorobotics/ros2_ws/install/realsense2_description/share/realsense2_description/hook/cmake_prefix_path.ps1'
[0.787s] INFO:colcon.colcon_core.shell:Creating environment descriptor '/home/ineogi2/ws/Biorobotics/ros2_ws/install/realsense2_description/share/realsense2_description/hook/cmake_prefix_path.dsv'
[0.788s] INFO:colcon.colcon_core.shell:Creating environment hook '/home/ineogi2/ws/Biorobotics/ros2_ws/install/realsense2_description/share/realsense2_description/hook/cmake_prefix_path.sh'
[0.788s] Level 1:colcon.colcon_core.environment:checking '/home/ineogi2/ws/Biorobotics/ros2_ws/install/realsense2_description/bin'
[0.788s] Level 1:colcon.colcon_core.environment:checking '/home/ineogi2/ws/Biorobotics/ros2_ws/install/realsense2_description/lib/pkgconfig/realsense2_description.pc'
[0.788s] Level 1:colcon.colcon_core.environment:checking '/home/ineogi2/ws/Biorobotics/ros2_ws/install/realsense2_description/lib/python3.8/site-packages'
[0.789s] Level 1:colcon.colcon_core.environment:checking '/home/ineogi2/ws/Biorobotics/ros2_ws/install/realsense2_description/bin'
[0.789s] INFO:colcon.colcon_core.shell:Creating package script '/home/ineogi2/ws/Biorobotics/ros2_ws/install/realsense2_description/share/realsense2_description/package.ps1'
[0.790s] INFO:colcon.colcon_core.shell:Creating package descriptor '/home/ineogi2/ws/Biorobotics/ros2_ws/install/realsense2_description/share/realsense2_description/package.dsv'
[0.790s] INFO:colcon.colcon_core.shell:Creating package script '/home/ineogi2/ws/Biorobotics/ros2_ws/install/realsense2_description/share/realsense2_description/package.sh'
[0.790s] INFO:colcon.colcon_core.shell:Creating package script '/home/ineogi2/ws/Biorobotics/ros2_ws/install/realsense2_description/share/realsense2_description/package.bash'
[0.791s] INFO:colcon.colcon_core.shell:Creating package script '/home/ineogi2/ws/Biorobotics/ros2_ws/install/realsense2_description/share/realsense2_description/package.zsh'
[0.791s] Level 1:colcon.colcon_core.environment:create_file_with_runtime_dependencies(/home/ineogi2/ws/Biorobotics/ros2_ws/install/realsense2_description/share/colcon-core/packages/realsense2_description)
[0.809s] DEBUG:colcon.colcon_core.event_handler.log_command:Invoking command in '/home/ineogi2/ws/Biorobotics/ros2_ws/build/realsense2_camera': CMAKE_PREFIX_PATH=/home/ineogi2/ws/Biorobotics/ros2_ws/install/realsense2_camera_msgs:/home/ineogi2/ws/micro_ros/install/micro_ros_setup:/home/ineogi2/ws/micro_ros/install/micro_ros_agent:/home/ineogi2/ws/micro_ros/install/micro_ros_msgs:/home/ineogi2/ws/micro_ros/install/drive_base_msgs:/home/ineogi2/ws/Biorobotics/ros2_ws/install/realsense2_description:/home/ineogi2/ws/Biorobotics/ros2_ws/install/realsense2_camera:/home/ineogi2/ws/Biorobotics/ros2_ws/install/ros_image:/opt/ros/foxy LD_LIBRARY_PATH=/home/ineogi2/ws/Biorobotics/ros2_ws/install/realsense2_camera_msgs/lib:/home/ineogi2/ws/micro_ros/install/micro_ros_agent/lib:/home/ineogi2/ws/micro_ros/install/micro_ros_msgs/lib:/home/ineogi2/ws/micro_ros/install/drive_base_msgs/lib:/home/ineogi2/ws/Biorobotics/ros2_ws/install/realsense2_camera/lib:/opt/ros/foxy/opt/yaml_cpp_vendor/lib:/opt/ros/foxy/opt/rviz_ogre_vendor/lib:/opt/ros/foxy/lib/x86_64-linux-gnu:/opt/ros/foxy/lib PYTHONPATH=/home/ineogi2/ws/Biorobotics/ros2_ws/install/realsense2_camera_msgs/lib/python3.8/site-packages:/home/ineogi2/ws/micro_ros/install/micro_ros_msgs/lib/python3.8/site-packages:/home/ineogi2/ws/micro_ros/install/drive_base_msgs/lib/python3.8/site-packages:/home/ineogi2/ws/Biorobotics/ros2_ws/build/ros_image:/home/ineogi2/ws/Biorobotics/ros2_ws/install/ros_image/lib/python3.8/site-packages:/opt/ros/foxy/lib/python3.8/site-packages /usr/bin/cmake --install /home/ineogi2/ws/Biorobotics/ros2_ws/build/realsense2_camera
[0.815s] DEBUG:colcon.colcon_core.event_handler.log_command:Invoking command in '/home/ineogi2/ws/Biorobotics/ros2_ws/build/ros_image': PYTHONPATH=/home/ineogi2/ws/Biorobotics/ros2_ws/install/ros_image/lib/python3.8/site-packages:${PYTHONPATH} /usr/bin/python3 setup.py develop --prefix /home/ineogi2/ws/Biorobotics/ros2_ws/install/ros_image --editable --build-directory /home/ineogi2/ws/Biorobotics/ros2_ws/build/ros_image/build --no-deps install_data --install-dir /home/ineogi2/ws/Biorobotics/ros2_ws/install/ros_image
[0.818s] Level 1:colcon.colcon_core.environment:create_environment_scripts_only(realsense2_description)
[0.820s] Level 1:colcon.colcon_core.environment:checking '/home/ineogi2/ws/Biorobotics/ros2_ws/install/realsense2_description' for CMake module files
[0.822s] Level 1:colcon.colcon_core.environment:checking '/home/ineogi2/ws/Biorobotics/ros2_ws/install/realsense2_description' for CMake config files
[0.823s] Level 1:colcon.colcon_core.shell:create_environment_hook('realsense2_description', 'cmake_prefix_path')
[0.824s] INFO:colcon.colcon_core.shell:Creating environment hook '/home/ineogi2/ws/Biorobotics/ros2_ws/install/realsense2_description/share/realsense2_description/hook/cmake_prefix_path.ps1'
[0.825s] INFO:colcon.colcon_core.shell:Creating environment descriptor '/home/ineogi2/ws/Biorobotics/ros2_ws/install/realsense2_description/share/realsense2_description/hook/cmake_prefix_path.dsv'
[0.826s] INFO:colcon.colcon_core.shell:Creating environment hook '/home/ineogi2/ws/Biorobotics/ros2_ws/install/realsense2_description/share/realsense2_description/hook/cmake_prefix_path.sh'
[0.827s] Level 1:colcon.colcon_core.environment:checking '/home/ineogi2/ws/Biorobotics/ros2_ws/install/realsense2_description/bin'
[0.827s] Level 1:colcon.colcon_core.environment:checking '/home/ineogi2/ws/Biorobotics/ros2_ws/install/realsense2_description/lib/pkgconfig/realsense2_description.pc'
[0.828s] Level 1:colcon.colcon_core.environment:checking '/home/ineogi2/ws/Biorobotics/ros2_ws/install/realsense2_description/lib/python3.8/site-packages'
[0.828s] Level 1:colcon.colcon_core.environment:checking '/home/ineogi2/ws/Biorobotics/ros2_ws/install/realsense2_description/bin'
[0.829s] INFO:colcon.colcon_core.shell:Creating package script '/home/ineogi2/ws/Biorobotics/ros2_ws/install/realsense2_description/share/realsense2_description/package.ps1'
[0.830s] INFO:colcon.colcon_core.shell:Creating package descriptor '/home/ineogi2/ws/Biorobotics/ros2_ws/install/realsense2_description/share/realsense2_description/package.dsv'
[0.831s] INFO:colcon.colcon_core.shell:Creating package script '/home/ineogi2/ws/Biorobotics/ros2_ws/install/realsense2_description/share/realsense2_description/package.sh'
[0.831s] INFO:colcon.colcon_core.shell:Creating package script '/home/ineogi2/ws/Biorobotics/ros2_ws/install/realsense2_description/share/realsense2_description/package.bash'
[0.831s] INFO:colcon.colcon_core.shell:Creating package script '/home/ineogi2/ws/Biorobotics/ros2_ws/install/realsense2_description/share/realsense2_description/package.zsh'
[0.832s] Level 1:colcon.colcon_core.environment:create_file_with_runtime_dependencies(/home/ineogi2/ws/Biorobotics/ros2_ws/install/realsense2_description/share/colcon-core/packages/realsense2_description)
[0.841s] Level 1:colcon.colcon_core.environment:create_environment_scripts_only(realsense2_camera)
[0.841s] Level 1:colcon.colcon_core.environment:checking '/home/ineogi2/ws/Biorobotics/ros2_ws/install/realsense2_camera' for CMake module files
[0.842s] DEBUG:colcon.colcon_core.event_handler.log_command:Invoked command in '/home/ineogi2/ws/Biorobotics/ros2_ws/build/realsense2_camera' returned '0': CMAKE_PREFIX_PATH=/home/ineogi2/ws/Biorobotics/ros2_ws/install/realsense2_camera_msgs:/home/ineogi2/ws/micro_ros/install/micro_ros_setup:/home/ineogi2/ws/micro_ros/install/micro_ros_agent:/home/ineogi2/ws/micro_ros/install/micro_ros_msgs:/home/ineogi2/ws/micro_ros/install/drive_base_msgs:/home/ineogi2/ws/Biorobotics/ros2_ws/install/realsense2_description:/home/ineogi2/ws/Biorobotics/ros2_ws/install/realsense2_camera:/home/ineogi2/ws/Biorobotics/ros2_ws/install/ros_image:/opt/ros/foxy LD_LIBRARY_PATH=/home/ineogi2/ws/Biorobotics/ros2_ws/install/realsense2_camera_msgs/lib:/home/ineogi2/ws/micro_ros/install/micro_ros_agent/lib:/home/ineogi2/ws/micro_ros/install/micro_ros_msgs/lib:/home/ineogi2/ws/micro_ros/install/drive_base_msgs/lib:/home/ineogi2/ws/Biorobotics/ros2_ws/install/realsense2_camera/lib:/opt/ros/foxy/opt/yaml_cpp_vendor/lib:/opt/ros/foxy/opt/rviz_ogre_vendor/lib:/opt/ros/foxy/lib/x86_64-linux-gnu:/opt/ros/foxy/lib PYTHONPATH=/home/ineogi2/ws/Biorobotics/ros2_ws/install/realsense2_camera_msgs/lib/python3.8/site-packages:/home/ineogi2/ws/micro_ros/install/micro_ros_msgs/lib/python3.8/site-packages:/home/ineogi2/ws/micro_ros/install/drive_base_msgs/lib/python3.8/site-packages:/home/ineogi2/ws/Biorobotics/ros2_ws/build/ros_image:/home/ineogi2/ws/Biorobotics/ros2_ws/install/ros_image/lib/python3.8/site-packages:/opt/ros/foxy/lib/python3.8/site-packages /usr/bin/cmake --install /home/ineogi2/ws/Biorobotics/ros2_ws/build/realsense2_camera
[0.842s] Level 1:colcon.colcon_core.environment:checking '/home/ineogi2/ws/Biorobotics/ros2_ws/install/realsense2_camera' for CMake config files
[0.843s] Level 1:colcon.colcon_core.shell:create_environment_hook('realsense2_camera', 'cmake_prefix_path')
[0.844s] INFO:colcon.colcon_core.shell:Creating environment hook '/home/ineogi2/ws/Biorobotics/ros2_ws/install/realsense2_camera/share/realsense2_camera/hook/cmake_prefix_path.ps1'
[0.844s] INFO:colcon.colcon_core.shell:Creating environment descriptor '/home/ineogi2/ws/Biorobotics/ros2_ws/install/realsense2_camera/share/realsense2_camera/hook/cmake_prefix_path.dsv'
[0.845s] INFO:colcon.colcon_core.shell:Creating environment hook '/home/ineogi2/ws/Biorobotics/ros2_ws/install/realsense2_camera/share/realsense2_camera/hook/cmake_prefix_path.sh'
[0.845s] Level 1:colcon.colcon_core.environment:checking '/home/ineogi2/ws/Biorobotics/ros2_ws/install/realsense2_camera/lib'
[0.846s] Level 1:colcon.colcon_core.shell:create_environment_hook('realsense2_camera', 'ld_library_path_lib')
[0.846s] INFO:colcon.colcon_core.shell:Creating environment hook '/home/ineogi2/ws/Biorobotics/ros2_ws/install/realsense2_camera/share/realsense2_camera/hook/ld_library_path_lib.ps1'
[0.847s] INFO:colcon.colcon_core.shell:Creating environment descriptor '/home/ineogi2/ws/Biorobotics/ros2_ws/install/realsense2_camera/share/realsense2_camera/hook/ld_library_path_lib.dsv'
[0.847s] INFO:colcon.colcon_core.shell:Creating environment hook '/home/ineogi2/ws/Biorobotics/ros2_ws/install/realsense2_camera/share/realsense2_camera/hook/ld_library_path_lib.sh'
[0.847s] Level 1:colcon.colcon_core.environment:checking '/home/ineogi2/ws/Biorobotics/ros2_ws/install/realsense2_camera/bin'
[0.847s] Level 1:colcon.colcon_core.environment:checking '/home/ineogi2/ws/Biorobotics/ros2_ws/install/realsense2_camera/lib/pkgconfig/realsense2_camera.pc'
[0.848s] Level 1:colcon.colcon_core.environment:checking '/home/ineogi2/ws/Biorobotics/ros2_ws/install/realsense2_camera/lib/python3.8/site-packages'
[0.848s] Level 1:colcon.colcon_core.environment:checking '/home/ineogi2/ws/Biorobotics/ros2_ws/install/realsense2_camera/bin'
[0.849s] INFO:colcon.colcon_core.shell:Creating package script '/home/ineogi2/ws/Biorobotics/ros2_ws/install/realsense2_camera/share/realsense2_camera/package.ps1'
[0.849s] INFO:colcon.colcon_core.shell:Creating package descriptor '/home/ineogi2/ws/Biorobotics/ros2_ws/install/realsense2_camera/share/realsense2_camera/package.dsv'
[0.850s] INFO:colcon.colcon_core.shell:Creating package script '/home/ineogi2/ws/Biorobotics/ros2_ws/install/realsense2_camera/share/realsense2_camera/package.sh'
[0.851s] INFO:colcon.colcon_core.shell:Creating package script '/home/ineogi2/ws/Biorobotics/ros2_ws/install/realsense2_camera/share/realsense2_camera/package.bash'
[0.851s] INFO:colcon.colcon_core.shell:Creating package script '/home/ineogi2/ws/Biorobotics/ros2_ws/install/realsense2_camera/share/realsense2_camera/package.zsh'
[0.852s] Level 1:colcon.colcon_core.environment:create_file_with_runtime_dependencies(/home/ineogi2/ws/Biorobotics/ros2_ws/install/realsense2_camera/share/colcon-core/packages/realsense2_camera)
[0.881s] Level 1:colcon.colcon_core.environment:create_environment_scripts_only(realsense2_camera)
[0.881s] Level 1:colcon.colcon_core.environment:checking '/home/ineogi2/ws/Biorobotics/ros2_ws/install/realsense2_camera' for CMake module files
[0.882s] Level 1:colcon.colcon_core.environment:checking '/home/ineogi2/ws/Biorobotics/ros2_ws/install/realsense2_camera' for CMake config files
[0.882s] Level 1:colcon.colcon_core.shell:create_environment_hook('realsense2_camera', 'cmake_prefix_path')
[0.883s] INFO:colcon.colcon_core.shell:Creating environment hook '/home/ineogi2/ws/Biorobotics/ros2_ws/install/realsense2_camera/share/realsense2_camera/hook/cmake_prefix_path.ps1'
[0.883s] INFO:colcon.colcon_core.shell:Creating environment descriptor '/home/ineogi2/ws/Biorobotics/ros2_ws/install/realsense2_camera/share/realsense2_camera/hook/cmake_prefix_path.dsv'
[0.884s] INFO:colcon.colcon_core.shell:Creating environment hook '/home/ineogi2/ws/Biorobotics/ros2_ws/install/realsense2_camera/share/realsense2_camera/hook/cmake_prefix_path.sh'
[0.884s] Level 1:colcon.colcon_core.environment:checking '/home/ineogi2/ws/Biorobotics/ros2_ws/install/realsense2_camera/lib'
[0.884s] Level 1:colcon.colcon_core.shell:create_environment_hook('realsense2_camera', 'ld_library_path_lib')
[0.884s] INFO:colcon.colcon_core.shell:Creating environment hook '/home/ineogi2/ws/Biorobotics/ros2_ws/install/realsense2_camera/share/realsense2_camera/hook/ld_library_path_lib.ps1'
[0.885s] INFO:colcon.colcon_core.shell:Creating environment descriptor '/home/ineogi2/ws/Biorobotics/ros2_ws/install/realsense2_camera/share/realsense2_camera/hook/ld_library_path_lib.dsv'
[0.885s] INFO:colcon.colcon_core.shell:Creating environment hook '/home/ineogi2/ws/Biorobotics/ros2_ws/install/realsense2_camera/share/realsense2_camera/hook/ld_library_path_lib.sh'
[0.885s] Level 1:colcon.colcon_core.environment:checking '/home/ineogi2/ws/Biorobotics/ros2_ws/install/realsense2_camera/bin'
[0.885s] Level 1:colcon.colcon_core.environment:checking '/home/ineogi2/ws/Biorobotics/ros2_ws/install/realsense2_camera/lib/pkgconfig/realsense2_camera.pc'
[0.886s] Level 1:colcon.colcon_core.environment:checking '/home/ineogi2/ws/Biorobotics/ros2_ws/install/realsense2_camera/lib/python3.8/site-packages'
[0.886s] Level 1:colcon.colcon_core.environment:checking '/home/ineogi2/ws/Biorobotics/ros2_ws/install/realsense2_camera/bin'
[0.886s] INFO:colcon.colcon_core.shell:Creating package script '/home/ineogi2/ws/Biorobotics/ros2_ws/install/realsense2_camera/share/realsense2_camera/package.ps1'
[0.887s] INFO:colcon.colcon_core.shell:Creating package descriptor '/home/ineogi2/ws/Biorobotics/ros2_ws/install/realsense2_camera/share/realsense2_camera/package.dsv'
[0.887s] INFO:colcon.colcon_core.shell:Creating package script '/home/ineogi2/ws/Biorobotics/ros2_ws/install/realsense2_camera/share/realsense2_camera/package.sh'
[0.887s] INFO:colcon.colcon_core.shell:Creating package script '/home/ineogi2/ws/Biorobotics/ros2_ws/install/realsense2_camera/share/realsense2_camera/package.bash'
[0.888s] INFO:colcon.colcon_core.shell:Creating package script '/home/ineogi2/ws/Biorobotics/ros2_ws/install/realsense2_camera/share/realsense2_camera/package.zsh'
[0.888s] Level 1:colcon.colcon_core.environment:create_file_with_runtime_dependencies(/home/ineogi2/ws/Biorobotics/ros2_ws/install/realsense2_camera/share/colcon-core/packages/realsense2_camera)
[1.190s] Level 1:colcon.colcon_core.shell:create_environment_hook('ros_image', 'pythonpath_develop')
[1.191s] INFO:colcon.colcon_core.shell:Creating environment hook '/home/ineogi2/ws/Biorobotics/ros2_ws/build/ros_image/share/ros_image/hook/pythonpath_develop.ps1'
[1.191s] INFO:colcon.colcon_core.shell:Creating environment descriptor '/home/ineogi2/ws/Biorobotics/ros2_ws/build/ros_image/share/ros_image/hook/pythonpath_develop.dsv'
[1.192s] DEBUG:colcon.colcon_core.event_handler.log_command:Invoked command in '/home/ineogi2/ws/Biorobotics/ros2_ws/build/ros_image' returned '0': PYTHONPATH=/home/ineogi2/ws/Biorobotics/ros2_ws/install/ros_image/lib/python3.8/site-packages:${PYTHONPATH} /usr/bin/python3 setup.py develop --prefix /home/ineogi2/ws/Biorobotics/ros2_ws/install/ros_image --editable --build-directory /home/ineogi2/ws/Biorobotics/ros2_ws/build/ros_image/build --no-deps install_data --install-dir /home/ineogi2/ws/Biorobotics/ros2_ws/install/ros_image
[1.192s] INFO:colcon.colcon_core.shell:Creating environment hook '/home/ineogi2/ws/Biorobotics/ros2_ws/build/ros_image/share/ros_image/hook/pythonpath_develop.sh'
[1.193s] Level 1:colcon.colcon_core.environment:checking '/home/ineogi2/ws/Biorobotics/ros2_ws/install/ros_image' for CMake module files
[1.194s] Level 1:colcon.colcon_core.environment:checking '/home/ineogi2/ws/Biorobotics/ros2_ws/install/ros_image' for CMake config files
[1.194s] Level 1:colcon.colcon_core.environment:checking '/home/ineogi2/ws/Biorobotics/ros2_ws/install/ros_image/lib'
[1.194s] Level 1:colcon.colcon_core.environment:checking '/home/ineogi2/ws/Biorobotics/ros2_ws/install/ros_image/bin'
[1.194s] Level 1:colcon.colcon_core.environment:checking '/home/ineogi2/ws/Biorobotics/ros2_ws/install/ros_image/lib/pkgconfig/ros_image.pc'
[1.195s] Level 1:colcon.colcon_core.environment:checking '/home/ineogi2/ws/Biorobotics/ros2_ws/install/ros_image/lib/python3.8/site-packages'
[1.195s] Level 1:colcon.colcon_core.shell:create_environment_hook('ros_image', 'pythonpath')
[1.195s] INFO:colcon.colcon_core.shell:Creating environment hook '/home/ineogi2/ws/Biorobotics/ros2_ws/install/ros_image/share/ros_image/hook/pythonpath.ps1'
[1.195s] INFO:colcon.colcon_core.shell:Creating environment descriptor '/home/ineogi2/ws/Biorobotics/ros2_ws/install/ros_image/share/ros_image/hook/pythonpath.dsv'
[1.195s] INFO:colcon.colcon_core.shell:Creating environment hook '/home/ineogi2/ws/Biorobotics/ros2_ws/install/ros_image/share/ros_image/hook/pythonpath.sh'
[1.196s] Level 1:colcon.colcon_core.environment:checking '/home/ineogi2/ws/Biorobotics/ros2_ws/install/ros_image/bin'
[1.196s] Level 1:colcon.colcon_core.environment:create_environment_scripts_only(ros_image)
[1.196s] INFO:colcon.colcon_core.shell:Creating package script '/home/ineogi2/ws/Biorobotics/ros2_ws/install/ros_image/share/ros_image/package.ps1'
[1.197s] INFO:colcon.colcon_core.shell:Creating package descriptor '/home/ineogi2/ws/Biorobotics/ros2_ws/install/ros_image/share/ros_image/package.dsv'
[1.197s] INFO:colcon.colcon_core.shell:Creating package script '/home/ineogi2/ws/Biorobotics/ros2_ws/install/ros_image/share/ros_image/package.sh'
[1.197s] INFO:colcon.colcon_core.shell:Creating package script '/home/ineogi2/ws/Biorobotics/ros2_ws/install/ros_image/share/ros_image/package.bash'
[1.198s] INFO:colcon.colcon_core.shell:Creating package script '/home/ineogi2/ws/Biorobotics/ros2_ws/install/ros_image/share/ros_image/package.zsh'
[1.198s] Level 1:colcon.colcon_core.environment:create_file_with_runtime_dependencies(/home/ineogi2/ws/Biorobotics/ros2_ws/install/ros_image/share/colcon-core/packages/ros_image)
[1.198s] DEBUG:colcon.colcon_parallel_executor.executor.parallel:closing loop
[1.199s] DEBUG:colcon.colcon_parallel_executor.executor.parallel:loop closed
[1.199s] DEBUG:colcon.colcon_parallel_executor.executor.parallel:run_until_complete finished with '0'
[1.199s] DEBUG:colcon.colcon_core.event_reactor:joining thread
[1.204s] INFO:colcon.colcon_core.plugin_system:Skipping extension 'colcon_notification.desktop_notification.terminal_notifier': Not used on non-Darwin systems
[1.204s] INFO:colcon.colcon_core.plugin_system:Skipping extension 'colcon_notification.desktop_notification.win32': Not used on non-Windows systems
[1.204s] INFO:colcon.colcon_notification.desktop_notification:Sending desktop notification using 'notify2'
[1.215s] DEBUG:colcon.colcon_core.event_reactor:joined thread
[1.215s] INFO:colcon.colcon_core.shell:Creating prefix script '/home/ineogi2/ws/Biorobotics/ros2_ws/install/local_setup.ps1'
[1.216s] INFO:colcon.colcon_core.shell:Creating prefix util module '/home/ineogi2/ws/Biorobotics/ros2_ws/install/_local_setup_util_ps1.py'
[1.217s] INFO:colcon.colcon_core.shell:Creating prefix chain script '/home/ineogi2/ws/Biorobotics/ros2_ws/install/setup.ps1'
[1.218s] INFO:colcon.colcon_core.shell:Creating prefix script '/home/ineogi2/ws/Biorobotics/ros2_ws/install/local_setup.sh'
[1.219s] INFO:colcon.colcon_core.shell:Creating prefix util module '/home/ineogi2/ws/Biorobotics/ros2_ws/install/_local_setup_util_sh.py'
[1.219s] INFO:colcon.colcon_core.shell:Creating prefix chain script '/home/ineogi2/ws/Biorobotics/ros2_ws/install/setup.sh'
[1.221s] INFO:colcon.colcon_core.shell:Creating prefix script '/home/ineogi2/ws/Biorobotics/ros2_ws/install/local_setup.bash'
[1.221s] INFO:colcon.colcon_core.shell:Creating prefix chain script '/home/ineogi2/ws/Biorobotics/ros2_ws/install/setup.bash'
[1.222s] INFO:colcon.colcon_core.shell:Creating prefix script '/home/ineogi2/ws/Biorobotics/ros2_ws/install/local_setup.zsh'
[1.222s] INFO:colcon.colcon_core.shell:Creating prefix chain script '/home/ineogi2/ws/Biorobotics/ros2_ws/install/setup.zsh'
