[0.031s] Invoking command in '/home/ineogi2/ws/Biorobotics/micro_ros/build/lifecycle_msgs': CMAKE_PREFIX_PATH=${CMAKE_PREFIX_PATH}:/home/ineogi2/ws/Biorobotics/ros2_ws/install/ros_image:/opt/ros/foxy /usr/bin/cmake /home/ineogi2/ws/Biorobotics/micro_ros/src/ros2/rcl_interfaces/lifecycle_msgs -DBUILD_TESTING=OFF -DBUILD_SHARED_LIBS=ON -DCMAKE_INSTALL_PREFIX=/home/ineogi2/ws/Biorobotics/micro_ros/install/lifecycle_msgs
[0.080s] -- The C compiler identification is GNU 9.4.0
[0.132s] -- The CXX compiler identification is GNU 9.4.0
[0.137s] -- Check for working C compiler: /usr/bin/cc
[0.203s] -- Check for working C compiler: /usr/bin/cc -- works
[0.204s] -- Detecting C compiler ABI info
[0.280s] -- Detecting C compiler ABI info - done
[0.291s] -- Detecting C compile features
[0.291s] -- Detecting C compile features - done
[0.294s] -- Check for working CXX compiler: /usr/bin/c++
[0.397s] -- Check for working CXX compiler: /usr/bin/c++ -- works
[0.397s] -- Detecting CXX compiler ABI info
[0.487s] -- Detecting CXX compiler ABI info - done
[0.495s] -- Detecting CXX compile features
[0.496s] -- Detecting CXX compile features - done
[0.498s] -- Found ament_cmake: 0.9.9 (/opt/ros/foxy/share/ament_cmake/cmake)
[0.532s] -- Found PythonInterp: /usr/bin/python3 (found suitable version "3.8.10", minimum required is "3") 
[0.532s] -- Using PYTHON_EXECUTABLE: /usr/bin/python3
[0.774s] -- Found rosidl_default_generators: 1.0.1 (/opt/ros/foxy/share/rosidl_default_generators/cmake)
[0.780s] -- Using all available rosidl_typesupport_c: rosidl_typesupport_microxrcedds_c;rosidl_typesupport_fastrtps_c;rosidl_typesupport_introspection_c
[0.789s] -- Found rosidl_adapter: 1.2.1 (/opt/ros/foxy/share/rosidl_adapter/cmake)
[1.019s] -- Found OpenSSL: /usr/lib/x86_64-linux-gnu/libcrypto.so (found version "1.1.1f")  
[1.049s] -- Found FastRTPS: /opt/ros/foxy/include  
[1.112s] -- Using all available rosidl_typesupport_cpp: rosidl_typesupport_microxrcedds_cpp;rosidl_typesupport_fastrtps_cpp;rosidl_typesupport_introspection_cpp
[1.165s] -- Found PythonInterp: /usr/bin/python3 (found version "3.8.10") 
[1.310s] -- Found ament_cmake_ros: 0.9.2 (/opt/ros/foxy/share/ament_cmake_ros/cmake)
[1.426s] -- Using all available rosidl_typesupport_c: rosidl_typesupport_microxrcedds_c;rosidl_typesupport_fastrtps_c;rosidl_typesupport_introspection_c
[1.438s] -- Using all available rosidl_typesupport_cpp: rosidl_typesupport_microxrcedds_cpp;rosidl_typesupport_fastrtps_cpp;rosidl_typesupport_introspection_cpp
[1.464s] -- Found PythonInterp: /usr/bin/python3 (found suitable version "3.8.10", minimum required is "3.5") 
[1.464s] -- Found python_cmake_module: 0.8.1 (/opt/ros/foxy/share/python_cmake_module/cmake)
[1.492s] -- Found PythonLibs: /usr/lib/x86_64-linux-gnu/libpython3.8.so (found suitable version "3.8.10", minimum required is "3.5") 
[1.492s] -- Using PYTHON_EXECUTABLE: /usr/bin/python3
[1.492s] -- Using PYTHON_INCLUDE_DIRS: /usr/include/python3.8
[1.492s] -- Using PYTHON_LIBRARIES: /usr/lib/x86_64-linux-gnu/libpython3.8.so
[1.516s] -- Found PythonExtra: .so  
[1.562s] -- Configuring done
[1.635s] -- Generating done
[1.639s] -- Build files have been written to: /home/ineogi2/ws/Biorobotics/micro_ros/build/lifecycle_msgs
[1.650s] Invoked command in '/home/ineogi2/ws/Biorobotics/micro_ros/build/lifecycle_msgs' returned '0': CMAKE_PREFIX_PATH=${CMAKE_PREFIX_PATH}:/home/ineogi2/ws/Biorobotics/ros2_ws/install/ros_image:/opt/ros/foxy /usr/bin/cmake /home/ineogi2/ws/Biorobotics/micro_ros/src/ros2/rcl_interfaces/lifecycle_msgs -DBUILD_TESTING=OFF -DBUILD_SHARED_LIBS=ON -DCMAKE_INSTALL_PREFIX=/home/ineogi2/ws/Biorobotics/micro_ros/install/lifecycle_msgs
[1.653s] Invoking command in '/home/ineogi2/ws/Biorobotics/micro_ros/build/lifecycle_msgs': CMAKE_PREFIX_PATH=${CMAKE_PREFIX_PATH}:/home/ineogi2/ws/Biorobotics/ros2_ws/install/ros_image:/opt/ros/foxy /usr/bin/cmake --build /home/ineogi2/ws/Biorobotics/micro_ros/build/lifecycle_msgs -- -j12 -l12
[1.694s] [35m[1mScanning dependencies of target lifecycle_msgs__cpp[0m
[1.698s] [  1%] [34m[1mGenerating C code for ROS interfaces[0m
[1.704s] [  1%] [34m[1mGenerating C++ code for ROS interfaces[0m
[4.143s] [35m[1mScanning dependencies of target lifecycle_msgs__rosidl_generator_c[0m
[4.261s] [  1%] [32mBuilding C object CMakeFiles/lifecycle_msgs__rosidl_generator_c.dir/rosidl_generator_c/lifecycle_msgs/msg/detail/state__functions.c.o[0m
[4.296s] [  2%] [32mBuilding C object CMakeFiles/lifecycle_msgs__rosidl_generator_c.dir/rosidl_generator_c/lifecycle_msgs/msg/detail/transition__functions.c.o[0m
[4.331s] [  3%] [32mBuilding C object CMakeFiles/lifecycle_msgs__rosidl_generator_c.dir/rosidl_generator_c/lifecycle_msgs/msg/detail/transition_description__functions.c.o[0m
[4.414s] [  4%] [32mBuilding C object CMakeFiles/lifecycle_msgs__rosidl_generator_c.dir/rosidl_generator_c/lifecycle_msgs/msg/detail/transition_event__functions.c.o[0m
[4.428s] [  5%] [32mBuilding C object CMakeFiles/lifecycle_msgs__rosidl_generator_c.dir/rosidl_generator_c/lifecycle_msgs/srv/detail/change_state__functions.c.o[0m
[4.464s] [  6%] [32mBuilding C object CMakeFiles/lifecycle_msgs__rosidl_generator_c.dir/rosidl_generator_c/lifecycle_msgs/srv/detail/get_available_states__functions.c.o[0m
[4.490s] [  7%] [32mBuilding C object CMakeFiles/lifecycle_msgs__rosidl_generator_c.dir/rosidl_generator_c/lifecycle_msgs/srv/detail/get_available_transitions__functions.c.o[0m
[4.527s] [  8%] [32mBuilding C object CMakeFiles/lifecycle_msgs__rosidl_generator_c.dir/rosidl_generator_c/lifecycle_msgs/srv/detail/get_state__functions.c.o[0m
[4.771s] [  9%] [32m[1mLinking C shared library liblifecycle_msgs__rosidl_generator_c.so[0m
[4.980s] [  9%] Built target lifecycle_msgs__rosidl_generator_c
[5.046s] [ 10%] [34m[1mGenerating C type support dispatch for ROS interfaces[0m
[5.057s] [ 11%] [34m[1mGenerating C type support for eProsima Micro XRCE-DDS[0m
[5.068s] [ 12%] [34m[1mGenerating C introspection for ROS interfaces[0m
[5.267s] [ 12%] Built target lifecycle_msgs__cpp
[5.324s] [ 13%] [34m[1mGenerating C++ type support for eProsima Micro XRCE-DDS[0m
[5.335s] [ 14%] [34m[1mGenerating C++ type support dispatch for ROS interfaces[0m
[5.354s] [ 15%] [34m[1mGenerating C++ type support for eProsima Fast-RTPS[0m
[5.377s] [ 16%] [34m[1mGenerating C++ introspection for ROS interfaces[0m
[6.214s] [35m[1mScanning dependencies of target lifecycle_msgs__rosidl_typesupport_c[0m
[6.253s] [ 17%] [32mBuilding CXX object CMakeFiles/lifecycle_msgs__rosidl_typesupport_c.dir/rosidl_typesupport_c/lifecycle_msgs/msg/transition__type_support.cpp.o[0m
[6.266s] [ 18%] [32mBuilding CXX object CMakeFiles/lifecycle_msgs__rosidl_typesupport_c.dir/rosidl_typesupport_c/lifecycle_msgs/msg/state__type_support.cpp.o[0m
[6.290s] [ 18%] [32mBuilding CXX object CMakeFiles/lifecycle_msgs__rosidl_typesupport_c.dir/rosidl_typesupport_c/lifecycle_msgs/msg/transition_description__type_support.cpp.o[0m
[6.290s] [ 19%] [32mBuilding CXX object CMakeFiles/lifecycle_msgs__rosidl_typesupport_c.dir/rosidl_typesupport_c/lifecycle_msgs/msg/transition_event__type_support.cpp.o[0m
[6.291s] [ 20%] [32mBuilding CXX object CMakeFiles/lifecycle_msgs__rosidl_typesupport_c.dir/rosidl_typesupport_c/lifecycle_msgs/srv/change_state__type_support.cpp.o[0m
[6.291s] [ 21%] [32mBuilding CXX object CMakeFiles/lifecycle_msgs__rosidl_typesupport_c.dir/rosidl_typesupport_c/lifecycle_msgs/srv/get_available_states__type_support.cpp.o[0m
[6.308s] [ 22%] [32mBuilding CXX object CMakeFiles/lifecycle_msgs__rosidl_typesupport_c.dir/rosidl_typesupport_c/lifecycle_msgs/srv/get_available_transitions__type_support.cpp.o[0m
[6.356s] [ 23%] [32mBuilding CXX object CMakeFiles/lifecycle_msgs__rosidl_typesupport_c.dir/rosidl_typesupport_c/lifecycle_msgs/srv/get_state__type_support.cpp.o[0m
[6.453s] [ 24%] [32m[1mLinking CXX shared library liblifecycle_msgs__rosidl_typesupport_c.so[0m
[6.524s] [ 24%] Built target lifecycle_msgs__rosidl_typesupport_c
[6.535s] [35m[1mScanning dependencies of target lifecycle_msgs__rosidl_typesupport_introspection_c[0m
[6.596s] [ 25%] [32mBuilding C object CMakeFiles/lifecycle_msgs__rosidl_typesupport_introspection_c.dir/rosidl_typesupport_introspection_c/lifecycle_msgs/msg/detail/state__type_support.c.o[0m
[6.618s] [ 26%] [32mBuilding C object CMakeFiles/lifecycle_msgs__rosidl_typesupport_introspection_c.dir/rosidl_typesupport_introspection_c/lifecycle_msgs/msg/detail/transition_event__type_support.c.o[0m
[6.621s] [ 27%] [32mBuilding C object CMakeFiles/lifecycle_msgs__rosidl_typesupport_introspection_c.dir/rosidl_typesupport_introspection_c/lifecycle_msgs/msg/detail/transition__type_support.c.o[0m
[6.622s] [ 28%] [32mBuilding C object CMakeFiles/lifecycle_msgs__rosidl_typesupport_introspection_c.dir/rosidl_typesupport_introspection_c/lifecycle_msgs/msg/detail/transition_description__type_support.c.o[0m
[6.623s] [35m[1mScanning dependencies of target lifecycle_msgs__rosidl_typesupport_cpp[0m
[6.636s] [35m[1mScanning dependencies of target lifecycle_msgs__rosidl_typesupport_microxrcedds_c[0m
[6.646s] [ 29%] [32mBuilding CXX object CMakeFiles/lifecycle_msgs__rosidl_typesupport_cpp.dir/rosidl_typesupport_cpp/lifecycle_msgs/msg/state__type_support.cpp.o[0m
[6.648s] [ 30%] [32mBuilding C object CMakeFiles/lifecycle_msgs__rosidl_typesupport_introspection_c.dir/rosidl_typesupport_introspection_c/lifecycle_msgs/srv/detail/change_state__type_support.c.o[0m
[6.670s] [ 31%] [32mBuilding CXX object CMakeFiles/lifecycle_msgs__rosidl_typesupport_cpp.dir/rosidl_typesupport_cpp/lifecycle_msgs/msg/transition__type_support.cpp.o[0m
[6.676s] [ 32%] [32mBuilding C object CMakeFiles/lifecycle_msgs__rosidl_typesupport_microxrcedds_c.dir/rosidl_typesupport_microxrcedds_c/lifecycle_msgs/msg/detail/microxrcedds/state__type_support_c.c.o[0m
[6.680s] [ 32%] [32mBuilding CXX object CMakeFiles/lifecycle_msgs__rosidl_typesupport_cpp.dir/rosidl_typesupport_cpp/lifecycle_msgs/msg/transition_description__type_support.cpp.o[0m
[6.692s] [ 34%] [32mBuilding C object CMakeFiles/lifecycle_msgs__rosidl_typesupport_introspection_c.dir/rosidl_typesupport_introspection_c/lifecycle_msgs/srv/detail/get_available_states__type_support.c.o[0m
[6.692s] [ 34%] [32mBuilding CXX object CMakeFiles/lifecycle_msgs__rosidl_typesupport_cpp.dir/rosidl_typesupport_cpp/lifecycle_msgs/msg/transition_event__type_support.cpp.o[0m
[6.704s] [ 35%] [32mBuilding C object CMakeFiles/lifecycle_msgs__rosidl_typesupport_microxrcedds_c.dir/rosidl_typesupport_microxrcedds_c/lifecycle_msgs/msg/detail/microxrcedds/transition__type_support_c.c.o[0m
[6.744s] [ 35%] [32mBuilding C object CMakeFiles/lifecycle_msgs__rosidl_typesupport_introspection_c.dir/rosidl_typesupport_introspection_c/lifecycle_msgs/srv/detail/get_available_transitions__type_support.c.o[0m
[6.773s] [ 36%] [32mBuilding C object CMakeFiles/lifecycle_msgs__rosidl_typesupport_introspection_c.dir/rosidl_typesupport_introspection_c/lifecycle_msgs/srv/detail/get_state__type_support.c.o[0m
[6.841s] [35m[1mScanning dependencies of target lifecycle_msgs__rosidl_typesupport_introspection_cpp[0m
[6.862s] [ 37%] [32mBuilding C object CMakeFiles/lifecycle_msgs__rosidl_typesupport_microxrcedds_c.dir/rosidl_typesupport_microxrcedds_c/lifecycle_msgs/msg/detail/microxrcedds/transition_description__type_support_c.c.o[0m
[6.876s] [ 38%] [32mBuilding CXX object CMakeFiles/lifecycle_msgs__rosidl_typesupport_cpp.dir/rosidl_typesupport_cpp/lifecycle_msgs/srv/change_state__type_support.cpp.o[0m
[6.882s] [ 39%] [32mBuilding C object CMakeFiles/lifecycle_msgs__rosidl_typesupport_microxrcedds_c.dir/rosidl_typesupport_microxrcedds_c/lifecycle_msgs/msg/detail/microxrcedds/transition_event__type_support_c.c.o[0m
[6.890s] [35m[1mScanning dependencies of target lifecycle_msgs__rosidl_typesupport_microxrcedds_cpp[0m
[6.897s] [ 40%] [32m[1mLinking C shared library liblifecycle_msgs__rosidl_typesupport_introspection_c.so[0m
[6.921s] [ 42%] [32mBuilding CXX object CMakeFiles/lifecycle_msgs__rosidl_typesupport_cpp.dir/rosidl_typesupport_cpp/lifecycle_msgs/srv/get_available_states__type_support.cpp.o[0m
[6.921s] [ 42%] [32mBuilding CXX object CMakeFiles/lifecycle_msgs__rosidl_typesupport_introspection_cpp.dir/rosidl_typesupport_introspection_cpp/lifecycle_msgs/msg/detail/state__type_support.cpp.o[0m
[6.978s] [ 43%] [32mBuilding CXX object CMakeFiles/lifecycle_msgs__rosidl_typesupport_microxrcedds_cpp.dir/rosidl_typesupport_microxrcedds_cpp/lifecycle_msgs/msg/detail/microxrcedds/state__type_support_cpp.cpp.o[0m
[6.997s] [ 44%] [32mBuilding C object CMakeFiles/lifecycle_msgs__rosidl_typesupport_microxrcedds_c.dir/rosidl_typesupport_microxrcedds_c/lifecycle_msgs/srv/detail/microxrcedds/change_state__type_support_c.c.o[0m
[7.025s] [ 45%] [32mBuilding CXX object CMakeFiles/lifecycle_msgs__rosidl_typesupport_microxrcedds_cpp.dir/rosidl_typesupport_microxrcedds_cpp/lifecycle_msgs/msg/detail/microxrcedds/transition__type_support_cpp.cpp.o[0m
[7.025s] [ 45%] Built target lifecycle_msgs__rosidl_typesupport_introspection_c
[7.040s] [ 46%] [32mBuilding C object CMakeFiles/lifecycle_msgs__rosidl_typesupport_microxrcedds_c.dir/rosidl_typesupport_microxrcedds_c/lifecycle_msgs/srv/detail/microxrcedds/get_available_states__type_support_c.c.o[0m
[7.105s] [ 47%] [32mBuilding C object CMakeFiles/lifecycle_msgs__rosidl_typesupport_microxrcedds_c.dir/rosidl_typesupport_microxrcedds_c/lifecycle_msgs/srv/detail/microxrcedds/get_available_transitions__type_support_c.c.o[0m
[7.113s] [35m[1mScanning dependencies of target lifecycle_msgs__rosidl_typesupport_fastrtps_cpp[0m
[7.138s] [ 48%] [32mBuilding CXX object CMakeFiles/lifecycle_msgs__rosidl_typesupport_microxrcedds_cpp.dir/rosidl_typesupport_microxrcedds_cpp/lifecycle_msgs/msg/detail/microxrcedds/transition_description__type_support_cpp.cpp.o[0m
[7.139s] [ 49%] [32mBuilding CXX object CMakeFiles/lifecycle_msgs__rosidl_typesupport_introspection_cpp.dir/rosidl_typesupport_introspection_cpp/lifecycle_msgs/msg/detail/transition__type_support.cpp.o[0m
[7.147s] [ 51%] [32mBuilding CXX object CMakeFiles/lifecycle_msgs__rosidl_typesupport_cpp.dir/rosidl_typesupport_cpp/lifecycle_msgs/srv/get_state__type_support.cpp.o[0m
[7.147s] [ 51%] [32mBuilding CXX object CMakeFiles/lifecycle_msgs__rosidl_typesupport_cpp.dir/rosidl_typesupport_cpp/lifecycle_msgs/srv/get_available_transitions__type_support.cpp.o[0m
[7.161s] [ 52%] [32mBuilding CXX object CMakeFiles/lifecycle_msgs__rosidl_typesupport_fastrtps_cpp.dir/rosidl_typesupport_fastrtps_cpp/lifecycle_msgs/msg/detail/dds_fastrtps/state__type_support.cpp.o[0m
[7.168s] [ 53%] [32mBuilding C object CMakeFiles/lifecycle_msgs__rosidl_typesupport_microxrcedds_c.dir/rosidl_typesupport_microxrcedds_c/lifecycle_msgs/srv/detail/microxrcedds/get_state__type_support_c.c.o[0m
[7.207s] [ 54%] [32mBuilding CXX object CMakeFiles/lifecycle_msgs__rosidl_typesupport_microxrcedds_cpp.dir/rosidl_typesupport_microxrcedds_cpp/lifecycle_msgs/msg/detail/microxrcedds/transition_event__type_support_cpp.cpp.o[0m
[7.278s] [ 54%] [32m[1mLinking C shared library liblifecycle_msgs__rosidl_typesupport_microxrcedds_c.so[0m
[7.399s] [ 54%] Built target lifecycle_msgs__rosidl_typesupport_microxrcedds_c
[7.436s] [ 55%] [32mBuilding CXX object CMakeFiles/lifecycle_msgs__rosidl_typesupport_microxrcedds_cpp.dir/rosidl_typesupport_microxrcedds_cpp/lifecycle_msgs/srv/detail/microxrcedds/change_state__type_support_cpp.cpp.o[0m
[7.437s] [ 56%] [32mBuilding CXX object CMakeFiles/lifecycle_msgs__rosidl_typesupport_fastrtps_cpp.dir/rosidl_typesupport_fastrtps_cpp/lifecycle_msgs/msg/detail/dds_fastrtps/transition__type_support.cpp.o[0m
[7.489s] [ 57%] [32mBuilding CXX object CMakeFiles/lifecycle_msgs__rosidl_typesupport_microxrcedds_cpp.dir/rosidl_typesupport_microxrcedds_cpp/lifecycle_msgs/srv/detail/microxrcedds/get_available_states__type_support_cpp.cpp.o[0m
[7.523s] [ 58%] [32mBuilding CXX object CMakeFiles/lifecycle_msgs__rosidl_typesupport_fastrtps_cpp.dir/rosidl_typesupport_fastrtps_cpp/lifecycle_msgs/msg/detail/dds_fastrtps/transition_description__type_support.cpp.o[0m
[7.572s] [ 59%] [32mBuilding CXX object CMakeFiles/lifecycle_msgs__rosidl_typesupport_microxrcedds_cpp.dir/rosidl_typesupport_microxrcedds_cpp/lifecycle_msgs/srv/detail/microxrcedds/get_available_transitions__type_support_cpp.cpp.o[0m
[7.577s] [ 60%] [32mBuilding CXX object CMakeFiles/lifecycle_msgs__rosidl_typesupport_introspection_cpp.dir/rosidl_typesupport_introspection_cpp/lifecycle_msgs/msg/detail/transition_description__type_support.cpp.o[0m
[7.595s] [ 61%] [32mBuilding CXX object CMakeFiles/lifecycle_msgs__rosidl_typesupport_fastrtps_cpp.dir/rosidl_typesupport_fastrtps_cpp/lifecycle_msgs/msg/detail/dds_fastrtps/transition_event__type_support.cpp.o[0m
[7.622s] [ 62%] [32mBuilding CXX object CMakeFiles/lifecycle_msgs__rosidl_typesupport_introspection_cpp.dir/rosidl_typesupport_introspection_cpp/lifecycle_msgs/msg/detail/transition_event__type_support.cpp.o[0m
[7.716s] [ 63%] [32mBuilding CXX object CMakeFiles/lifecycle_msgs__rosidl_typesupport_introspection_cpp.dir/rosidl_typesupport_introspection_cpp/lifecycle_msgs/srv/detail/change_state__type_support.cpp.o[0m
[7.793s] [ 63%] [32mBuilding CXX object CMakeFiles/lifecycle_msgs__rosidl_typesupport_fastrtps_cpp.dir/rosidl_typesupport_fastrtps_cpp/lifecycle_msgs/srv/detail/dds_fastrtps/change_state__type_support.cpp.o[0m
[7.838s] [ 64%] [32m[1mLinking CXX shared library liblifecycle_msgs__rosidl_typesupport_cpp.so[0m
[7.890s] [ 65%] [32mBuilding CXX object CMakeFiles/lifecycle_msgs__rosidl_typesupport_microxrcedds_cpp.dir/rosidl_typesupport_microxrcedds_cpp/lifecycle_msgs/srv/detail/microxrcedds/get_state__type_support_cpp.cpp.o[0m
[7.914s] [ 65%] Built target lifecycle_msgs__rosidl_typesupport_cpp
[7.960s] [ 66%] [32mBuilding CXX object CMakeFiles/lifecycle_msgs__rosidl_typesupport_introspection_cpp.dir/rosidl_typesupport_introspection_cpp/lifecycle_msgs/srv/detail/get_available_states__type_support.cpp.o[0m
[8.032s] [ 66%] [32mBuilding CXX object CMakeFiles/lifecycle_msgs__rosidl_typesupport_introspection_cpp.dir/rosidl_typesupport_introspection_cpp/lifecycle_msgs/srv/detail/get_available_transitions__type_support.cpp.o[0m
[8.067s] [ 67%] [32mBuilding CXX object CMakeFiles/lifecycle_msgs__rosidl_typesupport_fastrtps_cpp.dir/rosidl_typesupport_fastrtps_cpp/lifecycle_msgs/srv/detail/dds_fastrtps/get_available_states__type_support.cpp.o[0m
[8.072s] [ 68%] [32mBuilding CXX object CMakeFiles/lifecycle_msgs__rosidl_typesupport_fastrtps_cpp.dir/rosidl_typesupport_fastrtps_cpp/lifecycle_msgs/srv/detail/dds_fastrtps/get_available_transitions__type_support.cpp.o[0m
[8.172s] [ 69%] [32mBuilding CXX object CMakeFiles/lifecycle_msgs__rosidl_typesupport_fastrtps_cpp.dir/rosidl_typesupport_fastrtps_cpp/lifecycle_msgs/srv/detail/dds_fastrtps/get_state__type_support.cpp.o[0m
[8.182s] [ 70%] [32mBuilding CXX object CMakeFiles/lifecycle_msgs__rosidl_typesupport_introspection_cpp.dir/rosidl_typesupport_introspection_cpp/lifecycle_msgs/srv/detail/get_state__type_support.cpp.o[0m
[8.366s] [ 71%] [32m[1mLinking CXX shared library liblifecycle_msgs__rosidl_typesupport_microxrcedds_cpp.so[0m
[8.551s] [ 71%] Built target lifecycle_msgs__rosidl_typesupport_microxrcedds_cpp
[8.615s] [ 72%] [32m[1mLinking CXX shared library liblifecycle_msgs__rosidl_typesupport_introspection_cpp.so[0m
[8.753s] [ 72%] Built target lifecycle_msgs__rosidl_typesupport_introspection_cpp
[8.801s] [ 73%] [32m[1mLinking CXX shared library liblifecycle_msgs__rosidl_typesupport_fastrtps_cpp.so[0m
[8.894s] [ 73%] Built target lifecycle_msgs__rosidl_typesupport_fastrtps_cpp
[8.902s] [ 74%] [34m[1mGenerating C type support for eProsima Fast-RTPS[0m
[9.870s] [35m[1mScanning dependencies of target lifecycle_msgs__rosidl_typesupport_fastrtps_c[0m
[9.893s] [ 75%] [32mBuilding CXX object CMakeFiles/lifecycle_msgs__rosidl_typesupport_fastrtps_c.dir/rosidl_typesupport_fastrtps_c/lifecycle_msgs/msg/detail/state__type_support_c.cpp.o[0m
[9.895s] [ 76%] [32mBuilding CXX object CMakeFiles/lifecycle_msgs__rosidl_typesupport_fastrtps_c.dir/rosidl_typesupport_fastrtps_c/lifecycle_msgs/msg/detail/transition__type_support_c.cpp.o[0m
[9.895s] [ 77%] [32mBuilding CXX object CMakeFiles/lifecycle_msgs__rosidl_typesupport_fastrtps_c.dir/rosidl_typesupport_fastrtps_c/lifecycle_msgs/msg/detail/transition_description__type_support_c.cpp.o[0m
[9.907s] [ 78%] [32mBuilding CXX object CMakeFiles/lifecycle_msgs__rosidl_typesupport_fastrtps_c.dir/rosidl_typesupport_fastrtps_c/lifecycle_msgs/msg/detail/transition_event__type_support_c.cpp.o[0m
[9.918s] [ 78%] [32mBuilding CXX object CMakeFiles/lifecycle_msgs__rosidl_typesupport_fastrtps_c.dir/rosidl_typesupport_fastrtps_c/lifecycle_msgs/srv/detail/change_state__type_support_c.cpp.o[0m
[9.924s] [ 79%] [32mBuilding CXX object CMakeFiles/lifecycle_msgs__rosidl_typesupport_fastrtps_c.dir/rosidl_typesupport_fastrtps_c/lifecycle_msgs/srv/detail/get_state__type_support_c.cpp.o[0m
[9.928s] [ 80%] [32mBuilding CXX object CMakeFiles/lifecycle_msgs__rosidl_typesupport_fastrtps_c.dir/rosidl_typesupport_fastrtps_c/lifecycle_msgs/srv/detail/get_available_states__type_support_c.cpp.o[0m
[9.935s] [ 81%] [32mBuilding CXX object CMakeFiles/lifecycle_msgs__rosidl_typesupport_fastrtps_c.dir/rosidl_typesupport_fastrtps_c/lifecycle_msgs/srv/detail/get_available_transitions__type_support_c.cpp.o[0m
[10.705s] [ 82%] [32m[1mLinking CXX shared library liblifecycle_msgs__rosidl_typesupport_fastrtps_c.so[0m
[10.818s] [ 82%] Built target lifecycle_msgs__rosidl_typesupport_fastrtps_c
[10.827s] [35m[1mScanning dependencies of target lifecycle_msgs[0m
[10.836s] [ 82%] Built target lifecycle_msgs
[10.845s] [35m[1mScanning dependencies of target lifecycle_msgs__py[0m
[10.854s] [ 83%] [34m[1mGenerating Python code for ROS interfaces[0m
[16.078s] [ 83%] Built target lifecycle_msgs__py
[16.150s] [35m[1mScanning dependencies of target lifecycle_msgs__python[0m
[16.230s] [ 84%] [32mBuilding C object CMakeFiles/lifecycle_msgs__python.dir/rosidl_generator_py/lifecycle_msgs/msg/_state_s.c.o[0m
[16.255s] [ 85%] [32mBuilding C object CMakeFiles/lifecycle_msgs__python.dir/rosidl_generator_py/lifecycle_msgs/msg/_transition_s.c.o[0m
[16.255s] [ 86%] [32mBuilding C object CMakeFiles/lifecycle_msgs__python.dir/rosidl_generator_py/lifecycle_msgs/msg/_transition_description_s.c.o[0m
[16.302s] [ 87%] [32mBuilding C object CMakeFiles/lifecycle_msgs__python.dir/rosidl_generator_py/lifecycle_msgs/msg/_transition_event_s.c.o[0m
[16.367s] [ 89%] [32mBuilding C object CMakeFiles/lifecycle_msgs__python.dir/rosidl_generator_py/lifecycle_msgs/srv/_change_state_s.c.o[0m
[16.368s] [ 89%] [32mBuilding C object CMakeFiles/lifecycle_msgs__python.dir/rosidl_generator_py/lifecycle_msgs/srv/_get_available_states_s.c.o[0m
[16.371s] [ 90%] [32mBuilding C object CMakeFiles/lifecycle_msgs__python.dir/rosidl_generator_py/lifecycle_msgs/srv/_get_available_transitions_s.c.o[0m
[16.397s] [ 91%] [32mBuilding C object CMakeFiles/lifecycle_msgs__python.dir/rosidl_generator_py/lifecycle_msgs/srv/_get_state_s.c.o[0m
[16.622s] [ 92%] [32m[1mLinking C shared library rosidl_generator_py/lifecycle_msgs/liblifecycle_msgs__python.so[0m
[16.720s] [ 92%] Built target lifecycle_msgs__python
[16.736s] [35m[1mScanning dependencies of target lifecycle_msgs__rosidl_typesupport_fastrtps_c__pyext[0m
[16.745s] [35m[1mScanning dependencies of target lifecycle_msgs__rosidl_typesupport_c__pyext[0m
[16.746s] [35m[1mScanning dependencies of target lifecycle_msgs__rosidl_typesupport_introspection_c__pyext[0m
[16.764s] [35m[1mScanning dependencies of target lifecycle_msgs__rosidl_typesupport_microxrcedds_c__pyext[0m
[16.781s] [ 94%] [32mBuilding C object CMakeFiles/lifecycle_msgs__rosidl_typesupport_introspection_c__pyext.dir/rosidl_generator_py/lifecycle_msgs/_lifecycle_msgs_s.ep.rosidl_typesupport_introspection_c.c.o[0m
[16.781s] [ 94%] [32mBuilding C object CMakeFiles/lifecycle_msgs__rosidl_typesupport_fastrtps_c__pyext.dir/rosidl_generator_py/lifecycle_msgs/_lifecycle_msgs_s.ep.rosidl_typesupport_fastrtps_c.c.o[0m
[16.787s] [ 95%] [32mBuilding C object CMakeFiles/lifecycle_msgs__rosidl_typesupport_c__pyext.dir/rosidl_generator_py/lifecycle_msgs/_lifecycle_msgs_s.ep.rosidl_typesupport_c.c.o[0m
[16.823s] [ 96%] [32mBuilding C object CMakeFiles/lifecycle_msgs__rosidl_typesupport_microxrcedds_c__pyext.dir/rosidl_generator_py/lifecycle_msgs/_lifecycle_msgs_s.ep.rosidl_typesupport_microxrcedds_c.c.o[0m
[16.956s] [ 97%] [32m[1mLinking C shared library rosidl_generator_py/lifecycle_msgs/lifecycle_msgs_s__rosidl_typesupport_introspection_c.cpython-38-x86_64-linux-gnu.so[0m
[16.960s] [ 98%] [32m[1mLinking C shared library rosidl_generator_py/lifecycle_msgs/lifecycle_msgs_s__rosidl_typesupport_c.cpython-38-x86_64-linux-gnu.so[0m
[17.009s] [ 98%] Built target lifecycle_msgs__rosidl_typesupport_introspection_c__pyext
[17.013s] [ 99%] [32m[1mLinking C shared library rosidl_generator_py/lifecycle_msgs/lifecycle_msgs_s__rosidl_typesupport_microxrcedds_c.cpython-38-x86_64-linux-gnu.so[0m
[17.035s] [100%] [32m[1mLinking CXX shared library rosidl_generator_py/lifecycle_msgs/lifecycle_msgs_s__rosidl_typesupport_fastrtps_c.cpython-38-x86_64-linux-gnu.so[0m
[17.080s] [100%] Built target lifecycle_msgs__rosidl_typesupport_c__pyext
[17.122s] [100%] Built target lifecycle_msgs__rosidl_typesupport_microxrcedds_c__pyext
[17.152s] [100%] Built target lifecycle_msgs__rosidl_typesupport_fastrtps_c__pyext
[17.182s] Invoked command in '/home/ineogi2/ws/Biorobotics/micro_ros/build/lifecycle_msgs' returned '0': CMAKE_PREFIX_PATH=${CMAKE_PREFIX_PATH}:/home/ineogi2/ws/Biorobotics/ros2_ws/install/ros_image:/opt/ros/foxy /usr/bin/cmake --build /home/ineogi2/ws/Biorobotics/micro_ros/build/lifecycle_msgs -- -j12 -l12
[19.895s] Invoking command in '/home/ineogi2/ws/Biorobotics/micro_ros/build/lifecycle_msgs': CMAKE_PREFIX_PATH=${CMAKE_PREFIX_PATH}:/home/ineogi2/ws/Biorobotics/ros2_ws/install/ros_image:/opt/ros/foxy /usr/bin/cmake --install /home/ineogi2/ws/Biorobotics/micro_ros/build/lifecycle_msgs
[19.931s] -- Install configuration: ""
[19.932s] -- Installing: /home/ineogi2/ws/Biorobotics/micro_ros/install/lifecycle_msgs/share/ament_index/resource_index/rosidl_interfaces/lifecycle_msgs
[19.932s] -- Installing: /home/ineogi2/ws/Biorobotics/micro_ros/install/lifecycle_msgs/include/lifecycle_msgs
[19.932s] -- Installing: /home/ineogi2/ws/Biorobotics/micro_ros/install/lifecycle_msgs/include/lifecycle_msgs/srv
[19.933s] -- Installing: /home/ineogi2/ws/Biorobotics/micro_ros/install/lifecycle_msgs/include/lifecycle_msgs/srv/get_available_transitions.h
[19.933s] -- Installing: /home/ineogi2/ws/Biorobotics/micro_ros/install/lifecycle_msgs/include/lifecycle_msgs/srv/change_state.h
[19.934s] -- Installing: /home/ineogi2/ws/Biorobotics/micro_ros/install/lifecycle_msgs/include/lifecycle_msgs/srv/get_available_states.h
[19.934s] -- Installing: /home/ineogi2/ws/Biorobotics/micro_ros/install/lifecycle_msgs/include/lifecycle_msgs/srv/get_state.h
[19.935s] -- Installing: /home/ineogi2/ws/Biorobotics/micro_ros/install/lifecycle_msgs/include/lifecycle_msgs/srv/detail
[19.935s] -- Installing: /home/ineogi2/ws/Biorobotics/micro_ros/install/lifecycle_msgs/include/lifecycle_msgs/srv/detail/change_state__functions.h
[19.935s] -- Installing: /home/ineogi2/ws/Biorobotics/micro_ros/install/lifecycle_msgs/include/lifecycle_msgs/srv/detail/change_state__functions.c
[19.936s] -- Installing: /home/ineogi2/ws/Biorobotics/micro_ros/install/lifecycle_msgs/include/lifecycle_msgs/srv/detail/change_state__type_support.h
[19.936s] -- Installing: /home/ineogi2/ws/Biorobotics/micro_ros/install/lifecycle_msgs/include/lifecycle_msgs/srv/detail/get_available_states__functions.h
[19.936s] -- Installing: /home/ineogi2/ws/Biorobotics/micro_ros/install/lifecycle_msgs/include/lifecycle_msgs/srv/detail/get_state__functions.c
[19.937s] -- Installing: /home/ineogi2/ws/Biorobotics/micro_ros/install/lifecycle_msgs/include/lifecycle_msgs/srv/detail/get_available_states__struct.h
[19.937s] -- Installing: /home/ineogi2/ws/Biorobotics/micro_ros/install/lifecycle_msgs/include/lifecycle_msgs/srv/detail/get_available_transitions__struct.h
[19.937s] -- Installing: /home/ineogi2/ws/Biorobotics/micro_ros/install/lifecycle_msgs/include/lifecycle_msgs/srv/detail/change_state__struct.h
[19.938s] -- Installing: /home/ineogi2/ws/Biorobotics/micro_ros/install/lifecycle_msgs/include/lifecycle_msgs/srv/detail/get_state__type_support.h
[19.938s] -- Installing: /home/ineogi2/ws/Biorobotics/micro_ros/install/lifecycle_msgs/include/lifecycle_msgs/srv/detail/get_available_states__functions.c
[19.938s] -- Installing: /home/ineogi2/ws/Biorobotics/micro_ros/install/lifecycle_msgs/include/lifecycle_msgs/srv/detail/get_available_states__type_support.h
[19.939s] -- Installing: /home/ineogi2/ws/Biorobotics/micro_ros/install/lifecycle_msgs/include/lifecycle_msgs/srv/detail/get_available_transitions__type_support.h
[19.939s] -- Installing: /home/ineogi2/ws/Biorobotics/micro_ros/install/lifecycle_msgs/include/lifecycle_msgs/srv/detail/get_available_transitions__functions.c
[19.939s] -- Installing: /home/ineogi2/ws/Biorobotics/micro_ros/install/lifecycle_msgs/include/lifecycle_msgs/srv/detail/get_state__struct.h
[19.940s] -- Installing: /home/ineogi2/ws/Biorobotics/micro_ros/install/lifecycle_msgs/include/lifecycle_msgs/srv/detail/get_state__functions.h
[19.940s] -- Installing: /home/ineogi2/ws/Biorobotics/micro_ros/install/lifecycle_msgs/include/lifecycle_msgs/srv/detail/get_available_transitions__functions.h
[19.940s] -- Installing: /home/ineogi2/ws/Biorobotics/micro_ros/install/lifecycle_msgs/include/lifecycle_msgs/msg
[19.941s] -- Installing: /home/ineogi2/ws/Biorobotics/micro_ros/install/lifecycle_msgs/include/lifecycle_msgs/msg/state.h
[19.941s] -- Installing: /home/ineogi2/ws/Biorobotics/micro_ros/install/lifecycle_msgs/include/lifecycle_msgs/msg/transition.h
[19.941s] -- Installing: /home/ineogi2/ws/Biorobotics/micro_ros/install/lifecycle_msgs/include/lifecycle_msgs/msg/transition_description.h
[19.942s] -- Installing: /home/ineogi2/ws/Biorobotics/micro_ros/install/lifecycle_msgs/include/lifecycle_msgs/msg/rosidl_generator_c__visibility_control.h
[19.942s] -- Installing: /home/ineogi2/ws/Biorobotics/micro_ros/install/lifecycle_msgs/include/lifecycle_msgs/msg/detail
[19.942s] -- Installing: /home/ineogi2/ws/Biorobotics/micro_ros/install/lifecycle_msgs/include/lifecycle_msgs/msg/detail/transition__type_support.h
[19.943s] -- Installing: /home/ineogi2/ws/Biorobotics/micro_ros/install/lifecycle_msgs/include/lifecycle_msgs/msg/detail/state__type_support.h
[19.943s] -- Installing: /home/ineogi2/ws/Biorobotics/micro_ros/install/lifecycle_msgs/include/lifecycle_msgs/msg/detail/transition_description__functions.c
[19.943s] -- Installing: /home/ineogi2/ws/Biorobotics/micro_ros/install/lifecycle_msgs/include/lifecycle_msgs/msg/detail/transition_description__functions.h
[19.944s] -- Installing: /home/ineogi2/ws/Biorobotics/micro_ros/install/lifecycle_msgs/include/lifecycle_msgs/msg/detail/transition__struct.h
[19.944s] -- Installing: /home/ineogi2/ws/Biorobotics/micro_ros/install/lifecycle_msgs/include/lifecycle_msgs/msg/detail/state__functions.c
[19.944s] -- Installing: /home/ineogi2/ws/Biorobotics/micro_ros/install/lifecycle_msgs/include/lifecycle_msgs/msg/detail/transition_event__functions.c
[19.945s] -- Installing: /home/ineogi2/ws/Biorobotics/micro_ros/install/lifecycle_msgs/include/lifecycle_msgs/msg/detail/state__struct.h
[19.945s] -- Installing: /home/ineogi2/ws/Biorobotics/micro_ros/install/lifecycle_msgs/include/lifecycle_msgs/msg/detail/transition_description__type_support.h
[19.946s] -- Installing: /home/ineogi2/ws/Biorobotics/micro_ros/install/lifecycle_msgs/include/lifecycle_msgs/msg/detail/transition__functions.h
[19.946s] -- Installing: /home/ineogi2/ws/Biorobotics/micro_ros/install/lifecycle_msgs/include/lifecycle_msgs/msg/detail/transition_event__functions.h
[19.946s] -- Installing: /home/ineogi2/ws/Biorobotics/micro_ros/install/lifecycle_msgs/include/lifecycle_msgs/msg/detail/transition_event__type_support.h
[19.947s] -- Installing: /home/ineogi2/ws/Biorobotics/micro_ros/install/lifecycle_msgs/include/lifecycle_msgs/msg/detail/transition_event__struct.h
[19.947s] -- Installing: /home/ineogi2/ws/Biorobotics/micro_ros/install/lifecycle_msgs/include/lifecycle_msgs/msg/detail/state__functions.h
[19.948s] -- Installing: /home/ineogi2/ws/Biorobotics/micro_ros/install/lifecycle_msgs/include/lifecycle_msgs/msg/detail/transition_description__struct.h
[19.948s] -- Installing: /home/ineogi2/ws/Biorobotics/micro_ros/install/lifecycle_msgs/include/lifecycle_msgs/msg/detail/transition__functions.c
[19.948s] -- Installing: /home/ineogi2/ws/Biorobotics/micro_ros/install/lifecycle_msgs/include/lifecycle_msgs/msg/transition_event.h
[19.949s] -- Installing: /home/ineogi2/ws/Biorobotics/micro_ros/install/lifecycle_msgs/share/lifecycle_msgs/environment/library_path.sh
[19.949s] -- Installing: /home/ineogi2/ws/Biorobotics/micro_ros/install/lifecycle_msgs/share/lifecycle_msgs/environment/library_path.dsv
[19.949s] -- Installing: /home/ineogi2/ws/Biorobotics/micro_ros/install/lifecycle_msgs/lib/liblifecycle_msgs__rosidl_generator_c.so
[19.950s] -- Set runtime path of "/home/ineogi2/ws/Biorobotics/micro_ros/install/lifecycle_msgs/lib/liblifecycle_msgs__rosidl_generator_c.so" to ""
[19.950s] -- Up-to-date: /home/ineogi2/ws/Biorobotics/micro_ros/install/lifecycle_msgs/include/lifecycle_msgs
[19.950s] -- Up-to-date: /home/ineogi2/ws/Biorobotics/micro_ros/install/lifecycle_msgs/include/lifecycle_msgs/srv
[19.950s] -- Up-to-date: /home/ineogi2/ws/Biorobotics/micro_ros/install/lifecycle_msgs/include/lifecycle_msgs/srv/detail
[19.950s] -- Installing: /home/ineogi2/ws/Biorobotics/micro_ros/install/lifecycle_msgs/include/lifecycle_msgs/srv/detail/change_state__rosidl_typesupport_microxrcedds_c.h
[19.951s] -- Installing: /home/ineogi2/ws/Biorobotics/micro_ros/install/lifecycle_msgs/include/lifecycle_msgs/srv/detail/get_available_states__rosidl_typesupport_microxrcedds_c.h
[19.951s] -- Installing: /home/ineogi2/ws/Biorobotics/micro_ros/install/lifecycle_msgs/include/lifecycle_msgs/srv/detail/microxrcedds
[19.951s] -- Installing: /home/ineogi2/ws/Biorobotics/micro_ros/install/lifecycle_msgs/include/lifecycle_msgs/srv/detail/get_available_transitions__rosidl_typesupport_microxrcedds_c.h
[19.951s] -- Installing: /home/ineogi2/ws/Biorobotics/micro_ros/install/lifecycle_msgs/include/lifecycle_msgs/srv/detail/get_state__rosidl_typesupport_microxrcedds_c.h
[19.951s] -- Up-to-date: /home/ineogi2/ws/Biorobotics/micro_ros/install/lifecycle_msgs/include/lifecycle_msgs/msg
[19.951s] -- Up-to-date: /home/ineogi2/ws/Biorobotics/micro_ros/install/lifecycle_msgs/include/lifecycle_msgs/msg/detail
[19.951s] -- Installing: /home/ineogi2/ws/Biorobotics/micro_ros/install/lifecycle_msgs/include/lifecycle_msgs/msg/detail/transition_description__rosidl_typesupport_microxrcedds_c.h
[19.951s] -- Installing: /home/ineogi2/ws/Biorobotics/micro_ros/install/lifecycle_msgs/include/lifecycle_msgs/msg/detail/transition__rosidl_typesupport_microxrcedds_c.h
[19.951s] -- Installing: /home/ineogi2/ws/Biorobotics/micro_ros/install/lifecycle_msgs/include/lifecycle_msgs/msg/detail/microxrcedds
[19.952s] -- Installing: /home/ineogi2/ws/Biorobotics/micro_ros/install/lifecycle_msgs/include/lifecycle_msgs/msg/detail/transition_event__rosidl_typesupport_microxrcedds_c.h
[19.952s] -- Installing: /home/ineogi2/ws/Biorobotics/micro_ros/install/lifecycle_msgs/include/lifecycle_msgs/msg/detail/state__rosidl_typesupport_microxrcedds_c.h
[19.952s] -- Installing: /home/ineogi2/ws/Biorobotics/micro_ros/install/lifecycle_msgs/include/lifecycle_msgs/msg/rosidl_typesupport_microxrcedds_c__visibility_control.h
[19.952s] -- Installing: /home/ineogi2/ws/Biorobotics/micro_ros/install/lifecycle_msgs/lib/liblifecycle_msgs__rosidl_typesupport_microxrcedds_c.so
[19.953s] -- Set runtime path of "/home/ineogi2/ws/Biorobotics/micro_ros/install/lifecycle_msgs/lib/liblifecycle_msgs__rosidl_typesupport_microxrcedds_c.so" to ""
[19.953s] -- Up-to-date: /home/ineogi2/ws/Biorobotics/micro_ros/install/lifecycle_msgs/include/lifecycle_msgs
[19.953s] -- Up-to-date: /home/ineogi2/ws/Biorobotics/micro_ros/install/lifecycle_msgs/include/lifecycle_msgs/srv
[19.953s] -- Up-to-date: /home/ineogi2/ws/Biorobotics/micro_ros/install/lifecycle_msgs/include/lifecycle_msgs/srv/detail
[19.953s] -- Installing: /home/ineogi2/ws/Biorobotics/micro_ros/install/lifecycle_msgs/include/lifecycle_msgs/srv/detail/change_state__rosidl_typesupport_fastrtps_c.h
[19.953s] -- Installing: /home/ineogi2/ws/Biorobotics/micro_ros/install/lifecycle_msgs/include/lifecycle_msgs/srv/detail/get_state__rosidl_typesupport_fastrtps_c.h
[19.953s] -- Installing: /home/ineogi2/ws/Biorobotics/micro_ros/install/lifecycle_msgs/include/lifecycle_msgs/srv/detail/get_available_states__rosidl_typesupport_fastrtps_c.h
[19.954s] -- Installing: /home/ineogi2/ws/Biorobotics/micro_ros/install/lifecycle_msgs/include/lifecycle_msgs/srv/detail/get_available_transitions__rosidl_typesupport_fastrtps_c.h
[19.954s] -- Up-to-date: /home/ineogi2/ws/Biorobotics/micro_ros/install/lifecycle_msgs/include/lifecycle_msgs/msg
[19.954s] -- Installing: /home/ineogi2/ws/Biorobotics/micro_ros/install/lifecycle_msgs/include/lifecycle_msgs/msg/rosidl_typesupport_fastrtps_c__visibility_control.h
[19.954s] -- Up-to-date: /home/ineogi2/ws/Biorobotics/micro_ros/install/lifecycle_msgs/include/lifecycle_msgs/msg/detail
[19.954s] -- Installing: /home/ineogi2/ws/Biorobotics/micro_ros/install/lifecycle_msgs/include/lifecycle_msgs/msg/detail/state__rosidl_typesupport_fastrtps_c.h
[19.954s] -- Installing: /home/ineogi2/ws/Biorobotics/micro_ros/install/lifecycle_msgs/include/lifecycle_msgs/msg/detail/transition_event__rosidl_typesupport_fastrtps_c.h
[19.954s] -- Installing: /home/ineogi2/ws/Biorobotics/micro_ros/install/lifecycle_msgs/include/lifecycle_msgs/msg/detail/transition_description__rosidl_typesupport_fastrtps_c.h
[19.954s] -- Installing: /home/ineogi2/ws/Biorobotics/micro_ros/install/lifecycle_msgs/include/lifecycle_msgs/msg/detail/transition__rosidl_typesupport_fastrtps_c.h
[19.954s] -- Installing: /home/ineogi2/ws/Biorobotics/micro_ros/install/lifecycle_msgs/lib/liblifecycle_msgs__rosidl_typesupport_fastrtps_c.so
[19.955s] -- Set runtime path of "/home/ineogi2/ws/Biorobotics/micro_ros/install/lifecycle_msgs/lib/liblifecycle_msgs__rosidl_typesupport_fastrtps_c.so" to ""
[19.955s] -- Up-to-date: /home/ineogi2/ws/Biorobotics/micro_ros/install/lifecycle_msgs/include/lifecycle_msgs
[19.955s] -- Up-to-date: /home/ineogi2/ws/Biorobotics/micro_ros/install/lifecycle_msgs/include/lifecycle_msgs/srv
[19.955s] -- Up-to-date: /home/ineogi2/ws/Biorobotics/micro_ros/install/lifecycle_msgs/include/lifecycle_msgs/srv/detail
[19.955s] -- Installing: /home/ineogi2/ws/Biorobotics/micro_ros/install/lifecycle_msgs/include/lifecycle_msgs/srv/detail/get_state__rosidl_typesupport_fastrtps_cpp.hpp
[19.955s] -- Installing: /home/ineogi2/ws/Biorobotics/micro_ros/install/lifecycle_msgs/include/lifecycle_msgs/srv/detail/dds_fastrtps
[19.956s] -- Installing: /home/ineogi2/ws/Biorobotics/micro_ros/install/lifecycle_msgs/include/lifecycle_msgs/srv/detail/get_available_states__rosidl_typesupport_fastrtps_cpp.hpp
[19.956s] -- Installing: /home/ineogi2/ws/Biorobotics/micro_ros/install/lifecycle_msgs/include/lifecycle_msgs/srv/detail/get_available_transitions__rosidl_typesupport_fastrtps_cpp.hpp
[19.956s] -- Installing: /home/ineogi2/ws/Biorobotics/micro_ros/install/lifecycle_msgs/include/lifecycle_msgs/srv/detail/change_state__rosidl_typesupport_fastrtps_cpp.hpp
[19.956s] -- Up-to-date: /home/ineogi2/ws/Biorobotics/micro_ros/install/lifecycle_msgs/include/lifecycle_msgs/msg
[19.956s] -- Installing: /home/ineogi2/ws/Biorobotics/micro_ros/install/lifecycle_msgs/include/lifecycle_msgs/msg/rosidl_typesupport_fastrtps_cpp__visibility_control.h
[19.956s] -- Up-to-date: /home/ineogi2/ws/Biorobotics/micro_ros/install/lifecycle_msgs/include/lifecycle_msgs/msg/detail
[19.956s] -- Installing: /home/ineogi2/ws/Biorobotics/micro_ros/install/lifecycle_msgs/include/lifecycle_msgs/msg/detail/dds_fastrtps
[19.956s] -- Installing: /home/ineogi2/ws/Biorobotics/micro_ros/install/lifecycle_msgs/include/lifecycle_msgs/msg/detail/state__rosidl_typesupport_fastrtps_cpp.hpp
[19.957s] -- Installing: /home/ineogi2/ws/Biorobotics/micro_ros/install/lifecycle_msgs/include/lifecycle_msgs/msg/detail/transition_description__rosidl_typesupport_fastrtps_cpp.hpp
[19.957s] -- Installing: /home/ineogi2/ws/Biorobotics/micro_ros/install/lifecycle_msgs/include/lifecycle_msgs/msg/detail/transition_event__rosidl_typesupport_fastrtps_cpp.hpp
[19.957s] -- Installing: /home/ineogi2/ws/Biorobotics/micro_ros/install/lifecycle_msgs/include/lifecycle_msgs/msg/detail/transition__rosidl_typesupport_fastrtps_cpp.hpp
[19.958s] -- Installing: /home/ineogi2/ws/Biorobotics/micro_ros/install/lifecycle_msgs/lib/liblifecycle_msgs__rosidl_typesupport_fastrtps_cpp.so
[19.959s] -- Set runtime path of "/home/ineogi2/ws/Biorobotics/micro_ros/install/lifecycle_msgs/lib/liblifecycle_msgs__rosidl_typesupport_fastrtps_cpp.so" to ""
[19.959s] -- Up-to-date: /home/ineogi2/ws/Biorobotics/micro_ros/install/lifecycle_msgs/include/lifecycle_msgs
[19.959s] -- Up-to-date: /home/ineogi2/ws/Biorobotics/micro_ros/install/lifecycle_msgs/include/lifecycle_msgs/srv
[19.959s] -- Up-to-date: /home/ineogi2/ws/Biorobotics/micro_ros/install/lifecycle_msgs/include/lifecycle_msgs/srv/detail
[19.959s] -- Installing: /home/ineogi2/ws/Biorobotics/micro_ros/install/lifecycle_msgs/include/lifecycle_msgs/srv/detail/get_available_states__type_support.c
[19.959s] -- Installing: /home/ineogi2/ws/Biorobotics/micro_ros/install/lifecycle_msgs/include/lifecycle_msgs/srv/detail/get_available_states__rosidl_typesupport_introspection_c.h
[19.959s] -- Installing: /home/ineogi2/ws/Biorobotics/micro_ros/install/lifecycle_msgs/include/lifecycle_msgs/srv/detail/change_state__rosidl_typesupport_introspection_c.h
[19.959s] -- Installing: /home/ineogi2/ws/Biorobotics/micro_ros/install/lifecycle_msgs/include/lifecycle_msgs/srv/detail/get_available_transitions__type_support.c
[19.960s] -- Installing: /home/ineogi2/ws/Biorobotics/micro_ros/install/lifecycle_msgs/include/lifecycle_msgs/srv/detail/get_state__rosidl_typesupport_introspection_c.h
[19.960s] -- Installing: /home/ineogi2/ws/Biorobotics/micro_ros/install/lifecycle_msgs/include/lifecycle_msgs/srv/detail/get_available_transitions__rosidl_typesupport_introspection_c.h
[19.960s] -- Installing: /home/ineogi2/ws/Biorobotics/micro_ros/install/lifecycle_msgs/include/lifecycle_msgs/srv/detail/get_state__type_support.c
[19.960s] -- Installing: /home/ineogi2/ws/Biorobotics/micro_ros/install/lifecycle_msgs/include/lifecycle_msgs/srv/detail/change_state__type_support.c
[19.965s] -- Up-to-date: /home/ineogi2/ws/Biorobotics/micro_ros/install/lifecycle_msgs/include/lifecycle_msgs/msg
[19.965s] -- Up-to-date: /home/ineogi2/ws/Biorobotics/micro_ros/install/lifecycle_msgs/include/lifecycle_msgs/msg/detail
[19.965s] -- Installing: /home/ineogi2/ws/Biorobotics/micro_ros/install/lifecycle_msgs/include/lifecycle_msgs/msg/detail/transition_event__rosidl_typesupport_introspection_c.h
[19.965s] -- Installing: /home/ineogi2/ws/Biorobotics/micro_ros/install/lifecycle_msgs/include/lifecycle_msgs/msg/detail/state__rosidl_typesupport_introspection_c.h
[19.965s] -- Installing: /home/ineogi2/ws/Biorobotics/micro_ros/install/lifecycle_msgs/include/lifecycle_msgs/msg/detail/state__type_support.c
[19.966s] -- Installing: /home/ineogi2/ws/Biorobotics/micro_ros/install/lifecycle_msgs/include/lifecycle_msgs/msg/detail/transition_description__rosidl_typesupport_introspection_c.h
[19.966s] -- Installing: /home/ineogi2/ws/Biorobotics/micro_ros/install/lifecycle_msgs/include/lifecycle_msgs/msg/detail/transition__rosidl_typesupport_introspection_c.h
[19.966s] -- Installing: /home/ineogi2/ws/Biorobotics/micro_ros/install/lifecycle_msgs/include/lifecycle_msgs/msg/detail/transition_description__type_support.c
[19.966s] -- Installing: /home/ineogi2/ws/Biorobotics/micro_ros/install/lifecycle_msgs/include/lifecycle_msgs/msg/detail/transition__type_support.c
[19.966s] -- Installing: /home/ineogi2/ws/Biorobotics/micro_ros/install/lifecycle_msgs/include/lifecycle_msgs/msg/detail/transition_event__type_support.c
[19.966s] -- Installing: /home/ineogi2/ws/Biorobotics/micro_ros/install/lifecycle_msgs/include/lifecycle_msgs/msg/rosidl_typesupport_introspection_c__visibility_control.h
[19.966s] -- Installing: /home/ineogi2/ws/Biorobotics/micro_ros/install/lifecycle_msgs/lib/liblifecycle_msgs__rosidl_typesupport_introspection_c.so
[19.967s] -- Set runtime path of "/home/ineogi2/ws/Biorobotics/micro_ros/install/lifecycle_msgs/lib/liblifecycle_msgs__rosidl_typesupport_introspection_c.so" to ""
[19.967s] -- Installing: /home/ineogi2/ws/Biorobotics/micro_ros/install/lifecycle_msgs/lib/liblifecycle_msgs__rosidl_typesupport_c.so
[19.967s] -- Set runtime path of "/home/ineogi2/ws/Biorobotics/micro_ros/install/lifecycle_msgs/lib/liblifecycle_msgs__rosidl_typesupport_c.so" to ""
[19.967s] -- Up-to-date: /home/ineogi2/ws/Biorobotics/micro_ros/install/lifecycle_msgs/include/lifecycle_msgs
[19.967s] -- Up-to-date: /home/ineogi2/ws/Biorobotics/micro_ros/install/lifecycle_msgs/include/lifecycle_msgs/srv
[19.968s] -- Installing: /home/ineogi2/ws/Biorobotics/micro_ros/install/lifecycle_msgs/include/lifecycle_msgs/srv/get_available_transitions.hpp
[19.968s] -- Installing: /home/ineogi2/ws/Biorobotics/micro_ros/install/lifecycle_msgs/include/lifecycle_msgs/srv/change_state.hpp
[19.968s] -- Installing: /home/ineogi2/ws/Biorobotics/micro_ros/install/lifecycle_msgs/include/lifecycle_msgs/srv/get_state.hpp
[19.968s] -- Up-to-date: /home/ineogi2/ws/Biorobotics/micro_ros/install/lifecycle_msgs/include/lifecycle_msgs/srv/detail
[19.968s] -- Installing: /home/ineogi2/ws/Biorobotics/micro_ros/install/lifecycle_msgs/include/lifecycle_msgs/srv/detail/get_state__builder.hpp
[19.968s] -- Installing: /home/ineogi2/ws/Biorobotics/micro_ros/install/lifecycle_msgs/include/lifecycle_msgs/srv/detail/get_available_states__struct.hpp
[19.968s] -- Installing: /home/ineogi2/ws/Biorobotics/micro_ros/install/lifecycle_msgs/include/lifecycle_msgs/srv/detail/get_available_transitions__builder.hpp
[19.968s] -- Installing: /home/ineogi2/ws/Biorobotics/micro_ros/install/lifecycle_msgs/include/lifecycle_msgs/srv/detail/get_available_transitions__traits.hpp
[19.968s] -- Installing: /home/ineogi2/ws/Biorobotics/micro_ros/install/lifecycle_msgs/include/lifecycle_msgs/srv/detail/get_available_states__builder.hpp
[19.969s] -- Installing: /home/ineogi2/ws/Biorobotics/micro_ros/install/lifecycle_msgs/include/lifecycle_msgs/srv/detail/get_state__struct.hpp
[19.969s] -- Installing: /home/ineogi2/ws/Biorobotics/micro_ros/install/lifecycle_msgs/include/lifecycle_msgs/srv/detail/get_state__traits.hpp
[19.969s] -- Installing: /home/ineogi2/ws/Biorobotics/micro_ros/install/lifecycle_msgs/include/lifecycle_msgs/srv/detail/get_available_transitions__struct.hpp
[19.969s] -- Installing: /home/ineogi2/ws/Biorobotics/micro_ros/install/lifecycle_msgs/include/lifecycle_msgs/srv/detail/change_state__traits.hpp
[19.969s] -- Installing: /home/ineogi2/ws/Biorobotics/micro_ros/install/lifecycle_msgs/include/lifecycle_msgs/srv/detail/change_state__struct.hpp
[19.969s] -- Installing: /home/ineogi2/ws/Biorobotics/micro_ros/install/lifecycle_msgs/include/lifecycle_msgs/srv/detail/change_state__builder.hpp
[19.969s] -- Installing: /home/ineogi2/ws/Biorobotics/micro_ros/install/lifecycle_msgs/include/lifecycle_msgs/srv/detail/get_available_states__traits.hpp
[19.969s] -- Installing: /home/ineogi2/ws/Biorobotics/micro_ros/install/lifecycle_msgs/include/lifecycle_msgs/srv/get_available_states.hpp
[19.970s] -- Up-to-date: /home/ineogi2/ws/Biorobotics/micro_ros/install/lifecycle_msgs/include/lifecycle_msgs/msg
[19.970s] -- Installing: /home/ineogi2/ws/Biorobotics/micro_ros/install/lifecycle_msgs/include/lifecycle_msgs/msg/state.hpp
[19.970s] -- Installing: /home/ineogi2/ws/Biorobotics/micro_ros/install/lifecycle_msgs/include/lifecycle_msgs/msg/transition.hpp
[19.970s] -- Installing: /home/ineogi2/ws/Biorobotics/micro_ros/install/lifecycle_msgs/include/lifecycle_msgs/msg/transition_description.hpp
[19.970s] -- Up-to-date: /home/ineogi2/ws/Biorobotics/micro_ros/install/lifecycle_msgs/include/lifecycle_msgs/msg/detail
[19.970s] -- Installing: /home/ineogi2/ws/Biorobotics/micro_ros/install/lifecycle_msgs/include/lifecycle_msgs/msg/detail/state__traits.hpp
[19.974s] -- Installing: /home/ineogi2/ws/Biorobotics/micro_ros/install/lifecycle_msgs/include/lifecycle_msgs/msg/detail/transition__struct.hpp
[19.974s] -- Installing: /home/ineogi2/ws/Biorobotics/micro_ros/install/lifecycle_msgs/include/lifecycle_msgs/msg/detail/transition_description__builder.hpp
[19.974s] -- Installing: /home/ineogi2/ws/Biorobotics/micro_ros/install/lifecycle_msgs/include/lifecycle_msgs/msg/detail/transition_description__traits.hpp
[19.974s] -- Installing: /home/ineogi2/ws/Biorobotics/micro_ros/install/lifecycle_msgs/include/lifecycle_msgs/msg/detail/state__struct.hpp
[19.974s] -- Installing: /home/ineogi2/ws/Biorobotics/micro_ros/install/lifecycle_msgs/include/lifecycle_msgs/msg/detail/transition_event__struct.hpp
[19.975s] -- Installing: /home/ineogi2/ws/Biorobotics/micro_ros/install/lifecycle_msgs/include/lifecycle_msgs/msg/detail/transition_event__builder.hpp
[19.975s] -- Installing: /home/ineogi2/ws/Biorobotics/micro_ros/install/lifecycle_msgs/include/lifecycle_msgs/msg/detail/state__builder.hpp
[19.975s] -- Installing: /home/ineogi2/ws/Biorobotics/micro_ros/install/lifecycle_msgs/include/lifecycle_msgs/msg/detail/transition_description__struct.hpp
[19.975s] -- Installing: /home/ineogi2/ws/Biorobotics/micro_ros/install/lifecycle_msgs/include/lifecycle_msgs/msg/detail/transition__builder.hpp
[19.975s] -- Installing: /home/ineogi2/ws/Biorobotics/micro_ros/install/lifecycle_msgs/include/lifecycle_msgs/msg/detail/transition__traits.hpp
[19.975s] -- Installing: /home/ineogi2/ws/Biorobotics/micro_ros/install/lifecycle_msgs/include/lifecycle_msgs/msg/detail/transition_event__traits.hpp
[19.976s] -- Installing: /home/ineogi2/ws/Biorobotics/micro_ros/install/lifecycle_msgs/include/lifecycle_msgs/msg/transition_event.hpp
[19.976s] -- Up-to-date: /home/ineogi2/ws/Biorobotics/micro_ros/install/lifecycle_msgs/include/lifecycle_msgs
[19.976s] -- Up-to-date: /home/ineogi2/ws/Biorobotics/micro_ros/install/lifecycle_msgs/include/lifecycle_msgs/srv
[19.976s] -- Up-to-date: /home/ineogi2/ws/Biorobotics/micro_ros/install/lifecycle_msgs/include/lifecycle_msgs/srv/detail
[19.976s] -- Installing: /home/ineogi2/ws/Biorobotics/micro_ros/install/lifecycle_msgs/include/lifecycle_msgs/srv/detail/change_state__rosidl_typesupport_microxrcedds_cpp.hpp
[19.976s] -- Installing: /home/ineogi2/ws/Biorobotics/micro_ros/install/lifecycle_msgs/include/lifecycle_msgs/srv/detail/get_available_transitions__rosidl_typesupport_microxrcedds_cpp.hpp
[19.976s] -- Installing: /home/ineogi2/ws/Biorobotics/micro_ros/install/lifecycle_msgs/include/lifecycle_msgs/srv/detail/get_available_states__rosidl_typesupport_microxrcedds_cpp.hpp
[19.976s] -- Up-to-date: /home/ineogi2/ws/Biorobotics/micro_ros/install/lifecycle_msgs/include/lifecycle_msgs/srv/detail/microxrcedds
[19.976s] -- Installing: /home/ineogi2/ws/Biorobotics/micro_ros/install/lifecycle_msgs/include/lifecycle_msgs/srv/detail/microxrcedds/get_available_transitions__type_support_cpp.cpp
[19.977s] -- Installing: /home/ineogi2/ws/Biorobotics/micro_ros/install/lifecycle_msgs/include/lifecycle_msgs/srv/detail/microxrcedds/get_state__type_support_cpp.cpp
[19.977s] -- Installing: /home/ineogi2/ws/Biorobotics/micro_ros/install/lifecycle_msgs/include/lifecycle_msgs/srv/detail/microxrcedds/get_available_states__type_support_cpp.cpp
[19.977s] -- Installing: /home/ineogi2/ws/Biorobotics/micro_ros/install/lifecycle_msgs/include/lifecycle_msgs/srv/detail/microxrcedds/change_state__type_support_cpp.cpp
[19.977s] -- Installing: /home/ineogi2/ws/Biorobotics/micro_ros/install/lifecycle_msgs/include/lifecycle_msgs/srv/detail/get_state__rosidl_typesupport_microxrcedds_cpp.hpp
[19.977s] -- Up-to-date: /home/ineogi2/ws/Biorobotics/micro_ros/install/lifecycle_msgs/include/lifecycle_msgs/msg
[19.977s] -- Installing: /home/ineogi2/ws/Biorobotics/micro_ros/install/lifecycle_msgs/include/lifecycle_msgs/msg/rosidl_typesupport_microxrcedds_cpp__visibility_control.h
[19.977s] -- Up-to-date: /home/ineogi2/ws/Biorobotics/micro_ros/install/lifecycle_msgs/include/lifecycle_msgs/msg/detail
[19.978s] -- Installing: /home/ineogi2/ws/Biorobotics/micro_ros/install/lifecycle_msgs/include/lifecycle_msgs/msg/detail/state__rosidl_typesupport_microxrcedds_cpp.hpp
[19.978s] -- Installing: /home/ineogi2/ws/Biorobotics/micro_ros/install/lifecycle_msgs/include/lifecycle_msgs/msg/detail/transition_description__rosidl_typesupport_microxrcedds_cpp.hpp
[19.978s] -- Installing: /home/ineogi2/ws/Biorobotics/micro_ros/install/lifecycle_msgs/include/lifecycle_msgs/msg/detail/transition_event__rosidl_typesupport_microxrcedds_cpp.hpp
[19.978s] -- Up-to-date: /home/ineogi2/ws/Biorobotics/micro_ros/install/lifecycle_msgs/include/lifecycle_msgs/msg/detail/microxrcedds
[19.978s] -- Installing: /home/ineogi2/ws/Biorobotics/micro_ros/install/lifecycle_msgs/include/lifecycle_msgs/msg/detail/microxrcedds/transition_description__type_support_cpp.cpp
[19.978s] -- Installing: /home/ineogi2/ws/Biorobotics/micro_ros/install/lifecycle_msgs/include/lifecycle_msgs/msg/detail/microxrcedds/transition__type_support_cpp.cpp
[19.978s] -- Installing: /home/ineogi2/ws/Biorobotics/micro_ros/install/lifecycle_msgs/include/lifecycle_msgs/msg/detail/microxrcedds/transition_event__type_support_cpp.cpp
[19.978s] -- Installing: /home/ineogi2/ws/Biorobotics/micro_ros/install/lifecycle_msgs/include/lifecycle_msgs/msg/detail/microxrcedds/state__type_support_cpp.cpp
[19.979s] -- Installing: /home/ineogi2/ws/Biorobotics/micro_ros/install/lifecycle_msgs/include/lifecycle_msgs/msg/detail/transition__rosidl_typesupport_microxrcedds_cpp.hpp
[19.979s] -- Installing: /home/ineogi2/ws/Biorobotics/micro_ros/install/lifecycle_msgs/lib/liblifecycle_msgs__rosidl_typesupport_microxrcedds_cpp.so
[19.979s] -- Set runtime path of "/home/ineogi2/ws/Biorobotics/micro_ros/install/lifecycle_msgs/lib/liblifecycle_msgs__rosidl_typesupport_microxrcedds_cpp.so" to ""
[19.979s] -- Up-to-date: /home/ineogi2/ws/Biorobotics/micro_ros/install/lifecycle_msgs/include/lifecycle_msgs
[19.979s] -- Up-to-date: /home/ineogi2/ws/Biorobotics/micro_ros/install/lifecycle_msgs/include/lifecycle_msgs/srv
[19.979s] -- Up-to-date: /home/ineogi2/ws/Biorobotics/micro_ros/install/lifecycle_msgs/include/lifecycle_msgs/srv/detail
[19.979s] -- Installing: /home/ineogi2/ws/Biorobotics/micro_ros/install/lifecycle_msgs/include/lifecycle_msgs/srv/detail/get_available_transitions__type_support.cpp
[19.980s] -- Installing: /home/ineogi2/ws/Biorobotics/micro_ros/install/lifecycle_msgs/include/lifecycle_msgs/srv/detail/get_available_transitions__rosidl_typesupport_introspection_cpp.hpp
[19.980s] -- Installing: /home/ineogi2/ws/Biorobotics/micro_ros/install/lifecycle_msgs/include/lifecycle_msgs/srv/detail/get_available_states__type_support.cpp
[19.980s] -- Installing: /home/ineogi2/ws/Biorobotics/micro_ros/install/lifecycle_msgs/include/lifecycle_msgs/srv/detail/get_state__type_support.cpp
[19.980s] -- Installing: /home/ineogi2/ws/Biorobotics/micro_ros/install/lifecycle_msgs/include/lifecycle_msgs/srv/detail/change_state__rosidl_typesupport_introspection_cpp.hpp
[19.980s] -- Installing: /home/ineogi2/ws/Biorobotics/micro_ros/install/lifecycle_msgs/include/lifecycle_msgs/srv/detail/get_state__rosidl_typesupport_introspection_cpp.hpp
[19.980s] -- Installing: /home/ineogi2/ws/Biorobotics/micro_ros/install/lifecycle_msgs/include/lifecycle_msgs/srv/detail/change_state__type_support.cpp
[19.980s] -- Installing: /home/ineogi2/ws/Biorobotics/micro_ros/install/lifecycle_msgs/include/lifecycle_msgs/srv/detail/get_available_states__rosidl_typesupport_introspection_cpp.hpp
[19.980s] -- Up-to-date: /home/ineogi2/ws/Biorobotics/micro_ros/install/lifecycle_msgs/include/lifecycle_msgs/msg
[19.981s] -- Up-to-date: /home/ineogi2/ws/Biorobotics/micro_ros/install/lifecycle_msgs/include/lifecycle_msgs/msg/detail
[19.981s] -- Installing: /home/ineogi2/ws/Biorobotics/micro_ros/install/lifecycle_msgs/include/lifecycle_msgs/msg/detail/state__rosidl_typesupport_introspection_cpp.hpp
[19.981s] -- Installing: /home/ineogi2/ws/Biorobotics/micro_ros/install/lifecycle_msgs/include/lifecycle_msgs/msg/detail/transition_description__rosidl_typesupport_introspection_cpp.hpp
[19.981s] -- Installing: /home/ineogi2/ws/Biorobotics/micro_ros/install/lifecycle_msgs/include/lifecycle_msgs/msg/detail/transition__type_support.cpp
[19.981s] -- Installing: /home/ineogi2/ws/Biorobotics/micro_ros/install/lifecycle_msgs/include/lifecycle_msgs/msg/detail/state__type_support.cpp
[19.981s] -- Installing: /home/ineogi2/ws/Biorobotics/micro_ros/install/lifecycle_msgs/include/lifecycle_msgs/msg/detail/transition_event__type_support.cpp
[19.981s] -- Installing: /home/ineogi2/ws/Biorobotics/micro_ros/install/lifecycle_msgs/include/lifecycle_msgs/msg/detail/transition_event__rosidl_typesupport_introspection_cpp.hpp
[19.981s] -- Installing: /home/ineogi2/ws/Biorobotics/micro_ros/install/lifecycle_msgs/include/lifecycle_msgs/msg/detail/transition__rosidl_typesupport_introspection_cpp.hpp
[19.989s] -- Installing: /home/ineogi2/ws/Biorobotics/micro_ros/install/lifecycle_msgs/include/lifecycle_msgs/msg/detail/transition_description__type_support.cpp
[19.989s] -- Installing: /home/ineogi2/ws/Biorobotics/micro_ros/install/lifecycle_msgs/lib/liblifecycle_msgs__rosidl_typesupport_introspection_cpp.so
[19.990s] -- Set runtime path of "/home/ineogi2/ws/Biorobotics/micro_ros/install/lifecycle_msgs/lib/liblifecycle_msgs__rosidl_typesupport_introspection_cpp.so" to ""
[19.990s] -- Installing: /home/ineogi2/ws/Biorobotics/micro_ros/install/lifecycle_msgs/lib/liblifecycle_msgs__rosidl_typesupport_cpp.so
[19.990s] -- Set runtime path of "/home/ineogi2/ws/Biorobotics/micro_ros/install/lifecycle_msgs/lib/liblifecycle_msgs__rosidl_typesupport_cpp.so" to ""
[19.990s] -- Installing: /home/ineogi2/ws/Biorobotics/micro_ros/install/lifecycle_msgs/share/lifecycle_msgs/environment/pythonpath.sh
[19.990s] -- Installing: /home/ineogi2/ws/Biorobotics/micro_ros/install/lifecycle_msgs/share/lifecycle_msgs/environment/pythonpath.dsv
[19.990s] -- Installing: /home/ineogi2/ws/Biorobotics/micro_ros/install/lifecycle_msgs/lib/python3.8/site-packages/lifecycle_msgs/__init__.py
[20.103s] Compiling '/home/ineogi2/ws/Biorobotics/micro_ros/install/lifecycle_msgs/lib/python3.8/site-packages/lifecycle_msgs/__init__.py'...
[20.110s] -- Installing: /home/ineogi2/ws/Biorobotics/micro_ros/install/lifecycle_msgs/lib/python3.8/site-packages/lifecycle_msgs/msg
[20.110s] -- Installing: /home/ineogi2/ws/Biorobotics/micro_ros/install/lifecycle_msgs/lib/python3.8/site-packages/lifecycle_msgs/msg/_transition_event_s.c
[20.110s] -- Installing: /home/ineogi2/ws/Biorobotics/micro_ros/install/lifecycle_msgs/lib/python3.8/site-packages/lifecycle_msgs/msg/_state_s.c
[20.110s] -- Installing: /home/ineogi2/ws/Biorobotics/micro_ros/install/lifecycle_msgs/lib/python3.8/site-packages/lifecycle_msgs/msg/_transition.py
[20.111s] -- Installing: /home/ineogi2/ws/Biorobotics/micro_ros/install/lifecycle_msgs/lib/python3.8/site-packages/lifecycle_msgs/msg/_transition_s.c
[20.111s] -- Installing: /home/ineogi2/ws/Biorobotics/micro_ros/install/lifecycle_msgs/lib/python3.8/site-packages/lifecycle_msgs/msg/__init__.py
[20.111s] -- Installing: /home/ineogi2/ws/Biorobotics/micro_ros/install/lifecycle_msgs/lib/python3.8/site-packages/lifecycle_msgs/msg/_transition_description_s.c
[20.111s] -- Installing: /home/ineogi2/ws/Biorobotics/micro_ros/install/lifecycle_msgs/lib/python3.8/site-packages/lifecycle_msgs/msg/_transition_event.py
[20.111s] -- Installing: /home/ineogi2/ws/Biorobotics/micro_ros/install/lifecycle_msgs/lib/python3.8/site-packages/lifecycle_msgs/msg/_state.py
[20.111s] -- Installing: /home/ineogi2/ws/Biorobotics/micro_ros/install/lifecycle_msgs/lib/python3.8/site-packages/lifecycle_msgs/msg/_transition_description.py
[20.111s] -- Installing: /home/ineogi2/ws/Biorobotics/micro_ros/install/lifecycle_msgs/lib/python3.8/site-packages/lifecycle_msgs/srv
[20.111s] -- Installing: /home/ineogi2/ws/Biorobotics/micro_ros/install/lifecycle_msgs/lib/python3.8/site-packages/lifecycle_msgs/srv/_change_state.py
[20.111s] -- Installing: /home/ineogi2/ws/Biorobotics/micro_ros/install/lifecycle_msgs/lib/python3.8/site-packages/lifecycle_msgs/srv/_get_available_transitions_s.c
[20.112s] -- Installing: /home/ineogi2/ws/Biorobotics/micro_ros/install/lifecycle_msgs/lib/python3.8/site-packages/lifecycle_msgs/srv/__init__.py
[20.112s] -- Installing: /home/ineogi2/ws/Biorobotics/micro_ros/install/lifecycle_msgs/lib/python3.8/site-packages/lifecycle_msgs/srv/_get_state_s.c
[20.112s] -- Installing: /home/ineogi2/ws/Biorobotics/micro_ros/install/lifecycle_msgs/lib/python3.8/site-packages/lifecycle_msgs/srv/_change_state_s.c
[20.112s] -- Installing: /home/ineogi2/ws/Biorobotics/micro_ros/install/lifecycle_msgs/lib/python3.8/site-packages/lifecycle_msgs/srv/_get_state.py
[20.112s] -- Installing: /home/ineogi2/ws/Biorobotics/micro_ros/install/lifecycle_msgs/lib/python3.8/site-packages/lifecycle_msgs/srv/_get_available_states.py
[20.112s] -- Installing: /home/ineogi2/ws/Biorobotics/micro_ros/install/lifecycle_msgs/lib/python3.8/site-packages/lifecycle_msgs/srv/_get_available_states_s.c
[20.112s] -- Installing: /home/ineogi2/ws/Biorobotics/micro_ros/install/lifecycle_msgs/lib/python3.8/site-packages/lifecycle_msgs/srv/_get_available_transitions.py
[20.112s] -- Installing: /home/ineogi2/ws/Biorobotics/micro_ros/install/lifecycle_msgs/lib/python3.8/site-packages/lifecycle_msgs/lifecycle_msgs_s__rosidl_typesupport_microxrcedds_c.cpython-38-x86_64-linux-gnu.so
[20.113s] -- Set runtime path of "/home/ineogi2/ws/Biorobotics/micro_ros/install/lifecycle_msgs/lib/python3.8/site-packages/lifecycle_msgs/lifecycle_msgs_s__rosidl_typesupport_microxrcedds_c.cpython-38-x86_64-linux-gnu.so" to ""
[20.113s] -- Installing: /home/ineogi2/ws/Biorobotics/micro_ros/install/lifecycle_msgs/lib/python3.8/site-packages/lifecycle_msgs/lifecycle_msgs_s__rosidl_typesupport_fastrtps_c.cpython-38-x86_64-linux-gnu.so
[20.113s] -- Set runtime path of "/home/ineogi2/ws/Biorobotics/micro_ros/install/lifecycle_msgs/lib/python3.8/site-packages/lifecycle_msgs/lifecycle_msgs_s__rosidl_typesupport_fastrtps_c.cpython-38-x86_64-linux-gnu.so" to ""
[20.114s] -- Installing: /home/ineogi2/ws/Biorobotics/micro_ros/install/lifecycle_msgs/lib/python3.8/site-packages/lifecycle_msgs/lifecycle_msgs_s__rosidl_typesupport_introspection_c.cpython-38-x86_64-linux-gnu.so
[20.114s] -- Set runtime path of "/home/ineogi2/ws/Biorobotics/micro_ros/install/lifecycle_msgs/lib/python3.8/site-packages/lifecycle_msgs/lifecycle_msgs_s__rosidl_typesupport_introspection_c.cpython-38-x86_64-linux-gnu.so" to ""
[20.114s] -- Installing: /home/ineogi2/ws/Biorobotics/micro_ros/install/lifecycle_msgs/lib/python3.8/site-packages/lifecycle_msgs/lifecycle_msgs_s__rosidl_typesupport_c.cpython-38-x86_64-linux-gnu.so
[20.115s] -- Set runtime path of "/home/ineogi2/ws/Biorobotics/micro_ros/install/lifecycle_msgs/lib/python3.8/site-packages/lifecycle_msgs/lifecycle_msgs_s__rosidl_typesupport_c.cpython-38-x86_64-linux-gnu.so" to ""
[20.115s] -- Installing: /home/ineogi2/ws/Biorobotics/micro_ros/install/lifecycle_msgs/lib/liblifecycle_msgs__python.so
[20.116s] -- Set runtime path of "/home/ineogi2/ws/Biorobotics/micro_ros/install/lifecycle_msgs/lib/liblifecycle_msgs__python.so" to ""
[20.116s] -- Installing: /home/ineogi2/ws/Biorobotics/micro_ros/install/lifecycle_msgs/share/lifecycle_msgs/msg/State.idl
[20.117s] -- Installing: /home/ineogi2/ws/Biorobotics/micro_ros/install/lifecycle_msgs/share/lifecycle_msgs/msg/Transition.idl
[20.117s] -- Installing: /home/ineogi2/ws/Biorobotics/micro_ros/install/lifecycle_msgs/share/lifecycle_msgs/msg/TransitionDescription.idl
[20.118s] -- Installing: /home/ineogi2/ws/Biorobotics/micro_ros/install/lifecycle_msgs/share/lifecycle_msgs/msg/TransitionEvent.idl
[20.118s] -- Installing: /home/ineogi2/ws/Biorobotics/micro_ros/install/lifecycle_msgs/share/lifecycle_msgs/srv/ChangeState.idl
[20.119s] -- Installing: /home/ineogi2/ws/Biorobotics/micro_ros/install/lifecycle_msgs/share/lifecycle_msgs/srv/GetAvailableStates.idl
[20.119s] -- Installing: /home/ineogi2/ws/Biorobotics/micro_ros/install/lifecycle_msgs/share/lifecycle_msgs/srv/GetAvailableTransitions.idl
[20.119s] -- Installing: /home/ineogi2/ws/Biorobotics/micro_ros/install/lifecycle_msgs/share/lifecycle_msgs/srv/GetState.idl
[20.120s] -- Installing: /home/ineogi2/ws/Biorobotics/micro_ros/install/lifecycle_msgs/share/lifecycle_msgs/msg/State.msg
[20.120s] -- Installing: /home/ineogi2/ws/Biorobotics/micro_ros/install/lifecycle_msgs/share/lifecycle_msgs/msg/Transition.msg
[20.120s] -- Installing: /home/ineogi2/ws/Biorobotics/micro_ros/install/lifecycle_msgs/share/lifecycle_msgs/msg/TransitionDescription.msg
[20.121s] -- Installing: /home/ineogi2/ws/Biorobotics/micro_ros/install/lifecycle_msgs/share/lifecycle_msgs/msg/TransitionEvent.msg
[20.121s] -- Installing: /home/ineogi2/ws/Biorobotics/micro_ros/install/lifecycle_msgs/share/lifecycle_msgs/srv/ChangeState.srv
[20.122s] -- Installing: /home/ineogi2/ws/Biorobotics/micro_ros/install/lifecycle_msgs/share/lifecycle_msgs/srv/ChangeState_Request.msg
[20.122s] -- Installing: /home/ineogi2/ws/Biorobotics/micro_ros/install/lifecycle_msgs/share/lifecycle_msgs/srv/ChangeState_Response.msg
[20.122s] -- Installing: /home/ineogi2/ws/Biorobotics/micro_ros/install/lifecycle_msgs/share/lifecycle_msgs/srv/GetAvailableStates.srv
[20.122s] -- Installing: /home/ineogi2/ws/Biorobotics/micro_ros/install/lifecycle_msgs/share/lifecycle_msgs/srv/GetAvailableStates_Request.msg
[20.123s] -- Installing: /home/ineogi2/ws/Biorobotics/micro_ros/install/lifecycle_msgs/share/lifecycle_msgs/srv/GetAvailableStates_Response.msg
[20.123s] -- Installing: /home/ineogi2/ws/Biorobotics/micro_ros/install/lifecycle_msgs/share/lifecycle_msgs/srv/GetAvailableTransitions.srv
[20.123s] -- Installing: /home/ineogi2/ws/Biorobotics/micro_ros/install/lifecycle_msgs/share/lifecycle_msgs/srv/GetAvailableTransitions_Request.msg
[20.123s] -- Installing: /home/ineogi2/ws/Biorobotics/micro_ros/install/lifecycle_msgs/share/lifecycle_msgs/srv/GetAvailableTransitions_Response.msg
[20.123s] -- Installing: /home/ineogi2/ws/Biorobotics/micro_ros/install/lifecycle_msgs/share/lifecycle_msgs/srv/GetState.srv
[20.123s] -- Installing: /home/ineogi2/ws/Biorobotics/micro_ros/install/lifecycle_msgs/share/lifecycle_msgs/srv/GetState_Request.msg
[20.123s] -- Installing: /home/ineogi2/ws/Biorobotics/micro_ros/install/lifecycle_msgs/share/lifecycle_msgs/srv/GetState_Response.msg
[20.123s] -- Installing: /home/ineogi2/ws/Biorobotics/micro_ros/install/lifecycle_msgs/share/ament_index/resource_index/package_run_dependencies/lifecycle_msgs
[20.124s] -- Installing: /home/ineogi2/ws/Biorobotics/micro_ros/install/lifecycle_msgs/share/ament_index/resource_index/parent_prefix_path/lifecycle_msgs
[20.124s] -- Installing: /home/ineogi2/ws/Biorobotics/micro_ros/install/lifecycle_msgs/share/lifecycle_msgs/environment/ament_prefix_path.sh
[20.124s] -- Installing: /home/ineogi2/ws/Biorobotics/micro_ros/install/lifecycle_msgs/share/lifecycle_msgs/environment/ament_prefix_path.dsv
[20.124s] -- Installing: /home/ineogi2/ws/Biorobotics/micro_ros/install/lifecycle_msgs/share/lifecycle_msgs/environment/path.sh
[20.124s] -- Installing: /home/ineogi2/ws/Biorobotics/micro_ros/install/lifecycle_msgs/share/lifecycle_msgs/environment/path.dsv
[20.124s] -- Installing: /home/ineogi2/ws/Biorobotics/micro_ros/install/lifecycle_msgs/share/lifecycle_msgs/local_setup.bash
[20.124s] -- Installing: /home/ineogi2/ws/Biorobotics/micro_ros/install/lifecycle_msgs/share/lifecycle_msgs/local_setup.sh
[20.124s] -- Installing: /home/ineogi2/ws/Biorobotics/micro_ros/install/lifecycle_msgs/share/lifecycle_msgs/local_setup.zsh
[20.124s] -- Installing: /home/ineogi2/ws/Biorobotics/micro_ros/install/lifecycle_msgs/share/lifecycle_msgs/local_setup.dsv
[20.125s] -- Installing: /home/ineogi2/ws/Biorobotics/micro_ros/install/lifecycle_msgs/share/lifecycle_msgs/package.dsv
[20.125s] -- Installing: /home/ineogi2/ws/Biorobotics/micro_ros/install/lifecycle_msgs/share/ament_index/resource_index/packages/lifecycle_msgs
[20.125s] -- Installing: /home/ineogi2/ws/Biorobotics/micro_ros/install/lifecycle_msgs/share/lifecycle_msgs/cmake/lifecycle_msgs__rosidl_generator_cExport.cmake
[20.125s] -- Installing: /home/ineogi2/ws/Biorobotics/micro_ros/install/lifecycle_msgs/share/lifecycle_msgs/cmake/lifecycle_msgs__rosidl_generator_cExport-noconfig.cmake
[20.125s] -- Installing: /home/ineogi2/ws/Biorobotics/micro_ros/install/lifecycle_msgs/share/lifecycle_msgs/cmake/lifecycle_msgs__rosidl_typesupport_introspection_cExport.cmake
[20.125s] -- Installing: /home/ineogi2/ws/Biorobotics/micro_ros/install/lifecycle_msgs/share/lifecycle_msgs/cmake/lifecycle_msgs__rosidl_typesupport_introspection_cExport-noconfig.cmake
[20.125s] -- Installing: /home/ineogi2/ws/Biorobotics/micro_ros/install/lifecycle_msgs/share/lifecycle_msgs/cmake/lifecycle_msgs__rosidl_typesupport_cExport.cmake
[20.126s] -- Installing: /home/ineogi2/ws/Biorobotics/micro_ros/install/lifecycle_msgs/share/lifecycle_msgs/cmake/lifecycle_msgs__rosidl_typesupport_cExport-noconfig.cmake
[20.126s] -- Installing: /home/ineogi2/ws/Biorobotics/micro_ros/install/lifecycle_msgs/share/lifecycle_msgs/cmake/lifecycle_msgs__rosidl_generator_cppExport.cmake
[20.126s] -- Installing: /home/ineogi2/ws/Biorobotics/micro_ros/install/lifecycle_msgs/share/lifecycle_msgs/cmake/lifecycle_msgs__rosidl_typesupport_introspection_cppExport.cmake
[20.126s] -- Installing: /home/ineogi2/ws/Biorobotics/micro_ros/install/lifecycle_msgs/share/lifecycle_msgs/cmake/lifecycle_msgs__rosidl_typesupport_introspection_cppExport-noconfig.cmake
[20.126s] -- Installing: /home/ineogi2/ws/Biorobotics/micro_ros/install/lifecycle_msgs/share/lifecycle_msgs/cmake/lifecycle_msgs__rosidl_typesupport_cppExport.cmake
[20.126s] -- Installing: /home/ineogi2/ws/Biorobotics/micro_ros/install/lifecycle_msgs/share/lifecycle_msgs/cmake/lifecycle_msgs__rosidl_typesupport_cppExport-noconfig.cmake
[20.126s] -- Installing: /home/ineogi2/ws/Biorobotics/micro_ros/install/lifecycle_msgs/share/lifecycle_msgs/cmake/rosidl_cmake-extras.cmake
[20.126s] -- Installing: /home/ineogi2/ws/Biorobotics/micro_ros/install/lifecycle_msgs/share/lifecycle_msgs/cmake/ament_cmake_export_dependencies-extras.cmake
[20.127s] -- Installing: /home/ineogi2/ws/Biorobotics/micro_ros/install/lifecycle_msgs/share/lifecycle_msgs/cmake/ament_cmake_export_libraries-extras.cmake
[20.127s] -- Installing: /home/ineogi2/ws/Biorobotics/micro_ros/install/lifecycle_msgs/share/lifecycle_msgs/cmake/ament_cmake_export_targets-extras.cmake
[20.127s] -- Installing: /home/ineogi2/ws/Biorobotics/micro_ros/install/lifecycle_msgs/share/lifecycle_msgs/cmake/ament_cmake_export_include_directories-extras.cmake
[20.127s] -- Installing: /home/ineogi2/ws/Biorobotics/micro_ros/install/lifecycle_msgs/share/lifecycle_msgs/cmake/rosidl_cmake_export_typesupport_libraries-extras.cmake
[20.127s] -- Installing: /home/ineogi2/ws/Biorobotics/micro_ros/install/lifecycle_msgs/share/lifecycle_msgs/cmake/rosidl_cmake_export_typesupport_targets-extras.cmake
[20.127s] -- Installing: /home/ineogi2/ws/Biorobotics/micro_ros/install/lifecycle_msgs/share/lifecycle_msgs/cmake/lifecycle_msgsConfig.cmake
[20.127s] -- Installing: /home/ineogi2/ws/Biorobotics/micro_ros/install/lifecycle_msgs/share/lifecycle_msgs/cmake/lifecycle_msgsConfig-version.cmake
[20.127s] -- Installing: /home/ineogi2/ws/Biorobotics/micro_ros/install/lifecycle_msgs/share/lifecycle_msgs/package.xml
[20.131s] Invoked command in '/home/ineogi2/ws/Biorobotics/micro_ros/build/lifecycle_msgs' returned '0': CMAKE_PREFIX_PATH=${CMAKE_PREFIX_PATH}:/home/ineogi2/ws/Biorobotics/ros2_ws/install/ros_image:/opt/ros/foxy /usr/bin/cmake --install /home/ineogi2/ws/Biorobotics/micro_ros/build/lifecycle_msgs
