[0.018s] Invoking command in '/home/ineogi2/ws/Biorobotics/micro_ros/build/rclc': AMENT_PREFIX_PATH=/home/ineogi2/ws/Biorobotics/micro_ros/install/test_msgs:/home/ineogi2/ws/Biorobotics/micro_ros/install/example_interfaces:/home/ineogi2/ws/Biorobotics/micro_ros/install/std_msgs:/home/ineogi2/ws/Biorobotics/micro_ros/install/action_msgs:/home/ineogi2/ws/Biorobotics/micro_ros/install/unique_identifier_msgs:/home/ineogi2/ws/Biorobotics/micro_ros/install/builtin_interfaces:${AMENT_PREFIX_PATH} CMAKE_PREFIX_PATH=/home/ineogi2/ws/Biorobotics/micro_ros/install/test_msgs:/home/ineogi2/ws/Biorobotics/micro_ros/install/example_interfaces:/home/ineogi2/ws/Biorobotics/micro_ros/install/std_msgs:/home/ineogi2/ws/Biorobotics/micro_ros/install/action_msgs:/home/ineogi2/ws/Biorobotics/micro_ros/install/unique_identifier_msgs:/home/ineogi2/ws/Biorobotics/micro_ros/install/builtin_interfaces:/home/ineogi2/ws/Biorobotics/micro_ros/install/rosidl_typesupport_microxrcedds_cpp:/home/ineogi2/ws/Biorobotics/micro_ros/install/rosidl_typesupport_microxrcedds_c:/home/ineogi2/ws/Biorobotics/micro_ros/install/microcdr:/home/ineogi2/ws/Biorobotics/micro_ros/install/micro_ros_setup:/home/ineogi2/ws/Biorobotics/ros2_ws/install/realsense2_description:/home/ineogi2/ws/Biorobotics/ros2_ws/install/realsense2_camera:/home/ineogi2/ws/Biorobotics/ros2_ws/install/realsense2_camera_msgs:/home/ineogi2/ws/Biorobotics/ros2_ws/install/ros_image:/opt/ros/foxy LD_LIBRARY_PATH=/home/ineogi2/ws/Biorobotics/micro_ros/install/test_msgs/lib:/home/ineogi2/ws/Biorobotics/micro_ros/install/example_interfaces/lib:/home/ineogi2/ws/Biorobotics/micro_ros/install/std_msgs/lib:/home/ineogi2/ws/Biorobotics/micro_ros/install/action_msgs/lib:/home/ineogi2/ws/Biorobotics/micro_ros/install/unique_identifier_msgs/lib:/home/ineogi2/ws/Biorobotics/micro_ros/install/builtin_interfaces/lib:${LD_LIBRARY_PATH} PYTHONPATH=/home/ineogi2/ws/Biorobotics/micro_ros/install/test_msgs/lib/python3.8/site-packages:/home/ineogi2/ws/Biorobotics/micro_ros/install/example_interfaces/lib/python3.8/site-packages:/home/ineogi2/ws/Biorobotics/micro_ros/install/std_msgs/lib/python3.8/site-packages:/home/ineogi2/ws/Biorobotics/micro_ros/install/action_msgs/lib/python3.8/site-packages:/home/ineogi2/ws/Biorobotics/micro_ros/install/unique_identifier_msgs/lib/python3.8/site-packages:/home/ineogi2/ws/Biorobotics/micro_ros/install/builtin_interfaces/lib/python3.8/site-packages:${PYTHONPATH} /usr/bin/cmake /home/ineogi2/ws/Biorobotics/micro_ros/src/uros/rclc/rclc -DBUILD_TESTING=OFF -DBUILD_SHARED_LIBS=ON -DCMAKE_INSTALL_PREFIX=/home/ineogi2/ws/Biorobotics/micro_ros/install/rclc
[0.063s] -- The C compiler identification is GNU 9.4.0
[0.110s] -- The CXX compiler identification is GNU 9.4.0
[0.115s] -- Check for working C compiler: /usr/bin/cc
[0.165s] -- Check for working C compiler: /usr/bin/cc -- works
[0.166s] -- Detecting C compiler ABI info
[0.219s] -- Detecting C compiler ABI info - done
[0.228s] -- Detecting C compile features
[0.228s] -- Detecting C compile features - done
[0.230s] -- Check for working CXX compiler: /usr/bin/c++
[0.290s] -- Check for working CXX compiler: /usr/bin/c++ -- works
[0.291s] -- Detecting CXX compiler ABI info
[0.351s] -- Detecting CXX compiler ABI info - done
[0.361s] -- Detecting CXX compile features
[0.361s] -- Detecting CXX compile features - done
[0.363s] -- Found ament_cmake_ros: 0.9.2 (/opt/ros/foxy/share/ament_cmake_ros/cmake)
[0.394s] -- Found PythonInterp: /usr/bin/python3 (found suitable version "3.8.10", minimum required is "3") 
[0.394s] -- Using PYTHON_EXECUTABLE: /usr/bin/python3
[0.569s] -- Found rcl: 1.1.13 (/opt/ros/foxy/share/rcl/cmake)
[0.599s] -- Using all available rosidl_typesupport_c: rosidl_typesupport_microxrcedds_c;rosidl_typesupport_fastrtps_c;rosidl_typesupport_introspection_c
[0.605s] -- Found rosidl_adapter: 1.2.1 (/opt/ros/foxy/share/rosidl_adapter/cmake)
[0.678s] -- Found OpenSSL: /usr/lib/x86_64-linux-gnu/libcrypto.so (found version "1.1.1f")  
[0.700s] -- Found FastRTPS: /opt/ros/foxy/include  
[0.760s] -- Using all available rosidl_typesupport_cpp: rosidl_typesupport_microxrcedds_cpp;rosidl_typesupport_fastrtps_cpp;rosidl_typesupport_introspection_cpp
[0.814s] -- Found rmw_implementation_cmake: 1.0.3 (/opt/ros/foxy/share/rmw_implementation_cmake/cmake)
[0.816s] -- Using RMW implementation 'rmw_fastrtps_cpp' as default
[0.816s] -- Looking for pthread.h
[0.871s] -- Looking for pthread.h - found
[0.871s] -- Performing Test CMAKE_HAVE_LIBC_PTHREAD
[0.927s] -- Performing Test CMAKE_HAVE_LIBC_PTHREAD - Failed
[0.927s] -- Looking for pthread_create in pthreads
[0.972s] -- Looking for pthread_create in pthreads - not found
[0.972s] -- Looking for pthread_create in pthread
[1.032s] -- Looking for pthread_create in pthread - found
[1.036s] -- Found Threads: TRUE  
[1.054s] -- Found std_msgs: 2.0.5 (/home/ineogi2/ws/Biorobotics/micro_ros/install/std_msgs/share/std_msgs/cmake)
[1.070s] -- Found rcl version 1.1.13, which belongs to Foxy or later
[1.151s] -- Configuring done
[1.158s] -- Generating done
[1.160s] -- Build files have been written to: /home/ineogi2/ws/Biorobotics/micro_ros/build/rclc
[1.171s] Invoked command in '/home/ineogi2/ws/Biorobotics/micro_ros/build/rclc' returned '0': AMENT_PREFIX_PATH=/home/ineogi2/ws/Biorobotics/micro_ros/install/test_msgs:/home/ineogi2/ws/Biorobotics/micro_ros/install/example_interfaces:/home/ineogi2/ws/Biorobotics/micro_ros/install/std_msgs:/home/ineogi2/ws/Biorobotics/micro_ros/install/action_msgs:/home/ineogi2/ws/Biorobotics/micro_ros/install/unique_identifier_msgs:/home/ineogi2/ws/Biorobotics/micro_ros/install/builtin_interfaces:${AMENT_PREFIX_PATH} CMAKE_PREFIX_PATH=/home/ineogi2/ws/Biorobotics/micro_ros/install/test_msgs:/home/ineogi2/ws/Biorobotics/micro_ros/install/example_interfaces:/home/ineogi2/ws/Biorobotics/micro_ros/install/std_msgs:/home/ineogi2/ws/Biorobotics/micro_ros/install/action_msgs:/home/ineogi2/ws/Biorobotics/micro_ros/install/unique_identifier_msgs:/home/ineogi2/ws/Biorobotics/micro_ros/install/builtin_interfaces:/home/ineogi2/ws/Biorobotics/micro_ros/install/rosidl_typesupport_microxrcedds_cpp:/home/ineogi2/ws/Biorobotics/micro_ros/install/rosidl_typesupport_microxrcedds_c:/home/ineogi2/ws/Biorobotics/micro_ros/install/microcdr:/home/ineogi2/ws/Biorobotics/micro_ros/install/micro_ros_setup:/home/ineogi2/ws/Biorobotics/ros2_ws/install/realsense2_description:/home/ineogi2/ws/Biorobotics/ros2_ws/install/realsense2_camera:/home/ineogi2/ws/Biorobotics/ros2_ws/install/realsense2_camera_msgs:/home/ineogi2/ws/Biorobotics/ros2_ws/install/ros_image:/opt/ros/foxy LD_LIBRARY_PATH=/home/ineogi2/ws/Biorobotics/micro_ros/install/test_msgs/lib:/home/ineogi2/ws/Biorobotics/micro_ros/install/example_interfaces/lib:/home/ineogi2/ws/Biorobotics/micro_ros/install/std_msgs/lib:/home/ineogi2/ws/Biorobotics/micro_ros/install/action_msgs/lib:/home/ineogi2/ws/Biorobotics/micro_ros/install/unique_identifier_msgs/lib:/home/ineogi2/ws/Biorobotics/micro_ros/install/builtin_interfaces/lib:${LD_LIBRARY_PATH} PYTHONPATH=/home/ineogi2/ws/Biorobotics/micro_ros/install/test_msgs/lib/python3.8/site-packages:/home/ineogi2/ws/Biorobotics/micro_ros/install/example_interfaces/lib/python3.8/site-packages:/home/ineogi2/ws/Biorobotics/micro_ros/install/std_msgs/lib/python3.8/site-packages:/home/ineogi2/ws/Biorobotics/micro_ros/install/action_msgs/lib/python3.8/site-packages:/home/ineogi2/ws/Biorobotics/micro_ros/install/unique_identifier_msgs/lib/python3.8/site-packages:/home/ineogi2/ws/Biorobotics/micro_ros/install/builtin_interfaces/lib/python3.8/site-packages:${PYTHONPATH} /usr/bin/cmake /home/ineogi2/ws/Biorobotics/micro_ros/src/uros/rclc/rclc -DBUILD_TESTING=OFF -DBUILD_SHARED_LIBS=ON -DCMAKE_INSTALL_PREFIX=/home/ineogi2/ws/Biorobotics/micro_ros/install/rclc
[1.175s] Invoking command in '/home/ineogi2/ws/Biorobotics/micro_ros/build/rclc': AMENT_PREFIX_PATH=/home/ineogi2/ws/Biorobotics/micro_ros/install/test_msgs:/home/ineogi2/ws/Biorobotics/micro_ros/install/example_interfaces:/home/ineogi2/ws/Biorobotics/micro_ros/install/std_msgs:/home/ineogi2/ws/Biorobotics/micro_ros/install/action_msgs:/home/ineogi2/ws/Biorobotics/micro_ros/install/unique_identifier_msgs:/home/ineogi2/ws/Biorobotics/micro_ros/install/builtin_interfaces:${AMENT_PREFIX_PATH} CMAKE_PREFIX_PATH=/home/ineogi2/ws/Biorobotics/micro_ros/install/test_msgs:/home/ineogi2/ws/Biorobotics/micro_ros/install/example_interfaces:/home/ineogi2/ws/Biorobotics/micro_ros/install/std_msgs:/home/ineogi2/ws/Biorobotics/micro_ros/install/action_msgs:/home/ineogi2/ws/Biorobotics/micro_ros/install/unique_identifier_msgs:/home/ineogi2/ws/Biorobotics/micro_ros/install/builtin_interfaces:/home/ineogi2/ws/Biorobotics/micro_ros/install/rosidl_typesupport_microxrcedds_cpp:/home/ineogi2/ws/Biorobotics/micro_ros/install/rosidl_typesupport_microxrcedds_c:/home/ineogi2/ws/Biorobotics/micro_ros/install/microcdr:/home/ineogi2/ws/Biorobotics/micro_ros/install/micro_ros_setup:/home/ineogi2/ws/Biorobotics/ros2_ws/install/realsense2_description:/home/ineogi2/ws/Biorobotics/ros2_ws/install/realsense2_camera:/home/ineogi2/ws/Biorobotics/ros2_ws/install/realsense2_camera_msgs:/home/ineogi2/ws/Biorobotics/ros2_ws/install/ros_image:/opt/ros/foxy LD_LIBRARY_PATH=/home/ineogi2/ws/Biorobotics/micro_ros/install/test_msgs/lib:/home/ineogi2/ws/Biorobotics/micro_ros/install/example_interfaces/lib:/home/ineogi2/ws/Biorobotics/micro_ros/install/std_msgs/lib:/home/ineogi2/ws/Biorobotics/micro_ros/install/action_msgs/lib:/home/ineogi2/ws/Biorobotics/micro_ros/install/unique_identifier_msgs/lib:/home/ineogi2/ws/Biorobotics/micro_ros/install/builtin_interfaces/lib:${LD_LIBRARY_PATH} PYTHONPATH=/home/ineogi2/ws/Biorobotics/micro_ros/install/test_msgs/lib/python3.8/site-packages:/home/ineogi2/ws/Biorobotics/micro_ros/install/example_interfaces/lib/python3.8/site-packages:/home/ineogi2/ws/Biorobotics/micro_ros/install/std_msgs/lib/python3.8/site-packages:/home/ineogi2/ws/Biorobotics/micro_ros/install/action_msgs/lib/python3.8/site-packages:/home/ineogi2/ws/Biorobotics/micro_ros/install/unique_identifier_msgs/lib/python3.8/site-packages:/home/ineogi2/ws/Biorobotics/micro_ros/install/builtin_interfaces/lib/python3.8/site-packages:${PYTHONPATH} /usr/bin/cmake --build /home/ineogi2/ws/Biorobotics/micro_ros/build/rclc -- -j12 -l12
[1.187s] /usr/bin/cmake -S/home/ineogi2/ws/Biorobotics/micro_ros/src/uros/rclc/rclc -B/home/ineogi2/ws/Biorobotics/micro_ros/build/rclc --check-build-system CMakeFiles/Makefile.cmake 0
[1.197s] /usr/bin/cmake -E cmake_progress_start /home/ineogi2/ws/Biorobotics/micro_ros/build/rclc/CMakeFiles /home/ineogi2/ws/Biorobotics/micro_ros/build/rclc/CMakeFiles/progress.marks
[1.206s] /usr/bin/make -f CMakeFiles/Makefile2 all
[1.207s] make[1]: Entering directory '/home/ineogi2/ws/Biorobotics/micro_ros/build/rclc'
[1.207s] /usr/bin/make -f CMakeFiles/rclc.dir/build.make CMakeFiles/rclc.dir/depend
[1.208s] make[2]: Entering directory '/home/ineogi2/ws/Biorobotics/micro_ros/build/rclc'
[1.208s] cd /home/ineogi2/ws/Biorobotics/micro_ros/build/rclc && /usr/bin/cmake -E cmake_depends "Unix Makefiles" /home/ineogi2/ws/Biorobotics/micro_ros/src/uros/rclc/rclc /home/ineogi2/ws/Biorobotics/micro_ros/src/uros/rclc/rclc /home/ineogi2/ws/Biorobotics/micro_ros/build/rclc /home/ineogi2/ws/Biorobotics/micro_ros/build/rclc /home/ineogi2/ws/Biorobotics/micro_ros/build/rclc/CMakeFiles/rclc.dir/DependInfo.cmake --color=
[1.219s] [35m[1mScanning dependencies of target rclc[0m
[1.229s] make[2]: Leaving directory '/home/ineogi2/ws/Biorobotics/micro_ros/build/rclc'
[1.229s] /usr/bin/make -f CMakeFiles/rclc.dir/build.make CMakeFiles/rclc.dir/build
[1.231s] make[2]: Entering directory '/home/ineogi2/ws/Biorobotics/micro_ros/build/rclc'
[1.242s] [ 18%] [32mBuilding C object CMakeFiles/rclc.dir/src/rclc/publisher.c.o[0m
[1.243s] [ 18%] [32mBuilding C object CMakeFiles/rclc.dir/src/rclc/timer.c.o[0m
[1.243s] [ 27%] [32mBuilding C object CMakeFiles/rclc.dir/src/rclc/init.c.o[0m
[1.243s] /usr/bin/cc -DDEFAULT_RMW_IMPLEMENTATION=rmw_fastrtps_cpp -DRCLC_BUILDING_LIBRARY -DRCUTILS_ENABLE_FAULT_INJECTION -DROS_PACKAGE_NAME=\"rclc\" -DSPDLOG_COMPILED_LIB -Drclc_EXPORTS -I/home/ineogi2/ws/Biorobotics/micro_ros/src/uros/rclc/rclc/include -I/home/ineogi2/ws/Biorobotics/micro_ros/src/uros/rclc/rclc/src -isystem /opt/ros/foxy/include -isystem /home/ineogi2/ws/Biorobotics/micro_ros/install/builtin_interfaces/include  -fPIC   -Wall -Wextra -Wpedantic -std=gnu11 -o CMakeFiles/rclc.dir/src/rclc/timer.c.o   -c /home/ineogi2/ws/Biorobotics/micro_ros/src/uros/rclc/rclc/src/rclc/timer.c
[1.243s] /usr/bin/cc -DDEFAULT_RMW_IMPLEMENTATION=rmw_fastrtps_cpp -DRCLC_BUILDING_LIBRARY -DRCUTILS_ENABLE_FAULT_INJECTION -DROS_PACKAGE_NAME=\"rclc\" -DSPDLOG_COMPILED_LIB -Drclc_EXPORTS -I/home/ineogi2/ws/Biorobotics/micro_ros/src/uros/rclc/rclc/include -I/home/ineogi2/ws/Biorobotics/micro_ros/src/uros/rclc/rclc/src -isystem /opt/ros/foxy/include -isystem /home/ineogi2/ws/Biorobotics/micro_ros/install/builtin_interfaces/include  -fPIC   -Wall -Wextra -Wpedantic -std=gnu11 -o CMakeFiles/rclc.dir/src/rclc/publisher.c.o   -c /home/ineogi2/ws/Biorobotics/micro_ros/src/uros/rclc/rclc/src/rclc/publisher.c
[1.244s] /usr/bin/cc -DDEFAULT_RMW_IMPLEMENTATION=rmw_fastrtps_cpp -DRCLC_BUILDING_LIBRARY -DRCUTILS_ENABLE_FAULT_INJECTION -DROS_PACKAGE_NAME=\"rclc\" -DSPDLOG_COMPILED_LIB -Drclc_EXPORTS -I/home/ineogi2/ws/Biorobotics/micro_ros/src/uros/rclc/rclc/include -I/home/ineogi2/ws/Biorobotics/micro_ros/src/uros/rclc/rclc/src -isystem /opt/ros/foxy/include -isystem /home/ineogi2/ws/Biorobotics/micro_ros/install/builtin_interfaces/include  -fPIC   -Wall -Wextra -Wpedantic -std=gnu11 -o CMakeFiles/rclc.dir/src/rclc/init.c.o   -c /home/ineogi2/ws/Biorobotics/micro_ros/src/uros/rclc/rclc/src/rclc/init.c
[1.248s] [ 36%] [32mBuilding C object CMakeFiles/rclc.dir/src/rclc/service.c.o[0m
[1.248s] /usr/bin/cc -DDEFAULT_RMW_IMPLEMENTATION=rmw_fastrtps_cpp -DRCLC_BUILDING_LIBRARY -DRCUTILS_ENABLE_FAULT_INJECTION -DROS_PACKAGE_NAME=\"rclc\" -DSPDLOG_COMPILED_LIB -Drclc_EXPORTS -I/home/ineogi2/ws/Biorobotics/micro_ros/src/uros/rclc/rclc/include -I/home/ineogi2/ws/Biorobotics/micro_ros/src/uros/rclc/rclc/src -isystem /opt/ros/foxy/include -isystem /home/ineogi2/ws/Biorobotics/micro_ros/install/builtin_interfaces/include  -fPIC   -Wall -Wextra -Wpedantic -std=gnu11 -o CMakeFiles/rclc.dir/src/rclc/service.c.o   -c /home/ineogi2/ws/Biorobotics/micro_ros/src/uros/rclc/rclc/src/rclc/service.c
[1.249s] [ 45%] [32mBuilding C object CMakeFiles/rclc.dir/src/rclc/client.c.o[0m
[1.252s] [ 54%] [32mBuilding C object CMakeFiles/rclc.dir/src/rclc/node.c.o[0m
[1.254s] /usr/bin/cc -DDEFAULT_RMW_IMPLEMENTATION=rmw_fastrtps_cpp -DRCLC_BUILDING_LIBRARY -DRCUTILS_ENABLE_FAULT_INJECTION -DROS_PACKAGE_NAME=\"rclc\" -DSPDLOG_COMPILED_LIB -Drclc_EXPORTS -I/home/ineogi2/ws/Biorobotics/micro_ros/src/uros/rclc/rclc/include -I/home/ineogi2/ws/Biorobotics/micro_ros/src/uros/rclc/rclc/src -isystem /opt/ros/foxy/include -isystem /home/ineogi2/ws/Biorobotics/micro_ros/install/builtin_interfaces/include  -fPIC   -Wall -Wextra -Wpedantic -std=gnu11 -o CMakeFiles/rclc.dir/src/rclc/client.c.o   -c /home/ineogi2/ws/Biorobotics/micro_ros/src/uros/rclc/rclc/src/rclc/client.c
[1.256s] [ 63%] [32mBuilding C object CMakeFiles/rclc.dir/src/rclc/subscription.c.o[0m
[1.258s] /usr/bin/cc -DDEFAULT_RMW_IMPLEMENTATION=rmw_fastrtps_cpp -DRCLC_BUILDING_LIBRARY -DRCUTILS_ENABLE_FAULT_INJECTION -DROS_PACKAGE_NAME=\"rclc\" -DSPDLOG_COMPILED_LIB -Drclc_EXPORTS -I/home/ineogi2/ws/Biorobotics/micro_ros/src/uros/rclc/rclc/include -I/home/ineogi2/ws/Biorobotics/micro_ros/src/uros/rclc/rclc/src -isystem /opt/ros/foxy/include -isystem /home/ineogi2/ws/Biorobotics/micro_ros/install/builtin_interfaces/include  -fPIC   -Wall -Wextra -Wpedantic -std=gnu11 -o CMakeFiles/rclc.dir/src/rclc/subscription.c.o   -c /home/ineogi2/ws/Biorobotics/micro_ros/src/uros/rclc/rclc/src/rclc/subscription.c
[1.260s] /usr/bin/cc -DDEFAULT_RMW_IMPLEMENTATION=rmw_fastrtps_cpp -DRCLC_BUILDING_LIBRARY -DRCUTILS_ENABLE_FAULT_INJECTION -DROS_PACKAGE_NAME=\"rclc\" -DSPDLOG_COMPILED_LIB -Drclc_EXPORTS -I/home/ineogi2/ws/Biorobotics/micro_ros/src/uros/rclc/rclc/include -I/home/ineogi2/ws/Biorobotics/micro_ros/src/uros/rclc/rclc/src -isystem /opt/ros/foxy/include -isystem /home/ineogi2/ws/Biorobotics/micro_ros/install/builtin_interfaces/include  -fPIC   -Wall -Wextra -Wpedantic -std=gnu11 -o CMakeFiles/rclc.dir/src/rclc/node.c.o   -c /home/ineogi2/ws/Biorobotics/micro_ros/src/uros/rclc/rclc/src/rclc/node.c
[1.306s] [ 72%] [32mBuilding C object CMakeFiles/rclc.dir/src/rclc/sleep.c.o[0m
[1.307s] /usr/bin/cc -DDEFAULT_RMW_IMPLEMENTATION=rmw_fastrtps_cpp -DRCLC_BUILDING_LIBRARY -DRCUTILS_ENABLE_FAULT_INJECTION -DROS_PACKAGE_NAME=\"rclc\" -DSPDLOG_COMPILED_LIB -Drclc_EXPORTS -I/home/ineogi2/ws/Biorobotics/micro_ros/src/uros/rclc/rclc/include -I/home/ineogi2/ws/Biorobotics/micro_ros/src/uros/rclc/rclc/src -isystem /opt/ros/foxy/include -isystem /home/ineogi2/ws/Biorobotics/micro_ros/install/builtin_interfaces/include  -fPIC   -Wall -Wextra -Wpedantic -std=gnu11 -o CMakeFiles/rclc.dir/src/rclc/sleep.c.o   -c /home/ineogi2/ws/Biorobotics/micro_ros/src/uros/rclc/rclc/src/rclc/sleep.c
[1.308s] [ 81%] [32mBuilding C object CMakeFiles/rclc.dir/src/rclc/executor.c.o[0m
[1.309s] /usr/bin/cc -DDEFAULT_RMW_IMPLEMENTATION=rmw_fastrtps_cpp -DRCLC_BUILDING_LIBRARY -DRCUTILS_ENABLE_FAULT_INJECTION -DROS_PACKAGE_NAME=\"rclc\" -DSPDLOG_COMPILED_LIB -Drclc_EXPORTS -I/home/ineogi2/ws/Biorobotics/micro_ros/src/uros/rclc/rclc/include -I/home/ineogi2/ws/Biorobotics/micro_ros/src/uros/rclc/rclc/src -isystem /opt/ros/foxy/include -isystem /home/ineogi2/ws/Biorobotics/micro_ros/install/builtin_interfaces/include  -fPIC   -Wall -Wextra -Wpedantic -std=gnu11 -o CMakeFiles/rclc.dir/src/rclc/executor.c.o   -c /home/ineogi2/ws/Biorobotics/micro_ros/src/uros/rclc/rclc/src/rclc/executor.c
[1.317s] [ 90%] [32mBuilding C object CMakeFiles/rclc.dir/src/rclc/executor_handle.c.o[0m
[1.318s] /usr/bin/cc -DDEFAULT_RMW_IMPLEMENTATION=rmw_fastrtps_cpp -DRCLC_BUILDING_LIBRARY -DRCUTILS_ENABLE_FAULT_INJECTION -DROS_PACKAGE_NAME=\"rclc\" -DSPDLOG_COMPILED_LIB -Drclc_EXPORTS -I/home/ineogi2/ws/Biorobotics/micro_ros/src/uros/rclc/rclc/include -I/home/ineogi2/ws/Biorobotics/micro_ros/src/uros/rclc/rclc/src -isystem /opt/ros/foxy/include -isystem /home/ineogi2/ws/Biorobotics/micro_ros/install/builtin_interfaces/include  -fPIC   -Wall -Wextra -Wpedantic -std=gnu11 -o CMakeFiles/rclc.dir/src/rclc/executor_handle.c.o   -c /home/ineogi2/ws/Biorobotics/micro_ros/src/uros/rclc/rclc/src/rclc/executor_handle.c
[1.468s] [100%] [32m[1mLinking C shared library librclc.so[0m
[1.469s] /usr/bin/cmake -E cmake_link_script CMakeFiles/rclc.dir/link.txt --verbose=1
[1.479s] /usr/bin/cc -fPIC   -shared -Wl,-soname,librclc.so -o librclc.so CMakeFiles/rclc.dir/src/rclc/init.c.o CMakeFiles/rclc.dir/src/rclc/publisher.c.o CMakeFiles/rclc.dir/src/rclc/subscription.c.o CMakeFiles/rclc.dir/src/rclc/client.c.o CMakeFiles/rclc.dir/src/rclc/service.c.o CMakeFiles/rclc.dir/src/rclc/timer.c.o CMakeFiles/rclc.dir/src/rclc/node.c.o CMakeFiles/rclc.dir/src/rclc/executor_handle.c.o CMakeFiles/rclc.dir/src/rclc/executor.c.o CMakeFiles/rclc.dir/src/rclc/sleep.c.o  -Wl,-rpath,/home/ineogi2/ws/Biorobotics/micro_ros/install/builtin_interfaces/lib:/opt/ros/foxy/lib: -lpthread /opt/ros/foxy/lib/librcl.so /opt/ros/foxy/lib/librosidl_runtime_c.so /opt/ros/foxy/lib/librcl_interfaces__rosidl_typesupport_introspection_c.so /opt/ros/foxy/lib/librcl_interfaces__rosidl_generator_c.so /opt/ros/foxy/lib/librcl_interfaces__rosidl_typesupport_c.so /opt/ros/foxy/lib/librcl_interfaces__rosidl_typesupport_introspection_cpp.so /opt/ros/foxy/lib/librcl_interfaces__rosidl_typesupport_cpp.so /home/ineogi2/ws/Biorobotics/micro_ros/install/builtin_interfaces/lib/libbuiltin_interfaces__rosidl_typesupport_introspection_c.so /home/ineogi2/ws/Biorobotics/micro_ros/install/builtin_interfaces/lib/libbuiltin_interfaces__rosidl_generator_c.so /home/ineogi2/ws/Biorobotics/micro_ros/install/builtin_interfaces/lib/libbuiltin_interfaces__rosidl_typesupport_c.so /home/ineogi2/ws/Biorobotics/micro_ros/install/builtin_interfaces/lib/libbuiltin_interfaces__rosidl_typesupport_introspection_cpp.so /opt/ros/foxy/lib/librosidl_typesupport_introspection_cpp.so /opt/ros/foxy/lib/librosidl_typesupport_introspection_c.so /home/ineogi2/ws/Biorobotics/micro_ros/install/builtin_interfaces/lib/libbuiltin_interfaces__rosidl_typesupport_cpp.so /opt/ros/foxy/lib/librosidl_typesupport_cpp.so /opt/ros/foxy/lib/librosidl_typesupport_c.so /opt/ros/foxy/lib/librcl_yaml_param_parser.so /opt/ros/foxy/lib/libyaml.so /opt/ros/foxy/lib/librmw_implementation.so /opt/ros/foxy/lib/librmw.so /opt/ros/foxy/lib/librcl_logging_spdlog.so /opt/ros/foxy/lib/librcpputils.so /usr/lib/x86_64-linux-gnu/libspdlog.so.1.5.0 -lpthread /opt/ros/foxy/lib/librosidl_runtime_c.so /opt/ros/foxy/lib/librcutils.so -ldl /opt/ros/foxy/lib/libtracetools.so 
[1.502s] make[2]: Leaving directory '/home/ineogi2/ws/Biorobotics/micro_ros/build/rclc'
[1.510s] [100%] Built target rclc
[1.511s] make[1]: Leaving directory '/home/ineogi2/ws/Biorobotics/micro_ros/build/rclc'
[1.511s] /usr/bin/cmake -E cmake_progress_start /home/ineogi2/ws/Biorobotics/micro_ros/build/rclc/CMakeFiles 0
[1.522s] Invoked command in '/home/ineogi2/ws/Biorobotics/micro_ros/build/rclc' returned '0': AMENT_PREFIX_PATH=/home/ineogi2/ws/Biorobotics/micro_ros/install/test_msgs:/home/ineogi2/ws/Biorobotics/micro_ros/install/example_interfaces:/home/ineogi2/ws/Biorobotics/micro_ros/install/std_msgs:/home/ineogi2/ws/Biorobotics/micro_ros/install/action_msgs:/home/ineogi2/ws/Biorobotics/micro_ros/install/unique_identifier_msgs:/home/ineogi2/ws/Biorobotics/micro_ros/install/builtin_interfaces:${AMENT_PREFIX_PATH} CMAKE_PREFIX_PATH=/home/ineogi2/ws/Biorobotics/micro_ros/install/test_msgs:/home/ineogi2/ws/Biorobotics/micro_ros/install/example_interfaces:/home/ineogi2/ws/Biorobotics/micro_ros/install/std_msgs:/home/ineogi2/ws/Biorobotics/micro_ros/install/action_msgs:/home/ineogi2/ws/Biorobotics/micro_ros/install/unique_identifier_msgs:/home/ineogi2/ws/Biorobotics/micro_ros/install/builtin_interfaces:/home/ineogi2/ws/Biorobotics/micro_ros/install/rosidl_typesupport_microxrcedds_cpp:/home/ineogi2/ws/Biorobotics/micro_ros/install/rosidl_typesupport_microxrcedds_c:/home/ineogi2/ws/Biorobotics/micro_ros/install/microcdr:/home/ineogi2/ws/Biorobotics/micro_ros/install/micro_ros_setup:/home/ineogi2/ws/Biorobotics/ros2_ws/install/realsense2_description:/home/ineogi2/ws/Biorobotics/ros2_ws/install/realsense2_camera:/home/ineogi2/ws/Biorobotics/ros2_ws/install/realsense2_camera_msgs:/home/ineogi2/ws/Biorobotics/ros2_ws/install/ros_image:/opt/ros/foxy LD_LIBRARY_PATH=/home/ineogi2/ws/Biorobotics/micro_ros/install/test_msgs/lib:/home/ineogi2/ws/Biorobotics/micro_ros/install/example_interfaces/lib:/home/ineogi2/ws/Biorobotics/micro_ros/install/std_msgs/lib:/home/ineogi2/ws/Biorobotics/micro_ros/install/action_msgs/lib:/home/ineogi2/ws/Biorobotics/micro_ros/install/unique_identifier_msgs/lib:/home/ineogi2/ws/Biorobotics/micro_ros/install/builtin_interfaces/lib:${LD_LIBRARY_PATH} PYTHONPATH=/home/ineogi2/ws/Biorobotics/micro_ros/install/test_msgs/lib/python3.8/site-packages:/home/ineogi2/ws/Biorobotics/micro_ros/install/example_interfaces/lib/python3.8/site-packages:/home/ineogi2/ws/Biorobotics/micro_ros/install/std_msgs/lib/python3.8/site-packages:/home/ineogi2/ws/Biorobotics/micro_ros/install/action_msgs/lib/python3.8/site-packages:/home/ineogi2/ws/Biorobotics/micro_ros/install/unique_identifier_msgs/lib/python3.8/site-packages:/home/ineogi2/ws/Biorobotics/micro_ros/install/builtin_interfaces/lib/python3.8/site-packages:${PYTHONPATH} /usr/bin/cmake --build /home/ineogi2/ws/Biorobotics/micro_ros/build/rclc -- -j12 -l12
[1.555s] Invoking command in '/home/ineogi2/ws/Biorobotics/micro_ros/build/rclc': AMENT_PREFIX_PATH=/home/ineogi2/ws/Biorobotics/micro_ros/install/test_msgs:/home/ineogi2/ws/Biorobotics/micro_ros/install/example_interfaces:/home/ineogi2/ws/Biorobotics/micro_ros/install/std_msgs:/home/ineogi2/ws/Biorobotics/micro_ros/install/action_msgs:/home/ineogi2/ws/Biorobotics/micro_ros/install/unique_identifier_msgs:/home/ineogi2/ws/Biorobotics/micro_ros/install/builtin_interfaces:${AMENT_PREFIX_PATH} CMAKE_PREFIX_PATH=/home/ineogi2/ws/Biorobotics/micro_ros/install/test_msgs:/home/ineogi2/ws/Biorobotics/micro_ros/install/example_interfaces:/home/ineogi2/ws/Biorobotics/micro_ros/install/std_msgs:/home/ineogi2/ws/Biorobotics/micro_ros/install/action_msgs:/home/ineogi2/ws/Biorobotics/micro_ros/install/unique_identifier_msgs:/home/ineogi2/ws/Biorobotics/micro_ros/install/builtin_interfaces:/home/ineogi2/ws/Biorobotics/micro_ros/install/rosidl_typesupport_microxrcedds_cpp:/home/ineogi2/ws/Biorobotics/micro_ros/install/rosidl_typesupport_microxrcedds_c:/home/ineogi2/ws/Biorobotics/micro_ros/install/microcdr:/home/ineogi2/ws/Biorobotics/micro_ros/install/micro_ros_setup:/home/ineogi2/ws/Biorobotics/ros2_ws/install/realsense2_description:/home/ineogi2/ws/Biorobotics/ros2_ws/install/realsense2_camera:/home/ineogi2/ws/Biorobotics/ros2_ws/install/realsense2_camera_msgs:/home/ineogi2/ws/Biorobotics/ros2_ws/install/ros_image:/opt/ros/foxy LD_LIBRARY_PATH=/home/ineogi2/ws/Biorobotics/micro_ros/install/test_msgs/lib:/home/ineogi2/ws/Biorobotics/micro_ros/install/example_interfaces/lib:/home/ineogi2/ws/Biorobotics/micro_ros/install/std_msgs/lib:/home/ineogi2/ws/Biorobotics/micro_ros/install/action_msgs/lib:/home/ineogi2/ws/Biorobotics/micro_ros/install/unique_identifier_msgs/lib:/home/ineogi2/ws/Biorobotics/micro_ros/install/builtin_interfaces/lib:${LD_LIBRARY_PATH} PYTHONPATH=/home/ineogi2/ws/Biorobotics/micro_ros/install/test_msgs/lib/python3.8/site-packages:/home/ineogi2/ws/Biorobotics/micro_ros/install/example_interfaces/lib/python3.8/site-packages:/home/ineogi2/ws/Biorobotics/micro_ros/install/std_msgs/lib/python3.8/site-packages:/home/ineogi2/ws/Biorobotics/micro_ros/install/action_msgs/lib/python3.8/site-packages:/home/ineogi2/ws/Biorobotics/micro_ros/install/unique_identifier_msgs/lib/python3.8/site-packages:/home/ineogi2/ws/Biorobotics/micro_ros/install/builtin_interfaces/lib/python3.8/site-packages:${PYTHONPATH} /usr/bin/cmake --install /home/ineogi2/ws/Biorobotics/micro_ros/build/rclc
[1.563s] -- Install configuration: ""
[1.563s] -- Installing: /home/ineogi2/ws/Biorobotics/micro_ros/install/rclc/lib/librclc.so
[1.564s] -- Set runtime path of "/home/ineogi2/ws/Biorobotics/micro_ros/install/rclc/lib/librclc.so" to ""
[1.564s] -- Installing: /home/ineogi2/ws/Biorobotics/micro_ros/install/rclc/include
[1.564s] -- Installing: /home/ineogi2/ws/Biorobotics/micro_ros/install/rclc/include/rclc
[1.564s] -- Installing: /home/ineogi2/ws/Biorobotics/micro_ros/install/rclc/include/rclc/rclc.h
[1.564s] -- Installing: /home/ineogi2/ws/Biorobotics/micro_ros/install/rclc/include/rclc/init.h
[1.564s] -- Installing: /home/ineogi2/ws/Biorobotics/micro_ros/install/rclc/include/rclc/node.h
[1.564s] -- Installing: /home/ineogi2/ws/Biorobotics/micro_ros/install/rclc/include/rclc/types.h
[1.565s] -- Installing: /home/ineogi2/ws/Biorobotics/micro_ros/install/rclc/include/rclc/client.h
[1.565s] -- Installing: /home/ineogi2/ws/Biorobotics/micro_ros/install/rclc/include/rclc/subscription.h
[1.565s] -- Installing: /home/ineogi2/ws/Biorobotics/micro_ros/install/rclc/include/rclc/publisher.h
[1.565s] -- Installing: /home/ineogi2/ws/Biorobotics/micro_ros/install/rclc/include/rclc/executor.h
[1.565s] -- Installing: /home/ineogi2/ws/Biorobotics/micro_ros/install/rclc/include/rclc/visibility_control.h
[1.565s] -- Installing: /home/ineogi2/ws/Biorobotics/micro_ros/install/rclc/include/rclc/timer.h
[1.565s] -- Installing: /home/ineogi2/ws/Biorobotics/micro_ros/install/rclc/include/rclc/service.h
[1.566s] -- Installing: /home/ineogi2/ws/Biorobotics/micro_ros/install/rclc/include/rclc/sleep.h
[1.566s] -- Installing: /home/ineogi2/ws/Biorobotics/micro_ros/install/rclc/include/rclc/executor_handle.h
[1.566s] -- Installing: /home/ineogi2/ws/Biorobotics/micro_ros/install/rclc/share/rclc/environment/library_path.sh
[1.566s] -- Installing: /home/ineogi2/ws/Biorobotics/micro_ros/install/rclc/share/rclc/environment/library_path.dsv
[1.566s] -- Installing: /home/ineogi2/ws/Biorobotics/micro_ros/install/rclc/share/ament_index/resource_index/package_run_dependencies/rclc
[1.566s] -- Installing: /home/ineogi2/ws/Biorobotics/micro_ros/install/rclc/share/ament_index/resource_index/parent_prefix_path/rclc
[1.566s] -- Installing: /home/ineogi2/ws/Biorobotics/micro_ros/install/rclc/share/rclc/environment/ament_prefix_path.sh
[1.566s] -- Installing: /home/ineogi2/ws/Biorobotics/micro_ros/install/rclc/share/rclc/environment/ament_prefix_path.dsv
[1.567s] -- Installing: /home/ineogi2/ws/Biorobotics/micro_ros/install/rclc/share/rclc/environment/path.sh
[1.567s] -- Installing: /home/ineogi2/ws/Biorobotics/micro_ros/install/rclc/share/rclc/environment/path.dsv
[1.567s] -- Installing: /home/ineogi2/ws/Biorobotics/micro_ros/install/rclc/share/rclc/local_setup.bash
[1.567s] -- Installing: /home/ineogi2/ws/Biorobotics/micro_ros/install/rclc/share/rclc/local_setup.sh
[1.567s] -- Installing: /home/ineogi2/ws/Biorobotics/micro_ros/install/rclc/share/rclc/local_setup.zsh
[1.567s] -- Installing: /home/ineogi2/ws/Biorobotics/micro_ros/install/rclc/share/rclc/local_setup.dsv
[1.567s] -- Installing: /home/ineogi2/ws/Biorobotics/micro_ros/install/rclc/share/rclc/package.dsv
[1.567s] -- Installing: /home/ineogi2/ws/Biorobotics/micro_ros/install/rclc/share/ament_index/resource_index/packages/rclc
[1.568s] -- Installing: /home/ineogi2/ws/Biorobotics/micro_ros/install/rclc/share/rclc/cmake/rclcExport.cmake
[1.568s] -- Installing: /home/ineogi2/ws/Biorobotics/micro_ros/install/rclc/share/rclc/cmake/rclcExport-noconfig.cmake
[1.568s] -- Installing: /home/ineogi2/ws/Biorobotics/micro_ros/install/rclc/share/rclc/cmake/ament_cmake_export_include_directories-extras.cmake
[1.568s] -- Installing: /home/ineogi2/ws/Biorobotics/micro_ros/install/rclc/share/rclc/cmake/ament_cmake_export_libraries-extras.cmake
[1.568s] -- Installing: /home/ineogi2/ws/Biorobotics/micro_ros/install/rclc/share/rclc/cmake/ament_cmake_export_targets-extras.cmake
[1.568s] -- Installing: /home/ineogi2/ws/Biorobotics/micro_ros/install/rclc/share/rclc/cmake/ament_cmake_export_dependencies-extras.cmake
[1.568s] -- Installing: /home/ineogi2/ws/Biorobotics/micro_ros/install/rclc/share/rclc/cmake/rclcConfig.cmake
[1.569s] -- Installing: /home/ineogi2/ws/Biorobotics/micro_ros/install/rclc/share/rclc/cmake/rclcConfig-version.cmake
[1.569s] -- Installing: /home/ineogi2/ws/Biorobotics/micro_ros/install/rclc/share/rclc/package.xml
[1.571s] Invoked command in '/home/ineogi2/ws/Biorobotics/micro_ros/build/rclc' returned '0': AMENT_PREFIX_PATH=/home/ineogi2/ws/Biorobotics/micro_ros/install/test_msgs:/home/ineogi2/ws/Biorobotics/micro_ros/install/example_interfaces:/home/ineogi2/ws/Biorobotics/micro_ros/install/std_msgs:/home/ineogi2/ws/Biorobotics/micro_ros/install/action_msgs:/home/ineogi2/ws/Biorobotics/micro_ros/install/unique_identifier_msgs:/home/ineogi2/ws/Biorobotics/micro_ros/install/builtin_interfaces:${AMENT_PREFIX_PATH} CMAKE_PREFIX_PATH=/home/ineogi2/ws/Biorobotics/micro_ros/install/test_msgs:/home/ineogi2/ws/Biorobotics/micro_ros/install/example_interfaces:/home/ineogi2/ws/Biorobotics/micro_ros/install/std_msgs:/home/ineogi2/ws/Biorobotics/micro_ros/install/action_msgs:/home/ineogi2/ws/Biorobotics/micro_ros/install/unique_identifier_msgs:/home/ineogi2/ws/Biorobotics/micro_ros/install/builtin_interfaces:/home/ineogi2/ws/Biorobotics/micro_ros/install/rosidl_typesupport_microxrcedds_cpp:/home/ineogi2/ws/Biorobotics/micro_ros/install/rosidl_typesupport_microxrcedds_c:/home/ineogi2/ws/Biorobotics/micro_ros/install/microcdr:/home/ineogi2/ws/Biorobotics/micro_ros/install/micro_ros_setup:/home/ineogi2/ws/Biorobotics/ros2_ws/install/realsense2_description:/home/ineogi2/ws/Biorobotics/ros2_ws/install/realsense2_camera:/home/ineogi2/ws/Biorobotics/ros2_ws/install/realsense2_camera_msgs:/home/ineogi2/ws/Biorobotics/ros2_ws/install/ros_image:/opt/ros/foxy LD_LIBRARY_PATH=/home/ineogi2/ws/Biorobotics/micro_ros/install/test_msgs/lib:/home/ineogi2/ws/Biorobotics/micro_ros/install/example_interfaces/lib:/home/ineogi2/ws/Biorobotics/micro_ros/install/std_msgs/lib:/home/ineogi2/ws/Biorobotics/micro_ros/install/action_msgs/lib:/home/ineogi2/ws/Biorobotics/micro_ros/install/unique_identifier_msgs/lib:/home/ineogi2/ws/Biorobotics/micro_ros/install/builtin_interfaces/lib:${LD_LIBRARY_PATH} PYTHONPATH=/home/ineogi2/ws/Biorobotics/micro_ros/install/test_msgs/lib/python3.8/site-packages:/home/ineogi2/ws/Biorobotics/micro_ros/install/example_interfaces/lib/python3.8/site-packages:/home/ineogi2/ws/Biorobotics/micro_ros/install/std_msgs/lib/python3.8/site-packages:/home/ineogi2/ws/Biorobotics/micro_ros/install/action_msgs/lib/python3.8/site-packages:/home/ineogi2/ws/Biorobotics/micro_ros/install/unique_identifier_msgs/lib/python3.8/site-packages:/home/ineogi2/ws/Biorobotics/micro_ros/install/builtin_interfaces/lib/python3.8/site-packages:${PYTHONPATH} /usr/bin/cmake --install /home/ineogi2/ws/Biorobotics/micro_ros/build/rclc
