[0.118s] DEBUG:colcon:Command line arguments: ['/usr/bin/colcon', 'build', '--symlink-install']
[0.118s] DEBUG:colcon:Parsed command line arguments: Namespace(allow_overriding=[], ament_cmake_args=None, base_paths=['.'], build_base='build', catkin_cmake_args=None, catkin_skip_building_tests=False, cmake_args=None, cmake_clean_cache=False, cmake_clean_first=False, cmake_force_configure=False, cmake_target=None, cmake_target_skip_unavailable=False, continue_on_error=False, event_handlers=None, executor='parallel', ignore_user_meta=False, install_base='install', log_base=None, log_level=None, main=<bound method BuildVerb.main of <colcon_core.verb.build.BuildVerb object at 0x7f27a9a09cd0>>, merge_install=False, metas=['./colcon.meta'], packages_above=None, packages_above_and_dependencies=None, packages_above_depth=None, packages_end=None, packages_ignore=None, packages_ignore_regex=None, packages_select=None, packages_select_build_failed=False, packages_select_by_dep=None, packages_select_regex=None, packages_select_test_failures=False, packages_skip=None, packages_skip_build_finished=False, packages_skip_by_dep=None, packages_skip_regex=None, packages_skip_test_passed=False, packages_skip_up_to=None, packages_start=None, packages_up_to=None, packages_up_to_regex=None, parallel_workers=12, paths=None, symlink_install=True, test_result_base=None, verb_extension=<colcon_core.verb.build.BuildVerb object at 0x7f27a9a09cd0>, verb_name='build', verb_parser=<colcon_defaults.argument_parser.defaults.DefaultArgumentsDecorator object at 0x7f27a9a13280>)
[0.135s] Level 1:colcon.colcon_core.package_discovery:discover_packages(colcon_meta) check parameters
[0.136s] Level 1:colcon.colcon_core.package_discovery:discover_packages(recursive) check parameters
[0.136s] Level 1:colcon.colcon_core.package_discovery:discover_packages(ignore) check parameters
[0.136s] Level 1:colcon.colcon_core.package_discovery:discover_packages(path) check parameters
[0.136s] Level 1:colcon.colcon_core.package_discovery:discover_packages(colcon_meta) discover
[0.136s] Level 1:colcon.colcon_core.package_discovery:discover_packages(recursive) discover
[0.136s] INFO:colcon.colcon_core.package_discovery:Crawling recursively for packages in '/home/ineogi2/Biorobotics/ros2_ws'
[0.136s] Level 1:colcon.colcon_core.package_identification:_identify(.) by extensions ['ignore', 'ignore_ament_install']
[0.136s] Level 1:colcon.colcon_core.package_identification:_identify(.) by extension 'ignore'
[0.136s] Level 1:colcon.colcon_core.package_identification:_identify(.) by extension 'ignore_ament_install'
[0.136s] Level 1:colcon.colcon_core.package_identification:_identify(.) by extensions ['colcon_pkg']
[0.136s] Level 1:colcon.colcon_core.package_identification:_identify(.) by extension 'colcon_pkg'
[0.136s] Level 1:colcon.colcon_core.package_identification:_identify(.) by extensions ['colcon_meta']
[0.136s] Level 1:colcon.colcon_core.package_identification:_identify(.) by extension 'colcon_meta'
[0.136s] Level 1:colcon.colcon_core.package_identification:_identify(.) by extensions ['ros']
[0.136s] Level 1:colcon.colcon_core.package_identification:_identify(.) by extension 'ros'
[0.149s] Level 1:colcon.colcon_core.package_identification:_identify(.) by extensions ['cmake', 'python']
[0.149s] Level 1:colcon.colcon_core.package_identification:_identify(.) by extension 'cmake'
[0.149s] Level 1:colcon.colcon_core.package_identification:_identify(.) by extension 'python'
[0.149s] Level 1:colcon.colcon_core.package_identification:_identify(.) by extensions ['python_setup_py']
[0.149s] Level 1:colcon.colcon_core.package_identification:_identify(.) by extension 'python_setup_py'
[0.149s] Level 1:colcon.colcon_core.package_identification:_identify(build) by extensions ['ignore', 'ignore_ament_install']
[0.149s] Level 1:colcon.colcon_core.package_identification:_identify(build) by extension 'ignore'
[0.149s] Level 1:colcon.colcon_core.package_identification:_identify(build) ignored
[0.150s] Level 1:colcon.colcon_core.package_identification:_identify(install) by extensions ['ignore', 'ignore_ament_install']
[0.150s] Level 1:colcon.colcon_core.package_identification:_identify(install) by extension 'ignore'
[0.150s] Level 1:colcon.colcon_core.package_identification:_identify(install) ignored
[0.150s] Level 1:colcon.colcon_core.package_identification:_identify(log) by extensions ['ignore', 'ignore_ament_install']
[0.150s] Level 1:colcon.colcon_core.package_identification:_identify(log) by extension 'ignore'
[0.150s] Level 1:colcon.colcon_core.package_identification:_identify(log) ignored
[0.150s] Level 1:colcon.colcon_core.package_identification:_identify(src) by extensions ['ignore', 'ignore_ament_install']
[0.150s] Level 1:colcon.colcon_core.package_identification:_identify(src) by extension 'ignore'
[0.150s] Level 1:colcon.colcon_core.package_identification:_identify(src) by extension 'ignore_ament_install'
[0.150s] Level 1:colcon.colcon_core.package_identification:_identify(src) by extensions ['colcon_pkg']
[0.150s] Level 1:colcon.colcon_core.package_identification:_identify(src) by extension 'colcon_pkg'
[0.150s] Level 1:colcon.colcon_core.package_identification:_identify(src) by extensions ['colcon_meta']
[0.150s] Level 1:colcon.colcon_core.package_identification:_identify(src) by extension 'colcon_meta'
[0.150s] Level 1:colcon.colcon_core.package_identification:_identify(src) by extensions ['ros']
[0.150s] Level 1:colcon.colcon_core.package_identification:_identify(src) by extension 'ros'
[0.150s] Level 1:colcon.colcon_core.package_identification:_identify(src) by extensions ['cmake', 'python']
[0.150s] Level 1:colcon.colcon_core.package_identification:_identify(src) by extension 'cmake'
[0.150s] Level 1:colcon.colcon_core.package_identification:_identify(src) by extension 'python'
[0.151s] Level 1:colcon.colcon_core.package_identification:_identify(src) by extensions ['python_setup_py']
[0.151s] Level 1:colcon.colcon_core.package_identification:_identify(src) by extension 'python_setup_py'
[0.151s] Level 1:colcon.colcon_core.package_identification:_identify(src/build) by extensions ['ignore', 'ignore_ament_install']
[0.151s] Level 1:colcon.colcon_core.package_identification:_identify(src/build) by extension 'ignore'
[0.151s] Level 1:colcon.colcon_core.package_identification:_identify(src/build) ignored
[0.151s] Level 1:colcon.colcon_core.package_identification:_identify(src/install) by extensions ['ignore', 'ignore_ament_install']
[0.151s] Level 1:colcon.colcon_core.package_identification:_identify(src/install) by extension 'ignore'
[0.151s] Level 1:colcon.colcon_core.package_identification:_identify(src/install) ignored
[0.151s] Level 1:colcon.colcon_core.package_identification:_identify(src/log) by extensions ['ignore', 'ignore_ament_install']
[0.151s] Level 1:colcon.colcon_core.package_identification:_identify(src/log) by extension 'ignore'
[0.151s] Level 1:colcon.colcon_core.package_identification:_identify(src/log) ignored
[0.151s] Level 1:colcon.colcon_core.package_identification:_identify(src/realsense-ros) by extensions ['ignore', 'ignore_ament_install']
[0.151s] Level 1:colcon.colcon_core.package_identification:_identify(src/realsense-ros) by extension 'ignore'
[0.151s] Level 1:colcon.colcon_core.package_identification:_identify(src/realsense-ros) by extension 'ignore_ament_install'
[0.151s] Level 1:colcon.colcon_core.package_identification:_identify(src/realsense-ros) by extensions ['colcon_pkg']
[0.151s] Level 1:colcon.colcon_core.package_identification:_identify(src/realsense-ros) by extension 'colcon_pkg'
[0.151s] Level 1:colcon.colcon_core.package_identification:_identify(src/realsense-ros) by extensions ['colcon_meta']
[0.151s] Level 1:colcon.colcon_core.package_identification:_identify(src/realsense-ros) by extension 'colcon_meta'
[0.151s] Level 1:colcon.colcon_core.package_identification:_identify(src/realsense-ros) by extensions ['ros']
[0.151s] Level 1:colcon.colcon_core.package_identification:_identify(src/realsense-ros) by extension 'ros'
[0.151s] Level 1:colcon.colcon_core.package_identification:_identify(src/realsense-ros) by extensions ['cmake', 'python']
[0.151s] Level 1:colcon.colcon_core.package_identification:_identify(src/realsense-ros) by extension 'cmake'
[0.152s] Level 1:colcon.colcon_core.package_identification:_identify(src/realsense-ros) by extension 'python'
[0.152s] Level 1:colcon.colcon_core.package_identification:_identify(src/realsense-ros) by extensions ['python_setup_py']
[0.152s] Level 1:colcon.colcon_core.package_identification:_identify(src/realsense-ros) by extension 'python_setup_py'
[0.152s] Level 1:colcon.colcon_core.package_identification:_identify(src/realsense-ros/realsense2_camera) by extensions ['ignore', 'ignore_ament_install']
[0.152s] Level 1:colcon.colcon_core.package_identification:_identify(src/realsense-ros/realsense2_camera) by extension 'ignore'
[0.152s] Level 1:colcon.colcon_core.package_identification:_identify(src/realsense-ros/realsense2_camera) by extension 'ignore_ament_install'
[0.152s] Level 1:colcon.colcon_core.package_identification:_identify(src/realsense-ros/realsense2_camera) by extensions ['colcon_pkg']
[0.152s] Level 1:colcon.colcon_core.package_identification:_identify(src/realsense-ros/realsense2_camera) by extension 'colcon_pkg'
[0.152s] Level 1:colcon.colcon_core.package_identification:_identify(src/realsense-ros/realsense2_camera) by extensions ['colcon_meta']
[0.152s] Level 1:colcon.colcon_core.package_identification:_identify(src/realsense-ros/realsense2_camera) by extension 'colcon_meta'
[0.152s] Level 1:colcon.colcon_core.package_identification:_identify(src/realsense-ros/realsense2_camera) by extensions ['ros']
[0.152s] Level 1:colcon.colcon_core.package_identification:_identify(src/realsense-ros/realsense2_camera) by extension 'ros'
[0.154s] DEBUG:colcon.colcon_core.package_identification:Package 'src/realsense-ros/realsense2_camera' with type 'ros.ament_cmake' and name 'realsense2_camera'
[0.155s] Level 1:colcon.colcon_core.package_identification:_identify(src/realsense-ros/realsense2_camera_msgs) by extensions ['ignore', 'ignore_ament_install']
[0.155s] Level 1:colcon.colcon_core.package_identification:_identify(src/realsense-ros/realsense2_camera_msgs) by extension 'ignore'
[0.155s] Level 1:colcon.colcon_core.package_identification:_identify(src/realsense-ros/realsense2_camera_msgs) by extension 'ignore_ament_install'
[0.155s] Level 1:colcon.colcon_core.package_identification:_identify(src/realsense-ros/realsense2_camera_msgs) by extensions ['colcon_pkg']
[0.155s] Level 1:colcon.colcon_core.package_identification:_identify(src/realsense-ros/realsense2_camera_msgs) by extension 'colcon_pkg'
[0.155s] Level 1:colcon.colcon_core.package_identification:_identify(src/realsense-ros/realsense2_camera_msgs) by extensions ['colcon_meta']
[0.155s] Level 1:colcon.colcon_core.package_identification:_identify(src/realsense-ros/realsense2_camera_msgs) by extension 'colcon_meta'
[0.155s] Level 1:colcon.colcon_core.package_identification:_identify(src/realsense-ros/realsense2_camera_msgs) by extensions ['ros']
[0.155s] Level 1:colcon.colcon_core.package_identification:_identify(src/realsense-ros/realsense2_camera_msgs) by extension 'ros'
[0.155s] DEBUG:colcon.colcon_core.package_identification:Package 'src/realsense-ros/realsense2_camera_msgs' with type 'ros.ament_cmake' and name 'realsense2_camera_msgs'
[0.155s] Level 1:colcon.colcon_core.package_identification:_identify(src/realsense-ros/realsense2_description) by extensions ['ignore', 'ignore_ament_install']
[0.155s] Level 1:colcon.colcon_core.package_identification:_identify(src/realsense-ros/realsense2_description) by extension 'ignore'
[0.156s] Level 1:colcon.colcon_core.package_identification:_identify(src/realsense-ros/realsense2_description) by extension 'ignore_ament_install'
[0.156s] Level 1:colcon.colcon_core.package_identification:_identify(src/realsense-ros/realsense2_description) by extensions ['colcon_pkg']
[0.156s] Level 1:colcon.colcon_core.package_identification:_identify(src/realsense-ros/realsense2_description) by extension 'colcon_pkg'
[0.156s] Level 1:colcon.colcon_core.package_identification:_identify(src/realsense-ros/realsense2_description) by extensions ['colcon_meta']
[0.156s] Level 1:colcon.colcon_core.package_identification:_identify(src/realsense-ros/realsense2_description) by extension 'colcon_meta'
[0.156s] Level 1:colcon.colcon_core.package_identification:_identify(src/realsense-ros/realsense2_description) by extensions ['ros']
[0.156s] Level 1:colcon.colcon_core.package_identification:_identify(src/realsense-ros/realsense2_description) by extension 'ros'
[0.156s] DEBUG:colcon.colcon_core.package_identification:Package 'src/realsense-ros/realsense2_description' with type 'ros.ament_cmake' and name 'realsense2_description'
[0.156s] Level 1:colcon.colcon_core.package_identification:_identify(src/realsense-ros/scripts) by extensions ['ignore', 'ignore_ament_install']
[0.156s] Level 1:colcon.colcon_core.package_identification:_identify(src/realsense-ros/scripts) by extension 'ignore'
[0.156s] Level 1:colcon.colcon_core.package_identification:_identify(src/realsense-ros/scripts) by extension 'ignore_ament_install'
[0.157s] Level 1:colcon.colcon_core.package_identification:_identify(src/realsense-ros/scripts) by extensions ['colcon_pkg']
[0.157s] Level 1:colcon.colcon_core.package_identification:_identify(src/realsense-ros/scripts) by extension 'colcon_pkg'
[0.157s] Level 1:colcon.colcon_core.package_identification:_identify(src/realsense-ros/scripts) by extensions ['colcon_meta']
[0.157s] Level 1:colcon.colcon_core.package_identification:_identify(src/realsense-ros/scripts) by extension 'colcon_meta'
[0.157s] Level 1:colcon.colcon_core.package_identification:_identify(src/realsense-ros/scripts) by extensions ['ros']
[0.157s] Level 1:colcon.colcon_core.package_identification:_identify(src/realsense-ros/scripts) by extension 'ros'
[0.157s] Level 1:colcon.colcon_core.package_identification:_identify(src/realsense-ros/scripts) by extensions ['cmake', 'python']
[0.157s] Level 1:colcon.colcon_core.package_identification:_identify(src/realsense-ros/scripts) by extension 'cmake'
[0.157s] Level 1:colcon.colcon_core.package_identification:_identify(src/realsense-ros/scripts) by extension 'python'
[0.157s] Level 1:colcon.colcon_core.package_identification:_identify(src/realsense-ros/scripts) by extensions ['python_setup_py']
[0.157s] Level 1:colcon.colcon_core.package_identification:_identify(src/realsense-ros/scripts) by extension 'python_setup_py'
[0.157s] Level 1:colcon.colcon_core.package_identification:_identify(src/ros_image) by extensions ['ignore', 'ignore_ament_install']
[0.157s] Level 1:colcon.colcon_core.package_identification:_identify(src/ros_image) by extension 'ignore'
[0.157s] Level 1:colcon.colcon_core.package_identification:_identify(src/ros_image) by extension 'ignore_ament_install'
[0.157s] Level 1:colcon.colcon_core.package_identification:_identify(src/ros_image) by extensions ['colcon_pkg']
[0.157s] Level 1:colcon.colcon_core.package_identification:_identify(src/ros_image) by extension 'colcon_pkg'
[0.157s] Level 1:colcon.colcon_core.package_identification:_identify(src/ros_image) by extensions ['colcon_meta']
[0.157s] Level 1:colcon.colcon_core.package_identification:_identify(src/ros_image) by extension 'colcon_meta'
[0.157s] Level 1:colcon.colcon_core.package_identification:_identify(src/ros_image) by extensions ['ros']
[0.157s] Level 1:colcon.colcon_core.package_identification:_identify(src/ros_image) by extension 'ros'
[0.158s] DEBUG:colcon.colcon_core.package_identification:Package 'src/ros_image' with type 'ros.ament_python' and name 'ros_image'
[0.158s] Level 1:colcon.colcon_core.package_discovery:discover_packages(recursive) using defaults
[0.158s] Level 1:colcon.colcon_core.package_discovery:discover_packages(ignore) discover
[0.158s] Level 1:colcon.colcon_core.package_discovery:discover_packages(ignore) using defaults
[0.158s] Level 1:colcon.colcon_core.package_discovery:discover_packages(path) discover
[0.158s] Level 1:colcon.colcon_core.package_discovery:discover_packages(path) using defaults
[0.174s] Level 1:colcon.colcon_core.package_discovery:discover_packages(prefix_path) check parameters
[0.174s] Level 1:colcon.colcon_core.package_discovery:discover_packages(prefix_path) discover
[0.176s] DEBUG:colcon.colcon_installed_package_information.package_discovery:Found 3 installed packages in /home/ineogi2/micro_ws/install
[0.177s] DEBUG:colcon.colcon_installed_package_information.package_discovery:Found 4 installed packages in /home/ineogi2/Biorobotics/ros2_ws/install
[0.179s] DEBUG:colcon.colcon_installed_package_information.package_discovery:Found 258 installed packages in /opt/ros/foxy
[0.180s] Level 1:colcon.colcon_core.package_discovery:discover_packages(prefix_path) using defaults
[0.231s] Level 5:colcon.colcon_core.verb:set package 'realsense2_camera_msgs' build argument 'cmake_args' from command line to 'None'
[0.231s] Level 5:colcon.colcon_core.verb:set package 'realsense2_camera_msgs' build argument 'cmake_target' from command line to 'None'
[0.231s] Level 5:colcon.colcon_core.verb:set package 'realsense2_camera_msgs' build argument 'cmake_target_skip_unavailable' from command line to 'False'
[0.231s] Level 5:colcon.colcon_core.verb:set package 'realsense2_camera_msgs' build argument 'cmake_clean_cache' from command line to 'False'
[0.231s] Level 5:colcon.colcon_core.verb:set package 'realsense2_camera_msgs' build argument 'cmake_clean_first' from command line to 'False'
[0.231s] Level 5:colcon.colcon_core.verb:set package 'realsense2_camera_msgs' build argument 'cmake_force_configure' from command line to 'False'
[0.231s] Level 5:colcon.colcon_core.verb:set package 'realsense2_camera_msgs' build argument 'ament_cmake_args' from command line to 'None'
[0.231s] Level 5:colcon.colcon_core.verb:set package 'realsense2_camera_msgs' build argument 'catkin_cmake_args' from command line to 'None'
[0.232s] Level 5:colcon.colcon_core.verb:set package 'realsense2_camera_msgs' build argument 'catkin_skip_building_tests' from command line to 'False'
[0.232s] DEBUG:colcon.colcon_core.verb:Building package 'realsense2_camera_msgs' with the following arguments: {'ament_cmake_args': None, 'build_base': '/home/ineogi2/Biorobotics/ros2_ws/build/realsense2_camera_msgs', 'catkin_cmake_args': None, 'catkin_skip_building_tests': False, 'cmake_args': None, 'cmake_clean_cache': False, 'cmake_clean_first': False, 'cmake_force_configure': False, 'cmake_target': None, 'cmake_target_skip_unavailable': False, 'install_base': '/home/ineogi2/Biorobotics/ros2_ws/install/realsense2_camera_msgs', 'merge_install': False, 'path': '/home/ineogi2/Biorobotics/ros2_ws/src/realsense-ros/realsense2_camera_msgs', 'symlink_install': True, 'test_result_base': None}
[0.233s] Level 5:colcon.colcon_core.verb:set package 'ros_image' build argument 'cmake_args' from command line to 'None'
[0.233s] Level 5:colcon.colcon_core.verb:set package 'ros_image' build argument 'cmake_target' from command line to 'None'
[0.233s] Level 5:colcon.colcon_core.verb:set package 'ros_image' build argument 'cmake_target_skip_unavailable' from command line to 'False'
[0.233s] Level 5:colcon.colcon_core.verb:set package 'ros_image' build argument 'cmake_clean_cache' from command line to 'False'
[0.233s] Level 5:colcon.colcon_core.verb:set package 'ros_image' build argument 'cmake_clean_first' from command line to 'False'
[0.233s] Level 5:colcon.colcon_core.verb:set package 'ros_image' build argument 'cmake_force_configure' from command line to 'False'
[0.233s] Level 5:colcon.colcon_core.verb:set package 'ros_image' build argument 'ament_cmake_args' from command line to 'None'
[0.233s] Level 5:colcon.colcon_core.verb:set package 'ros_image' build argument 'catkin_cmake_args' from command line to 'None'
[0.233s] Level 5:colcon.colcon_core.verb:set package 'ros_image' build argument 'catkin_skip_building_tests' from command line to 'False'
[0.233s] DEBUG:colcon.colcon_core.verb:Building package 'ros_image' with the following arguments: {'ament_cmake_args': None, 'build_base': '/home/ineogi2/Biorobotics/ros2_ws/build/ros_image', 'catkin_cmake_args': None, 'catkin_skip_building_tests': False, 'cmake_args': None, 'cmake_clean_cache': False, 'cmake_clean_first': False, 'cmake_force_configure': False, 'cmake_target': None, 'cmake_target_skip_unavailable': False, 'install_base': '/home/ineogi2/Biorobotics/ros2_ws/install/ros_image', 'merge_install': False, 'path': '/home/ineogi2/Biorobotics/ros2_ws/src/ros_image', 'symlink_install': True, 'test_result_base': None}
[0.234s] Level 5:colcon.colcon_core.verb:set package 'realsense2_camera' build argument 'cmake_args' from command line to 'None'
[0.234s] Level 5:colcon.colcon_core.verb:set package 'realsense2_camera' build argument 'cmake_target' from command line to 'None'
[0.234s] Level 5:colcon.colcon_core.verb:set package 'realsense2_camera' build argument 'cmake_target_skip_unavailable' from command line to 'False'
[0.234s] Level 5:colcon.colcon_core.verb:set package 'realsense2_camera' build argument 'cmake_clean_cache' from command line to 'False'
[0.234s] Level 5:colcon.colcon_core.verb:set package 'realsense2_camera' build argument 'cmake_clean_first' from command line to 'False'
[0.234s] Level 5:colcon.colcon_core.verb:set package 'realsense2_camera' build argument 'cmake_force_configure' from command line to 'False'
[0.234s] Level 5:colcon.colcon_core.verb:set package 'realsense2_camera' build argument 'ament_cmake_args' from command line to 'None'
[0.234s] Level 5:colcon.colcon_core.verb:set package 'realsense2_camera' build argument 'catkin_cmake_args' from command line to 'None'
[0.234s] Level 5:colcon.colcon_core.verb:set package 'realsense2_camera' build argument 'catkin_skip_building_tests' from command line to 'False'
[0.234s] DEBUG:colcon.colcon_core.verb:Building package 'realsense2_camera' with the following arguments: {'ament_cmake_args': None, 'build_base': '/home/ineogi2/Biorobotics/ros2_ws/build/realsense2_camera', 'catkin_cmake_args': None, 'catkin_skip_building_tests': False, 'cmake_args': None, 'cmake_clean_cache': False, 'cmake_clean_first': False, 'cmake_force_configure': False, 'cmake_target': None, 'cmake_target_skip_unavailable': False, 'install_base': '/home/ineogi2/Biorobotics/ros2_ws/install/realsense2_camera', 'merge_install': False, 'path': '/home/ineogi2/Biorobotics/ros2_ws/src/realsense-ros/realsense2_camera', 'symlink_install': True, 'test_result_base': None}
[0.235s] Level 5:colcon.colcon_core.verb:set package 'realsense2_description' build argument 'cmake_args' from command line to 'None'
[0.235s] Level 5:colcon.colcon_core.verb:set package 'realsense2_description' build argument 'cmake_target' from command line to 'None'
[0.235s] Level 5:colcon.colcon_core.verb:set package 'realsense2_description' build argument 'cmake_target_skip_unavailable' from command line to 'False'
[0.235s] Level 5:colcon.colcon_core.verb:set package 'realsense2_description' build argument 'cmake_clean_cache' from command line to 'False'
[0.235s] Level 5:colcon.colcon_core.verb:set package 'realsense2_description' build argument 'cmake_clean_first' from command line to 'False'
[0.235s] Level 5:colcon.colcon_core.verb:set package 'realsense2_description' build argument 'cmake_force_configure' from command line to 'False'
[0.236s] Level 5:colcon.colcon_core.verb:set package 'realsense2_description' build argument 'ament_cmake_args' from command line to 'None'
[0.236s] Level 5:colcon.colcon_core.verb:set package 'realsense2_description' build argument 'catkin_cmake_args' from command line to 'None'
[0.236s] Level 5:colcon.colcon_core.verb:set package 'realsense2_description' build argument 'catkin_skip_building_tests' from command line to 'False'
[0.236s] DEBUG:colcon.colcon_core.verb:Building package 'realsense2_description' with the following arguments: {'ament_cmake_args': None, 'build_base': '/home/ineogi2/Biorobotics/ros2_ws/build/realsense2_description', 'catkin_cmake_args': None, 'catkin_skip_building_tests': False, 'cmake_args': None, 'cmake_clean_cache': False, 'cmake_clean_first': False, 'cmake_force_configure': False, 'cmake_target': None, 'cmake_target_skip_unavailable': False, 'install_base': '/home/ineogi2/Biorobotics/ros2_ws/install/realsense2_description', 'merge_install': False, 'path': '/home/ineogi2/Biorobotics/ros2_ws/src/realsense-ros/realsense2_description', 'symlink_install': True, 'test_result_base': None}
[0.236s] INFO:colcon.colcon_core.executor:Executing jobs using 'parallel' executor
[0.241s] DEBUG:colcon.colcon_parallel_executor.executor.parallel:run_until_complete
[0.242s] INFO:colcon.colcon_ros.task.ament_cmake.build:Building ROS package in '/home/ineogi2/Biorobotics/ros2_ws/src/realsense-ros/realsense2_camera_msgs' with build type 'ament_cmake'
[0.242s] INFO:colcon.colcon_cmake.task.cmake.build:Building CMake package in '/home/ineogi2/Biorobotics/ros2_ws/src/realsense-ros/realsense2_camera_msgs'
[0.246s] INFO:colcon.colcon_core.plugin_system:Skipping extension 'colcon_core.shell.bat': Not used on non-Windows systems
[0.246s] INFO:colcon.colcon_core.shell:Skip shell extension 'powershell' for command environment: Not usable outside of PowerShell
[0.246s] DEBUG:colcon.colcon_core.shell:Skip shell extension 'dsv' for command environment
[0.252s] INFO:colcon.colcon_ros.task.ament_python.build:Building ROS package in '/home/ineogi2/Biorobotics/ros2_ws/src/ros_image' with build type 'ament_python'
[0.252s] Level 1:colcon.colcon_core.shell:create_environment_hook('ros_image', 'ament_prefix_path')
[0.255s] INFO:colcon.colcon_core.shell:Creating environment hook '/home/ineogi2/Biorobotics/ros2_ws/install/ros_image/share/ros_image/hook/ament_prefix_path.ps1'
[0.256s] INFO:colcon.colcon_core.shell:Creating environment descriptor '/home/ineogi2/Biorobotics/ros2_ws/install/ros_image/share/ros_image/hook/ament_prefix_path.dsv'
[0.256s] INFO:colcon.colcon_core.shell:Creating environment hook '/home/ineogi2/Biorobotics/ros2_ws/install/ros_image/share/ros_image/hook/ament_prefix_path.sh'
[0.258s] INFO:colcon.colcon_core.shell:Skip shell extension 'powershell' for command environment: Not usable outside of PowerShell
[0.258s] DEBUG:colcon.colcon_core.shell:Skip shell extension 'dsv' for command environment
[0.269s] DEBUG:colcon.colcon_core.event_handler.log_command:Invoking command in '/home/ineogi2/Biorobotics/ros2_ws/build/realsense2_camera_msgs': CMAKE_PREFIX_PATH=${CMAKE_PREFIX_PATH}:/home/ineogi2/Biorobotics/ros2_ws/install/ros_image:/opt/ros/foxy /usr/bin/cmake --build /home/ineogi2/Biorobotics/ros2_ws/build/realsense2_camera_msgs -- -j12 -l12
[0.457s] INFO:colcon.colcon_core.task.python.build:Building Python package in '/home/ineogi2/Biorobotics/ros2_ws/src/ros_image'
[0.459s] INFO:colcon.colcon_core.shell:Skip shell extension 'powershell' for command environment: Not usable outside of PowerShell
[0.460s] DEBUG:colcon.colcon_core.shell:Skip shell extension 'dsv' for command environment
[0.468s] DEBUG:colcon.colcon_core.event_handler.log_command:Invoked command in '/home/ineogi2/Biorobotics/ros2_ws/build/realsense2_camera_msgs' returned '0': CMAKE_PREFIX_PATH=${CMAKE_PREFIX_PATH}:/home/ineogi2/Biorobotics/ros2_ws/install/ros_image:/opt/ros/foxy /usr/bin/cmake --build /home/ineogi2/Biorobotics/ros2_ws/build/realsense2_camera_msgs -- -j12 -l12
[0.534s] DEBUG:colcon.colcon_core.event_handler.log_command:Invoking command in '/home/ineogi2/Biorobotics/ros2_ws/build/realsense2_camera_msgs': CMAKE_PREFIX_PATH=${CMAKE_PREFIX_PATH}:/home/ineogi2/Biorobotics/ros2_ws/install/ros_image:/opt/ros/foxy /usr/bin/cmake --install /home/ineogi2/Biorobotics/ros2_ws/build/realsense2_camera_msgs
[0.601s] Level 1:colcon.colcon_core.environment:create_environment_scripts_only(realsense2_camera_msgs)
[0.601s] DEBUG:colcon.colcon_core.event_handler.log_command:Invoked command in '/home/ineogi2/Biorobotics/ros2_ws/build/realsense2_camera_msgs' returned '0': CMAKE_PREFIX_PATH=${CMAKE_PREFIX_PATH}:/home/ineogi2/Biorobotics/ros2_ws/install/ros_image:/opt/ros/foxy /usr/bin/cmake --install /home/ineogi2/Biorobotics/ros2_ws/build/realsense2_camera_msgs
[0.607s] Level 1:colcon.colcon_core.environment:checking '/home/ineogi2/Biorobotics/ros2_ws/install/realsense2_camera_msgs' for CMake module files
[0.607s] Level 1:colcon.colcon_core.environment:checking '/home/ineogi2/Biorobotics/ros2_ws/install/realsense2_camera_msgs' for CMake config files
[0.608s] Level 1:colcon.colcon_core.shell:create_environment_hook('realsense2_camera_msgs', 'cmake_prefix_path')
[0.610s] INFO:colcon.colcon_core.shell:Creating environment hook '/home/ineogi2/Biorobotics/ros2_ws/install/realsense2_camera_msgs/share/realsense2_camera_msgs/hook/cmake_prefix_path.ps1'
[0.610s] INFO:colcon.colcon_core.shell:Creating environment descriptor '/home/ineogi2/Biorobotics/ros2_ws/install/realsense2_camera_msgs/share/realsense2_camera_msgs/hook/cmake_prefix_path.dsv'
[0.610s] INFO:colcon.colcon_core.shell:Creating environment hook '/home/ineogi2/Biorobotics/ros2_ws/install/realsense2_camera_msgs/share/realsense2_camera_msgs/hook/cmake_prefix_path.sh'
[0.611s] Level 1:colcon.colcon_core.environment:checking '/home/ineogi2/Biorobotics/ros2_ws/install/realsense2_camera_msgs/lib'
[0.611s] Level 1:colcon.colcon_core.shell:create_environment_hook('realsense2_camera_msgs', 'ld_library_path_lib')
[0.613s] INFO:colcon.colcon_core.shell:Creating environment hook '/home/ineogi2/Biorobotics/ros2_ws/install/realsense2_camera_msgs/share/realsense2_camera_msgs/hook/ld_library_path_lib.ps1'
[0.613s] INFO:colcon.colcon_core.shell:Creating environment descriptor '/home/ineogi2/Biorobotics/ros2_ws/install/realsense2_camera_msgs/share/realsense2_camera_msgs/hook/ld_library_path_lib.dsv'
[0.613s] INFO:colcon.colcon_core.shell:Creating environment hook '/home/ineogi2/Biorobotics/ros2_ws/install/realsense2_camera_msgs/share/realsense2_camera_msgs/hook/ld_library_path_lib.sh'
[0.614s] Level 1:colcon.colcon_core.environment:checking '/home/ineogi2/Biorobotics/ros2_ws/install/realsense2_camera_msgs/bin'
[0.614s] Level 1:colcon.colcon_core.environment:checking '/home/ineogi2/Biorobotics/ros2_ws/install/realsense2_camera_msgs/lib/pkgconfig/realsense2_camera_msgs.pc'
[0.614s] Level 1:colcon.colcon_core.environment:checking '/home/ineogi2/Biorobotics/ros2_ws/install/realsense2_camera_msgs/lib/python3.8/site-packages'
[0.614s] Level 1:colcon.colcon_core.shell:create_environment_hook('realsense2_camera_msgs', 'pythonpath')
[0.616s] INFO:colcon.colcon_core.shell:Creating environment hook '/home/ineogi2/Biorobotics/ros2_ws/install/realsense2_camera_msgs/share/realsense2_camera_msgs/hook/pythonpath.ps1'
[0.616s] INFO:colcon.colcon_core.shell:Creating environment descriptor '/home/ineogi2/Biorobotics/ros2_ws/install/realsense2_camera_msgs/share/realsense2_camera_msgs/hook/pythonpath.dsv'
[0.616s] INFO:colcon.colcon_core.shell:Creating environment hook '/home/ineogi2/Biorobotics/ros2_ws/install/realsense2_camera_msgs/share/realsense2_camera_msgs/hook/pythonpath.sh'
[0.617s] Level 1:colcon.colcon_core.environment:checking '/home/ineogi2/Biorobotics/ros2_ws/install/realsense2_camera_msgs/bin'
[0.619s] INFO:colcon.colcon_core.shell:Creating package script '/home/ineogi2/Biorobotics/ros2_ws/install/realsense2_camera_msgs/share/realsense2_camera_msgs/package.ps1'
[0.619s] INFO:colcon.colcon_core.shell:Creating package descriptor '/home/ineogi2/Biorobotics/ros2_ws/install/realsense2_camera_msgs/share/realsense2_camera_msgs/package.dsv'
[0.620s] INFO:colcon.colcon_core.shell:Creating package script '/home/ineogi2/Biorobotics/ros2_ws/install/realsense2_camera_msgs/share/realsense2_camera_msgs/package.sh'
[0.620s] INFO:colcon.colcon_core.shell:Creating package script '/home/ineogi2/Biorobotics/ros2_ws/install/realsense2_camera_msgs/share/realsense2_camera_msgs/package.bash'
[0.621s] INFO:colcon.colcon_core.shell:Creating package script '/home/ineogi2/Biorobotics/ros2_ws/install/realsense2_camera_msgs/share/realsense2_camera_msgs/package.zsh'
[0.621s] Level 1:colcon.colcon_core.environment:create_file_with_runtime_dependencies(/home/ineogi2/Biorobotics/ros2_ws/install/realsense2_camera_msgs/share/colcon-core/packages/realsense2_camera_msgs)
[0.685s] Level 1:colcon.colcon_core.environment:create_environment_scripts_only(realsense2_camera_msgs)
[0.689s] Level 1:colcon.colcon_core.environment:checking '/home/ineogi2/Biorobotics/ros2_ws/install/realsense2_camera_msgs' for CMake module files
[0.689s] Level 1:colcon.colcon_core.environment:checking '/home/ineogi2/Biorobotics/ros2_ws/install/realsense2_camera_msgs' for CMake config files
[0.690s] Level 1:colcon.colcon_core.shell:create_environment_hook('realsense2_camera_msgs', 'cmake_prefix_path')
[0.692s] INFO:colcon.colcon_core.shell:Creating environment hook '/home/ineogi2/Biorobotics/ros2_ws/install/realsense2_camera_msgs/share/realsense2_camera_msgs/hook/cmake_prefix_path.ps1'
[0.692s] INFO:colcon.colcon_core.shell:Creating environment descriptor '/home/ineogi2/Biorobotics/ros2_ws/install/realsense2_camera_msgs/share/realsense2_camera_msgs/hook/cmake_prefix_path.dsv'
[0.692s] INFO:colcon.colcon_core.shell:Creating environment hook '/home/ineogi2/Biorobotics/ros2_ws/install/realsense2_camera_msgs/share/realsense2_camera_msgs/hook/cmake_prefix_path.sh'
[0.693s] Level 1:colcon.colcon_core.environment:checking '/home/ineogi2/Biorobotics/ros2_ws/install/realsense2_camera_msgs/lib'
[0.693s] Level 1:colcon.colcon_core.shell:create_environment_hook('realsense2_camera_msgs', 'ld_library_path_lib')
[0.695s] INFO:colcon.colcon_core.shell:Creating environment hook '/home/ineogi2/Biorobotics/ros2_ws/install/realsense2_camera_msgs/share/realsense2_camera_msgs/hook/ld_library_path_lib.ps1'
[0.695s] INFO:colcon.colcon_core.shell:Creating environment descriptor '/home/ineogi2/Biorobotics/ros2_ws/install/realsense2_camera_msgs/share/realsense2_camera_msgs/hook/ld_library_path_lib.dsv'
[0.695s] INFO:colcon.colcon_core.shell:Creating environment hook '/home/ineogi2/Biorobotics/ros2_ws/install/realsense2_camera_msgs/share/realsense2_camera_msgs/hook/ld_library_path_lib.sh'
[0.695s] Level 1:colcon.colcon_core.environment:checking '/home/ineogi2/Biorobotics/ros2_ws/install/realsense2_camera_msgs/bin'
[0.696s] Level 1:colcon.colcon_core.environment:checking '/home/ineogi2/Biorobotics/ros2_ws/install/realsense2_camera_msgs/lib/pkgconfig/realsense2_camera_msgs.pc'
[0.696s] Level 1:colcon.colcon_core.environment:checking '/home/ineogi2/Biorobotics/ros2_ws/install/realsense2_camera_msgs/lib/python3.8/site-packages'
[0.696s] Level 1:colcon.colcon_core.shell:create_environment_hook('realsense2_camera_msgs', 'pythonpath')
[0.698s] INFO:colcon.colcon_core.shell:Creating environment hook '/home/ineogi2/Biorobotics/ros2_ws/install/realsense2_camera_msgs/share/realsense2_camera_msgs/hook/pythonpath.ps1'
[0.698s] INFO:colcon.colcon_core.shell:Creating environment descriptor '/home/ineogi2/Biorobotics/ros2_ws/install/realsense2_camera_msgs/share/realsense2_camera_msgs/hook/pythonpath.dsv'
[0.698s] INFO:colcon.colcon_core.shell:Creating environment hook '/home/ineogi2/Biorobotics/ros2_ws/install/realsense2_camera_msgs/share/realsense2_camera_msgs/hook/pythonpath.sh'
[0.699s] Level 1:colcon.colcon_core.environment:checking '/home/ineogi2/Biorobotics/ros2_ws/install/realsense2_camera_msgs/bin'
[0.701s] INFO:colcon.colcon_core.shell:Creating package script '/home/ineogi2/Biorobotics/ros2_ws/install/realsense2_camera_msgs/share/realsense2_camera_msgs/package.ps1'
[0.701s] INFO:colcon.colcon_core.shell:Creating package descriptor '/home/ineogi2/Biorobotics/ros2_ws/install/realsense2_camera_msgs/share/realsense2_camera_msgs/package.dsv'
[0.702s] INFO:colcon.colcon_core.shell:Creating package script '/home/ineogi2/Biorobotics/ros2_ws/install/realsense2_camera_msgs/share/realsense2_camera_msgs/package.sh'
[0.702s] INFO:colcon.colcon_core.shell:Creating package script '/home/ineogi2/Biorobotics/ros2_ws/install/realsense2_camera_msgs/share/realsense2_camera_msgs/package.bash'
[0.702s] INFO:colcon.colcon_core.shell:Creating package script '/home/ineogi2/Biorobotics/ros2_ws/install/realsense2_camera_msgs/share/realsense2_camera_msgs/package.zsh'
[0.703s] Level 1:colcon.colcon_core.environment:create_file_with_runtime_dependencies(/home/ineogi2/Biorobotics/ros2_ws/install/realsense2_camera_msgs/share/colcon-core/packages/realsense2_camera_msgs)
[0.703s] INFO:colcon.colcon_ros.task.ament_cmake.build:Building ROS package in '/home/ineogi2/Biorobotics/ros2_ws/src/realsense-ros/realsense2_camera' with build type 'ament_cmake'
[0.703s] INFO:colcon.colcon_cmake.task.cmake.build:Building CMake package in '/home/ineogi2/Biorobotics/ros2_ws/src/realsense-ros/realsense2_camera'
[0.705s] INFO:colcon.colcon_core.shell:Skip shell extension 'powershell' for command environment: Not usable outside of PowerShell
[0.705s] DEBUG:colcon.colcon_core.shell:Skip shell extension 'dsv' for command environment
[0.712s] INFO:colcon.colcon_ros.task.ament_cmake.build:Building ROS package in '/home/ineogi2/Biorobotics/ros2_ws/src/realsense-ros/realsense2_description' with build type 'ament_cmake'
[0.712s] INFO:colcon.colcon_cmake.task.cmake.build:Building CMake package in '/home/ineogi2/Biorobotics/ros2_ws/src/realsense-ros/realsense2_description'
[0.715s] INFO:colcon.colcon_core.shell:Skip shell extension 'powershell' for command environment: Not usable outside of PowerShell
[0.715s] DEBUG:colcon.colcon_core.shell:Skip shell extension 'dsv' for command environment
[0.728s] DEBUG:colcon.colcon_core.event_handler.log_command:Invoking command in '/home/ineogi2/Biorobotics/ros2_ws/build/realsense2_camera': CMAKE_PREFIX_PATH=/home/ineogi2/Biorobotics/ros2_ws/install/realsense2_camera_msgs:/home/ineogi2/micro_ws/install/micro_ros_setup:/home/ineogi2/micro_ws/install/micro_ros_agent:/home/ineogi2/micro_ws/install/micro_ros_msgs:/home/ineogi2/Biorobotics/ros2_ws/install/realsense2_description:/home/ineogi2/Biorobotics/ros2_ws/install/realsense2_camera:/home/ineogi2/Biorobotics/ros2_ws/install/ros_image:/opt/ros/foxy LD_LIBRARY_PATH=/home/ineogi2/Biorobotics/ros2_ws/install/realsense2_camera_msgs/lib:/usr/local/cuda-11.3/lib64:/home/ineogi2/micro_ws/install/micro_ros_agent/lib:/home/ineogi2/micro_ws/install/micro_ros_msgs/lib:/home/ineogi2/Biorobotics/ros2_ws/install/realsense2_camera/lib:/opt/ros/foxy/opt/yaml_cpp_vendor/lib:/opt/ros/foxy/opt/rviz_ogre_vendor/lib:/opt/ros/foxy/lib/x86_64-linux-gnu:/opt/ros/foxy/lib PYTHONPATH=/home/ineogi2/Biorobotics/ros2_ws/install/realsense2_camera_msgs/lib/python3.8/site-packages:/home/ineogi2/micro_ws/install/micro_ros_msgs/lib/python3.8/site-packages:/home/ineogi2/Biorobotics/ros2_ws/build/ros_image:/home/ineogi2/Biorobotics/ros2_ws/install/ros_image/lib/python3.8/site-packages:/opt/ros/foxy/lib/python3.8/site-packages /usr/bin/cmake --build /home/ineogi2/Biorobotics/ros2_ws/build/realsense2_camera -- -j12 -l12
[0.732s] DEBUG:colcon.colcon_core.event_handler.log_command:Invoking command in '/home/ineogi2/Biorobotics/ros2_ws/build/realsense2_description': CMAKE_PREFIX_PATH=/home/ineogi2/Biorobotics/ros2_ws/install/realsense2_camera_msgs:/home/ineogi2/micro_ws/install/micro_ros_setup:/home/ineogi2/micro_ws/install/micro_ros_agent:/home/ineogi2/micro_ws/install/micro_ros_msgs:/home/ineogi2/Biorobotics/ros2_ws/install/realsense2_description:/home/ineogi2/Biorobotics/ros2_ws/install/realsense2_camera:/home/ineogi2/Biorobotics/ros2_ws/install/ros_image:/opt/ros/foxy LD_LIBRARY_PATH=/home/ineogi2/Biorobotics/ros2_ws/install/realsense2_camera_msgs/lib:/usr/local/cuda-11.3/lib64:/home/ineogi2/micro_ws/install/micro_ros_agent/lib:/home/ineogi2/micro_ws/install/micro_ros_msgs/lib:/home/ineogi2/Biorobotics/ros2_ws/install/realsense2_camera/lib:/opt/ros/foxy/opt/yaml_cpp_vendor/lib:/opt/ros/foxy/opt/rviz_ogre_vendor/lib:/opt/ros/foxy/lib/x86_64-linux-gnu:/opt/ros/foxy/lib PYTHONPATH=/home/ineogi2/Biorobotics/ros2_ws/install/realsense2_camera_msgs/lib/python3.8/site-packages:/home/ineogi2/micro_ws/install/micro_ros_msgs/lib/python3.8/site-packages:/home/ineogi2/Biorobotics/ros2_ws/build/ros_image:/home/ineogi2/Biorobotics/ros2_ws/install/ros_image/lib/python3.8/site-packages:/opt/ros/foxy/lib/python3.8/site-packages /usr/bin/cmake --build /home/ineogi2/Biorobotics/ros2_ws/build/realsense2_description -- -j12 -l12
[0.769s] DEBUG:colcon.colcon_core.event_handler.log_command:Invoked command in '/home/ineogi2/Biorobotics/ros2_ws/build/realsense2_description' returned '0': CMAKE_PREFIX_PATH=/home/ineogi2/Biorobotics/ros2_ws/install/realsense2_camera_msgs:/home/ineogi2/micro_ws/install/micro_ros_setup:/home/ineogi2/micro_ws/install/micro_ros_agent:/home/ineogi2/micro_ws/install/micro_ros_msgs:/home/ineogi2/Biorobotics/ros2_ws/install/realsense2_description:/home/ineogi2/Biorobotics/ros2_ws/install/realsense2_camera:/home/ineogi2/Biorobotics/ros2_ws/install/ros_image:/opt/ros/foxy LD_LIBRARY_PATH=/home/ineogi2/Biorobotics/ros2_ws/install/realsense2_camera_msgs/lib:/usr/local/cuda-11.3/lib64:/home/ineogi2/micro_ws/install/micro_ros_agent/lib:/home/ineogi2/micro_ws/install/micro_ros_msgs/lib:/home/ineogi2/Biorobotics/ros2_ws/install/realsense2_camera/lib:/opt/ros/foxy/opt/yaml_cpp_vendor/lib:/opt/ros/foxy/opt/rviz_ogre_vendor/lib:/opt/ros/foxy/lib/x86_64-linux-gnu:/opt/ros/foxy/lib PYTHONPATH=/home/ineogi2/Biorobotics/ros2_ws/install/realsense2_camera_msgs/lib/python3.8/site-packages:/home/ineogi2/micro_ws/install/micro_ros_msgs/lib/python3.8/site-packages:/home/ineogi2/Biorobotics/ros2_ws/build/ros_image:/home/ineogi2/Biorobotics/ros2_ws/install/ros_image/lib/python3.8/site-packages:/opt/ros/foxy/lib/python3.8/site-packages /usr/bin/cmake --build /home/ineogi2/Biorobotics/ros2_ws/build/realsense2_description -- -j12 -l12
[0.792s] DEBUG:colcon.colcon_core.event_handler.log_command:Invoking command in '/home/ineogi2/Biorobotics/ros2_ws/build/realsense2_description': CMAKE_PREFIX_PATH=/home/ineogi2/Biorobotics/ros2_ws/install/realsense2_camera_msgs:/home/ineogi2/micro_ws/install/micro_ros_setup:/home/ineogi2/micro_ws/install/micro_ros_agent:/home/ineogi2/micro_ws/install/micro_ros_msgs:/home/ineogi2/Biorobotics/ros2_ws/install/realsense2_description:/home/ineogi2/Biorobotics/ros2_ws/install/realsense2_camera:/home/ineogi2/Biorobotics/ros2_ws/install/ros_image:/opt/ros/foxy LD_LIBRARY_PATH=/home/ineogi2/Biorobotics/ros2_ws/install/realsense2_camera_msgs/lib:/usr/local/cuda-11.3/lib64:/home/ineogi2/micro_ws/install/micro_ros_agent/lib:/home/ineogi2/micro_ws/install/micro_ros_msgs/lib:/home/ineogi2/Biorobotics/ros2_ws/install/realsense2_camera/lib:/opt/ros/foxy/opt/yaml_cpp_vendor/lib:/opt/ros/foxy/opt/rviz_ogre_vendor/lib:/opt/ros/foxy/lib/x86_64-linux-gnu:/opt/ros/foxy/lib PYTHONPATH=/home/ineogi2/Biorobotics/ros2_ws/install/realsense2_camera_msgs/lib/python3.8/site-packages:/home/ineogi2/micro_ws/install/micro_ros_msgs/lib/python3.8/site-packages:/home/ineogi2/Biorobotics/ros2_ws/build/ros_image:/home/ineogi2/Biorobotics/ros2_ws/install/ros_image/lib/python3.8/site-packages:/opt/ros/foxy/lib/python3.8/site-packages /usr/bin/cmake --install /home/ineogi2/Biorobotics/ros2_ws/build/realsense2_description
[0.828s] DEBUG:colcon.colcon_core.event_handler.log_command:Invoked command in '/home/ineogi2/Biorobotics/ros2_ws/build/realsense2_camera' returned '0': CMAKE_PREFIX_PATH=/home/ineogi2/Biorobotics/ros2_ws/install/realsense2_camera_msgs:/home/ineogi2/micro_ws/install/micro_ros_setup:/home/ineogi2/micro_ws/install/micro_ros_agent:/home/ineogi2/micro_ws/install/micro_ros_msgs:/home/ineogi2/Biorobotics/ros2_ws/install/realsense2_description:/home/ineogi2/Biorobotics/ros2_ws/install/realsense2_camera:/home/ineogi2/Biorobotics/ros2_ws/install/ros_image:/opt/ros/foxy LD_LIBRARY_PATH=/home/ineogi2/Biorobotics/ros2_ws/install/realsense2_camera_msgs/lib:/usr/local/cuda-11.3/lib64:/home/ineogi2/micro_ws/install/micro_ros_agent/lib:/home/ineogi2/micro_ws/install/micro_ros_msgs/lib:/home/ineogi2/Biorobotics/ros2_ws/install/realsense2_camera/lib:/opt/ros/foxy/opt/yaml_cpp_vendor/lib:/opt/ros/foxy/opt/rviz_ogre_vendor/lib:/opt/ros/foxy/lib/x86_64-linux-gnu:/opt/ros/foxy/lib PYTHONPATH=/home/ineogi2/Biorobotics/ros2_ws/install/realsense2_camera_msgs/lib/python3.8/site-packages:/home/ineogi2/micro_ws/install/micro_ros_msgs/lib/python3.8/site-packages:/home/ineogi2/Biorobotics/ros2_ws/build/ros_image:/home/ineogi2/Biorobotics/ros2_ws/install/ros_image/lib/python3.8/site-packages:/opt/ros/foxy/lib/python3.8/site-packages /usr/bin/cmake --build /home/ineogi2/Biorobotics/ros2_ws/build/realsense2_camera -- -j12 -l12
[0.833s] Level 1:colcon.colcon_core.environment:create_environment_scripts_only(realsense2_description)
[0.837s] Level 1:colcon.colcon_core.environment:checking '/home/ineogi2/Biorobotics/ros2_ws/install/realsense2_description' for CMake module files
[0.838s] DEBUG:colcon.colcon_core.event_handler.log_command:Invoked command in '/home/ineogi2/Biorobotics/ros2_ws/build/realsense2_description' returned '0': CMAKE_PREFIX_PATH=/home/ineogi2/Biorobotics/ros2_ws/install/realsense2_camera_msgs:/home/ineogi2/micro_ws/install/micro_ros_setup:/home/ineogi2/micro_ws/install/micro_ros_agent:/home/ineogi2/micro_ws/install/micro_ros_msgs:/home/ineogi2/Biorobotics/ros2_ws/install/realsense2_description:/home/ineogi2/Biorobotics/ros2_ws/install/realsense2_camera:/home/ineogi2/Biorobotics/ros2_ws/install/ros_image:/opt/ros/foxy LD_LIBRARY_PATH=/home/ineogi2/Biorobotics/ros2_ws/install/realsense2_camera_msgs/lib:/usr/local/cuda-11.3/lib64:/home/ineogi2/micro_ws/install/micro_ros_agent/lib:/home/ineogi2/micro_ws/install/micro_ros_msgs/lib:/home/ineogi2/Biorobotics/ros2_ws/install/realsense2_camera/lib:/opt/ros/foxy/opt/yaml_cpp_vendor/lib:/opt/ros/foxy/opt/rviz_ogre_vendor/lib:/opt/ros/foxy/lib/x86_64-linux-gnu:/opt/ros/foxy/lib PYTHONPATH=/home/ineogi2/Biorobotics/ros2_ws/install/realsense2_camera_msgs/lib/python3.8/site-packages:/home/ineogi2/micro_ws/install/micro_ros_msgs/lib/python3.8/site-packages:/home/ineogi2/Biorobotics/ros2_ws/build/ros_image:/home/ineogi2/Biorobotics/ros2_ws/install/ros_image/lib/python3.8/site-packages:/opt/ros/foxy/lib/python3.8/site-packages /usr/bin/cmake --install /home/ineogi2/Biorobotics/ros2_ws/build/realsense2_description
[0.838s] Level 1:colcon.colcon_core.environment:checking '/home/ineogi2/Biorobotics/ros2_ws/install/realsense2_description' for CMake config files
[0.839s] Level 1:colcon.colcon_core.shell:create_environment_hook('realsense2_description', 'cmake_prefix_path')
[0.841s] INFO:colcon.colcon_core.shell:Creating environment hook '/home/ineogi2/Biorobotics/ros2_ws/install/realsense2_description/share/realsense2_description/hook/cmake_prefix_path.ps1'
[0.842s] INFO:colcon.colcon_core.shell:Creating environment descriptor '/home/ineogi2/Biorobotics/ros2_ws/install/realsense2_description/share/realsense2_description/hook/cmake_prefix_path.dsv'
[0.843s] INFO:colcon.colcon_core.shell:Creating environment hook '/home/ineogi2/Biorobotics/ros2_ws/install/realsense2_description/share/realsense2_description/hook/cmake_prefix_path.sh'
[0.843s] Level 1:colcon.colcon_core.environment:checking '/home/ineogi2/Biorobotics/ros2_ws/install/realsense2_description/bin'
[0.844s] Level 1:colcon.colcon_core.environment:checking '/home/ineogi2/Biorobotics/ros2_ws/install/realsense2_description/lib/pkgconfig/realsense2_description.pc'
[0.844s] Level 1:colcon.colcon_core.environment:checking '/home/ineogi2/Biorobotics/ros2_ws/install/realsense2_description/lib/python3.8/site-packages'
[0.844s] Level 1:colcon.colcon_core.environment:checking '/home/ineogi2/Biorobotics/ros2_ws/install/realsense2_description/bin'
[0.847s] INFO:colcon.colcon_core.shell:Creating package script '/home/ineogi2/Biorobotics/ros2_ws/install/realsense2_description/share/realsense2_description/package.ps1'
[0.848s] INFO:colcon.colcon_core.shell:Creating package descriptor '/home/ineogi2/Biorobotics/ros2_ws/install/realsense2_description/share/realsense2_description/package.dsv'
[0.848s] INFO:colcon.colcon_core.shell:Creating package script '/home/ineogi2/Biorobotics/ros2_ws/install/realsense2_description/share/realsense2_description/package.sh'
[0.849s] INFO:colcon.colcon_core.shell:Creating package script '/home/ineogi2/Biorobotics/ros2_ws/install/realsense2_description/share/realsense2_description/package.bash'
[0.849s] INFO:colcon.colcon_core.shell:Creating package script '/home/ineogi2/Biorobotics/ros2_ws/install/realsense2_description/share/realsense2_description/package.zsh'
[0.849s] Level 1:colcon.colcon_core.environment:create_file_with_runtime_dependencies(/home/ineogi2/Biorobotics/ros2_ws/install/realsense2_description/share/colcon-core/packages/realsense2_description)
[0.871s] Level 1:colcon.colcon_core.environment:create_environment_scripts_only(realsense2_description)
[0.875s] Level 1:colcon.colcon_core.environment:checking '/home/ineogi2/Biorobotics/ros2_ws/install/realsense2_description' for CMake module files
[0.875s] Level 1:colcon.colcon_core.environment:checking '/home/ineogi2/Biorobotics/ros2_ws/install/realsense2_description' for CMake config files
[0.876s] Level 1:colcon.colcon_core.shell:create_environment_hook('realsense2_description', 'cmake_prefix_path')
[0.878s] INFO:colcon.colcon_core.shell:Creating environment hook '/home/ineogi2/Biorobotics/ros2_ws/install/realsense2_description/share/realsense2_description/hook/cmake_prefix_path.ps1'
[0.879s] INFO:colcon.colcon_core.shell:Creating environment descriptor '/home/ineogi2/Biorobotics/ros2_ws/install/realsense2_description/share/realsense2_description/hook/cmake_prefix_path.dsv'
[0.879s] INFO:colcon.colcon_core.shell:Creating environment hook '/home/ineogi2/Biorobotics/ros2_ws/install/realsense2_description/share/realsense2_description/hook/cmake_prefix_path.sh'
[0.880s] Level 1:colcon.colcon_core.environment:checking '/home/ineogi2/Biorobotics/ros2_ws/install/realsense2_description/bin'
[0.880s] Level 1:colcon.colcon_core.environment:checking '/home/ineogi2/Biorobotics/ros2_ws/install/realsense2_description/lib/pkgconfig/realsense2_description.pc'
[0.880s] Level 1:colcon.colcon_core.environment:checking '/home/ineogi2/Biorobotics/ros2_ws/install/realsense2_description/lib/python3.8/site-packages'
[0.880s] Level 1:colcon.colcon_core.environment:checking '/home/ineogi2/Biorobotics/ros2_ws/install/realsense2_description/bin'
[0.882s] INFO:colcon.colcon_core.shell:Creating package script '/home/ineogi2/Biorobotics/ros2_ws/install/realsense2_description/share/realsense2_description/package.ps1'
[0.883s] INFO:colcon.colcon_core.shell:Creating package descriptor '/home/ineogi2/Biorobotics/ros2_ws/install/realsense2_description/share/realsense2_description/package.dsv'
[0.883s] INFO:colcon.colcon_core.shell:Creating package script '/home/ineogi2/Biorobotics/ros2_ws/install/realsense2_description/share/realsense2_description/package.sh'
[0.884s] INFO:colcon.colcon_core.shell:Creating package script '/home/ineogi2/Biorobotics/ros2_ws/install/realsense2_description/share/realsense2_description/package.bash'
[0.884s] INFO:colcon.colcon_core.shell:Creating package script '/home/ineogi2/Biorobotics/ros2_ws/install/realsense2_description/share/realsense2_description/package.zsh'
[0.885s] Level 1:colcon.colcon_core.environment:create_file_with_runtime_dependencies(/home/ineogi2/Biorobotics/ros2_ws/install/realsense2_description/share/colcon-core/packages/realsense2_description)
[0.889s] DEBUG:colcon.colcon_core.event_handler.log_command:Invoking command in '/home/ineogi2/Biorobotics/ros2_ws/build/realsense2_camera': CMAKE_PREFIX_PATH=/home/ineogi2/Biorobotics/ros2_ws/install/realsense2_camera_msgs:/home/ineogi2/micro_ws/install/micro_ros_setup:/home/ineogi2/micro_ws/install/micro_ros_agent:/home/ineogi2/micro_ws/install/micro_ros_msgs:/home/ineogi2/Biorobotics/ros2_ws/install/realsense2_description:/home/ineogi2/Biorobotics/ros2_ws/install/realsense2_camera:/home/ineogi2/Biorobotics/ros2_ws/install/ros_image:/opt/ros/foxy LD_LIBRARY_PATH=/home/ineogi2/Biorobotics/ros2_ws/install/realsense2_camera_msgs/lib:/usr/local/cuda-11.3/lib64:/home/ineogi2/micro_ws/install/micro_ros_agent/lib:/home/ineogi2/micro_ws/install/micro_ros_msgs/lib:/home/ineogi2/Biorobotics/ros2_ws/install/realsense2_camera/lib:/opt/ros/foxy/opt/yaml_cpp_vendor/lib:/opt/ros/foxy/opt/rviz_ogre_vendor/lib:/opt/ros/foxy/lib/x86_64-linux-gnu:/opt/ros/foxy/lib PYTHONPATH=/home/ineogi2/Biorobotics/ros2_ws/install/realsense2_camera_msgs/lib/python3.8/site-packages:/home/ineogi2/micro_ws/install/micro_ros_msgs/lib/python3.8/site-packages:/home/ineogi2/Biorobotics/ros2_ws/build/ros_image:/home/ineogi2/Biorobotics/ros2_ws/install/ros_image/lib/python3.8/site-packages:/opt/ros/foxy/lib/python3.8/site-packages /usr/bin/cmake --install /home/ineogi2/Biorobotics/ros2_ws/build/realsense2_camera
[0.916s] Level 1:colcon.colcon_core.environment:create_environment_scripts_only(realsense2_camera)
[0.920s] Level 1:colcon.colcon_core.environment:checking '/home/ineogi2/Biorobotics/ros2_ws/install/realsense2_camera' for CMake module files
[0.920s] DEBUG:colcon.colcon_core.event_handler.log_command:Invoked command in '/home/ineogi2/Biorobotics/ros2_ws/build/realsense2_camera' returned '0': CMAKE_PREFIX_PATH=/home/ineogi2/Biorobotics/ros2_ws/install/realsense2_camera_msgs:/home/ineogi2/micro_ws/install/micro_ros_setup:/home/ineogi2/micro_ws/install/micro_ros_agent:/home/ineogi2/micro_ws/install/micro_ros_msgs:/home/ineogi2/Biorobotics/ros2_ws/install/realsense2_description:/home/ineogi2/Biorobotics/ros2_ws/install/realsense2_camera:/home/ineogi2/Biorobotics/ros2_ws/install/ros_image:/opt/ros/foxy LD_LIBRARY_PATH=/home/ineogi2/Biorobotics/ros2_ws/install/realsense2_camera_msgs/lib:/usr/local/cuda-11.3/lib64:/home/ineogi2/micro_ws/install/micro_ros_agent/lib:/home/ineogi2/micro_ws/install/micro_ros_msgs/lib:/home/ineogi2/Biorobotics/ros2_ws/install/realsense2_camera/lib:/opt/ros/foxy/opt/yaml_cpp_vendor/lib:/opt/ros/foxy/opt/rviz_ogre_vendor/lib:/opt/ros/foxy/lib/x86_64-linux-gnu:/opt/ros/foxy/lib PYTHONPATH=/home/ineogi2/Biorobotics/ros2_ws/install/realsense2_camera_msgs/lib/python3.8/site-packages:/home/ineogi2/micro_ws/install/micro_ros_msgs/lib/python3.8/site-packages:/home/ineogi2/Biorobotics/ros2_ws/build/ros_image:/home/ineogi2/Biorobotics/ros2_ws/install/ros_image/lib/python3.8/site-packages:/opt/ros/foxy/lib/python3.8/site-packages /usr/bin/cmake --install /home/ineogi2/Biorobotics/ros2_ws/build/realsense2_camera
[0.921s] Level 1:colcon.colcon_core.environment:checking '/home/ineogi2/Biorobotics/ros2_ws/install/realsense2_camera' for CMake config files
[0.921s] Level 1:colcon.colcon_core.shell:create_environment_hook('realsense2_camera', 'cmake_prefix_path')
[0.923s] INFO:colcon.colcon_core.shell:Creating environment hook '/home/ineogi2/Biorobotics/ros2_ws/install/realsense2_camera/share/realsense2_camera/hook/cmake_prefix_path.ps1'
[0.923s] INFO:colcon.colcon_core.shell:Creating environment descriptor '/home/ineogi2/Biorobotics/ros2_ws/install/realsense2_camera/share/realsense2_camera/hook/cmake_prefix_path.dsv'
[0.924s] INFO:colcon.colcon_core.shell:Creating environment hook '/home/ineogi2/Biorobotics/ros2_ws/install/realsense2_camera/share/realsense2_camera/hook/cmake_prefix_path.sh'
[0.924s] Level 1:colcon.colcon_core.environment:checking '/home/ineogi2/Biorobotics/ros2_ws/install/realsense2_camera/lib'
[0.924s] Level 1:colcon.colcon_core.shell:create_environment_hook('realsense2_camera', 'ld_library_path_lib')
[0.926s] INFO:colcon.colcon_core.shell:Creating environment hook '/home/ineogi2/Biorobotics/ros2_ws/install/realsense2_camera/share/realsense2_camera/hook/ld_library_path_lib.ps1'
[0.926s] INFO:colcon.colcon_core.shell:Creating environment descriptor '/home/ineogi2/Biorobotics/ros2_ws/install/realsense2_camera/share/realsense2_camera/hook/ld_library_path_lib.dsv'
[0.927s] INFO:colcon.colcon_core.shell:Creating environment hook '/home/ineogi2/Biorobotics/ros2_ws/install/realsense2_camera/share/realsense2_camera/hook/ld_library_path_lib.sh'
[0.927s] Level 1:colcon.colcon_core.environment:checking '/home/ineogi2/Biorobotics/ros2_ws/install/realsense2_camera/bin'
[0.927s] Level 1:colcon.colcon_core.environment:checking '/home/ineogi2/Biorobotics/ros2_ws/install/realsense2_camera/lib/pkgconfig/realsense2_camera.pc'
[0.927s] Level 1:colcon.colcon_core.environment:checking '/home/ineogi2/Biorobotics/ros2_ws/install/realsense2_camera/lib/python3.8/site-packages'
[0.927s] Level 1:colcon.colcon_core.environment:checking '/home/ineogi2/Biorobotics/ros2_ws/install/realsense2_camera/bin'
[0.929s] INFO:colcon.colcon_core.shell:Creating package script '/home/ineogi2/Biorobotics/ros2_ws/install/realsense2_camera/share/realsense2_camera/package.ps1'
[0.930s] INFO:colcon.colcon_core.shell:Creating package descriptor '/home/ineogi2/Biorobotics/ros2_ws/install/realsense2_camera/share/realsense2_camera/package.dsv'
[0.931s] INFO:colcon.colcon_core.shell:Creating package script '/home/ineogi2/Biorobotics/ros2_ws/install/realsense2_camera/share/realsense2_camera/package.sh'
[0.931s] INFO:colcon.colcon_core.shell:Creating package script '/home/ineogi2/Biorobotics/ros2_ws/install/realsense2_camera/share/realsense2_camera/package.bash'
[0.931s] INFO:colcon.colcon_core.shell:Creating package script '/home/ineogi2/Biorobotics/ros2_ws/install/realsense2_camera/share/realsense2_camera/package.zsh'
[0.932s] Level 1:colcon.colcon_core.environment:create_file_with_runtime_dependencies(/home/ineogi2/Biorobotics/ros2_ws/install/realsense2_camera/share/colcon-core/packages/realsense2_camera)
[0.973s] Level 1:colcon.colcon_core.environment:create_environment_scripts_only(realsense2_camera)
[0.976s] Level 1:colcon.colcon_core.environment:checking '/home/ineogi2/Biorobotics/ros2_ws/install/realsense2_camera' for CMake module files
[0.977s] Level 1:colcon.colcon_core.environment:checking '/home/ineogi2/Biorobotics/ros2_ws/install/realsense2_camera' for CMake config files
[0.977s] Level 1:colcon.colcon_core.shell:create_environment_hook('realsense2_camera', 'cmake_prefix_path')
[0.980s] INFO:colcon.colcon_core.shell:Creating environment hook '/home/ineogi2/Biorobotics/ros2_ws/install/realsense2_camera/share/realsense2_camera/hook/cmake_prefix_path.ps1'
[0.980s] INFO:colcon.colcon_core.shell:Creating environment descriptor '/home/ineogi2/Biorobotics/ros2_ws/install/realsense2_camera/share/realsense2_camera/hook/cmake_prefix_path.dsv'
[0.981s] INFO:colcon.colcon_core.shell:Creating environment hook '/home/ineogi2/Biorobotics/ros2_ws/install/realsense2_camera/share/realsense2_camera/hook/cmake_prefix_path.sh'
[0.981s] Level 1:colcon.colcon_core.environment:checking '/home/ineogi2/Biorobotics/ros2_ws/install/realsense2_camera/lib'
[0.981s] Level 1:colcon.colcon_core.shell:create_environment_hook('realsense2_camera', 'ld_library_path_lib')
[0.984s] INFO:colcon.colcon_core.shell:Creating environment hook '/home/ineogi2/Biorobotics/ros2_ws/install/realsense2_camera/share/realsense2_camera/hook/ld_library_path_lib.ps1'
[0.984s] INFO:colcon.colcon_core.shell:Creating environment descriptor '/home/ineogi2/Biorobotics/ros2_ws/install/realsense2_camera/share/realsense2_camera/hook/ld_library_path_lib.dsv'
[0.985s] INFO:colcon.colcon_core.shell:Creating environment hook '/home/ineogi2/Biorobotics/ros2_ws/install/realsense2_camera/share/realsense2_camera/hook/ld_library_path_lib.sh'
[0.985s] Level 1:colcon.colcon_core.environment:checking '/home/ineogi2/Biorobotics/ros2_ws/install/realsense2_camera/bin'
[0.985s] Level 1:colcon.colcon_core.environment:checking '/home/ineogi2/Biorobotics/ros2_ws/install/realsense2_camera/lib/pkgconfig/realsense2_camera.pc'
[0.985s] Level 1:colcon.colcon_core.environment:checking '/home/ineogi2/Biorobotics/ros2_ws/install/realsense2_camera/lib/python3.8/site-packages'
[0.985s] Level 1:colcon.colcon_core.environment:checking '/home/ineogi2/Biorobotics/ros2_ws/install/realsense2_camera/bin'
[0.988s] INFO:colcon.colcon_core.shell:Creating package script '/home/ineogi2/Biorobotics/ros2_ws/install/realsense2_camera/share/realsense2_camera/package.ps1'
[0.989s] INFO:colcon.colcon_core.shell:Creating package descriptor '/home/ineogi2/Biorobotics/ros2_ws/install/realsense2_camera/share/realsense2_camera/package.dsv'
[0.989s] INFO:colcon.colcon_core.shell:Creating package script '/home/ineogi2/Biorobotics/ros2_ws/install/realsense2_camera/share/realsense2_camera/package.sh'
[0.989s] INFO:colcon.colcon_core.shell:Creating package script '/home/ineogi2/Biorobotics/ros2_ws/install/realsense2_camera/share/realsense2_camera/package.bash'
[0.990s] INFO:colcon.colcon_core.shell:Creating package script '/home/ineogi2/Biorobotics/ros2_ws/install/realsense2_camera/share/realsense2_camera/package.zsh'
[0.990s] Level 1:colcon.colcon_core.environment:create_file_with_runtime_dependencies(/home/ineogi2/Biorobotics/ros2_ws/install/realsense2_camera/share/colcon-core/packages/realsense2_camera)
[1.011s] DEBUG:colcon.colcon_core.event_handler.log_command:Invoking command in '/home/ineogi2/Biorobotics/ros2_ws/build/ros_image': PYTHONPATH=/home/ineogi2/Biorobotics/ros2_ws/build/ros_image/prefix_override:/home/ineogi2/Biorobotics/ros2_ws/install/ros_image/lib/python3.8/site-packages:${PYTHONPATH} /usr/bin/python3 setup.py develop --editable --build-directory /home/ineogi2/Biorobotics/ros2_ws/build/ros_image/build --no-deps install_data
[1.429s] Level 1:colcon.colcon_core.shell:create_environment_hook('ros_image', 'pythonpath_develop')
[1.429s] DEBUG:colcon.colcon_core.event_handler.log_command:Invoked command in '/home/ineogi2/Biorobotics/ros2_ws/build/ros_image' returned '0': PYTHONPATH=/home/ineogi2/Biorobotics/ros2_ws/build/ros_image/prefix_override:/home/ineogi2/Biorobotics/ros2_ws/install/ros_image/lib/python3.8/site-packages:${PYTHONPATH} /usr/bin/python3 setup.py develop --editable --build-directory /home/ineogi2/Biorobotics/ros2_ws/build/ros_image/build --no-deps install_data
[1.432s] INFO:colcon.colcon_core.shell:Creating environment hook '/home/ineogi2/Biorobotics/ros2_ws/build/ros_image/share/ros_image/hook/pythonpath_develop.ps1'
[1.433s] INFO:colcon.colcon_core.shell:Creating environment descriptor '/home/ineogi2/Biorobotics/ros2_ws/build/ros_image/share/ros_image/hook/pythonpath_develop.dsv'
[1.433s] INFO:colcon.colcon_core.shell:Creating environment hook '/home/ineogi2/Biorobotics/ros2_ws/build/ros_image/share/ros_image/hook/pythonpath_develop.sh'
[1.436s] Level 1:colcon.colcon_core.environment:checking '/home/ineogi2/Biorobotics/ros2_ws/install/ros_image' for CMake module files
[1.436s] Level 1:colcon.colcon_core.environment:checking '/home/ineogi2/Biorobotics/ros2_ws/install/ros_image' for CMake config files
[1.437s] Level 1:colcon.colcon_core.environment:checking '/home/ineogi2/Biorobotics/ros2_ws/install/ros_image/lib'
[1.437s] Level 1:colcon.colcon_core.environment:checking '/home/ineogi2/Biorobotics/ros2_ws/install/ros_image/bin'
[1.437s] Level 1:colcon.colcon_core.shell:create_environment_hook('ros_image', 'path')
[1.439s] INFO:colcon.colcon_core.shell:Creating environment hook '/home/ineogi2/Biorobotics/ros2_ws/install/ros_image/share/ros_image/hook/path.ps1'
[1.440s] INFO:colcon.colcon_core.shell:Creating environment descriptor '/home/ineogi2/Biorobotics/ros2_ws/install/ros_image/share/ros_image/hook/path.dsv'
[1.440s] INFO:colcon.colcon_core.shell:Creating environment hook '/home/ineogi2/Biorobotics/ros2_ws/install/ros_image/share/ros_image/hook/path.sh'
[1.440s] Level 1:colcon.colcon_core.environment:checking '/home/ineogi2/Biorobotics/ros2_ws/install/ros_image/lib/pkgconfig/ros_image.pc'
[1.440s] Level 1:colcon.colcon_core.environment:checking '/home/ineogi2/Biorobotics/ros2_ws/install/ros_image/lib/python3.8/site-packages'
[1.441s] Level 1:colcon.colcon_core.shell:create_environment_hook('ros_image', 'pythonpath')
[1.442s] INFO:colcon.colcon_core.shell:Creating environment hook '/home/ineogi2/Biorobotics/ros2_ws/install/ros_image/share/ros_image/hook/pythonpath.ps1'
[1.443s] INFO:colcon.colcon_core.shell:Creating environment descriptor '/home/ineogi2/Biorobotics/ros2_ws/install/ros_image/share/ros_image/hook/pythonpath.dsv'
[1.443s] INFO:colcon.colcon_core.shell:Creating environment hook '/home/ineogi2/Biorobotics/ros2_ws/install/ros_image/share/ros_image/hook/pythonpath.sh'
[1.444s] Level 1:colcon.colcon_core.environment:checking '/home/ineogi2/Biorobotics/ros2_ws/install/ros_image/bin'
[1.444s] Level 1:colcon.colcon_core.shell:create_environment_hook('ros_image', 'pythonscriptspath')
[1.446s] INFO:colcon.colcon_core.shell:Creating environment hook '/home/ineogi2/Biorobotics/ros2_ws/install/ros_image/share/ros_image/hook/pythonscriptspath.ps1'
[1.446s] INFO:colcon.colcon_core.shell:Creating environment descriptor '/home/ineogi2/Biorobotics/ros2_ws/install/ros_image/share/ros_image/hook/pythonscriptspath.dsv'
[1.447s] INFO:colcon.colcon_core.shell:Creating environment hook '/home/ineogi2/Biorobotics/ros2_ws/install/ros_image/share/ros_image/hook/pythonscriptspath.sh'
[1.447s] Level 1:colcon.colcon_core.environment:create_environment_scripts_only(ros_image)
[1.449s] INFO:colcon.colcon_core.shell:Creating package script '/home/ineogi2/Biorobotics/ros2_ws/install/ros_image/share/ros_image/package.ps1'
[1.449s] INFO:colcon.colcon_core.shell:Creating package descriptor '/home/ineogi2/Biorobotics/ros2_ws/install/ros_image/share/ros_image/package.dsv'
[1.450s] INFO:colcon.colcon_core.shell:Creating package script '/home/ineogi2/Biorobotics/ros2_ws/install/ros_image/share/ros_image/package.sh'
[1.450s] INFO:colcon.colcon_core.shell:Creating package script '/home/ineogi2/Biorobotics/ros2_ws/install/ros_image/share/ros_image/package.bash'
[1.450s] INFO:colcon.colcon_core.shell:Creating package script '/home/ineogi2/Biorobotics/ros2_ws/install/ros_image/share/ros_image/package.zsh'
[1.451s] Level 1:colcon.colcon_core.environment:create_file_with_runtime_dependencies(/home/ineogi2/Biorobotics/ros2_ws/install/ros_image/share/colcon-core/packages/ros_image)
[1.451s] DEBUG:colcon.colcon_parallel_executor.executor.parallel:closing loop
[1.451s] DEBUG:colcon.colcon_parallel_executor.executor.parallel:loop closed
[1.452s] DEBUG:colcon.colcon_parallel_executor.executor.parallel:run_until_complete finished with '0'
[1.452s] DEBUG:colcon.colcon_core.event_reactor:joining thread
[1.459s] INFO:colcon.colcon_core.plugin_system:Skipping extension 'colcon_notification.desktop_notification.terminal_notifier': Not used on non-Darwin systems
[1.459s] INFO:colcon.colcon_core.plugin_system:Skipping extension 'colcon_notification.desktop_notification.win32': Not used on non-Windows systems
[1.460s] INFO:colcon.colcon_notification.desktop_notification:Sending desktop notification using 'notify2'
[1.471s] DEBUG:colcon.colcon_core.event_reactor:joined thread
[1.473s] INFO:colcon.colcon_core.shell:Creating prefix script '/home/ineogi2/Biorobotics/ros2_ws/install/local_setup.ps1'
[1.474s] INFO:colcon.colcon_core.shell:Creating prefix util module '/home/ineogi2/Biorobotics/ros2_ws/install/_local_setup_util_ps1.py'
[1.476s] INFO:colcon.colcon_core.shell:Creating prefix chain script '/home/ineogi2/Biorobotics/ros2_ws/install/setup.ps1'
[1.479s] INFO:colcon.colcon_core.shell:Creating prefix script '/home/ineogi2/Biorobotics/ros2_ws/install/local_setup.sh'
[1.479s] INFO:colcon.colcon_core.shell:Creating prefix util module '/home/ineogi2/Biorobotics/ros2_ws/install/_local_setup_util_sh.py'
[1.480s] INFO:colcon.colcon_core.shell:Creating prefix chain script '/home/ineogi2/Biorobotics/ros2_ws/install/setup.sh'
[1.482s] INFO:colcon.colcon_core.shell:Creating prefix script '/home/ineogi2/Biorobotics/ros2_ws/install/local_setup.bash'
[1.483s] INFO:colcon.colcon_core.shell:Creating prefix chain script '/home/ineogi2/Biorobotics/ros2_ws/install/setup.bash'
[1.485s] INFO:colcon.colcon_core.shell:Creating prefix script '/home/ineogi2/Biorobotics/ros2_ws/install/local_setup.zsh'
[1.486s] INFO:colcon.colcon_core.shell:Creating prefix chain script '/home/ineogi2/Biorobotics/ros2_ws/install/setup.zsh'
