[0.043s] Invoking command in '/home/ineogi2/Biorobotics/ros2_ws/build/realsense2_camera_msgs': CMAKE_PREFIX_PATH=${CMAKE_PREFIX_PATH}:/home/ineogi2/Biorobotics/ros2_ws/install/ros_image:/opt/ros/foxy /usr/bin/cmake --build /home/ineogi2/Biorobotics/ros2_ws/build/realsense2_camera_msgs -- -j12 -l12
[0.127s] [  1%] Built target realsense2_camera_msgs__cpp
[0.131s] [ 12%] Built target realsense2_camera_msgs__rosidl_generator_c
[0.157s] [ 23%] Built target realsense2_camera_msgs__rosidl_typesupport_introspection_cpp
[0.160s] [ 41%] Built target realsense2_camera_msgs__rosidl_typesupport_introspection_c
[0.160s] [ 45%] Built target realsense2_camera_msgs__rosidl_typesupport_c
[0.161s] [ 56%] Built target realsense2_camera_msgs__rosidl_typesupport_cpp
[0.170s] [ 67%] Built target realsense2_camera_msgs__rosidl_typesupport_fastrtps_cpp
[0.204s] [ 78%] Built target realsense2_camera_msgs__rosidl_typesupport_fastrtps_c
[0.229s] [ 78%] Built target realsense2_camera_msgs
[0.256s] [ 80%] Built target realsense2_camera_msgs__py
[0.292s] [ 89%] Built target realsense2_camera_msgs__python
[0.326s] [ 96%] Built target realsense2_camera_msgs__rosidl_typesupport_introspection_c__pyext
[0.327s] [ 96%] Built target realsense2_camera_msgs__rosidl_typesupport_fastrtps_c__pyext
[0.329s] [100%] Built target realsense2_camera_msgs__rosidl_typesupport_c__pyext
[0.365s] Invoked command in '/home/ineogi2/Biorobotics/ros2_ws/build/realsense2_camera_msgs' returned '0': CMAKE_PREFIX_PATH=${CMAKE_PREFIX_PATH}:/home/ineogi2/Biorobotics/ros2_ws/install/ros_image:/opt/ros/foxy /usr/bin/cmake --build /home/ineogi2/Biorobotics/ros2_ws/build/realsense2_camera_msgs -- -j12 -l12
[0.478s] Invoking command in '/home/ineogi2/Biorobotics/ros2_ws/build/realsense2_camera_msgs': CMAKE_PREFIX_PATH=${CMAKE_PREFIX_PATH}:/home/ineogi2/Biorobotics/ros2_ws/install/ros_image:/opt/ros/foxy /usr/bin/cmake --install /home/ineogi2/Biorobotics/ros2_ws/build/realsense2_camera_msgs
[0.495s] -- Install configuration: ""
[0.495s] -- Execute custom install script
[0.496s] -- Up-to-date symlink: /home/ineogi2/Biorobotics/ros2_ws/install/realsense2_camera_msgs/share/ament_index/resource_index/rosidl_interfaces/realsense2_camera_msgs
[0.497s] -- Up-to-date symlink: /home/ineogi2/Biorobotics/ros2_ws/install/realsense2_camera_msgs/include/realsense2_camera_msgs/msg/detail/extrinsics__functions.h
[0.497s] -- Up-to-date symlink: /home/ineogi2/Biorobotics/ros2_ws/install/realsense2_camera_msgs/include/realsense2_camera_msgs/msg/detail/extrinsics__struct.h
[0.498s] -- Up-to-date symlink: /home/ineogi2/Biorobotics/ros2_ws/install/realsense2_camera_msgs/include/realsense2_camera_msgs/msg/detail/extrinsics__type_support.h
[0.498s] -- Up-to-date symlink: /home/ineogi2/Biorobotics/ros2_ws/install/realsense2_camera_msgs/include/realsense2_camera_msgs/msg/detail/imu_info__functions.h
[0.498s] -- Up-to-date symlink: /home/ineogi2/Biorobotics/ros2_ws/install/realsense2_camera_msgs/include/realsense2_camera_msgs/msg/detail/imu_info__struct.h
[0.498s] -- Up-to-date symlink: /home/ineogi2/Biorobotics/ros2_ws/install/realsense2_camera_msgs/include/realsense2_camera_msgs/msg/detail/imu_info__type_support.h
[0.499s] -- Up-to-date symlink: /home/ineogi2/Biorobotics/ros2_ws/install/realsense2_camera_msgs/include/realsense2_camera_msgs/msg/detail/metadata__functions.h
[0.499s] -- Up-to-date symlink: /home/ineogi2/Biorobotics/ros2_ws/install/realsense2_camera_msgs/include/realsense2_camera_msgs/msg/detail/metadata__struct.h
[0.499s] -- Up-to-date symlink: /home/ineogi2/Biorobotics/ros2_ws/install/realsense2_camera_msgs/include/realsense2_camera_msgs/msg/detail/metadata__type_support.h
[0.499s] -- Up-to-date symlink: /home/ineogi2/Biorobotics/ros2_ws/install/realsense2_camera_msgs/include/realsense2_camera_msgs/msg/extrinsics.h
[0.500s] -- Up-to-date symlink: /home/ineogi2/Biorobotics/ros2_ws/install/realsense2_camera_msgs/include/realsense2_camera_msgs/msg/imu_info.h
[0.500s] -- Up-to-date symlink: /home/ineogi2/Biorobotics/ros2_ws/install/realsense2_camera_msgs/include/realsense2_camera_msgs/msg/metadata.h
[0.500s] -- Up-to-date symlink: /home/ineogi2/Biorobotics/ros2_ws/install/realsense2_camera_msgs/include/realsense2_camera_msgs/msg/rosidl_generator_c__visibility_control.h
[0.500s] -- Up-to-date symlink: /home/ineogi2/Biorobotics/ros2_ws/install/realsense2_camera_msgs/include/realsense2_camera_msgs/srv/detail/device_info__functions.h
[0.501s] -- Up-to-date symlink: /home/ineogi2/Biorobotics/ros2_ws/install/realsense2_camera_msgs/include/realsense2_camera_msgs/srv/detail/device_info__struct.h
[0.501s] -- Up-to-date symlink: /home/ineogi2/Biorobotics/ros2_ws/install/realsense2_camera_msgs/include/realsense2_camera_msgs/srv/detail/device_info__type_support.h
[0.501s] -- Up-to-date symlink: /home/ineogi2/Biorobotics/ros2_ws/install/realsense2_camera_msgs/include/realsense2_camera_msgs/srv/device_info.h
[0.502s] -- Up-to-date symlink: /home/ineogi2/Biorobotics/ros2_ws/install/realsense2_camera_msgs/share/realsense2_camera_msgs/environment/library_path.sh
[0.502s] -- Up-to-date symlink: /home/ineogi2/Biorobotics/ros2_ws/install/realsense2_camera_msgs/share/realsense2_camera_msgs/environment/library_path.dsv
[0.503s] -- Up-to-date symlink: /home/ineogi2/Biorobotics/ros2_ws/install/realsense2_camera_msgs/include/realsense2_camera_msgs/msg/detail/extrinsics__rosidl_typesupport_fastrtps_c.h
[0.503s] -- Up-to-date symlink: /home/ineogi2/Biorobotics/ros2_ws/install/realsense2_camera_msgs/include/realsense2_camera_msgs/msg/detail/imu_info__rosidl_typesupport_fastrtps_c.h
[0.503s] -- Up-to-date symlink: /home/ineogi2/Biorobotics/ros2_ws/install/realsense2_camera_msgs/include/realsense2_camera_msgs/msg/detail/metadata__rosidl_typesupport_fastrtps_c.h
[0.504s] -- Up-to-date symlink: /home/ineogi2/Biorobotics/ros2_ws/install/realsense2_camera_msgs/include/realsense2_camera_msgs/msg/rosidl_typesupport_fastrtps_c__visibility_control.h
[0.504s] -- Up-to-date symlink: /home/ineogi2/Biorobotics/ros2_ws/install/realsense2_camera_msgs/include/realsense2_camera_msgs/srv/detail/device_info__rosidl_typesupport_fastrtps_c.h
[0.505s] -- Up-to-date symlink: /home/ineogi2/Biorobotics/ros2_ws/install/realsense2_camera_msgs/lib/librealsense2_camera_msgs__rosidl_typesupport_fastrtps_c.so
[0.505s] -- Up-to-date symlink: /home/ineogi2/Biorobotics/ros2_ws/install/realsense2_camera_msgs/include/realsense2_camera_msgs/msg/detail/extrinsics__rosidl_typesupport_fastrtps_cpp.hpp
[0.506s] -- Up-to-date symlink: /home/ineogi2/Biorobotics/ros2_ws/install/realsense2_camera_msgs/include/realsense2_camera_msgs/msg/detail/imu_info__rosidl_typesupport_fastrtps_cpp.hpp
[0.506s] -- Up-to-date symlink: /home/ineogi2/Biorobotics/ros2_ws/install/realsense2_camera_msgs/include/realsense2_camera_msgs/msg/detail/metadata__rosidl_typesupport_fastrtps_cpp.hpp
[0.506s] -- Up-to-date symlink: /home/ineogi2/Biorobotics/ros2_ws/install/realsense2_camera_msgs/include/realsense2_camera_msgs/msg/rosidl_typesupport_fastrtps_cpp__visibility_control.h
[0.506s] -- Up-to-date symlink: /home/ineogi2/Biorobotics/ros2_ws/install/realsense2_camera_msgs/include/realsense2_camera_msgs/srv/detail/device_info__rosidl_typesupport_fastrtps_cpp.hpp
[0.507s] -- Up-to-date symlink: /home/ineogi2/Biorobotics/ros2_ws/install/realsense2_camera_msgs/lib/librealsense2_camera_msgs__rosidl_typesupport_fastrtps_cpp.so
[0.508s] -- Up-to-date symlink: /home/ineogi2/Biorobotics/ros2_ws/install/realsense2_camera_msgs/include/realsense2_camera_msgs/msg/detail/extrinsics__rosidl_typesupport_introspection_c.h
[0.508s] -- Up-to-date symlink: /home/ineogi2/Biorobotics/ros2_ws/install/realsense2_camera_msgs/include/realsense2_camera_msgs/msg/detail/imu_info__rosidl_typesupport_introspection_c.h
[0.508s] -- Up-to-date symlink: /home/ineogi2/Biorobotics/ros2_ws/install/realsense2_camera_msgs/include/realsense2_camera_msgs/msg/detail/metadata__rosidl_typesupport_introspection_c.h
[0.508s] -- Up-to-date symlink: /home/ineogi2/Biorobotics/ros2_ws/install/realsense2_camera_msgs/include/realsense2_camera_msgs/msg/rosidl_typesupport_introspection_c__visibility_control.h
[0.509s] -- Up-to-date symlink: /home/ineogi2/Biorobotics/ros2_ws/install/realsense2_camera_msgs/include/realsense2_camera_msgs/srv/detail/device_info__rosidl_typesupport_introspection_c.h
[0.510s] -- Up-to-date symlink: /home/ineogi2/Biorobotics/ros2_ws/install/realsense2_camera_msgs/include/realsense2_camera_msgs/msg/detail/extrinsics__builder.hpp
[0.510s] -- Up-to-date symlink: /home/ineogi2/Biorobotics/ros2_ws/install/realsense2_camera_msgs/include/realsense2_camera_msgs/msg/detail/extrinsics__struct.hpp
[0.510s] -- Up-to-date symlink: /home/ineogi2/Biorobotics/ros2_ws/install/realsense2_camera_msgs/include/realsense2_camera_msgs/msg/detail/extrinsics__traits.hpp
[0.510s] -- Up-to-date symlink: /home/ineogi2/Biorobotics/ros2_ws/install/realsense2_camera_msgs/include/realsense2_camera_msgs/msg/detail/imu_info__builder.hpp
[0.510s] -- Up-to-date symlink: /home/ineogi2/Biorobotics/ros2_ws/install/realsense2_camera_msgs/include/realsense2_camera_msgs/msg/detail/imu_info__struct.hpp
[0.511s] -- Up-to-date symlink: /home/ineogi2/Biorobotics/ros2_ws/install/realsense2_camera_msgs/include/realsense2_camera_msgs/msg/detail/imu_info__traits.hpp
[0.511s] -- Up-to-date symlink: /home/ineogi2/Biorobotics/ros2_ws/install/realsense2_camera_msgs/include/realsense2_camera_msgs/msg/detail/metadata__builder.hpp
[0.511s] -- Up-to-date symlink: /home/ineogi2/Biorobotics/ros2_ws/install/realsense2_camera_msgs/include/realsense2_camera_msgs/msg/detail/metadata__struct.hpp
[0.511s] -- Up-to-date symlink: /home/ineogi2/Biorobotics/ros2_ws/install/realsense2_camera_msgs/include/realsense2_camera_msgs/msg/detail/metadata__traits.hpp
[0.512s] -- Up-to-date symlink: /home/ineogi2/Biorobotics/ros2_ws/install/realsense2_camera_msgs/include/realsense2_camera_msgs/msg/extrinsics.hpp
[0.512s] -- Up-to-date symlink: /home/ineogi2/Biorobotics/ros2_ws/install/realsense2_camera_msgs/include/realsense2_camera_msgs/msg/imu_info.hpp
[0.512s] -- Up-to-date symlink: /home/ineogi2/Biorobotics/ros2_ws/install/realsense2_camera_msgs/include/realsense2_camera_msgs/msg/metadata.hpp
[0.512s] -- Up-to-date symlink: /home/ineogi2/Biorobotics/ros2_ws/install/realsense2_camera_msgs/include/realsense2_camera_msgs/srv/detail/device_info__builder.hpp
[0.513s] -- Up-to-date symlink: /home/ineogi2/Biorobotics/ros2_ws/install/realsense2_camera_msgs/include/realsense2_camera_msgs/srv/detail/device_info__struct.hpp
[0.513s] -- Up-to-date symlink: /home/ineogi2/Biorobotics/ros2_ws/install/realsense2_camera_msgs/include/realsense2_camera_msgs/srv/detail/device_info__traits.hpp
[0.513s] -- Up-to-date symlink: /home/ineogi2/Biorobotics/ros2_ws/install/realsense2_camera_msgs/include/realsense2_camera_msgs/srv/device_info.hpp
[0.514s] -- Up-to-date symlink: /home/ineogi2/Biorobotics/ros2_ws/install/realsense2_camera_msgs/include/realsense2_camera_msgs/msg/detail/extrinsics__rosidl_typesupport_introspection_cpp.hpp
[0.514s] -- Up-to-date symlink: /home/ineogi2/Biorobotics/ros2_ws/install/realsense2_camera_msgs/include/realsense2_camera_msgs/msg/detail/imu_info__rosidl_typesupport_introspection_cpp.hpp
[0.514s] -- Up-to-date symlink: /home/ineogi2/Biorobotics/ros2_ws/install/realsense2_camera_msgs/include/realsense2_camera_msgs/msg/detail/metadata__rosidl_typesupport_introspection_cpp.hpp
[0.515s] -- Up-to-date symlink: /home/ineogi2/Biorobotics/ros2_ws/install/realsense2_camera_msgs/include/realsense2_camera_msgs/srv/detail/device_info__rosidl_typesupport_introspection_cpp.hpp
[0.515s] -- Up-to-date symlink: /home/ineogi2/Biorobotics/ros2_ws/install/realsense2_camera_msgs/share/realsense2_camera_msgs/environment/pythonpath.sh
[0.515s] -- Up-to-date symlink: /home/ineogi2/Biorobotics/ros2_ws/install/realsense2_camera_msgs/share/realsense2_camera_msgs/environment/pythonpath.dsv
[0.515s] -- Up-to-date symlink: /home/ineogi2/Biorobotics/ros2_ws/install/realsense2_camera_msgs/lib/python3.8/site-packages/realsense2_camera_msgs/__init__.py
[0.516s] -- Up-to-date symlink: /home/ineogi2/Biorobotics/ros2_ws/install/realsense2_camera_msgs/lib/python3.8/site-packages/realsense2_camera_msgs/msg/__init__.py
[0.516s] -- Up-to-date symlink: /home/ineogi2/Biorobotics/ros2_ws/install/realsense2_camera_msgs/lib/python3.8/site-packages/realsense2_camera_msgs/msg/_extrinsics.py
[0.517s] -- Up-to-date symlink: /home/ineogi2/Biorobotics/ros2_ws/install/realsense2_camera_msgs/lib/python3.8/site-packages/realsense2_camera_msgs/msg/_imu_info.py
[0.517s] -- Up-to-date symlink: /home/ineogi2/Biorobotics/ros2_ws/install/realsense2_camera_msgs/lib/python3.8/site-packages/realsense2_camera_msgs/msg/_metadata.py
[0.517s] -- Up-to-date symlink: /home/ineogi2/Biorobotics/ros2_ws/install/realsense2_camera_msgs/lib/python3.8/site-packages/realsense2_camera_msgs/srv/__init__.py
[0.518s] -- Up-to-date symlink: /home/ineogi2/Biorobotics/ros2_ws/install/realsense2_camera_msgs/lib/python3.8/site-packages/realsense2_camera_msgs/srv/_device_info.py
[0.519s] -- Up-to-date symlink: /home/ineogi2/Biorobotics/ros2_ws/install/realsense2_camera_msgs/lib/python3.8/site-packages/realsense2_camera_msgs/realsense2_camera_msgs_s__rosidl_typesupport_fastrtps_c.cpython-38-x86_64-linux-gnu.so
[0.519s] -- Up-to-date symlink: /home/ineogi2/Biorobotics/ros2_ws/install/realsense2_camera_msgs/lib/python3.8/site-packages/realsense2_camera_msgs/realsense2_camera_msgs_s__rosidl_typesupport_introspection_c.cpython-38-x86_64-linux-gnu.so
[0.520s] -- Up-to-date symlink: /home/ineogi2/Biorobotics/ros2_ws/install/realsense2_camera_msgs/lib/python3.8/site-packages/realsense2_camera_msgs/realsense2_camera_msgs_s__rosidl_typesupport_c.cpython-38-x86_64-linux-gnu.so
[0.521s] -- Up-to-date symlink: /home/ineogi2/Biorobotics/ros2_ws/install/realsense2_camera_msgs/lib/librealsense2_camera_msgs__python.so
[0.521s] -- Up-to-date symlink: /home/ineogi2/Biorobotics/ros2_ws/install/realsense2_camera_msgs/share/realsense2_camera_msgs/msg/IMUInfo.idl
[0.522s] -- Up-to-date symlink: /home/ineogi2/Biorobotics/ros2_ws/install/realsense2_camera_msgs/share/realsense2_camera_msgs/msg/Extrinsics.idl
[0.522s] -- Up-to-date symlink: /home/ineogi2/Biorobotics/ros2_ws/install/realsense2_camera_msgs/share/realsense2_camera_msgs/msg/Metadata.idl
[0.522s] -- Up-to-date symlink: /home/ineogi2/Biorobotics/ros2_ws/install/realsense2_camera_msgs/share/realsense2_camera_msgs/srv/DeviceInfo.idl
[0.523s] -- Up-to-date symlink: /home/ineogi2/Biorobotics/ros2_ws/install/realsense2_camera_msgs/share/realsense2_camera_msgs/msg/IMUInfo.msg
[0.523s] -- Up-to-date symlink: /home/ineogi2/Biorobotics/ros2_ws/install/realsense2_camera_msgs/share/realsense2_camera_msgs/msg/Extrinsics.msg
[0.524s] -- Up-to-date symlink: /home/ineogi2/Biorobotics/ros2_ws/install/realsense2_camera_msgs/share/realsense2_camera_msgs/msg/Metadata.msg
[0.524s] -- Up-to-date symlink: /home/ineogi2/Biorobotics/ros2_ws/install/realsense2_camera_msgs/share/realsense2_camera_msgs/srv/DeviceInfo.srv
[0.524s] -- Up-to-date symlink: /home/ineogi2/Biorobotics/ros2_ws/install/realsense2_camera_msgs/share/realsense2_camera_msgs/srv/DeviceInfo_Request.msg
[0.525s] -- Up-to-date symlink: /home/ineogi2/Biorobotics/ros2_ws/install/realsense2_camera_msgs/share/realsense2_camera_msgs/srv/DeviceInfo_Response.msg
[0.525s] -- Up-to-date symlink: /home/ineogi2/Biorobotics/ros2_ws/install/realsense2_camera_msgs/share/ament_index/resource_index/package_run_dependencies/realsense2_camera_msgs
[0.526s] -- Up-to-date symlink: /home/ineogi2/Biorobotics/ros2_ws/install/realsense2_camera_msgs/share/ament_index/resource_index/parent_prefix_path/realsense2_camera_msgs
[0.526s] -- Up-to-date symlink: /home/ineogi2/Biorobotics/ros2_ws/install/realsense2_camera_msgs/share/realsense2_camera_msgs/environment/ament_prefix_path.sh
[0.526s] -- Up-to-date symlink: /home/ineogi2/Biorobotics/ros2_ws/install/realsense2_camera_msgs/share/realsense2_camera_msgs/environment/ament_prefix_path.dsv
[0.527s] -- Up-to-date symlink: /home/ineogi2/Biorobotics/ros2_ws/install/realsense2_camera_msgs/share/realsense2_camera_msgs/environment/path.sh
[0.527s] -- Up-to-date symlink: /home/ineogi2/Biorobotics/ros2_ws/install/realsense2_camera_msgs/share/realsense2_camera_msgs/environment/path.dsv
[0.527s] -- Up-to-date symlink: /home/ineogi2/Biorobotics/ros2_ws/install/realsense2_camera_msgs/share/realsense2_camera_msgs/local_setup.bash
[0.528s] -- Up-to-date symlink: /home/ineogi2/Biorobotics/ros2_ws/install/realsense2_camera_msgs/share/realsense2_camera_msgs/local_setup.sh
[0.528s] -- Up-to-date symlink: /home/ineogi2/Biorobotics/ros2_ws/install/realsense2_camera_msgs/share/realsense2_camera_msgs/local_setup.zsh
[0.529s] -- Up-to-date symlink: /home/ineogi2/Biorobotics/ros2_ws/install/realsense2_camera_msgs/share/realsense2_camera_msgs/local_setup.dsv
[0.529s] -- Symlinking: /home/ineogi2/Biorobotics/ros2_ws/install/realsense2_camera_msgs/share/realsense2_camera_msgs/package.dsv
[0.545s] -- Up-to-date symlink: /home/ineogi2/Biorobotics/ros2_ws/install/realsense2_camera_msgs/share/ament_index/resource_index/packages/realsense2_camera_msgs
[0.545s] -- Up-to-date symlink: /home/ineogi2/Biorobotics/ros2_ws/install/realsense2_camera_msgs/share/realsense2_camera_msgs/cmake/rosidl_cmake-extras.cmake
[0.546s] -- Up-to-date symlink: /home/ineogi2/Biorobotics/ros2_ws/install/realsense2_camera_msgs/share/realsense2_camera_msgs/cmake/ament_cmake_export_dependencies-extras.cmake
[0.546s] -- Up-to-date symlink: /home/ineogi2/Biorobotics/ros2_ws/install/realsense2_camera_msgs/share/realsense2_camera_msgs/cmake/ament_cmake_export_libraries-extras.cmake
[0.547s] -- Up-to-date symlink: /home/ineogi2/Biorobotics/ros2_ws/install/realsense2_camera_msgs/share/realsense2_camera_msgs/cmake/ament_cmake_export_targets-extras.cmake
[0.547s] -- Up-to-date symlink: /home/ineogi2/Biorobotics/ros2_ws/install/realsense2_camera_msgs/share/realsense2_camera_msgs/cmake/ament_cmake_export_include_directories-extras.cmake
[0.547s] -- Up-to-date symlink: /home/ineogi2/Biorobotics/ros2_ws/install/realsense2_camera_msgs/share/realsense2_camera_msgs/cmake/rosidl_cmake_export_typesupport_libraries-extras.cmake
[0.548s] -- Up-to-date symlink: /home/ineogi2/Biorobotics/ros2_ws/install/realsense2_camera_msgs/share/realsense2_camera_msgs/cmake/rosidl_cmake_export_typesupport_targets-extras.cmake
[0.548s] -- Up-to-date symlink: /home/ineogi2/Biorobotics/ros2_ws/install/realsense2_camera_msgs/share/realsense2_camera_msgs/cmake/realsense2_camera_msgsConfig.cmake
[0.548s] -- Up-to-date symlink: /home/ineogi2/Biorobotics/ros2_ws/install/realsense2_camera_msgs/share/realsense2_camera_msgs/cmake/realsense2_camera_msgsConfig-version.cmake
[0.549s] -- Up-to-date symlink: /home/ineogi2/Biorobotics/ros2_ws/install/realsense2_camera_msgs/share/realsense2_camera_msgs/package.xml
[0.549s] -- Up-to-date: /home/ineogi2/Biorobotics/ros2_ws/install/realsense2_camera_msgs/lib/librealsense2_camera_msgs__rosidl_generator_c.so
[0.550s] -- Up-to-date: /home/ineogi2/Biorobotics/ros2_ws/install/realsense2_camera_msgs/lib/librealsense2_camera_msgs__rosidl_typesupport_introspection_c.so
[0.551s] -- Up-to-date: /home/ineogi2/Biorobotics/ros2_ws/install/realsense2_camera_msgs/lib/librealsense2_camera_msgs__rosidl_typesupport_c.so
[0.552s] -- Up-to-date: /home/ineogi2/Biorobotics/ros2_ws/install/realsense2_camera_msgs/lib/librealsense2_camera_msgs__rosidl_typesupport_introspection_cpp.so
[0.552s] -- Up-to-date: /home/ineogi2/Biorobotics/ros2_ws/install/realsense2_camera_msgs/lib/librealsense2_camera_msgs__rosidl_typesupport_cpp.so
[0.600s] -- Up-to-date: /home/ineogi2/Biorobotics/ros2_ws/install/realsense2_camera_msgs/share/realsense2_camera_msgs/cmake/realsense2_camera_msgs__rosidl_generator_cExport.cmake
[0.600s] -- Up-to-date: /home/ineogi2/Biorobotics/ros2_ws/install/realsense2_camera_msgs/share/realsense2_camera_msgs/cmake/realsense2_camera_msgs__rosidl_generator_cExport-noconfig.cmake
[0.601s] -- Up-to-date: /home/ineogi2/Biorobotics/ros2_ws/install/realsense2_camera_msgs/share/realsense2_camera_msgs/cmake/realsense2_camera_msgs__rosidl_typesupport_introspection_cExport.cmake
[0.601s] -- Up-to-date: /home/ineogi2/Biorobotics/ros2_ws/install/realsense2_camera_msgs/share/realsense2_camera_msgs/cmake/realsense2_camera_msgs__rosidl_typesupport_introspection_cExport-noconfig.cmake
[0.601s] -- Up-to-date: /home/ineogi2/Biorobotics/ros2_ws/install/realsense2_camera_msgs/share/realsense2_camera_msgs/cmake/realsense2_camera_msgs__rosidl_typesupport_cExport.cmake
[0.601s] -- Up-to-date: /home/ineogi2/Biorobotics/ros2_ws/install/realsense2_camera_msgs/share/realsense2_camera_msgs/cmake/realsense2_camera_msgs__rosidl_typesupport_cExport-noconfig.cmake
[0.602s] -- Up-to-date: /home/ineogi2/Biorobotics/ros2_ws/install/realsense2_camera_msgs/share/realsense2_camera_msgs/cmake/realsense2_camera_msgs__rosidl_generator_cppExport.cmake
[0.602s] -- Up-to-date: /home/ineogi2/Biorobotics/ros2_ws/install/realsense2_camera_msgs/share/realsense2_camera_msgs/cmake/realsense2_camera_msgs__rosidl_typesupport_introspection_cppExport.cmake
[0.603s] -- Up-to-date: /home/ineogi2/Biorobotics/ros2_ws/install/realsense2_camera_msgs/share/realsense2_camera_msgs/cmake/realsense2_camera_msgs__rosidl_typesupport_introspection_cppExport-noconfig.cmake
[0.603s] -- Up-to-date: /home/ineogi2/Biorobotics/ros2_ws/install/realsense2_camera_msgs/share/realsense2_camera_msgs/cmake/realsense2_camera_msgs__rosidl_typesupport_cppExport.cmake
[0.603s] -- Up-to-date: /home/ineogi2/Biorobotics/ros2_ws/install/realsense2_camera_msgs/share/realsense2_camera_msgs/cmake/realsense2_camera_msgs__rosidl_typesupport_cppExport-noconfig.cmake
[0.606s] Invoked command in '/home/ineogi2/Biorobotics/ros2_ws/build/realsense2_camera_msgs' returned '0': CMAKE_PREFIX_PATH=${CMAKE_PREFIX_PATH}:/home/ineogi2/Biorobotics/ros2_ws/install/ros_image:/opt/ros/foxy /usr/bin/cmake --install /home/ineogi2/Biorobotics/ros2_ws/build/realsense2_camera_msgs
