[0.044s] Invoking command in '/home/ineogi2/ws/Biorobotics/micro_ros/build/rosgraph_msgs': AMENT_PREFIX_PATH=/home/ineogi2/ws/Biorobotics/micro_ros/install/builtin_interfaces:${AMENT_PREFIX_PATH} CMAKE_PREFIX_PATH=/home/ineogi2/ws/Biorobotics/micro_ros/install/builtin_interfaces:/home/ineogi2/ws/Biorobotics/micro_ros/install/rosidl_typesupport_microxrcedds_cpp:/home/ineogi2/ws/Biorobotics/micro_ros/install/rosidl_typesupport_microxrcedds_c:/home/ineogi2/ws/Biorobotics/micro_ros/install/microcdr:/home/ineogi2/ws/Biorobotics/micro_ros/install/micro_ros_setup:/home/ineogi2/ws/Biorobotics/ros2_ws/install/realsense2_description:/home/ineogi2/ws/Biorobotics/ros2_ws/install/realsense2_camera:/home/ineogi2/ws/Biorobotics/ros2_ws/install/realsense2_camera_msgs:/home/ineogi2/ws/Biorobotics/ros2_ws/install/ros_image:/opt/ros/foxy LD_LIBRARY_PATH=/home/ineogi2/ws/Biorobotics/micro_ros/install/builtin_interfaces/lib:${LD_LIBRARY_PATH} PYTHONPATH=/home/ineogi2/ws/Biorobotics/micro_ros/install/builtin_interfaces/lib/python3.8/site-packages:${PYTHONPATH} /usr/bin/cmake /home/ineogi2/ws/Biorobotics/micro_ros/src/ros2/rcl_interfaces/rosgraph_msgs -DBUILD_TESTING=OFF -DBUILD_SHARED_LIBS=ON -DCMAKE_INSTALL_PREFIX=/home/ineogi2/ws/Biorobotics/micro_ros/install/rosgraph_msgs
[0.139s] -- The C compiler identification is GNU 9.4.0
[0.215s] -- The CXX compiler identification is GNU 9.4.0
[0.218s] -- Check for working C compiler: /usr/bin/cc
[0.305s] -- Check for working C compiler: /usr/bin/cc -- works
[0.305s] -- Detecting C compiler ABI info
[0.383s] -- Detecting C compiler ABI info - done
[0.401s] -- Detecting C compile features
[0.402s] -- Detecting C compile features - done
[0.402s] -- Check for working CXX compiler: /usr/bin/c++
[0.486s] -- Check for working CXX compiler: /usr/bin/c++ -- works
[0.487s] -- Detecting CXX compiler ABI info
[0.566s] -- Detecting CXX compiler ABI info - done
[0.577s] -- Detecting CXX compile features
[0.577s] -- Detecting CXX compile features - done
[0.580s] -- Found ament_cmake: 0.9.9 (/opt/ros/foxy/share/ament_cmake/cmake)
[0.608s] -- Found PythonInterp: /usr/bin/python3 (found suitable version "3.8.10", minimum required is "3") 
[0.608s] -- Using PYTHON_EXECUTABLE: /usr/bin/python3
[0.837s] -- Found builtin_interfaces: 1.0.0 (/home/ineogi2/ws/Biorobotics/micro_ros/install/builtin_interfaces/share/builtin_interfaces/cmake)
[0.875s] -- Using all available rosidl_typesupport_c: rosidl_typesupport_microxrcedds_c;rosidl_typesupport_fastrtps_c;rosidl_typesupport_introspection_c
[0.885s] -- Found rosidl_adapter: 1.2.1 (/opt/ros/foxy/share/rosidl_adapter/cmake)
[1.285s] -- Found OpenSSL: /usr/lib/x86_64-linux-gnu/libcrypto.so (found version "1.1.1f")  
[1.363s] -- Found FastRTPS: /opt/ros/foxy/include  
[1.542s] -- Using all available rosidl_typesupport_cpp: rosidl_typesupport_microxrcedds_cpp;rosidl_typesupport_fastrtps_cpp;rosidl_typesupport_introspection_cpp
[1.593s] -- Found rosidl_default_generators: 1.0.1 (/opt/ros/foxy/share/rosidl_default_generators/cmake)
[1.660s] -- Found PythonInterp: /usr/bin/python3 (found version "3.8.10") 
[1.841s] -- Found ament_cmake_ros: 0.9.2 (/opt/ros/foxy/share/ament_cmake_ros/cmake)
[1.950s] -- Using all available rosidl_typesupport_c: rosidl_typesupport_microxrcedds_c;rosidl_typesupport_fastrtps_c;rosidl_typesupport_introspection_c
[1.966s] -- Using all available rosidl_typesupport_cpp: rosidl_typesupport_microxrcedds_cpp;rosidl_typesupport_fastrtps_cpp;rosidl_typesupport_introspection_cpp
[1.994s] -- Found PythonInterp: /usr/bin/python3 (found suitable version "3.8.10", minimum required is "3.5") 
[1.995s] -- Found python_cmake_module: 0.8.1 (/opt/ros/foxy/share/python_cmake_module/cmake)
[2.027s] -- Found PythonLibs: /usr/lib/x86_64-linux-gnu/libpython3.8.so (found suitable version "3.8.10", minimum required is "3.5") 
[2.027s] -- Using PYTHON_EXECUTABLE: /usr/bin/python3
[2.027s] -- Using PYTHON_INCLUDE_DIRS: /usr/include/python3.8
[2.027s] -- Using PYTHON_LIBRARIES: /usr/lib/x86_64-linux-gnu/libpython3.8.so
[2.059s] -- Found PythonExtra: .so  
[2.119s] -- Configuring done
[2.155s] -- Generating done
[2.157s] -- Build files have been written to: /home/ineogi2/ws/Biorobotics/micro_ros/build/rosgraph_msgs
[2.164s] Invoked command in '/home/ineogi2/ws/Biorobotics/micro_ros/build/rosgraph_msgs' returned '0': AMENT_PREFIX_PATH=/home/ineogi2/ws/Biorobotics/micro_ros/install/builtin_interfaces:${AMENT_PREFIX_PATH} CMAKE_PREFIX_PATH=/home/ineogi2/ws/Biorobotics/micro_ros/install/builtin_interfaces:/home/ineogi2/ws/Biorobotics/micro_ros/install/rosidl_typesupport_microxrcedds_cpp:/home/ineogi2/ws/Biorobotics/micro_ros/install/rosidl_typesupport_microxrcedds_c:/home/ineogi2/ws/Biorobotics/micro_ros/install/microcdr:/home/ineogi2/ws/Biorobotics/micro_ros/install/micro_ros_setup:/home/ineogi2/ws/Biorobotics/ros2_ws/install/realsense2_description:/home/ineogi2/ws/Biorobotics/ros2_ws/install/realsense2_camera:/home/ineogi2/ws/Biorobotics/ros2_ws/install/realsense2_camera_msgs:/home/ineogi2/ws/Biorobotics/ros2_ws/install/ros_image:/opt/ros/foxy LD_LIBRARY_PATH=/home/ineogi2/ws/Biorobotics/micro_ros/install/builtin_interfaces/lib:${LD_LIBRARY_PATH} PYTHONPATH=/home/ineogi2/ws/Biorobotics/micro_ros/install/builtin_interfaces/lib/python3.8/site-packages:${PYTHONPATH} /usr/bin/cmake /home/ineogi2/ws/Biorobotics/micro_ros/src/ros2/rcl_interfaces/rosgraph_msgs -DBUILD_TESTING=OFF -DBUILD_SHARED_LIBS=ON -DCMAKE_INSTALL_PREFIX=/home/ineogi2/ws/Biorobotics/micro_ros/install/rosgraph_msgs
[2.168s] Invoking command in '/home/ineogi2/ws/Biorobotics/micro_ros/build/rosgraph_msgs': AMENT_PREFIX_PATH=/home/ineogi2/ws/Biorobotics/micro_ros/install/builtin_interfaces:${AMENT_PREFIX_PATH} CMAKE_PREFIX_PATH=/home/ineogi2/ws/Biorobotics/micro_ros/install/builtin_interfaces:/home/ineogi2/ws/Biorobotics/micro_ros/install/rosidl_typesupport_microxrcedds_cpp:/home/ineogi2/ws/Biorobotics/micro_ros/install/rosidl_typesupport_microxrcedds_c:/home/ineogi2/ws/Biorobotics/micro_ros/install/microcdr:/home/ineogi2/ws/Biorobotics/micro_ros/install/micro_ros_setup:/home/ineogi2/ws/Biorobotics/ros2_ws/install/realsense2_description:/home/ineogi2/ws/Biorobotics/ros2_ws/install/realsense2_camera:/home/ineogi2/ws/Biorobotics/ros2_ws/install/realsense2_camera_msgs:/home/ineogi2/ws/Biorobotics/ros2_ws/install/ros_image:/opt/ros/foxy LD_LIBRARY_PATH=/home/ineogi2/ws/Biorobotics/micro_ros/install/builtin_interfaces/lib:${LD_LIBRARY_PATH} PYTHONPATH=/home/ineogi2/ws/Biorobotics/micro_ros/install/builtin_interfaces/lib/python3.8/site-packages:${PYTHONPATH} /usr/bin/cmake --build /home/ineogi2/ws/Biorobotics/micro_ros/build/rosgraph_msgs -- -j12 -l12
[2.209s] [  2%] [34m[1mGenerating C code for ROS interfaces[0m
[2.211s] [35m[1mScanning dependencies of target rosgraph_msgs__cpp[0m
[2.220s] [  5%] [34m[1mGenerating C++ code for ROS interfaces[0m
[2.574s] [  5%] Built target rosgraph_msgs__cpp
[2.575s] [35m[1mScanning dependencies of target rosgraph_msgs__rosidl_generator_c[0m
[2.591s] [  7%] [32mBuilding C object CMakeFiles/rosgraph_msgs__rosidl_generator_c.dir/rosidl_generator_c/rosgraph_msgs/msg/detail/clock__functions.c.o[0m
[2.591s] [ 10%] [34m[1mGenerating C++ type support for eProsima Fast-RTPS[0m
[2.601s] [ 15%] [34m[1mGenerating C++ type support dispatch for ROS interfaces[0m
[2.601s] [ 15%] [34m[1mGenerating C++ type support for eProsima Micro XRCE-DDS[0m
[2.606s] [ 17%] [34m[1mGenerating C++ introspection for ROS interfaces[0m
[2.697s] [ 20%] [32m[1mLinking C shared library librosgraph_msgs__rosidl_generator_c.so[0m
[2.793s] [ 20%] Built target rosgraph_msgs__rosidl_generator_c
[2.829s] [ 23%] [34m[1mGenerating C type support dispatch for ROS interfaces[0m
[2.832s] [ 25%] [34m[1mGenerating C type support for eProsima Micro XRCE-DDS[0m
[2.873s] [ 28%] [34m[1mGenerating C introspection for ROS interfaces[0m
[2.958s] [35m[1mScanning dependencies of target rosgraph_msgs__rosidl_typesupport_cpp[0m
[3.026s] [ 30%] [32mBuilding CXX object CMakeFiles/rosgraph_msgs__rosidl_typesupport_cpp.dir/rosidl_typesupport_cpp/rosgraph_msgs/msg/clock__type_support.cpp.o[0m
[3.076s] [35m[1mScanning dependencies of target rosgraph_msgs__rosidl_typesupport_microxrcedds_cpp[0m
[3.142s] [ 33%] [32mBuilding CXX object CMakeFiles/rosgraph_msgs__rosidl_typesupport_microxrcedds_cpp.dir/rosidl_typesupport_microxrcedds_cpp/rosgraph_msgs/msg/detail/microxrcedds/clock__type_support_cpp.cpp.o[0m
[3.205s] [35m[1mScanning dependencies of target rosgraph_msgs__rosidl_typesupport_fastrtps_cpp[0m
[3.250s] [35m[1mScanning dependencies of target rosgraph_msgs__rosidl_typesupport_introspection_cpp[0m
[3.307s] [ 35%] [32mBuilding CXX object CMakeFiles/rosgraph_msgs__rosidl_typesupport_fastrtps_cpp.dir/rosidl_typesupport_fastrtps_cpp/rosgraph_msgs/msg/detail/dds_fastrtps/clock__type_support.cpp.o[0m
[3.336s] [ 38%] [32mBuilding CXX object CMakeFiles/rosgraph_msgs__rosidl_typesupport_introspection_cpp.dir/rosidl_typesupport_introspection_cpp/rosgraph_msgs/msg/detail/clock__type_support.cpp.o[0m
[3.343s] [35m[1mScanning dependencies of target rosgraph_msgs__rosidl_typesupport_introspection_c[0m
[3.364s] [35m[1mScanning dependencies of target rosgraph_msgs__rosidl_typesupport_microxrcedds_c[0m
[3.448s] [ 41%] [32mBuilding C object CMakeFiles/rosgraph_msgs__rosidl_typesupport_introspection_c.dir/rosidl_typesupport_introspection_c/rosgraph_msgs/msg/detail/clock__type_support.c.o[0m
[3.448s] [ 43%] [32mBuilding C object CMakeFiles/rosgraph_msgs__rosidl_typesupport_microxrcedds_c.dir/rosidl_typesupport_microxrcedds_c/rosgraph_msgs/msg/detail/microxrcedds/clock__type_support_c.c.o[0m
[3.605s] [ 46%] [32m[1mLinking C shared library librosgraph_msgs__rosidl_typesupport_introspection_c.so[0m
[3.624s] [35m[1mScanning dependencies of target rosgraph_msgs__rosidl_typesupport_c[0m
[3.631s] [ 48%] [32m[1mLinking C shared library librosgraph_msgs__rosidl_typesupport_microxrcedds_c.so[0m
[3.716s] [ 51%] [32mBuilding CXX object CMakeFiles/rosgraph_msgs__rosidl_typesupport_c.dir/rosidl_typesupport_c/rosgraph_msgs/msg/clock__type_support.cpp.o[0m
[3.811s] [ 51%] Built target rosgraph_msgs__rosidl_typesupport_introspection_c
[3.855s] [ 51%] Built target rosgraph_msgs__rosidl_typesupport_microxrcedds_c
[3.880s] [ 53%] [32m[1mLinking CXX shared library librosgraph_msgs__rosidl_typesupport_c.so[0m
[3.953s] [ 53%] Built target rosgraph_msgs__rosidl_typesupport_c
[3.957s] [ 56%] [32m[1mLinking CXX shared library librosgraph_msgs__rosidl_typesupport_introspection_cpp.so[0m
[4.233s] [ 58%] [32m[1mLinking CXX shared library librosgraph_msgs__rosidl_typesupport_cpp.so[0m
[4.373s] [ 58%] Built target rosgraph_msgs__rosidl_typesupport_introspection_cpp
[4.385s] [ 61%] [32m[1mLinking CXX shared library librosgraph_msgs__rosidl_typesupport_microxrcedds_cpp.so[0m
[4.455s] [ 61%] Built target rosgraph_msgs__rosidl_typesupport_cpp
[4.560s] [ 61%] Built target rosgraph_msgs__rosidl_typesupport_microxrcedds_cpp
[4.585s] [ 64%] [32m[1mLinking CXX shared library librosgraph_msgs__rosidl_typesupport_fastrtps_cpp.so[0m
[4.804s] [ 64%] Built target rosgraph_msgs__rosidl_typesupport_fastrtps_cpp
[4.822s] [ 66%] [34m[1mGenerating C type support for eProsima Fast-RTPS[0m
[5.417s] [35m[1mScanning dependencies of target rosgraph_msgs__rosidl_typesupport_fastrtps_c[0m
[5.494s] [ 69%] [32mBuilding CXX object CMakeFiles/rosgraph_msgs__rosidl_typesupport_fastrtps_c.dir/rosidl_typesupport_fastrtps_c/rosgraph_msgs/msg/detail/clock__type_support_c.cpp.o[0m
[6.785s] [ 71%] [32m[1mLinking CXX shared library librosgraph_msgs__rosidl_typesupport_fastrtps_c.so[0m
[7.150s] [ 71%] Built target rosgraph_msgs__rosidl_typesupport_fastrtps_c
[7.204s] [35m[1mScanning dependencies of target rosgraph_msgs[0m
[7.239s] [ 71%] Built target rosgraph_msgs
[7.306s] [35m[1mScanning dependencies of target rosgraph_msgs__py[0m
[7.364s] [ 74%] [34m[1mGenerating Python code for ROS interfaces[0m
[8.087s] [ 74%] Built target rosgraph_msgs__py
[8.100s] [35m[1mScanning dependencies of target rosgraph_msgs__python[0m
[8.123s] [ 76%] [32mBuilding C object CMakeFiles/rosgraph_msgs__python.dir/rosidl_generator_py/rosgraph_msgs/msg/_clock_s.c.o[0m
[8.243s] [ 79%] [32m[1mLinking C shared library rosidl_generator_py/rosgraph_msgs/librosgraph_msgs__python.so[0m
[8.329s] [ 79%] Built target rosgraph_msgs__python
[8.383s] [35m[1mScanning dependencies of target rosgraph_msgs__rosidl_typesupport_microxrcedds_c__pyext[0m
[8.395s] [35m[1mScanning dependencies of target rosgraph_msgs__rosidl_typesupport_introspection_c__pyext[0m
[8.405s] [35m[1mScanning dependencies of target rosgraph_msgs__rosidl_typesupport_fastrtps_c__pyext[0m
[8.430s] [35m[1mScanning dependencies of target rosgraph_msgs__rosidl_typesupport_c__pyext[0m
[8.448s] [ 82%] [32mBuilding C object CMakeFiles/rosgraph_msgs__rosidl_typesupport_microxrcedds_c__pyext.dir/rosidl_generator_py/rosgraph_msgs/_rosgraph_msgs_s.ep.rosidl_typesupport_microxrcedds_c.c.o[0m
[8.472s] [ 84%] [32mBuilding C object CMakeFiles/rosgraph_msgs__rosidl_typesupport_introspection_c__pyext.dir/rosidl_generator_py/rosgraph_msgs/_rosgraph_msgs_s.ep.rosidl_typesupport_introspection_c.c.o[0m
[8.488s] [ 87%] [32mBuilding C object CMakeFiles/rosgraph_msgs__rosidl_typesupport_fastrtps_c__pyext.dir/rosidl_generator_py/rosgraph_msgs/_rosgraph_msgs_s.ep.rosidl_typesupport_fastrtps_c.c.o[0m
[8.494s] [ 89%] [32mBuilding C object CMakeFiles/rosgraph_msgs__rosidl_typesupport_c__pyext.dir/rosidl_generator_py/rosgraph_msgs/_rosgraph_msgs_s.ep.rosidl_typesupport_c.c.o[0m
[8.632s] [ 92%] [32m[1mLinking C shared library rosidl_generator_py/rosgraph_msgs/rosgraph_msgs_s__rosidl_typesupport_introspection_c.cpython-38-x86_64-linux-gnu.so[0m
[8.651s] [ 94%] [32m[1mLinking C shared library rosidl_generator_py/rosgraph_msgs/rosgraph_msgs_s__rosidl_typesupport_microxrcedds_c.cpython-38-x86_64-linux-gnu.so[0m
[8.686s] [ 97%] [32m[1mLinking C shared library rosidl_generator_py/rosgraph_msgs/rosgraph_msgs_s__rosidl_typesupport_c.cpython-38-x86_64-linux-gnu.so[0m
[8.704s] [100%] [32m[1mLinking CXX shared library rosidl_generator_py/rosgraph_msgs/rosgraph_msgs_s__rosidl_typesupport_fastrtps_c.cpython-38-x86_64-linux-gnu.so[0m
[8.717s] [100%] Built target rosgraph_msgs__rosidl_typesupport_introspection_c__pyext
[8.776s] [100%] Built target rosgraph_msgs__rosidl_typesupport_microxrcedds_c__pyext
[8.829s] [100%] Built target rosgraph_msgs__rosidl_typesupport_fastrtps_c__pyext
[8.833s] [100%] Built target rosgraph_msgs__rosidl_typesupport_c__pyext
[8.858s] Invoked command in '/home/ineogi2/ws/Biorobotics/micro_ros/build/rosgraph_msgs' returned '0': AMENT_PREFIX_PATH=/home/ineogi2/ws/Biorobotics/micro_ros/install/builtin_interfaces:${AMENT_PREFIX_PATH} CMAKE_PREFIX_PATH=/home/ineogi2/ws/Biorobotics/micro_ros/install/builtin_interfaces:/home/ineogi2/ws/Biorobotics/micro_ros/install/rosidl_typesupport_microxrcedds_cpp:/home/ineogi2/ws/Biorobotics/micro_ros/install/rosidl_typesupport_microxrcedds_c:/home/ineogi2/ws/Biorobotics/micro_ros/install/microcdr:/home/ineogi2/ws/Biorobotics/micro_ros/install/micro_ros_setup:/home/ineogi2/ws/Biorobotics/ros2_ws/install/realsense2_description:/home/ineogi2/ws/Biorobotics/ros2_ws/install/realsense2_camera:/home/ineogi2/ws/Biorobotics/ros2_ws/install/realsense2_camera_msgs:/home/ineogi2/ws/Biorobotics/ros2_ws/install/ros_image:/opt/ros/foxy LD_LIBRARY_PATH=/home/ineogi2/ws/Biorobotics/micro_ros/install/builtin_interfaces/lib:${LD_LIBRARY_PATH} PYTHONPATH=/home/ineogi2/ws/Biorobotics/micro_ros/install/builtin_interfaces/lib/python3.8/site-packages:${PYTHONPATH} /usr/bin/cmake --build /home/ineogi2/ws/Biorobotics/micro_ros/build/rosgraph_msgs -- -j12 -l12
[9.530s] Invoking command in '/home/ineogi2/ws/Biorobotics/micro_ros/build/rosgraph_msgs': AMENT_PREFIX_PATH=/home/ineogi2/ws/Biorobotics/micro_ros/install/builtin_interfaces:${AMENT_PREFIX_PATH} CMAKE_PREFIX_PATH=/home/ineogi2/ws/Biorobotics/micro_ros/install/builtin_interfaces:/home/ineogi2/ws/Biorobotics/micro_ros/install/rosidl_typesupport_microxrcedds_cpp:/home/ineogi2/ws/Biorobotics/micro_ros/install/rosidl_typesupport_microxrcedds_c:/home/ineogi2/ws/Biorobotics/micro_ros/install/microcdr:/home/ineogi2/ws/Biorobotics/micro_ros/install/micro_ros_setup:/home/ineogi2/ws/Biorobotics/ros2_ws/install/realsense2_description:/home/ineogi2/ws/Biorobotics/ros2_ws/install/realsense2_camera:/home/ineogi2/ws/Biorobotics/ros2_ws/install/realsense2_camera_msgs:/home/ineogi2/ws/Biorobotics/ros2_ws/install/ros_image:/opt/ros/foxy LD_LIBRARY_PATH=/home/ineogi2/ws/Biorobotics/micro_ros/install/builtin_interfaces/lib:${LD_LIBRARY_PATH} PYTHONPATH=/home/ineogi2/ws/Biorobotics/micro_ros/install/builtin_interfaces/lib/python3.8/site-packages:${PYTHONPATH} /usr/bin/cmake --install /home/ineogi2/ws/Biorobotics/micro_ros/build/rosgraph_msgs
[9.573s] -- Install configuration: ""
[9.573s] -- Installing: /home/ineogi2/ws/Biorobotics/micro_ros/install/rosgraph_msgs/share/ament_index/resource_index/rosidl_interfaces/rosgraph_msgs
[9.574s] -- Installing: /home/ineogi2/ws/Biorobotics/micro_ros/install/rosgraph_msgs/include/rosgraph_msgs
[9.575s] -- Installing: /home/ineogi2/ws/Biorobotics/micro_ros/install/rosgraph_msgs/include/rosgraph_msgs/msg
[9.575s] -- Installing: /home/ineogi2/ws/Biorobotics/micro_ros/install/rosgraph_msgs/include/rosgraph_msgs/msg/clock.h
[9.575s] -- Installing: /home/ineogi2/ws/Biorobotics/micro_ros/install/rosgraph_msgs/include/rosgraph_msgs/msg/rosidl_generator_c__visibility_control.h
[9.577s] -- Installing: /home/ineogi2/ws/Biorobotics/micro_ros/install/rosgraph_msgs/include/rosgraph_msgs/msg/detail
[9.577s] -- Installing: /home/ineogi2/ws/Biorobotics/micro_ros/install/rosgraph_msgs/include/rosgraph_msgs/msg/detail/clock__struct.h
[9.577s] -- Installing: /home/ineogi2/ws/Biorobotics/micro_ros/install/rosgraph_msgs/include/rosgraph_msgs/msg/detail/clock__functions.c
[9.578s] -- Installing: /home/ineogi2/ws/Biorobotics/micro_ros/install/rosgraph_msgs/include/rosgraph_msgs/msg/detail/clock__functions.h
[9.578s] -- Installing: /home/ineogi2/ws/Biorobotics/micro_ros/install/rosgraph_msgs/include/rosgraph_msgs/msg/detail/clock__type_support.h
[9.578s] -- Installing: /home/ineogi2/ws/Biorobotics/micro_ros/install/rosgraph_msgs/share/rosgraph_msgs/environment/library_path.sh
[9.579s] -- Installing: /home/ineogi2/ws/Biorobotics/micro_ros/install/rosgraph_msgs/share/rosgraph_msgs/environment/library_path.dsv
[9.583s] -- Installing: /home/ineogi2/ws/Biorobotics/micro_ros/install/rosgraph_msgs/lib/librosgraph_msgs__rosidl_generator_c.so
[9.584s] -- Set runtime path of "/home/ineogi2/ws/Biorobotics/micro_ros/install/rosgraph_msgs/lib/librosgraph_msgs__rosidl_generator_c.so" to ""
[9.584s] -- Up-to-date: /home/ineogi2/ws/Biorobotics/micro_ros/install/rosgraph_msgs/include/rosgraph_msgs
[9.585s] -- Up-to-date: /home/ineogi2/ws/Biorobotics/micro_ros/install/rosgraph_msgs/include/rosgraph_msgs/msg
[9.585s] -- Up-to-date: /home/ineogi2/ws/Biorobotics/micro_ros/install/rosgraph_msgs/include/rosgraph_msgs/msg/detail
[9.585s] -- Installing: /home/ineogi2/ws/Biorobotics/micro_ros/install/rosgraph_msgs/include/rosgraph_msgs/msg/detail/clock__rosidl_typesupport_microxrcedds_c.h
[9.585s] -- Installing: /home/ineogi2/ws/Biorobotics/micro_ros/install/rosgraph_msgs/include/rosgraph_msgs/msg/detail/microxrcedds
[9.585s] -- Installing: /home/ineogi2/ws/Biorobotics/micro_ros/install/rosgraph_msgs/include/rosgraph_msgs/msg/rosidl_typesupport_microxrcedds_c__visibility_control.h
[9.586s] -- Installing: /home/ineogi2/ws/Biorobotics/micro_ros/install/rosgraph_msgs/lib/librosgraph_msgs__rosidl_typesupport_microxrcedds_c.so
[9.586s] -- Set runtime path of "/home/ineogi2/ws/Biorobotics/micro_ros/install/rosgraph_msgs/lib/librosgraph_msgs__rosidl_typesupport_microxrcedds_c.so" to ""
[9.587s] -- Up-to-date: /home/ineogi2/ws/Biorobotics/micro_ros/install/rosgraph_msgs/include/rosgraph_msgs
[9.587s] -- Up-to-date: /home/ineogi2/ws/Biorobotics/micro_ros/install/rosgraph_msgs/include/rosgraph_msgs/msg
[9.587s] -- Installing: /home/ineogi2/ws/Biorobotics/micro_ros/install/rosgraph_msgs/include/rosgraph_msgs/msg/rosidl_typesupport_fastrtps_c__visibility_control.h
[9.587s] -- Up-to-date: /home/ineogi2/ws/Biorobotics/micro_ros/install/rosgraph_msgs/include/rosgraph_msgs/msg/detail
[9.587s] -- Installing: /home/ineogi2/ws/Biorobotics/micro_ros/install/rosgraph_msgs/include/rosgraph_msgs/msg/detail/clock__rosidl_typesupport_fastrtps_c.h
[9.588s] -- Installing: /home/ineogi2/ws/Biorobotics/micro_ros/install/rosgraph_msgs/lib/librosgraph_msgs__rosidl_typesupport_fastrtps_c.so
[9.588s] -- Set runtime path of "/home/ineogi2/ws/Biorobotics/micro_ros/install/rosgraph_msgs/lib/librosgraph_msgs__rosidl_typesupport_fastrtps_c.so" to ""
[9.588s] -- Up-to-date: /home/ineogi2/ws/Biorobotics/micro_ros/install/rosgraph_msgs/include/rosgraph_msgs
[9.588s] -- Up-to-date: /home/ineogi2/ws/Biorobotics/micro_ros/install/rosgraph_msgs/include/rosgraph_msgs/msg
[9.588s] -- Installing: /home/ineogi2/ws/Biorobotics/micro_ros/install/rosgraph_msgs/include/rosgraph_msgs/msg/rosidl_typesupport_fastrtps_cpp__visibility_control.h
[9.589s] -- Up-to-date: /home/ineogi2/ws/Biorobotics/micro_ros/install/rosgraph_msgs/include/rosgraph_msgs/msg/detail
[9.589s] -- Installing: /home/ineogi2/ws/Biorobotics/micro_ros/install/rosgraph_msgs/include/rosgraph_msgs/msg/detail/dds_fastrtps
[9.589s] -- Installing: /home/ineogi2/ws/Biorobotics/micro_ros/install/rosgraph_msgs/include/rosgraph_msgs/msg/detail/clock__rosidl_typesupport_fastrtps_cpp.hpp
[9.589s] -- Installing: /home/ineogi2/ws/Biorobotics/micro_ros/install/rosgraph_msgs/lib/librosgraph_msgs__rosidl_typesupport_fastrtps_cpp.so
[9.590s] -- Set runtime path of "/home/ineogi2/ws/Biorobotics/micro_ros/install/rosgraph_msgs/lib/librosgraph_msgs__rosidl_typesupport_fastrtps_cpp.so" to ""
[9.590s] -- Up-to-date: /home/ineogi2/ws/Biorobotics/micro_ros/install/rosgraph_msgs/include/rosgraph_msgs
[9.591s] -- Up-to-date: /home/ineogi2/ws/Biorobotics/micro_ros/install/rosgraph_msgs/include/rosgraph_msgs/msg
[9.591s] -- Up-to-date: /home/ineogi2/ws/Biorobotics/micro_ros/install/rosgraph_msgs/include/rosgraph_msgs/msg/detail
[9.591s] -- Installing: /home/ineogi2/ws/Biorobotics/micro_ros/install/rosgraph_msgs/include/rosgraph_msgs/msg/detail/clock__rosidl_typesupport_introspection_c.h
[9.591s] -- Installing: /home/ineogi2/ws/Biorobotics/micro_ros/install/rosgraph_msgs/include/rosgraph_msgs/msg/detail/clock__type_support.c
[9.591s] -- Installing: /home/ineogi2/ws/Biorobotics/micro_ros/install/rosgraph_msgs/include/rosgraph_msgs/msg/rosidl_typesupport_introspection_c__visibility_control.h
[9.599s] -- Installing: /home/ineogi2/ws/Biorobotics/micro_ros/install/rosgraph_msgs/lib/librosgraph_msgs__rosidl_typesupport_introspection_c.so
[9.600s] -- Set runtime path of "/home/ineogi2/ws/Biorobotics/micro_ros/install/rosgraph_msgs/lib/librosgraph_msgs__rosidl_typesupport_introspection_c.so" to ""
[9.600s] -- Installing: /home/ineogi2/ws/Biorobotics/micro_ros/install/rosgraph_msgs/lib/librosgraph_msgs__rosidl_typesupport_c.so
[9.600s] -- Set runtime path of "/home/ineogi2/ws/Biorobotics/micro_ros/install/rosgraph_msgs/lib/librosgraph_msgs__rosidl_typesupport_c.so" to ""
[9.600s] -- Up-to-date: /home/ineogi2/ws/Biorobotics/micro_ros/install/rosgraph_msgs/include/rosgraph_msgs
[9.600s] -- Up-to-date: /home/ineogi2/ws/Biorobotics/micro_ros/install/rosgraph_msgs/include/rosgraph_msgs/msg
[9.601s] -- Installing: /home/ineogi2/ws/Biorobotics/micro_ros/install/rosgraph_msgs/include/rosgraph_msgs/msg/clock.hpp
[9.601s] -- Up-to-date: /home/ineogi2/ws/Biorobotics/micro_ros/install/rosgraph_msgs/include/rosgraph_msgs/msg/detail
[9.601s] -- Installing: /home/ineogi2/ws/Biorobotics/micro_ros/install/rosgraph_msgs/include/rosgraph_msgs/msg/detail/clock__builder.hpp
[9.601s] -- Installing: /home/ineogi2/ws/Biorobotics/micro_ros/install/rosgraph_msgs/include/rosgraph_msgs/msg/detail/clock__struct.hpp
[9.601s] -- Installing: /home/ineogi2/ws/Biorobotics/micro_ros/install/rosgraph_msgs/include/rosgraph_msgs/msg/detail/clock__traits.hpp
[9.601s] -- Up-to-date: /home/ineogi2/ws/Biorobotics/micro_ros/install/rosgraph_msgs/include/rosgraph_msgs
[9.601s] -- Up-to-date: /home/ineogi2/ws/Biorobotics/micro_ros/install/rosgraph_msgs/include/rosgraph_msgs/msg
[9.601s] -- Installing: /home/ineogi2/ws/Biorobotics/micro_ros/install/rosgraph_msgs/include/rosgraph_msgs/msg/rosidl_typesupport_microxrcedds_cpp__visibility_control.h
[9.602s] -- Up-to-date: /home/ineogi2/ws/Biorobotics/micro_ros/install/rosgraph_msgs/include/rosgraph_msgs/msg/detail
[9.602s] -- Up-to-date: /home/ineogi2/ws/Biorobotics/micro_ros/install/rosgraph_msgs/include/rosgraph_msgs/msg/detail/microxrcedds
[9.602s] -- Installing: /home/ineogi2/ws/Biorobotics/micro_ros/install/rosgraph_msgs/include/rosgraph_msgs/msg/detail/microxrcedds/clock__type_support_cpp.cpp
[9.602s] -- Installing: /home/ineogi2/ws/Biorobotics/micro_ros/install/rosgraph_msgs/include/rosgraph_msgs/msg/detail/clock__rosidl_typesupport_microxrcedds_cpp.hpp
[9.602s] -- Installing: /home/ineogi2/ws/Biorobotics/micro_ros/install/rosgraph_msgs/lib/librosgraph_msgs__rosidl_typesupport_microxrcedds_cpp.so
[9.602s] -- Set runtime path of "/home/ineogi2/ws/Biorobotics/micro_ros/install/rosgraph_msgs/lib/librosgraph_msgs__rosidl_typesupport_microxrcedds_cpp.so" to ""
[9.602s] -- Up-to-date: /home/ineogi2/ws/Biorobotics/micro_ros/install/rosgraph_msgs/include/rosgraph_msgs
[9.602s] -- Up-to-date: /home/ineogi2/ws/Biorobotics/micro_ros/install/rosgraph_msgs/include/rosgraph_msgs/msg
[9.603s] -- Up-to-date: /home/ineogi2/ws/Biorobotics/micro_ros/install/rosgraph_msgs/include/rosgraph_msgs/msg/detail
[9.603s] -- Installing: /home/ineogi2/ws/Biorobotics/micro_ros/install/rosgraph_msgs/include/rosgraph_msgs/msg/detail/clock__type_support.cpp
[9.603s] -- Installing: /home/ineogi2/ws/Biorobotics/micro_ros/install/rosgraph_msgs/include/rosgraph_msgs/msg/detail/clock__rosidl_typesupport_introspection_cpp.hpp
[9.603s] -- Installing: /home/ineogi2/ws/Biorobotics/micro_ros/install/rosgraph_msgs/lib/librosgraph_msgs__rosidl_typesupport_introspection_cpp.so
[9.603s] -- Set runtime path of "/home/ineogi2/ws/Biorobotics/micro_ros/install/rosgraph_msgs/lib/librosgraph_msgs__rosidl_typesupport_introspection_cpp.so" to ""
[9.603s] -- Installing: /home/ineogi2/ws/Biorobotics/micro_ros/install/rosgraph_msgs/lib/librosgraph_msgs__rosidl_typesupport_cpp.so
[9.603s] -- Set runtime path of "/home/ineogi2/ws/Biorobotics/micro_ros/install/rosgraph_msgs/lib/librosgraph_msgs__rosidl_typesupport_cpp.so" to ""
[9.604s] -- Installing: /home/ineogi2/ws/Biorobotics/micro_ros/install/rosgraph_msgs/share/rosgraph_msgs/environment/pythonpath.sh
[9.604s] -- Installing: /home/ineogi2/ws/Biorobotics/micro_ros/install/rosgraph_msgs/share/rosgraph_msgs/environment/pythonpath.dsv
[9.604s] -- Installing: /home/ineogi2/ws/Biorobotics/micro_ros/install/rosgraph_msgs/lib/python3.8/site-packages/rosgraph_msgs/__init__.py
[9.707s] Compiling '/home/ineogi2/ws/Biorobotics/micro_ros/install/rosgraph_msgs/lib/python3.8/site-packages/rosgraph_msgs/__init__.py'...
[9.712s] -- Installing: /home/ineogi2/ws/Biorobotics/micro_ros/install/rosgraph_msgs/lib/python3.8/site-packages/rosgraph_msgs/msg
[9.713s] -- Installing: /home/ineogi2/ws/Biorobotics/micro_ros/install/rosgraph_msgs/lib/python3.8/site-packages/rosgraph_msgs/msg/_clock_s.c
[9.713s] -- Installing: /home/ineogi2/ws/Biorobotics/micro_ros/install/rosgraph_msgs/lib/python3.8/site-packages/rosgraph_msgs/msg/__init__.py
[9.713s] -- Installing: /home/ineogi2/ws/Biorobotics/micro_ros/install/rosgraph_msgs/lib/python3.8/site-packages/rosgraph_msgs/msg/_clock.py
[9.713s] -- Installing: /home/ineogi2/ws/Biorobotics/micro_ros/install/rosgraph_msgs/lib/python3.8/site-packages/rosgraph_msgs/rosgraph_msgs_s__rosidl_typesupport_microxrcedds_c.cpython-38-x86_64-linux-gnu.so
[9.714s] -- Set runtime path of "/home/ineogi2/ws/Biorobotics/micro_ros/install/rosgraph_msgs/lib/python3.8/site-packages/rosgraph_msgs/rosgraph_msgs_s__rosidl_typesupport_microxrcedds_c.cpython-38-x86_64-linux-gnu.so" to ""
[9.714s] -- Installing: /home/ineogi2/ws/Biorobotics/micro_ros/install/rosgraph_msgs/lib/python3.8/site-packages/rosgraph_msgs/rosgraph_msgs_s__rosidl_typesupport_fastrtps_c.cpython-38-x86_64-linux-gnu.so
[9.715s] -- Set runtime path of "/home/ineogi2/ws/Biorobotics/micro_ros/install/rosgraph_msgs/lib/python3.8/site-packages/rosgraph_msgs/rosgraph_msgs_s__rosidl_typesupport_fastrtps_c.cpython-38-x86_64-linux-gnu.so" to ""
[9.716s] -- Installing: /home/ineogi2/ws/Biorobotics/micro_ros/install/rosgraph_msgs/lib/python3.8/site-packages/rosgraph_msgs/rosgraph_msgs_s__rosidl_typesupport_introspection_c.cpython-38-x86_64-linux-gnu.so
[9.716s] -- Set runtime path of "/home/ineogi2/ws/Biorobotics/micro_ros/install/rosgraph_msgs/lib/python3.8/site-packages/rosgraph_msgs/rosgraph_msgs_s__rosidl_typesupport_introspection_c.cpython-38-x86_64-linux-gnu.so" to ""
[9.717s] -- Installing: /home/ineogi2/ws/Biorobotics/micro_ros/install/rosgraph_msgs/lib/python3.8/site-packages/rosgraph_msgs/rosgraph_msgs_s__rosidl_typesupport_c.cpython-38-x86_64-linux-gnu.so
[9.717s] -- Set runtime path of "/home/ineogi2/ws/Biorobotics/micro_ros/install/rosgraph_msgs/lib/python3.8/site-packages/rosgraph_msgs/rosgraph_msgs_s__rosidl_typesupport_c.cpython-38-x86_64-linux-gnu.so" to ""
[9.717s] -- Installing: /home/ineogi2/ws/Biorobotics/micro_ros/install/rosgraph_msgs/lib/librosgraph_msgs__python.so
[9.719s] -- Set runtime path of "/home/ineogi2/ws/Biorobotics/micro_ros/install/rosgraph_msgs/lib/librosgraph_msgs__python.so" to ""
[9.719s] -- Installing: /home/ineogi2/ws/Biorobotics/micro_ros/install/rosgraph_msgs/share/rosgraph_msgs/msg/Clock.idl
[9.720s] -- Installing: /home/ineogi2/ws/Biorobotics/micro_ros/install/rosgraph_msgs/share/rosgraph_msgs/msg/Clock.msg
[9.720s] -- Installing: /home/ineogi2/ws/Biorobotics/micro_ros/install/rosgraph_msgs/share/ament_index/resource_index/package_run_dependencies/rosgraph_msgs
[9.720s] -- Installing: /home/ineogi2/ws/Biorobotics/micro_ros/install/rosgraph_msgs/share/ament_index/resource_index/parent_prefix_path/rosgraph_msgs
[9.720s] -- Installing: /home/ineogi2/ws/Biorobotics/micro_ros/install/rosgraph_msgs/share/rosgraph_msgs/environment/ament_prefix_path.sh
[9.720s] -- Installing: /home/ineogi2/ws/Biorobotics/micro_ros/install/rosgraph_msgs/share/rosgraph_msgs/environment/ament_prefix_path.dsv
[9.721s] -- Installing: /home/ineogi2/ws/Biorobotics/micro_ros/install/rosgraph_msgs/share/rosgraph_msgs/environment/path.sh
[9.721s] -- Installing: /home/ineogi2/ws/Biorobotics/micro_ros/install/rosgraph_msgs/share/rosgraph_msgs/environment/path.dsv
[9.721s] -- Installing: /home/ineogi2/ws/Biorobotics/micro_ros/install/rosgraph_msgs/share/rosgraph_msgs/local_setup.bash
[9.721s] -- Installing: /home/ineogi2/ws/Biorobotics/micro_ros/install/rosgraph_msgs/share/rosgraph_msgs/local_setup.sh
[9.721s] -- Installing: /home/ineogi2/ws/Biorobotics/micro_ros/install/rosgraph_msgs/share/rosgraph_msgs/local_setup.zsh
[9.722s] -- Installing: /home/ineogi2/ws/Biorobotics/micro_ros/install/rosgraph_msgs/share/rosgraph_msgs/local_setup.dsv
[9.722s] -- Installing: /home/ineogi2/ws/Biorobotics/micro_ros/install/rosgraph_msgs/share/rosgraph_msgs/package.dsv
[9.722s] -- Installing: /home/ineogi2/ws/Biorobotics/micro_ros/install/rosgraph_msgs/share/ament_index/resource_index/packages/rosgraph_msgs
[9.722s] -- Installing: /home/ineogi2/ws/Biorobotics/micro_ros/install/rosgraph_msgs/share/rosgraph_msgs/cmake/rosgraph_msgs__rosidl_generator_cExport.cmake
[9.722s] -- Installing: /home/ineogi2/ws/Biorobotics/micro_ros/install/rosgraph_msgs/share/rosgraph_msgs/cmake/rosgraph_msgs__rosidl_generator_cExport-noconfig.cmake
[9.723s] -- Installing: /home/ineogi2/ws/Biorobotics/micro_ros/install/rosgraph_msgs/share/rosgraph_msgs/cmake/rosgraph_msgs__rosidl_typesupport_introspection_cExport.cmake
[9.723s] -- Installing: /home/ineogi2/ws/Biorobotics/micro_ros/install/rosgraph_msgs/share/rosgraph_msgs/cmake/rosgraph_msgs__rosidl_typesupport_introspection_cExport-noconfig.cmake
[9.723s] -- Installing: /home/ineogi2/ws/Biorobotics/micro_ros/install/rosgraph_msgs/share/rosgraph_msgs/cmake/rosgraph_msgs__rosidl_typesupport_cExport.cmake
[9.723s] -- Installing: /home/ineogi2/ws/Biorobotics/micro_ros/install/rosgraph_msgs/share/rosgraph_msgs/cmake/rosgraph_msgs__rosidl_typesupport_cExport-noconfig.cmake
[9.723s] -- Installing: /home/ineogi2/ws/Biorobotics/micro_ros/install/rosgraph_msgs/share/rosgraph_msgs/cmake/rosgraph_msgs__rosidl_generator_cppExport.cmake
[9.724s] -- Installing: /home/ineogi2/ws/Biorobotics/micro_ros/install/rosgraph_msgs/share/rosgraph_msgs/cmake/rosgraph_msgs__rosidl_typesupport_introspection_cppExport.cmake
[9.724s] -- Installing: /home/ineogi2/ws/Biorobotics/micro_ros/install/rosgraph_msgs/share/rosgraph_msgs/cmake/rosgraph_msgs__rosidl_typesupport_introspection_cppExport-noconfig.cmake
[9.724s] -- Installing: /home/ineogi2/ws/Biorobotics/micro_ros/install/rosgraph_msgs/share/rosgraph_msgs/cmake/rosgraph_msgs__rosidl_typesupport_cppExport.cmake
[9.724s] -- Installing: /home/ineogi2/ws/Biorobotics/micro_ros/install/rosgraph_msgs/share/rosgraph_msgs/cmake/rosgraph_msgs__rosidl_typesupport_cppExport-noconfig.cmake
[9.724s] -- Installing: /home/ineogi2/ws/Biorobotics/micro_ros/install/rosgraph_msgs/share/rosgraph_msgs/cmake/rosidl_cmake-extras.cmake
[9.725s] -- Installing: /home/ineogi2/ws/Biorobotics/micro_ros/install/rosgraph_msgs/share/rosgraph_msgs/cmake/ament_cmake_export_dependencies-extras.cmake
[9.725s] -- Installing: /home/ineogi2/ws/Biorobotics/micro_ros/install/rosgraph_msgs/share/rosgraph_msgs/cmake/ament_cmake_export_libraries-extras.cmake
[9.725s] -- Installing: /home/ineogi2/ws/Biorobotics/micro_ros/install/rosgraph_msgs/share/rosgraph_msgs/cmake/ament_cmake_export_targets-extras.cmake
[9.725s] -- Installing: /home/ineogi2/ws/Biorobotics/micro_ros/install/rosgraph_msgs/share/rosgraph_msgs/cmake/ament_cmake_export_include_directories-extras.cmake
[9.725s] -- Installing: /home/ineogi2/ws/Biorobotics/micro_ros/install/rosgraph_msgs/share/rosgraph_msgs/cmake/rosidl_cmake_export_typesupport_libraries-extras.cmake
[9.726s] -- Installing: /home/ineogi2/ws/Biorobotics/micro_ros/install/rosgraph_msgs/share/rosgraph_msgs/cmake/rosidl_cmake_export_typesupport_targets-extras.cmake
[9.726s] -- Installing: /home/ineogi2/ws/Biorobotics/micro_ros/install/rosgraph_msgs/share/rosgraph_msgs/cmake/rosgraph_msgsConfig.cmake
[9.726s] -- Installing: /home/ineogi2/ws/Biorobotics/micro_ros/install/rosgraph_msgs/share/rosgraph_msgs/cmake/rosgraph_msgsConfig-version.cmake
[9.726s] -- Installing: /home/ineogi2/ws/Biorobotics/micro_ros/install/rosgraph_msgs/share/rosgraph_msgs/package.xml
[9.730s] Invoked command in '/home/ineogi2/ws/Biorobotics/micro_ros/build/rosgraph_msgs' returned '0': AMENT_PREFIX_PATH=/home/ineogi2/ws/Biorobotics/micro_ros/install/builtin_interfaces:${AMENT_PREFIX_PATH} CMAKE_PREFIX_PATH=/home/ineogi2/ws/Biorobotics/micro_ros/install/builtin_interfaces:/home/ineogi2/ws/Biorobotics/micro_ros/install/rosidl_typesupport_microxrcedds_cpp:/home/ineogi2/ws/Biorobotics/micro_ros/install/rosidl_typesupport_microxrcedds_c:/home/ineogi2/ws/Biorobotics/micro_ros/install/microcdr:/home/ineogi2/ws/Biorobotics/micro_ros/install/micro_ros_setup:/home/ineogi2/ws/Biorobotics/ros2_ws/install/realsense2_description:/home/ineogi2/ws/Biorobotics/ros2_ws/install/realsense2_camera:/home/ineogi2/ws/Biorobotics/ros2_ws/install/realsense2_camera_msgs:/home/ineogi2/ws/Biorobotics/ros2_ws/install/ros_image:/opt/ros/foxy LD_LIBRARY_PATH=/home/ineogi2/ws/Biorobotics/micro_ros/install/builtin_interfaces/lib:${LD_LIBRARY_PATH} PYTHONPATH=/home/ineogi2/ws/Biorobotics/micro_ros/install/builtin_interfaces/lib/python3.8/site-packages:${PYTHONPATH} /usr/bin/cmake --install /home/ineogi2/ws/Biorobotics/micro_ros/build/rosgraph_msgs
