[0.015s] Invoking command in '/home/ineogi2/ros2_ws/build/micro_ros_msgs': CMAKE_PREFIX_PATH=${CMAKE_PREFIX_PATH}:/opt/ros/foxy /usr/bin/cmake /home/ineogi2/ros2_ws/src/uros/micro_ros_msgs -DUAGENT_BUILD_EXECUTABLE=OFF -DUAGENT_P2P_PROFILE=OFF --no-warn-unused-cli -DCMAKE_INSTALL_PREFIX=/home/ineogi2/ros2_ws/install/micro_ros_msgs
[0.024s] Not searching for unused variables given on the command line.
[0.074s] -- The C compiler identification is GNU 9.3.0
[0.133s] -- The CXX compiler identification is GNU 9.3.0
[0.139s] -- Check for working C compiler: /usr/bin/cc
[0.215s] -- Check for working C compiler: /usr/bin/cc -- works
[0.216s] -- Detecting C compiler ABI info
[0.296s] -- Detecting C compiler ABI info - done
[0.316s] -- Detecting C compile features
[0.316s] -- Detecting C compile features - done
[0.319s] -- Check for working CXX compiler: /usr/bin/c++
[0.407s] -- Check for working CXX compiler: /usr/bin/c++ -- works
[0.408s] -- Detecting CXX compiler ABI info
[0.493s] -- Detecting CXX compiler ABI info - done
[0.508s] -- Detecting CXX compile features
[0.508s] -- Detecting CXX compile features - done
[0.511s] -- Found ament_cmake: 0.9.9 (/opt/ros/foxy/share/ament_cmake/cmake)
[0.541s] -- Found PythonInterp: /usr/bin/python3 (found suitable version "3.8.10", minimum required is "3") 
[0.541s] -- Using PYTHON_EXECUTABLE: /usr/bin/python3
[0.785s] -- Found rosidl_default_generators: 1.0.1 (/opt/ros/foxy/share/rosidl_default_generators/cmake)
[0.790s] -- Using all available rosidl_typesupport_c: rosidl_typesupport_fastrtps_c;rosidl_typesupport_introspection_c
[0.798s] -- Found rosidl_adapter: 1.2.1 (/opt/ros/foxy/share/rosidl_adapter/cmake)
[0.903s] -- Found OpenSSL: /usr/lib/x86_64-linux-gnu/libcrypto.so (found version "1.1.1f")  
[0.935s] -- Found FastRTPS: /opt/ros/foxy/include  
[1.029s] -- Using all available rosidl_typesupport_cpp: rosidl_typesupport_fastrtps_cpp;rosidl_typesupport_introspection_cpp
[1.063s] -- Found ament_lint_auto: 0.9.6 (/opt/ros/foxy/share/ament_lint_auto/cmake)
[1.176s] -- Found PythonInterp: /usr/bin/python3 (found version "3.8.10") 
[1.260s] -- Found ament_cmake_ros: 0.9.2 (/opt/ros/foxy/share/ament_cmake_ros/cmake)
[1.371s] -- Using all available rosidl_typesupport_c: rosidl_typesupport_fastrtps_c;rosidl_typesupport_introspection_c
[1.379s] -- Using all available rosidl_typesupport_cpp: rosidl_typesupport_fastrtps_cpp;rosidl_typesupport_introspection_cpp
[1.407s] -- Found PythonInterp: /usr/bin/python3 (found suitable version "3.8.10", minimum required is "3.5") 
[1.409s] -- Found python_cmake_module: 0.8.1 (/opt/ros/foxy/share/python_cmake_module/cmake)
[1.442s] -- Found PythonLibs: /usr/lib/x86_64-linux-gnu/libpython3.8.so (found suitable version "3.8.10", minimum required is "3.5") 
[1.442s] -- Using PYTHON_EXECUTABLE: /usr/bin/python3
[1.442s] -- Using PYTHON_INCLUDE_DIRS: /usr/include/python3.8
[1.442s] -- Using PYTHON_LIBRARIES: /usr/lib/x86_64-linux-gnu/libpython3.8.so
[1.467s] -- Found PythonExtra: .so  
[1.518s] -- Added test 'copyright' to check source files copyright and LICENSE
[1.529s] -- Added test 'lint_cmake' to check CMake code style
[1.535s] -- Added test 'xmllint' to check XML markup files
[1.555s] -- Configuring done
[1.592s] -- Generating done
[1.595s] -- Build files have been written to: /home/ineogi2/ros2_ws/build/micro_ros_msgs
[1.603s] Invoked command in '/home/ineogi2/ros2_ws/build/micro_ros_msgs' returned '0': CMAKE_PREFIX_PATH=${CMAKE_PREFIX_PATH}:/opt/ros/foxy /usr/bin/cmake /home/ineogi2/ros2_ws/src/uros/micro_ros_msgs -DUAGENT_BUILD_EXECUTABLE=OFF -DUAGENT_P2P_PROFILE=OFF --no-warn-unused-cli -DCMAKE_INSTALL_PREFIX=/home/ineogi2/ros2_ws/install/micro_ros_msgs
[1.606s] Invoking command in '/home/ineogi2/ros2_ws/build/micro_ros_msgs': CMAKE_PREFIX_PATH=${CMAKE_PREFIX_PATH}:/opt/ros/foxy /usr/bin/cmake --build /home/ineogi2/ros2_ws/build/micro_ros_msgs -- -j12 -l12
[1.651s] [35m[1mScanning dependencies of target micro_ros_msgs__cpp[0m
[1.651s] [  2%] [34m[1mGenerating C code for ROS interfaces[0m
[1.663s] [  4%] [34m[1mGenerating C++ code for ROS interfaces[0m
[2.059s] [35m[1mScanning dependencies of target micro_ros_msgs__rosidl_generator_c[0m
[2.068s] [  4%] Built target micro_ros_msgs__cpp
[2.072s] [ 10%] [32mBuilding C object CMakeFiles/micro_ros_msgs__rosidl_generator_c.dir/rosidl_generator_c/micro_ros_msgs/msg/detail/graph__functions.c.o[0m
[2.072s] [ 10%] [32mBuilding C object CMakeFiles/micro_ros_msgs__rosidl_generator_c.dir/rosidl_generator_c/micro_ros_msgs/msg/detail/node__functions.c.o[0m
[2.072s] [ 10%] [32mBuilding C object CMakeFiles/micro_ros_msgs__rosidl_generator_c.dir/rosidl_generator_c/micro_ros_msgs/msg/detail/entity__functions.c.o[0m
[2.079s] [ 17%] [34m[1mGenerating C++ introspection for ROS interfaces[0m
[2.079s] [ 17%] [34m[1mGenerating C++ type support for eProsima Fast-RTPS[0m
[2.079s] [ 17%] [34m[1mGenerating C++ type support dispatch for ROS interfaces[0m
[2.132s] [ 19%] [32m[1mLinking C shared library libmicro_ros_msgs__rosidl_generator_c.so[0m
[2.171s] [ 19%] Built target micro_ros_msgs__rosidl_generator_c
[2.182s] [ 23%] [34m[1mGenerating C type support dispatch for ROS interfaces[0m
[2.182s] [ 23%] [34m[1mGenerating C introspection for ROS interfaces[0m
[2.393s] [35m[1mScanning dependencies of target micro_ros_msgs__rosidl_typesupport_cpp[0m
[2.408s] [ 27%] [32mBuilding CXX object CMakeFiles/micro_ros_msgs__rosidl_typesupport_cpp.dir/rosidl_typesupport_cpp/micro_ros_msgs/msg/entity__type_support.cpp.o[0m
[2.408s] [ 27%] [32mBuilding CXX object CMakeFiles/micro_ros_msgs__rosidl_typesupport_cpp.dir/rosidl_typesupport_cpp/micro_ros_msgs/msg/node__type_support.cpp.o[0m
[2.411s] [ 29%] [32mBuilding CXX object CMakeFiles/micro_ros_msgs__rosidl_typesupport_cpp.dir/rosidl_typesupport_cpp/micro_ros_msgs/msg/graph__type_support.cpp.o[0m
[2.437s] [35m[1mScanning dependencies of target micro_ros_msgs__rosidl_typesupport_introspection_cpp[0m
[2.452s] [ 31%] [32mBuilding CXX object CMakeFiles/micro_ros_msgs__rosidl_typesupport_introspection_cpp.dir/rosidl_typesupport_introspection_cpp/micro_ros_msgs/msg/detail/entity__type_support.cpp.o[0m
[2.456s] [ 36%] [32mBuilding CXX object CMakeFiles/micro_ros_msgs__rosidl_typesupport_introspection_cpp.dir/rosidl_typesupport_introspection_cpp/micro_ros_msgs/msg/detail/node__type_support.cpp.o[0m
[2.456s] [ 36%] [32mBuilding CXX object CMakeFiles/micro_ros_msgs__rosidl_typesupport_introspection_cpp.dir/rosidl_typesupport_introspection_cpp/micro_ros_msgs/msg/detail/graph__type_support.cpp.o[0m
[2.501s] [35m[1mScanning dependencies of target micro_ros_msgs__rosidl_typesupport_fastrtps_cpp[0m
[2.528s] [ 40%] [32mBuilding CXX object CMakeFiles/micro_ros_msgs__rosidl_typesupport_fastrtps_cpp.dir/rosidl_typesupport_fastrtps_cpp/micro_ros_msgs/msg/detail/dds_fastrtps/graph__type_support.cpp.o[0m
[2.528s] [ 40%] [32mBuilding CXX object CMakeFiles/micro_ros_msgs__rosidl_typesupport_fastrtps_cpp.dir/rosidl_typesupport_fastrtps_cpp/micro_ros_msgs/msg/detail/dds_fastrtps/node__type_support.cpp.o[0m
[2.532s] [35m[1mScanning dependencies of target micro_ros_msgs__rosidl_typesupport_c[0m
[2.534s] [ 42%] [32mBuilding CXX object CMakeFiles/micro_ros_msgs__rosidl_typesupport_fastrtps_cpp.dir/rosidl_typesupport_fastrtps_cpp/micro_ros_msgs/msg/detail/dds_fastrtps/entity__type_support.cpp.o[0m
[2.553s] [ 44%] [32mBuilding CXX object CMakeFiles/micro_ros_msgs__rosidl_typesupport_c.dir/rosidl_typesupport_c/micro_ros_msgs/msg/graph__type_support.cpp.o[0m
[2.566s] [ 46%] [32mBuilding CXX object CMakeFiles/micro_ros_msgs__rosidl_typesupport_c.dir/rosidl_typesupport_c/micro_ros_msgs/msg/node__type_support.cpp.o[0m
[2.609s] [ 48%] [32mBuilding CXX object CMakeFiles/micro_ros_msgs__rosidl_typesupport_c.dir/rosidl_typesupport_c/micro_ros_msgs/msg/entity__type_support.cpp.o[0m
[2.630s] [35m[1mScanning dependencies of target micro_ros_msgs__rosidl_typesupport_introspection_c[0m
[2.651s] [ 51%] [32mBuilding C object CMakeFiles/micro_ros_msgs__rosidl_typesupport_introspection_c.dir/rosidl_typesupport_introspection_c/micro_ros_msgs/msg/detail/graph__type_support.c.o[0m
[2.651s] [ 53%] [32mBuilding C object CMakeFiles/micro_ros_msgs__rosidl_typesupport_introspection_c.dir/rosidl_typesupport_introspection_c/micro_ros_msgs/msg/detail/node__type_support.c.o[0m
[2.663s] [ 55%] [32m[1mLinking CXX shared library libmicro_ros_msgs__rosidl_typesupport_c.so[0m
[2.709s] [ 57%] [32mBuilding C object CMakeFiles/micro_ros_msgs__rosidl_typesupport_introspection_c.dir/rosidl_typesupport_introspection_c/micro_ros_msgs/msg/detail/entity__type_support.c.o[0m
[2.735s] [ 57%] Built target micro_ros_msgs__rosidl_typesupport_c
[2.753s] [ 59%] [32m[1mLinking C shared library libmicro_ros_msgs__rosidl_typesupport_introspection_c.so[0m
[2.788s] [ 59%] Built target micro_ros_msgs__rosidl_typesupport_introspection_c
[2.940s] [ 61%] [32m[1mLinking CXX shared library libmicro_ros_msgs__rosidl_typesupport_cpp.so[0m
[2.986s] [ 61%] Built target micro_ros_msgs__rosidl_typesupport_cpp
[3.106s] [ 63%] [32m[1mLinking CXX shared library libmicro_ros_msgs__rosidl_typesupport_introspection_cpp.so[0m
[3.192s] [ 63%] Built target micro_ros_msgs__rosidl_typesupport_introspection_cpp
[3.296s] [ 65%] [32m[1mLinking CXX shared library libmicro_ros_msgs__rosidl_typesupport_fastrtps_cpp.so[0m
[3.392s] [ 65%] Built target micro_ros_msgs__rosidl_typesupport_fastrtps_cpp
[3.403s] [ 68%] [34m[1mGenerating C type support for eProsima Fast-RTPS[0m
[3.775s] [35m[1mScanning dependencies of target micro_ros_msgs__rosidl_typesupport_fastrtps_c[0m
[3.792s] [ 74%] [32mBuilding CXX object CMakeFiles/micro_ros_msgs__rosidl_typesupport_fastrtps_c.dir/rosidl_typesupport_fastrtps_c/micro_ros_msgs/msg/detail/graph__type_support_c.cpp.o[0m
[3.792s] [ 74%] [32mBuilding CXX object CMakeFiles/micro_ros_msgs__rosidl_typesupport_fastrtps_c.dir/rosidl_typesupport_fastrtps_c/micro_ros_msgs/msg/detail/node__type_support_c.cpp.o[0m
[3.792s] [ 74%] [32mBuilding CXX object CMakeFiles/micro_ros_msgs__rosidl_typesupport_fastrtps_c.dir/rosidl_typesupport_fastrtps_c/micro_ros_msgs/msg/detail/entity__type_support_c.cpp.o[0m
[4.250s] [ 76%] [32m[1mLinking CXX shared library libmicro_ros_msgs__rosidl_typesupport_fastrtps_c.so[0m
[4.338s] [ 76%] Built target micro_ros_msgs__rosidl_typesupport_fastrtps_c
[4.349s] [35m[1mScanning dependencies of target micro_ros_msgs[0m
[4.360s] [ 76%] Built target micro_ros_msgs
[4.371s] [35m[1mScanning dependencies of target micro_ros_msgs__py[0m
[4.382s] [ 78%] [34m[1mGenerating Python code for ROS interfaces[0m
[5.099s] [ 78%] Built target micro_ros_msgs__py
[5.110s] [35m[1mScanning dependencies of target micro_ros_msgs__python[0m
[5.134s] [ 85%] [32mBuilding C object CMakeFiles/micro_ros_msgs__python.dir/rosidl_generator_py/micro_ros_msgs/msg/_node_s.c.o[0m
[5.134s] [ 85%] [32mBuilding C object CMakeFiles/micro_ros_msgs__python.dir/rosidl_generator_py/micro_ros_msgs/msg/_graph_s.c.o[0m
[5.134s] [ 85%] [32mBuilding C object CMakeFiles/micro_ros_msgs__python.dir/rosidl_generator_py/micro_ros_msgs/msg/_entity_s.c.o[0m
[5.242s] [ 87%] [32m[1mLinking C shared library rosidl_generator_py/micro_ros_msgs/libmicro_ros_msgs__python.so[0m
[5.284s] [ 87%] Built target micro_ros_msgs__python
[5.295s] [35m[1mScanning dependencies of target micro_ros_msgs__rosidl_typesupport_introspection_c__pyext[0m
[5.295s] [35m[1mScanning dependencies of target micro_ros_msgs__rosidl_typesupport_c__pyext[0m
[5.296s] [35m[1mScanning dependencies of target micro_ros_msgs__rosidl_typesupport_fastrtps_c__pyext[0m
[5.315s] [ 93%] [32mBuilding C object CMakeFiles/micro_ros_msgs__rosidl_typesupport_introspection_c__pyext.dir/rosidl_generator_py/micro_ros_msgs/_micro_ros_msgs_s.ep.rosidl_typesupport_introspection_c.c.o[0m
[5.315s] [ 93%] [32mBuilding C object CMakeFiles/micro_ros_msgs__rosidl_typesupport_c__pyext.dir/rosidl_generator_py/micro_ros_msgs/_micro_ros_msgs_s.ep.rosidl_typesupport_c.c.o[0m
[5.315s] [ 93%] [32mBuilding C object CMakeFiles/micro_ros_msgs__rosidl_typesupport_fastrtps_c__pyext.dir/rosidl_generator_py/micro_ros_msgs/_micro_ros_msgs_s.ep.rosidl_typesupport_fastrtps_c.c.o[0m
[5.411s] [ 97%] [32m[1mLinking C shared library rosidl_generator_py/micro_ros_msgs/micro_ros_msgs_s__rosidl_typesupport_c.cpython-38-x86_64-linux-gnu.so[0m
[5.411s] [ 97%] [32m[1mLinking C shared library rosidl_generator_py/micro_ros_msgs/micro_ros_msgs_s__rosidl_typesupport_introspection_c.cpython-38-x86_64-linux-gnu.so[0m
[5.412s] [100%] [32m[1mLinking CXX shared library rosidl_generator_py/micro_ros_msgs/micro_ros_msgs_s__rosidl_typesupport_fastrtps_c.cpython-38-x86_64-linux-gnu.so[0m
[5.448s] [100%] Built target micro_ros_msgs__rosidl_typesupport_c__pyext
[5.448s] [100%] Built target micro_ros_msgs__rosidl_typesupport_introspection_c__pyext
[5.481s] [100%] Built target micro_ros_msgs__rosidl_typesupport_fastrtps_c__pyext
[5.494s] Invoked command in '/home/ineogi2/ros2_ws/build/micro_ros_msgs' returned '0': CMAKE_PREFIX_PATH=${CMAKE_PREFIX_PATH}:/opt/ros/foxy /usr/bin/cmake --build /home/ineogi2/ros2_ws/build/micro_ros_msgs -- -j12 -l12
[5.588s] Invoking command in '/home/ineogi2/ros2_ws/build/micro_ros_msgs': CMAKE_PREFIX_PATH=${CMAKE_PREFIX_PATH}:/opt/ros/foxy /usr/bin/cmake --install /home/ineogi2/ros2_ws/build/micro_ros_msgs
[5.599s] -- Install configuration: ""
[5.599s] -- Installing: /home/ineogi2/ros2_ws/install/micro_ros_msgs/share/ament_index/resource_index/rosidl_interfaces/micro_ros_msgs
[5.599s] -- Installing: /home/ineogi2/ros2_ws/install/micro_ros_msgs/include/micro_ros_msgs
[5.599s] -- Installing: /home/ineogi2/ros2_ws/install/micro_ros_msgs/include/micro_ros_msgs/msg
[5.599s] -- Installing: /home/ineogi2/ros2_ws/install/micro_ros_msgs/include/micro_ros_msgs/msg/detail
[5.599s] -- Installing: /home/ineogi2/ros2_ws/install/micro_ros_msgs/include/micro_ros_msgs/msg/detail/node__functions.h
[5.600s] -- Installing: /home/ineogi2/ros2_ws/install/micro_ros_msgs/include/micro_ros_msgs/msg/detail/graph__functions.c
[5.600s] -- Installing: /home/ineogi2/ros2_ws/install/micro_ros_msgs/include/micro_ros_msgs/msg/detail/entity__functions.c
[5.600s] -- Installing: /home/ineogi2/ros2_ws/install/micro_ros_msgs/include/micro_ros_msgs/msg/detail/graph__type_support.h
[5.600s] -- Installing: /home/ineogi2/ros2_ws/install/micro_ros_msgs/include/micro_ros_msgs/msg/detail/entity__functions.h
[5.600s] -- Installing: /home/ineogi2/ros2_ws/install/micro_ros_msgs/include/micro_ros_msgs/msg/detail/node__type_support.h
[5.600s] -- Installing: /home/ineogi2/ros2_ws/install/micro_ros_msgs/include/micro_ros_msgs/msg/detail/graph__struct.h
[5.600s] -- Installing: /home/ineogi2/ros2_ws/install/micro_ros_msgs/include/micro_ros_msgs/msg/detail/graph__functions.h
[5.600s] -- Installing: /home/ineogi2/ros2_ws/install/micro_ros_msgs/include/micro_ros_msgs/msg/detail/node__struct.h
[5.600s] -- Installing: /home/ineogi2/ros2_ws/install/micro_ros_msgs/include/micro_ros_msgs/msg/detail/node__functions.c
[5.601s] -- Installing: /home/ineogi2/ros2_ws/install/micro_ros_msgs/include/micro_ros_msgs/msg/detail/entity__type_support.h
[5.601s] -- Installing: /home/ineogi2/ros2_ws/install/micro_ros_msgs/include/micro_ros_msgs/msg/detail/entity__struct.h
[5.601s] -- Installing: /home/ineogi2/ros2_ws/install/micro_ros_msgs/include/micro_ros_msgs/msg/entity.h
[5.601s] -- Installing: /home/ineogi2/ros2_ws/install/micro_ros_msgs/include/micro_ros_msgs/msg/node.h
[5.601s] -- Installing: /home/ineogi2/ros2_ws/install/micro_ros_msgs/include/micro_ros_msgs/msg/rosidl_generator_c__visibility_control.h
[5.601s] -- Installing: /home/ineogi2/ros2_ws/install/micro_ros_msgs/include/micro_ros_msgs/msg/graph.h
[5.601s] -- Installing: /home/ineogi2/ros2_ws/install/micro_ros_msgs/share/micro_ros_msgs/environment/library_path.sh
[5.601s] -- Installing: /home/ineogi2/ros2_ws/install/micro_ros_msgs/share/micro_ros_msgs/environment/library_path.dsv
[5.601s] -- Installing: /home/ineogi2/ros2_ws/install/micro_ros_msgs/lib/libmicro_ros_msgs__rosidl_generator_c.so
[5.602s] -- Set runtime path of "/home/ineogi2/ros2_ws/install/micro_ros_msgs/lib/libmicro_ros_msgs__rosidl_generator_c.so" to ""
[5.602s] -- Up-to-date: /home/ineogi2/ros2_ws/install/micro_ros_msgs/include/micro_ros_msgs
[5.602s] -- Up-to-date: /home/ineogi2/ros2_ws/install/micro_ros_msgs/include/micro_ros_msgs/msg
[5.602s] -- Installing: /home/ineogi2/ros2_ws/install/micro_ros_msgs/include/micro_ros_msgs/msg/rosidl_typesupport_fastrtps_c__visibility_control.h
[5.602s] -- Up-to-date: /home/ineogi2/ros2_ws/install/micro_ros_msgs/include/micro_ros_msgs/msg/detail
[5.602s] -- Installing: /home/ineogi2/ros2_ws/install/micro_ros_msgs/include/micro_ros_msgs/msg/detail/entity__rosidl_typesupport_fastrtps_c.h
[5.602s] -- Installing: /home/ineogi2/ros2_ws/install/micro_ros_msgs/include/micro_ros_msgs/msg/detail/node__rosidl_typesupport_fastrtps_c.h
[5.602s] -- Installing: /home/ineogi2/ros2_ws/install/micro_ros_msgs/include/micro_ros_msgs/msg/detail/graph__rosidl_typesupport_fastrtps_c.h
[5.602s] -- Installing: /home/ineogi2/ros2_ws/install/micro_ros_msgs/lib/libmicro_ros_msgs__rosidl_typesupport_fastrtps_c.so
[5.603s] -- Set runtime path of "/home/ineogi2/ros2_ws/install/micro_ros_msgs/lib/libmicro_ros_msgs__rosidl_typesupport_fastrtps_c.so" to ""
[5.603s] -- Up-to-date: /home/ineogi2/ros2_ws/install/micro_ros_msgs/include/micro_ros_msgs
[5.603s] -- Up-to-date: /home/ineogi2/ros2_ws/install/micro_ros_msgs/include/micro_ros_msgs/msg
[5.603s] -- Up-to-date: /home/ineogi2/ros2_ws/install/micro_ros_msgs/include/micro_ros_msgs/msg/detail
[5.603s] -- Installing: /home/ineogi2/ros2_ws/install/micro_ros_msgs/include/micro_ros_msgs/msg/detail/dds_fastrtps
[5.603s] -- Installing: /home/ineogi2/ros2_ws/install/micro_ros_msgs/include/micro_ros_msgs/msg/detail/graph__rosidl_typesupport_fastrtps_cpp.hpp
[5.603s] -- Installing: /home/ineogi2/ros2_ws/install/micro_ros_msgs/include/micro_ros_msgs/msg/detail/node__rosidl_typesupport_fastrtps_cpp.hpp
[5.603s] -- Installing: /home/ineogi2/ros2_ws/install/micro_ros_msgs/include/micro_ros_msgs/msg/detail/entity__rosidl_typesupport_fastrtps_cpp.hpp
[5.603s] -- Installing: /home/ineogi2/ros2_ws/install/micro_ros_msgs/include/micro_ros_msgs/msg/rosidl_typesupport_fastrtps_cpp__visibility_control.h
[5.603s] -- Installing: /home/ineogi2/ros2_ws/install/micro_ros_msgs/lib/libmicro_ros_msgs__rosidl_typesupport_fastrtps_cpp.so
[5.604s] -- Set runtime path of "/home/ineogi2/ros2_ws/install/micro_ros_msgs/lib/libmicro_ros_msgs__rosidl_typesupport_fastrtps_cpp.so" to ""
[5.604s] -- Up-to-date: /home/ineogi2/ros2_ws/install/micro_ros_msgs/include/micro_ros_msgs
[5.604s] -- Up-to-date: /home/ineogi2/ros2_ws/install/micro_ros_msgs/include/micro_ros_msgs/msg
[5.604s] -- Installing: /home/ineogi2/ros2_ws/install/micro_ros_msgs/include/micro_ros_msgs/msg/rosidl_typesupport_introspection_c__visibility_control.h
[5.604s] -- Up-to-date: /home/ineogi2/ros2_ws/install/micro_ros_msgs/include/micro_ros_msgs/msg/detail
[5.604s] -- Installing: /home/ineogi2/ros2_ws/install/micro_ros_msgs/include/micro_ros_msgs/msg/detail/node__type_support.c
[5.604s] -- Installing: /home/ineogi2/ros2_ws/install/micro_ros_msgs/include/micro_ros_msgs/msg/detail/entity__rosidl_typesupport_introspection_c.h
[5.604s] -- Installing: /home/ineogi2/ros2_ws/install/micro_ros_msgs/include/micro_ros_msgs/msg/detail/entity__type_support.c
[5.605s] -- Installing: /home/ineogi2/ros2_ws/install/micro_ros_msgs/include/micro_ros_msgs/msg/detail/graph__rosidl_typesupport_introspection_c.h
[5.605s] -- Installing: /home/ineogi2/ros2_ws/install/micro_ros_msgs/include/micro_ros_msgs/msg/detail/node__rosidl_typesupport_introspection_c.h
[5.605s] -- Installing: /home/ineogi2/ros2_ws/install/micro_ros_msgs/include/micro_ros_msgs/msg/detail/graph__type_support.c
[5.605s] -- Installing: /home/ineogi2/ros2_ws/install/micro_ros_msgs/lib/libmicro_ros_msgs__rosidl_typesupport_introspection_c.so
[5.605s] -- Set runtime path of "/home/ineogi2/ros2_ws/install/micro_ros_msgs/lib/libmicro_ros_msgs__rosidl_typesupport_introspection_c.so" to ""
[5.605s] -- Installing: /home/ineogi2/ros2_ws/install/micro_ros_msgs/lib/libmicro_ros_msgs__rosidl_typesupport_c.so
[5.605s] -- Set runtime path of "/home/ineogi2/ros2_ws/install/micro_ros_msgs/lib/libmicro_ros_msgs__rosidl_typesupport_c.so" to ""
[5.605s] -- Up-to-date: /home/ineogi2/ros2_ws/install/micro_ros_msgs/include/micro_ros_msgs
[5.606s] -- Up-to-date: /home/ineogi2/ros2_ws/install/micro_ros_msgs/include/micro_ros_msgs/msg
[5.606s] -- Installing: /home/ineogi2/ros2_ws/install/micro_ros_msgs/include/micro_ros_msgs/msg/node.hpp
[5.606s] -- Installing: /home/ineogi2/ros2_ws/install/micro_ros_msgs/include/micro_ros_msgs/msg/graph.hpp
[5.606s] -- Up-to-date: /home/ineogi2/ros2_ws/install/micro_ros_msgs/include/micro_ros_msgs/msg/detail
[5.606s] -- Installing: /home/ineogi2/ros2_ws/install/micro_ros_msgs/include/micro_ros_msgs/msg/detail/node__struct.hpp
[5.606s] -- Installing: /home/ineogi2/ros2_ws/install/micro_ros_msgs/include/micro_ros_msgs/msg/detail/node__traits.hpp
[5.606s] -- Installing: /home/ineogi2/ros2_ws/install/micro_ros_msgs/include/micro_ros_msgs/msg/detail/entity__struct.hpp
[5.606s] -- Installing: /home/ineogi2/ros2_ws/install/micro_ros_msgs/include/micro_ros_msgs/msg/detail/graph__builder.hpp
[5.606s] -- Installing: /home/ineogi2/ros2_ws/install/micro_ros_msgs/include/micro_ros_msgs/msg/detail/entity__builder.hpp
[5.607s] -- Installing: /home/ineogi2/ros2_ws/install/micro_ros_msgs/include/micro_ros_msgs/msg/detail/entity__traits.hpp
[5.607s] -- Installing: /home/ineogi2/ros2_ws/install/micro_ros_msgs/include/micro_ros_msgs/msg/detail/graph__traits.hpp
[5.607s] -- Installing: /home/ineogi2/ros2_ws/install/micro_ros_msgs/include/micro_ros_msgs/msg/detail/node__builder.hpp
[5.607s] -- Installing: /home/ineogi2/ros2_ws/install/micro_ros_msgs/include/micro_ros_msgs/msg/detail/graph__struct.hpp
[5.607s] -- Installing: /home/ineogi2/ros2_ws/install/micro_ros_msgs/include/micro_ros_msgs/msg/entity.hpp
[5.607s] -- Up-to-date: /home/ineogi2/ros2_ws/install/micro_ros_msgs/include/micro_ros_msgs
[5.607s] -- Up-to-date: /home/ineogi2/ros2_ws/install/micro_ros_msgs/include/micro_ros_msgs/msg
[5.607s] -- Up-to-date: /home/ineogi2/ros2_ws/install/micro_ros_msgs/include/micro_ros_msgs/msg/detail
[5.608s] -- Installing: /home/ineogi2/ros2_ws/install/micro_ros_msgs/include/micro_ros_msgs/msg/detail/entity__rosidl_typesupport_introspection_cpp.hpp
[5.608s] -- Installing: /home/ineogi2/ros2_ws/install/micro_ros_msgs/include/micro_ros_msgs/msg/detail/node__rosidl_typesupport_introspection_cpp.hpp
[5.608s] -- Installing: /home/ineogi2/ros2_ws/install/micro_ros_msgs/include/micro_ros_msgs/msg/detail/entity__type_support.cpp
[5.608s] -- Installing: /home/ineogi2/ros2_ws/install/micro_ros_msgs/include/micro_ros_msgs/msg/detail/node__type_support.cpp
[5.608s] -- Installing: /home/ineogi2/ros2_ws/install/micro_ros_msgs/include/micro_ros_msgs/msg/detail/graph__type_support.cpp
[5.608s] -- Installing: /home/ineogi2/ros2_ws/install/micro_ros_msgs/include/micro_ros_msgs/msg/detail/graph__rosidl_typesupport_introspection_cpp.hpp
[5.608s] -- Installing: /home/ineogi2/ros2_ws/install/micro_ros_msgs/lib/libmicro_ros_msgs__rosidl_typesupport_introspection_cpp.so
[5.608s] -- Set runtime path of "/home/ineogi2/ros2_ws/install/micro_ros_msgs/lib/libmicro_ros_msgs__rosidl_typesupport_introspection_cpp.so" to ""
[5.608s] -- Installing: /home/ineogi2/ros2_ws/install/micro_ros_msgs/lib/libmicro_ros_msgs__rosidl_typesupport_cpp.so
[5.608s] -- Set runtime path of "/home/ineogi2/ros2_ws/install/micro_ros_msgs/lib/libmicro_ros_msgs__rosidl_typesupport_cpp.so" to ""
[5.609s] -- Installing: /home/ineogi2/ros2_ws/install/micro_ros_msgs/share/micro_ros_msgs/environment/pythonpath.sh
[5.609s] -- Installing: /home/ineogi2/ros2_ws/install/micro_ros_msgs/share/micro_ros_msgs/environment/pythonpath.dsv
[5.609s] -- Installing: /home/ineogi2/ros2_ws/install/micro_ros_msgs/lib/python3.8/site-packages/micro_ros_msgs/__init__.py
[5.645s] Compiling '/home/ineogi2/ros2_ws/install/micro_ros_msgs/lib/python3.8/site-packages/micro_ros_msgs/__init__.py'...
[5.649s] -- Installing: /home/ineogi2/ros2_ws/install/micro_ros_msgs/lib/python3.8/site-packages/micro_ros_msgs/msg
[5.650s] -- Installing: /home/ineogi2/ros2_ws/install/micro_ros_msgs/lib/python3.8/site-packages/micro_ros_msgs/msg/_graph.py
[5.650s] -- Installing: /home/ineogi2/ros2_ws/install/micro_ros_msgs/lib/python3.8/site-packages/micro_ros_msgs/msg/_graph_s.c
[5.650s] -- Installing: /home/ineogi2/ros2_ws/install/micro_ros_msgs/lib/python3.8/site-packages/micro_ros_msgs/msg/_node_s.c
[5.650s] -- Installing: /home/ineogi2/ros2_ws/install/micro_ros_msgs/lib/python3.8/site-packages/micro_ros_msgs/msg/_entity.py
[5.650s] -- Installing: /home/ineogi2/ros2_ws/install/micro_ros_msgs/lib/python3.8/site-packages/micro_ros_msgs/msg/_node.py
[5.650s] -- Installing: /home/ineogi2/ros2_ws/install/micro_ros_msgs/lib/python3.8/site-packages/micro_ros_msgs/msg/_entity_s.c
[5.650s] -- Installing: /home/ineogi2/ros2_ws/install/micro_ros_msgs/lib/python3.8/site-packages/micro_ros_msgs/msg/__init__.py
[5.650s] -- Installing: /home/ineogi2/ros2_ws/install/micro_ros_msgs/lib/python3.8/site-packages/micro_ros_msgs/micro_ros_msgs_s__rosidl_typesupport_fastrtps_c.cpython-38-x86_64-linux-gnu.so
[5.651s] -- Set runtime path of "/home/ineogi2/ros2_ws/install/micro_ros_msgs/lib/python3.8/site-packages/micro_ros_msgs/micro_ros_msgs_s__rosidl_typesupport_fastrtps_c.cpython-38-x86_64-linux-gnu.so" to ""
[5.651s] -- Installing: /home/ineogi2/ros2_ws/install/micro_ros_msgs/lib/python3.8/site-packages/micro_ros_msgs/micro_ros_msgs_s__rosidl_typesupport_introspection_c.cpython-38-x86_64-linux-gnu.so
[5.652s] -- Set runtime path of "/home/ineogi2/ros2_ws/install/micro_ros_msgs/lib/python3.8/site-packages/micro_ros_msgs/micro_ros_msgs_s__rosidl_typesupport_introspection_c.cpython-38-x86_64-linux-gnu.so" to ""
[5.652s] -- Installing: /home/ineogi2/ros2_ws/install/micro_ros_msgs/lib/python3.8/site-packages/micro_ros_msgs/micro_ros_msgs_s__rosidl_typesupport_c.cpython-38-x86_64-linux-gnu.so
[5.652s] -- Set runtime path of "/home/ineogi2/ros2_ws/install/micro_ros_msgs/lib/python3.8/site-packages/micro_ros_msgs/micro_ros_msgs_s__rosidl_typesupport_c.cpython-38-x86_64-linux-gnu.so" to ""
[5.653s] -- Installing: /home/ineogi2/ros2_ws/install/micro_ros_msgs/lib/libmicro_ros_msgs__python.so
[5.653s] -- Set runtime path of "/home/ineogi2/ros2_ws/install/micro_ros_msgs/lib/libmicro_ros_msgs__python.so" to ""
[5.653s] -- Installing: /home/ineogi2/ros2_ws/install/micro_ros_msgs/share/micro_ros_msgs/msg/Graph.idl
[5.653s] -- Installing: /home/ineogi2/ros2_ws/install/micro_ros_msgs/share/micro_ros_msgs/msg/Node.idl
[5.653s] -- Installing: /home/ineogi2/ros2_ws/install/micro_ros_msgs/share/micro_ros_msgs/msg/Entity.idl
[5.653s] -- Installing: /home/ineogi2/ros2_ws/install/micro_ros_msgs/share/micro_ros_msgs/msg/Graph.msg
[5.653s] -- Installing: /home/ineogi2/ros2_ws/install/micro_ros_msgs/share/micro_ros_msgs/msg/Node.msg
[5.653s] -- Installing: /home/ineogi2/ros2_ws/install/micro_ros_msgs/share/micro_ros_msgs/msg/Entity.msg
[5.654s] -- Installing: /home/ineogi2/ros2_ws/install/micro_ros_msgs/share/ament_index/resource_index/package_run_dependencies/micro_ros_msgs
[5.654s] -- Installing: /home/ineogi2/ros2_ws/install/micro_ros_msgs/share/ament_index/resource_index/parent_prefix_path/micro_ros_msgs
[5.654s] -- Installing: /home/ineogi2/ros2_ws/install/micro_ros_msgs/share/micro_ros_msgs/environment/ament_prefix_path.sh
[5.654s] -- Installing: /home/ineogi2/ros2_ws/install/micro_ros_msgs/share/micro_ros_msgs/environment/ament_prefix_path.dsv
[5.654s] -- Installing: /home/ineogi2/ros2_ws/install/micro_ros_msgs/share/micro_ros_msgs/environment/path.sh
[5.654s] -- Installing: /home/ineogi2/ros2_ws/install/micro_ros_msgs/share/micro_ros_msgs/environment/path.dsv
[5.654s] -- Installing: /home/ineogi2/ros2_ws/install/micro_ros_msgs/share/micro_ros_msgs/local_setup.bash
[5.655s] -- Installing: /home/ineogi2/ros2_ws/install/micro_ros_msgs/share/micro_ros_msgs/local_setup.sh
[5.655s] -- Installing: /home/ineogi2/ros2_ws/install/micro_ros_msgs/share/micro_ros_msgs/local_setup.zsh
[5.655s] -- Installing: /home/ineogi2/ros2_ws/install/micro_ros_msgs/share/micro_ros_msgs/local_setup.dsv
[5.655s] -- Installing: /home/ineogi2/ros2_ws/install/micro_ros_msgs/share/micro_ros_msgs/package.dsv
[5.655s] -- Installing: /home/ineogi2/ros2_ws/install/micro_ros_msgs/share/ament_index/resource_index/packages/micro_ros_msgs
[5.655s] -- Installing: /home/ineogi2/ros2_ws/install/micro_ros_msgs/share/micro_ros_msgs/cmake/micro_ros_msgs__rosidl_generator_cExport.cmake
[5.656s] -- Installing: /home/ineogi2/ros2_ws/install/micro_ros_msgs/share/micro_ros_msgs/cmake/micro_ros_msgs__rosidl_generator_cExport-noconfig.cmake
[5.656s] -- Installing: /home/ineogi2/ros2_ws/install/micro_ros_msgs/share/micro_ros_msgs/cmake/micro_ros_msgs__rosidl_typesupport_introspection_cExport.cmake
[5.656s] -- Installing: /home/ineogi2/ros2_ws/install/micro_ros_msgs/share/micro_ros_msgs/cmake/micro_ros_msgs__rosidl_typesupport_introspection_cExport-noconfig.cmake
[5.656s] -- Installing: /home/ineogi2/ros2_ws/install/micro_ros_msgs/share/micro_ros_msgs/cmake/micro_ros_msgs__rosidl_typesupport_cExport.cmake
[5.656s] -- Installing: /home/ineogi2/ros2_ws/install/micro_ros_msgs/share/micro_ros_msgs/cmake/micro_ros_msgs__rosidl_typesupport_cExport-noconfig.cmake
[5.656s] -- Installing: /home/ineogi2/ros2_ws/install/micro_ros_msgs/share/micro_ros_msgs/cmake/micro_ros_msgs__rosidl_generator_cppExport.cmake
[5.657s] -- Installing: /home/ineogi2/ros2_ws/install/micro_ros_msgs/share/micro_ros_msgs/cmake/micro_ros_msgs__rosidl_typesupport_introspection_cppExport.cmake
[5.657s] -- Installing: /home/ineogi2/ros2_ws/install/micro_ros_msgs/share/micro_ros_msgs/cmake/micro_ros_msgs__rosidl_typesupport_introspection_cppExport-noconfig.cmake
[5.657s] -- Installing: /home/ineogi2/ros2_ws/install/micro_ros_msgs/share/micro_ros_msgs/cmake/micro_ros_msgs__rosidl_typesupport_cppExport.cmake
[5.657s] -- Installing: /home/ineogi2/ros2_ws/install/micro_ros_msgs/share/micro_ros_msgs/cmake/micro_ros_msgs__rosidl_typesupport_cppExport-noconfig.cmake
[5.657s] -- Installing: /home/ineogi2/ros2_ws/install/micro_ros_msgs/share/micro_ros_msgs/cmake/rosidl_cmake-extras.cmake
[5.657s] -- Installing: /home/ineogi2/ros2_ws/install/micro_ros_msgs/share/micro_ros_msgs/cmake/ament_cmake_export_dependencies-extras.cmake
[5.657s] -- Installing: /home/ineogi2/ros2_ws/install/micro_ros_msgs/share/micro_ros_msgs/cmake/ament_cmake_export_libraries-extras.cmake
[5.658s] -- Installing: /home/ineogi2/ros2_ws/install/micro_ros_msgs/share/micro_ros_msgs/cmake/ament_cmake_export_targets-extras.cmake
[5.658s] -- Installing: /home/ineogi2/ros2_ws/install/micro_ros_msgs/share/micro_ros_msgs/cmake/ament_cmake_export_include_directories-extras.cmake
[5.658s] -- Installing: /home/ineogi2/ros2_ws/install/micro_ros_msgs/share/micro_ros_msgs/cmake/rosidl_cmake_export_typesupport_libraries-extras.cmake
[5.658s] -- Installing: /home/ineogi2/ros2_ws/install/micro_ros_msgs/share/micro_ros_msgs/cmake/rosidl_cmake_export_typesupport_targets-extras.cmake
[5.658s] -- Installing: /home/ineogi2/ros2_ws/install/micro_ros_msgs/share/micro_ros_msgs/cmake/micro_ros_msgsConfig.cmake
[5.658s] -- Installing: /home/ineogi2/ros2_ws/install/micro_ros_msgs/share/micro_ros_msgs/cmake/micro_ros_msgsConfig-version.cmake
[5.658s] -- Installing: /home/ineogi2/ros2_ws/install/micro_ros_msgs/share/micro_ros_msgs/package.xml
[5.661s] Invoked command in '/home/ineogi2/ros2_ws/build/micro_ros_msgs' returned '0': CMAKE_PREFIX_PATH=${CMAKE_PREFIX_PATH}:/opt/ros/foxy /usr/bin/cmake --install /home/ineogi2/ros2_ws/build/micro_ros_msgs
