[0.038s] Invoking command in '/home/ineogi2/Biorobotics/ros2_ws/build/realsense2_camera': CMAKE_PREFIX_PATH=/home/ineogi2/Biorobotics/ros2_ws/install/realsense2_camera_msgs:/home/ineogi2/micro_ws/install/micro_ros_setup:/home/ineogi2/micro_ws/install/micro_ros_agent:/home/ineogi2/micro_ws/install/micro_ros_msgs:/home/ineogi2/Biorobotics/ros2_ws/install/realsense2_description:/home/ineogi2/Biorobotics/ros2_ws/install/realsense2_camera:/home/ineogi2/Biorobotics/ros2_ws/install/ros_image:/opt/ros/foxy LD_LIBRARY_PATH=/home/ineogi2/Biorobotics/ros2_ws/install/realsense2_camera_msgs/lib:/home/ineogi2/micro_ws/install/micro_ros_agent/lib:/home/ineogi2/micro_ws/install/micro_ros_msgs/lib:/home/ineogi2/Biorobotics/ros2_ws/install/realsense2_camera/lib:/opt/ros/foxy/opt/yaml_cpp_vendor/lib:/opt/ros/foxy/opt/rviz_ogre_vendor/lib:/opt/ros/foxy/lib/x86_64-linux-gnu:/opt/ros/foxy/lib PYTHONPATH=/home/ineogi2/Biorobotics/ros2_ws/install/realsense2_camera_msgs/lib/python3.8/site-packages:/home/ineogi2/micro_ws/install/micro_ros_msgs/lib/python3.8/site-packages:/home/ineogi2/Biorobotics/ros2_ws/build/ros_image:/home/ineogi2/Biorobotics/ros2_ws/install/ros_image/lib/python3.8/site-packages:/opt/ros/foxy/lib/python3.8/site-packages /usr/bin/cmake --build /home/ineogi2/Biorobotics/ros2_ws/build/realsense2_camera -- -j12 -l12
[0.110s] [ 12%] Built target realsense2_camera_node
[0.145s] [100%] Built target realsense2_camera
[0.189s] Invoked command in '/home/ineogi2/Biorobotics/ros2_ws/build/realsense2_camera' returned '0': CMAKE_PREFIX_PATH=/home/ineogi2/Biorobotics/ros2_ws/install/realsense2_camera_msgs:/home/ineogi2/micro_ws/install/micro_ros_setup:/home/ineogi2/micro_ws/install/micro_ros_agent:/home/ineogi2/micro_ws/install/micro_ros_msgs:/home/ineogi2/Biorobotics/ros2_ws/install/realsense2_description:/home/ineogi2/Biorobotics/ros2_ws/install/realsense2_camera:/home/ineogi2/Biorobotics/ros2_ws/install/ros_image:/opt/ros/foxy LD_LIBRARY_PATH=/home/ineogi2/Biorobotics/ros2_ws/install/realsense2_camera_msgs/lib:/home/ineogi2/micro_ws/install/micro_ros_agent/lib:/home/ineogi2/micro_ws/install/micro_ros_msgs/lib:/home/ineogi2/Biorobotics/ros2_ws/install/realsense2_camera/lib:/opt/ros/foxy/opt/yaml_cpp_vendor/lib:/opt/ros/foxy/opt/rviz_ogre_vendor/lib:/opt/ros/foxy/lib/x86_64-linux-gnu:/opt/ros/foxy/lib PYTHONPATH=/home/ineogi2/Biorobotics/ros2_ws/install/realsense2_camera_msgs/lib/python3.8/site-packages:/home/ineogi2/micro_ws/install/micro_ros_msgs/lib/python3.8/site-packages:/home/ineogi2/Biorobotics/ros2_ws/build/ros_image:/home/ineogi2/Biorobotics/ros2_ws/install/ros_image/lib/python3.8/site-packages:/opt/ros/foxy/lib/python3.8/site-packages /usr/bin/cmake --build /home/ineogi2/Biorobotics/ros2_ws/build/realsense2_camera -- -j12 -l12
[0.241s] Invoking command in '/home/ineogi2/Biorobotics/ros2_ws/build/realsense2_camera': CMAKE_PREFIX_PATH=/home/ineogi2/Biorobotics/ros2_ws/install/realsense2_camera_msgs:/home/ineogi2/micro_ws/install/micro_ros_setup:/home/ineogi2/micro_ws/install/micro_ros_agent:/home/ineogi2/micro_ws/install/micro_ros_msgs:/home/ineogi2/Biorobotics/ros2_ws/install/realsense2_description:/home/ineogi2/Biorobotics/ros2_ws/install/realsense2_camera:/home/ineogi2/Biorobotics/ros2_ws/install/ros_image:/opt/ros/foxy LD_LIBRARY_PATH=/home/ineogi2/Biorobotics/ros2_ws/install/realsense2_camera_msgs/lib:/home/ineogi2/micro_ws/install/micro_ros_agent/lib:/home/ineogi2/micro_ws/install/micro_ros_msgs/lib:/home/ineogi2/Biorobotics/ros2_ws/install/realsense2_camera/lib:/opt/ros/foxy/opt/yaml_cpp_vendor/lib:/opt/ros/foxy/opt/rviz_ogre_vendor/lib:/opt/ros/foxy/lib/x86_64-linux-gnu:/opt/ros/foxy/lib PYTHONPATH=/home/ineogi2/Biorobotics/ros2_ws/install/realsense2_camera_msgs/lib/python3.8/site-packages:/home/ineogi2/micro_ws/install/micro_ros_msgs/lib/python3.8/site-packages:/home/ineogi2/Biorobotics/ros2_ws/build/ros_image:/home/ineogi2/Biorobotics/ros2_ws/install/ros_image/lib/python3.8/site-packages:/opt/ros/foxy/lib/python3.8/site-packages /usr/bin/cmake --install /home/ineogi2/Biorobotics/ros2_ws/build/realsense2_camera
[0.250s] -- Install configuration: "Release"
[0.251s] -- Execute custom install script
[0.251s] -- Up-to-date symlink: /home/ineogi2/Biorobotics/ros2_ws/install/realsense2_camera/lib/realsense2_camera/realsense2_camera_node
[0.252s] -- Up-to-date symlink: /home/ineogi2/Biorobotics/ros2_ws/install/realsense2_camera/lib/librealsense2_camera.so
[0.253s] -- Up-to-date symlink: /home/ineogi2/Biorobotics/ros2_ws/install/realsense2_camera/include/base_realsense_node.h
[0.253s] -- Up-to-date symlink: /home/ineogi2/Biorobotics/ros2_ws/install/realsense2_camera/include/constants.h
[0.253s] -- Up-to-date symlink: /home/ineogi2/Biorobotics/ros2_ws/install/realsense2_camera/include/dynamic_params.h
[0.253s] -- Up-to-date symlink: /home/ineogi2/Biorobotics/ros2_ws/install/realsense2_camera/include/image_publisher.h
[0.253s] -- Up-to-date symlink: /home/ineogi2/Biorobotics/ros2_ws/install/realsense2_camera/include/named_filter.h
[0.254s] -- Up-to-date symlink: /home/ineogi2/Biorobotics/ros2_ws/install/realsense2_camera/include/profile_manager.h
[0.254s] -- Up-to-date symlink: /home/ineogi2/Biorobotics/ros2_ws/install/realsense2_camera/include/realsense_node_factory.h
[0.254s] -- Up-to-date symlink: /home/ineogi2/Biorobotics/ros2_ws/install/realsense2_camera/include/ros_param_backend.h
[0.255s] -- Up-to-date symlink: /home/ineogi2/Biorobotics/ros2_ws/install/realsense2_camera/include/ros_sensor.h
[0.255s] -- Up-to-date symlink: /home/ineogi2/Biorobotics/ros2_ws/install/realsense2_camera/include/ros_utils.h
[0.255s] -- Up-to-date symlink: /home/ineogi2/Biorobotics/ros2_ws/install/realsense2_camera/include/sensor_params.h
[0.255s] -- Up-to-date symlink: /home/ineogi2/Biorobotics/ros2_ws/install/realsense2_camera/include/t265_realsense_node.h
[0.255s] -- Up-to-date symlink: /home/ineogi2/Biorobotics/ros2_ws/install/realsense2_camera/share/realsense2_camera/launch/default.rviz
[0.256s] -- Up-to-date symlink: /home/ineogi2/Biorobotics/ros2_ws/install/realsense2_camera/share/realsense2_camera/launch/rs_d400_and_t265_launch.py
[0.256s] -- Up-to-date symlink: /home/ineogi2/Biorobotics/ros2_ws/install/realsense2_camera/share/realsense2_camera/launch/rs_intra_process_demo_launch.py
[0.256s] -- Up-to-date symlink: /home/ineogi2/Biorobotics/ros2_ws/install/realsense2_camera/share/realsense2_camera/launch/rs_launch.py
[0.256s] -- Up-to-date symlink: /home/ineogi2/Biorobotics/ros2_ws/install/realsense2_camera/share/realsense2_camera/launch/rs_multi_camera_launch.py
[0.257s] -- Up-to-date symlink: /home/ineogi2/Biorobotics/ros2_ws/install/realsense2_camera/share/realsense2_camera/environment/library_path.sh
[0.257s] -- Up-to-date symlink: /home/ineogi2/Biorobotics/ros2_ws/install/realsense2_camera/share/realsense2_camera/environment/library_path.dsv
[0.257s] -- Up-to-date symlink: /home/ineogi2/Biorobotics/ros2_ws/install/realsense2_camera/share/ament_index/resource_index/package_run_dependencies/realsense2_camera
[0.258s] -- Up-to-date symlink: /home/ineogi2/Biorobotics/ros2_ws/install/realsense2_camera/share/ament_index/resource_index/parent_prefix_path/realsense2_camera
[0.258s] -- Up-to-date symlink: /home/ineogi2/Biorobotics/ros2_ws/install/realsense2_camera/share/realsense2_camera/environment/ament_prefix_path.sh
[0.258s] -- Up-to-date symlink: /home/ineogi2/Biorobotics/ros2_ws/install/realsense2_camera/share/realsense2_camera/environment/ament_prefix_path.dsv
[0.259s] -- Up-to-date symlink: /home/ineogi2/Biorobotics/ros2_ws/install/realsense2_camera/share/realsense2_camera/environment/path.sh
[0.259s] -- Up-to-date symlink: /home/ineogi2/Biorobotics/ros2_ws/install/realsense2_camera/share/realsense2_camera/environment/path.dsv
[0.259s] -- Up-to-date symlink: /home/ineogi2/Biorobotics/ros2_ws/install/realsense2_camera/share/realsense2_camera/local_setup.bash
[0.260s] -- Up-to-date symlink: /home/ineogi2/Biorobotics/ros2_ws/install/realsense2_camera/share/realsense2_camera/local_setup.sh
[0.260s] -- Up-to-date symlink: /home/ineogi2/Biorobotics/ros2_ws/install/realsense2_camera/share/realsense2_camera/local_setup.zsh
[0.260s] -- Up-to-date symlink: /home/ineogi2/Biorobotics/ros2_ws/install/realsense2_camera/share/realsense2_camera/local_setup.dsv
[0.261s] -- Symlinking: /home/ineogi2/Biorobotics/ros2_ws/install/realsense2_camera/share/realsense2_camera/package.dsv
[0.271s] -- Up-to-date symlink: /home/ineogi2/Biorobotics/ros2_ws/install/realsense2_camera/share/ament_index/resource_index/packages/realsense2_camera
[0.272s] -- Up-to-date symlink: /home/ineogi2/Biorobotics/ros2_ws/install/realsense2_camera/share/ament_index/resource_index/rclcpp_components/realsense2_camera
[0.272s] -- Up-to-date symlink: /home/ineogi2/Biorobotics/ros2_ws/install/realsense2_camera/share/realsense2_camera/cmake/ament_cmake_export_include_directories-extras.cmake
[0.272s] -- Up-to-date symlink: /home/ineogi2/Biorobotics/ros2_ws/install/realsense2_camera/share/realsense2_camera/cmake/ament_cmake_export_libraries-extras.cmake
[0.273s] -- Up-to-date symlink: /home/ineogi2/Biorobotics/ros2_ws/install/realsense2_camera/share/realsense2_camera/cmake/ament_cmake_export_dependencies-extras.cmake
[0.273s] -- Up-to-date symlink: /home/ineogi2/Biorobotics/ros2_ws/install/realsense2_camera/share/realsense2_camera/cmake/realsense2_cameraConfig.cmake
[0.273s] -- Up-to-date symlink: /home/ineogi2/Biorobotics/ros2_ws/install/realsense2_camera/share/realsense2_camera/cmake/realsense2_cameraConfig-version.cmake
[0.273s] -- Up-to-date symlink: /home/ineogi2/Biorobotics/ros2_ws/install/realsense2_camera/share/realsense2_camera/package.xml
[0.281s] Invoked command in '/home/ineogi2/Biorobotics/ros2_ws/build/realsense2_camera' returned '0': CMAKE_PREFIX_PATH=/home/ineogi2/Biorobotics/ros2_ws/install/realsense2_camera_msgs:/home/ineogi2/micro_ws/install/micro_ros_setup:/home/ineogi2/micro_ws/install/micro_ros_agent:/home/ineogi2/micro_ws/install/micro_ros_msgs:/home/ineogi2/Biorobotics/ros2_ws/install/realsense2_description:/home/ineogi2/Biorobotics/ros2_ws/install/realsense2_camera:/home/ineogi2/Biorobotics/ros2_ws/install/ros_image:/opt/ros/foxy LD_LIBRARY_PATH=/home/ineogi2/Biorobotics/ros2_ws/install/realsense2_camera_msgs/lib:/home/ineogi2/micro_ws/install/micro_ros_agent/lib:/home/ineogi2/micro_ws/install/micro_ros_msgs/lib:/home/ineogi2/Biorobotics/ros2_ws/install/realsense2_camera/lib:/opt/ros/foxy/opt/yaml_cpp_vendor/lib:/opt/ros/foxy/opt/rviz_ogre_vendor/lib:/opt/ros/foxy/lib/x86_64-linux-gnu:/opt/ros/foxy/lib PYTHONPATH=/home/ineogi2/Biorobotics/ros2_ws/install/realsense2_camera_msgs/lib/python3.8/site-packages:/home/ineogi2/micro_ws/install/micro_ros_msgs/lib/python3.8/site-packages:/home/ineogi2/Biorobotics/ros2_ws/build/ros_image:/home/ineogi2/Biorobotics/ros2_ws/install/ros_image/lib/python3.8/site-packages:/opt/ros/foxy/lib/python3.8/site-packages /usr/bin/cmake --install /home/ineogi2/Biorobotics/ros2_ws/build/realsense2_camera
