[0.035s] Invoking command in '/home/ineogi2/ws/Biorobotics/micro_ros/build/micro_ros_msgs': CMAKE_PREFIX_PATH=${CMAKE_PREFIX_PATH}:/home/ineogi2/ws/Biorobotics/ros2_ws/install/ros_image:/opt/ros/foxy /usr/bin/cmake /home/ineogi2/ws/Biorobotics/micro_ros/src/uros/micro_ros_msgs -DBUILD_TESTING=OFF -DBUILD_SHARED_LIBS=ON -DCMAKE_INSTALL_PREFIX=/home/ineogi2/ws/Biorobotics/micro_ros/install/micro_ros_msgs
[0.080s] -- The C compiler identification is GNU 9.4.0
[0.133s] -- The CXX compiler identification is GNU 9.4.0
[0.140s] -- Check for working C compiler: /usr/bin/cc
[0.202s] -- Check for working C compiler: /usr/bin/cc -- works
[0.202s] -- Detecting C compiler ABI info
[0.272s] -- Detecting C compiler ABI info - done
[0.290s] -- Detecting C compile features
[0.290s] -- Detecting C compile features - done
[0.291s] -- Check for working CXX compiler: /usr/bin/c++
[0.376s] -- Check for working CXX compiler: /usr/bin/c++ -- works
[0.376s] -- Detecting CXX compiler ABI info
[0.487s] -- Detecting CXX compiler ABI info - done
[0.488s] -- Detecting CXX compile features
[0.488s] -- Detecting CXX compile features - done
[0.488s] -- Found ament_cmake: 0.9.9 (/opt/ros/foxy/share/ament_cmake/cmake)
[0.517s] -- Found PythonInterp: /usr/bin/python3 (found suitable version "3.8.10", minimum required is "3") 
[0.517s] -- Using PYTHON_EXECUTABLE: /usr/bin/python3
[0.699s] -- Found rosidl_default_generators: 1.0.1 (/opt/ros/foxy/share/rosidl_default_generators/cmake)
[0.703s] -- Using all available rosidl_typesupport_c: rosidl_typesupport_microxrcedds_c;rosidl_typesupport_fastrtps_c;rosidl_typesupport_introspection_c
[0.709s] -- Found rosidl_adapter: 1.2.1 (/opt/ros/foxy/share/rosidl_adapter/cmake)
[0.888s] -- Found OpenSSL: /usr/lib/x86_64-linux-gnu/libcrypto.so (found version "1.1.1f")  
[0.938s] -- Found FastRTPS: /opt/ros/foxy/include  
[1.055s] -- Using all available rosidl_typesupport_cpp: rosidl_typesupport_microxrcedds_cpp;rosidl_typesupport_fastrtps_cpp;rosidl_typesupport_introspection_cpp
[1.118s] -- Found PythonInterp: /usr/bin/python3 (found version "3.8.10") 
[1.238s] -- Found ament_cmake_ros: 0.9.2 (/opt/ros/foxy/share/ament_cmake_ros/cmake)
[1.338s] -- Using all available rosidl_typesupport_c: rosidl_typesupport_microxrcedds_c;rosidl_typesupport_fastrtps_c;rosidl_typesupport_introspection_c
[1.349s] -- Using all available rosidl_typesupport_cpp: rosidl_typesupport_microxrcedds_cpp;rosidl_typesupport_fastrtps_cpp;rosidl_typesupport_introspection_cpp
[1.373s] -- Found PythonInterp: /usr/bin/python3 (found suitable version "3.8.10", minimum required is "3.5") 
[1.374s] -- Found python_cmake_module: 0.8.1 (/opt/ros/foxy/share/python_cmake_module/cmake)
[1.402s] -- Found PythonLibs: /usr/lib/x86_64-linux-gnu/libpython3.8.so (found suitable version "3.8.10", minimum required is "3.5") 
[1.403s] -- Using PYTHON_EXECUTABLE: /usr/bin/python3
[1.403s] -- Using PYTHON_INCLUDE_DIRS: /usr/include/python3.8
[1.403s] -- Using PYTHON_LIBRARIES: /usr/lib/x86_64-linux-gnu/libpython3.8.so
[1.430s] -- Found PythonExtra: .so  
[1.481s] -- Configuring done
[1.517s] -- Generating done
[1.519s] -- Build files have been written to: /home/ineogi2/ws/Biorobotics/micro_ros/build/micro_ros_msgs
[1.525s] Invoked command in '/home/ineogi2/ws/Biorobotics/micro_ros/build/micro_ros_msgs' returned '0': CMAKE_PREFIX_PATH=${CMAKE_PREFIX_PATH}:/home/ineogi2/ws/Biorobotics/ros2_ws/install/ros_image:/opt/ros/foxy /usr/bin/cmake /home/ineogi2/ws/Biorobotics/micro_ros/src/uros/micro_ros_msgs -DBUILD_TESTING=OFF -DBUILD_SHARED_LIBS=ON -DCMAKE_INSTALL_PREFIX=/home/ineogi2/ws/Biorobotics/micro_ros/install/micro_ros_msgs
[1.528s] Invoking command in '/home/ineogi2/ws/Biorobotics/micro_ros/build/micro_ros_msgs': CMAKE_PREFIX_PATH=${CMAKE_PREFIX_PATH}:/home/ineogi2/ws/Biorobotics/ros2_ws/install/ros_image:/opt/ros/foxy /usr/bin/cmake --build /home/ineogi2/ws/Biorobotics/micro_ros/build/micro_ros_msgs -- -j12 -l12
[1.562s] [  1%] [34m[1mGenerating C code for ROS interfaces[0m
[1.562s] [35m[1mScanning dependencies of target micro_ros_msgs__cpp[0m
[1.571s] [  3%] [34m[1mGenerating C++ code for ROS interfaces[0m
[2.037s] [  3%] Built target micro_ros_msgs__cpp
[2.065s] [  5%] [34m[1mGenerating C++ type support dispatch for ROS interfaces[0m
[2.069s] [  6%] [34m[1mGenerating C++ introspection for ROS interfaces[0m
[2.075s] [  8%] [34m[1mGenerating C++ type support for eProsima Fast-RTPS[0m
[2.094s] [35m[1mScanning dependencies of target micro_ros_msgs__rosidl_generator_c[0m
[2.112s] [ 10%] [34m[1mGenerating C++ type support for eProsima Micro XRCE-DDS[0m
[2.154s] [ 11%] [32mBuilding C object CMakeFiles/micro_ros_msgs__rosidl_generator_c.dir/rosidl_generator_c/micro_ros_msgs/msg/detail/graph__functions.c.o[0m
[2.181s] [ 13%] [32mBuilding C object CMakeFiles/micro_ros_msgs__rosidl_generator_c.dir/rosidl_generator_c/micro_ros_msgs/msg/detail/node__functions.c.o[0m
[2.182s] [ 15%] [32mBuilding C object CMakeFiles/micro_ros_msgs__rosidl_generator_c.dir/rosidl_generator_c/micro_ros_msgs/msg/detail/entity__functions.c.o[0m
[2.360s] [ 16%] [32m[1mLinking C shared library libmicro_ros_msgs__rosidl_generator_c.so[0m
[2.491s] [ 16%] Built target micro_ros_msgs__rosidl_generator_c
[2.575s] [ 18%] [34m[1mGenerating C type support dispatch for ROS interfaces[0m
[2.602s] [ 20%] [34m[1mGenerating C introspection for ROS interfaces[0m
[2.608s] [ 22%] [34m[1mGenerating C type support for eProsima Micro XRCE-DDS[0m
[2.778s] [35m[1mScanning dependencies of target micro_ros_msgs__rosidl_typesupport_microxrcedds_cpp[0m
[2.845s] [ 23%] [32mBuilding CXX object CMakeFiles/micro_ros_msgs__rosidl_typesupport_microxrcedds_cpp.dir/rosidl_typesupport_microxrcedds_cpp/micro_ros_msgs/msg/detail/microxrcedds/graph__type_support_cpp.cpp.o[0m
[2.848s] [ 25%] [32mBuilding CXX object CMakeFiles/micro_ros_msgs__rosidl_typesupport_microxrcedds_cpp.dir/rosidl_typesupport_microxrcedds_cpp/micro_ros_msgs/msg/detail/microxrcedds/node__type_support_cpp.cpp.o[0m
[2.866s] [ 27%] [32mBuilding CXX object CMakeFiles/micro_ros_msgs__rosidl_typesupport_microxrcedds_cpp.dir/rosidl_typesupport_microxrcedds_cpp/micro_ros_msgs/msg/detail/microxrcedds/entity__type_support_cpp.cpp.o[0m
[2.987s] [35m[1mScanning dependencies of target micro_ros_msgs__rosidl_typesupport_fastrtps_cpp[0m
[3.094s] [ 28%] [32mBuilding CXX object CMakeFiles/micro_ros_msgs__rosidl_typesupport_fastrtps_cpp.dir/rosidl_typesupport_fastrtps_cpp/micro_ros_msgs/msg/detail/dds_fastrtps/graph__type_support.cpp.o[0m
[3.097s] [ 30%] [32mBuilding CXX object CMakeFiles/micro_ros_msgs__rosidl_typesupport_fastrtps_cpp.dir/rosidl_typesupport_fastrtps_cpp/micro_ros_msgs/msg/detail/dds_fastrtps/entity__type_support.cpp.o[0m
[3.098s] [ 32%] [32mBuilding CXX object CMakeFiles/micro_ros_msgs__rosidl_typesupport_fastrtps_cpp.dir/rosidl_typesupport_fastrtps_cpp/micro_ros_msgs/msg/detail/dds_fastrtps/node__type_support.cpp.o[0m
[3.341s] [35m[1mScanning dependencies of target micro_ros_msgs__rosidl_typesupport_cpp[0m
[3.368s] [35m[1mScanning dependencies of target micro_ros_msgs__rosidl_typesupport_introspection_cpp[0m
[3.402s] [ 33%] [32mBuilding CXX object CMakeFiles/micro_ros_msgs__rosidl_typesupport_cpp.dir/rosidl_typesupport_cpp/micro_ros_msgs/msg/node__type_support.cpp.o[0m
[3.405s] [ 35%] [32mBuilding CXX object CMakeFiles/micro_ros_msgs__rosidl_typesupport_cpp.dir/rosidl_typesupport_cpp/micro_ros_msgs/msg/graph__type_support.cpp.o[0m
[3.413s] [ 37%] [32mBuilding CXX object CMakeFiles/micro_ros_msgs__rosidl_typesupport_introspection_cpp.dir/rosidl_typesupport_introspection_cpp/micro_ros_msgs/msg/detail/graph__type_support.cpp.o[0m
[3.833s] [35m[1mScanning dependencies of target micro_ros_msgs__rosidl_typesupport_c[0m
[3.884s] [ 38%] [32mBuilding CXX object CMakeFiles/micro_ros_msgs__rosidl_typesupport_c.dir/rosidl_typesupport_c/micro_ros_msgs/msg/graph__type_support.cpp.o[0m
[4.081s] [ 40%] [32mBuilding CXX object CMakeFiles/micro_ros_msgs__rosidl_typesupport_c.dir/rosidl_typesupport_c/micro_ros_msgs/msg/node__type_support.cpp.o[0m
[4.117s] [ 42%] [32mBuilding CXX object CMakeFiles/micro_ros_msgs__rosidl_typesupport_cpp.dir/rosidl_typesupport_cpp/micro_ros_msgs/msg/entity__type_support.cpp.o[0m
[4.132s] [ 44%] [32mBuilding CXX object CMakeFiles/micro_ros_msgs__rosidl_typesupport_introspection_cpp.dir/rosidl_typesupport_introspection_cpp/micro_ros_msgs/msg/detail/node__type_support.cpp.o[0m
[4.159s] [35m[1mScanning dependencies of target micro_ros_msgs__rosidl_typesupport_microxrcedds_c[0m
[4.218s] [35m[1mScanning dependencies of target micro_ros_msgs__rosidl_typesupport_introspection_c[0m
[4.268s] [ 45%] [32mBuilding C object CMakeFiles/micro_ros_msgs__rosidl_typesupport_microxrcedds_c.dir/rosidl_typesupport_microxrcedds_c/micro_ros_msgs/msg/detail/microxrcedds/graph__type_support_c.c.o[0m
[4.289s] [ 47%] [32mBuilding CXX object CMakeFiles/micro_ros_msgs__rosidl_typesupport_c.dir/rosidl_typesupport_c/micro_ros_msgs/msg/entity__type_support.cpp.o[0m
[4.308s] [ 49%] [32mBuilding C object CMakeFiles/micro_ros_msgs__rosidl_typesupport_introspection_c.dir/rosidl_typesupport_introspection_c/micro_ros_msgs/msg/detail/graph__type_support.c.o[0m
[4.430s] [ 50%] [32mBuilding C object CMakeFiles/micro_ros_msgs__rosidl_typesupport_introspection_c.dir/rosidl_typesupport_introspection_c/micro_ros_msgs/msg/detail/node__type_support.c.o[0m
[4.435s] [ 52%] [32m[1mLinking CXX shared library libmicro_ros_msgs__rosidl_typesupport_c.so[0m
[4.493s] [ 54%] [32mBuilding C object CMakeFiles/micro_ros_msgs__rosidl_typesupport_introspection_c.dir/rosidl_typesupport_introspection_c/micro_ros_msgs/msg/detail/entity__type_support.c.o[0m
[4.494s] [ 55%] [32mBuilding C object CMakeFiles/micro_ros_msgs__rosidl_typesupport_microxrcedds_c.dir/rosidl_typesupport_microxrcedds_c/micro_ros_msgs/msg/detail/microxrcedds/node__type_support_c.c.o[0m
[4.538s] [ 57%] [32mBuilding C object CMakeFiles/micro_ros_msgs__rosidl_typesupport_microxrcedds_c.dir/rosidl_typesupport_microxrcedds_c/micro_ros_msgs/msg/detail/microxrcedds/entity__type_support_c.c.o[0m
[4.602s] [ 59%] [32mBuilding CXX object CMakeFiles/micro_ros_msgs__rosidl_typesupport_introspection_cpp.dir/rosidl_typesupport_introspection_cpp/micro_ros_msgs/msg/detail/entity__type_support.cpp.o[0m
[4.606s] [ 61%] [32m[1mLinking CXX shared library libmicro_ros_msgs__rosidl_typesupport_microxrcedds_cpp.so[0m
[4.689s] [ 62%] [32m[1mLinking C shared library libmicro_ros_msgs__rosidl_typesupport_introspection_c.so[0m
[4.707s] [ 62%] Built target micro_ros_msgs__rosidl_typesupport_c
[4.813s] [ 64%] [32m[1mLinking C shared library libmicro_ros_msgs__rosidl_typesupport_microxrcedds_c.so[0m
[4.845s] [ 64%] Built target micro_ros_msgs__rosidl_typesupport_introspection_c
[4.904s] [ 66%] [32m[1mLinking CXX shared library libmicro_ros_msgs__rosidl_typesupport_fastrtps_cpp.so[0m
[5.001s] [ 66%] Built target micro_ros_msgs__rosidl_typesupport_microxrcedds_cpp
[5.009s] [ 66%] Built target micro_ros_msgs__rosidl_typesupport_microxrcedds_c
[5.200s] [ 66%] Built target micro_ros_msgs__rosidl_typesupport_fastrtps_cpp
[5.227s] [ 67%] [32m[1mLinking CXX shared library libmicro_ros_msgs__rosidl_typesupport_cpp.so[0m
[5.251s] [ 69%] [34m[1mGenerating C type support for eProsima Fast-RTPS[0m
[5.286s] [ 71%] [32m[1mLinking CXX shared library libmicro_ros_msgs__rosidl_typesupport_introspection_cpp.so[0m
[5.351s] [ 71%] Built target micro_ros_msgs__rosidl_typesupport_cpp
[5.461s] [ 71%] Built target micro_ros_msgs__rosidl_typesupport_introspection_cpp
[5.774s] [35m[1mScanning dependencies of target micro_ros_msgs__rosidl_typesupport_fastrtps_c[0m
[5.794s] [ 72%] [32mBuilding CXX object CMakeFiles/micro_ros_msgs__rosidl_typesupport_fastrtps_c.dir/rosidl_typesupport_fastrtps_c/micro_ros_msgs/msg/detail/node__type_support_c.cpp.o[0m
[5.799s] [ 74%] [32mBuilding CXX object CMakeFiles/micro_ros_msgs__rosidl_typesupport_fastrtps_c.dir/rosidl_typesupport_fastrtps_c/micro_ros_msgs/msg/detail/graph__type_support_c.cpp.o[0m
[5.827s] [ 76%] [32mBuilding CXX object CMakeFiles/micro_ros_msgs__rosidl_typesupport_fastrtps_c.dir/rosidl_typesupport_fastrtps_c/micro_ros_msgs/msg/detail/entity__type_support_c.cpp.o[0m
[6.383s] [ 77%] [32m[1mLinking CXX shared library libmicro_ros_msgs__rosidl_typesupport_fastrtps_c.so[0m
[6.535s] [ 77%] Built target micro_ros_msgs__rosidl_typesupport_fastrtps_c
[6.546s] [35m[1mScanning dependencies of target micro_ros_msgs[0m
[6.560s] [ 77%] Built target micro_ros_msgs
[6.575s] [35m[1mScanning dependencies of target micro_ros_msgs__py[0m
[6.612s] [ 79%] [34m[1mGenerating Python code for ROS interfaces[0m
[7.878s] [ 79%] Built target micro_ros_msgs__py
[7.919s] [35m[1mScanning dependencies of target micro_ros_msgs__python[0m
[8.032s] [ 81%] [32mBuilding C object CMakeFiles/micro_ros_msgs__python.dir/rosidl_generator_py/micro_ros_msgs/msg/_node_s.c.o[0m
[8.033s] [ 83%] [32mBuilding C object CMakeFiles/micro_ros_msgs__python.dir/rosidl_generator_py/micro_ros_msgs/msg/_graph_s.c.o[0m
[8.044s] [ 84%] [32mBuilding C object CMakeFiles/micro_ros_msgs__python.dir/rosidl_generator_py/micro_ros_msgs/msg/_entity_s.c.o[0m
[8.283s] [ 86%] [32m[1mLinking C shared library rosidl_generator_py/micro_ros_msgs/libmicro_ros_msgs__python.so[0m
[8.366s] [ 86%] Built target micro_ros_msgs__python
[8.389s] [35m[1mScanning dependencies of target micro_ros_msgs__rosidl_typesupport_introspection_c__pyext[0m
[8.389s] [35m[1mScanning dependencies of target micro_ros_msgs__rosidl_typesupport_fastrtps_c__pyext[0m
[8.412s] [35m[1mScanning dependencies of target micro_ros_msgs__rosidl_typesupport_microxrcedds_c__pyext[0m
[8.422s] [35m[1mScanning dependencies of target micro_ros_msgs__rosidl_typesupport_c__pyext[0m
[8.436s] [ 88%] [32mBuilding C object CMakeFiles/micro_ros_msgs__rosidl_typesupport_introspection_c__pyext.dir/rosidl_generator_py/micro_ros_msgs/_micro_ros_msgs_s.ep.rosidl_typesupport_introspection_c.c.o[0m
[8.445s] [ 89%] [32mBuilding C object CMakeFiles/micro_ros_msgs__rosidl_typesupport_fastrtps_c__pyext.dir/rosidl_generator_py/micro_ros_msgs/_micro_ros_msgs_s.ep.rosidl_typesupport_fastrtps_c.c.o[0m
[8.479s] [ 91%] [32mBuilding C object CMakeFiles/micro_ros_msgs__rosidl_typesupport_microxrcedds_c__pyext.dir/rosidl_generator_py/micro_ros_msgs/_micro_ros_msgs_s.ep.rosidl_typesupport_microxrcedds_c.c.o[0m
[8.496s] [ 93%] [32mBuilding C object CMakeFiles/micro_ros_msgs__rosidl_typesupport_c__pyext.dir/rosidl_generator_py/micro_ros_msgs/_micro_ros_msgs_s.ep.rosidl_typesupport_c.c.o[0m
[8.571s] [ 94%] [32m[1mLinking C shared library rosidl_generator_py/micro_ros_msgs/micro_ros_msgs_s__rosidl_typesupport_introspection_c.cpython-38-x86_64-linux-gnu.so[0m
[8.584s] [ 96%] [32m[1mLinking CXX shared library rosidl_generator_py/micro_ros_msgs/micro_ros_msgs_s__rosidl_typesupport_fastrtps_c.cpython-38-x86_64-linux-gnu.so[0m
[8.618s] [ 96%] Built target micro_ros_msgs__rosidl_typesupport_introspection_c__pyext
[8.618s] [ 98%] [32m[1mLinking C shared library rosidl_generator_py/micro_ros_msgs/micro_ros_msgs_s__rosidl_typesupport_microxrcedds_c.cpython-38-x86_64-linux-gnu.so[0m
[8.618s] [100%] [32m[1mLinking C shared library rosidl_generator_py/micro_ros_msgs/micro_ros_msgs_s__rosidl_typesupport_c.cpython-38-x86_64-linux-gnu.so[0m
[8.661s] [100%] Built target micro_ros_msgs__rosidl_typesupport_fastrtps_c__pyext
[8.674s] [100%] Built target micro_ros_msgs__rosidl_typesupport_microxrcedds_c__pyext
[8.689s] [100%] Built target micro_ros_msgs__rosidl_typesupport_c__pyext
[8.709s] Invoked command in '/home/ineogi2/ws/Biorobotics/micro_ros/build/micro_ros_msgs' returned '0': CMAKE_PREFIX_PATH=${CMAKE_PREFIX_PATH}:/home/ineogi2/ws/Biorobotics/ros2_ws/install/ros_image:/opt/ros/foxy /usr/bin/cmake --build /home/ineogi2/ws/Biorobotics/micro_ros/build/micro_ros_msgs -- -j12 -l12
[8.794s] Invoking command in '/home/ineogi2/ws/Biorobotics/micro_ros/build/micro_ros_msgs': CMAKE_PREFIX_PATH=${CMAKE_PREFIX_PATH}:/home/ineogi2/ws/Biorobotics/ros2_ws/install/ros_image:/opt/ros/foxy /usr/bin/cmake --install /home/ineogi2/ws/Biorobotics/micro_ros/build/micro_ros_msgs
[8.802s] -- Install configuration: ""
[8.802s] -- Installing: /home/ineogi2/ws/Biorobotics/micro_ros/install/micro_ros_msgs/share/ament_index/resource_index/rosidl_interfaces/micro_ros_msgs
[8.802s] -- Installing: /home/ineogi2/ws/Biorobotics/micro_ros/install/micro_ros_msgs/include/micro_ros_msgs
[8.802s] -- Installing: /home/ineogi2/ws/Biorobotics/micro_ros/install/micro_ros_msgs/include/micro_ros_msgs/msg
[8.802s] -- Installing: /home/ineogi2/ws/Biorobotics/micro_ros/install/micro_ros_msgs/include/micro_ros_msgs/msg/node.h
[8.802s] -- Installing: /home/ineogi2/ws/Biorobotics/micro_ros/install/micro_ros_msgs/include/micro_ros_msgs/msg/graph.h
[8.802s] -- Installing: /home/ineogi2/ws/Biorobotics/micro_ros/install/micro_ros_msgs/include/micro_ros_msgs/msg/rosidl_generator_c__visibility_control.h
[8.803s] -- Installing: /home/ineogi2/ws/Biorobotics/micro_ros/install/micro_ros_msgs/include/micro_ros_msgs/msg/entity.h
[8.803s] -- Installing: /home/ineogi2/ws/Biorobotics/micro_ros/install/micro_ros_msgs/include/micro_ros_msgs/msg/detail
[8.803s] -- Installing: /home/ineogi2/ws/Biorobotics/micro_ros/install/micro_ros_msgs/include/micro_ros_msgs/msg/detail/entity__functions.c
[8.803s] -- Installing: /home/ineogi2/ws/Biorobotics/micro_ros/install/micro_ros_msgs/include/micro_ros_msgs/msg/detail/node__type_support.h
[8.803s] -- Installing: /home/ineogi2/ws/Biorobotics/micro_ros/install/micro_ros_msgs/include/micro_ros_msgs/msg/detail/node__functions.c
[8.803s] -- Installing: /home/ineogi2/ws/Biorobotics/micro_ros/install/micro_ros_msgs/include/micro_ros_msgs/msg/detail/entity__functions.h
[8.803s] -- Installing: /home/ineogi2/ws/Biorobotics/micro_ros/install/micro_ros_msgs/include/micro_ros_msgs/msg/detail/node__functions.h
[8.803s] -- Installing: /home/ineogi2/ws/Biorobotics/micro_ros/install/micro_ros_msgs/include/micro_ros_msgs/msg/detail/entity__struct.h
[8.803s] -- Installing: /home/ineogi2/ws/Biorobotics/micro_ros/install/micro_ros_msgs/include/micro_ros_msgs/msg/detail/graph__functions.c
[8.803s] -- Installing: /home/ineogi2/ws/Biorobotics/micro_ros/install/micro_ros_msgs/include/micro_ros_msgs/msg/detail/node__struct.h
[8.803s] -- Installing: /home/ineogi2/ws/Biorobotics/micro_ros/install/micro_ros_msgs/include/micro_ros_msgs/msg/detail/graph__type_support.h
[8.804s] -- Installing: /home/ineogi2/ws/Biorobotics/micro_ros/install/micro_ros_msgs/include/micro_ros_msgs/msg/detail/graph__functions.h
[8.804s] -- Installing: /home/ineogi2/ws/Biorobotics/micro_ros/install/micro_ros_msgs/include/micro_ros_msgs/msg/detail/graph__struct.h
[8.804s] -- Installing: /home/ineogi2/ws/Biorobotics/micro_ros/install/micro_ros_msgs/include/micro_ros_msgs/msg/detail/entity__type_support.h
[8.804s] -- Installing: /home/ineogi2/ws/Biorobotics/micro_ros/install/micro_ros_msgs/share/micro_ros_msgs/environment/library_path.sh
[8.804s] -- Installing: /home/ineogi2/ws/Biorobotics/micro_ros/install/micro_ros_msgs/share/micro_ros_msgs/environment/library_path.dsv
[8.804s] -- Installing: /home/ineogi2/ws/Biorobotics/micro_ros/install/micro_ros_msgs/lib/libmicro_ros_msgs__rosidl_generator_c.so
[8.804s] -- Set runtime path of "/home/ineogi2/ws/Biorobotics/micro_ros/install/micro_ros_msgs/lib/libmicro_ros_msgs__rosidl_generator_c.so" to ""
[8.804s] -- Up-to-date: /home/ineogi2/ws/Biorobotics/micro_ros/install/micro_ros_msgs/include/micro_ros_msgs
[8.804s] -- Up-to-date: /home/ineogi2/ws/Biorobotics/micro_ros/install/micro_ros_msgs/include/micro_ros_msgs/msg
[8.804s] -- Up-to-date: /home/ineogi2/ws/Biorobotics/micro_ros/install/micro_ros_msgs/include/micro_ros_msgs/msg/detail
[8.804s] -- Installing: /home/ineogi2/ws/Biorobotics/micro_ros/install/micro_ros_msgs/include/micro_ros_msgs/msg/detail/entity__rosidl_typesupport_microxrcedds_c.h
[8.805s] -- Installing: /home/ineogi2/ws/Biorobotics/micro_ros/install/micro_ros_msgs/include/micro_ros_msgs/msg/detail/graph__rosidl_typesupport_microxrcedds_c.h
[8.805s] -- Installing: /home/ineogi2/ws/Biorobotics/micro_ros/install/micro_ros_msgs/include/micro_ros_msgs/msg/detail/microxrcedds
[8.805s] -- Installing: /home/ineogi2/ws/Biorobotics/micro_ros/install/micro_ros_msgs/include/micro_ros_msgs/msg/detail/node__rosidl_typesupport_microxrcedds_c.h
[8.805s] -- Installing: /home/ineogi2/ws/Biorobotics/micro_ros/install/micro_ros_msgs/include/micro_ros_msgs/msg/rosidl_typesupport_microxrcedds_c__visibility_control.h
[8.805s] -- Installing: /home/ineogi2/ws/Biorobotics/micro_ros/install/micro_ros_msgs/lib/libmicro_ros_msgs__rosidl_typesupport_microxrcedds_c.so
[8.805s] -- Set runtime path of "/home/ineogi2/ws/Biorobotics/micro_ros/install/micro_ros_msgs/lib/libmicro_ros_msgs__rosidl_typesupport_microxrcedds_c.so" to ""
[8.805s] -- Up-to-date: /home/ineogi2/ws/Biorobotics/micro_ros/install/micro_ros_msgs/include/micro_ros_msgs
[8.805s] -- Up-to-date: /home/ineogi2/ws/Biorobotics/micro_ros/install/micro_ros_msgs/include/micro_ros_msgs/msg
[8.805s] -- Installing: /home/ineogi2/ws/Biorobotics/micro_ros/install/micro_ros_msgs/include/micro_ros_msgs/msg/rosidl_typesupport_fastrtps_c__visibility_control.h
[8.806s] -- Up-to-date: /home/ineogi2/ws/Biorobotics/micro_ros/install/micro_ros_msgs/include/micro_ros_msgs/msg/detail
[8.806s] -- Installing: /home/ineogi2/ws/Biorobotics/micro_ros/install/micro_ros_msgs/include/micro_ros_msgs/msg/detail/entity__rosidl_typesupport_fastrtps_c.h
[8.806s] -- Installing: /home/ineogi2/ws/Biorobotics/micro_ros/install/micro_ros_msgs/include/micro_ros_msgs/msg/detail/node__rosidl_typesupport_fastrtps_c.h
[8.806s] -- Installing: /home/ineogi2/ws/Biorobotics/micro_ros/install/micro_ros_msgs/include/micro_ros_msgs/msg/detail/graph__rosidl_typesupport_fastrtps_c.h
[8.806s] -- Installing: /home/ineogi2/ws/Biorobotics/micro_ros/install/micro_ros_msgs/lib/libmicro_ros_msgs__rosidl_typesupport_fastrtps_c.so
[8.806s] -- Set runtime path of "/home/ineogi2/ws/Biorobotics/micro_ros/install/micro_ros_msgs/lib/libmicro_ros_msgs__rosidl_typesupport_fastrtps_c.so" to ""
[8.806s] -- Up-to-date: /home/ineogi2/ws/Biorobotics/micro_ros/install/micro_ros_msgs/include/micro_ros_msgs
[8.806s] -- Up-to-date: /home/ineogi2/ws/Biorobotics/micro_ros/install/micro_ros_msgs/include/micro_ros_msgs/msg
[8.806s] -- Installing: /home/ineogi2/ws/Biorobotics/micro_ros/install/micro_ros_msgs/include/micro_ros_msgs/msg/rosidl_typesupport_fastrtps_cpp__visibility_control.h
[8.806s] -- Up-to-date: /home/ineogi2/ws/Biorobotics/micro_ros/install/micro_ros_msgs/include/micro_ros_msgs/msg/detail
[8.806s] -- Installing: /home/ineogi2/ws/Biorobotics/micro_ros/install/micro_ros_msgs/include/micro_ros_msgs/msg/detail/entity__rosidl_typesupport_fastrtps_cpp.hpp
[8.807s] -- Installing: /home/ineogi2/ws/Biorobotics/micro_ros/install/micro_ros_msgs/include/micro_ros_msgs/msg/detail/dds_fastrtps
[8.807s] -- Installing: /home/ineogi2/ws/Biorobotics/micro_ros/install/micro_ros_msgs/include/micro_ros_msgs/msg/detail/node__rosidl_typesupport_fastrtps_cpp.hpp
[8.807s] -- Installing: /home/ineogi2/ws/Biorobotics/micro_ros/install/micro_ros_msgs/include/micro_ros_msgs/msg/detail/graph__rosidl_typesupport_fastrtps_cpp.hpp
[8.807s] -- Installing: /home/ineogi2/ws/Biorobotics/micro_ros/install/micro_ros_msgs/lib/libmicro_ros_msgs__rosidl_typesupport_fastrtps_cpp.so
[8.807s] -- Set runtime path of "/home/ineogi2/ws/Biorobotics/micro_ros/install/micro_ros_msgs/lib/libmicro_ros_msgs__rosidl_typesupport_fastrtps_cpp.so" to ""
[8.807s] -- Up-to-date: /home/ineogi2/ws/Biorobotics/micro_ros/install/micro_ros_msgs/include/micro_ros_msgs
[8.807s] -- Up-to-date: /home/ineogi2/ws/Biorobotics/micro_ros/install/micro_ros_msgs/include/micro_ros_msgs/msg
[8.807s] -- Up-to-date: /home/ineogi2/ws/Biorobotics/micro_ros/install/micro_ros_msgs/include/micro_ros_msgs/msg/detail
[8.807s] -- Installing: /home/ineogi2/ws/Biorobotics/micro_ros/install/micro_ros_msgs/include/micro_ros_msgs/msg/detail/node__type_support.c
[8.807s] -- Installing: /home/ineogi2/ws/Biorobotics/micro_ros/install/micro_ros_msgs/include/micro_ros_msgs/msg/detail/graph__type_support.c
[8.807s] -- Installing: /home/ineogi2/ws/Biorobotics/micro_ros/install/micro_ros_msgs/include/micro_ros_msgs/msg/detail/node__rosidl_typesupport_introspection_c.h
[8.808s] -- Installing: /home/ineogi2/ws/Biorobotics/micro_ros/install/micro_ros_msgs/include/micro_ros_msgs/msg/detail/entity__type_support.c
[8.808s] -- Installing: /home/ineogi2/ws/Biorobotics/micro_ros/install/micro_ros_msgs/include/micro_ros_msgs/msg/detail/graph__rosidl_typesupport_introspection_c.h
[8.808s] -- Installing: /home/ineogi2/ws/Biorobotics/micro_ros/install/micro_ros_msgs/include/micro_ros_msgs/msg/detail/entity__rosidl_typesupport_introspection_c.h
[8.808s] -- Installing: /home/ineogi2/ws/Biorobotics/micro_ros/install/micro_ros_msgs/include/micro_ros_msgs/msg/rosidl_typesupport_introspection_c__visibility_control.h
[8.808s] -- Installing: /home/ineogi2/ws/Biorobotics/micro_ros/install/micro_ros_msgs/lib/libmicro_ros_msgs__rosidl_typesupport_introspection_c.so
[8.808s] -- Set runtime path of "/home/ineogi2/ws/Biorobotics/micro_ros/install/micro_ros_msgs/lib/libmicro_ros_msgs__rosidl_typesupport_introspection_c.so" to ""
[8.808s] -- Installing: /home/ineogi2/ws/Biorobotics/micro_ros/install/micro_ros_msgs/lib/libmicro_ros_msgs__rosidl_typesupport_c.so
[8.808s] -- Set runtime path of "/home/ineogi2/ws/Biorobotics/micro_ros/install/micro_ros_msgs/lib/libmicro_ros_msgs__rosidl_typesupport_c.so" to ""
[8.808s] -- Up-to-date: /home/ineogi2/ws/Biorobotics/micro_ros/install/micro_ros_msgs/include/micro_ros_msgs
[8.809s] -- Up-to-date: /home/ineogi2/ws/Biorobotics/micro_ros/install/micro_ros_msgs/include/micro_ros_msgs/msg
[8.809s] -- Installing: /home/ineogi2/ws/Biorobotics/micro_ros/install/micro_ros_msgs/include/micro_ros_msgs/msg/node.hpp
[8.809s] -- Installing: /home/ineogi2/ws/Biorobotics/micro_ros/install/micro_ros_msgs/include/micro_ros_msgs/msg/entity.hpp
[8.809s] -- Installing: /home/ineogi2/ws/Biorobotics/micro_ros/install/micro_ros_msgs/include/micro_ros_msgs/msg/graph.hpp
[8.809s] -- Up-to-date: /home/ineogi2/ws/Biorobotics/micro_ros/install/micro_ros_msgs/include/micro_ros_msgs/msg/detail
[8.809s] -- Installing: /home/ineogi2/ws/Biorobotics/micro_ros/install/micro_ros_msgs/include/micro_ros_msgs/msg/detail/entity__builder.hpp
[8.809s] -- Installing: /home/ineogi2/ws/Biorobotics/micro_ros/install/micro_ros_msgs/include/micro_ros_msgs/msg/detail/graph__builder.hpp
[8.809s] -- Installing: /home/ineogi2/ws/Biorobotics/micro_ros/install/micro_ros_msgs/include/micro_ros_msgs/msg/detail/graph__traits.hpp
[8.809s] -- Installing: /home/ineogi2/ws/Biorobotics/micro_ros/install/micro_ros_msgs/include/micro_ros_msgs/msg/detail/entity__traits.hpp
[8.810s] -- Installing: /home/ineogi2/ws/Biorobotics/micro_ros/install/micro_ros_msgs/include/micro_ros_msgs/msg/detail/entity__struct.hpp
[8.810s] -- Installing: /home/ineogi2/ws/Biorobotics/micro_ros/install/micro_ros_msgs/include/micro_ros_msgs/msg/detail/node__builder.hpp
[8.810s] -- Installing: /home/ineogi2/ws/Biorobotics/micro_ros/install/micro_ros_msgs/include/micro_ros_msgs/msg/detail/node__struct.hpp
[8.810s] -- Installing: /home/ineogi2/ws/Biorobotics/micro_ros/install/micro_ros_msgs/include/micro_ros_msgs/msg/detail/graph__struct.hpp
[8.810s] -- Installing: /home/ineogi2/ws/Biorobotics/micro_ros/install/micro_ros_msgs/include/micro_ros_msgs/msg/detail/node__traits.hpp
[8.810s] -- Up-to-date: /home/ineogi2/ws/Biorobotics/micro_ros/install/micro_ros_msgs/include/micro_ros_msgs
[8.810s] -- Up-to-date: /home/ineogi2/ws/Biorobotics/micro_ros/install/micro_ros_msgs/include/micro_ros_msgs/msg
[8.810s] -- Installing: /home/ineogi2/ws/Biorobotics/micro_ros/install/micro_ros_msgs/include/micro_ros_msgs/msg/rosidl_typesupport_microxrcedds_cpp__visibility_control.h
[8.810s] -- Up-to-date: /home/ineogi2/ws/Biorobotics/micro_ros/install/micro_ros_msgs/include/micro_ros_msgs/msg/detail
[8.810s] -- Installing: /home/ineogi2/ws/Biorobotics/micro_ros/install/micro_ros_msgs/include/micro_ros_msgs/msg/detail/graph__rosidl_typesupport_microxrcedds_cpp.hpp
[8.811s] -- Installing: /home/ineogi2/ws/Biorobotics/micro_ros/install/micro_ros_msgs/include/micro_ros_msgs/msg/detail/node__rosidl_typesupport_microxrcedds_cpp.hpp
[8.811s] -- Installing: /home/ineogi2/ws/Biorobotics/micro_ros/install/micro_ros_msgs/include/micro_ros_msgs/msg/detail/entity__rosidl_typesupport_microxrcedds_cpp.hpp
[8.811s] -- Up-to-date: /home/ineogi2/ws/Biorobotics/micro_ros/install/micro_ros_msgs/include/micro_ros_msgs/msg/detail/microxrcedds
[8.811s] -- Installing: /home/ineogi2/ws/Biorobotics/micro_ros/install/micro_ros_msgs/include/micro_ros_msgs/msg/detail/microxrcedds/node__type_support_cpp.cpp
[8.811s] -- Installing: /home/ineogi2/ws/Biorobotics/micro_ros/install/micro_ros_msgs/include/micro_ros_msgs/msg/detail/microxrcedds/graph__type_support_cpp.cpp
[8.811s] -- Installing: /home/ineogi2/ws/Biorobotics/micro_ros/install/micro_ros_msgs/include/micro_ros_msgs/msg/detail/microxrcedds/entity__type_support_cpp.cpp
[8.811s] -- Installing: /home/ineogi2/ws/Biorobotics/micro_ros/install/micro_ros_msgs/lib/libmicro_ros_msgs__rosidl_typesupport_microxrcedds_cpp.so
[8.811s] -- Set runtime path of "/home/ineogi2/ws/Biorobotics/micro_ros/install/micro_ros_msgs/lib/libmicro_ros_msgs__rosidl_typesupport_microxrcedds_cpp.so" to ""
[8.811s] -- Up-to-date: /home/ineogi2/ws/Biorobotics/micro_ros/install/micro_ros_msgs/include/micro_ros_msgs
[8.811s] -- Up-to-date: /home/ineogi2/ws/Biorobotics/micro_ros/install/micro_ros_msgs/include/micro_ros_msgs/msg
[8.812s] -- Up-to-date: /home/ineogi2/ws/Biorobotics/micro_ros/install/micro_ros_msgs/include/micro_ros_msgs/msg/detail
[8.812s] -- Installing: /home/ineogi2/ws/Biorobotics/micro_ros/install/micro_ros_msgs/include/micro_ros_msgs/msg/detail/node__rosidl_typesupport_introspection_cpp.hpp
[8.812s] -- Installing: /home/ineogi2/ws/Biorobotics/micro_ros/install/micro_ros_msgs/include/micro_ros_msgs/msg/detail/graph__type_support.cpp
[8.812s] -- Installing: /home/ineogi2/ws/Biorobotics/micro_ros/install/micro_ros_msgs/include/micro_ros_msgs/msg/detail/entity__type_support.cpp
[8.812s] -- Installing: /home/ineogi2/ws/Biorobotics/micro_ros/install/micro_ros_msgs/include/micro_ros_msgs/msg/detail/graph__rosidl_typesupport_introspection_cpp.hpp
[8.812s] -- Installing: /home/ineogi2/ws/Biorobotics/micro_ros/install/micro_ros_msgs/include/micro_ros_msgs/msg/detail/node__type_support.cpp
[8.812s] -- Installing: /home/ineogi2/ws/Biorobotics/micro_ros/install/micro_ros_msgs/include/micro_ros_msgs/msg/detail/entity__rosidl_typesupport_introspection_cpp.hpp
[8.812s] -- Installing: /home/ineogi2/ws/Biorobotics/micro_ros/install/micro_ros_msgs/lib/libmicro_ros_msgs__rosidl_typesupport_introspection_cpp.so
[8.812s] -- Set runtime path of "/home/ineogi2/ws/Biorobotics/micro_ros/install/micro_ros_msgs/lib/libmicro_ros_msgs__rosidl_typesupport_introspection_cpp.so" to ""
[8.813s] -- Installing: /home/ineogi2/ws/Biorobotics/micro_ros/install/micro_ros_msgs/lib/libmicro_ros_msgs__rosidl_typesupport_cpp.so
[8.813s] -- Set runtime path of "/home/ineogi2/ws/Biorobotics/micro_ros/install/micro_ros_msgs/lib/libmicro_ros_msgs__rosidl_typesupport_cpp.so" to ""
[8.813s] -- Installing: /home/ineogi2/ws/Biorobotics/micro_ros/install/micro_ros_msgs/share/micro_ros_msgs/environment/pythonpath.sh
[8.813s] -- Installing: /home/ineogi2/ws/Biorobotics/micro_ros/install/micro_ros_msgs/share/micro_ros_msgs/environment/pythonpath.dsv
[8.813s] -- Installing: /home/ineogi2/ws/Biorobotics/micro_ros/install/micro_ros_msgs/lib/python3.8/site-packages/micro_ros_msgs/__init__.py
[8.839s] Compiling '/home/ineogi2/ws/Biorobotics/micro_ros/install/micro_ros_msgs/lib/python3.8/site-packages/micro_ros_msgs/__init__.py'...
[8.845s] -- Installing: /home/ineogi2/ws/Biorobotics/micro_ros/install/micro_ros_msgs/lib/python3.8/site-packages/micro_ros_msgs/msg
[8.846s] -- Installing: /home/ineogi2/ws/Biorobotics/micro_ros/install/micro_ros_msgs/lib/python3.8/site-packages/micro_ros_msgs/msg/_graph.py
[8.846s] -- Installing: /home/ineogi2/ws/Biorobotics/micro_ros/install/micro_ros_msgs/lib/python3.8/site-packages/micro_ros_msgs/msg/_node_s.c
[8.846s] -- Installing: /home/ineogi2/ws/Biorobotics/micro_ros/install/micro_ros_msgs/lib/python3.8/site-packages/micro_ros_msgs/msg/__init__.py
[8.846s] -- Installing: /home/ineogi2/ws/Biorobotics/micro_ros/install/micro_ros_msgs/lib/python3.8/site-packages/micro_ros_msgs/msg/_graph_s.c
[8.846s] -- Installing: /home/ineogi2/ws/Biorobotics/micro_ros/install/micro_ros_msgs/lib/python3.8/site-packages/micro_ros_msgs/msg/_node.py
[8.846s] -- Installing: /home/ineogi2/ws/Biorobotics/micro_ros/install/micro_ros_msgs/lib/python3.8/site-packages/micro_ros_msgs/msg/_entity.py
[8.846s] -- Installing: /home/ineogi2/ws/Biorobotics/micro_ros/install/micro_ros_msgs/lib/python3.8/site-packages/micro_ros_msgs/msg/_entity_s.c
[8.846s] -- Installing: /home/ineogi2/ws/Biorobotics/micro_ros/install/micro_ros_msgs/lib/python3.8/site-packages/micro_ros_msgs/micro_ros_msgs_s__rosidl_typesupport_microxrcedds_c.cpython-38-x86_64-linux-gnu.so
[8.846s] -- Set runtime path of "/home/ineogi2/ws/Biorobotics/micro_ros/install/micro_ros_msgs/lib/python3.8/site-packages/micro_ros_msgs/micro_ros_msgs_s__rosidl_typesupport_microxrcedds_c.cpython-38-x86_64-linux-gnu.so" to ""
[8.846s] -- Installing: /home/ineogi2/ws/Biorobotics/micro_ros/install/micro_ros_msgs/lib/python3.8/site-packages/micro_ros_msgs/micro_ros_msgs_s__rosidl_typesupport_fastrtps_c.cpython-38-x86_64-linux-gnu.so
[8.846s] -- Set runtime path of "/home/ineogi2/ws/Biorobotics/micro_ros/install/micro_ros_msgs/lib/python3.8/site-packages/micro_ros_msgs/micro_ros_msgs_s__rosidl_typesupport_fastrtps_c.cpython-38-x86_64-linux-gnu.so" to ""
[8.847s] -- Installing: /home/ineogi2/ws/Biorobotics/micro_ros/install/micro_ros_msgs/lib/python3.8/site-packages/micro_ros_msgs/micro_ros_msgs_s__rosidl_typesupport_introspection_c.cpython-38-x86_64-linux-gnu.so
[8.847s] -- Set runtime path of "/home/ineogi2/ws/Biorobotics/micro_ros/install/micro_ros_msgs/lib/python3.8/site-packages/micro_ros_msgs/micro_ros_msgs_s__rosidl_typesupport_introspection_c.cpython-38-x86_64-linux-gnu.so" to ""
[8.847s] -- Installing: /home/ineogi2/ws/Biorobotics/micro_ros/install/micro_ros_msgs/lib/python3.8/site-packages/micro_ros_msgs/micro_ros_msgs_s__rosidl_typesupport_c.cpython-38-x86_64-linux-gnu.so
[8.847s] -- Set runtime path of "/home/ineogi2/ws/Biorobotics/micro_ros/install/micro_ros_msgs/lib/python3.8/site-packages/micro_ros_msgs/micro_ros_msgs_s__rosidl_typesupport_c.cpython-38-x86_64-linux-gnu.so" to ""
[8.847s] -- Installing: /home/ineogi2/ws/Biorobotics/micro_ros/install/micro_ros_msgs/lib/libmicro_ros_msgs__python.so
[8.848s] -- Set runtime path of "/home/ineogi2/ws/Biorobotics/micro_ros/install/micro_ros_msgs/lib/libmicro_ros_msgs__python.so" to ""
[8.848s] -- Installing: /home/ineogi2/ws/Biorobotics/micro_ros/install/micro_ros_msgs/share/micro_ros_msgs/msg/Graph.idl
[8.848s] -- Installing: /home/ineogi2/ws/Biorobotics/micro_ros/install/micro_ros_msgs/share/micro_ros_msgs/msg/Node.idl
[8.848s] -- Installing: /home/ineogi2/ws/Biorobotics/micro_ros/install/micro_ros_msgs/share/micro_ros_msgs/msg/Entity.idl
[8.848s] -- Installing: /home/ineogi2/ws/Biorobotics/micro_ros/install/micro_ros_msgs/share/micro_ros_msgs/msg/Graph.msg
[8.848s] -- Installing: /home/ineogi2/ws/Biorobotics/micro_ros/install/micro_ros_msgs/share/micro_ros_msgs/msg/Node.msg
[8.849s] -- Installing: /home/ineogi2/ws/Biorobotics/micro_ros/install/micro_ros_msgs/share/micro_ros_msgs/msg/Entity.msg
[8.849s] -- Installing: /home/ineogi2/ws/Biorobotics/micro_ros/install/micro_ros_msgs/share/ament_index/resource_index/package_run_dependencies/micro_ros_msgs
[8.849s] -- Installing: /home/ineogi2/ws/Biorobotics/micro_ros/install/micro_ros_msgs/share/ament_index/resource_index/parent_prefix_path/micro_ros_msgs
[8.849s] -- Installing: /home/ineogi2/ws/Biorobotics/micro_ros/install/micro_ros_msgs/share/micro_ros_msgs/environment/ament_prefix_path.sh
[8.849s] -- Installing: /home/ineogi2/ws/Biorobotics/micro_ros/install/micro_ros_msgs/share/micro_ros_msgs/environment/ament_prefix_path.dsv
[8.849s] -- Installing: /home/ineogi2/ws/Biorobotics/micro_ros/install/micro_ros_msgs/share/micro_ros_msgs/environment/path.sh
[8.849s] -- Installing: /home/ineogi2/ws/Biorobotics/micro_ros/install/micro_ros_msgs/share/micro_ros_msgs/environment/path.dsv
[8.850s] -- Installing: /home/ineogi2/ws/Biorobotics/micro_ros/install/micro_ros_msgs/share/micro_ros_msgs/local_setup.bash
[8.850s] -- Installing: /home/ineogi2/ws/Biorobotics/micro_ros/install/micro_ros_msgs/share/micro_ros_msgs/local_setup.sh
[8.850s] -- Installing: /home/ineogi2/ws/Biorobotics/micro_ros/install/micro_ros_msgs/share/micro_ros_msgs/local_setup.zsh
[8.850s] -- Installing: /home/ineogi2/ws/Biorobotics/micro_ros/install/micro_ros_msgs/share/micro_ros_msgs/local_setup.dsv
[8.850s] -- Installing: /home/ineogi2/ws/Biorobotics/micro_ros/install/micro_ros_msgs/share/micro_ros_msgs/package.dsv
[8.850s] -- Installing: /home/ineogi2/ws/Biorobotics/micro_ros/install/micro_ros_msgs/share/ament_index/resource_index/packages/micro_ros_msgs
[8.850s] -- Installing: /home/ineogi2/ws/Biorobotics/micro_ros/install/micro_ros_msgs/share/micro_ros_msgs/cmake/micro_ros_msgs__rosidl_generator_cExport.cmake
[8.851s] -- Installing: /home/ineogi2/ws/Biorobotics/micro_ros/install/micro_ros_msgs/share/micro_ros_msgs/cmake/micro_ros_msgs__rosidl_generator_cExport-noconfig.cmake
[8.851s] -- Installing: /home/ineogi2/ws/Biorobotics/micro_ros/install/micro_ros_msgs/share/micro_ros_msgs/cmake/micro_ros_msgs__rosidl_typesupport_introspection_cExport.cmake
[8.851s] -- Installing: /home/ineogi2/ws/Biorobotics/micro_ros/install/micro_ros_msgs/share/micro_ros_msgs/cmake/micro_ros_msgs__rosidl_typesupport_introspection_cExport-noconfig.cmake
[8.851s] -- Installing: /home/ineogi2/ws/Biorobotics/micro_ros/install/micro_ros_msgs/share/micro_ros_msgs/cmake/micro_ros_msgs__rosidl_typesupport_cExport.cmake
[8.851s] -- Installing: /home/ineogi2/ws/Biorobotics/micro_ros/install/micro_ros_msgs/share/micro_ros_msgs/cmake/micro_ros_msgs__rosidl_typesupport_cExport-noconfig.cmake
[8.851s] -- Installing: /home/ineogi2/ws/Biorobotics/micro_ros/install/micro_ros_msgs/share/micro_ros_msgs/cmake/micro_ros_msgs__rosidl_generator_cppExport.cmake
[8.851s] -- Installing: /home/ineogi2/ws/Biorobotics/micro_ros/install/micro_ros_msgs/share/micro_ros_msgs/cmake/micro_ros_msgs__rosidl_typesupport_introspection_cppExport.cmake
[8.852s] -- Installing: /home/ineogi2/ws/Biorobotics/micro_ros/install/micro_ros_msgs/share/micro_ros_msgs/cmake/micro_ros_msgs__rosidl_typesupport_introspection_cppExport-noconfig.cmake
[8.852s] -- Installing: /home/ineogi2/ws/Biorobotics/micro_ros/install/micro_ros_msgs/share/micro_ros_msgs/cmake/micro_ros_msgs__rosidl_typesupport_cppExport.cmake
[8.852s] -- Installing: /home/ineogi2/ws/Biorobotics/micro_ros/install/micro_ros_msgs/share/micro_ros_msgs/cmake/micro_ros_msgs__rosidl_typesupport_cppExport-noconfig.cmake
[8.852s] -- Installing: /home/ineogi2/ws/Biorobotics/micro_ros/install/micro_ros_msgs/share/micro_ros_msgs/cmake/rosidl_cmake-extras.cmake
[8.852s] -- Installing: /home/ineogi2/ws/Biorobotics/micro_ros/install/micro_ros_msgs/share/micro_ros_msgs/cmake/ament_cmake_export_dependencies-extras.cmake
[8.852s] -- Installing: /home/ineogi2/ws/Biorobotics/micro_ros/install/micro_ros_msgs/share/micro_ros_msgs/cmake/ament_cmake_export_libraries-extras.cmake
[8.852s] -- Installing: /home/ineogi2/ws/Biorobotics/micro_ros/install/micro_ros_msgs/share/micro_ros_msgs/cmake/ament_cmake_export_targets-extras.cmake
[8.853s] -- Installing: /home/ineogi2/ws/Biorobotics/micro_ros/install/micro_ros_msgs/share/micro_ros_msgs/cmake/ament_cmake_export_include_directories-extras.cmake
[8.853s] -- Installing: /home/ineogi2/ws/Biorobotics/micro_ros/install/micro_ros_msgs/share/micro_ros_msgs/cmake/rosidl_cmake_export_typesupport_libraries-extras.cmake
[8.853s] -- Installing: /home/ineogi2/ws/Biorobotics/micro_ros/install/micro_ros_msgs/share/micro_ros_msgs/cmake/rosidl_cmake_export_typesupport_targets-extras.cmake
[8.853s] -- Installing: /home/ineogi2/ws/Biorobotics/micro_ros/install/micro_ros_msgs/share/micro_ros_msgs/cmake/micro_ros_msgsConfig.cmake
[8.853s] -- Installing: /home/ineogi2/ws/Biorobotics/micro_ros/install/micro_ros_msgs/share/micro_ros_msgs/cmake/micro_ros_msgsConfig-version.cmake
[8.853s] -- Installing: /home/ineogi2/ws/Biorobotics/micro_ros/install/micro_ros_msgs/share/micro_ros_msgs/package.xml
[8.859s] Invoked command in '/home/ineogi2/ws/Biorobotics/micro_ros/build/micro_ros_msgs' returned '0': CMAKE_PREFIX_PATH=${CMAKE_PREFIX_PATH}:/home/ineogi2/ws/Biorobotics/ros2_ws/install/ros_image:/opt/ros/foxy /usr/bin/cmake --install /home/ineogi2/ws/Biorobotics/micro_ros/build/micro_ros_msgs
