[0.333s] Invoking command in '/home/ineogi2/ros2_ws/ros_teensy': PYTHONPATH=/home/ineogi2/ros2_ws/install/ros_teensy/lib/python3.8/site-packages:${PYTHONPATH} /usr/bin/python3 setup.py egg_info --egg-base ../build/ros_teensy build --build-base /home/ineogi2/ros2_ws/build/ros_teensy/build install --prefix /home/ineogi2/ros2_ws/install/ros_teensy --record /home/ineogi2/ros2_ws/build/ros_teensy/install.log --single-version-externally-managed
[0.594s] running egg_info
[0.594s] creating ../build/ros_teensy/ros_teensy.egg-info
[0.594s] writing ../build/ros_teensy/ros_teensy.egg-info/PKG-INFO
[0.595s] writing dependency_links to ../build/ros_teensy/ros_teensy.egg-info/dependency_links.txt
[0.595s] writing entry points to ../build/ros_teensy/ros_teensy.egg-info/entry_points.txt
[0.595s] writing requirements to ../build/ros_teensy/ros_teensy.egg-info/requires.txt
[0.595s] writing top-level names to ../build/ros_teensy/ros_teensy.egg-info/top_level.txt
[0.597s] writing manifest file '../build/ros_teensy/ros_teensy.egg-info/SOURCES.txt'
[0.642s] reading manifest file '../build/ros_teensy/ros_teensy.egg-info/SOURCES.txt'
[0.643s] writing manifest file '../build/ros_teensy/ros_teensy.egg-info/SOURCES.txt'
[0.643s] running build
[0.643s] running build_py
[0.643s] creating /home/ineogi2/ros2_ws/build/ros_teensy/build
[0.643s] creating /home/ineogi2/ros2_ws/build/ros_teensy/build/lib
[0.643s] creating /home/ineogi2/ros2_ws/build/ros_teensy/build/lib/ros_teensy
[0.643s] copying ros_teensy/__init__.py -> /home/ineogi2/ros2_ws/build/ros_teensy/build/lib/ros_teensy
[0.643s] running install
[0.644s] running install_lib
[0.645s] creating /home/ineogi2/ros2_ws/install/ros_teensy/lib/python3.8/site-packages/ros_teensy
[0.645s] copying /home/ineogi2/ros2_ws/build/ros_teensy/build/lib/ros_teensy/__init__.py -> /home/ineogi2/ros2_ws/install/ros_teensy/lib/python3.8/site-packages/ros_teensy
[0.646s] byte-compiling /home/ineogi2/ros2_ws/install/ros_teensy/lib/python3.8/site-packages/ros_teensy/__init__.py to __init__.cpython-38.pyc
[0.647s] running install_data
[0.648s] creating /home/ineogi2/ros2_ws/install/ros_teensy/share/ament_index
[0.648s] creating /home/ineogi2/ros2_ws/install/ros_teensy/share/ament_index/resource_index
[0.648s] creating /home/ineogi2/ros2_ws/install/ros_teensy/share/ament_index/resource_index/packages
[0.648s] copying resource/ros_teensy -> /home/ineogi2/ros2_ws/install/ros_teensy/share/ament_index/resource_index/packages
[0.648s] copying package.xml -> /home/ineogi2/ros2_ws/install/ros_teensy/share/ros_teensy
[0.648s] running install_egg_info
[0.650s] Copying ../build/ros_teensy/ros_teensy.egg-info to /home/ineogi2/ros2_ws/install/ros_teensy/lib/python3.8/site-packages/ros_teensy-0.0.1-py3.8.egg-info
[0.651s] running install_scripts
[0.672s] writing list of installed files to '/home/ineogi2/ros2_ws/build/ros_teensy/install.log'
[0.695s] Invoked command in '/home/ineogi2/ros2_ws/ros_teensy' returned '0': PYTHONPATH=/home/ineogi2/ros2_ws/install/ros_teensy/lib/python3.8/site-packages:${PYTHONPATH} /usr/bin/python3 setup.py egg_info --egg-base ../build/ros_teensy build --build-base /home/ineogi2/ros2_ws/build/ros_teensy/build install --prefix /home/ineogi2/ros2_ws/install/ros_teensy --record /home/ineogi2/ros2_ws/build/ros_teensy/install.log --single-version-externally-managed
